./ci/test_run_all.sh
Setting specific values in env
Fallback to default values in env (if not yet set)
CCACHE_SIZE=200M
LC_ALL=C.UTF-8
CCACHE_COMPRESS=1
BASE_BUILD_DIR=/tmp/cirrus-ci-build/ci/scratch/build
UBSAN_OPTIONS=suppressions=/tmp/cirrus-ci-build/test/sanitizer_suppressions/ubsan:print_stacktrace=1:halt_on_error=1:report_error_type=1
ASAN_OPTIONS=detect_stack_use_after_return=1:check_initialization_order=1:strict_init_order=1
BASE_ROOT_DIR=/tmp/cirrus-ci-build
CCACHE_DIR=/tmp/ccache_dir
DEBIAN_FRONTEND=noninteractive
BASE_SCRATCH_DIR=/tmp/cirrus-ci-build/ci/scratch
TSAN_OPTIONS=suppressions=/tmp/cirrus-ci-build/test/sanitizer_suppressions/tsan:halt_on_error=1:log_path=/tmp/cirrus-ci-build/ci/scratch/sanitizer-output/tsan
LSAN_OPTIONS=suppressions=/tmp/cirrus-ci-build/test/sanitizer_suppressions/lsan
BITCOIN_CONFIG=-DREDUCE_EXPORTS=ON -DBUILD_UTIL_CHAINSTATE=ON -DBUILD_BITCOINKERNEL_LIB=ON
CCACHE_NOHASHDIR=1
BOOST_TEST_RANDOM=1
CCACHE_TEMPDIR=/tmp/.ccache-temp
BASE_OUTDIR=/tmp/cirrus-ci-build/ci/scratch/out/x86_64-pc-linux-gnu
PREVIOUS_RELEASES_DIR=/tmp/cirrus-ci-build/releases/x86_64-pc-linux-gnu
Running on host system without docker wrapper
Hit:1 http://security.ubuntu.com/ubuntu bionic-security InRelease
Hit:2 http://archive.ubuntu.com/ubuntu bionic InRelease
Hit:3 http://archive.ubuntu.com/ubuntu bionic-updates InRelease
Hit:4 http://archive.ubuntu.com/ubuntu bionic-backports InRelease
Reading package lists...
Reading package lists...
Building dependency tree...
Reading state information...
Skipping ca-certificates, it is already installed and upgrade is not set.
ca-certificates set to manually installed.
Skipping git, it is already installed and upgrade is not set.
Skipping procps, it is already installed and upgrade is not set.
The following additional packages will be installed:
  autoconf binfmt-support binutils binutils-common binutils-x86-64-linux-gnu
  cmake-data cpp cpp-7 dpkg-dev file g++ g++-7 gcc gcc-7 gcc-7-base lib32gcc1
  lib32stdc++6 libarchive13 libasan4 libatomic1 libbinutils libbison-dev
  libc++1-8 libc++abi1-8 libc-dev-bin libc6-dev libc6-i386 libcc1-0
  libcilkrts5 libclang-common-8-dev libclang1-8 libcurl4 libdpkg-perl libgc1c2
  libgcc-7-dev libglib2.0-0 libgomp1 libicu60 libisl19 libitm1 libjsoncpp1
  libllvm8 liblsan0 liblzo2-2 libmagic-mgc libmagic1 libmpc3 libmpdec2
  libmpfr6 libmpx2 libnorm1 libobjc-7-dev libobjc4 libpgm-5.2-0 libpipeline1
  libpopt0 libpython3-stdlib libpython3.6-minimal libpython3.6-stdlib
  libquadmath0 libreadline7 librhash0 libsigsegv2 libsodium23 libstdc++-7-dev
  libtsan0 libubsan0 libuv1 libxml2 libzmq5 linux-libc-dev llvm-8-runtime m4
  make mime-support python3-minimal python3.6 python3.6-minimal
  readline-common xz-utils
Suggested packages:
  autoconf-archive gnu-standards autoconf-doc gettext binutils-doc bison-doc
  wamerican | wordlist whois vacation distcc clang-8-doc cmake-doc ninja-build
  cpp-doc gcc-7-locales debian-keyring g++-multilib g++-7-multilib gcc-7-doc
  libstdc++6-7-dbg gcc-multilib manpages-dev flex gdb gcc-doc gcc-7-multilib
  libgcc1-dbg libgomp1-dbg libitm1-dbg libatomic1-dbg libasan4-dbg
  liblsan0-dbg libtsan0-dbg libubsan0-dbg libcilkrts5-dbg libmpx2-dbg
  libquadmath0-dbg lrzip clang glibc-doc gnupg | gnupg2 bzr libstdc++-7-doc
  libtool-doc gfortran | fortran95-compiler gcj-jdk llvm-8-doc m4-doc make-doc
  python3-doc python3-tk python3-venv python3.6-venv python3.6-doc
  readline-doc openssh-server
Recommended packages:
  llvm-8-dev python libomp-8-dev fakeroot gnupg | gnupg2
  libalgorithm-merge-perl manpages manpages-dev libfile-fcntllock-perl
  liblocale-gettext-perl libglib2.0-data shared-mime-info xdg-user-dirs
  libltdl-dev
The following NEW packages will be installed:
  autoconf automake autotools-dev binfmt-support binutils binutils-common
  binutils-x86-64-linux-gnu bison bsdmainutils build-essential ccache clang-8
  cmake cmake-data cpp cpp-7 curl dpkg-dev file g++ g++-7 gcc gcc-7 gcc-7-base
  lib32gcc1 lib32stdc++6 libarchive13 libasan4 libatomic1 libbinutils
  libbison-dev libc++-8-dev libc++1-8 libc++abi-8-dev libc++abi1-8
  libc-dev-bin libc6-dev libc6-i386 libcc1-0 libcilkrts5 libclang-common-8-dev
  libclang1-8 libcurl4 libdpkg-perl libgc1c2 libgcc-7-dev libglib2.0-0
  libgomp1 libicu60 libisl19 libitm1 libjsoncpp1 libllvm8 liblsan0 liblzo2-2
  libmagic-mgc libmagic1 libmpc3 libmpdec2 libmpfr6 libmpx2 libnorm1
  libobjc-7-dev libobjc4 libpgm-5.2-0 libpipeline1 libpopt0 libpython3-stdlib
  libpython3.6-minimal libpython3.6-stdlib libquadmath0 libreadline7 librhash0
  libsigsegv2 libsodium23 libstdc++-7-dev libtool libtsan0 libubsan0 libuv1
  libxml2 libzmq5 linux-libc-dev llvm-8 llvm-8-runtime m4 make mime-support
  pkg-config python3 python3-minimal python3-zmq python3.6 python3.6-minimal
  readline-common rsync xz-utils
0 upgraded, 97 newly installed, 0 to remove and 0 not upgraded.
Need to get 106 MB of archives.
After this operation, 486 MB of additional disk space will be used.
Get:1 http://archive.ubuntu.com/ubuntu bionic-updates/main amd64 libpython3.6-minimal amd64 3.6.9-1~18.04ubuntu1.8 [533 kB]
Get:2 http://archive.ubuntu.com/ubuntu bionic-updates/main amd64 python3.6-minimal amd64 3.6.9-1~18.04ubuntu1.8 [1611 kB]
Get:3 http://archive.ubuntu.com/ubuntu bionic-updates/main amd64 python3-minimal amd64 3.6.7-1~18.04 [23.7 kB]
Get:4 http://archive.ubuntu.com/ubuntu bionic/main amd64 mime-support all 3.60ubuntu1 [30.1 kB]
Get:5 http://archive.ubuntu.com/ubuntu bionic/main amd64 libmpdec2 amd64 2.4.2-1ubuntu1 [84.1 kB]
Get:6 http://archive.ubuntu.com/ubuntu bionic/main amd64 readline-common all 7.0-3 [52.9 kB]
Get:7 http://archive.ubuntu.com/ubuntu bionic/main amd64 libreadline7 amd64 7.0-3 [124 kB]
Get:8 http://archive.ubuntu.com/ubuntu bionic-updates/main amd64 libpython3.6-stdlib amd64 3.6.9-1~18.04ubuntu1.8 [1711 kB]
Get:9 http://archive.ubuntu.com/ubuntu bionic-updates/main amd64 python3.6 amd64 3.6.9-1~18.04ubuntu1.8 [203 kB]
Get:10 http://archive.ubuntu.com/ubuntu bionic-updates/main amd64 libpython3-stdlib amd64 3.6.7-1~18.04 [7240 B]
Get:11 http://archive.ubuntu.com/ubuntu bionic-updates/main amd64 python3 amd64 3.6.7-1~18.04 [47.2 kB]
Get:12 http://archive.ubuntu.com/ubuntu bionic/main amd64 liblzo2-2 amd64 2.08-1.2 [48.7 kB]
Get:13 http://archive.ubuntu.com/ubuntu bionic-updates/main amd64 libmagic-mgc amd64 1:5.32-2ubuntu0.4 [184 kB]
Get:14 http://archive.ubuntu.com/ubuntu bionic-updates/main amd64 libmagic1 amd64 1:5.32-2ubuntu0.4 [68.6 kB]
Get:15 http://archive.ubuntu.com/ubuntu bionic-updates/main amd64 file amd64 1:5.32-2ubuntu0.4 [22.1 kB]
Get:16 http://archive.ubuntu.com/ubuntu bionic-updates/main amd64 libglib2.0-0 amd64 2.56.4-0ubuntu0.18.04.9 [1169 kB]
Get:17 http://archive.ubuntu.com/ubuntu bionic-updates/main amd64 libicu60 amd64 60.2-3ubuntu3.2 [8050 kB]
Get:18 http://archive.ubuntu.com/ubuntu bionic/main amd64 libpopt0 amd64 1.16-11 [26.2 kB]
Get:19 http://archive.ubuntu.com/ubuntu bionic-updates/main amd64 libxml2 amd64 2.9.4+dfsg1-6.1ubuntu1.7 [663 kB]
Get:20 http://archive.ubuntu.com/ubuntu bionic-updates/main amd64 xz-utils amd64 5.2.2-1.3ubuntu0.1 [83.8 kB]
Get:21 http://archive.ubuntu.com/ubuntu bionic/main amd64 bsdmainutils amd64 11.1.2ubuntu1 [181 kB]
Get:22 http://archive.ubuntu.com/ubuntu bionic/main amd64 libpipeline1 amd64 1.5.0-1 [25.3 kB]
Get:23 http://archive.ubuntu.com/ubuntu bionic-updates/main amd64 rsync amd64 3.1.2-2.1ubuntu1.5 [335 kB]
Get:24 http://archive.ubuntu.com/ubuntu bionic/main amd64 libsigsegv2 amd64 2.12-1 [14.7 kB]
Get:25 http://archive.ubuntu.com/ubuntu bionic/main amd64 m4 amd64 1.4.18-1 [197 kB]
Get:26 http://archive.ubuntu.com/ubuntu bionic/main amd64 autoconf all 2.69-11 [322 kB]
Get:27 http://archive.ubuntu.com/ubuntu bionic/main amd64 autotools-dev all 20180224.1 [39.6 kB]
Get:28 http://archive.ubuntu.com/ubuntu bionic/main amd64 automake all 1:1.15.1-3ubuntu2 [509 kB]
Get:29 http://archive.ubuntu.com/ubuntu bionic/main amd64 binfmt-support amd64 2.1.8-2 [51.6 kB]
Get:30 http://archive.ubuntu.com/ubuntu bionic-updates/main amd64 binutils-common amd64 2.30-21ubuntu1~18.04.7 [197 kB]
Get:31 http://archive.ubuntu.com/ubuntu bionic-updates/main amd64 libbinutils amd64 2.30-21ubuntu1~18.04.7 [489 kB]
Get:32 http://archive.ubuntu.com/ubuntu bionic-updates/main amd64 binutils-x86-64-linux-gnu amd64 2.30-21ubuntu1~18.04.7 [1839 kB]
Get:33 http://archive.ubuntu.com/ubuntu bionic-updates/main amd64 binutils amd64 2.30-21ubuntu1~18.04.7 [3388 B]
Get:34 http://archive.ubuntu.com/ubuntu bionic/main amd64 libbison-dev amd64 2:3.0.4.dfsg-1build1 [339 kB]
Get:35 http://archive.ubuntu.com/ubuntu bionic/main amd64 bison amd64 2:3.0.4.dfsg-1build1 [266 kB]
Get:36 http://archive.ubuntu.com/ubuntu bionic-updates/main amd64 libc-dev-bin amd64 2.27-3ubuntu1.6 [71.9 kB]
Get:37 http://archive.ubuntu.com/ubuntu bionic-updates/main amd64 linux-libc-dev amd64 4.15.0-197.208 [997 kB]
Get:38 http://archive.ubuntu.com/ubuntu bionic-updates/main amd64 libc6-dev amd64 2.27-3ubuntu1.6 [2587 kB]
Get:39 http://archive.ubuntu.com/ubuntu bionic-updates/main amd64 gcc-7-base amd64 7.5.0-3ubuntu1~18.04 [18.3 kB]
Get:40 http://archive.ubuntu.com/ubuntu bionic/main amd64 libisl19 amd64 0.19-1 [551 kB]
Get:41 http://archive.ubuntu.com/ubuntu bionic/main amd64 libmpfr6 amd64 4.0.1-1 [243 kB]
Get:42 http://archive.ubuntu.com/ubuntu bionic/main amd64 libmpc3 amd64 1.1.0-1 [40.8 kB]
Get:43 http://archive.ubuntu.com/ubuntu bionic-updates/main amd64 cpp-7 amd64 7.5.0-3ubuntu1~18.04 [8591 kB]
Get:44 http://archive.ubuntu.com/ubuntu bionic-updates/main amd64 cpp amd64 4:7.4.0-1ubuntu2.3 [27.7 kB]
Get:45 http://archive.ubuntu.com/ubuntu bionic-updates/main amd64 libcc1-0 amd64 8.4.0-1ubuntu1~18.04 [39.4 kB]
Get:46 http://archive.ubuntu.com/ubuntu bionic-updates/main amd64 libgomp1 amd64 8.4.0-1ubuntu1~18.04 [76.5 kB]
Get:47 http://archive.ubuntu.com/ubuntu bionic-updates/main amd64 libitm1 amd64 8.4.0-1ubuntu1~18.04 [27.9 kB]
Get:48 http://archive.ubuntu.com/ubuntu bionic-updates/main amd64 libatomic1 amd64 8.4.0-1ubuntu1~18.04 [9192 B]
Get:49 http://archive.ubuntu.com/ubuntu bionic-updates/main amd64 libasan4 amd64 7.5.0-3ubuntu1~18.04 [358 kB]
Get:50 http://archive.ubuntu.com/ubuntu bionic-updates/main amd64 liblsan0 amd64 8.4.0-1ubuntu1~18.04 [133 kB]
Get:51 http://archive.ubuntu.com/ubuntu bionic-updates/main amd64 libtsan0 amd64 8.4.0-1ubuntu1~18.04 [288 kB]
Get:52 http://archive.ubuntu.com/ubuntu bionic-updates/main amd64 libubsan0 amd64 7.5.0-3ubuntu1~18.04 [126 kB]
Get:53 http://archive.ubuntu.com/ubuntu bionic-updates/main amd64 libcilkrts5 amd64 7.5.0-3ubuntu1~18.04 [42.5 kB]
Get:54 http://archive.ubuntu.com/ubuntu bionic-updates/main amd64 libmpx2 amd64 8.4.0-1ubuntu1~18.04 [11.6 kB]
Get:55 http://archive.ubuntu.com/ubuntu bionic-updates/main amd64 libquadmath0 amd64 8.4.0-1ubuntu1~18.04 [134 kB]
Get:56 http://archive.ubuntu.com/ubuntu bionic-updates/main amd64 libgcc-7-dev amd64 7.5.0-3ubuntu1~18.04 [2378 kB]
Get:57 http://archive.ubuntu.com/ubuntu bionic-updates/main amd64 gcc-7 amd64 7.5.0-3ubuntu1~18.04 [9381 kB]
Get:58 http://archive.ubuntu.com/ubuntu bionic-updates/main amd64 gcc amd64 4:7.4.0-1ubuntu2.3 [5184 B]
Get:59 http://archive.ubuntu.com/ubuntu bionic-updates/main amd64 libstdc++-7-dev amd64 7.5.0-3ubuntu1~18.04 [1471 kB]
Get:60 http://archive.ubuntu.com/ubuntu bionic-updates/main amd64 g++-7 amd64 7.5.0-3ubuntu1~18.04 [9697 kB]
Get:61 http://archive.ubuntu.com/ubuntu bionic-updates/main amd64 g++ amd64 4:7.4.0-1ubuntu2.3 [1568 B]
Get:62 http://archive.ubuntu.com/ubuntu bionic/main amd64 make amd64 4.1-9.1ubuntu1 [154 kB]
Get:63 http://archive.ubuntu.com/ubuntu bionic-updates/main amd64 libdpkg-perl all 1.19.0.5ubuntu2.4 [212 kB]
Get:64 http://archive.ubuntu.com/ubuntu bionic-updates/main amd64 dpkg-dev all 1.19.0.5ubuntu2.4 [607 kB]
Get:65 http://archive.ubuntu.com/ubuntu bionic/main amd64 build-essential amd64 12.4ubuntu1 [4758 B]
Get:66 http://archive.ubuntu.com/ubuntu bionic/main amd64 ccache amd64 3.4.1-1 [110 kB]
Get:67 http://archive.ubuntu.com/ubuntu bionic-updates/main amd64 libllvm8 amd64 1:8-3~ubuntu18.04.2 [13.6 MB]
Get:68 http://archive.ubuntu.com/ubuntu bionic/main amd64 libgc1c2 amd64 1:7.4.2-8ubuntu1 [81.8 kB]
Get:69 http://archive.ubuntu.com/ubuntu bionic-updates/main amd64 libobjc4 amd64 8.4.0-1ubuntu1~18.04 [52.6 kB]
Get:70 http://archive.ubuntu.com/ubuntu bionic-updates/main amd64 libobjc-7-dev amd64 7.5.0-3ubuntu1~18.04 [206 kB]
Get:71 http://archive.ubuntu.com/ubuntu bionic-updates/main amd64 libc6-i386 amd64 2.27-3ubuntu1.6 [2651 kB]
Get:72 http://archive.ubuntu.com/ubuntu bionic-updates/main amd64 lib32gcc1 amd64 1:8.4.0-1ubuntu1~18.04 [48.1 kB]
Get:73 http://archive.ubuntu.com/ubuntu bionic-updates/main amd64 lib32stdc++6 amd64 8.4.0-1ubuntu1~18.04 [415 kB]
Get:74 http://archive.ubuntu.com/ubuntu bionic-updates/universe amd64 libclang-common-8-dev amd64 1:8-3~ubuntu18.04.2 [3802 kB]
Get:75 http://archive.ubuntu.com/ubuntu bionic-updates/universe amd64 libclang1-8 amd64 1:8-3~ubuntu18.04.2 [6225 kB]
Get:76 http://archive.ubuntu.com/ubuntu bionic-updates/universe amd64 clang-8 amd64 1:8-3~ubuntu18.04.2 [7940 kB]
Get:77 http://archive.ubuntu.com/ubuntu bionic-updates/main amd64 cmake-data all 3.10.2-1ubuntu2.18.04.2 [1332 kB]
Get:78 http://archive.ubuntu.com/ubuntu bionic-updates/main amd64 libarchive13 amd64 3.2.2-3.1ubuntu0.7 [288 kB]
Get:79 http://archive.ubuntu.com/ubuntu bionic-updates/main amd64 libcurl4 amd64 7.58.0-2ubuntu3.21 [220 kB]
Get:80 http://archive.ubuntu.com/ubuntu bionic/main amd64 libjsoncpp1 amd64 1.7.4-3 [73.6 kB]
Get:81 http://archive.ubuntu.com/ubuntu bionic/main amd64 librhash0 amd64 1.3.6-2 [78.1 kB]
Get:82 http://archive.ubuntu.com/ubuntu bionic/main amd64 libuv1 amd64 1.18.0-3 [64.4 kB]
Get:83 http://archive.ubuntu.com/ubuntu bionic-updates/main amd64 cmake amd64 3.10.2-1ubuntu2.18.04.2 [3152 kB]
Get:84 http://archive.ubuntu.com/ubuntu bionic-updates/main amd64 curl amd64 7.58.0-2ubuntu3.21 [159 kB]
Get:85 http://archive.ubuntu.com/ubuntu bionic-updates/universe amd64 libc++abi1-8 amd64 1:8-3~ubuntu18.04.2 [211 kB]
Get:86 http://archive.ubuntu.com/ubuntu bionic-updates/universe amd64 libc++1-8 amd64 1:8-3~ubuntu18.04.2 [789 kB]
Get:87 http://archive.ubuntu.com/ubuntu bionic-updates/universe amd64 libc++-8-dev amd64 1:8-3~ubuntu18.04.2 [623 kB]
Get:88 http://archive.ubuntu.com/ubuntu bionic-updates/universe amd64 libc++abi-8-dev amd64 1:8-3~ubuntu18.04.2 [74.7 kB]
Get:89 http://archive.ubuntu.com/ubuntu bionic/universe amd64 libnorm1 amd64 1.5r6+dfsg1-6 [224 kB]
Get:90 http://archive.ubuntu.com/ubuntu bionic/universe amd64 libpgm-5.2-0 amd64 5.2.122~dfsg-2 [157 kB]
Get:91 http://archive.ubuntu.com/ubuntu bionic/main amd64 libsodium23 amd64 1.0.16-2 [143 kB]
Get:92 http://archive.ubuntu.com/ubuntu bionic/main amd64 libtool all 2.4.6-2 [194 kB]
Get:93 http://archive.ubuntu.com/ubuntu bionic-updates/universe amd64 libzmq5 amd64 4.2.5-1ubuntu0.2 [221 kB]
Get:94 http://archive.ubuntu.com/ubuntu bionic-updates/universe amd64 llvm-8-runtime amd64 1:8-3~ubuntu18.04.2 [166 kB]
Get:95 http://archive.ubuntu.com/ubuntu bionic-updates/universe amd64 llvm-8 amd64 1:8-3~ubuntu18.04.2 [4585 kB]
Get:96 http://archive.ubuntu.com/ubuntu bionic/main amd64 pkg-config amd64 0.29.1-0ubuntu2 [45.0 kB]
Get:97 http://archive.ubuntu.com/ubuntu bionic/universe amd64 python3-zmq amd64 16.0.2-2build2 [239 kB]
debconf: delaying package configuration, since apt-utils is not installed
Fetched 106 MB in 5s (19.5 MB/s)
Selecting previously unselected package libpython3.6-minimal:amd64.
(Reading database ... (Reading database ... 5%(Reading database ... 10%(Reading database ... 15%(Reading database ... 20%(Reading database ... 25%(Reading database ... 30%(Reading database ... 35%(Reading database ... 40%(Reading database ... 45%(Reading database ... 50%(Reading database ... 55%(Reading database ... 60%(Reading database ... 65%(Reading database ... 70%(Reading database ... 75%(Reading database ... 80%(Reading database ... 85%(Reading database ... 90%(Reading database ... 95%(Reading database ... 100%(Reading database ... 7800 files and directories currently installed.)
Preparing to unpack .../libpython3.6-minimal_3.6.9-1~18.04ubuntu1.8_amd64.deb ...
Unpacking libpython3.6-minimal:amd64 (3.6.9-1~18.04ubuntu1.8) ...
Selecting previously unselected package python3.6-minimal.
Preparing to unpack .../python3.6-minimal_3.6.9-1~18.04ubuntu1.8_amd64.deb ...
Unpacking python3.6-minimal (3.6.9-1~18.04ubuntu1.8) ...
Setting up libpython3.6-minimal:amd64 (3.6.9-1~18.04ubuntu1.8) ...
Setting up python3.6-minimal (3.6.9-1~18.04ubuntu1.8) ...
Selecting previously unselected package python3-minimal.
(Reading database ... (Reading database ... 5%(Reading database ... 10%(Reading database ... 15%(Reading database ... 20%(Reading database ... 25%(Reading database ... 30%(Reading database ... 35%(Reading database ... 40%(Reading database ... 45%(Reading database ... 50%(Reading database ... 55%(Reading database ... 60%(Reading database ... 65%(Reading database ... 70%(Reading database ... 75%(Reading database ... 80%(Reading database ... 85%(Reading database ... 90%(Reading database ... 95%(Reading database ... 100%(Reading database ... 8039 files and directories currently installed.)
Preparing to unpack .../0-python3-minimal_3.6.7-1~18.04_amd64.deb ...
Unpacking python3-minimal (3.6.7-1~18.04) ...
Selecting previously unselected package mime-support.
Preparing to unpack .../1-mime-support_3.60ubuntu1_all.deb ...
Unpacking mime-support (3.60ubuntu1) ...
Selecting previously unselected package libmpdec2:amd64.
Preparing to unpack .../2-libmpdec2_2.4.2-1ubuntu1_amd64.deb ...
Unpacking libmpdec2:amd64 (2.4.2-1ubuntu1) ...
Selecting previously unselected package readline-common.
Preparing to unpack .../3-readline-common_7.0-3_all.deb ...
Unpacking readline-common (7.0-3) ...
Selecting previously unselected package libreadline7:amd64.
Preparing to unpack .../4-libreadline7_7.0-3_amd64.deb ...
Unpacking libreadline7:amd64 (7.0-3) ...
Selecting previously unselected package libpython3.6-stdlib:amd64.
Preparing to unpack .../5-libpython3.6-stdlib_3.6.9-1~18.04ubuntu1.8_amd64.deb ...
Unpacking libpython3.6-stdlib:amd64 (3.6.9-1~18.04ubuntu1.8) ...
Selecting previously unselected package python3.6.
Preparing to unpack .../6-python3.6_3.6.9-1~18.04ubuntu1.8_amd64.deb ...
Unpacking python3.6 (3.6.9-1~18.04ubuntu1.8) ...
Selecting previously unselected package libpython3-stdlib:amd64.
Preparing to unpack .../7-libpython3-stdlib_3.6.7-1~18.04_amd64.deb ...
Unpacking libpython3-stdlib:amd64 (3.6.7-1~18.04) ...
Setting up python3-minimal (3.6.7-1~18.04) ...
Selecting previously unselected package python3.
(Reading database ... (Reading database ... 5%(Reading database ... 10%(Reading database ... 15%(Reading database ... 20%(Reading database ... 25%(Reading database ... 30%(Reading database ... 35%(Reading database ... 40%(Reading database ... 45%(Reading database ... 50%(Reading database ... 55%(Reading database ... 60%(Reading database ... 65%(Reading database ... 70%(Reading database ... 75%(Reading database ... 80%(Reading database ... 85%(Reading database ... 90%(Reading database ... 95%(Reading database ... 100%(Reading database ... 8491 files and directories currently installed.)
Preparing to unpack .../00-python3_3.6.7-1~18.04_amd64.deb ...
Unpacking python3 (3.6.7-1~18.04) ...
Selecting previously unselected package liblzo2-2:amd64.
Preparing to unpack .../01-liblzo2-2_2.08-1.2_amd64.deb ...
Unpacking liblzo2-2:amd64 (2.08-1.2) ...
Selecting previously unselected package libmagic-mgc.
Preparing to unpack .../02-libmagic-mgc_1%3a5.32-2ubuntu0.4_amd64.deb ...
Unpacking libmagic-mgc (1:5.32-2ubuntu0.4) ...
Selecting previously unselected package libmagic1:amd64.
Preparing to unpack .../03-libmagic1_1%3a5.32-2ubuntu0.4_amd64.deb ...
Unpacking libmagic1:amd64 (1:5.32-2ubuntu0.4) ...
Selecting previously unselected package file.
Preparing to unpack .../04-file_1%3a5.32-2ubuntu0.4_amd64.deb ...
Unpacking file (1:5.32-2ubuntu0.4) ...
Selecting previously unselected package libglib2.0-0:amd64.
Preparing to unpack .../05-libglib2.0-0_2.56.4-0ubuntu0.18.04.9_amd64.deb ...
Unpacking libglib2.0-0:amd64 (2.56.4-0ubuntu0.18.04.9) ...
Selecting previously unselected package libicu60:amd64.
Preparing to unpack .../06-libicu60_60.2-3ubuntu3.2_amd64.deb ...
Unpacking libicu60:amd64 (60.2-3ubuntu3.2) ...
Selecting previously unselected package libpopt0:amd64.
Preparing to unpack .../07-libpopt0_1.16-11_amd64.deb ...
Unpacking libpopt0:amd64 (1.16-11) ...
Selecting previously unselected package libxml2:amd64.
Preparing to unpack .../08-libxml2_2.9.4+dfsg1-6.1ubuntu1.7_amd64.deb ...
Unpacking libxml2:amd64 (2.9.4+dfsg1-6.1ubuntu1.7) ...
Selecting previously unselected package xz-utils.
Preparing to unpack .../09-xz-utils_5.2.2-1.3ubuntu0.1_amd64.deb ...
Unpacking xz-utils (5.2.2-1.3ubuntu0.1) ...
Selecting previously unselected package bsdmainutils.
Preparing to unpack .../10-bsdmainutils_11.1.2ubuntu1_amd64.deb ...
Unpacking bsdmainutils (11.1.2ubuntu1) ...
Selecting previously unselected package libpipeline1:amd64.
Preparing to unpack .../11-libpipeline1_1.5.0-1_amd64.deb ...
Unpacking libpipeline1:amd64 (1.5.0-1) ...
Selecting previously unselected package rsync.
Preparing to unpack .../12-rsync_3.1.2-2.1ubuntu1.5_amd64.deb ...
Unpacking rsync (3.1.2-2.1ubuntu1.5) ...
Selecting previously unselected package libsigsegv2:amd64.
Preparing to unpack .../13-libsigsegv2_2.12-1_amd64.deb ...
Unpacking libsigsegv2:amd64 (2.12-1) ...
Selecting previously unselected package m4.
Preparing to unpack .../14-m4_1.4.18-1_amd64.deb ...
Unpacking m4 (1.4.18-1) ...
Selecting previously unselected package autoconf.
Preparing to unpack .../15-autoconf_2.69-11_all.deb ...
Unpacking autoconf (2.69-11) ...
Selecting previously unselected package autotools-dev.
Preparing to unpack .../16-autotools-dev_20180224.1_all.deb ...
Unpacking autotools-dev (20180224.1) ...
Selecting previously unselected package automake.
Preparing to unpack .../17-automake_1%3a1.15.1-3ubuntu2_all.deb ...
Unpacking automake (1:1.15.1-3ubuntu2) ...
Selecting previously unselected package binfmt-support.
Preparing to unpack .../18-binfmt-support_2.1.8-2_amd64.deb ...
Unpacking binfmt-support (2.1.8-2) ...
Selecting previously unselected package binutils-common:amd64.
Preparing to unpack .../19-binutils-common_2.30-21ubuntu1~18.04.7_amd64.deb ...
Unpacking binutils-common:amd64 (2.30-21ubuntu1~18.04.7) ...
Selecting previously unselected package libbinutils:amd64.
Preparing to unpack .../20-libbinutils_2.30-21ubuntu1~18.04.7_amd64.deb ...
Unpacking libbinutils:amd64 (2.30-21ubuntu1~18.04.7) ...
Selecting previously unselected package binutils-x86-64-linux-gnu.
Preparing to unpack .../21-binutils-x86-64-linux-gnu_2.30-21ubuntu1~18.04.7_amd64.deb ...
Unpacking binutils-x86-64-linux-gnu (2.30-21ubuntu1~18.04.7) ...
Selecting previously unselected package binutils.
Preparing to unpack .../22-binutils_2.30-21ubuntu1~18.04.7_amd64.deb ...
Unpacking binutils (2.30-21ubuntu1~18.04.7) ...
Selecting previously unselected package libbison-dev:amd64.
Preparing to unpack .../23-libbison-dev_2%3a3.0.4.dfsg-1build1_amd64.deb ...
Unpacking libbison-dev:amd64 (2:3.0.4.dfsg-1build1) ...
Selecting previously unselected package bison.
Preparing to unpack .../24-bison_2%3a3.0.4.dfsg-1build1_amd64.deb ...
Unpacking bison (2:3.0.4.dfsg-1build1) ...
Selecting previously unselected package libc-dev-bin.
Preparing to unpack .../25-libc-dev-bin_2.27-3ubuntu1.6_amd64.deb ...
Unpacking libc-dev-bin (2.27-3ubuntu1.6) ...
Selecting previously unselected package linux-libc-dev:amd64.
Preparing to unpack .../26-linux-libc-dev_4.15.0-197.208_amd64.deb ...
Unpacking linux-libc-dev:amd64 (4.15.0-197.208) ...
Selecting previously unselected package libc6-dev:amd64.
Preparing to unpack .../27-libc6-dev_2.27-3ubuntu1.6_amd64.deb ...
Unpacking libc6-dev:amd64 (2.27-3ubuntu1.6) ...
Selecting previously unselected package gcc-7-base:amd64.
Preparing to unpack .../28-gcc-7-base_7.5.0-3ubuntu1~18.04_amd64.deb ...
Unpacking gcc-7-base:amd64 (7.5.0-3ubuntu1~18.04) ...
Selecting previously unselected package libisl19:amd64.
Preparing to unpack .../29-libisl19_0.19-1_amd64.deb ...
Unpacking libisl19:amd64 (0.19-1) ...
Selecting previously unselected package libmpfr6:amd64.
Preparing to unpack .../30-libmpfr6_4.0.1-1_amd64.deb ...
Unpacking libmpfr6:amd64 (4.0.1-1) ...
Selecting previously unselected package libmpc3:amd64.
Preparing to unpack .../31-libmpc3_1.1.0-1_amd64.deb ...
Unpacking libmpc3:amd64 (1.1.0-1) ...
Selecting previously unselected package cpp-7.
Preparing to unpack .../32-cpp-7_7.5.0-3ubuntu1~18.04_amd64.deb ...
Unpacking cpp-7 (7.5.0-3ubuntu1~18.04) ...
Selecting previously unselected package cpp.
Preparing to unpack .../33-cpp_4%3a7.4.0-1ubuntu2.3_amd64.deb ...
Unpacking cpp (4:7.4.0-1ubuntu2.3) ...
Selecting previously unselected package libcc1-0:amd64.
Preparing to unpack .../34-libcc1-0_8.4.0-1ubuntu1~18.04_amd64.deb ...
Unpacking libcc1-0:amd64 (8.4.0-1ubuntu1~18.04) ...
Selecting previously unselected package libgomp1:amd64.
Preparing to unpack .../35-libgomp1_8.4.0-1ubuntu1~18.04_amd64.deb ...
Unpacking libgomp1:amd64 (8.4.0-1ubuntu1~18.04) ...
Selecting previously unselected package libitm1:amd64.
Preparing to unpack .../36-libitm1_8.4.0-1ubuntu1~18.04_amd64.deb ...
Unpacking libitm1:amd64 (8.4.0-1ubuntu1~18.04) ...
Selecting previously unselected package libatomic1:amd64.
Preparing to unpack .../37-libatomic1_8.4.0-1ubuntu1~18.04_amd64.deb ...
Unpacking libatomic1:amd64 (8.4.0-1ubuntu1~18.04) ...
Selecting previously unselected package libasan4:amd64.
Preparing to unpack .../38-libasan4_7.5.0-3ubuntu1~18.04_amd64.deb ...
Unpacking libasan4:amd64 (7.5.0-3ubuntu1~18.04) ...
Selecting previously unselected package liblsan0:amd64.
Preparing to unpack .../39-liblsan0_8.4.0-1ubuntu1~18.04_amd64.deb ...
Unpacking liblsan0:amd64 (8.4.0-1ubuntu1~18.04) ...
Selecting previously unselected package libtsan0:amd64.
Preparing to unpack .../40-libtsan0_8.4.0-1ubuntu1~18.04_amd64.deb ...
Unpacking libtsan0:amd64 (8.4.0-1ubuntu1~18.04) ...
Selecting previously unselected package libubsan0:amd64.
Preparing to unpack .../41-libubsan0_7.5.0-3ubuntu1~18.04_amd64.deb ...
Unpacking libubsan0:amd64 (7.5.0-3ubuntu1~18.04) ...
Selecting previously unselected package libcilkrts5:amd64.
Preparing to unpack .../42-libcilkrts5_7.5.0-3ubuntu1~18.04_amd64.deb ...
Unpacking libcilkrts5:amd64 (7.5.0-3ubuntu1~18.04) ...
Selecting previously unselected package libmpx2:amd64.
Preparing to unpack .../43-libmpx2_8.4.0-1ubuntu1~18.04_amd64.deb ...
Unpacking libmpx2:amd64 (8.4.0-1ubuntu1~18.04) ...
Selecting previously unselected package libquadmath0:amd64.
Preparing to unpack .../44-libquadmath0_8.4.0-1ubuntu1~18.04_amd64.deb ...
Unpacking libquadmath0:amd64 (8.4.0-1ubuntu1~18.04) ...
Selecting previously unselected package libgcc-7-dev:amd64.
Preparing to unpack .../45-libgcc-7-dev_7.5.0-3ubuntu1~18.04_amd64.deb ...
Unpacking libgcc-7-dev:amd64 (7.5.0-3ubuntu1~18.04) ...
Selecting previously unselected package gcc-7.
Preparing to unpack .../46-gcc-7_7.5.0-3ubuntu1~18.04_amd64.deb ...
Unpacking gcc-7 (7.5.0-3ubuntu1~18.04) ...
Selecting previously unselected package gcc.
Preparing to unpack .../47-gcc_4%3a7.4.0-1ubuntu2.3_amd64.deb ...
Unpacking gcc (4:7.4.0-1ubuntu2.3) ...
Selecting previously unselected package libstdc++-7-dev:amd64.
Preparing to unpack .../48-libstdc++-7-dev_7.5.0-3ubuntu1~18.04_amd64.deb ...
Unpacking libstdc++-7-dev:amd64 (7.5.0-3ubuntu1~18.04) ...
Selecting previously unselected package g++-7.
Preparing to unpack .../49-g++-7_7.5.0-3ubuntu1~18.04_amd64.deb ...
Unpacking g++-7 (7.5.0-3ubuntu1~18.04) ...
Selecting previously unselected package g++.
Preparing to unpack .../50-g++_4%3a7.4.0-1ubuntu2.3_amd64.deb ...
Unpacking g++ (4:7.4.0-1ubuntu2.3) ...
Selecting previously unselected package make.
Preparing to unpack .../51-make_4.1-9.1ubuntu1_amd64.deb ...
Unpacking make (4.1-9.1ubuntu1) ...
Selecting previously unselected package libdpkg-perl.
Preparing to unpack .../52-libdpkg-perl_1.19.0.5ubuntu2.4_all.deb ...
Unpacking libdpkg-perl (1.19.0.5ubuntu2.4) ...
Selecting previously unselected package dpkg-dev.
Preparing to unpack .../53-dpkg-dev_1.19.0.5ubuntu2.4_all.deb ...
Unpacking dpkg-dev (1.19.0.5ubuntu2.4) ...
Selecting previously unselected package build-essential.
Preparing to unpack .../54-build-essential_12.4ubuntu1_amd64.deb ...
Unpacking build-essential (12.4ubuntu1) ...
Selecting previously unselected package ccache.
Preparing to unpack .../55-ccache_3.4.1-1_amd64.deb ...
Unpacking ccache (3.4.1-1) ...
Selecting previously unselected package libllvm8:amd64.
Preparing to unpack .../56-libllvm8_1%3a8-3~ubuntu18.04.2_amd64.deb ...
Unpacking libllvm8:amd64 (1:8-3~ubuntu18.04.2) ...
Selecting previously unselected package libgc1c2:amd64.
Preparing to unpack .../57-libgc1c2_1%3a7.4.2-8ubuntu1_amd64.deb ...
Unpacking libgc1c2:amd64 (1:7.4.2-8ubuntu1) ...
Selecting previously unselected package libobjc4:amd64.
Preparing to unpack .../58-libobjc4_8.4.0-1ubuntu1~18.04_amd64.deb ...
Unpacking libobjc4:amd64 (8.4.0-1ubuntu1~18.04) ...
Selecting previously unselected package libobjc-7-dev:amd64.
Preparing to unpack .../59-libobjc-7-dev_7.5.0-3ubuntu1~18.04_amd64.deb ...
Unpacking libobjc-7-dev:amd64 (7.5.0-3ubuntu1~18.04) ...
Selecting previously unselected package libc6-i386.
Preparing to unpack .../60-libc6-i386_2.27-3ubuntu1.6_amd64.deb ...
Unpacking libc6-i386 (2.27-3ubuntu1.6) ...
Selecting previously unselected package lib32gcc1.
Preparing to unpack .../61-lib32gcc1_1%3a8.4.0-1ubuntu1~18.04_amd64.deb ...
Unpacking lib32gcc1 (1:8.4.0-1ubuntu1~18.04) ...
Selecting previously unselected package lib32stdc++6.
Preparing to unpack .../62-lib32stdc++6_8.4.0-1ubuntu1~18.04_amd64.deb ...
Unpacking lib32stdc++6 (8.4.0-1ubuntu1~18.04) ...
Selecting previously unselected package libclang-common-8-dev.
Preparing to unpack .../63-libclang-common-8-dev_1%3a8-3~ubuntu18.04.2_amd64.deb ...
Unpacking libclang-common-8-dev (1:8-3~ubuntu18.04.2) ...
Selecting previously unselected package libclang1-8.
Preparing to unpack .../64-libclang1-8_1%3a8-3~ubuntu18.04.2_amd64.deb ...
Unpacking libclang1-8 (1:8-3~ubuntu18.04.2) ...
Selecting previously unselected package clang-8.
Preparing to unpack .../65-clang-8_1%3a8-3~ubuntu18.04.2_amd64.deb ...
Unpacking clang-8 (1:8-3~ubuntu18.04.2) ...
Selecting previously unselected package cmake-data.
Preparing to unpack .../66-cmake-data_3.10.2-1ubuntu2.18.04.2_all.deb ...
Unpacking cmake-data (3.10.2-1ubuntu2.18.04.2) ...
Selecting previously unselected package libarchive13:amd64.
Preparing to unpack .../67-libarchive13_3.2.2-3.1ubuntu0.7_amd64.deb ...
Unpacking libarchive13:amd64 (3.2.2-3.1ubuntu0.7) ...
Selecting previously unselected package libcurl4:amd64.
Preparing to unpack .../68-libcurl4_7.58.0-2ubuntu3.21_amd64.deb ...
Unpacking libcurl4:amd64 (7.58.0-2ubuntu3.21) ...
Selecting previously unselected package libjsoncpp1:amd64.
Preparing to unpack .../69-libjsoncpp1_1.7.4-3_amd64.deb ...
Unpacking libjsoncpp1:amd64 (1.7.4-3) ...
Selecting previously unselected package librhash0:amd64.
Preparing to unpack .../70-librhash0_1.3.6-2_amd64.deb ...
Unpacking librhash0:amd64 (1.3.6-2) ...
Selecting previously unselected package libuv1:amd64.
Preparing to unpack .../71-libuv1_1.18.0-3_amd64.deb ...
Unpacking libuv1:amd64 (1.18.0-3) ...
Selecting previously unselected package cmake.
Preparing to unpack .../72-cmake_3.10.2-1ubuntu2.18.04.2_amd64.deb ...
Unpacking cmake (3.10.2-1ubuntu2.18.04.2) ...
Selecting previously unselected package curl.
Preparing to unpack .../73-curl_7.58.0-2ubuntu3.21_amd64.deb ...
Unpacking curl (7.58.0-2ubuntu3.21) ...
Selecting previously unselected package libc++abi1-8:amd64.
Preparing to unpack .../74-libc++abi1-8_1%3a8-3~ubuntu18.04.2_amd64.deb ...
Unpacking libc++abi1-8:amd64 (1:8-3~ubuntu18.04.2) ...
Selecting previously unselected package libc++1-8:amd64.
Preparing to unpack .../75-libc++1-8_1%3a8-3~ubuntu18.04.2_amd64.deb ...
Unpacking libc++1-8:amd64 (1:8-3~ubuntu18.04.2) ...
Selecting previously unselected package libc++-8-dev:amd64.
Preparing to unpack .../76-libc++-8-dev_1%3a8-3~ubuntu18.04.2_amd64.deb ...
Unpacking libc++-8-dev:amd64 (1:8-3~ubuntu18.04.2) ...
Selecting previously unselected package libc++abi-8-dev:amd64.
Preparing to unpack .../77-libc++abi-8-dev_1%3a8-3~ubuntu18.04.2_amd64.deb ...
Unpacking libc++abi-8-dev:amd64 (1:8-3~ubuntu18.04.2) ...
Selecting previously unselected package libnorm1:amd64.
Preparing to unpack .../78-libnorm1_1.5r6+dfsg1-6_amd64.deb ...
Unpacking libnorm1:amd64 (1.5r6+dfsg1-6) ...
Selecting previously unselected package libpgm-5.2-0:amd64.
Preparing to unpack .../79-libpgm-5.2-0_5.2.122~dfsg-2_amd64.deb ...
Unpacking libpgm-5.2-0:amd64 (5.2.122~dfsg-2) ...
Selecting previously unselected package libsodium23:amd64.
Preparing to unpack .../80-libsodium23_1.0.16-2_amd64.deb ...
Unpacking libsodium23:amd64 (1.0.16-2) ...
Selecting previously unselected package libtool.
Preparing to unpack .../81-libtool_2.4.6-2_all.deb ...
Unpacking libtool (2.4.6-2) ...
Selecting previously unselected package libzmq5:amd64.
Preparing to unpack .../82-libzmq5_4.2.5-1ubuntu0.2_amd64.deb ...
Unpacking libzmq5:amd64 (4.2.5-1ubuntu0.2) ...
Selecting previously unselected package llvm-8-runtime.
Preparing to unpack .../83-llvm-8-runtime_1%3a8-3~ubuntu18.04.2_amd64.deb ...
Unpacking llvm-8-runtime (1:8-3~ubuntu18.04.2) ...
Selecting previously unselected package llvm-8.
Preparing to unpack .../84-llvm-8_1%3a8-3~ubuntu18.04.2_amd64.deb ...
Unpacking llvm-8 (1:8-3~ubuntu18.04.2) ...
Selecting previously unselected package pkg-config.
Preparing to unpack .../85-pkg-config_0.29.1-0ubuntu2_amd64.deb ...
Unpacking pkg-config (0.29.1-0ubuntu2) ...
Selecting previously unselected package python3-zmq.
Preparing to unpack .../86-python3-zmq_16.0.2-2build2_amd64.deb ...
Unpacking python3-zmq (16.0.2-2build2) ...
Setting up libquadmath0:amd64 (8.4.0-1ubuntu1~18.04) ...
Setting up libgomp1:amd64 (8.4.0-1ubuntu1~18.04) ...
Setting up libpgm-5.2-0:amd64 (5.2.122~dfsg-2) ...
Setting up libatomic1:amd64 (8.4.0-1ubuntu1~18.04) ...
Setting up readline-common (7.0-3) ...
Setting up libpopt0:amd64 (1.16-11) ...
Setting up libicu60:amd64 (60.2-3ubuntu3.2) ...
Setting up libcc1-0:amd64 (8.4.0-1ubuntu1~18.04) ...
Setting up ccache (3.4.1-1) ...
Updating symlinks in /usr/lib/ccache ...
Setting up make (4.1-9.1ubuntu1) ...
Setting up libllvm8:amd64 (1:8-3~ubuntu18.04.2) ...
Setting up mime-support (3.60ubuntu1) ...
Setting up libsigsegv2:amd64 (2.12-1) ...
Setting up libuv1:amd64 (1.18.0-3) ...
Setting up libreadline7:amd64 (7.0-3) ...
Setting up libtsan0:amd64 (8.4.0-1ubuntu1~18.04) ...
Setting up libglib2.0-0:amd64 (2.56.4-0ubuntu0.18.04.9) ...
No schema files found: doing nothing.
Setting up libcurl4:amd64 (7.58.0-2ubuntu3.21) ...
Setting up linux-libc-dev:amd64 (4.15.0-197.208) ...
Setting up libmpfr6:amd64 (4.0.1-1) ...
Setting up libdpkg-perl (1.19.0.5ubuntu2.4) ...
Setting up libgc1c2:amd64 (1:7.4.2-8ubuntu1) ...
Setting up cmake-data (3.10.2-1ubuntu2.18.04.2) ...
Setting up libpipeline1:amd64 (1.5.0-1) ...
Setting up libc6-i386 (2.27-3ubuntu1.6) ...
Setting up m4 (1.4.18-1) ...
Setting up libxml2:amd64 (2.9.4+dfsg1-6.1ubuntu1.7) ...
Setting up libmagic-mgc (1:5.32-2ubuntu0.4) ...
Setting up libmagic1:amd64 (1:5.32-2ubuntu0.4) ...
Setting up librhash0:amd64 (1.3.6-2) ...
Setting up rsync (3.1.2-2.1ubuntu1.5) ...
invoke-rc.d: could not determine current runlevel
invoke-rc.d: policy-rc.d denied execution of restart.
Setting up liblsan0:amd64 (8.4.0-1ubuntu1~18.04) ...
Setting up libnorm1:amd64 (1.5r6+dfsg1-6) ...
Setting up gcc-7-base:amd64 (7.5.0-3ubuntu1~18.04) ...
Setting up binutils-common:amd64 (2.30-21ubuntu1~18.04.7) ...
Setting up libsodium23:amd64 (1.0.16-2) ...
Setting up libmpx2:amd64 (8.4.0-1ubuntu1~18.04) ...
Setting up libclang1-8 (1:8-3~ubuntu18.04.2) ...
Setting up autotools-dev (20180224.1) ...
Setting up xz-utils (5.2.2-1.3ubuntu0.1) ...
update-alternatives: using /usr/bin/xz to provide /usr/bin/lzma (lzma) in auto mode
update-alternatives: warning: skip creation of /usr/share/man/man1/lzma.1.gz because associated file /usr/share/man/man1/xz.1.gz (of link group lzma) doesn't exist
update-alternatives: warning: skip creation of /usr/share/man/man1/unlzma.1.gz because associated file /usr/share/man/man1/unxz.1.gz (of link group lzma) doesn't exist
update-alternatives: warning: skip creation of /usr/share/man/man1/lzcat.1.gz because associated file /usr/share/man/man1/xzcat.1.gz (of link group lzma) doesn't exist
update-alternatives: warning: skip creation of /usr/share/man/man1/lzmore.1.gz because associated file /usr/share/man/man1/xzmore.1.gz (of link group lzma) doesn't exist
update-alternatives: warning: skip creation of /usr/share/man/man1/lzless.1.gz because associated file /usr/share/man/man1/xzless.1.gz (of link group lzma) doesn't exist
update-alternatives: warning: skip creation of /usr/share/man/man1/lzdiff.1.gz because associated file /usr/share/man/man1/xzdiff.1.gz (of link group lzma) doesn't exist
update-alternatives: warning: skip creation of /usr/share/man/man1/lzcmp.1.gz because associated file /usr/share/man/man1/xzcmp.1.gz (of link group lzma) doesn't exist
update-alternatives: warning: skip creation of /usr/share/man/man1/lzgrep.1.gz because associated file /usr/share/man/man1/xzgrep.1.gz (of link group lzma) doesn't exist
update-alternatives: warning: skip creation of /usr/share/man/man1/lzegrep.1.gz because associated file /usr/share/man/man1/xzegrep.1.gz (of link group lzma) doesn't exist
update-alternatives: warning: skip creation of /usr/share/man/man1/lzfgrep.1.gz because associated file /usr/share/man/man1/xzfgrep.1.gz (of link group lzma) doesn't exist
Setting up libbison-dev:amd64 (2:3.0.4.dfsg-1build1) ...
Setting up libmpc3:amd64 (1.1.0-1) ...
Setting up libc-dev-bin (2.27-3ubuntu1.6) ...
Setting up bison (2:3.0.4.dfsg-1build1) ...
update-alternatives: using /usr/bin/bison.yacc to provide /usr/bin/yacc (yacc) in auto mode
update-alternatives: warning: skip creation of /usr/share/man/man1/yacc.1.gz because associated file /usr/share/man/man1/bison.yacc.1.gz (of link group yacc) doesn't exist
Setting up bsdmainutils (11.1.2ubuntu1) ...
update-alternatives: using /usr/bin/bsd-write to provide /usr/bin/write (write) in auto mode
update-alternatives: warning: skip creation of /usr/share/man/man1/write.1.gz because associated file /usr/share/man/man1/bsd-write.1.gz (of link group write) doesn't exist
update-alternatives: using /usr/bin/bsd-from to provide /usr/bin/from (from) in auto mode
update-alternatives: warning: skip creation of /usr/share/man/man1/from.1.gz because associated file /usr/share/man/man1/bsd-from.1.gz (of link group from) doesn't exist
Setting up libc++abi1-8:amd64 (1:8-3~ubuntu18.04.2) ...
Setting up libc6-dev:amd64 (2.27-3ubuntu1.6) ...
Setting up libitm1:amd64 (8.4.0-1ubuntu1~18.04) ...
Setting up libmpdec2:amd64 (2.4.2-1ubuntu1) ...
Setting up lib32gcc1 (1:8.4.0-1ubuntu1~18.04) ...
Setting up liblzo2-2:amd64 (2.08-1.2) ...
Setting up libisl19:amd64 (0.19-1) ...
Setting up libjsoncpp1:amd64 (1.7.4-3) ...
Setting up libpython3.6-stdlib:amd64 (3.6.9-1~18.04ubuntu1.8) ...
Setting up binfmt-support (2.1.8-2) ...
mount: /proc/sys/fs/binfmt_misc: cannot mount binfmt_misc read-only.
update-binfmts: warning: Couldn't mount the binfmt_misc filesystem on /proc/sys/fs/binfmt_misc.
mount: /proc/sys/fs/binfmt_misc: cannot mount binfmt_misc read-only.
update-binfmts: warning: Couldn't mount the binfmt_misc filesystem on /proc/sys/fs/binfmt_misc.
invoke-rc.d: could not determine current runlevel
invoke-rc.d: policy-rc.d denied execution of start.
Setting up libobjc4:amd64 (8.4.0-1ubuntu1~18.04) ...
Setting up libzmq5:amd64 (4.2.5-1ubuntu0.2) ...
Setting up python3.6 (3.6.9-1~18.04ubuntu1.8) ...
Setting up libasan4:amd64 (7.5.0-3ubuntu1~18.04) ...
Setting up libc++abi-8-dev:amd64 (1:8-3~ubuntu18.04.2) ...
Setting up curl (7.58.0-2ubuntu3.21) ...
Setting up libbinutils:amd64 (2.30-21ubuntu1~18.04.7) ...
Setting up libarchive13:amd64 (3.2.2-3.1ubuntu0.7) ...
Setting up libcilkrts5:amd64 (7.5.0-3ubuntu1~18.04) ...
Setting up libubsan0:amd64 (7.5.0-3ubuntu1~18.04) ...
Setting up llvm-8-runtime (1:8-3~ubuntu18.04.2) ...
mount: /proc/sys/fs/binfmt_misc: cannot mount binfmt_misc read-only.
update-binfmts: warning: Couldn't mount the binfmt_misc filesystem on /proc/sys/fs/binfmt_misc.
Setting up autoconf (2.69-11) ...
Setting up file (1:5.32-2ubuntu0.4) ...
Setting up libgcc-7-dev:amd64 (7.5.0-3ubuntu1~18.04) ...
Setting up cpp-7 (7.5.0-3ubuntu1~18.04) ...
Setting up llvm-8 (1:8-3~ubuntu18.04.2) ...
Setting up libstdc++-7-dev:amd64 (7.5.0-3ubuntu1~18.04) ...
Setting up libc++1-8:amd64 (1:8-3~ubuntu18.04.2) ...
Setting up libobjc-7-dev:amd64 (7.5.0-3ubuntu1~18.04) ...
Setting up automake (1:1.15.1-3ubuntu2) ...
update-alternatives: using /usr/bin/automake-1.15 to provide /usr/bin/automake (automake) in auto mode
update-alternatives: warning: skip creation of /usr/share/man/man1/automake.1.gz because associated file /usr/share/man/man1/automake-1.15.1.gz (of link group automake) doesn't exist
update-alternatives: warning: skip creation of /usr/share/man/man1/aclocal.1.gz because associated file /usr/share/man/man1/aclocal-1.15.1.gz (of link group automake) doesn't exist
Setting up lib32stdc++6 (8.4.0-1ubuntu1~18.04) ...
Setting up cmake (3.10.2-1ubuntu2.18.04.2) ...
Setting up binutils-x86-64-linux-gnu (2.30-21ubuntu1~18.04.7) ...
Setting up libpython3-stdlib:amd64 (3.6.7-1~18.04) ...
Setting up cpp (4:7.4.0-1ubuntu2.3) ...
Setting up python3 (3.6.7-1~18.04) ...
Setting up libc++-8-dev:amd64 (1:8-3~ubuntu18.04.2) ...
Setting up libclang-common-8-dev (1:8-3~ubuntu18.04.2) ...
Setting up binutils (2.30-21ubuntu1~18.04.7) ...
Setting up python3-zmq (16.0.2-2build2) ...
Setting up gcc-7 (7.5.0-3ubuntu1~18.04) ...
Setting up g++-7 (7.5.0-3ubuntu1~18.04) ...
Setting up clang-8 (1:8-3~ubuntu18.04.2) ...
Setting up gcc (4:7.4.0-1ubuntu2.3) ...
Setting up dpkg-dev (1.19.0.5ubuntu2.4) ...
Setting up g++ (4:7.4.0-1ubuntu2.3) ...
update-alternatives: using /usr/bin/g++ to provide /usr/bin/c++ (c++) in auto mode
update-alternatives: warning: skip creation of /usr/share/man/man1/c++.1.gz because associated file /usr/share/man/man1/g++.1.gz (of link group c++) doesn't exist
Setting up libtool (2.4.6-2) ...
Setting up build-essential (12.4ubuntu1) ...
Setting up pkg-config (0.29.1-0ubuntu2) ...
Processing triggers for libc-bin (2.27-3ubuntu1.6) ...
              total        used        free      shared  buff/cache   available
Mem:           125G        4.3G         43G        2.6M         78G        120G
Swap:            0B          0B          0B
Number of CPUs (nproc): 32
Byte Order: Little Endian
Free disk space:
Filesystem      Size  Used Avail Use% Mounted on
overlay         488G   79G  410G  17% /
tmpfs            64M     0   64M   0% /dev
tmpfs            63G     0   63G   0% /sys/fs/cgroup
/dev/sda1       488G   79G  410G  17% /tmp
tmpfs           117G     0  117G   0% /dev/shm
tmpfs            63G     0   63G   0% /proc/acpi
tmpfs            63G     0   63G   0% /proc/scsi
tmpfs            63G     0   63G   0% /sys/firmware
  % Total    % Received % Xferd  Average Speed   Time    Time     Time  Current
                                 Dload  Upload   Total   Spent    Left  Speed
  0     0    0     0    0     0      0      0 --:--:-- --:--:-- --:--:--     0  0     0    0     0    0     0      0      0 --:--:-- --:--:-- --:--:--     0  0     0    0     0    0     0      0      0 --:--:-- --:--:-- --:--:--     0
100 9026k  100 9026k    0     0  19.2M      0 --:--:-- --:--:-- --:--:-- 19.2M
make: Entering directory '/tmp/cirrus-ci-build/depends'
Fetching boost_1_80_0.tar.bz2 from https://boostorg.jfrog.io/artifactory/main/release/1.80.0/source/
  % Total    % Received % Xferd  Average Speed   Time    Time     Time  Current
                                 Dload  Upload   Total   Spent    Left  Speed
  0     0    0     0    0     0      0      0 --:--:-- --:--:-- --:--:--     0  0     0    0     0    0     0      0      0 --:--:-- --:--:-- --:--:--     0  0     0    0     0    0     0      0      0 --:--:-- --:--:-- --:--:--     0
  9  110M    9 10.9M    0     0  8542k      0  0:00:13  0:00:01  0:00:12 8542k 52  110M   52 57.7M    0     0  25.1M      0  0:00:04  0:00:02  0:00:02 47.3M 95  110M   95  105M    0     0  32.0M      0  0:00:03  0:00:03 --:--:-- 47.7M100  110M  100  110M    0     0  32.4M      0  0:00:03  0:00:03 --:--:-- 47.4M
/tmp/cirrus-ci-build/depends/work/download/boost-1.80.0/boost_1_80_0.tar.bz2.temp: OK
Extracting boost...
/tmp/cirrus-ci-build/depends/sources/boost_1_80_0.tar.bz2: OK
Preprocessing boost...
Configuring boost...
Building boost...
Staging boost...
Postprocessing boost...
Caching boost...
Fetching libevent-2.1.12-stable.tar.gz from https://github.com/libevent/libevent/releases/download/release-2.1.12-stable/
  % Total    % Received % Xferd  Average Speed   Time    Time     Time  Current
                                 Dload  Upload   Total   Spent    Left  Speed
  0     0    0     0    0     0      0      0 --:--:-- --:--:-- --:--:--     0  0     0    0     0    0     0      0      0 --:--:-- --:--:-- --:--:--     0
  1 1075k    1 11015    0     0  32880      0  0:00:33 --:--:--  0:00:33 32880100 1075k  100 1075k    0     0  2777k      0 --:--:-- --:--:-- --:--:-- 19.9M
/tmp/cirrus-ci-build/depends/work/download/libevent-2.1.12-stable/libevent-2.1.12-stable.tar.gz.temp: OK
Extracting libevent...
/tmp/cirrus-ci-build/depends/sources/libevent-2.1.12-stable.tar.gz: OK
Preprocessing libevent...
Configuring libevent...
Building libevent...
Staging libevent...
Postprocessing libevent...
Caching libevent...
Fetching miniupnpc-2.2.2.tar.gz from https://miniupnp.tuxfamily.org/files/
  % Total    % Received % Xferd  Average Speed   Time    Time     Time  Current
                                 Dload  Upload   Total   Spent    Left  Speed
  0     0    0     0    0     0      0      0 --:--:-- --:--:-- --:--:--     0  0     0    0     0    0     0      0      0 --:--:-- --:--:-- --:--:--     0 48   97k   48 48896    0     0  36544      0  0:00:02  0:00:01  0:00:01 36516100   97k  100   97k    0     0  64066      0  0:00:01  0:00:01 --:--:-- 64025
/tmp/cirrus-ci-build/depends/work/download/miniupnpc-2.2.2/miniupnpc-2.2.2.tar.gz.temp: OK
Extracting miniupnpc...
/tmp/cirrus-ci-build/depends/sources/miniupnpc-2.2.2.tar.gz: OK
Preprocessing miniupnpc...
Configuring miniupnpc...
Building miniupnpc...
Staging miniupnpc...
Postprocessing miniupnpc...
Caching miniupnpc...
Fetching 07004b97cf691774efebe70404cf22201e4d330d.tar.gz from https://github.com/miniupnp/libnatpmp/archive
  % Total    % Received % Xferd  Average Speed   Time    Time     Time  Current
                                 Dload  Upload   Total   Spent    Left  Speed
  0     0    0     0    0     0      0      0 --:--:-- --:--:-- --:--:--     0  0     0    0     0    0     0      0      0 --:--:-- --:--:-- --:--:--     0  0     0    0     0    0     0      0      0 --:--:-- --:--:-- --:--:--     0
100 27663  100 27663    0     0  84855      0 --:--:-- --:--:-- --:--:-- 84855
/tmp/cirrus-ci-build/depends/work/download/libnatpmp-07004b97cf691774efebe70404cf22201e4d330d/07004b97cf691774efebe70404cf22201e4d330d.tar.gz.temp: OK
Extracting libnatpmp...
/tmp/cirrus-ci-build/depends/sources/07004b97cf691774efebe70404cf22201e4d330d.tar.gz: OK
Preprocessing libnatpmp...
Configuring libnatpmp...
Building libnatpmp...
Staging libnatpmp...
Postprocessing libnatpmp...
Caching libnatpmp...
Fetching systemtap-4.7.tar.gz from https://sourceware.org/systemtap/ftp/releases/
  % Total    % Received % Xferd  Average Speed   Time    Time     Time  Current
                                 Dload  Upload   Total   Spent    Left  Speed
  0     0    0     0    0     0      0      0 --:--:-- --:--:-- --:--:--     0  0     0    0     0    0     0      0      0 --:--:-- --:--:-- --:--:--     0
curl: (22) The requested URL returned error: 404 
Fetching systemtap-4.7.tar.gz from https://bitcoincore.org/depends-sources
  % Total    % Received % Xferd  Average Speed   Time    Time     Time  Current
                                 Dload  Upload   Total   Spent    Left  Speed
  0     0    0     0    0     0      0      0 --:--:-- --:--:-- --:--:--     0  0     0    0     0    0     0      0      0 --:--:-- --:--:-- --:--:--     0100 5479k  100 5479k    0     0  8824k      0 --:--:-- --:--:-- --:--:-- 8810k
/tmp/cirrus-ci-build/depends/work/download/systemtap-4.7/systemtap-4.7.tar.gz.temp: OK
Extracting systemtap...
/tmp/cirrus-ci-build/depends/sources/systemtap-4.7.tar.gz: OK
Preprocessing systemtap...
Configuring systemtap...
Building systemtap...
Staging systemtap...
Postprocessing systemtap...
Caching systemtap...
Fetching zeromq-4.3.4.tar.gz from https://github.com/zeromq/libzmq/releases/download/v4.3.4/
  % Total    % Received % Xferd  Average Speed   Time    Time     Time  Current
                                 Dload  Upload   Total   Spent    Left  Speed
  0     0    0     0    0     0      0      0 --:--:-- --:--:-- --:--:--     0  0     0    0     0    0     0      0      0 --:--:-- --:--:-- --:--:--     0  0     0    0     0    0     0      0      0 --:--:-- --:--:-- --:--:--     0
100 2428k  100 2428k    0     0  7807k      0 --:--:-- --:--:-- --:--:-- 7807k
/tmp/cirrus-ci-build/depends/work/download/zeromq-4.3.4/zeromq-4.3.4.tar.gz.temp: OK
Extracting zeromq...
/tmp/cirrus-ci-build/depends/sources/zeromq-4.3.4.tar.gz: OK
Preprocessing zeromq...
Configuring zeromq...
Building zeromq...
Staging zeromq...
Postprocessing zeromq...
Caching zeromq...
copying packages: boost libevent miniupnpc libnatpmp systemtap zeromq
to: /tmp/cirrus-ci-build/depends/x86_64-pc-linux-gnu
make: Leaving directory '/tmp/cirrus-ci-build/depends'
Statistics cleared
Set cache size limit to 200.0 MB
-- The CXX compiler identification is Clang 8.0.0
-- The C compiler identification is Clang 8.0.0
-- The ASM compiler identification is Clang
-- Found assembler: /usr/bin/clang-8
-- Check for working CXX compiler: /usr/bin/clang++-8
-- Check for working CXX compiler: /usr/bin/clang++-8 -- works
-- Detecting CXX compiler ABI info
-- Detecting CXX compiler ABI info - done
-- Detecting CXX compile features
-- Detecting CXX compile features - done
-- Check for working C compiler: /usr/bin/clang-8
-- Check for working C compiler: /usr/bin/clang-8 -- works
-- Detecting C compiler ABI info
-- Detecting C compiler ABI info - done
-- Detecting C compile features
-- Detecting C compile features - done
-- Performing Test C_SUPPORTS_O0
-- Performing Test C_SUPPORTS_O0 - Success
-- Performing Test C_SUPPORTS_G3
-- Performing Test C_SUPPORTS_G3 - Success
-- Performing Test CXX_SUPPORTS_O0
-- Performing Test CXX_SUPPORTS_O0 - Success
-- Performing Test CXX_SUPPORTS_G3
-- Performing Test CXX_SUPPORTS_G3 - Success
-- Performing Test CXX_SUPPORTS_FTRAPV
-- Performing Test CXX_SUPPORTS_FTRAPV - Success
-- Performing Test C_SUPPORTS_O2
-- Performing Test C_SUPPORTS_O2 - Success
-- Performing Test C_SUPPORTS_G
-- Performing Test C_SUPPORTS_G - Success
-- Performing Test CXX_SUPPORTS_O2
-- Performing Test CXX_SUPPORTS_O2 - Success
-- Performing Test CXX_SUPPORTS_G
-- Performing Test CXX_SUPPORTS_G - Success
-- Setting build type to "Release" as none was specified
-- Performing Test CXX_SUPPORTS_WSTACK_PROTECTOR
-- Performing Test CXX_SUPPORTS_WSTACK_PROTECTOR - Success
-- Performing Test CXX_SUPPORTS_FSTACK_PROTECTOR_ALL
-- Performing Test CXX_SUPPORTS_FSTACK_PROTECTOR_ALL - Success
-- Performing Test CXX_SUPPORTS_FCF_PROTECTION_FULL
-- Performing Test CXX_SUPPORTS_FCF_PROTECTION_FULL - Success
-- Performing Test CXX_SUPPORTS_FSTACK_CLASH_PROTECTION
-- Performing Test CXX_SUPPORTS_FSTACK_CLASH_PROTECTION - Failed
-- Performing Test LINKER_SUPPORTS_WL___ENABLE_RELOC_SECTION
-- Performing Test LINKER_SUPPORTS_WL___ENABLE_RELOC_SECTION - Failed
-- Performing Test LINKER_SUPPORTS_WL___DYNAMICBASE
-- Performing Test LINKER_SUPPORTS_WL___DYNAMICBASE - Failed
-- Performing Test LINKER_SUPPORTS_WL___NXCOMPAT
-- Performing Test LINKER_SUPPORTS_WL___NXCOMPAT - Failed
-- Performing Test LINKER_SUPPORTS_WL___HIGH_ENTROPY_VA
-- Performing Test LINKER_SUPPORTS_WL___HIGH_ENTROPY_VA - Failed
-- Performing Test LINKER_SUPPORTS_WL__Z_RELRO
-- Performing Test LINKER_SUPPORTS_WL__Z_RELRO - Success
-- Performing Test LINKER_SUPPORTS_WL__Z_NOW
-- Performing Test LINKER_SUPPORTS_WL__Z_NOW - Success
-- Performing Test LINKER_SUPPORTS_WL__Z_SEPARATE_CODE
-- Performing Test LINKER_SUPPORTS_WL__Z_SEPARATE_CODE - Success
-- Performing Test CXX_SUPPORTS_WERROR
-- Performing Test CXX_SUPPORTS_WERROR - Success
-- Performing Test CXX_SUPPORTS_WERROR_RETURN_TYPE
-- Performing Test CXX_SUPPORTS_WERROR_RETURN_TYPE - Success
-- Check if the system is big endian
-- Searching 16 bit integer
-- Looking for sys/types.h
-- Looking for sys/types.h - found
-- Looking for stdint.h
-- Looking for stdint.h - found
-- Looking for stddef.h
-- Looking for stddef.h - found
-- Check size of unsigned short
-- Check size of unsigned short - done
-- Using unsigned short
-- Check if the system is big endian - little endian
-- Looking for C++ include byteswap.h
-- Looking for C++ include byteswap.h - found
-- Looking for C++ include endian.h
-- Looking for C++ include endian.h - found
-- Looking for C++ include stdio.h
-- Looking for C++ include stdio.h - found
-- Looking for C++ include stdlib.h
-- Looking for C++ include stdlib.h - found
-- Looking for C++ include string.h
-- Looking for C++ include string.h - found
-- Looking for C++ include strings.h
-- Looking for C++ include strings.h - found
-- Looking for C++ include sys/endian.h
-- Looking for C++ include sys/endian.h - not found
-- Looking for C++ include sys/prctl.h
-- Looking for C++ include sys/prctl.h - found
-- Looking for C++ include sys/resources.h
-- Looking for C++ include sys/resources.h - not found
-- Looking for C++ include sys/select.h
-- Looking for C++ include sys/select.h - found
-- Looking for C++ include sys/stat.h
-- Looking for C++ include sys/stat.h - found
-- Looking for C++ include sys/sysctl.h
-- Looking for C++ include sys/sysctl.h - found
-- Looking for C++ include sys/vmmeter.h
-- Looking for C++ include sys/vmmeter.h - not found
-- Looking for C++ include unistd.h
-- Looking for C++ include unistd.h - found
-- Looking for C++ include vm/vm_param.h
-- Looking for C++ include vm/vm_param.h - not found
-- Looking for bswap_16
-- Looking for bswap_16 - found
-- Looking for bswap_32
-- Looking for bswap_32 - found
-- Looking for bswap_64
-- Looking for bswap_64 - found
-- Looking for be16toh
-- Looking for be16toh - found
-- Looking for be32toh
-- Looking for be32toh - found
-- Looking for be64toh
-- Looking for be64toh - found
-- Looking for htobe16
-- Looking for htobe16 - found
-- Looking for htobe32
-- Looking for htobe32 - found
-- Looking for htobe64
-- Looking for htobe64 - found
-- Looking for htole16
-- Looking for htole16 - found
-- Looking for htole32
-- Looking for htole32 - found
-- Looking for htole64
-- Looking for htole64 - found
-- Looking for le16toh
-- Looking for le16toh - found
-- Looking for le32toh
-- Looking for le32toh - found
-- Looking for le64toh
-- Looking for le64toh - found
-- Looking for fdatasync
-- Looking for fdatasync - found
-- Looking for fork
-- Looking for fork - found
-- Looking for pipe2
-- Looking for pipe2 - found
-- Looking for setsid
-- Looking for setsid - found
-- Performing Test HAVE_GMTIME_R
-- Performing Test HAVE_GMTIME_R - Success
-- Performing Test HAVE_SYSTEM
-- Performing Test HAVE_SYSTEM - Success
-- Performing Test STRERROR_R_CHAR_P
-- Performing Test STRERROR_R_CHAR_P - Success
-- Performing Test HAVE_DEFAULT_VISIBILITY_ATTRIBUTE
-- Performing Test HAVE_DEFAULT_VISIBILITY_ATTRIBUTE - Success
-- Performing Test HAVE_CLMUL
-- Performing Test HAVE_CLMUL - Success
-- Performing Test HAVE_CLZ
-- Performing Test HAVE_CLZ - Success
-- Performing Test STD_FILESYSTEM_WORKS_WITHOUT_LINK
-- Performing Test STD_FILESYSTEM_WORKS_WITHOUT_LINK - Failed
-- Performing Test STD_FILESYSTEM_NEEDS_LINK_TO_STDCXXFS
-- Performing Test STD_FILESYSTEM_NEEDS_LINK_TO_STDCXXFS - Failed
-- Performing Test STD_FILESYSTEM_NEEDS_LINK_TO_CXXFS
-- Performing Test STD_FILESYSTEM_NEEDS_LINK_TO_CXXFS - Success
-- Looking for pthread.h
-- Looking for pthread.h - found
-- Looking for pthread_create
-- Looking for pthread_create - not found
-- Check if compiler accepts -pthread
-- Check if compiler accepts -pthread - yes
-- Found Threads: TRUE  
-- Boost version: 1.80.0
-- Found PkgConfig: /usr/bin/pkg-config (found version "0.29.1") 
-- Checking for module 'libevent>=2.1.8'
--   Found libevent, version 2.1.12-stable
-- Checking for module 'libevent_pthreads>=2.1.8'
--   Found libevent_pthreads, version 2.1.12-stable
-- Found NATPMP: /tmp/cirrus-ci-build/depends/x86_64-pc-linux-gnu/lib/libnatpmp.a  
-- Found MiniUPnPc: /tmp/cirrus-ci-build/depends/x86_64-pc-linux-gnu/lib/libminiupnpc.a  
-- Checking for module 'libzmq>=4'
--   Found libzmq, version 4.3.4
-- Performing Test HAVE_USDT_H
-- Performing Test HAVE_USDT_H - Failed
-- Performing Test HAVE_SECCOMP_H
-- Performing Test HAVE_SECCOMP_H - Success
-- Performing Test HAVE_BOOST_PROCESS_H
-- Performing Test HAVE_BOOST_PROCESS_H - Success
-- Check if the system is big endian
-- Searching 16 bit integer
-- Using unsigned short
-- Check if the system is big endian - little endian
-- Performing Test CRC32C_HAVE_NO_DEPRECATED
-- Performing Test CRC32C_HAVE_NO_DEPRECATED - Success
-- Performing Test CRC32C_HAVE_NO_SIGN_COMPARE
-- Performing Test CRC32C_HAVE_NO_SIGN_COMPARE - Success
-- Performing Test CRC32C_HAVE_NO_UNUSED_PARAMETER
-- Performing Test CRC32C_HAVE_NO_UNUSED_PARAMETER - Success
-- Performing Test CRC32C_HAVE_NO_MISSING_FIELD_INITIALIZERS
-- Performing Test CRC32C_HAVE_NO_MISSING_FIELD_INITIALIZERS - Success
-- Performing Test HAVE_BUILTIN_PREFETCH
-- Performing Test HAVE_BUILTIN_PREFETCH - Success
-- Performing Test HAVE_MM_PREFETCH
-- Performing Test HAVE_MM_PREFETCH - Success
-- Performing Test HAVE_SSE42
-- Performing Test HAVE_SSE42 - Success
-- Performing Test HAVE_ARM64_CRC32C
-- Performing Test HAVE_ARM64_CRC32C - Failed
-- Performing Test HAVE_STRONG_GETAUXVAL
-- Performing Test HAVE_STRONG_GETAUXVAL - Failed
-- Performing Test HAVE_WEAK_GETAUXVAL
-- Performing Test HAVE_WEAK_GETAUXVAL - Success
-- Check if the system is big endian
-- Searching 16 bit integer
-- Using unsigned short
-- Check if the system is big endian - little endian
-- Looking for F_FULLFSYNC
-- Looking for F_FULLFSYNC - not found
-- Looking for O_CLOEXEC
-- Looking for O_CLOEXEC - found
-- Performing Test HAVE_CXX17_HAS_INCLUDE
-- Performing Test HAVE_CXX17_HAS_INCLUDE - Success
-- Performing Test HAVE_SSE41
-- Performing Test HAVE_SSE41 - Success
-- Performing Test HAVE_AVX2
-- Performing Test HAVE_AVX2 - Success
-- Performing Test HAVE_X86_SHANI
-- Performing Test HAVE_X86_SHANI - Success
-- Performing Test HAVE_ARM_SHANI
-- Performing Test HAVE_ARM_SHANI - Failed


Configure summary
=================
Executables:
  bitcoind ............................ ON
  bitcoin-cli ......................... ON
  bitcoin-tx .......................... ON
  bitcoin-util ........................ ON
  bitcoin-chainstate (experimental) ... ON
  bitcoin-wallet ...................... OFF
Libraries:
  build shared ........................ ON
  build static ........................ ON
  libbitcoinconsensus ................. ON
  libbitcoinkernel (experimental) ..... ON
Wallet support:
  SQLite, descriptor wallets .......... OFF
  Berkeley DB, legacy wallets ......... OFF
Optional packages:
  GUI ................................. no
  external signer ..................... ON
  NAT-PMP ............................. ON
  UPnP ................................ ON
  ZeroMQ .............................. ON
  USDT tracing ........................ OFF
  experimental syscall sandbox ........ ON
Tests:
  test_bitcoin ........................ ON
  bench_bitcoin ....................... ON

Cross compiling ....................... TRUE, for Linux, x86_64
Preprocessor defined macros ........... 
C compiler ............................ /usr/bin/clang-8
CFLAGS ................................ -pipe -std=c11 -O2
C++ compiler .......................... /usr/bin/clang++-8
CXXFLAGS .............................. -stdlib=libc++ -pipe -std=c++17 -O2
Common compile options ................ -Wstack-protector -fstack-protector-all -fcf-protection=full -Werror
Build type:
 - CMAKE_BUILD_TYPE ................... Release
 - CFLAGS ............................. -O2 -g
 - CXXFLAGS ........................... -O2 -g
 - LDFLAGS for executables ............ 
 - LDFLAGS for shared libraries ....... 
Use assembly routines ................. ON
Treat compiler warnings as errors ..... ON
Use ccache for compiling .............. ON


-- Configuring done
-- Generating done
-- Build files have been written to: /tmp/cirrus-ci-build/ci/scratch/build
Scanning dependencies of target crc32c_arm64
Scanning dependencies of target crc32c_sse42
Scanning dependencies of target univalue
Scanning dependencies of target minisketch
Scanning dependencies of target bitcoin_crypto
Scanning dependencies of target bitcoin_consensus
Scanning dependencies of target secp256k1
[  1%] Building CXX object src/univalue/CMakeFiles/univalue.dir/lib/univalue_get.cpp.o
[  0%] Building CXX object src/crc32c/CMakeFiles/crc32c_sse42.dir/src/crc32c_sse42.cc.o
[  1%] Building CXX object src/crypto/CMakeFiles/bitcoin_crypto.dir/sha256_sse4.cpp.o
[  1%] Building CXX object src/univalue/CMakeFiles/univalue.dir/lib/univalue.cpp.o
[  1%] Building CXX object src/univalue/CMakeFiles/univalue.dir/lib/univalue_write.cpp.o
[  1%] Building CXX object src/crc32c/CMakeFiles/crc32c_arm64.dir/src/crc32c_arm64.cc.o
[  1%] Building CXX object CMakeFiles/minisketch.dir/src/minisketch/src/minisketch.cpp.o
[  2%] Building CXX object src/CMakeFiles/bitcoin_consensus.dir/arith_uint256.cpp.o
[  2%] Building CXX object src/univalue/CMakeFiles/univalue.dir/lib/univalue_read.cpp.o
[  3%] Building C object CMakeFiles/secp256k1.dir/src/secp256k1/src/secp256k1.c.o
[  3%] Building CXX object src/crypto/CMakeFiles/bitcoin_crypto.dir/sha256_sse41.cpp.o
[  3%] Built target crc32c_sse42
[  3%] Building CXX object CMakeFiles/minisketch.dir/src/minisketch/src/fields/generic_1byte.cpp.o
[  3%] Building CXX object src/CMakeFiles/bitcoin_consensus.dir/consensus/merkle.cpp.o
[  3%] Building C object CMakeFiles/secp256k1.dir/src/secp256k1/src/precomputed_ecmult.c.o
[  4%] Building CXX object CMakeFiles/minisketch.dir/src/minisketch/src/fields/generic_2bytes.cpp.o
[  4%] Building CXX object src/CMakeFiles/bitcoin_consensus.dir/consensus/tx_check.cpp.o
[  4%] Building CXX object CMakeFiles/minisketch.dir/src/minisketch/src/fields/generic_3bytes.cpp.o
[  4%] Building CXX object CMakeFiles/minisketch.dir/src/minisketch/src/fields/generic_4bytes.cpp.o
[  4%] Built target crc32c_arm64
[  4%] Building CXX object src/crypto/CMakeFiles/bitcoin_crypto.dir/sha256_avx2.cpp.o
Scanning dependencies of target crc32c
[  4%] Building CXX object src/crypto/CMakeFiles/bitcoin_crypto.dir/sha256_x86_shani.cpp.o
[  4%] Building CXX object src/crc32c/CMakeFiles/crc32c.dir/src/crc32c_portable.cc.o
[  4%] Building C object CMakeFiles/secp256k1.dir/src/secp256k1/src/precomputed_ecmult_gen.c.o
[  4%] Building CXX object src/CMakeFiles/bitcoin_consensus.dir/hash.cpp.o
[  4%] Building CXX object src/crc32c/CMakeFiles/crc32c.dir/src/crc32c.cc.o
[  4%] Linking CXX static library libcrc32c.a
[  4%] Building CXX object src/crypto/CMakeFiles/bitcoin_crypto.dir/aes.cpp.o
[  4%] Building CXX object src/crypto/CMakeFiles/bitcoin_crypto.dir/chacha_poly_aead.cpp.o
[  5%] Building CXX object src/crypto/CMakeFiles/bitcoin_crypto.dir/chacha20.cpp.o
[  5%] Built target crc32c
[  5%] Building CXX object CMakeFiles/minisketch.dir/src/minisketch/src/fields/generic_5bytes.cpp.o
[  5%] Building CXX object src/crypto/CMakeFiles/bitcoin_crypto.dir/hkdf_sha256_32.cpp.o
[  5%] Building CXX object src/CMakeFiles/bitcoin_consensus.dir/primitives/block.cpp.o
[  5%] Building CXX object src/CMakeFiles/bitcoin_consensus.dir/primitives/transaction.cpp.o
[  5%] Building CXX object src/crypto/CMakeFiles/bitcoin_crypto.dir/hmac_sha256.cpp.o
Scanning dependencies of target leveldb
[  6%] Building CXX object src/CMakeFiles/bitcoin_consensus.dir/pubkey.cpp.o
[  7%] Building CXX object src/leveldb/CMakeFiles/leveldb.dir/db/builder.cc.o
[  7%] Building CXX object src/leveldb/CMakeFiles/leveldb.dir/db/c.cc.o
[  7%] Building CXX object src/CMakeFiles/bitcoin_consensus.dir/script/interpreter.cpp.o
[  7%] Building CXX object CMakeFiles/minisketch.dir/src/minisketch/src/fields/generic_6bytes.cpp.o
[  7%] Building CXX object src/leveldb/CMakeFiles/leveldb.dir/db/db_impl.cc.o
[  7%] Building CXX object src/leveldb/CMakeFiles/leveldb.dir/db/db_iter.cc.o
[  7%] Building CXX object src/leveldb/CMakeFiles/leveldb.dir/db/dbformat.cc.o
[  7%] Building CXX object src/leveldb/CMakeFiles/leveldb.dir/db/dumpfile.cc.o
[  8%] Building CXX object src/leveldb/CMakeFiles/leveldb.dir/db/filename.cc.o
[  8%] Building CXX object src/crypto/CMakeFiles/bitcoin_crypto.dir/hmac_sha512.cpp.o
[  8%] Building CXX object src/CMakeFiles/bitcoin_consensus.dir/script/script.cpp.o
[  8%] Building CXX object src/crypto/CMakeFiles/bitcoin_crypto.dir/poly1305.cpp.o
[  8%] Building CXX object src/leveldb/CMakeFiles/leveldb.dir/db/log_reader.cc.o
[  8%] Building CXX object CMakeFiles/minisketch.dir/src/minisketch/src/fields/generic_7bytes.cpp.o
[  8%] Building CXX object src/crypto/CMakeFiles/bitcoin_crypto.dir/muhash.cpp.o
[  8%] Building CXX object src/CMakeFiles/bitcoin_consensus.dir/script/script_error.cpp.o
[  8%] Building CXX object src/leveldb/CMakeFiles/leveldb.dir/db/log_writer.cc.o
[  9%] Building CXX object CMakeFiles/minisketch.dir/src/minisketch/src/fields/generic_8bytes.cpp.o
[  9%] Building CXX object src/leveldb/CMakeFiles/leveldb.dir/db/memtable.cc.o
[ 10%] Building CXX object src/crypto/CMakeFiles/bitcoin_crypto.dir/ripemd160.cpp.o
[ 10%] Building CXX object src/crypto/CMakeFiles/bitcoin_crypto.dir/sha1.cpp.o
[ 10%] Building CXX object src/leveldb/CMakeFiles/leveldb.dir/db/repair.cc.o
[ 10%] Building CXX object CMakeFiles/minisketch.dir/src/minisketch/src/fields/clmul_1byte.cpp.o
[ 11%] Linking CXX static library libunivalue.a
[ 11%] Building CXX object src/crypto/CMakeFiles/bitcoin_crypto.dir/sha256.cpp.o
[ 11%] Building CXX object src/leveldb/CMakeFiles/leveldb.dir/db/table_cache.cc.o
[ 11%] Built target univalue
Scanning dependencies of target rpc_client
[ 11%] Building CXX object src/CMakeFiles/rpc_client.dir/rpc/client.cpp.o
[ 11%] Linking CXX static library librpc_client.a
[ 11%] Building CXX object src/crypto/CMakeFiles/bitcoin_crypto.dir/sha3.cpp.o
[ 11%] Built target rpc_client
[ 12%] Building CXX object src/leveldb/CMakeFiles/leveldb.dir/db/version_edit.cc.o
[ 12%] Building CXX object src/CMakeFiles/bitcoin_consensus.dir/uint256.cpp.o
[ 12%] Building CXX object CMakeFiles/minisketch.dir/src/minisketch/src/fields/clmul_2bytes.cpp.o
[ 12%] Building CXX object src/leveldb/CMakeFiles/leveldb.dir/db/version_set.cc.o
[ 12%] Building CXX object CMakeFiles/minisketch.dir/src/minisketch/src/fields/clmul_3bytes.cpp.o
[ 12%] Building CXX object src/crypto/CMakeFiles/bitcoin_crypto.dir/sha512.cpp.o
[ 12%] Building CXX object CMakeFiles/minisketch.dir/src/minisketch/src/fields/clmul_4bytes.cpp.o
[ 12%] Building CXX object src/leveldb/CMakeFiles/leveldb.dir/db/write_batch.cc.o
[ 12%] Building CXX object src/CMakeFiles/bitcoin_consensus.dir/util/strencodings.cpp.o
[ 12%] Building CXX object src/crypto/CMakeFiles/bitcoin_crypto.dir/siphash.cpp.o
[ 12%] Building CXX object CMakeFiles/minisketch.dir/src/minisketch/src/fields/clmul_5bytes.cpp.o
[ 13%] Building CXX object CMakeFiles/minisketch.dir/src/minisketch/src/fields/clmul_6bytes.cpp.o
[ 13%] Building CXX object CMakeFiles/minisketch.dir/src/minisketch/src/fields/clmul_7bytes.cpp.o
[ 13%] Building CXX object CMakeFiles/minisketch.dir/src/minisketch/src/fields/clmul_8bytes.cpp.o
[ 13%] Building CXX object src/leveldb/CMakeFiles/leveldb.dir/table/block_builder.cc.o
[ 13%] Building CXX object src/leveldb/CMakeFiles/leveldb.dir/table/block.cc.o
[ 13%] Building CXX object src/leveldb/CMakeFiles/leveldb.dir/table/filter_block.cc.o
[ 14%] Building CXX object src/leveldb/CMakeFiles/leveldb.dir/table/format.cc.o
[ 14%] Building CXX object src/leveldb/CMakeFiles/leveldb.dir/table/iterator.cc.o
[ 14%] Building CXX object src/leveldb/CMakeFiles/leveldb.dir/table/merger.cc.o
[ 14%] Building CXX object src/leveldb/CMakeFiles/leveldb.dir/table/table_builder.cc.o
[ 14%] Building CXX object src/leveldb/CMakeFiles/leveldb.dir/table/table.cc.o
[ 14%] Building CXX object src/leveldb/CMakeFiles/leveldb.dir/table/two_level_iterator.cc.o
[ 15%] Building CXX object src/leveldb/CMakeFiles/leveldb.dir/util/arena.cc.o
[ 15%] Building CXX object src/leveldb/CMakeFiles/leveldb.dir/util/bloom.cc.o
[ 15%] Building CXX object src/leveldb/CMakeFiles/leveldb.dir/util/cache.cc.o
[ 15%] Built target bitcoin_crypto
[ 15%] Building CXX object src/leveldb/CMakeFiles/leveldb.dir/util/comparator.cc.o
[ 15%] Building CXX object src/leveldb/CMakeFiles/leveldb.dir/util/coding.cc.o
[ 15%] Building CXX object src/leveldb/CMakeFiles/leveldb.dir/util/crc32c.cc.o
[ 15%] Building CXX object src/leveldb/CMakeFiles/leveldb.dir/util/filter_policy.cc.o
[ 15%] Building CXX object src/leveldb/CMakeFiles/leveldb.dir/util/hash.cc.o
[ 16%] Building CXX object src/leveldb/CMakeFiles/leveldb.dir/util/env.cc.o
[ 16%] Building CXX object src/leveldb/CMakeFiles/leveldb.dir/util/logging.cc.o
[ 16%] Building CXX object src/leveldb/CMakeFiles/leveldb.dir/util/options.cc.o
[ 16%] Building CXX object src/leveldb/CMakeFiles/leveldb.dir/util/status.cc.o
[ 17%] Building CXX object src/leveldb/CMakeFiles/leveldb.dir/util/env_posix.cc.o
[ 17%] Building CXX object src/leveldb/CMakeFiles/leveldb.dir/helpers/memenv/memenv.cc.o
Scanning dependencies of target bitcoin_util
[ 17%] Linking CXX static library libleveldb.a
[ 17%] Building CXX object src/util/CMakeFiles/bitcoin_util.dir/fees.cpp.o
[ 17%] Building CXX object src/util/CMakeFiles/bitcoin_util.dir/error.cpp.o
[ 17%] Building CXX object src/util/CMakeFiles/bitcoin_util.dir/bip32.cpp.o
[ 17%] Building CXX object src/util/CMakeFiles/bitcoin_util.dir/asmap.cpp.o
[ 17%] Building CXX object src/util/CMakeFiles/bitcoin_util.dir/check.cpp.o
[ 17%] Building CXX object src/util/CMakeFiles/bitcoin_util.dir/bytevectorhash.cpp.o
[ 18%] Building CXX object src/util/CMakeFiles/bitcoin_util.dir/hasher.cpp.o
[ 18%] Building CXX object src/util/CMakeFiles/bitcoin_util.dir/getuniquepath.cpp.o
[ 18%] Building CXX object src/util/CMakeFiles/bitcoin_util.dir/message.cpp.o
[ 18%] Building CXX object src/util/CMakeFiles/bitcoin_util.dir/moneystr.cpp.o
[ 18%] Building CXX object src/util/CMakeFiles/bitcoin_util.dir/rbf.cpp.o
[ 18%] Built target leveldb
[ 18%] Building CXX object src/util/CMakeFiles/bitcoin_util.dir/readwritefile.cpp.o
Scanning dependencies of target bitcoin_zmq
[ 18%] Building CXX object src/zmq/CMakeFiles/bitcoin_zmq.dir/zmqabstractnotifier.cpp.o
[ 19%] Building CXX object src/util/CMakeFiles/bitcoin_util.dir/settings.cpp.o
[ 19%] Building CXX object src/util/CMakeFiles/bitcoin_util.dir/serfloat.cpp.o
[ 19%] Building CXX object src/zmq/CMakeFiles/bitcoin_zmq.dir/zmqnotificationinterface.cpp.o
[ 19%] Building CXX object src/util/CMakeFiles/bitcoin_util.dir/sock.cpp.o
[ 19%] Building CXX object src/util/CMakeFiles/bitcoin_util.dir/spanparsing.cpp.o
[ 19%] Building CXX object src/zmq/CMakeFiles/bitcoin_zmq.dir/zmqpublishnotifier.cpp.o
[ 20%] Building CXX object src/zmq/CMakeFiles/bitcoin_zmq.dir/zmqrpc.cpp.o
[ 20%] Building CXX object src/zmq/CMakeFiles/bitcoin_zmq.dir/zmqutil.cpp.o
[ 20%] Building CXX object src/util/CMakeFiles/bitcoin_util.dir/strencodings.cpp.o
[ 20%] Building CXX object src/util/CMakeFiles/bitcoin_util.dir/string.cpp.o
[ 21%] Building CXX object src/util/CMakeFiles/bitcoin_util.dir/syscall_sandbox.cpp.o
[ 21%] Building CXX object src/util/CMakeFiles/bitcoin_util.dir/syserror.cpp.o
[ 21%] Building CXX object src/util/CMakeFiles/bitcoin_util.dir/system.cpp.o
[ 21%] Building CXX object src/util/CMakeFiles/bitcoin_util.dir/thread.cpp.o
[ 21%] Linking CXX static library libbitcoin_zmq.a
[ 21%] Building CXX object src/util/CMakeFiles/bitcoin_util.dir/threadinterrupt.cpp.o
[ 21%] Building CXX object src/util/CMakeFiles/bitcoin_util.dir/threadnames.cpp.o
[ 21%] Built target bitcoin_zmq
[ 22%] Building CXX object src/util/CMakeFiles/bitcoin_util.dir/time.cpp.o
[ 22%] Building CXX object src/util/CMakeFiles/bitcoin_util.dir/tokenpipe.cpp.o
[ 22%] Building CXX object src/util/CMakeFiles/bitcoin_util.dir/__/chainparamsbase.cpp.o
[ 22%] Building CXX object src/util/CMakeFiles/bitcoin_util.dir/__/clientversion.cpp.o
[ 22%] Building CXX object src/util/CMakeFiles/bitcoin_util.dir/__/fs.cpp.o
[ 22%] Building CXX object src/util/CMakeFiles/bitcoin_util.dir/__/interfaces/echo.cpp.o
[ 23%] Building CXX object src/util/CMakeFiles/bitcoin_util.dir/__/interfaces/handler.cpp.o
[ 23%] Building CXX object src/util/CMakeFiles/bitcoin_util.dir/__/interfaces/init.cpp.o
[ 23%] Building CXX object src/util/CMakeFiles/bitcoin_util.dir/__/logging.cpp.o
[ 23%] Building CXX object src/util/CMakeFiles/bitcoin_util.dir/__/random.cpp.o
[ 23%] Building CXX object src/util/CMakeFiles/bitcoin_util.dir/__/randomenv.cpp.o
[ 23%] Building CXX object src/util/CMakeFiles/bitcoin_util.dir/__/rpc/request.cpp.o
[ 23%] Building CXX object src/util/CMakeFiles/bitcoin_util.dir/__/support/lockedpool.cpp.o
[ 24%] Building CXX object src/util/CMakeFiles/bitcoin_util.dir/__/support/cleanse.cpp.o
[ 24%] Building CXX object src/util/CMakeFiles/bitcoin_util.dir/__/sync.cpp.o
[ 24%] Linking CXX static library libminisketch.a
[ 24%] Built target minisketch
[ 24%] Linking C static library libsecp256k1.a
[ 24%] Built target secp256k1
Scanning dependencies of target bitcoinconsensus_static
Scanning dependencies of target bitcoinconsensus
[ 25%] Building CXX object src/script/CMakeFiles/bitcoinconsensus.dir/bitcoinconsensus.cpp.o
[ 25%] Building CXX object src/script/CMakeFiles/bitcoinconsensus_static.dir/__/support/cleanse.cpp.o
[ 25%] Building CXX object src/script/CMakeFiles/bitcoinconsensus_static.dir/bitcoinconsensus.cpp.o
[ 25%] Building CXX object src/script/CMakeFiles/bitcoinconsensus.dir/interpreter.cpp.o
[ 25%] Building CXX object src/script/CMakeFiles/bitcoinconsensus_static.dir/interpreter.cpp.o
[ 25%] Building CXX object src/script/CMakeFiles/bitcoinconsensus.dir/__/support/cleanse.cpp.o
[ 25%] Building CXX object src/script/CMakeFiles/bitcoinconsensus_static.dir/script.cpp.o
[ 26%] Building CXX object src/script/CMakeFiles/bitcoinconsensus.dir/script.cpp.o
[ 26%] Building CXX object src/script/CMakeFiles/bitcoinconsensus_static.dir/script_error.cpp.o
[ 26%] Building CXX object src/script/CMakeFiles/bitcoinconsensus.dir/script_error.cpp.o
[ 26%] Building CXX object src/script/CMakeFiles/bitcoinconsensus.dir/__/arith_uint256.cpp.o
[ 26%] Building CXX object src/script/CMakeFiles/bitcoinconsensus.dir/__/consensus/merkle.cpp.o
[ 26%] Building CXX object src/script/CMakeFiles/bitcoinconsensus.dir/__/consensus/tx_check.cpp.o
[ 26%] Building CXX object src/script/CMakeFiles/bitcoinconsensus_static.dir/__/arith_uint256.cpp.o
[ 26%] Building CXX object src/script/CMakeFiles/bitcoinconsensus.dir/__/hash.cpp.o
[ 27%] Building CXX object src/script/CMakeFiles/bitcoinconsensus.dir/__/primitives/block.cpp.o
[ 28%] Building CXX object src/script/CMakeFiles/bitcoinconsensus_static.dir/__/consensus/merkle.cpp.o
Scanning dependencies of target bitcoinkernel_static
Scanning dependencies of target bitcoinkernel
[ 28%] Building CXX object src/script/CMakeFiles/bitcoinconsensus.dir/__/primitives/transaction.cpp.o
[ 28%] Built target bitcoin_consensus
[ 28%] Building CXX object src/script/CMakeFiles/bitcoinconsensus_static.dir/__/consensus/tx_check.cpp.o
[ 28%] Building CXX object src/script/CMakeFiles/bitcoinconsensus_static.dir/__/hash.cpp.o
[ 28%] Building CXX object src/script/CMakeFiles/bitcoinconsensus_static.dir/__/primitives/block.cpp.o
[ 28%] Building CXX object src/kernel/CMakeFiles/bitcoinkernel.dir/bitcoinkernel.cpp.o
[ 28%] Building CXX object src/kernel/CMakeFiles/bitcoinkernel_static.dir/bitcoinkernel.cpp.o
[ 28%] Building CXX object src/script/CMakeFiles/bitcoinconsensus_static.dir/__/primitives/transaction.cpp.o
[ 29%] Building CXX object src/kernel/CMakeFiles/bitcoinkernel.dir/chain.cpp.o
[ 29%] Building CXX object src/kernel/CMakeFiles/bitcoinkernel_static.dir/chain.cpp.o
[ 29%] Building CXX object src/script/CMakeFiles/bitcoinconsensus.dir/__/pubkey.cpp.o
[ 29%] Building CXX object src/kernel/CMakeFiles/bitcoinkernel.dir/checks.cpp.o
[ 29%] Building CXX object src/kernel/CMakeFiles/bitcoinkernel_static.dir/checks.cpp.o
[ 29%] Building CXX object src/script/CMakeFiles/bitcoinconsensus.dir/__/uint256.cpp.o
[ 29%] Building CXX object src/script/CMakeFiles/bitcoinconsensus_static.dir/__/pubkey.cpp.o
[ 29%] Building CXX object src/kernel/CMakeFiles/bitcoinkernel.dir/context.cpp.o
[ 29%] Building CXX object src/kernel/CMakeFiles/bitcoinkernel.dir/coinstats.cpp.o
[ 29%] Building CXX object src/script/CMakeFiles/bitcoinconsensus.dir/__/util/strencodings.cpp.o
[ 30%] Building CXX object src/script/CMakeFiles/bitcoinconsensus_static.dir/__/uint256.cpp.o
[ 30%] Building CXX object src/kernel/CMakeFiles/bitcoinkernel_static.dir/coinstats.cpp.o
[ 30%] Building CXX object src/script/CMakeFiles/bitcoinconsensus_static.dir/__/util/strencodings.cpp.o
[ 30%] Building CXX object src/kernel/CMakeFiles/bitcoinkernel.dir/mempool_persist.cpp.o
[ 30%] Building CXX object src/kernel/CMakeFiles/bitcoinkernel_static.dir/context.cpp.o
[ 30%] Building CXX object src/kernel/CMakeFiles/bitcoinkernel_static.dir/mempool_persist.cpp.o
[ 31%] Building CXX object src/kernel/CMakeFiles/bitcoinkernel_static.dir/__/arith_uint256.cpp.o
[ 31%] Building CXX object src/kernel/CMakeFiles/bitcoinkernel_static.dir/__/chain.cpp.o
[ 31%] Building CXX object src/kernel/CMakeFiles/bitcoinkernel.dir/__/arith_uint256.cpp.o
[ 31%] Building CXX object src/kernel/CMakeFiles/bitcoinkernel_static.dir/__/chainparamsbase.cpp.o
[ 32%] Building CXX object src/kernel/CMakeFiles/bitcoinkernel.dir/__/chain.cpp.o
[ 32%] Building CXX object src/kernel/CMakeFiles/bitcoinkernel_static.dir/__/chainparams.cpp.o
[ 32%] Building CXX object src/kernel/CMakeFiles/bitcoinkernel_static.dir/__/clientversion.cpp.o
[ 32%] Building CXX object src/kernel/CMakeFiles/bitcoinkernel_static.dir/__/coins.cpp.o
[ 33%] Building CXX object src/kernel/CMakeFiles/bitcoinkernel_static.dir/__/compressor.cpp.o
[ 33%] Building CXX object src/kernel/CMakeFiles/bitcoinkernel_static.dir/__/consensus/merkle.cpp.o
[ 33%] Building CXX object src/kernel/CMakeFiles/bitcoinkernel_static.dir/__/consensus/tx_check.cpp.o
[ 33%] Building CXX object src/kernel/CMakeFiles/bitcoinkernel.dir/__/chainparamsbase.cpp.o
[ 33%] Building CXX object src/kernel/CMakeFiles/bitcoinkernel_static.dir/__/consensus/tx_verify.cpp.o
[ 33%] Building CXX object src/kernel/CMakeFiles/bitcoinkernel.dir/__/chainparams.cpp.o
[ 33%] Building CXX object src/kernel/CMakeFiles/bitcoinkernel_static.dir/__/core_read.cpp.o
[ 33%] Building CXX object src/kernel/CMakeFiles/bitcoinkernel.dir/__/clientversion.cpp.o
[ 33%] Building CXX object src/kernel/CMakeFiles/bitcoinkernel.dir/__/coins.cpp.o
[ 33%] Building CXX object src/kernel/CMakeFiles/bitcoinkernel_static.dir/__/dbwrapper.cpp.o
[ 34%] Building CXX object src/kernel/CMakeFiles/bitcoinkernel_static.dir/__/deploymentinfo.cpp.o
[ 34%] Building CXX object src/kernel/CMakeFiles/bitcoinkernel.dir/__/compressor.cpp.o
[ 35%] Building CXX object src/kernel/CMakeFiles/bitcoinkernel.dir/__/consensus/merkle.cpp.o
[ 35%] Building CXX object src/kernel/CMakeFiles/bitcoinkernel.dir/__/consensus/tx_check.cpp.o
[ 35%] Building CXX object src/kernel/CMakeFiles/bitcoinkernel.dir/__/core_read.cpp.o
[ 35%] Building CXX object src/kernel/CMakeFiles/bitcoinkernel.dir/__/consensus/tx_verify.cpp.o
[ 35%] Building CXX object src/kernel/CMakeFiles/bitcoinkernel_static.dir/__/deploymentstatus.cpp.o
[ 35%] Building CXX object src/kernel/CMakeFiles/bitcoinkernel_static.dir/__/flatfile.cpp.o
[ 35%] Building CXX object src/kernel/CMakeFiles/bitcoinkernel_static.dir/__/fs.cpp.o
[ 35%] Building CXX object src/kernel/CMakeFiles/bitcoinkernel.dir/__/dbwrapper.cpp.o
[ 35%] Building CXX object src/kernel/CMakeFiles/bitcoinkernel.dir/__/deploymentinfo.cpp.o
[ 35%] Building CXX object src/kernel/CMakeFiles/bitcoinkernel_static.dir/__/hash.cpp.o
[ 36%] Building CXX object src/kernel/CMakeFiles/bitcoinkernel.dir/__/deploymentstatus.cpp.o
[ 36%] Building CXX object src/kernel/CMakeFiles/bitcoinkernel_static.dir/__/key.cpp.o
[ 37%] Building CXX object src/kernel/CMakeFiles/bitcoinkernel_static.dir/__/logging.cpp.o
[ 37%] Building CXX object src/kernel/CMakeFiles/bitcoinkernel_static.dir/__/node/blockstorage.cpp.o
[ 37%] Building CXX object src/kernel/CMakeFiles/bitcoinkernel_static.dir/__/node/chainstate.cpp.o
[ 37%] Building CXX object src/kernel/CMakeFiles/bitcoinkernel.dir/__/flatfile.cpp.o
[ 37%] Building CXX object src/kernel/CMakeFiles/bitcoinkernel.dir/__/fs.cpp.o
[ 37%] Building CXX object src/kernel/CMakeFiles/bitcoinkernel.dir/__/hash.cpp.o
[ 37%] Building CXX object src/kernel/CMakeFiles/bitcoinkernel_static.dir/__/node/interface_ui.cpp.o
[ 37%] Building CXX object src/kernel/CMakeFiles/bitcoinkernel.dir/__/key.cpp.o
[ 37%] Building CXX object src/kernel/CMakeFiles/bitcoinkernel_static.dir/__/node/utxo_snapshot.cpp.o
[ 37%] Building CXX object src/kernel/CMakeFiles/bitcoinkernel.dir/__/logging.cpp.o
[ 37%] Linking CXX static library libbitcoin_util.a
[ 38%] Building CXX object src/kernel/CMakeFiles/bitcoinkernel.dir/__/node/blockstorage.cpp.o
[ 38%] Building CXX object src/kernel/CMakeFiles/bitcoinkernel_static.dir/__/policy/feerate.cpp.o
[ 38%] Building CXX object src/kernel/CMakeFiles/bitcoinkernel.dir/__/node/chainstate.cpp.o
[ 39%] Building CXX object src/kernel/CMakeFiles/bitcoinkernel_static.dir/__/policy/fees.cpp.o
[ 39%] Building CXX object src/kernel/CMakeFiles/bitcoinkernel_static.dir/__/policy/packages.cpp.o
[ 39%] Building CXX object src/kernel/CMakeFiles/bitcoinkernel_static.dir/__/policy/policy.cpp.o
[ 39%] Building CXX object src/kernel/CMakeFiles/bitcoinkernel_static.dir/__/policy/rbf.cpp.o
[ 39%] Building CXX object src/kernel/CMakeFiles/bitcoinkernel.dir/__/node/interface_ui.cpp.o
[ 39%] Building CXX object src/kernel/CMakeFiles/bitcoinkernel_static.dir/__/policy/settings.cpp.o
[ 39%] Building CXX object src/kernel/CMakeFiles/bitcoinkernel_static.dir/__/pow.cpp.o
[ 39%] Building CXX object src/kernel/CMakeFiles/bitcoinkernel.dir/__/node/utxo_snapshot.cpp.o
[ 39%] Building CXX object src/kernel/CMakeFiles/bitcoinkernel.dir/__/policy/feerate.cpp.o
[ 39%] Building CXX object src/kernel/CMakeFiles/bitcoinkernel.dir/__/policy/fees.cpp.o
[ 40%] Building CXX object src/kernel/CMakeFiles/bitcoinkernel_static.dir/__/primitives/block.cpp.o
[ 40%] Building CXX object src/kernel/CMakeFiles/bitcoinkernel_static.dir/__/primitives/transaction.cpp.o
[ 40%] Built target bitcoin_util
[ 41%] Building CXX object src/kernel/CMakeFiles/bitcoinkernel_static.dir/__/pubkey.cpp.o
[ 41%] Building CXX object src/kernel/CMakeFiles/bitcoinkernel.dir/__/policy/packages.cpp.o
[ 41%] Building CXX object src/kernel/CMakeFiles/bitcoinkernel.dir/__/policy/policy.cpp.o
[ 41%] Building CXX object src/kernel/CMakeFiles/bitcoinkernel_static.dir/__/random.cpp.o
[ 41%] Building CXX object src/kernel/CMakeFiles/bitcoinkernel.dir/__/policy/rbf.cpp.o
[ 41%] Building CXX object src/kernel/CMakeFiles/bitcoinkernel_static.dir/__/randomenv.cpp.o
[ 41%] Building CXX object src/kernel/CMakeFiles/bitcoinkernel.dir/__/policy/settings.cpp.o
[ 41%] Building CXX object src/kernel/CMakeFiles/bitcoinkernel_static.dir/__/scheduler.cpp.o
[ 41%] Building CXX object src/kernel/CMakeFiles/bitcoinkernel_static.dir/__/script/interpreter.cpp.o
[ 42%] Building CXX object src/kernel/CMakeFiles/bitcoinkernel_static.dir/__/script/script.cpp.o
[ 42%] Building CXX object src/kernel/CMakeFiles/bitcoinkernel_static.dir/__/script/script_error.cpp.o
[ 42%] Building CXX object src/kernel/CMakeFiles/bitcoinkernel_static.dir/__/script/sigcache.cpp.o
[ 42%] Building CXX object src/kernel/CMakeFiles/bitcoinkernel.dir/__/pow.cpp.o
[ 42%] Building CXX object src/kernel/CMakeFiles/bitcoinkernel.dir/__/primitives/block.cpp.o
[ 42%] Building CXX object src/kernel/CMakeFiles/bitcoinkernel_static.dir/__/script/standard.cpp.o
[ 42%] Building CXX object src/kernel/CMakeFiles/bitcoinkernel_static.dir/__/shutdown.cpp.o
[ 43%] Building CXX object src/kernel/CMakeFiles/bitcoinkernel.dir/__/primitives/transaction.cpp.o
[ 43%] Building CXX object src/kernel/CMakeFiles/bitcoinkernel_static.dir/__/signet.cpp.o
[ 43%] Building CXX object src/kernel/CMakeFiles/bitcoinkernel.dir/__/pubkey.cpp.o
[ 44%] Building CXX object src/kernel/CMakeFiles/bitcoinkernel_static.dir/__/support/cleanse.cpp.o
[ 44%] Building CXX object src/kernel/CMakeFiles/bitcoinkernel.dir/__/random.cpp.o
[ 44%] Building CXX object src/kernel/CMakeFiles/bitcoinkernel.dir/__/randomenv.cpp.o
[ 44%] Building CXX object src/kernel/CMakeFiles/bitcoinkernel.dir/__/scheduler.cpp.o
[ 44%] Building CXX object src/kernel/CMakeFiles/bitcoinkernel_static.dir/__/support/lockedpool.cpp.o
[ 44%] Building CXX object src/kernel/CMakeFiles/bitcoinkernel.dir/__/script/interpreter.cpp.o
Scanning dependencies of target bitcoin_common
[ 44%] Building CXX object src/kernel/CMakeFiles/bitcoinkernel.dir/__/script/script.cpp.o
[ 44%] Building CXX object src/CMakeFiles/bitcoin_common.dir/base58.cpp.o
[ 45%] Building CXX object src/kernel/CMakeFiles/bitcoinkernel.dir/__/script/script_error.cpp.o
[ 45%] Building CXX object src/CMakeFiles/bitcoin_common.dir/bech32.cpp.o
[ 45%] Building CXX object src/CMakeFiles/bitcoin_common.dir/chainparams.cpp.o
[ 45%] Building CXX object src/kernel/CMakeFiles/bitcoinkernel_static.dir/__/txdb.cpp.o
[ 45%] Building CXX object src/CMakeFiles/bitcoin_common.dir/coins.cpp.o
[ 45%] Building CXX object src/kernel/CMakeFiles/bitcoinkernel.dir/__/script/sigcache.cpp.o
[ 45%] Building CXX object src/kernel/CMakeFiles/bitcoinkernel_static.dir/__/txmempool.cpp.o
[ 45%] Building CXX object src/CMakeFiles/bitcoin_common.dir/common/bloom.cpp.o
[ 45%] Building CXX object src/kernel/CMakeFiles/bitcoinkernel_static.dir/__/uint256.cpp.o
[ 45%] Building CXX object src/kernel/CMakeFiles/bitcoinkernel.dir/__/script/standard.cpp.o
[ 46%] Building CXX object src/CMakeFiles/bitcoin_common.dir/common/run_command.cpp.o
[ 46%] Building CXX object src/kernel/CMakeFiles/bitcoinkernel_static.dir/__/util/check.cpp.o
[ 46%] Building CXX object src/CMakeFiles/bitcoin_common.dir/compressor.cpp.o
[ 46%] Building CXX object src/kernel/CMakeFiles/bitcoinkernel.dir/__/shutdown.cpp.o
[ 47%] Building CXX object src/kernel/CMakeFiles/bitcoinkernel_static.dir/__/util/getuniquepath.cpp.o
[ 47%] Building CXX object src/CMakeFiles/bitcoin_common.dir/core_read.cpp.o
[ 47%] Building CXX object src/kernel/CMakeFiles/bitcoinkernel_static.dir/__/util/hasher.cpp.o
[ 47%] Building CXX object src/kernel/CMakeFiles/bitcoinkernel.dir/__/signet.cpp.o
[ 47%] Building CXX object src/CMakeFiles/bitcoin_common.dir/core_write.cpp.o
[ 47%] Building CXX object src/kernel/CMakeFiles/bitcoinkernel_static.dir/__/util/moneystr.cpp.o
[ 47%] Building CXX object src/kernel/CMakeFiles/bitcoinkernel.dir/__/support/cleanse.cpp.o
[ 47%] Building CXX object src/CMakeFiles/bitcoin_common.dir/deploymentinfo.cpp.o
[ 47%] Building CXX object src/kernel/CMakeFiles/bitcoinkernel_static.dir/__/util/rbf.cpp.o
[ 48%] Building CXX object src/kernel/CMakeFiles/bitcoinkernel.dir/__/support/lockedpool.cpp.o
[ 48%] Building CXX object src/kernel/CMakeFiles/bitcoinkernel_static.dir/__/util/serfloat.cpp.o
[ 48%] Building CXX object src/kernel/CMakeFiles/bitcoinkernel.dir/__/txdb.cpp.o
[ 48%] Building CXX object src/CMakeFiles/bitcoin_common.dir/external_signer.cpp.o
[ 48%] Building CXX object src/kernel/CMakeFiles/bitcoinkernel_static.dir/__/util/settings.cpp.o
[ 49%] Building CXX object src/CMakeFiles/bitcoin_common.dir/init/common.cpp.o
[ 49%] Building CXX object src/kernel/CMakeFiles/bitcoinkernel.dir/__/txmempool.cpp.o
[ 50%] Building CXX object src/kernel/CMakeFiles/bitcoinkernel_static.dir/__/util/strencodings.cpp.o
[ 50%] Building CXX object src/CMakeFiles/bitcoin_common.dir/key.cpp.o
[ 50%] Building CXX object src/kernel/CMakeFiles/bitcoinkernel.dir/__/uint256.cpp.o
[ 50%] Building CXX object src/kernel/CMakeFiles/bitcoinkernel_static.dir/__/util/string.cpp.o
[ 50%] Building CXX object src/CMakeFiles/bitcoin_common.dir/key_io.cpp.o
[ 50%] Building CXX object src/kernel/CMakeFiles/bitcoinkernel_static.dir/__/util/syscall_sandbox.cpp.o
[ 50%] Building CXX object src/kernel/CMakeFiles/bitcoinkernel.dir/__/util/check.cpp.o
[ 50%] Building CXX object src/CMakeFiles/bitcoin_common.dir/merkleblock.cpp.o
[ 50%] Building CXX object src/kernel/CMakeFiles/bitcoinkernel_static.dir/__/util/syserror.cpp.o
[ 50%] Building CXX object src/kernel/CMakeFiles/bitcoinkernel.dir/__/util/getuniquepath.cpp.o
[ 51%] Building CXX object src/kernel/CMakeFiles/bitcoinkernel.dir/__/util/hasher.cpp.o
[ 51%] Building CXX object src/CMakeFiles/bitcoin_common.dir/net_types.cpp.o
[ 51%] Building CXX object src/CMakeFiles/bitcoin_common.dir/netaddress.cpp.o
[ 51%] Building CXX object src/kernel/CMakeFiles/bitcoinkernel_static.dir/__/util/system.cpp.o
[ 51%] Building CXX object src/kernel/CMakeFiles/bitcoinkernel.dir/__/util/moneystr.cpp.o
[ 52%] Building CXX object src/CMakeFiles/bitcoin_common.dir/netbase.cpp.o
[ 52%] Building CXX object src/kernel/CMakeFiles/bitcoinkernel.dir/__/util/rbf.cpp.o
[ 52%] Building CXX object src/kernel/CMakeFiles/bitcoinkernel_static.dir/__/util/thread.cpp.o
[ 52%] Building CXX object src/CMakeFiles/bitcoin_common.dir/net_permissions.cpp.o
[ 52%] Building CXX object src/CMakeFiles/bitcoin_common.dir/outputtype.cpp.o
[ 52%] Building CXX object src/CMakeFiles/bitcoin_common.dir/policy/feerate.cpp.o
[ 53%] Building CXX object src/kernel/CMakeFiles/bitcoinkernel_static.dir/__/util/threadnames.cpp.o
[ 53%] Building CXX object src/kernel/CMakeFiles/bitcoinkernel.dir/__/util/serfloat.cpp.o
[ 53%] Building CXX object src/CMakeFiles/bitcoin_common.dir/policy/policy.cpp.o
[ 53%] Building CXX object src/kernel/CMakeFiles/bitcoinkernel_static.dir/__/util/time.cpp.o
[ 53%] Building CXX object src/CMakeFiles/bitcoin_common.dir/protocol.cpp.o
[ 53%] Building CXX object src/kernel/CMakeFiles/bitcoinkernel_static.dir/__/util/tokenpipe.cpp.o
[ 54%] Building CXX object src/CMakeFiles/bitcoin_common.dir/psbt.cpp.o
[ 54%] Building CXX object src/kernel/CMakeFiles/bitcoinkernel.dir/__/util/settings.cpp.o
[ 54%] Building CXX object src/kernel/CMakeFiles/bitcoinkernel_static.dir/__/validation.cpp.o
[ 54%] Building CXX object src/kernel/CMakeFiles/bitcoinkernel.dir/__/util/strencodings.cpp.o
[ 55%] Building CXX object src/kernel/CMakeFiles/bitcoinkernel.dir/__/util/string.cpp.o
[ 55%] Building CXX object src/CMakeFiles/bitcoin_common.dir/rpc/rawtransaction_util.cpp.o
[ 55%] Building CXX object src/kernel/CMakeFiles/bitcoinkernel_static.dir/__/validationinterface.cpp.o
[ 55%] Building CXX object src/kernel/CMakeFiles/bitcoinkernel_static.dir/__/versionbits.cpp.o
[ 55%] Building CXX object src/kernel/CMakeFiles/bitcoinkernel.dir/__/util/syscall_sandbox.cpp.o
[ 55%] Building CXX object src/kernel/CMakeFiles/bitcoinkernel.dir/__/util/syserror.cpp.o
[ 55%] Building CXX object src/CMakeFiles/bitcoin_common.dir/rpc/external_signer.cpp.o
[ 55%] Building CXX object src/kernel/CMakeFiles/bitcoinkernel.dir/__/util/system.cpp.o
[ 55%] Building CXX object src/kernel/CMakeFiles/bitcoinkernel.dir/__/util/thread.cpp.o
[ 56%] Building CXX object src/kernel/CMakeFiles/bitcoinkernel_static.dir/__/warnings.cpp.o
[ 56%] Building CXX object src/CMakeFiles/bitcoin_common.dir/rpc/util.cpp.o
[ 56%] Building CXX object src/kernel/CMakeFiles/bitcoinkernel.dir/__/util/threadnames.cpp.o
[ 56%] Building CXX object src/CMakeFiles/bitcoin_common.dir/scheduler.cpp.o
[ 57%] Building CXX object src/kernel/CMakeFiles/bitcoinkernel.dir/__/util/time.cpp.o
[ 57%] Building CXX object src/CMakeFiles/bitcoin_common.dir/script/descriptor.cpp.o
[ 58%] Building CXX object src/CMakeFiles/bitcoin_common.dir/script/miniscript.cpp.o
[ 58%] Building CXX object src/kernel/CMakeFiles/bitcoinkernel.dir/__/util/tokenpipe.cpp.o
[ 58%] Building CXX object src/CMakeFiles/bitcoin_common.dir/script/sign.cpp.o
[ 58%] Building CXX object src/CMakeFiles/bitcoin_common.dir/script/signingprovider.cpp.o
[ 58%] Building CXX object src/kernel/CMakeFiles/bitcoinkernel.dir/__/validation.cpp.o
[ 58%] Building CXX object src/CMakeFiles/bitcoin_common.dir/script/standard.cpp.o
[ 58%] Building CXX object src/CMakeFiles/bitcoin_common.dir/warnings.cpp.o
[ 58%] Building CXX object src/kernel/CMakeFiles/bitcoinkernel.dir/__/validationinterface.cpp.o
[ 58%] Building CXX object src/kernel/CMakeFiles/bitcoinkernel.dir/__/versionbits.cpp.o
[ 58%] Building CXX object src/CMakeFiles/bitcoin_common.dir/common/url.cpp.o
[ 58%] Building CXX object src/kernel/CMakeFiles/bitcoinkernel.dir/__/warnings.cpp.o
[ 58%] Linking CXX shared library libbitcoinconsensus.so
[ 58%] Linking CXX static library libbitcoinconsensus.a
[ 58%] Built target bitcoinconsensus_static
[ 58%] Built target bitcoinconsensus
[ 58%] Linking CXX static library libbitcoin_common.a
[ 58%] Built target bitcoin_common
Scanning dependencies of target bitcoin-util
Scanning dependencies of target bitcoin-tx
Scanning dependencies of target bitcoin-cli
[ 58%] Building CXX object src/CMakeFiles/bitcoin-util.dir/bitcoin-util.cpp.o
[ 58%] Building CXX object src/CMakeFiles/bitcoin-tx.dir/bitcoin-tx.cpp.o
[ 58%] Building CXX object src/CMakeFiles/bitcoin-cli.dir/compat/stdin.cpp.o
[ 58%] Building CXX object src/CMakeFiles/bitcoin-cli.dir/bitcoin-cli.cpp.o
[ 58%] Linking CXX static library libbitcoinkernel.a
[ 59%] Linking CXX executable bitcoin-util
[ 59%] Linking CXX executable bitcoin-tx
[ 59%] Linking CXX executable bitcoin-cli
[ 60%] Linking CXX shared library libbitcoinkernel.so
[ 60%] Built target bitcoin-util
[ 60%] Built target bitcoin-cli
[ 60%] Built target bitcoin-tx
Scanning dependencies of target bitcoin_node
[ 61%] Building CXX object src/CMakeFiles/bitcoin_node.dir/addrman.cpp.o
[ 61%] Building CXX object src/CMakeFiles/bitcoin_node.dir/addrdb.cpp.o
[ 61%] Building CXX object src/CMakeFiles/bitcoin_node.dir/banman.cpp.o
[ 61%] Building CXX object src/CMakeFiles/bitcoin_node.dir/blockfilter.cpp.o
[ 61%] Building CXX object src/CMakeFiles/bitcoin_node.dir/blockencodings.cpp.o
[ 61%] Building CXX object src/CMakeFiles/bitcoin_node.dir/consensus/tx_verify.cpp.o
[ 61%] Building CXX object src/CMakeFiles/bitcoin_node.dir/chain.cpp.o
[ 62%] Building CXX object src/CMakeFiles/bitcoin_node.dir/dbwrapper.cpp.o
[ 62%] Building CXX object src/CMakeFiles/bitcoin_node.dir/headerssync.cpp.o
[ 62%] Building CXX object src/CMakeFiles/bitcoin_node.dir/deploymentstatus.cpp.o
[ 62%] Building CXX object src/CMakeFiles/bitcoin_node.dir/flatfile.cpp.o
[ 63%] Building CXX object src/CMakeFiles/bitcoin_node.dir/i2p.cpp.o
[ 63%] Building CXX object src/CMakeFiles/bitcoin_node.dir/httpserver.cpp.o
[ 63%] Building CXX object src/CMakeFiles/bitcoin_node.dir/httprpc.cpp.o
[ 63%] Building CXX object src/CMakeFiles/bitcoin_node.dir/index/base.cpp.o
[ 63%] Building CXX object src/CMakeFiles/bitcoin_node.dir/index/blockfilterindex.cpp.o
[ 63%] Building CXX object src/CMakeFiles/bitcoin_node.dir/index/coinstatsindex.cpp.o
[ 63%] Building CXX object src/CMakeFiles/bitcoin_node.dir/index/txindex.cpp.o
[ 63%] Building CXX object src/CMakeFiles/bitcoin_node.dir/init.cpp.o
[ 64%] Building CXX object src/CMakeFiles/bitcoin_node.dir/kernel/chain.cpp.o
[ 64%] Building CXX object src/CMakeFiles/bitcoin_node.dir/kernel/checks.cpp.o
[ 64%] Building CXX object src/CMakeFiles/bitcoin_node.dir/kernel/coinstats.cpp.o
[ 64%] Built target bitcoinkernel_static
[ 64%] Building CXX object src/CMakeFiles/bitcoin_node.dir/kernel/context.cpp.o
[ 64%] Building CXX object src/CMakeFiles/bitcoin_node.dir/kernel/mempool_persist.cpp.o
[ 64%] Building CXX object src/CMakeFiles/bitcoin_node.dir/mapport.cpp.o
[ 65%] Building CXX object src/CMakeFiles/bitcoin_node.dir/net.cpp.o
[ 65%] Building CXX object src/CMakeFiles/bitcoin_node.dir/netgroup.cpp.o
[ 65%] Building CXX object src/CMakeFiles/bitcoin_node.dir/net_processing.cpp.o
[ 65%] Building CXX object src/CMakeFiles/bitcoin_node.dir/node/blockstorage.cpp.o
[ 65%] Building CXX object src/CMakeFiles/bitcoin_node.dir/node/caches.cpp.o
[ 65%] Building CXX object src/CMakeFiles/bitcoin_node.dir/node/chainstate.cpp.o
[ 66%] Building CXX object src/CMakeFiles/bitcoin_node.dir/node/chainstatemanager_args.cpp.o
[ 66%] Building CXX object src/CMakeFiles/bitcoin_node.dir/node/connection_types.cpp.o
[ 66%] Building CXX object src/CMakeFiles/bitcoin_node.dir/node/coin.cpp.o
[ 66%] Building CXX object src/CMakeFiles/bitcoin_node.dir/node/context.cpp.o
Scanning dependencies of target bitcoin-chainstate
[ 66%] Building CXX object src/CMakeFiles/bitcoin_node.dir/node/eviction.cpp.o
[ 66%] Building CXX object src/CMakeFiles/bitcoin-chainstate.dir/bitcoin-chainstate.cpp.o
[ 66%] Building CXX object src/CMakeFiles/bitcoin_node.dir/node/interface_ui.cpp.o
[ 67%] Building CXX object src/CMakeFiles/bitcoin_node.dir/node/interfaces.cpp.o
[ 67%] Building CXX object src/CMakeFiles/bitcoin_node.dir/node/mempool_args.cpp.o
[ 67%] Building CXX object src/CMakeFiles/bitcoin_node.dir/node/mempool_persist_args.cpp.o
[ 67%] Building CXX object src/CMakeFiles/bitcoin_node.dir/node/miner.cpp.o
[ 67%] Building CXX object src/CMakeFiles/bitcoin_node.dir/node/minisketchwrapper.cpp.o
[ 67%] Built target bitcoinkernel
[ 67%] Building CXX object src/CMakeFiles/bitcoin_node.dir/node/psbt.cpp.o
[ 68%] Building CXX object src/CMakeFiles/bitcoin_node.dir/node/transaction.cpp.o
[ 68%] Building CXX object src/CMakeFiles/bitcoin_node.dir/node/txreconciliation.cpp.o
[ 69%] Linking CXX executable bitcoin-chainstate
[ 69%] Building CXX object src/CMakeFiles/bitcoin_node.dir/node/utxo_snapshot.cpp.o
[ 69%] Building CXX object src/CMakeFiles/bitcoin_node.dir/node/validation_cache_args.cpp.o
[ 69%] Building CXX object src/CMakeFiles/bitcoin_node.dir/noui.cpp.o
[ 69%] Building CXX object src/CMakeFiles/bitcoin_node.dir/policy/fees.cpp.o
[ 69%] Building CXX object src/CMakeFiles/bitcoin_node.dir/policy/fees_args.cpp.o
[ 70%] Building CXX object src/CMakeFiles/bitcoin_node.dir/policy/packages.cpp.o
[ 70%] Building CXX object src/CMakeFiles/bitcoin_node.dir/policy/rbf.cpp.o
[ 70%] Building CXX object src/CMakeFiles/bitcoin_node.dir/policy/settings.cpp.o
[ 70%] Building CXX object src/CMakeFiles/bitcoin_node.dir/pow.cpp.o
[ 70%] Building CXX object src/CMakeFiles/bitcoin_node.dir/rest.cpp.o
[ 70%] Building CXX object src/CMakeFiles/bitcoin_node.dir/rpc/blockchain.cpp.o
[ 71%] Building CXX object src/CMakeFiles/bitcoin_node.dir/rpc/fees.cpp.o
[ 71%] Building CXX object src/CMakeFiles/bitcoin_node.dir/rpc/mempool.cpp.o
[ 71%] Building CXX object src/CMakeFiles/bitcoin_node.dir/rpc/mining.cpp.o
[ 71%] Building CXX object src/CMakeFiles/bitcoin_node.dir/rpc/net.cpp.o
[ 71%] Building CXX object src/CMakeFiles/bitcoin_node.dir/rpc/node.cpp.o
[ 71%] Building CXX object src/CMakeFiles/bitcoin_node.dir/rpc/output_script.cpp.o
[ 72%] Building CXX object src/CMakeFiles/bitcoin_node.dir/rpc/rawtransaction.cpp.o
[ 72%] Building CXX object src/CMakeFiles/bitcoin_node.dir/rpc/server.cpp.o
[ 72%] Building CXX object src/CMakeFiles/bitcoin_node.dir/rpc/server_util.cpp.o
[ 72%] Building CXX object src/CMakeFiles/bitcoin_node.dir/rpc/signmessage.cpp.o
[ 72%] Building CXX object src/CMakeFiles/bitcoin_node.dir/rpc/txoutproof.cpp.o
[ 72%] Building CXX object src/CMakeFiles/bitcoin_node.dir/script/sigcache.cpp.o
[ 73%] Building CXX object src/CMakeFiles/bitcoin_node.dir/shutdown.cpp.o
[ 73%] Building CXX object src/CMakeFiles/bitcoin_node.dir/signet.cpp.o
[ 73%] Building CXX object src/CMakeFiles/bitcoin_node.dir/timedata.cpp.o
[ 73%] Building CXX object src/CMakeFiles/bitcoin_node.dir/torcontrol.cpp.o
[ 73%] Building CXX object src/CMakeFiles/bitcoin_node.dir/txdb.cpp.o
[ 73%] Building CXX object src/CMakeFiles/bitcoin_node.dir/txmempool.cpp.o
[ 74%] Building CXX object src/CMakeFiles/bitcoin_node.dir/txorphanage.cpp.o
[ 74%] Building CXX object src/CMakeFiles/bitcoin_node.dir/txrequest.cpp.o
[ 74%] Building CXX object src/CMakeFiles/bitcoin_node.dir/validation.cpp.o
[ 74%] Building CXX object src/CMakeFiles/bitcoin_node.dir/validationinterface.cpp.o
[ 74%] Building CXX object src/CMakeFiles/bitcoin_node.dir/versionbits.cpp.o
[ 74%] Building CXX object src/CMakeFiles/bitcoin_node.dir/dummywallet.cpp.o
[ 74%] Built target bitcoin-chainstate
[ 75%] Linking CXX static library libbitcoin_node.a
[ 75%] Built target bitcoin_node
Scanning dependencies of target bitcoind
[ 75%] Building CXX object src/CMakeFiles/bitcoind.dir/init/bitcoind.cpp.o
[ 75%] Building CXX object src/CMakeFiles/bitcoind.dir/bitcoind.cpp.o
[ 75%] Linking CXX executable bitcoind
Scanning dependencies of target test_util
[ 75%] Building CXX object src/test/util/CMakeFiles/test_util.dir/blockfilter.cpp.o
[ 75%] Building CXX object src/test/util/CMakeFiles/test_util.dir/logging.cpp.o
[ 75%] Building CXX object src/test/util/CMakeFiles/test_util.dir/mining.cpp.o
[ 76%] Building CXX object src/test/util/CMakeFiles/test_util.dir/script.cpp.o
[ 76%] Building CXX object src/test/util/CMakeFiles/test_util.dir/net.cpp.o
[ 76%] Building CXX object src/test/util/CMakeFiles/test_util.dir/transaction_utils.cpp.o
[ 76%] Building CXX object src/test/util/CMakeFiles/test_util.dir/txmempool.cpp.o
[ 76%] Building CXX object src/test/util/CMakeFiles/test_util.dir/setup_common.cpp.o
[ 76%] Building CXX object src/test/util/CMakeFiles/test_util.dir/str.cpp.o
[ 76%] Building CXX object src/test/util/CMakeFiles/test_util.dir/validation.cpp.o
[ 77%] Building CXX object src/test/util/CMakeFiles/test_util.dir/wallet.cpp.o
[ 77%] Linking CXX static library libtest_util.a
[ 77%] Built target test_util
[ 77%] Generating data/block413567.raw.h
[ 77%] Generating data/base58_encode_decode.json.h
[ 77%] Generating data/tx_valid.json.h
[ 78%] Generating data/bip341_wallet_vectors.json.h
[ 78%] Generating data/script_tests.json.h
[ 78%] Generating data/key_io_valid.json.h
[ 78%] Generating data/blockfilters.json.h
[ 78%] Generating data/asmap.raw.h
[ 78%] Generating data/key_io_invalid.json.h
[ 78%] Generating data/sighash.json.h
[ 79%] Generating data/tx_invalid.json.h
[ 79%] Built target bitcoind
Scanning dependencies of target test_bitcoin
[ 79%] Building CXX object src/test/CMakeFiles/test_bitcoin.dir/compilerbug_tests.cpp.o
[ 79%] Building CXX object src/test/CMakeFiles/test_bitcoin.dir/addrman_tests.cpp.o
[ 79%] Building CXX object src/test/CMakeFiles/test_bitcoin.dir/allocator_tests.cpp.o
[ 80%] Building CXX object src/test/CMakeFiles/test_bitcoin.dir/arith_uint256_tests.cpp.o
[ 80%] Building CXX object src/test/CMakeFiles/test_bitcoin.dir/banman_tests.cpp.o
[ 80%] Building CXX object src/test/CMakeFiles/test_bitcoin.dir/amount_tests.cpp.o
[ 80%] Building CXX object src/test/CMakeFiles/test_bitcoin.dir/base32_tests.cpp.o
[ 80%] Building CXX object src/test/CMakeFiles/test_bitcoin.dir/base58_tests.cpp.o
[ 80%] Building CXX object src/test/CMakeFiles/test_bitcoin.dir/base64_tests.cpp.o
[ 80%] Building CXX object src/test/CMakeFiles/test_bitcoin.dir/bech32_tests.cpp.o
[ 80%] Building CXX object src/test/CMakeFiles/test_bitcoin.dir/bip32_tests.cpp.o
[ 81%] Building CXX object src/test/CMakeFiles/test_bitcoin.dir/blockchain_tests.cpp.o
[ 81%] Building CXX object src/test/CMakeFiles/test_bitcoin.dir/blockencodings_tests.cpp.o
[ 81%] Building CXX object src/test/CMakeFiles/test_bitcoin.dir/blockfilter_index_tests.cpp.o
[ 81%] Building CXX object src/test/CMakeFiles/test_bitcoin.dir/blockfilter_tests.cpp.o
[ 81%] Building CXX object src/test/CMakeFiles/test_bitcoin.dir/bloom_tests.cpp.o
[ 81%] Building CXX object src/test/CMakeFiles/test_bitcoin.dir/bswap_tests.cpp.o
[ 82%] Building CXX object src/test/CMakeFiles/test_bitcoin.dir/checkqueue_tests.cpp.o
[ 82%] Building CXX object src/test/CMakeFiles/test_bitcoin.dir/coinstatsindex_tests.cpp.o
[ 82%] Building CXX object src/test/CMakeFiles/test_bitcoin.dir/coins_tests.cpp.o
[ 82%] Building CXX object src/test/CMakeFiles/test_bitcoin.dir/compress_tests.cpp.o
[ 82%] Building CXX object src/test/CMakeFiles/test_bitcoin.dir/crypto_tests.cpp.o
[ 82%] Building CXX object src/test/CMakeFiles/test_bitcoin.dir/cuckoocache_tests.cpp.o
[ 83%] Building CXX object src/test/CMakeFiles/test_bitcoin.dir/dbwrapper_tests.cpp.o
[ 83%] Building CXX object src/test/CMakeFiles/test_bitcoin.dir/denialofservice_tests.cpp.o
[ 83%] Building CXX object src/test/CMakeFiles/test_bitcoin.dir/descriptor_tests.cpp.o
[ 83%] Building CXX object src/test/CMakeFiles/test_bitcoin.dir/flatfile_tests.cpp.o
[ 83%] Building CXX object src/test/CMakeFiles/test_bitcoin.dir/fs_tests.cpp.o
[ 83%] Building CXX object src/test/CMakeFiles/test_bitcoin.dir/getarg_tests.cpp.o
[ 84%] Building CXX object src/test/CMakeFiles/test_bitcoin.dir/hash_tests.cpp.o
[ 84%] Building CXX object src/test/CMakeFiles/test_bitcoin.dir/headers_sync_chainwork_tests.cpp.o
[ 84%] Building CXX object src/test/CMakeFiles/test_bitcoin.dir/httpserver_tests.cpp.o
[ 84%] Building CXX object src/test/CMakeFiles/test_bitcoin.dir/i2p_tests.cpp.o
[ 84%] Building CXX object src/test/CMakeFiles/test_bitcoin.dir/interfaces_tests.cpp.o
[ 84%] Building CXX object src/test/CMakeFiles/test_bitcoin.dir/key_io_tests.cpp.o
[ 84%] Building CXX object src/test/CMakeFiles/test_bitcoin.dir/logging_tests.cpp.o
[ 85%] Building CXX object src/test/CMakeFiles/test_bitcoin.dir/key_tests.cpp.o
[ 85%] Building CXX object src/test/CMakeFiles/test_bitcoin.dir/main.cpp.o
[ 85%] Building CXX object src/test/CMakeFiles/test_bitcoin.dir/mempool_tests.cpp.o
[ 85%] Building CXX object src/test/CMakeFiles/test_bitcoin.dir/merkleblock_tests.cpp.o
[ 85%] Building CXX object src/test/CMakeFiles/test_bitcoin.dir/merkle_tests.cpp.o
[ 85%] Building CXX object src/test/CMakeFiles/test_bitcoin.dir/miner_tests.cpp.o
[ 86%] Building CXX object src/test/CMakeFiles/test_bitcoin.dir/netbase_tests.cpp.o
[ 86%] Building CXX object src/test/CMakeFiles/test_bitcoin.dir/minisketch_tests.cpp.o
[ 86%] Building CXX object src/test/CMakeFiles/test_bitcoin.dir/multisig_tests.cpp.o
[ 86%] Building CXX object src/test/CMakeFiles/test_bitcoin.dir/miniscript_tests.cpp.o
[ 86%] Building CXX object src/test/CMakeFiles/test_bitcoin.dir/net_peer_eviction_tests.cpp.o
[ 86%] Building CXX object src/test/CMakeFiles/test_bitcoin.dir/net_tests.cpp.o
[ 87%] Building CXX object src/test/CMakeFiles/test_bitcoin.dir/policy_fee_tests.cpp.o
[ 87%] Building CXX object src/test/CMakeFiles/test_bitcoin.dir/pmt_tests.cpp.o
[ 87%] Building CXX object src/test/CMakeFiles/test_bitcoin.dir/orphanage_tests.cpp.o
[ 87%] Building CXX object src/test/CMakeFiles/test_bitcoin.dir/pow_tests.cpp.o
[ 87%] Building CXX object src/test/CMakeFiles/test_bitcoin.dir/policyestimator_tests.cpp.o
[ 88%] Building CXX object src/test/CMakeFiles/test_bitcoin.dir/prevector_tests.cpp.o
[ 88%] Building CXX object src/test/CMakeFiles/test_bitcoin.dir/raii_event_tests.cpp.o
[ 88%] Building CXX object src/test/CMakeFiles/test_bitcoin.dir/random_tests.cpp.o
[ 88%] Building CXX object src/test/CMakeFiles/test_bitcoin.dir/rbf_tests.cpp.o
[ 88%] Building CXX object src/test/CMakeFiles/test_bitcoin.dir/rest_tests.cpp.o
[ 88%] Building CXX object src/test/CMakeFiles/test_bitcoin.dir/result_tests.cpp.o
[ 88%] Building CXX object src/test/CMakeFiles/test_bitcoin.dir/reverselock_tests.cpp.o
[ 89%] Building CXX object src/test/CMakeFiles/test_bitcoin.dir/rpc_tests.cpp.o
[ 89%] Building CXX object src/test/CMakeFiles/test_bitcoin.dir/scheduler_tests.cpp.o
[ 89%] Building CXX object src/test/CMakeFiles/test_bitcoin.dir/sanity_tests.cpp.o
[ 89%] Building CXX object src/test/CMakeFiles/test_bitcoin.dir/scriptnum_tests.cpp.o
[ 89%] Building CXX object src/test/CMakeFiles/test_bitcoin.dir/script_p2sh_tests.cpp.o
[ 89%] Building CXX object src/test/CMakeFiles/test_bitcoin.dir/script_parse_tests.cpp.o
[ 90%] Building CXX object src/test/CMakeFiles/test_bitcoin.dir/script_segwit_tests.cpp.o
[ 90%] Building CXX object src/test/CMakeFiles/test_bitcoin.dir/script_standard_tests.cpp.o
[ 90%] Building CXX object src/test/CMakeFiles/test_bitcoin.dir/script_tests.cpp.o
[ 90%] Building CXX object src/test/CMakeFiles/test_bitcoin.dir/serfloat_tests.cpp.o
[ 90%] Building CXX object src/test/CMakeFiles/test_bitcoin.dir/serialize_tests.cpp.o
[ 90%] Building CXX object src/test/CMakeFiles/test_bitcoin.dir/settings_tests.cpp.o
[ 91%] Building CXX object src/test/CMakeFiles/test_bitcoin.dir/sighash_tests.cpp.o
[ 91%] Building CXX object src/test/CMakeFiles/test_bitcoin.dir/skiplist_tests.cpp.o
[ 91%] Building CXX object src/test/CMakeFiles/test_bitcoin.dir/sigopcount_tests.cpp.o
[ 91%] Building CXX object src/test/CMakeFiles/test_bitcoin.dir/sock_tests.cpp.o
[ 91%] Building CXX object src/test/CMakeFiles/test_bitcoin.dir/streams_tests.cpp.o
[ 91%] Building CXX object src/test/CMakeFiles/test_bitcoin.dir/sync_tests.cpp.o
[ 91%] Building CXX object src/test/CMakeFiles/test_bitcoin.dir/system_tests.cpp.o
[ 92%] Building CXX object src/test/CMakeFiles/test_bitcoin.dir/timedata_tests.cpp.o
[ 92%] Building CXX object src/test/CMakeFiles/test_bitcoin.dir/torcontrol_tests.cpp.o
[ 92%] Building CXX object src/test/CMakeFiles/test_bitcoin.dir/transaction_tests.cpp.o
[ 92%] Building CXX object src/test/CMakeFiles/test_bitcoin.dir/txindex_tests.cpp.o
[ 92%] Building CXX object src/test/CMakeFiles/test_bitcoin.dir/txpackage_tests.cpp.o
[ 92%] Building CXX object src/test/CMakeFiles/test_bitcoin.dir/txreconciliation_tests.cpp.o
[ 93%] Building CXX object src/test/CMakeFiles/test_bitcoin.dir/txrequest_tests.cpp.o
[ 93%] Building CXX object src/test/CMakeFiles/test_bitcoin.dir/txvalidationcache_tests.cpp.o
[ 93%] Building CXX object src/test/CMakeFiles/test_bitcoin.dir/txvalidation_tests.cpp.o
[ 93%] Building CXX object src/test/CMakeFiles/test_bitcoin.dir/uint256_tests.cpp.o
[ 93%] Building CXX object src/test/CMakeFiles/test_bitcoin.dir/util_tests.cpp.o
[ 93%] Building CXX object src/test/CMakeFiles/test_bitcoin.dir/util_threadnames_tests.cpp.o
[ 94%] Building CXX object src/test/CMakeFiles/test_bitcoin.dir/validation_block_tests.cpp.o
[ 94%] Building CXX object src/test/CMakeFiles/test_bitcoin.dir/validation_chainstate_tests.cpp.o
[ 94%] Building CXX object src/test/CMakeFiles/test_bitcoin.dir/validation_flush_tests.cpp.o
[ 94%] Building CXX object src/test/CMakeFiles/test_bitcoin.dir/validation_tests.cpp.o
[ 95%] Building CXX object src/test/CMakeFiles/test_bitcoin.dir/versionbits_tests.cpp.o
[ 94%] Building CXX object src/test/CMakeFiles/test_bitcoin.dir/validation_chainstatemanager_tests.cpp.o
[ 95%] Building CXX object src/test/CMakeFiles/test_bitcoin.dir/validationinterface_tests.cpp.o
[ 95%] Linking CXX executable test_bitcoin
[ 95%] Built target test_bitcoin
Scanning dependencies of target bench_bitcoin
[ 95%] Building CXX object src/bench/CMakeFiles/bench_bitcoin.dir/base58.cpp.o
[ 95%] Building CXX object src/bench/CMakeFiles/bench_bitcoin.dir/addrman.cpp.o
[ 95%] Building CXX object src/bench/CMakeFiles/bench_bitcoin.dir/bech32.cpp.o
[ 95%] Building CXX object src/bench/CMakeFiles/bench_bitcoin.dir/bench.cpp.o
[ 95%] Building CXX object src/bench/CMakeFiles/bench_bitcoin.dir/bench_bitcoin.cpp.o
[ 96%] Building CXX object src/bench/CMakeFiles/bench_bitcoin.dir/ccoins_caching.cpp.o
[ 96%] Building CXX object src/bench/CMakeFiles/bench_bitcoin.dir/chacha_poly_aead.cpp.o
[ 96%] Building CXX object src/bench/CMakeFiles/bench_bitcoin.dir/block_assemble.cpp.o
[ 96%] Building CXX object src/bench/CMakeFiles/bench_bitcoin.dir/chacha20.cpp.o
[ 96%] Building CXX object src/bench/CMakeFiles/bench_bitcoin.dir/checkblock.cpp.o
[ 97%] Building CXX object src/bench/CMakeFiles/bench_bitcoin.dir/crypto_hash.cpp.o
[ 97%] Building CXX object src/bench/CMakeFiles/bench_bitcoin.dir/checkqueue.cpp.o
[ 97%] Building CXX object src/bench/CMakeFiles/bench_bitcoin.dir/data.cpp.o
[ 97%] Building CXX object src/bench/CMakeFiles/bench_bitcoin.dir/descriptors.cpp.o
[ 97%] Building CXX object src/bench/CMakeFiles/bench_bitcoin.dir/duplicate_inputs.cpp.o
[ 97%] Building CXX object src/bench/CMakeFiles/bench_bitcoin.dir/examples.cpp.o
[ 97%] Building CXX object src/bench/CMakeFiles/bench_bitcoin.dir/gcs_filter.cpp.o
[ 98%] Building CXX object src/bench/CMakeFiles/bench_bitcoin.dir/hashpadding.cpp.o
[ 98%] Building CXX object src/bench/CMakeFiles/bench_bitcoin.dir/lockedpool.cpp.o
[ 98%] Building CXX object src/bench/CMakeFiles/bench_bitcoin.dir/logging.cpp.o
[ 98%] Building CXX object src/bench/CMakeFiles/bench_bitcoin.dir/mempool_stress.cpp.o
[ 98%] Building CXX object src/bench/CMakeFiles/bench_bitcoin.dir/mempool_eviction.cpp.o
[ 98%] Building CXX object src/bench/CMakeFiles/bench_bitcoin.dir/merkle_root.cpp.o
[ 99%] Building CXX object src/bench/CMakeFiles/bench_bitcoin.dir/nanobench.cpp.o
[ 99%] Building CXX object src/bench/CMakeFiles/bench_bitcoin.dir/peer_eviction.cpp.o
[ 99%] Building CXX object src/bench/CMakeFiles/bench_bitcoin.dir/poly1305.cpp.o
[ 99%] Building CXX object src/bench/CMakeFiles/bench_bitcoin.dir/prevector.cpp.o
[ 99%] Building CXX object src/bench/CMakeFiles/bench_bitcoin.dir/rollingbloom.cpp.o
[ 99%] Building CXX object src/bench/CMakeFiles/bench_bitcoin.dir/rpc_blockchain.cpp.o
[100%] Building CXX object src/bench/CMakeFiles/bench_bitcoin.dir/rpc_mempool.cpp.o
[100%] Building CXX object src/bench/CMakeFiles/bench_bitcoin.dir/strencodings.cpp.o
[100%] Building CXX object src/bench/CMakeFiles/bench_bitcoin.dir/util_time.cpp.o
[100%] Building CXX object src/bench/CMakeFiles/bench_bitcoin.dir/verify_script.cpp.o
[100%] Linking CXX executable bench_bitcoin
[100%] Built target bench_bitcoin
Install the project...
-- Install configuration: "Release"
-- Installing: /tmp/cirrus-ci-build/ci/scratch/out/x86_64-pc-linux-gnu/bin/bitcoind
-- Installing: /tmp/cirrus-ci-build/ci/scratch/out/x86_64-pc-linux-gnu/bin/bitcoin-cli
-- Installing: /tmp/cirrus-ci-build/ci/scratch/out/x86_64-pc-linux-gnu/bin/bitcoin-tx
-- Installing: /tmp/cirrus-ci-build/ci/scratch/out/x86_64-pc-linux-gnu/bin/bitcoin-util
-- Installing: /tmp/cirrus-ci-build/ci/scratch/out/x86_64-pc-linux-gnu/bin/bitcoin-chainstate
-- Installing: /tmp/cirrus-ci-build/ci/scratch/out/x86_64-pc-linux-gnu/share/man/man1
-- Installing: /tmp/cirrus-ci-build/ci/scratch/out/x86_64-pc-linux-gnu/share/man/man1/bitcoin-wallet.1
-- Installing: /tmp/cirrus-ci-build/ci/scratch/out/x86_64-pc-linux-gnu/share/man/man1/bitcoind.1
-- Installing: /tmp/cirrus-ci-build/ci/scratch/out/x86_64-pc-linux-gnu/share/man/man1/bitcoin-qt.1
-- Installing: /tmp/cirrus-ci-build/ci/scratch/out/x86_64-pc-linux-gnu/share/man/man1/bitcoin-cli.1
-- Installing: /tmp/cirrus-ci-build/ci/scratch/out/x86_64-pc-linux-gnu/share/man/man1/bitcoin-tx.1
-- Installing: /tmp/cirrus-ci-build/ci/scratch/out/x86_64-pc-linux-gnu/share/man/man1/bitcoin-util.1
-- Installing: /tmp/cirrus-ci-build/ci/scratch/out/x86_64-pc-linux-gnu/lib/libbitcoinconsensus.so.0.0.0
-- Installing: /tmp/cirrus-ci-build/ci/scratch/out/x86_64-pc-linux-gnu/lib/libbitcoinconsensus.so.0
-- Installing: /tmp/cirrus-ci-build/ci/scratch/out/x86_64-pc-linux-gnu/lib/libbitcoinconsensus.so
-- Installing: /tmp/cirrus-ci-build/ci/scratch/out/x86_64-pc-linux-gnu/lib/libbitcoinconsensus.a
-- Installing: /tmp/cirrus-ci-build/ci/scratch/out/x86_64-pc-linux-gnu/include/bitcoinconsensus.h
-- Installing: /tmp/cirrus-ci-build/ci/scratch/out/x86_64-pc-linux-gnu/lib/pkgconfig/libbitcoinconsensus.pc
-- Installing: /tmp/cirrus-ci-build/ci/scratch/out/x86_64-pc-linux-gnu/lib/libbitcoinkernel.a
-- Installing: /tmp/cirrus-ci-build/ci/scratch/out/x86_64-pc-linux-gnu/lib/libbitcoinkernel.so.0.0.0
-- Installing: /tmp/cirrus-ci-build/ci/scratch/out/x86_64-pc-linux-gnu/lib/libbitcoinkernel.so.0
-- Installing: /tmp/cirrus-ci-build/ci/scratch/out/x86_64-pc-linux-gnu/lib/libbitcoinkernel.so
-- Installing: /tmp/cirrus-ci-build/ci/scratch/out/x86_64-pc-linux-gnu/bin/test_bitcoin
-- Installing: /tmp/cirrus-ci-build/ci/scratch/out/x86_64-pc-linux-gnu/bin/bench_bitcoin
ccache version 3.4.1
cache directory                     /tmp/ccache_dir
primary config                      /tmp/ccache_dir/ccache.conf
secondary config      (readonly)    /etc/ccache.conf
stats zero time                     Wed Nov 23 16:41:51 2022
cache hit (direct)                   401
cache hit (preprocessed)             136
cache miss                            24
cache hit rate                     95.72 %
cleanups performed                     2
files in cache                      1024
cache size                         174.8 MB
max cache size                     200.0 MB
4.0K	/tmp/cirrus-ci-build/depends/SDKs/
28K	/tmp/cirrus-ci-build/depends/builders/
16M	/tmp/cirrus-ci-build/depends/built/
40K	/tmp/cirrus-ci-build/depends/hosts/
148K	/tmp/cirrus-ci-build/depends/packages/
132K	/tmp/cirrus-ci-build/depends/patches/
4.0K	/tmp/cirrus-ci-build/depends/sdk-sources/
120M	/tmp/cirrus-ci-build/depends/sources/
72K	/tmp/cirrus-ci-build/depends/work/
181M	/tmp/cirrus-ci-build/depends/x86_64-pc-linux-gnu/
4.0K	/tmp/cirrus-ci-build/releases/x86_64-pc-linux-gnu
[  1%] Built target univalue
[  1%] Built target crc32c_arm64
[  1%] Built target crc32c_sse42
[  1%] Built target crc32c
[ 11%] Built target leveldb
[ 12%] Built target bitcoin_zmq
[ 14%] Built target secp256k1
[ 18%] Built target minisketch
[ 22%] Built target bitcoin_crypto
[ 30%] Built target bitcoin_util
[ 33%] Built target bitcoin_consensus
[ 40%] Built target bitcoin_common
[ 60%] Built target bitcoin_node
[ 63%] Built target test_util
[ 67%] Built target bitcoinconsensus_static
[ 74%] Built target bench_bitcoin
[ 74%] Built target rpc_client
[100%] Built target test_bitcoin
Scanning dependencies of target check
Running with --sanity-check option, benchmark results will be useless.
Warning, results might be unstable:
* CPU governor is '' but should be 'performance'
* Turbo is enabled, CPU frequency will fluctuate

Recommendations
* Use 'pyperf system tune' before benchmarking. See https://github.com/psf/pyperf

|               ns/op |                op/s |    err% |     total | benchmark
|--------------------:|--------------------:|--------:|----------:|:----------
|       22,243,749.00 |               44.96 |    0.0% |      0.02 | `AddrManAdd`
|       45,271,967.00 |               22.09 |    0.0% |      0.05 | `AddrManAddThenGood`
|          379,230.00 |            2,636.92 |    0.0% |      0.00 | `AddrManGetAddr`
|           13,380.00 |           74,738.42 |    0.0% |      0.00 | `AddrManSelect`
|          278,530.00 |            3,590.28 |    0.0% |      0.00 | `AssembleBlock`

|             ns/byte |              byte/s |    err% |     total | benchmark
|--------------------:|--------------------:|--------:|----------:|:----------
|              155.28 |        6,439,927.55 |    0.0% |      0.00 | `Base58CheckEncode`
|               58.50 |       17,094,017.09 |    0.0% |      0.00 | `Base58Decode`
|               82.50 |       12,121,212.12 |    0.0% |      0.00 | `Base58Encode`
|               37.31 |       26,804,123.71 |    0.0% |      0.00 | `Bech32Decode`
|               36.87 |       27,118,644.07 |    0.0% |      0.00 | `Bech32Encode`

|               ns/op |                op/s |    err% |     total | benchmark
|--------------------:|--------------------:|--------:|----------:|:----------
|              851.00 |        1,175,088.13 |    0.0% |      0.00 | `BenchLockedPool`
|              151.00 |        6,622,516.56 |    0.0% |      0.00 | `BenchTimeDeprecated`
|               89.00 |       11,235,955.06 |    0.0% |      0.00 | `BenchTimeMillis`
|               71.00 |       14,084,507.04 |    0.0% |      0.00 | `BenchTimeMillisSys`
|               31.00 |       32,258,064.52 |    0.0% |      0.00 | `BenchTimeMock`
|       72,524,035.00 |               13.79 |    0.0% |      0.07 | `BlockToJsonVerbose`
|       52,299,856.00 |               19.12 |    0.0% |      0.05 | `BlockToJsonVerboseWrite`

|              ns/job |               job/s |    err% |     total | benchmark
|--------------------:|--------------------:|--------:|----------:|:----------
|            4,669.36 |          214,162.29 |    0.0% |      0.01 | `CCheckQueueSpeedPrevectorJob`

|               ns/op |                op/s |    err% |     total | benchmark
|--------------------:|--------------------:|--------:|----------:|:----------
|            2,290.00 |          436,681.22 |    0.0% |      0.00 | `CCoinsCaching`

|             ns/byte |              byte/s |    err% |     total | benchmark
|--------------------:|--------------------:|--------:|----------:|:----------
|                1.55 |      646,335,540.02 |    0.0% |      0.00 | `CHACHA20_1MB`
|                1.84 |      544,680,851.06 |    0.0% |      0.00 | `CHACHA20_256BYTES`
|                2.34 |      426,666,666.67 |    0.0% |      0.00 | `CHACHA20_64BYTES`
|                4.64 |      215,566,094.95 |    0.0% |      0.00 | `CHACHA20_POLY1305_AEAD_1MB_ENCRYPT_DECRYPT`
|                2.43 |      412,059,480.02 |    0.0% |      0.00 | `CHACHA20_POLY1305_AEAD_1MB_ONLY_ENCRYPT`
|                6.95 |      143,820,224.72 |    0.0% |      0.00 | `CHACHA20_POLY1305_AEAD_256BYTES_ENCRYPT_DECRYPT`
|                3.40 |      294,252,873.56 |    0.0% |      0.00 | `CHACHA20_POLY1305_AEAD_256BYTES_ONLY_ENCRYPT`
|               13.28 |       75,294,117.65 |    0.0% |      0.00 | `CHACHA20_POLY1305_AEAD_64BYTES_ENCRYPT_DECRYPT`
|                6.72 |      148,837,209.30 |    0.0% |      0.00 | `CHACHA20_POLY1305_AEAD_64BYTES_ONLY_ENCRYPT`

|               ns/op |                op/s |    err% |     total | benchmark
|--------------------:|--------------------:|--------:|----------:|:----------
|      271,958,562.00 |                3.68 |    0.0% |      0.27 | `ComplexMemPool`

|            ns/block |             block/s |    err% |     total | benchmark
|--------------------:|--------------------:|--------:|----------:|:----------
|        3,208,199.00 |              311.70 |    0.0% |      0.00 | `DeserializeAndCheckBlockTest`
|        2,107,550.00 |              474.48 |    0.0% |      0.00 | `DeserializeBlockTest`

|               ns/op |                op/s |    err% |     total | benchmark
|--------------------:|--------------------:|--------:|----------:|:----------
|        8,338,569.00 |              119.92 |    0.0% |      0.01 | `DuplicateInputs`
|           24,350.00 |           41,067.76 |    0.0% |      0.00 | `EvictionProtection0Networks250Candidates`
|           13,080.00 |           76,452.60 |    0.0% |      0.00 | `EvictionProtection1Networks250Candidates`
|           19,800.00 |           50,505.05 |    0.0% |      0.00 | `EvictionProtection2Networks250Candidates`
|            6,010.00 |          166,389.35 |    0.0% |      0.00 | `EvictionProtection3Networks050Candidates`
|           41,670.00 |           23,998.08 |    0.0% |      0.00 | `EvictionProtection3Networks100Candidates`
|           34,860.00 |           28,686.17 |    0.0% |      0.00 | `EvictionProtection3Networks250Candidates`
|       13,151,629.00 |               76.04 |    0.0% |      0.01 | `ExpandDescriptor`
|              580.00 |        1,724,137.93 |    0.0% |      0.00 | `FastRandom_1bit`
|              180.00 |        5,555,555.56 |    0.0% |      0.00 | `FastRandom_32bit`
|          118,470.00 |            8,440.96 |    0.0% |      0.00 | `GCSBlockFilterGetHash`
|       10,064,059.00 |               99.36 |    0.0% |      0.01 | `GCSFilterConstruct`
|        2,174,530.00 |              459.87 |    0.0% |      0.00 | `GCSFilterDecode`
|            6,020.00 |          166,112.96 |    0.0% |      0.00 | `GCSFilterDecodeSkipCheck`
|          259,160.00 |            3,858.62 |    0.0% |      0.00 | `GCSFilterMatch`

|             ns/byte |              byte/s |    err% |     total | benchmark
|--------------------:|--------------------:|--------:|----------:|:----------
|                0.64 |    1,569,842,054.05 |    0.0% |      0.00 | `HASH_1MB`
|                1.37 |      731,428,571.43 |    0.0% |      0.00 | `HASH_256BYTES`
|                3.12 |      320,000,000.00 |    0.0% |      0.00 | `HASH_64BYTES`
|                0.54 |    1,843,687,422.79 |    0.0% |      0.00 | `HexStrBench`

|               ns/op |                op/s |    err% |     total | benchmark
|--------------------:|--------------------:|--------:|----------:|:----------
|              330.00 |        3,030,303.03 |    0.0% |      0.00 | `LoggingNoCategory`
|              709.00 |        1,410,437.24 |    0.0% |      0.00 | `LoggingNoFile`
|            7,890.00 |          126,742.71 |    0.0% |      0.00 | `LoggingNoThreadNames`
|            8,150.00 |          122,699.39 |    0.0% |      0.00 | `LoggingYoCategory`
|            7,020.00 |          142,450.14 |    0.0% |      0.00 | `LoggingYoThreadNames`
|       92,808,714.00 |               10.77 |    0.0% |      0.09 | `MempoolCheck`
|           48,560.00 |           20,593.08 |    0.0% |      0.00 | `MempoolEviction`

|             ns/leaf |              leaf/s |    err% |     total | benchmark
|--------------------:|--------------------:|--------:|----------:|:----------
|               65.91 |       15,172,867.18 |    0.0% |      0.00 | `MerkleRoot`

|               ns/op |                op/s |    err% |     total | benchmark
|--------------------:|--------------------:|--------:|----------:|:----------
|           18,960.00 |           52,742.62 |    0.0% |      0.00 | `MuHash`
|            4,040.00 |          247,524.75 |    0.0% |      0.00 | `MuHashDiv`
|            3,850.00 |          259,740.26 |    0.0% |      0.00 | `MuHashMul`
|              880.00 |        1,136,363.64 |    0.0% |      0.00 | `MuHashPrecompute`

|             ns/byte |              byte/s |    err% |     total | benchmark
|--------------------:|--------------------:|--------:|----------:|:----------
|                0.77 |    1,292,479,877.73 |    0.0% |      0.00 | `POLY1305_1MB`
|                0.94 |    1,066,666,666.67 |    0.0% |      0.00 | `POLY1305_256BYTES`
|                1.41 |      711,111,111.11 |    0.0% |      0.00 | `POLY1305_64BYTES`

|               ns/op |                op/s |    err% |     total | benchmark
|--------------------:|--------------------:|--------:|----------:|:----------
|              120.00 |        8,333,333.33 |    0.0% |      0.00 | `PrePadded`
|               95.00 |       10,526,315.79 |    0.0% |      0.00 | `PrevectorClearNontrivial`
|               70.00 |       14,285,714.29 |    0.0% |      0.00 | `PrevectorClearTrivial`
|              304.59 |        3,283,101.87 |    0.0% |      0.00 | `PrevectorDeserializeNontrivial`
|               23.70 |       42,194,092.83 |    0.0% |      0.00 | `PrevectorDeserializeTrivial`
|               15.00 |       66,666,666.67 |    0.0% |      0.00 | `PrevectorDestructorNontrivial`
|               15.00 |       66,666,666.67 |    0.0% |      0.00 | `PrevectorDestructorTrivial`
|               32.50 |       30,769,230.77 |    0.0% |      0.00 | `PrevectorResizeNontrivial`
|               32.50 |       30,769,230.77 |    0.0% |      0.00 | `PrevectorResizeTrivial`

|             ns/byte |              byte/s |    err% |     total | benchmark
|--------------------:|--------------------:|--------:|----------:|:----------
|                2.51 |      397,861,098.73 |    0.0% |      0.00 | `RIPEMD160`

|               ns/op |                op/s |    err% |     total | benchmark
|--------------------:|--------------------:|--------:|----------:|:----------
|              220.00 |        4,545,454.55 |    0.0% |      0.00 | `RegularPadded`
|              651.00 |        1,536,098.31 |    0.0% |      0.00 | `RollingBloom`
|           36,729.00 |           27,226.44 |    0.0% |      0.00 | `RollingBloomReset`
|        6,784,920.00 |              147.39 |    0.0% |      0.01 | `RpcMempool`

|             ns/byte |              byte/s |    err% |     total | benchmark
|--------------------:|--------------------:|--------:|----------:|:----------
|                1.59 |      629,984,754.37 |    0.0% |      0.00 | `SHA1`
|                0.63 |    1,579,901,129.79 |    0.0% |      0.00 | `SHA256`
|                0.95 |    1,052,465,914.02 |    0.0% |      0.00 | `SHA256D64_1024`
|                5.62 |      177,777,777.78 |    0.0% |      0.00 | `SHA256_32b`
|                4.32 |      231,476,659.05 |    0.0% |      0.00 | `SHA3_256_1M`
|                2.47 |      404,900,920.74 |    0.0% |      0.00 | `SHA512`

|               ns/op |                op/s |    err% |     total | benchmark
|--------------------:|--------------------:|--------:|----------:|:----------
|               90.00 |       11,111,111.11 |    0.0% |      0.00 | `SipHash_32b`
|           10,600.00 |           94,339.62 |    0.0% |      0.00 | `Trig`
|           66,200.00 |           15,105.74 |    0.0% |      0.00 | `VerifyNestedIfScript`
|           95,430.00 |           10,478.89 |    0.0% |      0.00 | `VerifyScriptBench`
Test project /tmp/cirrus-ci-build/ci/scratch/build
No tests were found!!!
...
----------------------------------------------------------------------
Ran 3 tests in 0.003s

OK
[100%] Built target check
E
======================================================================
ERROR: test_framework (unittest.loader._FailedTest)
----------------------------------------------------------------------
ImportError: Failed to import test module: test_framework
Traceback (most recent call last):
  File "/usr/lib/python3.6/unittest/loader.py", line 153, in loadTestsFromName
    module = __import__(module_name)
ModuleNotFoundError: No module named 'test_framework'


----------------------------------------------------------------------
Ran 1 test in 0.000s

FAILED (errors=1)
Running Unit Tests for Test Framework Modules
