./ci/test_run_all.sh
Setting specific values in env
Fallback to default values in env (if not yet set)
CCACHE_TEMPDIR=/tmp/.ccache-temp
BASE_OUTDIR=/tmp/cirrus-ci-build/ci/scratch/out/x86_64-pc-linux-gnu
TSAN_OPTIONS=suppressions=/tmp/cirrus-ci-build/test/sanitizer_suppressions/tsan:halt_on_error=1:log_path=/tmp/cirrus-ci-build/ci/scratch/sanitizer-output/tsan
CCACHE_SIZE=200M
CCACHE_DIR=/tmp/ccache_dir
BASE_BUILD_DIR=/tmp/cirrus-ci-build/ci/scratch/build
BASE_ROOT_DIR=/tmp/cirrus-ci-build
CCACHE_COMPRESS=1
ASAN_OPTIONS=detect_stack_use_after_return=1:check_initialization_order=1:strict_init_order=1
LSAN_OPTIONS=suppressions=/tmp/cirrus-ci-build/test/sanitizer_suppressions/lsan
BOOST_TEST_RANDOM=1
BITCOIN_CONFIG=--enable-fuzz --with-sanitizers=fuzzer,address,undefined,integer CC='clang -ftrivial-auto-var-init=pattern' CXX='clang++ -ftrivial-auto-var-init=pattern'
UBSAN_OPTIONS=suppressions=/tmp/cirrus-ci-build/test/sanitizer_suppressions/ubsan:print_stacktrace=1:halt_on_error=1:report_error_type=1
BASE_SCRATCH_DIR=/tmp/cirrus-ci-build/ci/scratch
CCACHE_NOHASHDIR=1
LC_ALL=C.UTF-8
PREVIOUS_RELEASES_DIR=/tmp/cirrus-ci-build/releases/x86_64-pc-linux-gnu
DEBIAN_FRONTEND=noninteractive
Running on host system without docker wrapper
Hit:1 http://security.ubuntu.com/ubuntu jammy-security InRelease
Hit:2 http://archive.ubuntu.com/ubuntu jammy InRelease
Hit:3 http://archive.ubuntu.com/ubuntu jammy-updates InRelease
Hit:4 http://archive.ubuntu.com/ubuntu jammy-backports InRelease
Reading package lists...
Reading package lists...
Building dependency tree...
Reading state information...
Skipping ca-certificates, it is already installed and upgrade is not set.
ca-certificates set to manually installed.
Skipping procps, it is already installed and upgrade is not set.
Skipping git, it is already installed and upgrade is not set.
The following additional packages will be installed:
  autoconf binutils binutils-common binutils-x86-64-linux-gnu bsdextrautils
  bzip2 clang-14 cpp cpp-11 dpkg-dev file g++ g++-11 gcc gcc-11 gcc-11-base
  lib32gcc-s1 lib32stdc++6 libasan6 libatomic1 libbinutils libboost1.74-dev
  libc-dev-bin libc6-dev libc6-i386 libcc1-0 libclang-common-14-dev
  libclang-cpp14 libclang1-14 libcrypt-dev libctf-nobfd0 libctf0 libcurl4
  libdpkg-perl libevent-2.1-7 libevent-core-2.1-7 libevent-extra-2.1-7
  libevent-openssl-2.1-7 libevent-pthreads-2.1-7 libgc1 libgcc-11-dev
  libglib2.0-0 libgomp1 libhiredis0.14 libicu70 libisl23 libitm1 libllvm14
  liblsan0 libmagic-mgc libmagic1 libmpc3 libmpdec3 libmpfr6 libnsl-dev
  libobjc-11-dev libobjc4 libpfm4 libpopt0 libpython3-stdlib
  libpython3.10-minimal libpython3.10-stdlib libquadmath0 libreadline8
  libsigsegv2 libsqlite3-0 libstdc++-11-dev libtirpc-dev libtsan0 libubsan1
  libxml2 linux-libc-dev llvm-14 llvm-14-linker-tools llvm-14-runtime
  llvm-runtime lto-disabled-list m4 make media-types ncal python3-minimal
  python3.10 python3.10-minimal readline-common rpcsvc-proto xz-utils
Suggested packages:
  autoconf-archive gnu-standards autoconf-doc gettext binutils-doc bison-doc
  calendar whois vacation mailutils bzip2-doc distcc | icecc clang-14-doc
  cpp-doc gcc-11-locales debian-keyring g++-multilib g++-11-multilib
  gcc-11-doc gcc-multilib manpages-dev flex gdb gcc-doc gcc-11-multilib
  libboost-doc libboost1.74-doc libboost-atomic1.74-dev
  libboost-chrono1.74-dev libboost-container1.74-dev libboost-context1.74-dev
  libboost-contract1.74-dev libboost-coroutine1.74-dev
  libboost-date-time1.74-dev libboost-exception1.74-dev libboost-fiber1.74-dev
  libboost-filesystem1.74-dev libboost-graph1.74-dev
  libboost-graph-parallel1.74-dev libboost-iostreams1.74-dev
  libboost-locale1.74-dev libboost-log1.74-dev libboost-math1.74-dev
  libboost-mpi1.74-dev libboost-mpi-python1.74-dev libboost-numpy1.74-dev
  libboost-program-options1.74-dev libboost-python1.74-dev
  libboost-random1.74-dev libboost-regex1.74-dev
  libboost-serialization1.74-dev libboost-stacktrace1.74-dev
  libboost-system1.74-dev libboost-test1.74-dev libboost-thread1.74-dev
  libboost-timer1.74-dev libboost-type-erasure1.74-dev libboost-wave1.74-dev
  libboost1.74-tools-dev libmpfrc++-dev libntl-dev libboost-nowide1.74-dev
  glibc-doc gnupg bzr sqlite3-doc libstdc++-11-doc libtool-doc gfortran
  | fortran95-compiler gcj-jdk llvm-14-doc m4-doc make-doc python3-doc
  python3-tk python3-venv python3.10-venv python3.10-doc binfmt-support
  readline-doc openssh-server
Recommended packages:
  llvm-14-dev fakeroot gnupg libalgorithm-merge-perl manpages manpages-dev
  libc-devtools libfile-fcntllock-perl liblocale-gettext-perl libglib2.0-data
  shared-mime-info xdg-user-dirs libltdl-dev binfmt-support
The following NEW packages will be installed:
  autoconf automake autotools-dev binutils binutils-common
  binutils-x86-64-linux-gnu bison bsdextrautils bsdmainutils build-essential
  bzip2 ccache clang clang-14 cpp cpp-11 curl dpkg-dev file g++ g++-11 gcc
  gcc-11 gcc-11-base lib32gcc-s1 lib32stdc++6 libasan6 libatomic1 libbinutils
  libboost-dev libboost1.74-dev libc-dev-bin libc6-dev libc6-i386 libcc1-0
  libclang-common-14-dev libclang-cpp14 libclang1-14 libcrypt-dev
  libctf-nobfd0 libctf0 libcurl4 libdpkg-perl libevent-2.1-7
  libevent-core-2.1-7 libevent-dev libevent-extra-2.1-7 libevent-openssl-2.1-7
  libevent-pthreads-2.1-7 libgc1 libgcc-11-dev libglib2.0-0 libgomp1
  libhiredis0.14 libicu70 libisl23 libitm1 libllvm14 liblsan0 libmagic-mgc
  libmagic1 libmpc3 libmpdec3 libmpfr6 libnsl-dev libobjc-11-dev libobjc4
  libpfm4 libpopt0 libpython3-stdlib libpython3.10-minimal
  libpython3.10-stdlib libquadmath0 libreadline8 libsigsegv2 libsqlite3-0
  libsqlite3-dev libstdc++-11-dev libtirpc-dev libtool libtsan0 libubsan1
  libxml2 linux-libc-dev llvm llvm-14 llvm-14-linker-tools llvm-14-runtime
  llvm-runtime lto-disabled-list m4 make media-types ncal pkg-config python3
  python3-minimal python3.10 python3.10-minimal readline-common rpcsvc-proto
  rsync xz-utils
0 upgraded, 103 newly installed, 0 to remove and 9 not upgraded.
Need to get 166 MB of archives.
After this operation, 797 MB of additional disk space will be used.
Get:1 http://archive.ubuntu.com/ubuntu jammy-updates/main amd64 libpython3.10-minimal amd64 3.10.4-3ubuntu0.1 [809 kB]
Get:2 http://archive.ubuntu.com/ubuntu jammy-updates/main amd64 python3.10-minimal amd64 3.10.4-3ubuntu0.1 [2258 kB]
Get:3 http://archive.ubuntu.com/ubuntu jammy/main amd64 python3-minimal amd64 3.10.4-0ubuntu2 [24.4 kB]
Get:4 http://archive.ubuntu.com/ubuntu jammy/main amd64 media-types all 7.0.0 [25.5 kB]
Get:5 http://archive.ubuntu.com/ubuntu jammy/main amd64 libmpdec3 amd64 2.5.1-2build2 [86.8 kB]
Get:6 http://archive.ubuntu.com/ubuntu jammy/main amd64 readline-common all 8.1.2-1 [53.5 kB]
Get:7 http://archive.ubuntu.com/ubuntu jammy/main amd64 libreadline8 amd64 8.1.2-1 [153 kB]
Get:8 http://archive.ubuntu.com/ubuntu jammy/main amd64 libsqlite3-0 amd64 3.37.2-2 [643 kB]
Get:9 http://archive.ubuntu.com/ubuntu jammy-updates/main amd64 libpython3.10-stdlib amd64 3.10.4-3ubuntu0.1 [1830 kB]
Get:10 http://archive.ubuntu.com/ubuntu jammy-updates/main amd64 python3.10 amd64 3.10.4-3ubuntu0.1 [488 kB]
Get:11 http://archive.ubuntu.com/ubuntu jammy/main amd64 libpython3-stdlib amd64 3.10.4-0ubuntu2 [6990 B]
Get:12 http://archive.ubuntu.com/ubuntu jammy/main amd64 python3 amd64 3.10.4-0ubuntu2 [22.8 kB]
Get:13 http://archive.ubuntu.com/ubuntu jammy/main amd64 libpopt0 amd64 1.18-3build1 [28.2 kB]
Get:14 http://archive.ubuntu.com/ubuntu jammy/main amd64 rsync amd64 3.2.3-8ubuntu3 [404 kB]
Get:15 http://archive.ubuntu.com/ubuntu jammy/main amd64 libglib2.0-0 amd64 2.72.1-1 [1460 kB]
Get:16 http://archive.ubuntu.com/ubuntu jammy/main amd64 libicu70 amd64 70.1-2 [10.6 MB]
Get:17 http://archive.ubuntu.com/ubuntu jammy-updates/main amd64 libxml2 amd64 2.9.13+dfsg-1ubuntu0.1 [763 kB]
Get:18 http://archive.ubuntu.com/ubuntu jammy/main amd64 bsdextrautils amd64 2.37.2-4ubuntu3 [71.1 kB]
Get:19 http://archive.ubuntu.com/ubuntu jammy/main amd64 libmagic-mgc amd64 1:5.41-3 [257 kB]
Get:20 http://archive.ubuntu.com/ubuntu jammy/main amd64 libmagic1 amd64 1:5.41-3 [87.2 kB]
Get:21 http://archive.ubuntu.com/ubuntu jammy/main amd64 file amd64 1:5.41-3 [21.5 kB]
Get:22 http://archive.ubuntu.com/ubuntu jammy/main amd64 xz-utils amd64 5.2.5-2ubuntu1 [84.8 kB]
Get:23 http://archive.ubuntu.com/ubuntu jammy/main amd64 libsigsegv2 amd64 2.13-1ubuntu3 [14.6 kB]
Get:24 http://archive.ubuntu.com/ubuntu jammy/main amd64 m4 amd64 1.4.18-5ubuntu2 [199 kB]
Get:25 http://archive.ubuntu.com/ubuntu jammy/main amd64 autoconf all 2.71-2 [338 kB]
Get:26 http://archive.ubuntu.com/ubuntu jammy/main amd64 autotools-dev all 20220109.1 [44.9 kB]
Get:27 http://archive.ubuntu.com/ubuntu jammy/main amd64 automake all 1:1.16.5-1.3 [558 kB]
Get:28 http://archive.ubuntu.com/ubuntu jammy/main amd64 binutils-common amd64 2.38-3ubuntu1 [221 kB]
Get:29 http://archive.ubuntu.com/ubuntu jammy/main amd64 libbinutils amd64 2.38-3ubuntu1 [662 kB]
Get:30 http://archive.ubuntu.com/ubuntu jammy/main amd64 libctf-nobfd0 amd64 2.38-3ubuntu1 [106 kB]
Get:31 http://archive.ubuntu.com/ubuntu jammy/main amd64 libctf0 amd64 2.38-3ubuntu1 [103 kB]
Get:32 http://archive.ubuntu.com/ubuntu jammy/main amd64 binutils-x86-64-linux-gnu amd64 2.38-3ubuntu1 [2328 kB]
Get:33 http://archive.ubuntu.com/ubuntu jammy/main amd64 binutils amd64 2.38-3ubuntu1 [3186 B]
Get:34 http://archive.ubuntu.com/ubuntu jammy/main amd64 bison amd64 2:3.8.2+dfsg-1build1 [748 kB]
Get:35 http://archive.ubuntu.com/ubuntu jammy/universe amd64 ncal amd64 12.1.7+nmu3ubuntu2 [20.2 kB]
Get:36 http://archive.ubuntu.com/ubuntu jammy/universe amd64 bsdmainutils all 12.1.7+nmu3ubuntu2 [3170 B]
Get:37 http://archive.ubuntu.com/ubuntu jammy/main amd64 libc-dev-bin amd64 2.35-0ubuntu3 [20.3 kB]
Get:38 http://archive.ubuntu.com/ubuntu jammy-updates/main amd64 linux-libc-dev amd64 5.15.0-41.44 [1297 kB]
Get:39 http://archive.ubuntu.com/ubuntu jammy/main amd64 libcrypt-dev amd64 1:4.4.27-1 [112 kB]
Get:40 http://archive.ubuntu.com/ubuntu jammy/main amd64 rpcsvc-proto amd64 1.4.2-0ubuntu6 [68.5 kB]
Get:41 http://archive.ubuntu.com/ubuntu jammy/main amd64 libtirpc-dev amd64 1.3.2-2build1 [192 kB]
Get:42 http://archive.ubuntu.com/ubuntu jammy/main amd64 libnsl-dev amd64 1.3.0-2build2 [71.3 kB]
Get:43 http://archive.ubuntu.com/ubuntu jammy/main amd64 libc6-dev amd64 2.35-0ubuntu3 [2099 kB]
Get:44 http://archive.ubuntu.com/ubuntu jammy/main amd64 gcc-11-base amd64 11.2.0-19ubuntu1 [20.8 kB]
Get:45 http://archive.ubuntu.com/ubuntu jammy/main amd64 libisl23 amd64 0.24-2build1 [727 kB]
Get:46 http://archive.ubuntu.com/ubuntu jammy/main amd64 libmpfr6 amd64 4.1.0-3build3 [1425 kB]
Get:47 http://archive.ubuntu.com/ubuntu jammy/main amd64 libmpc3 amd64 1.2.1-2build1 [46.9 kB]
Get:48 http://archive.ubuntu.com/ubuntu jammy/main amd64 cpp-11 amd64 11.2.0-19ubuntu1 [9966 kB]
Get:49 http://archive.ubuntu.com/ubuntu jammy/main amd64 cpp amd64 4:11.2.0-1ubuntu1 [27.7 kB]
Get:50 http://archive.ubuntu.com/ubuntu jammy/main amd64 libcc1-0 amd64 12-20220319-1ubuntu1 [47.2 kB]
Get:51 http://archive.ubuntu.com/ubuntu jammy/main amd64 libgomp1 amd64 12-20220319-1ubuntu1 [126 kB]
Get:52 http://archive.ubuntu.com/ubuntu jammy/main amd64 libitm1 amd64 12-20220319-1ubuntu1 [30.2 kB]
Get:53 http://archive.ubuntu.com/ubuntu jammy/main amd64 libatomic1 amd64 12-20220319-1ubuntu1 [10.4 kB]
Get:54 http://archive.ubuntu.com/ubuntu jammy/main amd64 libasan6 amd64 11.2.0-19ubuntu1 [2283 kB]
Get:55 http://archive.ubuntu.com/ubuntu jammy/main amd64 liblsan0 amd64 12-20220319-1ubuntu1 [1069 kB]
Get:56 http://archive.ubuntu.com/ubuntu jammy/main amd64 libtsan0 amd64 11.2.0-19ubuntu1 [2261 kB]
Get:57 http://archive.ubuntu.com/ubuntu jammy/main amd64 libubsan1 amd64 12-20220319-1ubuntu1 [976 kB]
Get:58 http://archive.ubuntu.com/ubuntu jammy/main amd64 libquadmath0 amd64 12-20220319-1ubuntu1 [154 kB]
Get:59 http://archive.ubuntu.com/ubuntu jammy/main amd64 libgcc-11-dev amd64 11.2.0-19ubuntu1 [2526 kB]
Get:60 http://archive.ubuntu.com/ubuntu jammy/main amd64 gcc-11 amd64 11.2.0-19ubuntu1 [20.1 MB]
Get:61 http://archive.ubuntu.com/ubuntu jammy/main amd64 gcc amd64 4:11.2.0-1ubuntu1 [5112 B]
Get:62 http://archive.ubuntu.com/ubuntu jammy/main amd64 libstdc++-11-dev amd64 11.2.0-19ubuntu1 [2083 kB]
Get:63 http://archive.ubuntu.com/ubuntu jammy/main amd64 g++-11 amd64 11.2.0-19ubuntu1 [11.4 MB]
Get:64 http://archive.ubuntu.com/ubuntu jammy/main amd64 g++ amd64 4:11.2.0-1ubuntu1 [1412 B]
Get:65 http://archive.ubuntu.com/ubuntu jammy/main amd64 make amd64 4.3-4.1build1 [180 kB]
Get:66 http://archive.ubuntu.com/ubuntu jammy-updates/main amd64 libdpkg-perl all 1.21.1ubuntu2.1 [237 kB]
Get:67 http://archive.ubuntu.com/ubuntu jammy/main amd64 bzip2 amd64 1.0.8-5build1 [34.8 kB]
Get:68 http://archive.ubuntu.com/ubuntu jammy/main amd64 lto-disabled-list all 24 [12.5 kB]
Get:69 http://archive.ubuntu.com/ubuntu jammy-updates/main amd64 dpkg-dev all 1.21.1ubuntu2.1 [922 kB]
Get:70 http://archive.ubuntu.com/ubuntu jammy/main amd64 build-essential amd64 12.9ubuntu3 [4744 B]
Get:71 http://archive.ubuntu.com/ubuntu jammy/universe amd64 libhiredis0.14 amd64 0.14.1-2 [32.8 kB]
Get:72 http://archive.ubuntu.com/ubuntu jammy/universe amd64 ccache amd64 4.5.1-1 [495 kB]
Get:73 http://archive.ubuntu.com/ubuntu jammy/main amd64 libllvm14 amd64 1:14.0.0-1ubuntu1 [24.0 MB]
Get:74 http://archive.ubuntu.com/ubuntu jammy/universe amd64 libclang-cpp14 amd64 1:14.0.0-1ubuntu1 [12.1 MB]
Get:75 http://archive.ubuntu.com/ubuntu jammy/main amd64 libgc1 amd64 1:8.0.6-1.1build1 [96.8 kB]
Get:76 http://archive.ubuntu.com/ubuntu jammy/universe amd64 libobjc4 amd64 12-20220319-1ubuntu1 [48.6 kB]
Get:77 http://archive.ubuntu.com/ubuntu jammy/universe amd64 libobjc-11-dev amd64 11.2.0-19ubuntu1 [196 kB]
Get:78 http://archive.ubuntu.com/ubuntu jammy/main amd64 libc6-i386 amd64 2.35-0ubuntu3 [2838 kB]
Get:79 http://archive.ubuntu.com/ubuntu jammy/main amd64 lib32gcc-s1 amd64 12-20220319-1ubuntu1 [64.5 kB]
Get:80 http://archive.ubuntu.com/ubuntu jammy/main amd64 lib32stdc++6 amd64 12-20220319-1ubuntu1 [738 kB]
Get:81 http://archive.ubuntu.com/ubuntu jammy/universe amd64 libclang-common-14-dev amd64 1:14.0.0-1ubuntu1 [5976 kB]
Get:82 http://archive.ubuntu.com/ubuntu jammy/universe amd64 llvm-14-linker-tools amd64 1:14.0.0-1ubuntu1 [1353 kB]
Get:83 http://archive.ubuntu.com/ubuntu jammy/universe amd64 libclang1-14 amd64 1:14.0.0-1ubuntu1 [6796 kB]
Get:84 http://archive.ubuntu.com/ubuntu jammy/universe amd64 clang-14 amd64 1:14.0.0-1ubuntu1 [81.2 kB]
Get:85 http://archive.ubuntu.com/ubuntu jammy/universe amd64 clang amd64 1:14.0-55~exp2 [3558 B]
Get:86 http://archive.ubuntu.com/ubuntu jammy-updates/main amd64 libcurl4 amd64 7.81.0-1ubuntu1.3 [290 kB]
Get:87 http://archive.ubuntu.com/ubuntu jammy-updates/main amd64 curl amd64 7.81.0-1ubuntu1.3 [194 kB]
Get:88 http://archive.ubuntu.com/ubuntu jammy/main amd64 libboost1.74-dev amd64 1.74.0-14ubuntu3 [9609 kB]
Get:89 http://archive.ubuntu.com/ubuntu jammy/main amd64 libboost-dev amd64 1.74.0.3ubuntu7 [3490 B]
Get:90 http://archive.ubuntu.com/ubuntu jammy/main amd64 libevent-2.1-7 amd64 2.1.12-stable-1build3 [148 kB]
Get:91 http://archive.ubuntu.com/ubuntu jammy/main amd64 libevent-core-2.1-7 amd64 2.1.12-stable-1build3 [93.9 kB]
Get:92 http://archive.ubuntu.com/ubuntu jammy/main amd64 libevent-extra-2.1-7 amd64 2.1.12-stable-1build3 [65.4 kB]
Get:93 http://archive.ubuntu.com/ubuntu jammy/main amd64 libevent-pthreads-2.1-7 amd64 2.1.12-stable-1build3 [7642 B]
Get:94 http://archive.ubuntu.com/ubuntu jammy/main amd64 libevent-openssl-2.1-7 amd64 2.1.12-stable-1build3 [15.8 kB]
Get:95 http://archive.ubuntu.com/ubuntu jammy/main amd64 libevent-dev amd64 2.1.12-stable-1build3 [278 kB]
Get:96 http://archive.ubuntu.com/ubuntu jammy/main amd64 libsqlite3-dev amd64 3.37.2-2 [847 kB]
Get:97 http://archive.ubuntu.com/ubuntu jammy/main amd64 libtool all 2.4.6-15build2 [164 kB]
Get:98 http://archive.ubuntu.com/ubuntu jammy/universe amd64 llvm-14-runtime amd64 1:14.0.0-1ubuntu1 [484 kB]
Get:99 http://archive.ubuntu.com/ubuntu jammy/universe amd64 llvm-runtime amd64 1:14.0-55~exp2 [3204 B]
Get:100 http://archive.ubuntu.com/ubuntu jammy/main amd64 libpfm4 amd64 4.11.1+git32-gd0b85fb-1 [278 kB]
Get:101 http://archive.ubuntu.com/ubuntu jammy/universe amd64 llvm-14 amd64 1:14.0.0-1ubuntu1 [12.7 MB]
Get:102 http://archive.ubuntu.com/ubuntu jammy/universe amd64 llvm amd64 1:14.0-55~exp2 [3758 B]
Get:103 http://archive.ubuntu.com/ubuntu jammy/main amd64 pkg-config amd64 0.29.2-1ubuntu3 [48.2 kB]
debconf: delaying package configuration, since apt-utils is not installed
Fetched 166 MB in 3s (55.3 MB/s)
Selecting previously unselected package libpython3.10-minimal:amd64.
(Reading database ... (Reading database ... 5%(Reading database ... 10%(Reading database ... 15%(Reading database ... 20%(Reading database ... 25%(Reading database ... 30%(Reading database ... 35%(Reading database ... 40%(Reading database ... 45%(Reading database ... 50%(Reading database ... 55%(Reading database ... 60%(Reading database ... 65%(Reading database ... 70%(Reading database ... 75%(Reading database ... 80%(Reading database ... 85%(Reading database ... 90%(Reading database ... 95%(Reading database ... 100%(Reading database ... 8352 files and directories currently installed.)
Preparing to unpack .../libpython3.10-minimal_3.10.4-3ubuntu0.1_amd64.deb ...
Unpacking libpython3.10-minimal:amd64 (3.10.4-3ubuntu0.1) ...
Selecting previously unselected package python3.10-minimal.
Preparing to unpack .../python3.10-minimal_3.10.4-3ubuntu0.1_amd64.deb ...
Unpacking python3.10-minimal (3.10.4-3ubuntu0.1) ...
Setting up libpython3.10-minimal:amd64 (3.10.4-3ubuntu0.1) ...
Setting up python3.10-minimal (3.10.4-3ubuntu0.1) ...
Selecting previously unselected package python3-minimal.
(Reading database ... (Reading database ... 5%(Reading database ... 10%(Reading database ... 15%(Reading database ... 20%(Reading database ... 25%(Reading database ... 30%(Reading database ... 35%(Reading database ... 40%(Reading database ... 45%(Reading database ... 50%(Reading database ... 55%(Reading database ... 60%(Reading database ... 65%(Reading database ... 70%(Reading database ... 75%(Reading database ... 80%(Reading database ... 85%(Reading database ... 90%(Reading database ... 95%(Reading database ... 100%(Reading database ... 8646 files and directories currently installed.)
Preparing to unpack .../0-python3-minimal_3.10.4-0ubuntu2_amd64.deb ...
Unpacking python3-minimal (3.10.4-0ubuntu2) ...
Selecting previously unselected package media-types.
Preparing to unpack .../1-media-types_7.0.0_all.deb ...
Unpacking media-types (7.0.0) ...
Selecting previously unselected package libmpdec3:amd64.
Preparing to unpack .../2-libmpdec3_2.5.1-2build2_amd64.deb ...
Unpacking libmpdec3:amd64 (2.5.1-2build2) ...
Selecting previously unselected package readline-common.
Preparing to unpack .../3-readline-common_8.1.2-1_all.deb ...
Unpacking readline-common (8.1.2-1) ...
Selecting previously unselected package libreadline8:amd64.
Preparing to unpack .../4-libreadline8_8.1.2-1_amd64.deb ...
Unpacking libreadline8:amd64 (8.1.2-1) ...
Selecting previously unselected package libsqlite3-0:amd64.
Preparing to unpack .../5-libsqlite3-0_3.37.2-2_amd64.deb ...
Unpacking libsqlite3-0:amd64 (3.37.2-2) ...
Selecting previously unselected package libpython3.10-stdlib:amd64.
Preparing to unpack .../6-libpython3.10-stdlib_3.10.4-3ubuntu0.1_amd64.deb ...
Unpacking libpython3.10-stdlib:amd64 (3.10.4-3ubuntu0.1) ...
Selecting previously unselected package python3.10.
Preparing to unpack .../7-python3.10_3.10.4-3ubuntu0.1_amd64.deb ...
Unpacking python3.10 (3.10.4-3ubuntu0.1) ...
Selecting previously unselected package libpython3-stdlib:amd64.
Preparing to unpack .../8-libpython3-stdlib_3.10.4-0ubuntu2_amd64.deb ...
Unpacking libpython3-stdlib:amd64 (3.10.4-0ubuntu2) ...
Setting up python3-minimal (3.10.4-0ubuntu2) ...
Selecting previously unselected package python3.
(Reading database ... (Reading database ... 5%(Reading database ... 10%(Reading database ... 15%(Reading database ... 20%(Reading database ... 25%(Reading database ... 30%(Reading database ... 35%(Reading database ... 40%(Reading database ... 45%(Reading database ... 50%(Reading database ... 55%(Reading database ... 60%(Reading database ... 65%(Reading database ... 70%(Reading database ... 75%(Reading database ... 80%(Reading database ... 85%(Reading database ... 90%(Reading database ... 95%(Reading database ... 100%(Reading database ... 9075 files and directories currently installed.)
Preparing to unpack .../00-python3_3.10.4-0ubuntu2_amd64.deb ...
Unpacking python3 (3.10.4-0ubuntu2) ...
Selecting previously unselected package libpopt0:amd64.
Preparing to unpack .../01-libpopt0_1.18-3build1_amd64.deb ...
Unpacking libpopt0:amd64 (1.18-3build1) ...
Selecting previously unselected package rsync.
Preparing to unpack .../02-rsync_3.2.3-8ubuntu3_amd64.deb ...
Unpacking rsync (3.2.3-8ubuntu3) ...
Selecting previously unselected package libglib2.0-0:amd64.
Preparing to unpack .../03-libglib2.0-0_2.72.1-1_amd64.deb ...
Unpacking libglib2.0-0:amd64 (2.72.1-1) ...
Selecting previously unselected package libicu70:amd64.
Preparing to unpack .../04-libicu70_70.1-2_amd64.deb ...
Unpacking libicu70:amd64 (70.1-2) ...
Selecting previously unselected package libxml2:amd64.
Preparing to unpack .../05-libxml2_2.9.13+dfsg-1ubuntu0.1_amd64.deb ...
Unpacking libxml2:amd64 (2.9.13+dfsg-1ubuntu0.1) ...
Selecting previously unselected package bsdextrautils.
Preparing to unpack .../06-bsdextrautils_2.37.2-4ubuntu3_amd64.deb ...
Unpacking bsdextrautils (2.37.2-4ubuntu3) ...
Selecting previously unselected package libmagic-mgc.
Preparing to unpack .../07-libmagic-mgc_1%3a5.41-3_amd64.deb ...
Unpacking libmagic-mgc (1:5.41-3) ...
Selecting previously unselected package libmagic1:amd64.
Preparing to unpack .../08-libmagic1_1%3a5.41-3_amd64.deb ...
Unpacking libmagic1:amd64 (1:5.41-3) ...
Selecting previously unselected package file.
Preparing to unpack .../09-file_1%3a5.41-3_amd64.deb ...
Unpacking file (1:5.41-3) ...
Selecting previously unselected package xz-utils.
Preparing to unpack .../10-xz-utils_5.2.5-2ubuntu1_amd64.deb ...
Unpacking xz-utils (5.2.5-2ubuntu1) ...
Selecting previously unselected package libsigsegv2:amd64.
Preparing to unpack .../11-libsigsegv2_2.13-1ubuntu3_amd64.deb ...
Unpacking libsigsegv2:amd64 (2.13-1ubuntu3) ...
Selecting previously unselected package m4.
Preparing to unpack .../12-m4_1.4.18-5ubuntu2_amd64.deb ...
Unpacking m4 (1.4.18-5ubuntu2) ...
Selecting previously unselected package autoconf.
Preparing to unpack .../13-autoconf_2.71-2_all.deb ...
Unpacking autoconf (2.71-2) ...
Selecting previously unselected package autotools-dev.
Preparing to unpack .../14-autotools-dev_20220109.1_all.deb ...
Unpacking autotools-dev (20220109.1) ...
Selecting previously unselected package automake.
Preparing to unpack .../15-automake_1%3a1.16.5-1.3_all.deb ...
Unpacking automake (1:1.16.5-1.3) ...
Selecting previously unselected package binutils-common:amd64.
Preparing to unpack .../16-binutils-common_2.38-3ubuntu1_amd64.deb ...
Unpacking binutils-common:amd64 (2.38-3ubuntu1) ...
Selecting previously unselected package libbinutils:amd64.
Preparing to unpack .../17-libbinutils_2.38-3ubuntu1_amd64.deb ...
Unpacking libbinutils:amd64 (2.38-3ubuntu1) ...
Selecting previously unselected package libctf-nobfd0:amd64.
Preparing to unpack .../18-libctf-nobfd0_2.38-3ubuntu1_amd64.deb ...
Unpacking libctf-nobfd0:amd64 (2.38-3ubuntu1) ...
Selecting previously unselected package libctf0:amd64.
Preparing to unpack .../19-libctf0_2.38-3ubuntu1_amd64.deb ...
Unpacking libctf0:amd64 (2.38-3ubuntu1) ...
Selecting previously unselected package binutils-x86-64-linux-gnu.
Preparing to unpack .../20-binutils-x86-64-linux-gnu_2.38-3ubuntu1_amd64.deb ...
Unpacking binutils-x86-64-linux-gnu (2.38-3ubuntu1) ...
Selecting previously unselected package binutils.
Preparing to unpack .../21-binutils_2.38-3ubuntu1_amd64.deb ...
Unpacking binutils (2.38-3ubuntu1) ...
Selecting previously unselected package bison.
Preparing to unpack .../22-bison_2%3a3.8.2+dfsg-1build1_amd64.deb ...
Unpacking bison (2:3.8.2+dfsg-1build1) ...
Selecting previously unselected package ncal.
Preparing to unpack .../23-ncal_12.1.7+nmu3ubuntu2_amd64.deb ...
Unpacking ncal (12.1.7+nmu3ubuntu2) ...
Selecting previously unselected package bsdmainutils.
Preparing to unpack .../24-bsdmainutils_12.1.7+nmu3ubuntu2_all.deb ...
Unpacking bsdmainutils (12.1.7+nmu3ubuntu2) ...
Selecting previously unselected package libc-dev-bin.
Preparing to unpack .../25-libc-dev-bin_2.35-0ubuntu3_amd64.deb ...
Unpacking libc-dev-bin (2.35-0ubuntu3) ...
Selecting previously unselected package linux-libc-dev:amd64.
Preparing to unpack .../26-linux-libc-dev_5.15.0-41.44_amd64.deb ...
Unpacking linux-libc-dev:amd64 (5.15.0-41.44) ...
Selecting previously unselected package libcrypt-dev:amd64.
Preparing to unpack .../27-libcrypt-dev_1%3a4.4.27-1_amd64.deb ...
Unpacking libcrypt-dev:amd64 (1:4.4.27-1) ...
Selecting previously unselected package rpcsvc-proto.
Preparing to unpack .../28-rpcsvc-proto_1.4.2-0ubuntu6_amd64.deb ...
Unpacking rpcsvc-proto (1.4.2-0ubuntu6) ...
Selecting previously unselected package libtirpc-dev:amd64.
Preparing to unpack .../29-libtirpc-dev_1.3.2-2build1_amd64.deb ...
Unpacking libtirpc-dev:amd64 (1.3.2-2build1) ...
Selecting previously unselected package libnsl-dev:amd64.
Preparing to unpack .../30-libnsl-dev_1.3.0-2build2_amd64.deb ...
Unpacking libnsl-dev:amd64 (1.3.0-2build2) ...
Selecting previously unselected package libc6-dev:amd64.
Preparing to unpack .../31-libc6-dev_2.35-0ubuntu3_amd64.deb ...
Unpacking libc6-dev:amd64 (2.35-0ubuntu3) ...
Selecting previously unselected package gcc-11-base:amd64.
Preparing to unpack .../32-gcc-11-base_11.2.0-19ubuntu1_amd64.deb ...
Unpacking gcc-11-base:amd64 (11.2.0-19ubuntu1) ...
Selecting previously unselected package libisl23:amd64.
Preparing to unpack .../33-libisl23_0.24-2build1_amd64.deb ...
Unpacking libisl23:amd64 (0.24-2build1) ...
Selecting previously unselected package libmpfr6:amd64.
Preparing to unpack .../34-libmpfr6_4.1.0-3build3_amd64.deb ...
Unpacking libmpfr6:amd64 (4.1.0-3build3) ...
Selecting previously unselected package libmpc3:amd64.
Preparing to unpack .../35-libmpc3_1.2.1-2build1_amd64.deb ...
Unpacking libmpc3:amd64 (1.2.1-2build1) ...
Selecting previously unselected package cpp-11.
Preparing to unpack .../36-cpp-11_11.2.0-19ubuntu1_amd64.deb ...
Unpacking cpp-11 (11.2.0-19ubuntu1) ...
Selecting previously unselected package cpp.
Preparing to unpack .../37-cpp_4%3a11.2.0-1ubuntu1_amd64.deb ...
Unpacking cpp (4:11.2.0-1ubuntu1) ...
Selecting previously unselected package libcc1-0:amd64.
Preparing to unpack .../38-libcc1-0_12-20220319-1ubuntu1_amd64.deb ...
Unpacking libcc1-0:amd64 (12-20220319-1ubuntu1) ...
Selecting previously unselected package libgomp1:amd64.
Preparing to unpack .../39-libgomp1_12-20220319-1ubuntu1_amd64.deb ...
Unpacking libgomp1:amd64 (12-20220319-1ubuntu1) ...
Selecting previously unselected package libitm1:amd64.
Preparing to unpack .../40-libitm1_12-20220319-1ubuntu1_amd64.deb ...
Unpacking libitm1:amd64 (12-20220319-1ubuntu1) ...
Selecting previously unselected package libatomic1:amd64.
Preparing to unpack .../41-libatomic1_12-20220319-1ubuntu1_amd64.deb ...
Unpacking libatomic1:amd64 (12-20220319-1ubuntu1) ...
Selecting previously unselected package libasan6:amd64.
Preparing to unpack .../42-libasan6_11.2.0-19ubuntu1_amd64.deb ...
Unpacking libasan6:amd64 (11.2.0-19ubuntu1) ...
Selecting previously unselected package liblsan0:amd64.
Preparing to unpack .../43-liblsan0_12-20220319-1ubuntu1_amd64.deb ...
Unpacking liblsan0:amd64 (12-20220319-1ubuntu1) ...
Selecting previously unselected package libtsan0:amd64.
Preparing to unpack .../44-libtsan0_11.2.0-19ubuntu1_amd64.deb ...
Unpacking libtsan0:amd64 (11.2.0-19ubuntu1) ...
Selecting previously unselected package libubsan1:amd64.
Preparing to unpack .../45-libubsan1_12-20220319-1ubuntu1_amd64.deb ...
Unpacking libubsan1:amd64 (12-20220319-1ubuntu1) ...
Selecting previously unselected package libquadmath0:amd64.
Preparing to unpack .../46-libquadmath0_12-20220319-1ubuntu1_amd64.deb ...
Unpacking libquadmath0:amd64 (12-20220319-1ubuntu1) ...
Selecting previously unselected package libgcc-11-dev:amd64.
Preparing to unpack .../47-libgcc-11-dev_11.2.0-19ubuntu1_amd64.deb ...
Unpacking libgcc-11-dev:amd64 (11.2.0-19ubuntu1) ...
Selecting previously unselected package gcc-11.
Preparing to unpack .../48-gcc-11_11.2.0-19ubuntu1_amd64.deb ...
Unpacking gcc-11 (11.2.0-19ubuntu1) ...
Selecting previously unselected package gcc.
Preparing to unpack .../49-gcc_4%3a11.2.0-1ubuntu1_amd64.deb ...
Unpacking gcc (4:11.2.0-1ubuntu1) ...
Selecting previously unselected package libstdc++-11-dev:amd64.
Preparing to unpack .../50-libstdc++-11-dev_11.2.0-19ubuntu1_amd64.deb ...
Unpacking libstdc++-11-dev:amd64 (11.2.0-19ubuntu1) ...
Selecting previously unselected package g++-11.
Preparing to unpack .../51-g++-11_11.2.0-19ubuntu1_amd64.deb ...
Unpacking g++-11 (11.2.0-19ubuntu1) ...
Selecting previously unselected package g++.
Preparing to unpack .../52-g++_4%3a11.2.0-1ubuntu1_amd64.deb ...
Unpacking g++ (4:11.2.0-1ubuntu1) ...
Selecting previously unselected package make.
Preparing to unpack .../53-make_4.3-4.1build1_amd64.deb ...
Unpacking make (4.3-4.1build1) ...
Selecting previously unselected package libdpkg-perl.
Preparing to unpack .../54-libdpkg-perl_1.21.1ubuntu2.1_all.deb ...
Unpacking libdpkg-perl (1.21.1ubuntu2.1) ...
Selecting previously unselected package bzip2.
Preparing to unpack .../55-bzip2_1.0.8-5build1_amd64.deb ...
Unpacking bzip2 (1.0.8-5build1) ...
Selecting previously unselected package lto-disabled-list.
Preparing to unpack .../56-lto-disabled-list_24_all.deb ...
Unpacking lto-disabled-list (24) ...
Selecting previously unselected package dpkg-dev.
Preparing to unpack .../57-dpkg-dev_1.21.1ubuntu2.1_all.deb ...
Unpacking dpkg-dev (1.21.1ubuntu2.1) ...
Selecting previously unselected package build-essential.
Preparing to unpack .../58-build-essential_12.9ubuntu3_amd64.deb ...
Unpacking build-essential (12.9ubuntu3) ...
Selecting previously unselected package libhiredis0.14:amd64.
Preparing to unpack .../59-libhiredis0.14_0.14.1-2_amd64.deb ...
Unpacking libhiredis0.14:amd64 (0.14.1-2) ...
Selecting previously unselected package ccache.
Preparing to unpack .../60-ccache_4.5.1-1_amd64.deb ...
Unpacking ccache (4.5.1-1) ...
Selecting previously unselected package libllvm14:amd64.
Preparing to unpack .../61-libllvm14_1%3a14.0.0-1ubuntu1_amd64.deb ...
Unpacking libllvm14:amd64 (1:14.0.0-1ubuntu1) ...
Selecting previously unselected package libclang-cpp14.
Preparing to unpack .../62-libclang-cpp14_1%3a14.0.0-1ubuntu1_amd64.deb ...
Unpacking libclang-cpp14 (1:14.0.0-1ubuntu1) ...
Selecting previously unselected package libgc1:amd64.
Preparing to unpack .../63-libgc1_1%3a8.0.6-1.1build1_amd64.deb ...
Unpacking libgc1:amd64 (1:8.0.6-1.1build1) ...
Selecting previously unselected package libobjc4:amd64.
Preparing to unpack .../64-libobjc4_12-20220319-1ubuntu1_amd64.deb ...
Unpacking libobjc4:amd64 (12-20220319-1ubuntu1) ...
Selecting previously unselected package libobjc-11-dev:amd64.
Preparing to unpack .../65-libobjc-11-dev_11.2.0-19ubuntu1_amd64.deb ...
Unpacking libobjc-11-dev:amd64 (11.2.0-19ubuntu1) ...
Selecting previously unselected package libc6-i386.
Preparing to unpack .../66-libc6-i386_2.35-0ubuntu3_amd64.deb ...
Unpacking libc6-i386 (2.35-0ubuntu3) ...
Selecting previously unselected package lib32gcc-s1.
Preparing to unpack .../67-lib32gcc-s1_12-20220319-1ubuntu1_amd64.deb ...
Unpacking lib32gcc-s1 (12-20220319-1ubuntu1) ...
Selecting previously unselected package lib32stdc++6.
Preparing to unpack .../68-lib32stdc++6_12-20220319-1ubuntu1_amd64.deb ...
Unpacking lib32stdc++6 (12-20220319-1ubuntu1) ...
Selecting previously unselected package libclang-common-14-dev.
Preparing to unpack .../69-libclang-common-14-dev_1%3a14.0.0-1ubuntu1_amd64.deb ...
Unpacking libclang-common-14-dev (1:14.0.0-1ubuntu1) ...
Selecting previously unselected package llvm-14-linker-tools.
Preparing to unpack .../70-llvm-14-linker-tools_1%3a14.0.0-1ubuntu1_amd64.deb ...
Unpacking llvm-14-linker-tools (1:14.0.0-1ubuntu1) ...
Selecting previously unselected package libclang1-14.
Preparing to unpack .../71-libclang1-14_1%3a14.0.0-1ubuntu1_amd64.deb ...
Unpacking libclang1-14 (1:14.0.0-1ubuntu1) ...
Selecting previously unselected package clang-14.
Preparing to unpack .../72-clang-14_1%3a14.0.0-1ubuntu1_amd64.deb ...
Unpacking clang-14 (1:14.0.0-1ubuntu1) ...
Selecting previously unselected package clang.
Preparing to unpack .../73-clang_1%3a14.0-55~exp2_amd64.deb ...
Unpacking clang (1:14.0-55~exp2) ...
Selecting previously unselected package libcurl4:amd64.
Preparing to unpack .../74-libcurl4_7.81.0-1ubuntu1.3_amd64.deb ...
Unpacking libcurl4:amd64 (7.81.0-1ubuntu1.3) ...
Selecting previously unselected package curl.
Preparing to unpack .../75-curl_7.81.0-1ubuntu1.3_amd64.deb ...
Unpacking curl (7.81.0-1ubuntu1.3) ...
Selecting previously unselected package libboost1.74-dev:amd64.
Preparing to unpack .../76-libboost1.74-dev_1.74.0-14ubuntu3_amd64.deb ...
Unpacking libboost1.74-dev:amd64 (1.74.0-14ubuntu3) ...
Selecting previously unselected package libboost-dev:amd64.
Preparing to unpack .../77-libboost-dev_1.74.0.3ubuntu7_amd64.deb ...
Unpacking libboost-dev:amd64 (1.74.0.3ubuntu7) ...
Selecting previously unselected package libevent-2.1-7:amd64.
Preparing to unpack .../78-libevent-2.1-7_2.1.12-stable-1build3_amd64.deb ...
Unpacking libevent-2.1-7:amd64 (2.1.12-stable-1build3) ...
Selecting previously unselected package libevent-core-2.1-7:amd64.
Preparing to unpack .../79-libevent-core-2.1-7_2.1.12-stable-1build3_amd64.deb ...
Unpacking libevent-core-2.1-7:amd64 (2.1.12-stable-1build3) ...
Selecting previously unselected package libevent-extra-2.1-7:amd64.
Preparing to unpack .../80-libevent-extra-2.1-7_2.1.12-stable-1build3_amd64.deb ...
Unpacking libevent-extra-2.1-7:amd64 (2.1.12-stable-1build3) ...
Selecting previously unselected package libevent-pthreads-2.1-7:amd64.
Preparing to unpack .../81-libevent-pthreads-2.1-7_2.1.12-stable-1build3_amd64.deb ...
Unpacking libevent-pthreads-2.1-7:amd64 (2.1.12-stable-1build3) ...
Selecting previously unselected package libevent-openssl-2.1-7:amd64.
Preparing to unpack .../82-libevent-openssl-2.1-7_2.1.12-stable-1build3_amd64.deb ...
Unpacking libevent-openssl-2.1-7:amd64 (2.1.12-stable-1build3) ...
Selecting previously unselected package libevent-dev.
Preparing to unpack .../83-libevent-dev_2.1.12-stable-1build3_amd64.deb ...
Unpacking libevent-dev (2.1.12-stable-1build3) ...
Selecting previously unselected package libsqlite3-dev:amd64.
Preparing to unpack .../84-libsqlite3-dev_3.37.2-2_amd64.deb ...
Unpacking libsqlite3-dev:amd64 (3.37.2-2) ...
Selecting previously unselected package libtool.
Preparing to unpack .../85-libtool_2.4.6-15build2_all.deb ...
Unpacking libtool (2.4.6-15build2) ...
Selecting previously unselected package llvm-14-runtime.
Preparing to unpack .../86-llvm-14-runtime_1%3a14.0.0-1ubuntu1_amd64.deb ...
Unpacking llvm-14-runtime (1:14.0.0-1ubuntu1) ...
Selecting previously unselected package llvm-runtime:amd64.
Preparing to unpack .../87-llvm-runtime_1%3a14.0-55~exp2_amd64.deb ...
Unpacking llvm-runtime:amd64 (1:14.0-55~exp2) ...
Selecting previously unselected package libpfm4:amd64.
Preparing to unpack .../88-libpfm4_4.11.1+git32-gd0b85fb-1_amd64.deb ...
Unpacking libpfm4:amd64 (4.11.1+git32-gd0b85fb-1) ...
Selecting previously unselected package llvm-14.
Preparing to unpack .../89-llvm-14_1%3a14.0.0-1ubuntu1_amd64.deb ...
Unpacking llvm-14 (1:14.0.0-1ubuntu1) ...
Selecting previously unselected package llvm.
Preparing to unpack .../90-llvm_1%3a14.0-55~exp2_amd64.deb ...
Unpacking llvm (1:14.0-55~exp2) ...
Selecting previously unselected package pkg-config.
Preparing to unpack .../91-pkg-config_0.29.2-1ubuntu3_amd64.deb ...
Unpacking pkg-config (0.29.2-1ubuntu3) ...
Setting up media-types (7.0.0) ...
Setting up gcc-11-base:amd64 (11.2.0-19ubuntu1) ...
Setting up lto-disabled-list (24) ...
Setting up bsdextrautils (2.37.2-4ubuntu3) ...
update-alternatives: using /usr/bin/write.ul to provide /usr/bin/write (write) in auto mode
update-alternatives: warning: skip creation of /usr/share/man/man1/write.1.gz because associated file /usr/share/man/man1/write.ul.1.gz (of link group write) doesn't exist
Setting up libmagic-mgc (1:5.41-3) ...
Setting up ncal (12.1.7+nmu3ubuntu2) ...
Setting up libglib2.0-0:amd64 (2.72.1-1) ...
No schema files found: doing nothing.
Setting up libsqlite3-0:amd64 (3.37.2-2) ...
Setting up binutils-common:amd64 (2.38-3ubuntu1) ...
Setting up libmagic1:amd64 (1:5.41-3) ...
Setting up linux-libc-dev:amd64 (5.15.0-41.44) ...
Setting up libctf-nobfd0:amd64 (2.38-3ubuntu1) ...
Setting up file (1:5.41-3) ...
Setting up libgomp1:amd64 (12-20220319-1ubuntu1) ...
Setting up bzip2 (1.0.8-5build1) ...
Setting up libasan6:amd64 (11.2.0-19ubuntu1) ...
Setting up autotools-dev (20220109.1) ...
Setting up libtirpc-dev:amd64 (1.3.2-2build1) ...
Setting up libpfm4:amd64 (4.11.1+git32-gd0b85fb-1) ...
Setting up rpcsvc-proto (1.4.2-0ubuntu6) ...
Setting up make (4.3-4.1build1) ...
Setting up libmpfr6:amd64 (4.1.0-3build3) ...
Setting up libsigsegv2:amd64 (2.13-1ubuntu3) ...
Setting up xz-utils (5.2.5-2ubuntu1) ...
update-alternatives: using /usr/bin/xz to provide /usr/bin/lzma (lzma) in auto mode
update-alternatives: warning: skip creation of /usr/share/man/man1/lzma.1.gz because associated file /usr/share/man/man1/xz.1.gz (of link group lzma) doesn't exist
update-alternatives: warning: skip creation of /usr/share/man/man1/unlzma.1.gz because associated file /usr/share/man/man1/unxz.1.gz (of link group lzma) doesn't exist
update-alternatives: warning: skip creation of /usr/share/man/man1/lzcat.1.gz because associated file /usr/share/man/man1/xzcat.1.gz (of link group lzma) doesn't exist
update-alternatives: warning: skip creation of /usr/share/man/man1/lzmore.1.gz because associated file /usr/share/man/man1/xzmore.1.gz (of link group lzma) doesn't exist
update-alternatives: warning: skip creation of /usr/share/man/man1/lzless.1.gz because associated file /usr/share/man/man1/xzless.1.gz (of link group lzma) doesn't exist
update-alternatives: warning: skip creation of /usr/share/man/man1/lzdiff.1.gz because associated file /usr/share/man/man1/xzdiff.1.gz (of link group lzma) doesn't exist
update-alternatives: warning: skip creation of /usr/share/man/man1/lzcmp.1.gz because associated file /usr/share/man/man1/xzcmp.1.gz (of link group lzma) doesn't exist
update-alternatives: warning: skip creation of /usr/share/man/man1/lzgrep.1.gz because associated file /usr/share/man/man1/xzgrep.1.gz (of link group lzma) doesn't exist
update-alternatives: warning: skip creation of /usr/share/man/man1/lzegrep.1.gz because associated file /usr/share/man/man1/xzegrep.1.gz (of link group lzma) doesn't exist
update-alternatives: warning: skip creation of /usr/share/man/man1/lzfgrep.1.gz because associated file /usr/share/man/man1/xzfgrep.1.gz (of link group lzma) doesn't exist
Setting up libquadmath0:amd64 (12-20220319-1ubuntu1) ...
Setting up bsdmainutils (12.1.7+nmu3ubuntu2) ...
Setting up libmpc3:amd64 (1.2.1-2build1) ...
Setting up libevent-core-2.1-7:amd64 (2.1.12-stable-1build3) ...
Setting up libatomic1:amd64 (12-20220319-1ubuntu1) ...
Setting up libevent-2.1-7:amd64 (2.1.12-stable-1build3) ...
Setting up libgc1:amd64 (1:8.0.6-1.1build1) ...
Setting up libdpkg-perl (1.21.1ubuntu2.1) ...
Setting up libubsan1:amd64 (12-20220319-1ubuntu1) ...
Setting up libnsl-dev:amd64 (1.3.0-2build2) ...
Setting up libcrypt-dev:amd64 (1:4.4.27-1) ...
Setting up libmpdec3:amd64 (2.5.1-2build2) ...
Setting up libc6-i386 (2.35-0ubuntu3) ...
Setting up libcurl4:amd64 (7.81.0-1ubuntu1.3) ...
Setting up curl (7.81.0-1ubuntu1.3) ...
Setting up libbinutils:amd64 (2.38-3ubuntu1) ...
Setting up libisl23:amd64 (0.24-2build1) ...
Setting up libc-dev-bin (2.35-0ubuntu3) ...
Setting up readline-common (8.1.2-1) ...
Setting up libcc1-0:amd64 (12-20220319-1ubuntu1) ...
Setting up liblsan0:amd64 (12-20220319-1ubuntu1) ...
Setting up libitm1:amd64 (12-20220319-1ubuntu1) ...
Setting up libpopt0:amd64 (1.18-3build1) ...
Setting up libicu70:amd64 (70.1-2) ...
Setting up libevent-pthreads-2.1-7:amd64 (2.1.12-stable-1build3) ...
Setting up libhiredis0.14:amd64 (0.14.1-2) ...
Setting up libtsan0:amd64 (11.2.0-19ubuntu1) ...
Setting up libctf0:amd64 (2.38-3ubuntu1) ...
Setting up cpp-11 (11.2.0-19ubuntu1) ...
Setting up libevent-extra-2.1-7:amd64 (2.1.12-stable-1build3) ...
Setting up libreadline8:amd64 (8.1.2-1) ...
Setting up ccache (4.5.1-1) ...
Updating symlinks in /usr/lib/ccache ...
Setting up libevent-openssl-2.1-7:amd64 (2.1.12-stable-1build3) ...
Setting up m4 (1.4.18-5ubuntu2) ...
Setting up libobjc4:amd64 (12-20220319-1ubuntu1) ...
Setting up libpython3.10-stdlib:amd64 (3.10.4-3ubuntu0.1) ...
Setting up lib32gcc-s1 (12-20220319-1ubuntu1) ...
Setting up lib32stdc++6 (12-20220319-1ubuntu1) ...
Setting up libevent-dev (2.1.12-stable-1build3) ...
Setting up pkg-config (0.29.2-1ubuntu3) ...
Setting up autoconf (2.71-2) ...
Setting up libgcc-11-dev:amd64 (11.2.0-19ubuntu1) ...
Setting up cpp (4:11.2.0-1ubuntu1) ...
Setting up bison (2:3.8.2+dfsg-1build1) ...
update-alternatives: using /usr/bin/bison.yacc to provide /usr/bin/yacc (yacc) in auto mode
update-alternatives: warning: skip creation of /usr/share/man/man1/yacc.1.gz because associated file /usr/share/man/man1/bison.yacc.1.gz (of link group yacc) doesn't exist
Setting up libc6-dev:amd64 (2.35-0ubuntu3) ...
Setting up libxml2:amd64 (2.9.13+dfsg-1ubuntu0.1) ...
Setting up rsync (3.2.3-8ubuntu3) ...
invoke-rc.d: could not determine current runlevel
invoke-rc.d: policy-rc.d denied execution of start.
Setting up libpython3-stdlib:amd64 (3.10.4-0ubuntu2) ...
Setting up binutils-x86-64-linux-gnu (2.38-3ubuntu1) ...
Setting up automake (1:1.16.5-1.3) ...
update-alternatives: using /usr/bin/automake-1.16 to provide /usr/bin/automake (automake) in auto mode
update-alternatives: warning: skip creation of /usr/share/man/man1/automake.1.gz because associated file /usr/share/man/man1/automake-1.16.1.gz (of link group automake) doesn't exist
update-alternatives: warning: skip creation of /usr/share/man/man1/aclocal.1.gz because associated file /usr/share/man/man1/aclocal-1.16.1.gz (of link group automake) doesn't exist
Setting up python3.10 (3.10.4-3ubuntu0.1) ...
Setting up libobjc-11-dev:amd64 (11.2.0-19ubuntu1) ...
Setting up python3 (3.10.4-0ubuntu2) ...
Setting up binutils (2.38-3ubuntu1) ...
Setting up dpkg-dev (1.21.1ubuntu2.1) ...
Setting up libsqlite3-dev:amd64 (3.37.2-2) ...
Setting up libstdc++-11-dev:amd64 (11.2.0-19ubuntu1) ...
Setting up libllvm14:amd64 (1:14.0.0-1ubuntu1) ...
Setting up gcc-11 (11.2.0-19ubuntu1) ...
Setting up llvm-14-linker-tools (1:14.0.0-1ubuntu1) ...
Setting up libboost1.74-dev:amd64 (1.74.0-14ubuntu3) ...
Setting up libtool (2.4.6-15build2) ...
Setting up g++-11 (11.2.0-19ubuntu1) ...
Setting up libclang1-14 (1:14.0.0-1ubuntu1) ...
Setting up gcc (4:11.2.0-1ubuntu1) ...
Setting up llvm-14-runtime (1:14.0.0-1ubuntu1) ...
Setting up llvm-runtime:amd64 (1:14.0-55~exp2) ...
Setting up libclang-common-14-dev (1:14.0.0-1ubuntu1) ...
Setting up libclang-cpp14 (1:14.0.0-1ubuntu1) ...
Setting up g++ (4:11.2.0-1ubuntu1) ...
update-alternatives: using /usr/bin/g++ to provide /usr/bin/c++ (c++) in auto mode
update-alternatives: warning: skip creation of /usr/share/man/man1/c++.1.gz because associated file /usr/share/man/man1/g++.1.gz (of link group c++) doesn't exist
Setting up build-essential (12.9ubuntu3) ...
Setting up libboost-dev:amd64 (1.74.0.3ubuntu7) ...
Setting up llvm-14 (1:14.0.0-1ubuntu1) ...
Setting up clang-14 (1:14.0.0-1ubuntu1) ...
Setting up clang (1:14.0-55~exp2) ...
Setting up llvm (1:14.0-55~exp2) ...
Processing triggers for libc-bin (2.35-0ubuntu3) ...
               total        used        free      shared  buff/cache   available
Mem:           125Gi       3.1Gi       116Gi        92Mi       5.9Gi       121Gi
Swap:             0B          0B          0B
Number of CPUs (nproc): 32
Byte Order: Little Endian
Free disk space:
Filesystem      Size  Used Avail Use% Mounted on
overlay         489G  6.5G  482G   2% /
tmpfs            64M     0   64M   0% /dev
tmpfs            63G     0   63G   0% /sys/fs/cgroup
/dev/sda1       489G  6.5G  482G   2% /tmp
tmpfs           117G     0  117G   0% /dev/shm
tmpfs            63G     0   63G   0% /proc/acpi
tmpfs            63G     0   63G   0% /proc/scsi
tmpfs            63G     0   63G   0% /sys/firmware
Cloning into '/tmp/cirrus-ci-build/ci/scratch/qa-assets'...
Updating files:   2% (8154/336815)Updating files:   3% (10105/336815)Updating files:   4% (13473/336815)Updating files:   5% (16841/336815)Updating files:   5% (17205/336815)Updating files:   6% (20209/336815)Updating files:   7% (23578/336815)Updating files:   7% (26381/336815)Updating files:   8% (26946/336815)Updating files:   9% (30314/336815)Updating files:   9% (32217/336815)Updating files:  10% (33682/336815)Updating files:  11% (37050/336815)Updating files:  11% (37353/336815)Updating files:  12% (40418/336815)Updating files:  13% (43786/336815)Updating files:  13% (44776/336815)Updating files:  14% (47155/336815)Updating files:  15% (50523/336815)Updating files:  15% (53521/336815)Updating files:  16% (53891/336815)Updating files:  17% (57259/336815)Updating files:  17% (60095/336815)Updating files:  18% (60627/336815)Updating files:  19% (63995/336815)Updating files:  20% (67363/336815)Updating files:  21% (70732/336815)Updating files:  21% (71221/336815)Updating files:  22% (74100/336815)Updating files:  23% (77468/336815)Updating files:  23% (79735/336815)Updating files:  24% (80836/336815)Updating files:  25% (84204/336815)Updating files:  26% (87572/336815)Updating files:  26% (88313/336815)Updating files:  27% (90941/336815)Updating files:  28% (94309/336815)Updating files:  28% (97161/336815)Updating files:  29% (97677/336815)Updating files:  30% (101045/336815)Updating files:  30% (103670/336815)Updating files:  31% (104413/336815)Updating files:  32% (107781/336815)Updating files:  33% (111149/336815)Updating files:  34% (114518/336815)Updating files:  34% (114662/336815)Updating files:  35% (117886/336815)Updating files:  35% (120093/336815)Updating files:  36% (121254/336815)Updating files:  37% (124622/336815)Updating files:  37% (127690/336815)Updating files:  38% (127990/336815)Updating files:  39% (131358/336815)Updating files:  40% (134726/336815)Updating files:  40% (137582/336815)Updating files:  41% (138095/336815)Updating files:  42% (141463/336815)Updating files:  42% (144825/336815)Updating files:  43% (144831/336815)Updating files:  44% (148199/336815)Updating files:  44% (151456/336815)Updating files:  45% (151567/336815)Updating files:  46% (154935/336815)Updating files:  47% (158304/336815)Updating files:  47% (158626/336815)Updating files:  48% (161672/336815)Updating files:  49% (165040/336815)Updating files:  49% (166172/336815)Updating files:  50% (168408/336815)Updating files:  51% (171776/336815)Updating files:  51% (173705/336815)Updating files:  52% (175144/336815)Updating files:  53% (178512/336815)Updating files:  53% (181639/336815)Updating files:  54% (181881/336815)Updating files:  55% (185249/336815)Updating files:  55% (186434/336815)Updating files:  56% (188617/336815)Updating files:  57% (191985/336815)Updating files:  57% (193248/336815)Updating files:  58% (195353/336815)Updating files:  59% (198721/336815)Updating files:  59% (200285/336815)Updating files:  60% (202089/336815)Updating files:  61% (205458/336815)Updating files:  61% (208361/336815)Updating files:  62% (208826/336815)Updating files:  63% (212194/336815)Updating files:  63% (214364/336815)Updating files:  64% (215562/336815)Updating files:  65% (218930/336815)Updating files:  65% (220874/336815)Updating files:  66% (222298/336815)Updating files:  67% (225667/336815)Updating files:  68% (229035/336815)Updating files:  69% (232403/336815)Updating files:  69% (235516/336815)Updating files:  70% (235771/336815)Updating files:  71% (239139/336815)Updating files:  72% (242507/336815)Updating files:  72% (244661/336815)Updating files:  73% (245875/336815)Updating files:  74% (249244/336815)Updating files:  75% (252612/336815)Updating files:  76% (255980/336815)Updating files:  76% (256457/336815)Updating files:  77% (259348/336815)Updating files:  78% (262716/336815)Updating files:  79% (266084/336815)Updating files:  79% (266533/336815)Updating files:  80% (269452/336815)Updating files:  81% (272821/336815)Updating files:  81% (275550/336815)Updating files:  82% (276189/336815)Updating files:  82% (277901/336815)Updating files:  83% (279557/336815)Updating files:  84% (282925/336815)Updating files:  84% (285508/336815)Updating files:  85% (286293/336815)Updating files:  86% (289661/336815)Updating files:  87% (293030/336815)Updating files:  87% (294860/336815)Updating files:  88% (296398/336815)Updating files:  89% (299766/336815)Updating files:  89% (301298/336815)Updating files:  90% (303134/336815)Updating files:  91% (306502/336815)Updating files:  92% (309870/336815)Updating files:  92% (312512/336815)Updating files:  93% (313238/336815)Updating files:  94% (316607/336815)Updating files:  95% (319975/336815)Updating files:  95% (321238/336815)Updating files:  96% (323343/336815)Updating files:  97% (326711/336815)Updating files:  98% (330079/336815)Updating files:  98% (330361/336815)Updating files:  99% (333447/336815)Updating files: 100% (336815/336815)Updating files: 100% (336815/336815), done.
Statistics zeroed
Set cache size limit to 200.0 MB
libtoolize: putting auxiliary files in AC_CONFIG_AUX_DIR, 'build-aux'.
libtoolize: copying file 'build-aux/ltmain.sh'
libtoolize: putting macros in AC_CONFIG_MACRO_DIRS, 'build-aux/m4'.
libtoolize: copying file 'build-aux/m4/libtool.m4'
libtoolize: copying file 'build-aux/m4/ltoptions.m4'
libtoolize: copying file 'build-aux/m4/ltsugar.m4'
libtoolize: copying file 'build-aux/m4/ltversion.m4'
libtoolize: copying file 'build-aux/m4/lt~obsolete.m4'
configure.ac:40: installing 'build-aux/ar-lib'
configure.ac:35: installing 'build-aux/compile'
configure.ac:24: installing 'build-aux/config.guess'
configure.ac:24: installing 'build-aux/config.sub'
configure.ac:30: installing 'build-aux/install-sh'
configure.ac:30: installing 'build-aux/missing'
Makefile.am: installing 'build-aux/depcomp'
parallel-tests: installing 'build-aux/test-driver'
libtoolize: putting auxiliary files in AC_CONFIG_AUX_DIR, 'build-aux'.
libtoolize: copying file 'build-aux/ltmain.sh'
libtoolize: putting macros in AC_CONFIG_MACRO_DIRS, 'build-aux/m4'.
libtoolize: copying file 'build-aux/m4/libtool.m4'
libtoolize: copying file 'build-aux/m4/ltoptions.m4'
libtoolize: copying file 'build-aux/m4/ltsugar.m4'
libtoolize: copying file 'build-aux/m4/ltversion.m4'
libtoolize: copying file 'build-aux/m4/lt~obsolete.m4'
configure.ac:105: installing 'build-aux/compile'
configure.ac:40: installing 'build-aux/config.guess'
configure.ac:40: installing 'build-aux/config.sub'
configure.ac:47: installing 'build-aux/install-sh'
configure.ac:47: installing 'build-aux/missing'
src/Makefile.bench.include:97: warning: %.raw.h was already defined in condition TRUE, which includes condition ENABLE_BENCH ...
src/Makefile.am:1079:   'src/Makefile.bench.include' included from here
src/Makefile.test.include:418: ... '%.raw.h' previously defined here
src/Makefile.am:1076:   'src/Makefile.test.include' included from here
src/Makefile.am: installing 'build-aux/depcomp'
parallel-tests: installing 'build-aux/test-driver'
configure: creating cache config.cache
checking for pkg-config... /usr/bin/pkg-config
checking pkg-config is at least version 0.9.0... yes
checking build system type... x86_64-pc-linux-gnu
checking host system type... x86_64-pc-linux-gnu
checking for a BSD-compatible install... /usr/bin/install -c
checking whether build environment is sane... yes
checking for a race-free mkdir -p... /usr/bin/mkdir -p
checking for gawk... no
checking for mawk... mawk
checking whether make sets $(MAKE)... yes
checking whether make supports nested variables... yes
checking whether to enable maintainer-specific portions of Makefiles... yes
checking whether make supports nested variables... (cached) yes
checking whether the C++ compiler works... yes
checking for C++ compiler default output file name... a.out
checking for suffix of executables... 
checking whether we are cross compiling... no
checking for suffix of object files... o
checking whether the compiler supports GNU C++... yes
checking whether clang++ -ftrivial-auto-var-init=pattern accepts -g... yes
checking for clang++ -ftrivial-auto-var-init=pattern option to enable C++11 features... none needed
checking whether make supports the include directive... yes (GNU style)
checking dependency style of clang++ -ftrivial-auto-var-init=pattern... none
checking whether clang++ -ftrivial-auto-var-init=pattern supports C++17 features with -std=c++17... yes
checking whether std::filesystem can be used without link library... yes
checking whether the compiler supports GNU Objective C++... yes
checking whether clang++ -ftrivial-auto-var-init=pattern -std=c++17 accepts -g... yes
checking dependency style of clang++ -ftrivial-auto-var-init=pattern -std=c++17... none
checking how to print strings... printf
checking for gcc... clang -ftrivial-auto-var-init=pattern
checking whether the compiler supports GNU C... yes
checking whether clang -ftrivial-auto-var-init=pattern accepts -g... yes
checking for clang -ftrivial-auto-var-init=pattern option to enable C11 features... none needed
checking whether clang -ftrivial-auto-var-init=pattern understands -c and -o together... yes
checking dependency style of clang -ftrivial-auto-var-init=pattern... none
checking for a sed that does not truncate output... /usr/bin/sed
checking for grep that handles long lines and -e... /usr/bin/grep
checking for egrep... /usr/bin/grep -E
checking for fgrep... /usr/bin/grep -F
checking for ld used by clang -ftrivial-auto-var-init=pattern... /usr/bin/ld
checking if the linker (/usr/bin/ld) is GNU ld... yes
checking for BSD- or MS-compatible name lister (nm)... /usr/bin/nm -B
checking the name lister (/usr/bin/nm -B) interface... BSD nm
checking whether ln -s works... yes
checking the maximum length of command line arguments... 1572864
checking how to convert x86_64-pc-linux-gnu file names to x86_64-pc-linux-gnu format... func_convert_file_noop
checking how to convert x86_64-pc-linux-gnu file names to toolchain format... func_convert_file_noop
checking for /usr/bin/ld option to reload object files... -r
checking for objdump... objdump
checking how to recognize dependent libraries... pass_all
checking for dlltool... no
checking how to associate runtime and link libraries... printf %s\n
checking for ar... ar
checking for archiver @FILE support... @
checking for strip... strip
checking for ranlib... ranlib
checking command to parse /usr/bin/nm -B output from clang -ftrivial-auto-var-init=pattern object... ok
checking for sysroot... no
checking for a working dd... /usr/bin/dd
checking how to truncate binary pipes... /usr/bin/dd bs=4096 count=1
checking for mt... no
checking if : is a manifest tool... no
checking for stdio.h... yes
checking for stdlib.h... yes
checking for string.h... yes
checking for inttypes.h... yes
checking for stdint.h... yes
checking for strings.h... yes
checking for sys/stat.h... yes
checking for sys/types.h... yes
checking for unistd.h... yes
checking for dlfcn.h... yes
checking for objdir... .libs
checking if clang -ftrivial-auto-var-init=pattern supports -fno-rtti -fno-exceptions... yes
checking for clang -ftrivial-auto-var-init=pattern option to produce PIC... -fPIC -DPIC
checking if clang -ftrivial-auto-var-init=pattern PIC flag -fPIC -DPIC works... yes
checking if clang -ftrivial-auto-var-init=pattern static flag -static works... yes
checking if clang -ftrivial-auto-var-init=pattern supports -c -o file.o... yes
checking if clang -ftrivial-auto-var-init=pattern supports -c -o file.o... (cached) yes
checking whether the clang -ftrivial-auto-var-init=pattern linker (/usr/bin/ld -m elf_x86_64) supports shared libraries... yes
checking whether -lc should be explicitly linked in... no
checking dynamic linker characteristics... GNU/Linux ld.so
checking how to hardcode library paths into programs... immediate
checking whether stripping libraries is possible... yes
checking if libtool supports shared libraries... yes
checking whether to build shared libraries... yes
checking whether to build static libraries... yes
checking how to run the C++ preprocessor... clang++ -ftrivial-auto-var-init=pattern -std=c++17 -E
checking for ld used by clang++ -ftrivial-auto-var-init=pattern -std=c++17... /usr/bin/ld -m elf_x86_64
checking if the linker (/usr/bin/ld -m elf_x86_64) is GNU ld... yes
checking whether the clang++ -ftrivial-auto-var-init=pattern -std=c++17 linker (/usr/bin/ld -m elf_x86_64) supports shared libraries... yes
checking for clang++ -ftrivial-auto-var-init=pattern -std=c++17 option to produce PIC... -fPIC -DPIC
checking if clang++ -ftrivial-auto-var-init=pattern -std=c++17 PIC flag -fPIC -DPIC works... yes
checking if clang++ -ftrivial-auto-var-init=pattern -std=c++17 static flag -static works... yes
checking if clang++ -ftrivial-auto-var-init=pattern -std=c++17 supports -c -o file.o... yes
checking if clang++ -ftrivial-auto-var-init=pattern -std=c++17 supports -c -o file.o... (cached) yes
checking whether the clang++ -ftrivial-auto-var-init=pattern -std=c++17 linker (/usr/bin/ld -m elf_x86_64) supports shared libraries... yes
checking dynamic linker characteristics... (cached) GNU/Linux ld.so
checking how to hardcode library paths into programs... immediate
checking for ar... /usr/bin/ar
checking for gcov... /usr/bin/gcov
checking for llvm-cov... /usr/bin/llvm-cov
checking for lcov... no
checking for python3.6... no
checking for python3.7... no
checking for python3.8... no
checking for python3.9... no
checking for python3.10... /usr/bin/python3.10
checking for genhtml... no
checking for git... /usr/bin/git
checking for ccache... /usr/bin/ccache
checking for xgettext... no
checking for hexdump... /usr/bin/hexdump
checking for objcopy... /usr/bin/objcopy
checking for doxygen... no
checking whether C++ compiler accepts -Werror... yes
checking whether the linker accepts -Wl,--fatal-warnings... yes
checking whether C++ compiler accepts -fsanitize=fuzzer,address,undefined,integer... yes
checking whether the linker accepts -fsanitize=fuzzer,address,undefined,integer... yes
checking whether C++ compiler accepts -Werror=return-type... yes
checking whether C++ compiler accepts -Wall... yes
checking whether C++ compiler accepts -Wextra... yes
checking whether C++ compiler accepts -Wgnu... yes
checking whether C++ compiler accepts -Wformat -Wformat-security... yes
checking whether C++ compiler accepts -Wvla... yes
checking whether C++ compiler accepts -Wshadow-field... yes
checking whether C++ compiler accepts -Wthread-safety... yes
checking whether C++ compiler accepts -Wloop-analysis... yes
checking whether C++ compiler accepts -Wredundant-decls... yes
checking whether C++ compiler accepts -Wunused-member-function... yes
checking whether C++ compiler accepts -Wdate-time... yes
checking whether C++ compiler accepts -Wconditional-uninitialized... yes
checking whether C++ compiler accepts -Wduplicated-branches... no
checking whether C++ compiler accepts -Wduplicated-cond... no
checking whether C++ compiler accepts -Wlogical-op... no
checking whether C++ compiler accepts -Woverloaded-virtual... yes
checking whether C++ compiler accepts -Wsuggest-override... yes
checking whether C++ compiler accepts -Wunreachable-code-loop-increment... yes
checking whether C++ compiler accepts -Wimplicit-fallthrough... yes
checking whether C++ compiler accepts -Wdocumentation... yes
checking whether C++ compiler accepts -Wunused-parameter... yes
checking whether C++ compiler accepts -Wself-assign... yes
checking whether C++ compiler accepts -fno-extended-identifiers... no
checking whether C++ compiler accepts -msse4.2... yes
checking whether C++ compiler accepts -msse4.1... yes
checking whether C++ compiler accepts -mavx -mavx2... yes
checking whether C++ compiler accepts -msse4 -msha... yes
checking whether C++ compiler accepts -mpclmul... yes
checking for SSE4.2 intrinsics... yes
checking for SSE4.1 intrinsics... yes
checking for AVX2 intrinsics... yes
checking for x86 SHA-NI intrinsics... yes
checking whether C++ compiler accepts -march=armv8-a+crc+crypto... no
checking whether C++ compiler accepts -march=armv8-a+crc+crypto... (cached) no
checking for ARMv8 CRC32 intrinsics... no
checking for ARMv8 SHA-NI intrinsics... no
checking whether byte ordering is bigendian... no
checking how to run the C preprocessor... clang -ftrivial-auto-var-init=pattern -E
checking whether clang -ftrivial-auto-var-init=pattern is Clang... yes
checking whether pthreads work with "-pthread" and "-lpthread"... yes
checking whether Clang needs flag to prevent "argument unused" warning when linking with -pthread... no
checking for joinable pthread attribute... PTHREAD_CREATE_JOINABLE
checking whether more special flags are required for pthreads... no
checking for PTHREAD_PRIO_INHERIT... yes
checking whether std::atomic can be used without link library... yes
checking for special C compiler options needed for large files... no
checking for _FILE_OFFSET_BITS value needed for large files... no
checking for clang++ -ftrivial-auto-var-init=pattern -std=c++17 options needed to detect all undeclared functions... none needed
checking whether strerror_r is declared... yes
checking whether strerror_r returns char *... yes
checking for library containing clock_gettime... none required
checking whether C++ compiler accepts -fPIC... yes
checking whether C++ compiler accepts -fstack-reuse=none... no
checking whether C++ compiler accepts -Wstack-protector... yes
checking whether C++ compiler accepts -fstack-protector-all... yes
checking whether C++ compiler accepts -fcf-protection=full... yes
checking whether C++ compiler accepts -fstack-clash-protection... yes
checking whether C++ preprocessor accepts -D_FORTIFY_SOURCE=2... yes
checking whether C++ preprocessor accepts -U_FORTIFY_SOURCE... yes
checking whether the linker accepts -Wl,--enable-reloc-section... no
checking whether the linker accepts -Wl,--dynamicbase... no
checking whether the linker accepts -Wl,--nxcompat... no
checking whether the linker accepts -Wl,--high-entropy-va... no
checking whether the linker accepts -Wl,-z,relro... yes
checking whether the linker accepts -Wl,-z,now... yes
checking whether the linker accepts -Wl,-z,separate-code... yes
checking whether the linker accepts -fPIE -pie... yes
checking for endian.h... yes
checking for sys/endian.h... no
checking for byteswap.h... yes
checking for stdio.h... (cached) yes
checking for stdlib.h... (cached) yes
checking for unistd.h... (cached) yes
checking for strings.h... (cached) yes
checking for sys/types.h... (cached) yes
checking for sys/stat.h... (cached) yes
checking for sys/select.h... yes
checking for sys/prctl.h... yes
checking for sys/sysctl.h... no
checking for vm/vm_param.h... no
checking for sys/vmmeter.h... no
checking for sys/resources.h... no
checking whether getifaddrs is declared... yes
checking whether ifaddrs funcs can be used without link library... yes
checking whether freeifaddrs is declared... yes
checking whether ifaddrs funcs can be used without link library... yes
checking whether fork is declared... yes
checking whether setsid is declared... yes
checking whether pipe2 is declared... yes
checking for timingsafe_bcmp... no
checking whether le16toh is declared... yes
checking whether le32toh is declared... yes
checking whether le64toh is declared... yes
checking whether htole16 is declared... yes
checking whether htole32 is declared... yes
checking whether htole64 is declared... yes
checking whether be16toh is declared... yes
checking whether be32toh is declared... yes
checking whether be64toh is declared... yes
checking whether htobe16 is declared... yes
checking whether htobe32 is declared... yes
checking whether htobe64 is declared... yes
checking whether bswap_16 is declared... yes
checking whether bswap_32 is declared... yes
checking whether bswap_64 is declared... yes
checking for __builtin_clzl... yes
checking for __builtin_clzll... yes
checking for getmemoryinfo... yes
checking for mallopt M_ARENA_MAX... yes
checking for posix_fallocate... yes
checking for default visibility attribute... yes
checking for dllexport attribute... no
checking for thread_local support... yes
checking for gmtime_r... yes
checking for Linux getrandom syscall... yes
checking for getentropy via random.h... yes
checking for sysctl... no
checking for sysctl KERN_ARND... no
checking for if type char equals int8_t... no
checking for fdatasync... yes
checking for F_FULLFSYNC... no
checking for O_CLOEXEC... yes
checking for __builtin_prefetch... yes
checking for _mm_prefetch... yes
checking for strong getauxval support in the system headers... yes
checking for std::system... yes
checking for ::_wsystem... no
configure: WARNING: enable-fuzz will disable all other targets and force --enable-fuzz-binary=yes
checking whether C++ preprocessor accepts -DABORT_ON_FAILED_ASSUME... yes
checking whether main function is needed for fuzz binary... checking whether the linker accepts ... yes
no
checking for __builtin_mul_overflow... yes
checking for Berkeley DB C++ headers... no
configure: WARNING: libdb_cxx headers missing
configure: WARNING: Bitcoin Core requires this library for BDB (legacy) wallet support
configure: WARNING: Passing --without-bdb will suppress this warning
checking for sqlite3 >= 3.7.17... yes
checking whether to build wallet with support for sqlite... yes
checking whether Userspace, Statically Defined Tracing tracepoints are supported... no
configure: WARNING: Specifying --with-sanitizers forces --without-seccomp since the sanitizers introduce use of syscalls not allowed by the bitcoind syscall sandbox (-sandbox=<mode>).
checking for libevent >= 2.1.8... yes
checking for libevent_pthreads >= 2.1.8... yes
checking if evhttp_connection_get_peer expects const char**... no
checking for libmultiprocess... no
checking whether to build bitcoind... no
checking whether to build bitcoin-cli... no
checking whether to build bitcoin-tx... no
checking whether to build bitcoin-wallet... no
checking whether to build bitcoin-util... no
checking whether to build experimental bitcoin-chainstate... no
checking whether to build libraries... no
checking if ccache should be used... yes
checking whether C compiler accepts -fdebug-prefix-map=A=B... yes
checking whether C preprocessor accepts -fmacro-prefix-map=A=B... yes
checking if wallet should be enabled... yes
checking whether to build with support for UPnP... no
checking whether to build with support for NAT-PMP... no
checking whether to build test_bitcoin... no
checking whether to reduce exports... no
configure: updating cache config.cache
checking that generated files are newer than configure... done
configure: creating ./config.status
config.status: creating Makefile
config.status: creating src/Makefile
config.status: creating doc/man/Makefile
config.status: creating share/setup.nsi
config.status: creating share/qt/Info.plist
config.status: creating test/config.ini
config.status: creating contrib/devtools/split-debug.sh
config.status: creating src/config/bitcoin-config.h
config.status: linking /tmp/cirrus-ci-build/contrib/devtools/security-check.py to contrib/devtools/security-check.py
config.status: linking /tmp/cirrus-ci-build/contrib/devtools/symbol-check.py to contrib/devtools/symbol-check.py
config.status: linking /tmp/cirrus-ci-build/contrib/devtools/test-security-check.py to contrib/devtools/test-security-check.py
config.status: linking /tmp/cirrus-ci-build/contrib/devtools/test-symbol-check.py to contrib/devtools/test-symbol-check.py
config.status: linking /tmp/cirrus-ci-build/contrib/devtools/iwyu/bitcoin.core.imp to contrib/devtools/iwyu/bitcoin.core.imp
config.status: linking /tmp/cirrus-ci-build/contrib/filter-lcov.py to contrib/filter-lcov.py
config.status: linking /tmp/cirrus-ci-build/contrib/macdeploy/background.tiff to contrib/macdeploy/background.tiff
config.status: linking /tmp/cirrus-ci-build/src/.bear-tidy-config to src/.bear-tidy-config
config.status: linking /tmp/cirrus-ci-build/src/.clang-tidy to src/.clang-tidy
config.status: linking /tmp/cirrus-ci-build/test/functional/test_runner.py to test/functional/test_runner.py
config.status: linking /tmp/cirrus-ci-build/test/fuzz/test_runner.py to test/fuzz/test_runner.py
config.status: linking /tmp/cirrus-ci-build/test/util/test_runner.py to test/util/test_runner.py
config.status: linking /tmp/cirrus-ci-build/test/util/rpcauth-test.py to test/util/rpcauth-test.py
config.status: linking /tmp/cirrus-ci-build/src/qt/Makefile to src/qt/Makefile
config.status: linking /tmp/cirrus-ci-build/src/qt/test/Makefile to src/qt/test/Makefile
config.status: linking /tmp/cirrus-ci-build/src/test/Makefile to src/test/Makefile
config.status: executing depfiles commands
config.status: executing libtool commands
=== configuring in src/secp256k1 (/tmp/cirrus-ci-build/ci/scratch/build/src/secp256k1)
configure: running /bin/bash /tmp/cirrus-ci-build/src/secp256k1/configure --disable-option-checking '--prefix=/tmp/cirrus-ci-build/depends/x86_64-pc-linux-gnu'  '--enable-suppress-external-warnings' '--disable-dependency-tracking' '--enable-werror' '--enable-external-signer' '--bindir=/tmp/cirrus-ci-build/ci/scratch/out/x86_64-pc-linux-gnu/bin' '--libdir=/tmp/cirrus-ci-build/ci/scratch/out/x86_64-pc-linux-gnu/lib' '--enable-fuzz' '--with-sanitizers=fuzzer,address,undefined,integer' 'CC=clang -ftrivial-auto-var-init=pattern' 'CXX=clang++ -ftrivial-auto-var-init=pattern' '--disable-shared' '--with-pic' '--enable-benchmark=no' '--enable-module-recovery' '--enable-module-schnorrsig' --cache-file=../../config.cache --srcdir=/tmp/cirrus-ci-build/src/secp256k1
configure: loading cache ../../config.cache
checking build system type... (cached) x86_64-pc-linux-gnu
checking host system type... (cached) x86_64-pc-linux-gnu
checking for a BSD-compatible install... (cached) /usr/bin/install -c
checking whether build environment is sane... yes
checking for a race-free mkdir -p... (cached) /usr/bin/mkdir -p
checking for gawk... (cached) mawk
checking whether make sets $(MAKE)... (cached) yes
checking whether make supports nested variables... (cached) yes
checking whether make supports nested variables... (cached) yes
checking for gcc... (cached) clang -ftrivial-auto-var-init=pattern
checking whether the C compiler works... yes
checking for C compiler default output file name... a.out
checking for suffix of executables... 
checking whether we are cross compiling... no
checking for suffix of object files... (cached) o
checking whether the compiler supports GNU C... (cached) yes
checking whether clang -ftrivial-auto-var-init=pattern accepts -g... (cached) yes
checking for clang -ftrivial-auto-var-init=pattern option to enable C11 features... (cached) none needed
checking whether clang -ftrivial-auto-var-init=pattern understands -c and -o together... (cached) yes
checking whether make supports the include directive... yes (GNU style)
checking dependency style of clang -ftrivial-auto-var-init=pattern... (cached) none
checking dependency style of clang -ftrivial-auto-var-init=pattern... none
checking for ar... (cached) ar
checking the archiver (ar) interface... ar
checking how to print strings... printf
checking for a sed that does not truncate output... (cached) /usr/bin/sed
checking for grep that handles long lines and -e... (cached) /usr/bin/grep
checking for egrep... (cached) /usr/bin/grep -E
checking for fgrep... (cached) /usr/bin/grep -F
checking for ld used by clang -ftrivial-auto-var-init=pattern... (cached) /usr/bin/ld
checking if the linker (/usr/bin/ld) is GNU ld... (cached) yes
checking for BSD- or MS-compatible name lister (nm)... (cached) /usr/bin/nm -B
checking the name lister (/usr/bin/nm -B) interface... (cached) BSD nm
checking whether ln -s works... yes
checking the maximum length of command line arguments... (cached) 1572864
checking how to convert x86_64-pc-linux-gnu file names to x86_64-pc-linux-gnu format... (cached) func_convert_file_noop
checking how to convert x86_64-pc-linux-gnu file names to toolchain format... (cached) func_convert_file_noop
checking for /usr/bin/ld option to reload object files... (cached) -r
checking for objdump... (cached) objdump
checking how to recognize dependent libraries... (cached) pass_all
checking for dlltool... no
checking how to associate runtime and link libraries... (cached) printf %s\n
checking for archiver @FILE support... (cached) @
checking for strip... (cached) strip
checking for ranlib... (cached) ranlib
checking command to parse /usr/bin/nm -B output from clang -ftrivial-auto-var-init=pattern object... (cached) ok
checking for sysroot... no
checking for a working dd... (cached) /usr/bin/dd
checking how to truncate binary pipes... (cached) /usr/bin/dd bs=4096 count=1
checking for mt... no
checking if : is a manifest tool... (cached) no
checking for stdio.h... (cached) yes
checking for stdlib.h... (cached) yes
checking for string.h... (cached) yes
checking for inttypes.h... (cached) yes
checking for stdint.h... (cached) yes
checking for strings.h... (cached) yes
checking for sys/stat.h... (cached) yes
checking for sys/types.h... (cached) yes
checking for unistd.h... (cached) yes
checking for dlfcn.h... (cached) yes
checking for objdir... (cached) .libs
checking if clang -ftrivial-auto-var-init=pattern supports -fno-rtti -fno-exceptions... (cached) yes
checking for clang -ftrivial-auto-var-init=pattern option to produce PIC... (cached) -fPIC -DPIC
checking if clang -ftrivial-auto-var-init=pattern PIC flag -fPIC -DPIC works... (cached) yes
checking if clang -ftrivial-auto-var-init=pattern static flag -static works... (cached) yes
checking if clang -ftrivial-auto-var-init=pattern supports -c -o file.o... (cached) yes
checking if clang -ftrivial-auto-var-init=pattern supports -c -o file.o... (cached) yes
checking whether the clang -ftrivial-auto-var-init=pattern linker (/usr/bin/ld -m elf_x86_64) supports shared libraries... yes
checking dynamic linker characteristics... (cached) GNU/Linux ld.so
checking how to hardcode library paths into programs... immediate
checking whether stripping libraries is possible... yes
checking if libtool supports shared libraries... yes
checking whether to build shared libraries... no
checking whether to build static libraries... yes
checking if clang -ftrivial-auto-var-init=pattern supports -Werror=unknown-warning-option... yes
checking if clang -ftrivial-auto-var-init=pattern supports -std=c89 -pedantic -Wno-long-long -Wnested-externs -Wshadow -Wstrict-prototypes -Wundef... yes
checking if clang -ftrivial-auto-var-init=pattern supports -Wno-overlength-strings... yes
checking if clang -ftrivial-auto-var-init=pattern supports -Wall... yes
checking if clang -ftrivial-auto-var-init=pattern supports -Wno-unused-function... yes
checking if clang -ftrivial-auto-var-init=pattern supports -Wextra... yes
checking if clang -ftrivial-auto-var-init=pattern supports -Wcast-align... yes
checking if clang -ftrivial-auto-var-init=pattern supports -Wcast-align=strict... no
checking if clang -ftrivial-auto-var-init=pattern supports -Wconditional-uninitialized... yes
checking if clang -ftrivial-auto-var-init=pattern supports -fvisibility=hidden... yes
checking for x86_64 assembly availability... yes
configure: updating cache ../../config.cache
checking that generated files are newer than configure... done
configure: creating ./config.status
config.status: creating Makefile
config.status: creating libsecp256k1.pc
config.status: creating src/libsecp256k1-config.h
config.status: executing depfiles commands
config.status: executing libtool commands

Build Options:
  with external callbacks = no
  with benchmarks         = no
  with tests              = yes
  with coverage           = no
  with examples           = no
  module ecdh             = no
  module recovery         = yes
  module extrakeys        = yes
  module schnorrsig       = yes

  asm                     = x86_64
  ecmult window size      = 15
  ecmult gen prec. bits   = 4

  valgrind                = no
  CC                      = clang -ftrivial-auto-var-init=pattern
  CPPFLAGS                =  
  SECP_CFLAGS             = -O2  -std=c89 -pedantic -Wno-long-long -Wnested-externs -Wshadow -Wstrict-prototypes -Wundef -Wno-overlength-strings -Wall -Wno-unused-function -Wextra -Wcast-align -Wconditional-uninitialized -fvisibility=hidden 
  CFLAGS                  = -g -O2
  LDFLAGS                 = 

Options used to compile and link:
  external signer = no
  multiprocess    = no
  with experimental syscall sandbox support = no
  with libs       = no
  with wallet     = yes
    with sqlite   = yes
    with bdb      = no
  with gui / qt   = no
  with zmq        = no
  with test       = not building test_bitcoin because fuzzing is enabled
  with fuzz binary = yes
  with bench      = no
  with upnp       = no
  with natpmp     = no
  use asm         = yes
  USDT tracing    = no
  sanitizers      = fuzzer,address,undefined,integer
  debug enabled   = no
  gprof enabled   = no
  werror          = yes
  LTO             = no

  target os       = linux-gnu
  build os        = linux-gnu

  CC              = /usr/bin/ccache clang -ftrivial-auto-var-init=pattern
  CFLAGS          = -pthread -g -O2
  CPPFLAGS        =  -DABORT_ON_FAILED_ASSUME -fmacro-prefix-map=$(abs_top_srcdir)=.  -U_FORTIFY_SOURCE -D_FORTIFY_SOURCE=2  -DHAVE_BUILD_INFO 
  CXX             = /usr/bin/ccache clang++ -ftrivial-auto-var-init=pattern -std=c++17
  CXXFLAGS        =   -fdebug-prefix-map=$(abs_top_srcdir)=.  -Wstack-protector -fstack-protector-all -fcf-protection=full -fstack-clash-protection  -Wall -Wextra -Wgnu -Wformat -Wformat-security -Wvla -Wshadow-field -Wthread-safety -Wrange-loop-analysis -Wredundant-decls -Wunused-member-function -Wdate-time -Wconditional-uninitialized -Woverloaded-virtual -Wsuggest-override -Wunreachable-code-loop-increment -Wimplicit-fallthrough -Wdocumentation  -Wno-unused-parameter -Wno-self-assign -Werror   -g -O2
  LDFLAGS         =  -lpthread  -Wl,-z,relro -Wl,-z,now -Wl,-z,separate-code -pie   
  AR              = /usr/bin/ar
  ARFLAGS         = cr

make  distdir-am
make[1]: Entering directory '/tmp/cirrus-ci-build/ci/scratch/build'
if test -d "bitcoin-x86_64-pc-linux-gnu"; then find "bitcoin-x86_64-pc-linux-gnu" -type d ! -perm -200 -exec chmod u+w {} ';' && rm -rf "bitcoin-x86_64-pc-linux-gnu" || { sleep 5 && rm -rf "bitcoin-x86_64-pc-linux-gnu"; }; else :; fi
test -d "bitcoin-x86_64-pc-linux-gnu" || mkdir "bitcoin-x86_64-pc-linux-gnu"
 (cd src && make  top_distdir=../bitcoin-x86_64-pc-linux-gnu distdir=../bitcoin-x86_64-pc-linux-gnu/src \
     am__remove_distdir=: am__skip_length_check=: am__skip_mode_fix=: distdir)
make[2]: Entering directory '/tmp/cirrus-ci-build/ci/scratch/build/src'
make  distdir-am
make[3]: Entering directory '/tmp/cirrus-ci-build/ci/scratch/build/src'
Generated test/data/script_tests.json.h
Generated test/data/bip341_wallet_vectors.json.h
Generated test/data/base58_encode_decode.json.h
Generated test/data/blockfilters.json.h
Generated test/data/key_io_valid.json.h
Generated test/data/key_io_invalid.json.h
Generated test/data/sighash.json.h
Generated test/data/tx_invalid.json.h
Generated test/data/tx_valid.json.h
Generated test/data/asmap.raw.h
 (cd secp256k1 && make  top_distdir=../../bitcoin-x86_64-pc-linux-gnu distdir=../../bitcoin-x86_64-pc-linux-gnu/src/secp256k1 \
     am__remove_distdir=: am__skip_length_check=: am__skip_mode_fix=: distdir)
make[4]: Entering directory '/tmp/cirrus-ci-build/ci/scratch/build/src/secp256k1'
make  distdir-am
make[5]: Entering directory '/tmp/cirrus-ci-build/ci/scratch/build/src/secp256k1'
:
test -d "../../bitcoin-x86_64-pc-linux-gnu/src/secp256k1" || mkdir "../../bitcoin-x86_64-pc-linux-gnu/src/secp256k1"
test -n ":" \
|| find "../../bitcoin-x86_64-pc-linux-gnu/src/secp256k1" -type d ! -perm -755 \
	-exec chmod u+rwx,go+rx {} \; -o \
  ! -type d ! -perm -444 -links 1 -exec chmod a+r {} \; -o \
  ! -type d ! -perm -400 -exec chmod a+r {} \; -o \
  ! -type d ! -perm -444 -exec /bin/bash /tmp/cirrus-ci-build/src/secp256k1/build-aux/install-sh -c -m a+r {} {} \; \
|| chmod -R a+r "../../bitcoin-x86_64-pc-linux-gnu/src/secp256k1"
make[5]: Leaving directory '/tmp/cirrus-ci-build/ci/scratch/build/src/secp256k1'
make[4]: Leaving directory '/tmp/cirrus-ci-build/ci/scratch/build/src/secp256k1'
make[3]: Leaving directory '/tmp/cirrus-ci-build/ci/scratch/build/src'
make[2]: Leaving directory '/tmp/cirrus-ci-build/ci/scratch/build/src'
 (cd doc/man && make  top_distdir=../../bitcoin-x86_64-pc-linux-gnu distdir=../../bitcoin-x86_64-pc-linux-gnu/doc/man \
     am__remove_distdir=: am__skip_length_check=: am__skip_mode_fix=: distdir)
make[2]: Entering directory '/tmp/cirrus-ci-build/ci/scratch/build/doc/man'
make  distdir-am
make[3]: Entering directory '/tmp/cirrus-ci-build/ci/scratch/build/doc/man'
make[3]: Leaving directory '/tmp/cirrus-ci-build/ci/scratch/build/doc/man'
make[2]: Leaving directory '/tmp/cirrus-ci-build/ci/scratch/build/doc/man'
make  \
  top_distdir="bitcoin-x86_64-pc-linux-gnu" distdir="bitcoin-x86_64-pc-linux-gnu" \
  dist-hook
make[2]: Entering directory '/tmp/cirrus-ci-build/ci/scratch/build'
/usr/bin/git archive --format=tar HEAD -- src/clientversion.cpp | ${TAR-tar} -C bitcoin-x86_64-pc-linux-gnu -xf -
fatal: current working directory is untracked
tar: This does not look like a tar archive
tar: Exiting with failure status due to previous errors
make[2]: [Makefile:1261: dist-hook] Error 2 (ignored)
make[2]: Leaving directory '/tmp/cirrus-ci-build/ci/scratch/build'
test -n "" \
|| find "bitcoin-x86_64-pc-linux-gnu" -type d ! -perm -755 \
	-exec chmod u+rwx,go+rx {} \; -o \
  ! -type d ! -perm -444 -links 1 -exec chmod a+r {} \; -o \
  ! -type d ! -perm -400 -exec chmod a+r {} \; -o \
  ! -type d ! -perm -444 -exec /bin/bash /tmp/cirrus-ci-build/build-aux/install-sh -c -m a+r {} {} \; \
|| chmod -R a+r "bitcoin-x86_64-pc-linux-gnu"
make[1]: Leaving directory '/tmp/cirrus-ci-build/ci/scratch/build'
configure: loading cache ../config.cache
checking for pkg-config... (cached) /usr/bin/pkg-config
checking pkg-config is at least version 0.9.0... yes
checking build system type... (cached) x86_64-pc-linux-gnu
checking host system type... (cached) x86_64-pc-linux-gnu
checking for a BSD-compatible install... (cached) /usr/bin/install -c
checking whether build environment is sane... yes
checking for a race-free mkdir -p... (cached) /usr/bin/mkdir -p
checking for gawk... (cached) mawk
checking whether make sets $(MAKE)... (cached) yes
checking whether make supports nested variables... (cached) yes
checking whether to enable maintainer-specific portions of Makefiles... yes
checking whether make supports nested variables... (cached) yes
checking whether the C++ compiler works... yes
checking for C++ compiler default output file name... a.out
checking for suffix of executables... 
checking whether we are cross compiling... no
checking for suffix of object files... (cached) o
checking whether the compiler supports GNU C++... (cached) yes
checking whether clang++ -ftrivial-auto-var-init=pattern accepts -g... (cached) yes
checking for clang++ -ftrivial-auto-var-init=pattern option to enable C++11 features... (cached) none needed
checking whether make supports the include directive... yes (GNU style)
checking dependency style of clang++ -ftrivial-auto-var-init=pattern... (cached) none
checking whether clang++ -ftrivial-auto-var-init=pattern supports C++17 features with -std=c++17... (cached) yes
checking whether std::filesystem can be used without link library... yes
checking whether the compiler supports GNU Objective C++... (cached) yes
checking whether clang++ -ftrivial-auto-var-init=pattern -std=c++17 accepts -g... (cached) yes
checking dependency style of clang++ -ftrivial-auto-var-init=pattern -std=c++17... (cached) none
checking how to print strings... printf
checking for gcc... (cached) clang -ftrivial-auto-var-init=pattern
checking whether the compiler supports GNU C... (cached) yes
checking whether clang -ftrivial-auto-var-init=pattern accepts -g... (cached) yes
checking for clang -ftrivial-auto-var-init=pattern option to enable C11 features... (cached) none needed
checking whether clang -ftrivial-auto-var-init=pattern understands -c and -o together... (cached) yes
checking dependency style of clang -ftrivial-auto-var-init=pattern... (cached) none
checking for a sed that does not truncate output... (cached) /usr/bin/sed
checking for grep that handles long lines and -e... (cached) /usr/bin/grep
checking for egrep... (cached) /usr/bin/grep -E
checking for fgrep... (cached) /usr/bin/grep -F
checking for ld used by clang -ftrivial-auto-var-init=pattern... (cached) /usr/bin/ld
checking if the linker (/usr/bin/ld) is GNU ld... (cached) yes
checking for BSD- or MS-compatible name lister (nm)... (cached) /usr/bin/nm -B
checking the name lister (/usr/bin/nm -B) interface... (cached) BSD nm
checking whether ln -s works... yes
checking the maximum length of command line arguments... (cached) 1572864
checking how to convert x86_64-pc-linux-gnu file names to x86_64-pc-linux-gnu format... (cached) func_convert_file_noop
checking how to convert x86_64-pc-linux-gnu file names to toolchain format... (cached) func_convert_file_noop
checking for /usr/bin/ld option to reload object files... (cached) -r
checking for objdump... (cached) objdump
checking how to recognize dependent libraries... (cached) pass_all
checking for dlltool... no
checking how to associate runtime and link libraries... (cached) printf %s\n
checking for ar... (cached) ar
checking for archiver @FILE support... (cached) @
checking for strip... (cached) strip
checking for ranlib... (cached) ranlib
checking command to parse /usr/bin/nm -B output from clang -ftrivial-auto-var-init=pattern object... (cached) ok
checking for sysroot... no
checking for a working dd... (cached) /usr/bin/dd
checking how to truncate binary pipes... (cached) /usr/bin/dd bs=4096 count=1
checking for mt... no
checking if : is a manifest tool... (cached) no
checking for stdio.h... (cached) yes
checking for stdlib.h... (cached) yes
checking for string.h... (cached) yes
checking for inttypes.h... (cached) yes
checking for stdint.h... (cached) yes
checking for strings.h... (cached) yes
checking for sys/stat.h... (cached) yes
checking for sys/types.h... (cached) yes
checking for unistd.h... (cached) yes
checking for dlfcn.h... (cached) yes
checking for objdir... (cached) .libs
checking if clang -ftrivial-auto-var-init=pattern supports -fno-rtti -fno-exceptions... (cached) yes
checking for clang -ftrivial-auto-var-init=pattern option to produce PIC... (cached) -fPIC -DPIC
checking if clang -ftrivial-auto-var-init=pattern PIC flag -fPIC -DPIC works... (cached) yes
checking if clang -ftrivial-auto-var-init=pattern static flag -static works... (cached) yes
checking if clang -ftrivial-auto-var-init=pattern supports -c -o file.o... (cached) yes
checking if clang -ftrivial-auto-var-init=pattern supports -c -o file.o... (cached) yes
checking whether the clang -ftrivial-auto-var-init=pattern linker (/usr/bin/ld -m elf_x86_64) supports shared libraries... yes
checking whether -lc should be explicitly linked in... (cached) no
checking dynamic linker characteristics... (cached) GNU/Linux ld.so
checking how to hardcode library paths into programs... immediate
checking whether stripping libraries is possible... yes
checking if libtool supports shared libraries... yes
checking whether to build shared libraries... yes
checking whether to build static libraries... yes
checking how to run the C++ preprocessor... (cached) clang++ -ftrivial-auto-var-init=pattern -std=c++17 -E
checking for ld used by clang++ -ftrivial-auto-var-init=pattern -std=c++17... (cached) /usr/bin/ld -m elf_x86_64
checking if the linker (/usr/bin/ld -m elf_x86_64) is GNU ld... (cached) yes
checking whether the clang++ -ftrivial-auto-var-init=pattern -std=c++17 linker (/usr/bin/ld -m elf_x86_64) supports shared libraries... yes
checking for clang++ -ftrivial-auto-var-init=pattern -std=c++17 option to produce PIC... (cached) -fPIC -DPIC
checking if clang++ -ftrivial-auto-var-init=pattern -std=c++17 PIC flag -fPIC -DPIC works... (cached) yes
checking if clang++ -ftrivial-auto-var-init=pattern -std=c++17 static flag -static works... (cached) yes
checking if clang++ -ftrivial-auto-var-init=pattern -std=c++17 supports -c -o file.o... (cached) yes
checking if clang++ -ftrivial-auto-var-init=pattern -std=c++17 supports -c -o file.o... (cached) yes
checking whether the clang++ -ftrivial-auto-var-init=pattern -std=c++17 linker (/usr/bin/ld -m elf_x86_64) supports shared libraries... yes
checking dynamic linker characteristics... (cached) GNU/Linux ld.so
checking how to hardcode library paths into programs... immediate
checking for ar... (cached) /usr/bin/ar
checking for gcov... (cached) /usr/bin/gcov
checking for llvm-cov... (cached) /usr/bin/llvm-cov
checking for lcov... no
checking for python3.6... (cached) /usr/bin/python3.10
checking for genhtml... no
checking for git... (cached) /usr/bin/git
checking for ccache... (cached) /usr/bin/ccache
checking for xgettext... no
checking for hexdump... (cached) /usr/bin/hexdump
checking for objcopy... (cached) /usr/bin/objcopy
checking for doxygen... no
checking whether C++ compiler accepts -Werror... (cached) yes
checking whether the linker accepts -Wl,--fatal-warnings... (cached) yes
checking whether C++ compiler accepts -fsanitize=fuzzer,address,undefined,integer... (cached) yes
checking whether the linker accepts -fsanitize=fuzzer,address,undefined,integer... (cached) yes
checking whether C++ compiler accepts -Werror=return-type... (cached) yes
checking whether C++ compiler accepts -Wall... (cached) yes
checking whether C++ compiler accepts -Wextra... (cached) yes
checking whether C++ compiler accepts -Wgnu... (cached) yes
checking whether C++ compiler accepts -Wformat -Wformat-security... (cached) yes
checking whether C++ compiler accepts -Wvla... (cached) yes
checking whether C++ compiler accepts -Wshadow-field... (cached) yes
checking whether C++ compiler accepts -Wthread-safety... (cached) yes
checking whether C++ compiler accepts -Wloop-analysis... (cached) yes
checking whether C++ compiler accepts -Wredundant-decls... (cached) yes
checking whether C++ compiler accepts -Wunused-member-function... (cached) yes
checking whether C++ compiler accepts -Wdate-time... (cached) yes
checking whether C++ compiler accepts -Wconditional-uninitialized... (cached) yes
checking whether C++ compiler accepts -Wduplicated-branches... (cached) no
checking whether C++ compiler accepts -Wduplicated-cond... (cached) no
checking whether C++ compiler accepts -Wlogical-op... (cached) no
checking whether C++ compiler accepts -Woverloaded-virtual... (cached) yes
checking whether C++ compiler accepts -Wsuggest-override... (cached) yes
checking whether C++ compiler accepts -Wunreachable-code-loop-increment... (cached) yes
checking whether C++ compiler accepts -Wimplicit-fallthrough... (cached) yes
checking whether C++ compiler accepts -Wdocumentation... (cached) yes
checking whether C++ compiler accepts -Wunused-parameter... (cached) yes
checking whether C++ compiler accepts -Wself-assign... (cached) yes
checking whether C++ compiler accepts -fno-extended-identifiers... (cached) no
checking whether C++ compiler accepts -msse4.2... (cached) yes
checking whether C++ compiler accepts -msse4.1... (cached) yes
checking whether C++ compiler accepts -mavx -mavx2... (cached) yes
checking whether C++ compiler accepts -msse4 -msha... (cached) yes
checking whether C++ compiler accepts -mpclmul... (cached) yes
checking for SSE4.2 intrinsics... yes
checking for SSE4.1 intrinsics... yes
checking for AVX2 intrinsics... yes
checking for x86 SHA-NI intrinsics... yes
checking whether C++ compiler accepts -march=armv8-a+crc+crypto... (cached) no
checking whether C++ compiler accepts -march=armv8-a+crc+crypto... (cached) no
checking for ARMv8 CRC32 intrinsics... no
checking for ARMv8 SHA-NI intrinsics... no
checking whether byte ordering is bigendian... (cached) no
checking how to run the C preprocessor... (cached) clang -ftrivial-auto-var-init=pattern -E
checking whether clang -ftrivial-auto-var-init=pattern is Clang... (cached) yes
checking whether pthreads work with "-pthread" and "-lpthread"... yes
checking whether Clang needs flag to prevent "argument unused" warning when linking with -pthread... (cached) no
checking for joinable pthread attribute... (cached) PTHREAD_CREATE_JOINABLE
checking whether more special flags are required for pthreads... (cached) no
checking for PTHREAD_PRIO_INHERIT... (cached) yes
checking whether std::atomic can be used without link library... yes
checking for special C compiler options needed for large files... (cached) no
checking for _FILE_OFFSET_BITS value needed for large files... (cached) no
checking for clang++ -ftrivial-auto-var-init=pattern -std=c++17 options needed to detect all undeclared functions... (cached) none needed
checking whether strerror_r is declared... (cached) yes
checking whether strerror_r returns char *... (cached) yes
checking for library containing clock_gettime... (cached) none required
checking whether C++ compiler accepts -fPIC... (cached) yes
checking whether C++ compiler accepts -fstack-reuse=none... (cached) no
checking whether C++ compiler accepts -Wstack-protector... (cached) yes
checking whether C++ compiler accepts -fstack-protector-all... (cached) yes
checking whether C++ compiler accepts -fcf-protection=full... (cached) yes
checking whether C++ compiler accepts -fstack-clash-protection... (cached) yes
checking whether C++ preprocessor accepts -D_FORTIFY_SOURCE=2... (cached) yes
checking whether C++ preprocessor accepts -U_FORTIFY_SOURCE... (cached) yes
checking whether the linker accepts -Wl,--enable-reloc-section... (cached) no
checking whether the linker accepts -Wl,--dynamicbase... (cached) no
checking whether the linker accepts -Wl,--nxcompat... (cached) no
checking whether the linker accepts -Wl,--high-entropy-va... (cached) no
checking whether the linker accepts -Wl,-z,relro... (cached) yes
checking whether the linker accepts -Wl,-z,now... (cached) yes
checking whether the linker accepts -Wl,-z,separate-code... (cached) yes
checking whether the linker accepts -fPIE -pie... (cached) yes
checking for endian.h... (cached) yes
checking for sys/endian.h... (cached) no
checking for byteswap.h... (cached) yes
checking for stdio.h... (cached) yes
checking for stdlib.h... (cached) yes
checking for unistd.h... (cached) yes
checking for strings.h... (cached) yes
checking for sys/types.h... (cached) yes
checking for sys/stat.h... (cached) yes
checking for sys/select.h... (cached) yes
checking for sys/prctl.h... (cached) yes
checking for sys/sysctl.h... (cached) no
checking for vm/vm_param.h... (cached) no
checking for sys/vmmeter.h... (cached) no
checking for sys/resources.h... (cached) no
checking whether getifaddrs is declared... (cached) yes
checking whether ifaddrs funcs can be used without link library... yes
checking whether freeifaddrs is declared... (cached) yes
checking whether ifaddrs funcs can be used without link library... yes
checking whether fork is declared... (cached) yes
checking whether setsid is declared... (cached) yes
checking whether pipe2 is declared... (cached) yes
checking for timingsafe_bcmp... (cached) no
checking whether le16toh is declared... (cached) yes
checking whether le32toh is declared... (cached) yes
checking whether le64toh is declared... (cached) yes
checking whether htole16 is declared... (cached) yes
checking whether htole32 is declared... (cached) yes
checking whether htole64 is declared... (cached) yes
checking whether be16toh is declared... (cached) yes
checking whether be32toh is declared... (cached) yes
checking whether be64toh is declared... (cached) yes
checking whether htobe16 is declared... (cached) yes
checking whether htobe32 is declared... (cached) yes
checking whether htobe64 is declared... (cached) yes
checking whether bswap_16 is declared... (cached) yes
checking whether bswap_32 is declared... (cached) yes
checking whether bswap_64 is declared... (cached) yes
checking for __builtin_clzl... yes
checking for __builtin_clzll... yes
checking for getmemoryinfo... yes
checking for mallopt M_ARENA_MAX... yes
checking for posix_fallocate... yes
checking for default visibility attribute... yes
checking for dllexport attribute... no
checking for thread_local support... yes
checking for gmtime_r... yes
checking for Linux getrandom syscall... yes
checking for getentropy via random.h... yes
checking for sysctl... no
checking for sysctl KERN_ARND... no
checking for if type char equals int8_t... no
checking for fdatasync... yes
checking for F_FULLFSYNC... no
checking for O_CLOEXEC... yes
checking for __builtin_prefetch... yes
checking for _mm_prefetch... yes
checking for strong getauxval support in the system headers... yes
checking for std::system... yes
checking for ::_wsystem... no
configure: WARNING: enable-fuzz will disable all other targets and force --enable-fuzz-binary=yes
checking whether C++ preprocessor accepts -DABORT_ON_FAILED_ASSUME... (cached) yes
checking whether main function is needed for fuzz binary... checking whether the linker accepts ... (cached) yes
no
checking for __builtin_mul_overflow... yes
checking for Berkeley DB C++ headers... no
configure: WARNING: libdb_cxx headers missing
configure: WARNING: Bitcoin Core requires this library for BDB (legacy) wallet support
configure: WARNING: Passing --without-bdb will suppress this warning
checking for sqlite3 >= 3.7.17... yes
checking whether to build wallet with support for sqlite... yes
checking whether Userspace, Statically Defined Tracing tracepoints are supported... no
configure: WARNING: Specifying --with-sanitizers forces --without-seccomp since the sanitizers introduce use of syscalls not allowed by the bitcoind syscall sandbox (-sandbox=<mode>).
checking for libevent >= 2.1.8... yes
checking for libevent_pthreads >= 2.1.8... yes
checking if evhttp_connection_get_peer expects const char**... no
checking for libmultiprocess... no
checking whether to build bitcoind... no
checking whether to build bitcoin-cli... no
checking whether to build bitcoin-tx... no
checking whether to build bitcoin-wallet... no
checking whether to build bitcoin-util... no
checking whether to build experimental bitcoin-chainstate... no
checking whether to build libraries... no
checking if ccache should be used... yes
checking whether C compiler accepts -fdebug-prefix-map=A=B... (cached) yes
checking whether C preprocessor accepts -fmacro-prefix-map=A=B... (cached) yes
checking if wallet should be enabled... yes
checking whether to build with support for UPnP... no
checking whether to build with support for NAT-PMP... no
checking whether to build test_bitcoin... no
checking whether to reduce exports... no
checking that generated files are newer than configure... done
configure: creating ./config.status
config.status: creating Makefile
config.status: creating src/Makefile
config.status: creating doc/man/Makefile
config.status: creating share/setup.nsi
config.status: creating share/qt/Info.plist
config.status: creating test/config.ini
config.status: creating contrib/devtools/split-debug.sh
config.status: creating src/config/bitcoin-config.h
config.status: executing depfiles commands
config.status: executing libtool commands
=== configuring in src/secp256k1 (/tmp/cirrus-ci-build/ci/scratch/build/bitcoin-x86_64-pc-linux-gnu/src/secp256k1)
configure: running /bin/bash ./configure --disable-option-checking '--prefix=/tmp/cirrus-ci-build/depends/x86_64-pc-linux-gnu'  '--enable-suppress-external-warnings' '--disable-dependency-tracking' '--enable-werror' '--enable-external-signer' '--bindir=/tmp/cirrus-ci-build/ci/scratch/out/x86_64-pc-linux-gnu/bin' '--libdir=/tmp/cirrus-ci-build/ci/scratch/out/x86_64-pc-linux-gnu/lib' '--enable-fuzz' '--with-sanitizers=fuzzer,address,undefined,integer' 'CC=clang -ftrivial-auto-var-init=pattern' 'CXX=clang++ -ftrivial-auto-var-init=pattern' '--disable-shared' '--with-pic' '--enable-benchmark=no' '--enable-module-recovery' '--enable-module-schnorrsig' --cache-file=../../../config.cache --srcdir=.
configure: loading cache ../../../config.cache
checking build system type... (cached) x86_64-pc-linux-gnu
checking host system type... (cached) x86_64-pc-linux-gnu
checking for a BSD-compatible install... (cached) /usr/bin/install -c
checking whether build environment is sane... yes
checking for a race-free mkdir -p... (cached) /usr/bin/mkdir -p
checking for gawk... (cached) mawk
checking whether make sets $(MAKE)... (cached) yes
checking whether make supports nested variables... (cached) yes
checking whether make supports nested variables... (cached) yes
checking for gcc... (cached) clang -ftrivial-auto-var-init=pattern
checking whether the C compiler works... yes
checking for C compiler default output file name... a.out
checking for suffix of executables... 
checking whether we are cross compiling... no
checking for suffix of object files... (cached) o
checking whether the compiler supports GNU C... (cached) yes
checking whether clang -ftrivial-auto-var-init=pattern accepts -g... (cached) yes
checking for clang -ftrivial-auto-var-init=pattern option to enable C11 features... (cached) none needed
checking whether clang -ftrivial-auto-var-init=pattern understands -c and -o together... (cached) yes
checking whether make supports the include directive... yes (GNU style)
checking dependency style of clang -ftrivial-auto-var-init=pattern... (cached) none
checking dependency style of clang -ftrivial-auto-var-init=pattern... (cached) none
checking for ar... (cached) ar
checking the archiver (ar) interface... (cached) ar
checking how to print strings... printf
checking for a sed that does not truncate output... (cached) /usr/bin/sed
checking for grep that handles long lines and -e... (cached) /usr/bin/grep
checking for egrep... (cached) /usr/bin/grep -E
checking for fgrep... (cached) /usr/bin/grep -F
checking for ld used by clang -ftrivial-auto-var-init=pattern... (cached) /usr/bin/ld
checking if the linker (/usr/bin/ld) is GNU ld... (cached) yes
checking for BSD- or MS-compatible name lister (nm)... (cached) /usr/bin/nm -B
checking the name lister (/usr/bin/nm -B) interface... (cached) BSD nm
checking whether ln -s works... yes
checking the maximum length of command line arguments... (cached) 1572864
checking how to convert x86_64-pc-linux-gnu file names to x86_64-pc-linux-gnu format... (cached) func_convert_file_noop
checking how to convert x86_64-pc-linux-gnu file names to toolchain format... (cached) func_convert_file_noop
checking for /usr/bin/ld option to reload object files... (cached) -r
checking for objdump... (cached) objdump
checking how to recognize dependent libraries... (cached) pass_all
checking for dlltool... no
checking how to associate runtime and link libraries... (cached) printf %s\n
checking for archiver @FILE support... (cached) @
checking for strip... (cached) strip
checking for ranlib... (cached) ranlib
checking command to parse /usr/bin/nm -B output from clang -ftrivial-auto-var-init=pattern object... (cached) ok
checking for sysroot... no
checking for a working dd... (cached) /usr/bin/dd
checking how to truncate binary pipes... (cached) /usr/bin/dd bs=4096 count=1
checking for mt... no
checking if : is a manifest tool... (cached) no
checking for stdio.h... (cached) yes
checking for stdlib.h... (cached) yes
checking for string.h... (cached) yes
checking for inttypes.h... (cached) yes
checking for stdint.h... (cached) yes
checking for strings.h... (cached) yes
checking for sys/stat.h... (cached) yes
checking for sys/types.h... (cached) yes
checking for unistd.h... (cached) yes
checking for dlfcn.h... (cached) yes
checking for objdir... (cached) .libs
checking if clang -ftrivial-auto-var-init=pattern supports -fno-rtti -fno-exceptions... (cached) yes
checking for clang -ftrivial-auto-var-init=pattern option to produce PIC... (cached) -fPIC -DPIC
checking if clang -ftrivial-auto-var-init=pattern PIC flag -fPIC -DPIC works... (cached) yes
checking if clang -ftrivial-auto-var-init=pattern static flag -static works... (cached) yes
checking if clang -ftrivial-auto-var-init=pattern supports -c -o file.o... (cached) yes
checking if clang -ftrivial-auto-var-init=pattern supports -c -o file.o... (cached) yes
checking whether the clang -ftrivial-auto-var-init=pattern linker (/usr/bin/ld -m elf_x86_64) supports shared libraries... yes
checking dynamic linker characteristics... (cached) GNU/Linux ld.so
checking how to hardcode library paths into programs... immediate
checking whether stripping libraries is possible... yes
checking if libtool supports shared libraries... yes
checking whether to build shared libraries... no
checking whether to build static libraries... yes
checking if clang -ftrivial-auto-var-init=pattern supports -Werror=unknown-warning-option... yes
checking if clang -ftrivial-auto-var-init=pattern supports -std=c89 -pedantic -Wno-long-long -Wnested-externs -Wshadow -Wstrict-prototypes -Wundef... yes
checking if clang -ftrivial-auto-var-init=pattern supports -Wno-overlength-strings... yes
checking if clang -ftrivial-auto-var-init=pattern supports -Wall... yes
checking if clang -ftrivial-auto-var-init=pattern supports -Wno-unused-function... yes
checking if clang -ftrivial-auto-var-init=pattern supports -Wextra... yes
checking if clang -ftrivial-auto-var-init=pattern supports -Wcast-align... yes
checking if clang -ftrivial-auto-var-init=pattern supports -Wcast-align=strict... no
checking if clang -ftrivial-auto-var-init=pattern supports -Wconditional-uninitialized... yes
checking if clang -ftrivial-auto-var-init=pattern supports -fvisibility=hidden... yes
checking for x86_64 assembly availability... yes
checking that generated files are newer than configure... done
configure: creating ./config.status
config.status: creating Makefile
config.status: creating libsecp256k1.pc
config.status: creating src/libsecp256k1-config.h
config.status: executing depfiles commands
config.status: executing libtool commands

Build Options:
  with external callbacks = no
  with benchmarks         = no
  with tests              = yes
  with coverage           = no
  with examples           = no
  module ecdh             = no
  module recovery         = yes
  module extrakeys        = yes
  module schnorrsig       = yes

  asm                     = x86_64
  ecmult window size      = 15
  ecmult gen prec. bits   = 4

  valgrind                = no
  CC                      = clang -ftrivial-auto-var-init=pattern
  CPPFLAGS                =  
  SECP_CFLAGS             = -O2  -std=c89 -pedantic -Wno-long-long -Wnested-externs -Wshadow -Wstrict-prototypes -Wundef -Wno-overlength-strings -Wall -Wno-unused-function -Wextra -Wcast-align -Wconditional-uninitialized -fvisibility=hidden 
  CFLAGS                  = -g -O2
  LDFLAGS                 = 

Options used to compile and link:
  external signer = no
  multiprocess    = no
  with experimental syscall sandbox support = no
  with libs       = no
  with wallet     = yes
    with sqlite   = yes
    with bdb      = no
  with gui / qt   = no
  with zmq        = no
  with test       = not building test_bitcoin because fuzzing is enabled
  with fuzz binary = yes
  with bench      = no
  with upnp       = no
  with natpmp     = no
  use asm         = yes
  USDT tracing    = no
  sanitizers      = fuzzer,address,undefined,integer
  debug enabled   = no
  gprof enabled   = no
  werror          = yes
  LTO             = no

  target os       = linux-gnu
  build os        = linux-gnu

  CC              = /usr/bin/ccache clang -ftrivial-auto-var-init=pattern
  CFLAGS          = -pthread -g -O2
  CPPFLAGS        =  -DABORT_ON_FAILED_ASSUME -fmacro-prefix-map=$(abs_top_srcdir)=.  -U_FORTIFY_SOURCE -D_FORTIFY_SOURCE=2  -DHAVE_BUILD_INFO 
  CXX             = /usr/bin/ccache clang++ -ftrivial-auto-var-init=pattern -std=c++17
  CXXFLAGS        =   -fdebug-prefix-map=$(abs_top_srcdir)=.  -Wstack-protector -fstack-protector-all -fcf-protection=full -fstack-clash-protection  -Wall -Wextra -Wgnu -Wformat -Wformat-security -Wvla -Wshadow-field -Wthread-safety -Wrange-loop-analysis -Wredundant-decls -Wunused-member-function -Wdate-time -Wconditional-uninitialized -Woverloaded-virtual -Wsuggest-override -Wunreachable-code-loop-increment -Wimplicit-fallthrough -Wdocumentation  -Wno-unused-parameter -Wno-self-assign -Werror   -g -O2
  LDFLAGS         =  -lpthread  -Wl,-z,relro -Wl,-z,now -Wl,-z,separate-code -pie   
  AR              = /usr/bin/ar
  ARFLAGS         = cr

Making install in src
make[1]: Entering directory '/tmp/cirrus-ci-build/ci/scratch/build/bitcoin-x86_64-pc-linux-gnu/src'
make[2]: Entering directory '/tmp/cirrus-ci-build/ci/scratch/build/bitcoin-x86_64-pc-linux-gnu/src'
  CXX      libbitcoin_node_a-addrdb.o
  CXX      libbitcoin_node_a-addrman.o
  CXX      libbitcoin_node_a-banman.o
  CXX      libbitcoin_node_a-blockencodings.o
  CXX      libbitcoin_node_a-blockfilter.o
  CXX      libbitcoin_node_a-chain.o
  CXX      libbitcoin_node_a-dbwrapper.o
  CXX      libbitcoin_node_a-deploymentstatus.o
  CXX      libbitcoin_node_a-flatfile.o
  CXX      libbitcoin_node_a-headerssync.o
  CXX      libbitcoin_node_a-httprpc.o
  CXX      libbitcoin_node_a-httpserver.o
  CXX      libbitcoin_node_a-i2p.o
  CXX      libbitcoin_node_a-init.o
  CXX      libbitcoin_node_a-mapport.o
  CXX      libbitcoin_node_a-mempool_args.o
  CXX      libbitcoin_node_a-net.o
  CXX      libbitcoin_node_a-netgroup.o
  CXX      libbitcoin_node_a-net_processing.o
  CXX      libbitcoin_node_a-noui.o
  CXX      libbitcoin_node_a-pow.o
  CXX      libbitcoin_node_a-rest.o
  CXX      libbitcoin_node_a-shutdown.o
  CXX      libbitcoin_node_a-signet.o
  CXX      libbitcoin_node_a-timedata.o
  CXX      libbitcoin_node_a-torcontrol.o
  CXX      libbitcoin_node_a-txdb.o
  CXX      libbitcoin_node_a-txmempool.o
  CXX      libbitcoin_node_a-txorphanage.o
  CXX      libbitcoin_node_a-txrequest.o
  CXX      libbitcoin_node_a-validation.o
  CXX      libbitcoin_node_a-validationinterface.o
  CXX      libbitcoin_node_a-versionbits.o
  CXX      wallet/libbitcoin_wallet_a-scriptpubkeyman.o
  CXX      wallet/libbitcoin_wallet_a-spend.o
  CXX      wallet/libbitcoin_wallet_a-transaction.o
  CXX      wallet/libbitcoin_wallet_a-wallet.o
  CXX      wallet/libbitcoin_wallet_a-walletdb.o
  CXX      wallet/libbitcoin_wallet_a-walletutil.o
  CXX      wallet/libbitcoin_wallet_a-coinselection.o
  CXX      wallet/libbitcoin_wallet_a-sqlite.o
  CXX      libbitcoin_common_a-base58.o
  CXX      libbitcoin_common_a-bech32.o
  CXX      libbitcoin_common_a-chainparams.o
  CXX      libbitcoin_common_a-coins.o
  CXX      libbitcoin_common_a-compressor.o
  CXX      libbitcoin_common_a-core_read.o
  CXX      libbitcoin_common_a-core_write.o
  CXX      libbitcoin_common_a-deploymentinfo.o
  CXX      libbitcoin_common_a-external_signer.o
  CXX      libbitcoin_common_a-key.o
  CXX      libbitcoin_common_a-merkleblock.o
  CXX      libbitcoin_common_a-key_io.o
  CXX      libbitcoin_common_a-net_types.o
  CXX      libbitcoin_common_a-netaddress.o
  CXX      libbitcoin_common_a-netbase.o
  CXX      libbitcoin_common_a-net_permissions.o
  CXX      libbitcoin_common_a-outputtype.o
  CXX      policy/libbitcoin_common_a-feerate.o
  CXX      policy/libbitcoin_common_a-policy.o
  CXX      libbitcoin_common_a-protocol.o
  CXX      libbitcoin_common_a-psbt.o
  CXX      rpc/libbitcoin_common_a-rawtransaction_util.o
  CXX      rpc/libbitcoin_common_a-external_signer.o
  CXX      rpc/libbitcoin_common_a-util.o
  CXX      libbitcoin_common_a-scheduler.o
  CXX      script/libbitcoin_common_a-descriptor.o
  CXX      script/libbitcoin_common_a-miniscript.o
  CXX      script/libbitcoin_common_a-sign.o
  CXX      script/libbitcoin_common_a-signingprovider.o
  CXX      script/libbitcoin_common_a-standard.o
  CXX      libbitcoin_common_a-warnings.o
  CXX      libbitcoin_util_a-chainparamsbase.o
  CXX      libbitcoin_util_a-fs.o
  CXX      libbitcoin_util_a-logging.o
  CXX      libbitcoin_util_a-random.o
  CXX      libbitcoin_util_a-randomenv.o
  CXX      rpc/libbitcoin_util_a-request.o
  CXX      support/libbitcoin_util_a-cleanse.o
  CXX      libbitcoin_util_a-sync.o
  CXX      libbitcoin_util_a-threadinterrupt.o
  CXX      libbitcoin_consensus_a-arith_uint256.o
  CXX      consensus/libbitcoin_consensus_a-merkle.o
  CXX      consensus/libbitcoin_consensus_a-tx_check.o
  CXX      libbitcoin_consensus_a-hash.o
  CXX      libbitcoin_consensus_a-pubkey.o
  CXX      script/libbitcoin_consensus_a-bitcoinconsensus.o
  CXX      script/libbitcoin_consensus_a-interpreter.o
  CXX      script/libbitcoin_consensus_a-script.o
  CXX      script/libbitcoin_consensus_a-script_error.o
  CXX      libbitcoin_consensus_a-uint256.o
  CXX      util/libbitcoin_consensus_a-strencodings.o
  CXX      rpc/libbitcoin_cli_a-client.o
make[3]: Entering directory '/tmp/cirrus-ci-build/ci/scratch/build/bitcoin-x86_64-pc-linux-gnu/src/secp256k1'
  CC       src/libsecp256k1_la-secp256k1.lo
  CXX      minisketch/src/fields/libminisketch_clmul_a-clmul_1byte.o
  CC       src/libsecp256k1_precomputed_la-precomputed_ecmult.lo
  CC       src/libsecp256k1_precomputed_la-precomputed_ecmult_gen.lo
  CXX      minisketch/src/fields/libminisketch_clmul_a-clmul_2bytes.o
  CXX      minisketch/src/fields/libminisketch_clmul_a-clmul_3bytes.o
  CXX      minisketch/src/fields/libminisketch_clmul_a-clmul_4bytes.o
  CXX      minisketch/src/fields/libminisketch_clmul_a-clmul_5bytes.o
  CXX      minisketch/src/fields/libminisketch_clmul_a-clmul_6bytes.o
  CXX      minisketch/src/fields/libminisketch_clmul_a-clmul_7bytes.o
  CXX      minisketch/src/fields/libminisketch_clmul_a-clmul_8bytes.o
  CXX      wallet/test/fuzz/test_fuzz_fuzz-coinselection.o
  CXX      wallet/test/fuzz/test_fuzz_fuzz-notifications.o
  CXX      test/fuzz/fuzz-addition_overflow.o
  CXX      test/fuzz/fuzz-addrman.o
  CXX      test/fuzz/fuzz-asmap.o
  CXX      test/fuzz/fuzz-asmap_direct.o
  CXX      test/fuzz/fuzz-autofile.o
  CXX      test/fuzz/fuzz-banman.o
  CXX      test/fuzz/fuzz-base_encode_decode.o
  CXX      test/fuzz/fuzz-bech32.o
  CXX      test/fuzz/fuzz-bitdeque.o
  CXX      test/fuzz/fuzz-block.o
  CCLD     libsecp256k1_precomputed.la
  CCLD     libsecp256k1.la
make[3]: Leaving directory '/tmp/cirrus-ci-build/ci/scratch/build/bitcoin-x86_64-pc-linux-gnu/src/secp256k1'
  CXX      test/fuzz/fuzz-block_header.o
  CXX      test/fuzz/fuzz-blockfilter.o
  CXX      test/fuzz/fuzz-bloom_filter.o
  CXX      test/fuzz/fuzz-buffered_file.o
  CXX      test/fuzz/fuzz-chain.o
  CXX      test/fuzz/fuzz-checkqueue.o
  CXX      test/fuzz/fuzz-coins_view.o
  CXX      test/fuzz/fuzz-connman.o
  CXX      test/fuzz/fuzz-crypto.o
  CXX      test/fuzz/fuzz-crypto_aes256.o
  CXX      test/fuzz/fuzz-crypto_aes256cbc.o
  CXX      test/fuzz/fuzz-crypto_chacha20.o
  CXX      test/fuzz/fuzz-crypto_chacha20_poly1305_aead.o
  CXX      test/fuzz/fuzz-crypto_common.o
  CXX      test/fuzz/fuzz-crypto_diff_fuzz_chacha20.o
  CXX      test/fuzz/fuzz-crypto_hkdf_hmac_sha256_l32.o
  CXX      test/fuzz/fuzz-crypto_poly1305.o
  CXX      test/fuzz/fuzz-cuckoocache.o
  CXX      test/fuzz/fuzz-decode_tx.o
  CXX      test/fuzz/fuzz-descriptor_parse.o
  CXX      test/fuzz/fuzz-deserialize.o
  CXX      test/fuzz/fuzz-eval_script.o
  CXX      test/fuzz/fuzz-fee_rate.o
  CXX      test/fuzz/fuzz-fees.o
  CXX      test/fuzz/fuzz-flatfile.o
  CXX      test/fuzz/fuzz-float.o
  CXX      test/fuzz/fuzz-golomb_rice.o
  CXX      test/fuzz/fuzz-hex.o
  CXX      test/fuzz/fuzz-http_request.o
  CXX      test/fuzz/fuzz-i2p.o
  CXX      test/fuzz/fuzz-integer.o
  CXX      test/fuzz/fuzz-key.o
  CXX      test/fuzz/fuzz-key_io.o
  CXX      test/fuzz/fuzz-kitchen_sink.o
  CXX      test/fuzz/fuzz-load_external_block_file.o
  CXX      test/fuzz/fuzz-locale.o
  CXX      test/fuzz/fuzz-merkleblock.o
  CXX      test/fuzz/fuzz-message.o
  CXX      test/fuzz/fuzz-miniscript.o
  CXX      test/fuzz/fuzz-minisketch.o
  CXX      test/fuzz/fuzz-muhash.o
  CXX      test/fuzz/fuzz-multiplication_overflow.o
  CXX      test/fuzz/fuzz-net.o
  CXX      test/fuzz/fuzz-net_permissions.o
  CXX      test/fuzz/fuzz-netaddress.o
  CXX      test/fuzz/fuzz-netbase_dns_lookup.o
  CXX      test/fuzz/fuzz-node_eviction.o
  CXX      test/fuzz/fuzz-p2p_transport_serialization.o
  CXX      test/fuzz/fuzz-parse_hd_keypath.o
  CXX      test/fuzz/fuzz-parse_iso8601.o
  CXX      test/fuzz/fuzz-parse_numbers.o
  CXX      test/fuzz/fuzz-parse_script.o
  CXX      test/fuzz/fuzz-parse_univalue.o
  CXX      test/fuzz/fuzz-policy_estimator.o
  CXX      test/fuzz/fuzz-policy_estimator_io.o
  CXX      test/fuzz/fuzz-pow.o
  CXX      test/fuzz/fuzz-prevector.o
  CXX      test/fuzz/fuzz-primitives_transaction.o
  CXX      test/fuzz/fuzz-process_message.o
  CXX      test/fuzz/fuzz-process_messages.o
  CXX      test/fuzz/fuzz-protocol.o
  CXX      test/fuzz/fuzz-psbt.o
  CXX      test/fuzz/fuzz-random.o
  CXX      test/fuzz/fuzz-rbf.o
  CXX      test/fuzz/fuzz-rolling_bloom_filter.o
  CXX      test/fuzz/fuzz-rpc.o
  CXX      test/fuzz/fuzz-script.o
  CXX      test/fuzz/fuzz-script_assets_test_minimizer.o
  CXX      test/fuzz/fuzz-script_bitcoin_consensus.o
  CXX      test/fuzz/fuzz-script_descriptor_cache.o
  CXX      test/fuzz/fuzz-script_flags.o
  CXX      test/fuzz/fuzz-script_format.o
  CXX      test/fuzz/fuzz-script_interpreter.o
  CXX      test/fuzz/fuzz-script_ops.o
  CXX      test/fuzz/fuzz-script_sigcache.o
  CXX      test/fuzz/fuzz-script_sign.o
  CXX      test/fuzz/fuzz-scriptnum_ops.o
  CXX      test/fuzz/fuzz-secp256k1_ec_seckey_import_export_der.o
  CXX      test/fuzz/fuzz-secp256k1_ecdsa_signature_parse_der_lax.o
  CXX      test/fuzz/fuzz-signature_checker.o
  CXX      test/fuzz/fuzz-signet.o
  CXX      test/fuzz/fuzz-socks5.o
  CXX      test/fuzz/fuzz-span.o
  CXX      test/fuzz/fuzz-spanparsing.o
  CXX      test/fuzz/fuzz-string.o
  CXX      test/fuzz/fuzz-strprintf.o
  CXX      test/fuzz/fuzz-system.o
  CXX      test/fuzz/fuzz-timedata.o
  CXX      test/fuzz/fuzz-torcontrol.o
  CXX      test/fuzz/fuzz-transaction.o
  CXX      test/fuzz/fuzz-tx_in.o
  CXX      test/fuzz/fuzz-tx_out.o
  CXX      test/fuzz/fuzz-tx_pool.o
  CXX      test/fuzz/fuzz-txorphan.o
  CXX      test/fuzz/fuzz-txrequest.o
  CXX      test/fuzz/fuzz-utxo_snapshot.o
  CXX      test/fuzz/fuzz-validation_load_mempool.o
  CXX      test/fuzz/fuzz-versionbits.o
  CXX      test/util/libtest_util_a-blockfilter.o
  CXX      test/util/libtest_util_a-logging.o
  CXX      test/util/libtest_util_a-mining.o
  CXX      test/util/libtest_util_a-net.o
  CXX      test/util/libtest_util_a-script.o
  CXX      test/util/libtest_util_a-setup_common.o
  CXX      test/util/libtest_util_a-str.o
  CXX      test/util/libtest_util_a-transaction_utils.o
  CXX      test/util/libtest_util_a-validation.o
  CXX      test/util/libtest_util_a-wallet.o
  CXX      test/fuzz/libtest_fuzz_a-fuzz.o
  CXX      test/fuzz/libtest_fuzz_a-util.o
  CXX      consensus/libbitcoin_node_a-tx_verify.o
  CXX      index/libbitcoin_node_a-base.o
  CXX      index/libbitcoin_node_a-blockfilterindex.o
  CXX      index/libbitcoin_node_a-coinstatsindex.o
  CXX      index/libbitcoin_node_a-txindex.o
  CXX      kernel/libbitcoin_node_a-chain.o
  CXX      kernel/libbitcoin_node_a-checks.o
  CXX      kernel/libbitcoin_node_a-coinstats.o
  CXX      kernel/libbitcoin_node_a-context.o
  CXX      kernel/libbitcoin_node_a-mempool_persist.o
  CXX      node/libbitcoin_node_a-blockstorage.o
  CXX      node/libbitcoin_node_a-caches.o
  CXX      node/libbitcoin_node_a-chainstate.o
  CXX      node/libbitcoin_node_a-coin.o
  CXX      node/libbitcoin_node_a-connection_types.o
  CXX      node/libbitcoin_node_a-context.o
  CXX      node/libbitcoin_node_a-eviction.o
  CXX      node/libbitcoin_node_a-interfaces.o
  CXX      node/libbitcoin_node_a-mempool_persist_args.o
  CXX      node/libbitcoin_node_a-miner.o
  CXX      node/libbitcoin_node_a-minisketchwrapper.o
  CXX      node/libbitcoin_node_a-psbt.o
  CXX      node/libbitcoin_node_a-transaction.o
  CXX      node/libbitcoin_node_a-interface_ui.o
  CXX      policy/libbitcoin_node_a-fees.o
  CXX      policy/libbitcoin_node_a-fees_args.o
  CXX      policy/libbitcoin_node_a-packages.o
  CXX      policy/libbitcoin_node_a-rbf.o
  CXX      policy/libbitcoin_node_a-settings.o
  CXX      rpc/libbitcoin_node_a-blockchain.o
  CXX      rpc/libbitcoin_node_a-fees.o
  CXX      rpc/libbitcoin_node_a-mempool.o
  CXX      rpc/libbitcoin_node_a-mining.o
  CXX      rpc/libbitcoin_node_a-node.o
  CXX      rpc/libbitcoin_node_a-net.o
  CXX      rpc/libbitcoin_node_a-output_script.o
  CXX      rpc/libbitcoin_node_a-rawtransaction.o
  CXX      rpc/libbitcoin_node_a-server.o
  CXX      rpc/libbitcoin_node_a-server_util.o
  CXX      rpc/libbitcoin_node_a-signmessage.o
  CXX      rpc/libbitcoin_node_a-txoutproof.o
  CXX      script/libbitcoin_node_a-sigcache.o
  CXX      wallet/libbitcoin_node_a-init.o
  CXX      wallet/libbitcoin_wallet_a-coincontrol.o
  CXX      wallet/libbitcoin_wallet_a-context.o
  CXX      wallet/libbitcoin_wallet_a-crypter.o
  CXX      wallet/libbitcoin_wallet_a-db.o
  CXX      wallet/libbitcoin_wallet_a-dump.o
  CXX      wallet/libbitcoin_wallet_a-external_signer_scriptpubkeyman.o
  CXX      wallet/libbitcoin_wallet_a-feebumper.o
  CXX      wallet/libbitcoin_wallet_a-fees.o
  CXX      wallet/libbitcoin_wallet_a-interfaces.o
  CXX      wallet/libbitcoin_wallet_a-load.o
  CXX      wallet/libbitcoin_wallet_a-receive.o
  CXX      wallet/rpc/libbitcoin_wallet_a-addresses.o
  CXX      wallet/rpc/libbitcoin_wallet_a-backup.o
  CXX      wallet/rpc/libbitcoin_wallet_a-coins.o
  CXX      wallet/rpc/libbitcoin_wallet_a-encrypt.o
  CXX      wallet/rpc/libbitcoin_wallet_a-spend.o
  CXX      wallet/rpc/libbitcoin_wallet_a-signmessage.o
  CXX      wallet/rpc/libbitcoin_wallet_a-transactions.o
  CXX      wallet/rpc/libbitcoin_wallet_a-util.o
  CXX      wallet/rpc/libbitcoin_wallet_a-wallet.o
  CXX      common/libbitcoin_common_a-bloom.o
  CXX      init/libbitcoin_common_a-common.o
  CXX      support/libbitcoin_util_a-lockedpool.o
  CXX      libbitcoin_util_a-clientversion.o
  CXX      interfaces/libbitcoin_util_a-echo.o
  CXX      interfaces/libbitcoin_util_a-handler.o
  CXX      interfaces/libbitcoin_util_a-init.o
  CXX      util/libbitcoin_util_a-asmap.o
  CXX      util/libbitcoin_util_a-bip32.o
  CXX      util/libbitcoin_util_a-bytevectorhash.o
  CXX      util/libbitcoin_util_a-check.o
  CXX      util/libbitcoin_util_a-error.o
  CXX      util/libbitcoin_util_a-fees.o
  CXX      util/libbitcoin_util_a-getuniquepath.o
  CXX      util/libbitcoin_util_a-hasher.o
  CXX      util/libbitcoin_util_a-sock.o
  CXX      util/libbitcoin_util_a-syserror.o
  CXX      util/libbitcoin_util_a-system.o
  CXX      util/libbitcoin_util_a-message.o
  CXX      util/libbitcoin_util_a-moneystr.o
  CXX      util/libbitcoin_util_a-rbf.o
  CXX      util/libbitcoin_util_a-readwritefile.o
  CXX      util/libbitcoin_util_a-settings.o
  CXX      util/libbitcoin_util_a-thread.o
  CXX      util/libbitcoin_util_a-threadnames.o
  CXX      util/libbitcoin_util_a-serfloat.o
  CXX      util/libbitcoin_util_a-spanparsing.o
  CXX      util/libbitcoin_util_a-strencodings.o
  CXX      util/libbitcoin_util_a-string.o
  CXX      util/libbitcoin_util_a-syscall_sandbox.o
  CXX      util/libbitcoin_util_a-time.o
  CXX      util/libbitcoin_util_a-tokenpipe.o
  CXX      util/libbitcoin_util_a-url.o
  CXX      primitives/libbitcoin_consensus_a-block.o
  CXX      primitives/libbitcoin_consensus_a-transaction.o
  CXX      crypto/libbitcoin_crypto_base_la-aes.lo
  CXX      crypto/libbitcoin_crypto_base_la-chacha_poly_aead.lo
  CXX      crypto/libbitcoin_crypto_base_la-chacha20.lo
  CXX      crypto/libbitcoin_crypto_base_la-hkdf_sha256_32.lo
  CXX      crypto/libbitcoin_crypto_base_la-hmac_sha256.lo
  CXX      crypto/libbitcoin_crypto_base_la-hmac_sha512.lo
  CXX      crypto/libbitcoin_crypto_base_la-poly1305.lo
  CXX      crypto/libbitcoin_crypto_base_la-muhash.lo
  CXX      crypto/libbitcoin_crypto_base_la-ripemd160.lo
  CXX      crypto/libbitcoin_crypto_base_la-sha1.lo
  CXX      crypto/libbitcoin_crypto_base_la-sha256.lo
  CXX      crypto/libbitcoin_crypto_base_la-sha3.lo
  CXX      crypto/libbitcoin_crypto_base_la-sha512.lo
  CXX      crypto/libbitcoin_crypto_base_la-siphash.lo
  CXX      crypto/libbitcoin_crypto_base_la-sha256_sse4.lo
  CXX      crypto/libbitcoin_crypto_sse41_la-sha256_sse41.lo
  CXX      crypto/libbitcoin_crypto_avx2_la-sha256_avx2.lo
  CXX      crypto/libbitcoin_crypto_x86_shani_la-sha256_x86_shani.lo
  CXX      compat/libbitcoin_cli_a-stdin.o
  CXX      univalue/lib/libunivalue_la-univalue.lo
  CXX      univalue/lib/libunivalue_la-univalue_get.lo
  CXX      univalue/lib/libunivalue_la-univalue_read.lo
  CXX      univalue/lib/libunivalue_la-univalue_write.lo
  CXX      leveldb/db/libleveldb_la-builder.lo
  CXX      leveldb/db/libleveldb_la-c.lo
  CXX      leveldb/db/libleveldb_la-dbformat.lo
  CXX      leveldb/db/libleveldb_la-db_impl.lo
  CXX      leveldb/db/libleveldb_la-db_iter.lo
  CXX      leveldb/db/libleveldb_la-dumpfile.lo
  CXX      leveldb/db/libleveldb_la-filename.lo
  CXX      leveldb/db/libleveldb_la-log_reader.lo
  CXX      leveldb/db/libleveldb_la-log_writer.lo
  CXX      leveldb/db/libleveldb_la-memtable.lo
  CXX      leveldb/db/libleveldb_la-repair.lo
  CXX      leveldb/db/libleveldb_la-table_cache.lo
  CXX      leveldb/db/libleveldb_la-version_edit.lo
  CXX      leveldb/db/libleveldb_la-version_set.lo
  CXX      leveldb/db/libleveldb_la-write_batch.lo
  CXX      leveldb/table/libleveldb_la-block_builder.lo
  CXX      leveldb/table/libleveldb_la-block.lo
  CXX      leveldb/table/libleveldb_la-filter_block.lo
  CXX      leveldb/table/libleveldb_la-format.lo
  CXX      leveldb/table/libleveldb_la-iterator.lo
  CXX      leveldb/table/libleveldb_la-merger.lo
  CXX      leveldb/table/libleveldb_la-table_builder.lo
  CXX      leveldb/table/libleveldb_la-table.lo
  CXX      leveldb/table/libleveldb_la-two_level_iterator.lo
  CXX      leveldb/util/libleveldb_la-arena.lo
  CXX      leveldb/util/libleveldb_la-bloom.lo
  CXX      leveldb/util/libleveldb_la-cache.lo
  CXX      leveldb/util/libleveldb_la-coding.lo
  CXX      leveldb/util/libleveldb_la-comparator.lo
  CXX      leveldb/util/libleveldb_la-crc32c.lo
  CXX      leveldb/util/libleveldb_la-env.lo
  CXX      leveldb/util/libleveldb_la-filter_policy.lo
  CXX      leveldb/util/libleveldb_la-hash.lo
  CXX      leveldb/util/libleveldb_la-histogram.lo
  CXX      leveldb/util/libleveldb_la-logging.lo
  CXX      leveldb/util/libleveldb_la-options.lo
  CXX      leveldb/util/libleveldb_la-status.lo
  CXX      leveldb/util/libleveldb_la-env_posix.lo
  CXX      crc32c/src/libcrc32c_la-crc32c.lo
  CXX      crc32c/src/libcrc32c_la-crc32c_portable.lo
  CXX      crc32c/src/libcrc32c_sse42_la-crc32c_sse42.lo
  CXX      leveldb/helpers/memenv/libmemenv_la-memenv.lo
  CXX      minisketch/src/fields/libminisketch_a-generic_1byte.o
  CXX      minisketch/src/fields/libminisketch_a-generic_2bytes.o
  CXX      minisketch/src/fields/libminisketch_a-generic_3bytes.o
  CXX      minisketch/src/fields/libminisketch_a-generic_4bytes.o
  CXX      minisketch/src/fields/libminisketch_a-generic_5bytes.o
  CXX      minisketch/src/fields/libminisketch_a-generic_6bytes.o
  CXX      minisketch/src/fields/libminisketch_a-generic_7bytes.o
  CXX      minisketch/src/fields/libminisketch_a-generic_8bytes.o
  CXX      minisketch/src/libminisketch_a-minisketch.o
  AR       minisketch/libminisketch_clmul.a
  AR       libtest_util.a
  AR       libtest_fuzz.a
  AR       libbitcoin_wallet.a
  AR       libbitcoin_common.a
  AR       libbitcoin_consensus.a
  CXXLD    crypto/libbitcoin_crypto_base.la
  CXXLD    crypto/libbitcoin_crypto_sse41.la
  CXXLD    crypto/libbitcoin_crypto_avx2.la
  CXXLD    crypto/libbitcoin_crypto_x86_shani.la
  CXXLD    libunivalue.la
  AR       libbitcoin_cli.a
  CXXLD    leveldb/libleveldb.la
  CXXLD    crc32c/libcrc32c.la
  CXXLD    crc32c/libcrc32c_sse42.la
  AR       minisketch/libminisketch.a
  CXXLD    leveldb/libmemenv.la
  AR       libbitcoin_util.a
  AR       libbitcoin_node.a
  CXXLD    test/fuzz/fuzz
make[3]: Entering directory '/tmp/cirrus-ci-build/ci/scratch/build/bitcoin-x86_64-pc-linux-gnu/src'
 /usr/bin/mkdir -p '/tmp/cirrus-ci-build/ci/scratch/out/x86_64-pc-linux-gnu/bin'
make[3]: Leaving directory '/tmp/cirrus-ci-build/ci/scratch/build/bitcoin-x86_64-pc-linux-gnu/src'
make[2]: Leaving directory '/tmp/cirrus-ci-build/ci/scratch/build/bitcoin-x86_64-pc-linux-gnu/src'
make[1]: Leaving directory '/tmp/cirrus-ci-build/ci/scratch/build/bitcoin-x86_64-pc-linux-gnu/src'
Making install in doc/man
make[1]: Entering directory '/tmp/cirrus-ci-build/ci/scratch/build/bitcoin-x86_64-pc-linux-gnu/doc/man'
make[2]: Entering directory '/tmp/cirrus-ci-build/ci/scratch/build/bitcoin-x86_64-pc-linux-gnu/doc/man'
make[2]: Nothing to be done for 'install-exec-am'.
make[2]: Leaving directory '/tmp/cirrus-ci-build/ci/scratch/build/bitcoin-x86_64-pc-linux-gnu/doc/man'
make[1]: Leaving directory '/tmp/cirrus-ci-build/ci/scratch/build/bitcoin-x86_64-pc-linux-gnu/doc/man'
make[1]: Entering directory '/tmp/cirrus-ci-build/ci/scratch/build/bitcoin-x86_64-pc-linux-gnu'
make[2]: Entering directory '/tmp/cirrus-ci-build/ci/scratch/build/bitcoin-x86_64-pc-linux-gnu'
make[2]: Nothing to be done for 'install-exec-am'.
make[2]: Leaving directory '/tmp/cirrus-ci-build/ci/scratch/build/bitcoin-x86_64-pc-linux-gnu'
make[1]: Leaving directory '/tmp/cirrus-ci-build/ci/scratch/build/bitcoin-x86_64-pc-linux-gnu'
ccache version 4.5.1
Summary:
  Hits:             317 /  400 (79.25 %)
    Direct:         296 /  400 (74.00 %)
    Preprocessed:    21 /  104 (20.19 %)
  Misses:            83
    Direct:         104
    Preprocessed:    83
  Uncacheable:        1
Primary storage:
  Hits:             680 /  826 (82.32 %)
  Misses:           146
  Cache size (GB): 0.17 / 0.20 (87.30 %)
  Cleanups:           7

Use the -v/--verbose option for more details.
4.0K	/tmp/cirrus-ci-build/depends/SDKs/
28K	/tmp/cirrus-ci-build/depends/builders/
40K	/tmp/cirrus-ci-build/depends/hosts/
148K	/tmp/cirrus-ci-build/depends/packages/
120K	/tmp/cirrus-ci-build/depends/patches/
4.0K	/tmp/cirrus-ci-build/depends/sdk-sources/
4.0K	/tmp/cirrus-ci-build/releases/x86_64-pc-linux-gnu
186 fuzz target(s) found: addition_overflow addr_info_deserialize address_deserialize_v1_notime address_deserialize_v1_withtime address_deserialize_v2 addrman addrman_deserialize addrman_serdeser asmap asmap_direct autofile banman base_encode_decode bech32 bitdeque block block_deserialize block_file_info_deserialize block_filter_deserialize block_header block_header_and_short_txids_deserialize blockfilter blockheader_deserialize blocklocator_deserialize blockmerkleroot blocktransactions_deserialize blocktransactionsrequest_deserialize blockundo_deserialize bloom_filter bloomfilter_deserialize buffered_file chain checkqueue coins_deserialize coins_view coinselection connman crypto crypto_aes256 crypto_aes256cbc crypto_chacha20 crypto_chacha20_poly1305_aead crypto_common crypto_diff_fuzz_chacha20 crypto_hkdf_hmac_sha256_l32 crypto_poly1305 cuckoocache data_stream_addr_man decode_tx descriptor_parse diskblockindex_deserialize eval_script fee_rate fee_rate_deserialize fees flat_file_pos_deserialize flatfile float golomb_rice hex http_request i2p integer inv_deserialize key key_io key_origin_info_deserialize kitchen_sink load_external_block_file locale merkle_block_deserialize merkleblock message messageheader_deserialize miniscript_script miniscript_string minisketch muhash multiplication_overflow net net_permissions netaddr_deserialize netaddress netbase_dns_lookup node_eviction out_point_deserialize p2p_transport_serialization parse_hd_keypath parse_iso8601 parse_numbers parse_script parse_univalue partial_merkle_tree_deserialize partially_signed_transaction_deserialize policy_estimator policy_estimator_io pow prefilled_transaction_deserialize prevector primitives_transaction process_message process_message_addr process_message_addrv2 process_message_block process_message_blocktxn process_message_cfcheckpt process_message_cfheaders process_message_cfilter process_message_cmpctblock process_message_feefilter process_message_filteradd process_message_filterclear process_message_filterload process_message_getaddr process_message_getblocks process_message_getblocktxn process_message_getcfcheckpt process_message_getcfheaders process_message_getcfilters process_message_getdata process_message_getheaders process_message_headers process_message_inv process_message_mempool process_message_merkleblock process_message_notfound process_message_ping process_message_pong process_message_sendaddrv2 process_message_sendcmpct process_message_sendheaders process_message_tx process_message_verack process_message_version process_message_wtxidrelay process_messages protocol psbt psbt_input_deserialize psbt_output_deserialize pub_key_deserialize random rbf rolling_bloom_filter rpc script script_bitcoin_consensus script_descriptor_cache script_deserialize script_flags script_format script_interpreter script_ops script_sigcache script_sign scriptnum_ops secp256k1_ec_seckey_import_export_der secp256k1_ecdsa_signature_parse_der_lax service_deserialize signature_checker signet snapshotmetadata_deserialize socks5 span spanparsing str_printf string system timedata torcontrol transaction tx_in tx_in_deserialize tx_out tx_pool tx_pool_standard txorphan txoutcompressor_deserialize txrequest txundo_deserialize uint160_deserialize uint256_deserialize utxo_snapshot validation_load_mempool versionbits wallet_notifications
186 of 186 detected fuzz target(s) selected: addition_overflow addr_info_deserialize address_deserialize_v1_notime address_deserialize_v1_withtime address_deserialize_v2 addrman addrman_deserialize addrman_serdeser asmap asmap_direct autofile banman base_encode_decode bech32 bitdeque block block_deserialize block_file_info_deserialize block_filter_deserialize block_header block_header_and_short_txids_deserialize blockfilter blockheader_deserialize blocklocator_deserialize blockmerkleroot blocktransactions_deserialize blocktransactionsrequest_deserialize blockundo_deserialize bloom_filter bloomfilter_deserialize buffered_file chain checkqueue coins_deserialize coins_view coinselection connman crypto crypto_aes256 crypto_aes256cbc crypto_chacha20 crypto_chacha20_poly1305_aead crypto_common crypto_diff_fuzz_chacha20 crypto_hkdf_hmac_sha256_l32 crypto_poly1305 cuckoocache data_stream_addr_man decode_tx descriptor_parse diskblockindex_deserialize eval_script fee_rate fee_rate_deserialize fees flat_file_pos_deserialize flatfile float golomb_rice hex http_request i2p integer inv_deserialize key key_io key_origin_info_deserialize kitchen_sink load_external_block_file locale merkle_block_deserialize merkleblock message messageheader_deserialize miniscript_script miniscript_string minisketch muhash multiplication_overflow net net_permissions netaddr_deserialize netaddress netbase_dns_lookup node_eviction out_point_deserialize p2p_transport_serialization parse_hd_keypath parse_iso8601 parse_numbers parse_script parse_univalue partial_merkle_tree_deserialize partially_signed_transaction_deserialize policy_estimator policy_estimator_io pow prefilled_transaction_deserialize prevector primitives_transaction process_message process_message_addr process_message_addrv2 process_message_block process_message_blocktxn process_message_cfcheckpt process_message_cfheaders process_message_cfilter process_message_cmpctblock process_message_feefilter process_message_filteradd process_message_filterclear process_message_filterload process_message_getaddr process_message_getblocks process_message_getblocktxn process_message_getcfcheckpt process_message_getcfheaders process_message_getcfilters process_message_getdata process_message_getheaders process_message_headers process_message_inv process_message_mempool process_message_merkleblock process_message_notfound process_message_ping process_message_pong process_message_sendaddrv2 process_message_sendcmpct process_message_sendheaders process_message_tx process_message_verack process_message_version process_message_wtxidrelay process_messages protocol psbt psbt_input_deserialize psbt_output_deserialize pub_key_deserialize random rbf rolling_bloom_filter rpc script script_bitcoin_consensus script_descriptor_cache script_deserialize script_flags script_format script_interpreter script_ops script_sigcache script_sign scriptnum_ops secp256k1_ec_seckey_import_export_der secp256k1_ecdsa_signature_parse_der_lax service_deserialize signature_checker signet snapshotmetadata_deserialize socks5 span spanparsing str_printf string system timedata torcontrol transaction tx_in tx_in_deserialize tx_out tx_pool tx_pool_standard txorphan txoutcompressor_deserialize txrequest txundo_deserialize uint160_deserialize uint256_deserialize utxo_snapshot validation_load_mempool versionbits wallet_notifications
Fuzzing harnesses lacking a corpus: bitdeque coinselection txorphan wallet_notifications
Please consider adding a fuzz corpus at https://github.com/bitcoin-core/qa-assets
Run address_deserialize_v1_notime with args ['/tmp/cirrus-ci-build/ci/scratch/build/bitcoin-x86_64-pc-linux-gnu/src/test/fuzz/fuzz', '-runs=1', '/tmp/cirrus-ci-build/ci/scratch/qa-assets/fuzz_seed_corpus/address_deserialize_v1_notime']INFO: Running with entropic power schedule (0xFF, 100).
INFO: Seed: 621892859
INFO: Loaded 1 modules   (336553 inline 8-bit counters): 336553 [0x562092cf1600, 0x562092d438a9), 
INFO: Loaded 1 PC tables (336553 PCs): 336553 [0x562092d438b0,0x562093266340), 
INFO:      363 files found in /tmp/cirrus-ci-build/ci/scratch/qa-assets/fuzz_seed_corpus/address_deserialize_v1_notime
INFO: -max_len is not provided; libFuzzer will not generate inputs larger than 1048575 bytes
INFO: seed corpus: files: 363 min: 1b max: 1048575b total: 5285751b rss: 133Mb
#364	INITED cov: 357 ft: 703 corp: 26/687b exec/s: 0 rss: 158Mb
#364	DONE   cov: 357 ft: 703 corp: 26/687b lim: 127 exec/s: 0 rss: 158Mb
Done 364 runs in 0 second(s)

Run address_deserialize_v1_withtime with args ['/tmp/cirrus-ci-build/ci/scratch/build/bitcoin-x86_64-pc-linux-gnu/src/test/fuzz/fuzz', '-runs=1', '/tmp/cirrus-ci-build/ci/scratch/qa-assets/fuzz_seed_corpus/address_deserialize_v1_withtime']INFO: Running with entropic power schedule (0xFF, 100).
INFO: Seed: 624050010
INFO: Loaded 1 modules   (336553 inline 8-bit counters): 336553 [0x561b4cd93600, 0x561b4cde58a9), 
INFO: Loaded 1 PC tables (336553 PCs): 336553 [0x561b4cde58b0,0x561b4d308340), 
INFO:      372 files found in /tmp/cirrus-ci-build/ci/scratch/qa-assets/fuzz_seed_corpus/address_deserialize_v1_withtime
INFO: -max_len is not provided; libFuzzer will not generate inputs larger than 1048575 bytes
INFO: seed corpus: files: 372 min: 1b max: 1048575b total: 4600839b rss: 133Mb
#373	INITED cov: 356 ft: 706 corp: 28/1175b exec/s: 0 rss: 156Mb
#373	DONE   cov: 356 ft: 706 corp: 28/1175b lim: 479 exec/s: 0 rss: 156Mb
Done 373 runs in 0 second(s)

Run asmap with args ['/tmp/cirrus-ci-build/ci/scratch/build/bitcoin-x86_64-pc-linux-gnu/src/test/fuzz/fuzz', '-runs=1', '/tmp/cirrus-ci-build/ci/scratch/qa-assets/fuzz_seed_corpus/asmap']INFO: Running with entropic power schedule (0xFF, 100).
INFO: Seed: 596076120
INFO: Loaded 1 modules   (336553 inline 8-bit counters): 336553 [0x5607d0372600, 0x5607d03c48a9), 
INFO: Loaded 1 PC tables (336553 PCs): 336553 [0x5607d03c48b0,0x5607d08e7340), 
INFO:      947 files found in /tmp/cirrus-ci-build/ci/scratch/qa-assets/fuzz_seed_corpus/asmap
INFO: -max_len is not provided; libFuzzer will not generate inputs larger than 1048567 bytes
INFO: seed corpus: files: 947 min: 1b max: 1048567b total: 4857109b rss: 97Mb
#948	INITED cov: 509 ft: 1393 corp: 192/5868b exec/s: 0 rss: 124Mb
#948	DONE   cov: 509 ft: 1393 corp: 192/5868b lim: 1014 exec/s: 0 rss: 124Mb
Done 948 runs in 0 second(s)

Run addition_overflow with args ['/tmp/cirrus-ci-build/ci/scratch/build/bitcoin-x86_64-pc-linux-gnu/src/test/fuzz/fuzz', '-runs=1', '/tmp/cirrus-ci-build/ci/scratch/qa-assets/fuzz_seed_corpus/addition_overflow']INFO: Running with entropic power schedule (0xFF, 100).
INFO: Seed: 584654204
INFO: Loaded 1 modules   (336553 inline 8-bit counters): 336553 [0x558c3e9bc600, 0x558c3ea0e8a9), 
INFO: Loaded 1 PC tables (336553 PCs): 336553 [0x558c3ea0e8b0,0x558c3ef31340), 
INFO:     1042 files found in /tmp/cirrus-ci-build/ci/scratch/qa-assets/fuzz_seed_corpus/addition_overflow
INFO: -max_len is not provided; libFuzzer will not generate inputs larger than 1048576 bytes
INFO: seed corpus: files: 1042 min: 1b max: 4194212b total: 41048513b rss: 98Mb
#1043	INITED cov: 436 ft: 567 corp: 69/2745b exec/s: 0 rss: 197Mb
#1043	DONE   cov: 436 ft: 567 corp: 69/2745b lim: 62 exec/s: 0 rss: 197Mb
Done 1043 runs in 0 second(s)

Run address_deserialize_v2 with args ['/tmp/cirrus-ci-build/ci/scratch/build/bitcoin-x86_64-pc-linux-gnu/src/test/fuzz/fuzz', '-runs=1', '/tmp/cirrus-ci-build/ci/scratch/qa-assets/fuzz_seed_corpus/address_deserialize_v2']INFO: Running with entropic power schedule (0xFF, 100).
INFO: Seed: 625357795
INFO: Loaded 1 modules   (336553 inline 8-bit counters): 336553 [0x5610c0379600, 0x5610c03cb8a9), 
INFO: Loaded 1 PC tables (336553 PCs): 336553 [0x5610c03cb8b0,0x5610c08ee340), 
INFO:      868 files found in /tmp/cirrus-ci-build/ci/scratch/qa-assets/fuzz_seed_corpus/address_deserialize_v2
INFO: -max_len is not provided; libFuzzer will not generate inputs larger than 1048575 bytes
INFO: seed corpus: files: 868 min: 1b max: 1048575b total: 6468420b rss: 133Mb
#869	INITED cov: 551 ft: 1113 corp: 60/1119b exec/s: 0 rss: 170Mb
#869	DONE   cov: 551 ft: 1113 corp: 60/1119b lim: 264 exec/s: 0 rss: 170Mb
Done 869 runs in 0 second(s)

Run addr_info_deserialize with args ['/tmp/cirrus-ci-build/ci/scratch/build/bitcoin-x86_64-pc-linux-gnu/src/test/fuzz/fuzz', '-runs=1', '/tmp/cirrus-ci-build/ci/scratch/qa-assets/fuzz_seed_corpus/addr_info_deserialize']INFO: Running with entropic power schedule (0xFF, 100).
INFO: Seed: 620063126
INFO: Loaded 1 modules   (336553 inline 8-bit counters): 336553 [0x5624db79c600, 0x5624db7ee8a9), 
INFO: Loaded 1 PC tables (336553 PCs): 336553 [0x5624db7ee8b0,0x5624dbd11340), 
INFO:     1175 files found in /tmp/cirrus-ci-build/ci/scratch/qa-assets/fuzz_seed_corpus/addr_info_deserialize
INFO: -max_len is not provided; libFuzzer will not generate inputs larger than 1048575 bytes
INFO: seed corpus: files: 1175 min: 1b max: 1048575b total: 7261179b rss: 134Mb
#1176	INITED cov: 516 ft: 862 corp: 88/2536b exec/s: 0 rss: 176Mb
#1176	DONE   cov: 516 ft: 862 corp: 88/2536b lim: 274 exec/s: 0 rss: 176Mb
Done 1176 runs in 0 second(s)

Run bitdeque with args ['/tmp/cirrus-ci-build/ci/scratch/build/bitcoin-x86_64-pc-linux-gnu/src/test/fuzz/fuzz', '-runs=1', '/tmp/cirrus-ci-build/ci/scratch/qa-assets/fuzz_seed_corpus/bitdeque']INFO: Running with entropic power schedule (0xFF, 100).
INFO: Seed: 1105688280
INFO: Loaded 1 modules   (336553 inline 8-bit counters): 336553 [0x555678c63600, 0x555678cb58a9), 
INFO: Loaded 1 PC tables (336553 PCs): 336553 [0x555678cb58b0,0x5556791d8340), 
INFO:        0 files found in /tmp/cirrus-ci-build/ci/scratch/qa-assets/fuzz_seed_corpus/bitdeque
INFO: -max_len is not provided; libFuzzer will not generate inputs larger than 4096 bytes
test/fuzz/bitdeque.cpp:50:19: runtime error: unsigned integer overflow: 0 - 1 cannot be represented in type 'size_t' (aka 'unsigned long')
    #0 0x5556760a946f  (/tmp/cirrus-ci-build/ci/scratch/build/bitcoin-x86_64-pc-linux-gnu/src/test/fuzz/fuzz+0x177d46f) (BuildId: e823c46f7e33cdcd99be682ea5c2add2f764a97d)
    #1 0x5556760162e5  (/tmp/cirrus-ci-build/ci/scratch/build/bitcoin-x86_64-pc-linux-gnu/src/test/fuzz/fuzz+0x16ea2e5) (BuildId: e823c46f7e33cdcd99be682ea5c2add2f764a97d)
    #2 0x5556760161ad  (/tmp/cirrus-ci-build/ci/scratch/build/bitcoin-x86_64-pc-linux-gnu/src/test/fuzz/fuzz+0x16ea1ad) (BuildId: e823c46f7e33cdcd99be682ea5c2add2f764a97d)
    #3 0x555676015f88  (/tmp/cirrus-ci-build/ci/scratch/build/bitcoin-x86_64-pc-linux-gnu/src/test/fuzz/fuzz+0x16e9f88) (BuildId: e823c46f7e33cdcd99be682ea5c2add2f764a97d)
    #4 0x5556764748ed  (/tmp/cirrus-ci-build/ci/scratch/build/bitcoin-x86_64-pc-linux-gnu/src/test/fuzz/fuzz+0x1b488ed) (BuildId: e823c46f7e33cdcd99be682ea5c2add2f764a97d)
    #5 0x555676474548  (/tmp/cirrus-ci-build/ci/scratch/build/bitcoin-x86_64-pc-linux-gnu/src/test/fuzz/fuzz+0x1b48548) (BuildId: e823c46f7e33cdcd99be682ea5c2add2f764a97d)
    #6 0x555675f39593  (/tmp/cirrus-ci-build/ci/scratch/build/bitcoin-x86_64-pc-linux-gnu/src/test/fuzz/fuzz+0x160d593) (BuildId: e823c46f7e33cdcd99be682ea5c2add2f764a97d)
    #7 0x555675f3a7f0  (/tmp/cirrus-ci-build/ci/scratch/build/bitcoin-x86_64-pc-linux-gnu/src/test/fuzz/fuzz+0x160e7f0) (BuildId: e823c46f7e33cdcd99be682ea5c2add2f764a97d)
    #8 0x555675f3ae42  (/tmp/cirrus-ci-build/ci/scratch/build/bitcoin-x86_64-pc-linux-gnu/src/test/fuzz/fuzz+0x160ee42) (BuildId: e823c46f7e33cdcd99be682ea5c2add2f764a97d)
    #9 0x555675f29192  (/tmp/cirrus-ci-build/ci/scratch/build/bitcoin-x86_64-pc-linux-gnu/src/test/fuzz/fuzz+0x15fd192) (BuildId: e823c46f7e33cdcd99be682ea5c2add2f764a97d)
    #10 0x555675f52e82  (/tmp/cirrus-ci-build/ci/scratch/build/bitcoin-x86_64-pc-linux-gnu/src/test/fuzz/fuzz+0x1626e82) (BuildId: e823c46f7e33cdcd99be682ea5c2add2f764a97d)
    #11 0x7f994ad34d8f  (/lib/x86_64-linux-gnu/libc.so.6+0x29d8f) (BuildId: 89c3cb85f9e55046776471fed05ec441581d1969)
    #12 0x7f994ad34e3f  (/lib/x86_64-linux-gnu/libc.so.6+0x29e3f) (BuildId: 89c3cb85f9e55046776471fed05ec441581d1969)
    #13 0x555675f1dbd4  (/tmp/cirrus-ci-build/ci/scratch/build/bitcoin-x86_64-pc-linux-gnu/src/test/fuzz/fuzz+0x15f1bd4) (BuildId: e823c46f7e33cdcd99be682ea5c2add2f764a97d)

SUMMARY: UndefinedBehaviorSanitizer: unsigned-integer-overflow test/fuzz/bitdeque.cpp:50:19 in 
MS: 0 ; base unit: 0000000000000000000000000000000000000000


artifact_prefix='./'; Test unit written to ./crash-da39a3ee5e6b4b0d3255bfef95601890afd80709
Base64: 

INFO: Running with entropic power schedule (0xFF, 100).
INFO: Seed: 1105688280
INFO: Loaded 1 modules   (336553 inline 8-bit counters): 336553 [0x555678c63600, 0x555678cb58a9), 
INFO: Loaded 1 PC tables (336553 PCs): 336553 [0x555678cb58b0,0x5556791d8340), 
INFO:        0 files found in /tmp/cirrus-ci-build/ci/scratch/qa-assets/fuzz_seed_corpus/bitdeque
INFO: -max_len is not provided; libFuzzer will not generate inputs larger than 4096 bytes
test/fuzz/bitdeque.cpp:50:19: runtime error: unsigned integer overflow: 0 - 1 cannot be represented in type 'size_t' (aka 'unsigned long')
    #0 0x5556760a946f  (/tmp/cirrus-ci-build/ci/scratch/build/bitcoin-x86_64-pc-linux-gnu/src/test/fuzz/fuzz+0x177d46f) (BuildId: e823c46f7e33cdcd99be682ea5c2add2f764a97d)
    #1 0x5556760162e5  (/tmp/cirrus-ci-build/ci/scratch/build/bitcoin-x86_64-pc-linux-gnu/src/test/fuzz/fuzz+0x16ea2e5) (BuildId: e823c46f7e33cdcd99be682ea5c2add2f764a97d)
    #2 0x5556760161ad  (/tmp/cirrus-ci-build/ci/scratch/build/bitcoin-x86_64-pc-linux-gnu/src/test/fuzz/fuzz+0x16ea1ad) (BuildId: e823c46f7e33cdcd99be682ea5c2add2f764a97d)
    #3 0x555676015f88  (/tmp/cirrus-ci-build/ci/scratch/build/bitcoin-x86_64-pc-linux-gnu/src/test/fuzz/fuzz+0x16e9f88) (BuildId: e823c46f7e33cdcd99be682ea5c2add2f764a97d)
    #4 0x5556764748ed  (/tmp/cirrus-ci-build/ci/scratch/build/bitcoin-x86_64-pc-linux-gnu/src/test/fuzz/fuzz+0x1b488ed) (BuildId: e823c46f7e33cdcd99be682ea5c2add2f764a97d)
    #5 0x555676474548  (/tmp/cirrus-ci-build/ci/scratch/build/bitcoin-x86_64-pc-linux-gnu/src/test/fuzz/fuzz+0x1b48548) (BuildId: e823c46f7e33cdcd99be682ea5c2add2f764a97d)
    #6 0x555675f39593  (/tmp/cirrus-ci-build/ci/scratch/build/bitcoin-x86_64-pc-linux-gnu/src/test/fuzz/fuzz+0x160d593) (BuildId: e823c46f7e33cdcd99be682ea5c2add2f764a97d)
    #7 0x555675f3a7f0  (/tmp/cirrus-ci-build/ci/scratch/build/bitcoin-x86_64-pc-linux-gnu/src/test/fuzz/fuzz+0x160e7f0) (BuildId: e823c46f7e33cdcd99be682ea5c2add2f764a97d)
    #8 0x555675f3ae42  (/tmp/cirrus-ci-build/ci/scratch/build/bitcoin-x86_64-pc-linux-gnu/src/test/fuzz/fuzz+0x160ee42) (BuildId: e823c46f7e33cdcd99be682ea5c2add2f764a97d)
    #9 0x555675f29192  (/tmp/cirrus-ci-build/ci/scratch/build/bitcoin-x86_64-pc-linux-gnu/src/test/fuzz/fuzz+0x15fd192) (BuildId: e823c46f7e33cdcd99be682ea5c2add2f764a97d)
    #10 0x555675f52e82  (/tmp/cirrus-ci-build/ci/scratch/build/bitcoin-x86_64-pc-linux-gnu/src/test/fuzz/fuzz+0x1626e82) (BuildId: e823c46f7e33cdcd99be682ea5c2add2f764a97d)
    #11 0x7f994ad34d8f  (/lib/x86_64-linux-gnu/libc.so.6+0x29d8f) (BuildId: 89c3cb85f9e55046776471fed05ec441581d1969)
    #12 0x7f994ad34e3f  (/lib/x86_64-linux-gnu/libc.so.6+0x29e3f) (BuildId: 89c3cb85f9e55046776471fed05ec441581d1969)
    #13 0x555675f1dbd4  (/tmp/cirrus-ci-build/ci/scratch/build/bitcoin-x86_64-pc-linux-gnu/src/test/fuzz/fuzz+0x15f1bd4) (BuildId: e823c46f7e33cdcd99be682ea5c2add2f764a97d)

SUMMARY: UndefinedBehaviorSanitizer: unsigned-integer-overflow test/fuzz/bitdeque.cpp:50:19 in 
MS: 0 ; base unit: 0000000000000000000000000000000000000000


artifact_prefix='./'; Test unit written to ./crash-da39a3ee5e6b4b0d3255bfef95601890afd80709
Base64: 

Target "/tmp/cirrus-ci-build/ci/scratch/build/bitcoin-x86_64-pc-linux-gnu/src/test/fuzz/fuzz -runs=1 /tmp/cirrus-ci-build/ci/scratch/qa-assets/fuzz_seed_corpus/bitdeque" failed with exit code 1
