
C:\Users\ContainerAdministrator\AppData\Local\Temp\cirrus-ci-build>call src\test_bitcoin.exe -l test_suite 
Running 526 test cases...
Entering test module "Bitcoin Core Test Suite"
C:\Users\ContainerAdministrator\AppData\Local\Temp\cirrus-ci-build\src\test\addrman_tests.cpp(61): Entering test suite "addrman_tests"
C:\Users\ContainerAdministrator\AppData\Local\Temp\cirrus-ci-build\src\test\addrman_tests.cpp(63): Entering test case "addrman_simple"
C:\Users\ContainerAdministrator\AppData\Local\Temp\cirrus-ci-build\src\test\addrman_tests.cpp(63): Leaving test case "addrman_simple"; testing time: 53647us
C:\Users\ContainerAdministrator\AppData\Local\Temp\cirrus-ci-build\src\test\addrman_tests.cpp(107): Entering test case "addrman_ports"
C:\Users\ContainerAdministrator\AppData\Local\Temp\cirrus-ci-build\src\test\addrman_tests.cpp(107): Leaving test case "addrman_ports"; testing time: 13784us
C:\Users\ContainerAdministrator\AppData\Local\Temp\cirrus-ci-build\src\test\addrman_tests.cpp(136): Entering test case "addrman_select"
C:\Users\ContainerAdministrator\AppData\Local\Temp\cirrus-ci-build\src\test\addrman_tests.cpp(136): Leaving test case "addrman_select"; testing time: 22671us
C:\Users\ContainerAdministrator\AppData\Local\Temp\cirrus-ci-build\src\test\addrman_tests.cpp(195): Entering test case "addrman_new_collisions"
C:\Users\ContainerAdministrator\AppData\Local\Temp\cirrus-ci-build\src\test\addrman_tests.cpp(195): Leaving test case "addrman_new_collisions"; testing time: 16652us
C:\Users\ContainerAdministrator\AppData\Local\Temp\cirrus-ci-build\src\test\addrman_tests.cpp(224): Entering test case "addrman_new_multiplicity"
C:\Users\ContainerAdministrator\AppData\Local\Temp\cirrus-ci-build\src\test\addrman_tests.cpp(224): Leaving test case "addrman_new_multiplicity"; testing time: 28470us
C:\Users\ContainerAdministrator\AppData\Local\Temp\cirrus-ci-build\src\test\addrman_tests.cpp(256): Entering test case "addrman_tried_collisions"
C:\Users\ContainerAdministrator\AppData\Local\Temp\cirrus-ci-build\src\test\addrman_tests.cpp(256): Leaving test case "addrman_tried_collisions"; testing time: 23456us
C:\Users\ContainerAdministrator\AppData\Local\Temp\cirrus-ci-build\src\test\addrman_tests.cpp(287): Entering test case "addrman_getaddr"
C:\Users\ContainerAdministrator\AppData\Local\Temp\cirrus-ci-build\src\test\addrman_tests.cpp(287): Leaving test case "addrman_getaddr"; testing time: 795669us
C:\Users\ContainerAdministrator\AppData\Local\Temp\cirrus-ci-build\src\test\addrman_tests.cpp(347): Entering test case "caddrinfo_get_tried_bucket_legacy"
C:\Users\ContainerAdministrator\AppData\Local\Temp\cirrus-ci-build\src\test\addrman_tests.cpp(347): Leaving test case "caddrinfo_get_tried_bucket_legacy"; testing time: 37856us
C:\Users\ContainerAdministrator\AppData\Local\Temp\cirrus-ci-build\src\test\addrman_tests.cpp(398): Entering test case "caddrinfo_get_new_bucket_legacy"
C:\Users\ContainerAdministrator\AppData\Local\Temp\cirrus-ci-build\src\test\addrman_tests.cpp(398): Leaving test case "caddrinfo_get_new_bucket_legacy"; testing time: 87946us
C:\Users\ContainerAdministrator\AppData\Local\Temp\cirrus-ci-build\src\test\addrman_tests.cpp(472): Entering test case "caddrinfo_get_tried_bucket"
C:\Users\ContainerAdministrator\AppData\Local\Temp\cirrus-ci-build\src\test\addrman_tests.cpp(472): Leaving test case "caddrinfo_get_tried_bucket"; testing time: 59717us
C:\Users\ContainerAdministrator\AppData\Local\Temp\cirrus-ci-build\src\test\addrman_tests.cpp(526): Entering test case "caddrinfo_get_new_bucket"
C:\Users\ContainerAdministrator\AppData\Local\Temp\cirrus-ci-build\src\test\addrman_tests.cpp(526): Leaving test case "caddrinfo_get_new_bucket"; testing time: 256544us
C:\Users\ContainerAdministrator\AppData\Local\Temp\cirrus-ci-build\src\test\addrman_tests.cpp(604): Entering test case "addrman_serialization"
C:\Users\ContainerAdministrator\AppData\Local\Temp\cirrus-ci-build\src\test\addrman_tests.cpp(604): Leaving test case "addrman_serialization"; testing time: 21300us
C:\Users\ContainerAdministrator\AppData\Local\Temp\cirrus-ci-build\src\test\addrman_tests.cpp(669): Entering test case "remove_invalid"
C:\Users\ContainerAdministrator\AppData\Local\Temp\cirrus-ci-build\src\test\addrman_tests.cpp(669): Leaving test case "remove_invalid"; testing time: 13755us
C:\Users\ContainerAdministrator\AppData\Local\Temp\cirrus-ci-build\src\test\addrman_tests.cpp(710): Entering test case "addrman_selecttriedcollision"
C:\Users\ContainerAdministrator\AppData\Local\Temp\cirrus-ci-build\src\test\addrman_tests.cpp(710): Leaving test case "addrman_selecttriedcollision"; testing time: 20340us
C:\Users\ContainerAdministrator\AppData\Local\Temp\cirrus-ci-build\src\test\addrman_tests.cpp(743): Entering test case "addrman_noevict"
C:\Users\ContainerAdministrator\AppData\Local\Temp\cirrus-ci-build\src\test\addrman_tests.cpp(743): Leaving test case "addrman_noevict"; testing time: 33357us
C:\Users\ContainerAdministrator\AppData\Local\Temp\cirrus-ci-build\src\test\addrman_tests.cpp(795): Entering test case "addrman_evictionworks"
C:\Users\ContainerAdministrator\AppData\Local\Temp\cirrus-ci-build\src\test\addrman_tests.cpp(795): Leaving test case "addrman_evictionworks"; testing time: 25377us
C:\Users\ContainerAdministrator\AppData\Local\Temp\cirrus-ci-build\src\test\addrman_tests.cpp(865): Entering test case "load_addrman"
C:\Users\ContainerAdministrator\AppData\Local\Temp\cirrus-ci-build\src\test\addrman_tests.cpp(865): Leaving test case "load_addrman"; testing time: 15569us
C:\Users\ContainerAdministrator\AppData\Local\Temp\cirrus-ci-build\src\test\addrman_tests.cpp(936): Entering test case "load_addrman_corrupted"
C:\Users\ContainerAdministrator\AppData\Local\Temp\cirrus-ci-build\src\test\addrman_tests.cpp(936): Leaving test case "load_addrman_corrupted"; testing time: 11825us
C:\Users\ContainerAdministrator\AppData\Local\Temp\cirrus-ci-build\src\test\addrman_tests.cpp(962): Entering test case "addrman_update_address"
C:\Users\ContainerAdministrator\AppData\Local\Temp\cirrus-ci-build\src\test\addrman_tests.cpp(962): Leaving test case "addrman_update_address"; testing time: 10987us
C:\Users\ContainerAdministrator\AppData\Local\Temp\cirrus-ci-build\src\test\addrman_tests.cpp(61): Leaving test suite "addrman_tests"; testing time: 1550505us
C:\Users\ContainerAdministrator\AppData\Local\Temp\cirrus-ci-build\src\test\allocator_tests.cpp(16): Entering test suite "allocator_tests"
C:\Users\ContainerAdministrator\AppData\Local\Temp\cirrus-ci-build\src\test\allocator_tests.cpp(18): Entering test case "arena_tests"
C:\Users\ContainerAdministrator\AppData\Local\Temp\cirrus-ci-build\src\test\allocator_tests.cpp(18): Leaving test case "arena_tests"; testing time: 17632us
C:\Users\ContainerAdministrator\AppData\Local\Temp\cirrus-ci-build\src\test\allocator_tests.cpp(165): Entering test case "lockedpool_tests_mock"
C:\Users\ContainerAdministrator\AppData\Local\Temp\cirrus-ci-build\src\test\allocator_tests.cpp(165): Leaving test case "lockedpool_tests_mock"; testing time: 152us
C:\Users\ContainerAdministrator\AppData\Local\Temp\cirrus-ci-build\src\test\allocator_tests.cpp(214): Entering test case "lockedpool_tests_live"
C:\Users\ContainerAdministrator\AppData\Local\Temp\cirrus-ci-build\src\test\allocator_tests.cpp(214): Leaving test case "lockedpool_tests_live"; testing time: 96us
C:\Users\ContainerAdministrator\AppData\Local\Temp\cirrus-ci-build\src\test\allocator_tests.cpp(16): Leaving test suite "allocator_tests"; testing time: 18032us
C:\Users\ContainerAdministrator\AppData\Local\Temp\cirrus-ci-build\src\test\amount_tests.cpp(12): Entering test suite "amount_tests"
C:\Users\ContainerAdministrator\AppData\Local\Temp\cirrus-ci-build\src\test\amount_tests.cpp(14): Entering test case "MoneyRangeTest"
C:\Users\ContainerAdministrator\AppData\Local\Temp\cirrus-ci-build\src\test\amount_tests.cpp(14): Leaving test case "MoneyRangeTest"; testing time: 69us
C:\Users\ContainerAdministrator\AppData\Local\Temp\cirrus-ci-build\src\test\amount_tests.cpp(23): Entering test case "GetFeeTest"
C:\Users\ContainerAdministrator\AppData\Local\Temp\cirrus-ci-build\src\test\amount_tests.cpp(23): Leaving test case "GetFeeTest"; testing time: 154us
C:\Users\ContainerAdministrator\AppData\Local\Temp\cirrus-ci-build\src\test\amount_tests.cpp(90): Entering test case "BinaryOperatorTest"
C:\Users\ContainerAdministrator\AppData\Local\Temp\cirrus-ci-build\src\test\amount_tests.cpp(90): Leaving test case "BinaryOperatorTest"; testing time: 64us
C:\Users\ContainerAdministrator\AppData\Local\Temp\cirrus-ci-build\src\test\amount_tests.cpp(107): Entering test case "ToStringTest"
C:\Users\ContainerAdministrator\AppData\Local\Temp\cirrus-ci-build\src\test\amount_tests.cpp(107): Leaving test case "ToStringTest"; testing time: 82us
C:\Users\ContainerAdministrator\AppData\Local\Temp\cirrus-ci-build\src\test\amount_tests.cpp(12): Leaving test suite "amount_tests"; testing time: 587us
C:\Users\ContainerAdministrator\AppData\Local\Temp\cirrus-ci-build\src\test\arith_uint256_tests.cpp(18): Entering test suite "arith_uint256_tests"
C:\Users\ContainerAdministrator\AppData\Local\Temp\cirrus-ci-build\src\test\arith_uint256_tests.cpp(68): Entering test case "basics"
C:\Users\ContainerAdministrator\AppData\Local\Temp\cirrus-ci-build\src\test\arith_uint256_tests.cpp(68): Leaving test case "basics"; testing time: 2780us
C:\Users\ContainerAdministrator\AppData\Local\Temp\cirrus-ci-build\src\test\arith_uint256_tests.cpp(157): Entering test case "shifts"
C:\Users\ContainerAdministrator\AppData\Local\Temp\cirrus-ci-build\src\test\arith_uint256_tests.cpp(157): Leaving test case "shifts"; testing time: 8450us
C:\Users\ContainerAdministrator\AppData\Local\Temp\cirrus-ci-build\src\test\arith_uint256_tests.cpp(200): Entering test case "unaryOperators"
C:\Users\ContainerAdministrator\AppData\Local\Temp\cirrus-ci-build\src\test\arith_uint256_tests.cpp(200): Leaving test case "unaryOperators"; testing time: 662us
C:\Users\ContainerAdministrator\AppData\Local\Temp\cirrus-ci-build\src\test\arith_uint256_tests.cpp(224): Entering test case "bitwiseOperators"
C:\Users\ContainerAdministrator\AppData\Local\Temp\cirrus-ci-build\src\test\arith_uint256_tests.cpp(224): Leaving test case "bitwiseOperators"; testing time: 140us
C:\Users\ContainerAdministrator\AppData\Local\Temp\cirrus-ci-build\src\test\arith_uint256_tests.cpp(268): Entering test case "comparison"
C:\Users\ContainerAdministrator\AppData\Local\Temp\cirrus-ci-build\src\test\arith_uint256_tests.cpp(268): Leaving test case "comparison"; testing time: 5336us
C:\Users\ContainerAdministrator\AppData\Local\Temp\cirrus-ci-build\src\test\arith_uint256_tests.cpp(282): Entering test case "plusMinus"
C:\Users\ContainerAdministrator\AppData\Local\Temp\cirrus-ci-build\src\test\arith_uint256_tests.cpp(282): Leaving test case "plusMinus"; testing time: 6638us
C:\Users\ContainerAdministrator\AppData\Local\Temp\cirrus-ci-build\src\test\arith_uint256_tests.cpp(326): Entering test case "multiply"
C:\Users\ContainerAdministrator\AppData\Local\Temp\cirrus-ci-build\src\test\arith_uint256_tests.cpp(326): Leaving test case "multiply"; testing time: 94us
C:\Users\ContainerAdministrator\AppData\Local\Temp\cirrus-ci-build\src\test\arith_uint256_tests.cpp(347): Entering test case "divide"
C:\Users\ContainerAdministrator\AppData\Local\Temp\cirrus-ci-build\src\test\arith_uint256_tests.cpp(347): Leaving test case "divide"; testing time: 408us
C:\Users\ContainerAdministrator\AppData\Local\Temp\cirrus-ci-build\src\test\arith_uint256_tests.cpp(371): Entering test case "methods"
C:\Users\ContainerAdministrator\AppData\Local\Temp\cirrus-ci-build\src\test\arith_uint256_tests.cpp(371): Leaving test case "methods"; testing time: 1264us
C:\Users\ContainerAdministrator\AppData\Local\Temp\cirrus-ci-build\src\test\arith_uint256_tests.cpp(406): Entering test case "bignum_SetCompact"
C:\Users\ContainerAdministrator\AppData\Local\Temp\cirrus-ci-build\src\test\arith_uint256_tests.cpp(406): Leaving test case "bignum_SetCompact"; testing time: 378us
C:\Users\ContainerAdministrator\AppData\Local\Temp\cirrus-ci-build\src\test\arith_uint256_tests.cpp(535): Entering test case "getmaxcoverage"
C:\Users\ContainerAdministrator\AppData\Local\Temp\cirrus-ci-build\src\test\arith_uint256_tests.cpp(535): Leaving test case "getmaxcoverage"; testing time: 89us
C:\Users\ContainerAdministrator\AppData\Local\Temp\cirrus-ci-build\src\test\arith_uint256_tests.cpp(18): Leaving test suite "arith_uint256_tests"; testing time: 26734us
C:\Users\ContainerAdministrator\AppData\Local\Temp\cirrus-ci-build\src\test\banman_tests.cpp(16): Entering test suite "banman_tests"
C:\Users\ContainerAdministrator\AppData\Local\Temp\cirrus-ci-build\src\test\banman_tests.cpp(18): Entering test case "file"
Test case banman_tests/file did not check any assertions
C:\Users\ContainerAdministrator\AppData\Local\Temp\cirrus-ci-build\src\test\banman_tests.cpp(18): Leaving test case "file"; testing time: 12882us
C:\Users\ContainerAdministrator\AppData\Local\Temp\cirrus-ci-build\src\test\banman_tests.cpp(16): Leaving test suite "banman_tests"; testing time: 13011us
C:\Users\ContainerAdministrator\AppData\Local\Temp\cirrus-ci-build\src\test\base32_tests.cpp(12): Entering test suite "base32_tests"
C:\Users\ContainerAdministrator\AppData\Local\Temp\cirrus-ci-build\src\test\base32_tests.cpp(14): Entering test case "base32_testvectors"
C:\Users\ContainerAdministrator\AppData\Local\Temp\cirrus-ci-build\src\test\base32_tests.cpp(14): Leaving test case "base32_testvectors"; testing time: 145us
C:\Users\ContainerAdministrator\AppData\Local\Temp\cirrus-ci-build\src\test\base32_tests.cpp(12): Leaving test suite "base32_tests"; testing time: 205us
C:\Users\ContainerAdministrator\AppData\Local\Temp\cirrus-ci-build\src\test\base58_tests.cpp(21): Entering test suite "base58_tests"
C:\Users\ContainerAdministrator\AppData\Local\Temp\cirrus-ci-build\src\test\base58_tests.cpp(24): Entering test case "base58_EncodeBase58"
C:\Users\ContainerAdministrator\AppData\Local\Temp\cirrus-ci-build\src\test\base58_tests.cpp(24): Leaving test case "base58_EncodeBase58"; testing time: 15781us
C:\Users\ContainerAdministrator\AppData\Local\Temp\cirrus-ci-build\src\test\base58_tests.cpp(44): Entering test case "base58_DecodeBase58"
C:\Users\ContainerAdministrator\AppData\Local\Temp\cirrus-ci-build\src\test\base58_tests.cpp(44): Leaving test case "base58_DecodeBase58"; testing time: 14636us
C:\Users\ContainerAdministrator\AppData\Local\Temp\cirrus-ci-build\src\test\base58_tests.cpp(84): Entering test case "base58_random_encode_decode"
C:\Users\ContainerAdministrator\AppData\Local\Temp\cirrus-ci-build\src\test\base58_tests.cpp(84): Leaving test case "base58_random_encode_decode"; testing time: 2338154us
C:\Users\ContainerAdministrator\AppData\Local\Temp\cirrus-ci-build\src\test\base58_tests.cpp(21): Leaving test suite "base58_tests"; testing time: 2368796us
C:\Users\ContainerAdministrator\AppData\Local\Temp\cirrus-ci-build\src\test\base64_tests.cpp(12): Entering test suite "base64_tests"
C:\Users\ContainerAdministrator\AppData\Local\Temp\cirrus-ci-build\src\test\base64_tests.cpp(14): Entering test case "base64_testvectors"
C:\Users\ContainerAdministrator\AppData\Local\Temp\cirrus-ci-build\src\test\base64_tests.cpp(14): Leaving test case "base64_testvectors"; testing time: 156us
C:\Users\ContainerAdministrator\AppData\Local\Temp\cirrus-ci-build\src\test\base64_tests.cpp(12): Leaving test suite "base64_tests"; testing time: 213us
C:\Users\ContainerAdministrator\AppData\Local\Temp\cirrus-ci-build\src\test\bech32_tests.cpp(13): Entering test suite "bech32_tests"
C:\Users\ContainerAdministrator\AppData\Local\Temp\cirrus-ci-build\src\test\bech32_tests.cpp(15): Entering test case "bech32_testvectors_valid"
C:\Users\ContainerAdministrator\AppData\Local\Temp\cirrus-ci-build\src\test\bech32_tests.cpp(15): Leaving test case "bech32_testvectors_valid"; testing time: 198us
C:\Users\ContainerAdministrator\AppData\Local\Temp\cirrus-ci-build\src\test\bech32_tests.cpp(35): Entering test case "bech32m_testvectors_valid"
C:\Users\ContainerAdministrator\AppData\Local\Temp\cirrus-ci-build\src\test\bech32_tests.cpp(35): Leaving test case "bech32m_testvectors_valid"; testing time: 150us
C:\Users\ContainerAdministrator\AppData\Local\Temp\cirrus-ci-build\src\test\bech32_tests.cpp(55): Entering test case "bech32_testvectors_invalid"
C:\Users\ContainerAdministrator\AppData\Local\Temp\cirrus-ci-build\src\test\bech32_tests.cpp(55): Leaving test case "bech32_testvectors_invalid"; testing time: 369us
C:\Users\ContainerAdministrator\AppData\Local\Temp\cirrus-ci-build\src\test\bech32_tests.cpp(107): Entering test case "bech32m_testvectors_invalid"
C:\Users\ContainerAdministrator\AppData\Local\Temp\cirrus-ci-build\src\test\bech32_tests.cpp(107): Leaving test case "bech32m_testvectors_invalid"; testing time: 264us
C:\Users\ContainerAdministrator\AppData\Local\Temp\cirrus-ci-build\src\test\bech32_tests.cpp(13): Leaving test suite "bech32_tests"; testing time: 1157us
C:\Users\ContainerAdministrator\AppData\Local\Temp\cirrus-ci-build\src\test\bip32_tests.cpp(160): Entering test suite "bip32_tests"
C:\Users\ContainerAdministrator\AppData\Local\Temp\cirrus-ci-build\src\test\bip32_tests.cpp(162): Entering test case "bip32_test1"
C:\Users\ContainerAdministrator\AppData\Local\Temp\cirrus-ci-build\src\test\bip32_tests.cpp(162): Leaving test case "bip32_test1"; testing time: 31070us
C:\Users\ContainerAdministrator\AppData\Local\Temp\cirrus-ci-build\src\test\bip32_tests.cpp(166): Entering test case "bip32_test2"
C:\Users\ContainerAdministrator\AppData\Local\Temp\cirrus-ci-build\src\test\bip32_tests.cpp(166): Leaving test case "bip32_test2"; testing time: 35ms
C:\Users\ContainerAdministrator\AppData\Local\Temp\cirrus-ci-build\src\test\bip32_tests.cpp(170): Entering test case "bip32_test3"
C:\Users\ContainerAdministrator\AppData\Local\Temp\cirrus-ci-build\src\test\bip32_tests.cpp(170): Leaving test case "bip32_test3"; testing time: 16694us
C:\Users\ContainerAdministrator\AppData\Local\Temp\cirrus-ci-build\src\test\bip32_tests.cpp(174): Entering test case "bip32_test4"
C:\Users\ContainerAdministrator\AppData\Local\Temp\cirrus-ci-build\src\test\bip32_tests.cpp(174): Leaving test case "bip32_test4"; testing time: 18671us
C:\Users\ContainerAdministrator\AppData\Local\Temp\cirrus-ci-build\src\test\bip32_tests.cpp(178): Entering test case "bip32_test5"
C:\Users\ContainerAdministrator\AppData\Local\Temp\cirrus-ci-build\src\test\bip32_tests.cpp(178): Leaving test case "bip32_test5"; testing time: 23400us
C:\Users\ContainerAdministrator\AppData\Local\Temp\cirrus-ci-build\src\test\bip32_tests.cpp(187): Entering test case "bip32_max_depth"
C:\Users\ContainerAdministrator\AppData\Local\Temp\cirrus-ci-build\src\test\bip32_tests.cpp(187): Leaving test case "bip32_max_depth"; testing time: 216558us
C:\Users\ContainerAdministrator\AppData\Local\Temp\cirrus-ci-build\src\test\bip32_tests.cpp(160): Leaving test suite "bip32_tests"; testing time: 341939us
C:\Users\ContainerAdministrator\AppData\Local\Temp\cirrus-ci-build\src\test\blockchain_tests.cpp(50): Entering test suite "blockchain_tests"
C:\Users\ContainerAdministrator\AppData\Local\Temp\cirrus-ci-build\src\test\blockchain_tests.cpp(52): Entering test case "get_difficulty_for_very_low_target"
C:\Users\ContainerAdministrator\AppData\Local\Temp\cirrus-ci-build\src\test\blockchain_tests.cpp(52): Leaving test case "get_difficulty_for_very_low_target"; testing time: 10634us
C:\Users\ContainerAdministrator\AppData\Local\Temp\cirrus-ci-build\src\test\blockchain_tests.cpp(57): Entering test case "get_difficulty_for_low_target"
C:\Users\ContainerAdministrator\AppData\Local\Temp\cirrus-ci-build\src\test\blockchain_tests.cpp(57): Leaving test case "get_difficulty_for_low_target"; testing time: 10321us
C:\Users\ContainerAdministrator\AppData\Local\Temp\cirrus-ci-build\src\test\blockchain_tests.cpp(62): Entering test case "get_difficulty_for_mid_target"
C:\Users\ContainerAdministrator\AppData\Local\Temp\cirrus-ci-build\src\test\blockchain_tests.cpp(62): Leaving test case "get_difficulty_for_mid_target"; testing time: 11337us
C:\Users\ContainerAdministrator\AppData\Local\Temp\cirrus-ci-build\src\test\blockchain_tests.cpp(67): Entering test case "get_difficulty_for_high_target"
C:\Users\ContainerAdministrator\AppData\Local\Temp\cirrus-ci-build\src\test\blockchain_tests.cpp(67): Leaving test case "get_difficulty_for_high_target"; testing time: 10589us
C:\Users\ContainerAdministrator\AppData\Local\Temp\cirrus-ci-build\src\test\blockchain_tests.cpp(72): Entering test case "get_difficulty_for_very_high_target"
C:\Users\ContainerAdministrator\AppData\Local\Temp\cirrus-ci-build\src\test\blockchain_tests.cpp(72): Leaving test case "get_difficulty_for_very_high_target"; testing time: 9855us
C:\Users\ContainerAdministrator\AppData\Local\Temp\cirrus-ci-build\src\test\blockchain_tests.cpp(50): Leaving test suite "blockchain_tests"; testing time: 53146us
C:\Users\ContainerAdministrator\AppData\Local\Temp\cirrus-ci-build\src\test\blockencodings_tests.cpp(17): Entering test suite "blockencodings_tests"
C:\Users\ContainerAdministrator\AppData\Local\Temp\cirrus-ci-build\src\test\blockencodings_tests.cpp(55): Entering test case "SimpleRoundTripTest"
C:\Users\ContainerAdministrator\AppData\Local\Temp\cirrus-ci-build\src\test\blockencodings_tests.cpp(55): Leaving test case "SimpleRoundTripTest"; testing time: 40028us
C:\Users\ContainerAdministrator\AppData\Local\Temp\cirrus-ci-build\src\test\blockencodings_tests.cpp(138): Entering test case "NonCoinbasePreforwardRTTest"
C:\Users\ContainerAdministrator\AppData\Local\Temp\cirrus-ci-build\src\test\blockencodings_tests.cpp(138): Leaving test case "NonCoinbasePreforwardRTTest"; testing time: 26120us
C:\Users\ContainerAdministrator\AppData\Local\Temp\cirrus-ci-build\src\test\blockencodings_tests.cpp(208): Entering test case "SufficientPreforwardRTTest"
C:\Users\ContainerAdministrator\AppData\Local\Temp\cirrus-ci-build\src\test\blockencodings_tests.cpp(208): Leaving test case "SufficientPreforwardRTTest"; testing time: 24357us
C:\Users\ContainerAdministrator\AppData\Local\Temp\cirrus-ci-build\src\test\blockencodings_tests.cpp(259): Entering test case "EmptyBlockRoundTripTest"
C:\Users\ContainerAdministrator\AppData\Local\Temp\cirrus-ci-build\src\test\blockencodings_tests.cpp(259): Leaving test case "EmptyBlockRoundTripTest"; testing time: 25069us
C:\Users\ContainerAdministrator\AppData\Local\Temp\cirrus-ci-build\src\test\blockencodings_tests.cpp(303): Entering test case "TransactionsRequestSerializationTest"
C:\Users\ContainerAdministrator\AppData\Local\Temp\cirrus-ci-build\src\test\blockencodings_tests.cpp(303): Leaving test case "TransactionsRequestSerializationTest"; testing time: 23512us
C:\Users\ContainerAdministrator\AppData\Local\Temp\cirrus-ci-build\src\test\blockencodings_tests.cpp(326): Entering test case "TransactionsRequestDeserializationMaxTest"
C:\Users\ContainerAdministrator\AppData\Local\Temp\cirrus-ci-build\src\test\blockencodings_tests.cpp(326): Leaving test case "TransactionsRequestDeserializationMaxTest"; testing time: 25147us
C:\Users\ContainerAdministrator\AppData\Local\Temp\cirrus-ci-build\src\test\blockencodings_tests.cpp(341): Entering test case "TransactionsRequestDeserializationOverflowTest"
C:\Users\ContainerAdministrator\AppData\Local\Temp\cirrus-ci-build\src\test\blockencodings_tests.cpp(341): Leaving test case "TransactionsRequestDeserializationOverflowTest"; testing time: 22201us
C:\Users\ContainerAdministrator\AppData\Local\Temp\cirrus-ci-build\src\test\blockencodings_tests.cpp(17): Leaving test suite "blockencodings_tests"; testing time: 187029us
C:\Users\ContainerAdministrator\AppData\Local\Temp\cirrus-ci-build\src\test\blockfilter_index_tests.cpp(24): Entering test suite "blockfilter_index_tests"
C:\Users\ContainerAdministrator\AppData\Local\Temp\cirrus-ci-build\src\test\blockfilter_index_tests.cpp(112): Entering test case "blockfilter_index_initial_sync"
C:\Users\ContainerAdministrator\AppData\Local\Temp\cirrus-ci-build\src\test\blockfilter_index_tests.cpp(112): Leaving test case "blockfilter_index_initial_sync"; testing time: 1368311us
C:\Users\ContainerAdministrator\AppData\Local\Temp\cirrus-ci-build\src\test\blockfilter_index_tests.cpp(276): Entering test case "blockfilter_index_init_destroy"
C:\Users\ContainerAdministrator\AppData\Local\Temp\cirrus-ci-build\src\test\blockfilter_index_tests.cpp(276): Leaving test case "blockfilter_index_init_destroy"; testing time: 14664us
C:\Users\ContainerAdministrator\AppData\Local\Temp\cirrus-ci-build\src\test\blockfilter_index_tests.cpp(24): Leaving test suite "blockfilter_index_tests"; testing time: 1383181us
C:\Users\ContainerAdministrator\AppData\Local\Temp\cirrus-ci-build\src\test\blockfilter_tests.cpp(17): Entering test suite "blockfilter_tests"
C:\Users\ContainerAdministrator\AppData\Local\Temp\cirrus-ci-build\src\test\blockfilter_tests.cpp(19): Entering test case "gcsfilter_test"
C:\Users\ContainerAdministrator\AppData\Local\Temp\cirrus-ci-build\src\test\blockfilter_tests.cpp(19): Leaving test case "gcsfilter_test"; testing time: 8533us
C:\Users\ContainerAdministrator\AppData\Local\Temp\cirrus-ci-build\src\test\blockfilter_tests.cpp(42): Entering test case "gcsfilter_default_constructor"
C:\Users\ContainerAdministrator\AppData\Local\Temp\cirrus-ci-build\src\test\blockfilter_tests.cpp(42): Leaving test case "gcsfilter_default_constructor"; testing time: 103us
C:\Users\ContainerAdministrator\AppData\Local\Temp\cirrus-ci-build\src\test\blockfilter_tests.cpp(55): Entering test case "blockfilter_basic_test"
C:\Users\ContainerAdministrator\AppData\Local\Temp\cirrus-ci-build\src\test\blockfilter_tests.cpp(55): Leaving test case "blockfilter_basic_test"; testing time: 344us
C:\Users\ContainerAdministrator\AppData\Local\Temp\cirrus-ci-build\src\test\blockfilter_tests.cpp(128): Entering test case "blockfilters_json_test"
C:\Users\ContainerAdministrator\AppData\Local\Temp\cirrus-ci-build\src\test\blockfilter_tests.cpp(128): Leaving test case "blockfilters_json_test"; testing time: 5721us
C:\Users\ContainerAdministrator\AppData\Local\Temp\cirrus-ci-build\src\test\blockfilter_tests.cpp(182): Entering test case "blockfilter_type_names"
C:\Users\ContainerAdministrator\AppData\Local\Temp\cirrus-ci-build\src\test\blockfilter_tests.cpp(182): Leaving test case "blockfilter_type_names"; testing time: 44us
C:\Users\ContainerAdministrator\AppData\Local\Temp\cirrus-ci-build\src\test\blockfilter_tests.cpp(17): Leaving test suite "blockfilter_tests"; testing time: 15192us
C:\Users\ContainerAdministrator\AppData\Local\Temp\cirrus-ci-build\src\test\bloom_tests.cpp(24): Entering test suite "bloom_tests"
C:\Users\ContainerAdministrator\AppData\Local\Temp\cirrus-ci-build\src\test\bloom_tests.cpp(26): Entering test case "bloom_create_insert_serialize"
C:\Users\ContainerAdministrator\AppData\Local\Temp\cirrus-ci-build\src\test\bloom_tests.cpp(26): Leaving test case "bloom_create_insert_serialize"; testing time: 13171us
C:\Users\ContainerAdministrator\AppData\Local\Temp\cirrus-ci-build\src\test\bloom_tests.cpp(53): Entering test case "bloom_create_insert_serialize_with_tweak"
C:\Users\ContainerAdministrator\AppData\Local\Temp\cirrus-ci-build\src\test\bloom_tests.cpp(53): Leaving test case "bloom_create_insert_serialize_with_tweak"; testing time: 12978us
C:\Users\ContainerAdministrator\AppData\Local\Temp\cirrus-ci-build\src\test\bloom_tests.cpp(78): Entering test case "bloom_create_insert_key"
C:\Users\ContainerAdministrator\AppData\Local\Temp\cirrus-ci-build\src\test\bloom_tests.cpp(78): Leaving test case "bloom_create_insert_key"; testing time: 13259us
C:\Users\ContainerAdministrator\AppData\Local\Temp\cirrus-ci-build\src\test\bloom_tests.cpp(99): Entering test case "bloom_match"
C:\Users\ContainerAdministrator\AppData\Local\Temp\cirrus-ci-build\src\test\bloom_tests.cpp(99): Leaving test case "bloom_match"; testing time: 12889us
C:\Users\ContainerAdministrator\AppData\Local\Temp\cirrus-ci-build\src\test\bloom_tests.cpp(168): Entering test case "merkle_block_1"
C:\Users\ContainerAdministrator\AppData\Local\Temp\cirrus-ci-build\src\test\bloom_tests.cpp(168): Leaving test case "merkle_block_1"; testing time: 12312us
C:\Users\ContainerAdministrator\AppData\Local\Temp\cirrus-ci-build\src\test\bloom_tests.cpp(209): Entering test case "merkle_block_2"
C:\Users\ContainerAdministrator\AppData\Local\Temp\cirrus-ci-build\src\test\bloom_tests.cpp(209): Leaving test case "merkle_block_2"; testing time: 10563us
C:\Users\ContainerAdministrator\AppData\Local\Temp\cirrus-ci-build\src\test\bloom_tests.cpp(264): Entering test case "merkle_block_2_with_update_none"
C:\Users\ContainerAdministrator\AppData\Local\Temp\cirrus-ci-build\src\test\bloom_tests.cpp(264): Leaving test case "merkle_block_2_with_update_none"; testing time: 11296us
C:\Users\ContainerAdministrator\AppData\Local\Temp\cirrus-ci-build\src\test\bloom_tests.cpp(316): Entering test case "merkle_block_3_and_serialize"
C:\Users\ContainerAdministrator\AppData\Local\Temp\cirrus-ci-build\src\test\bloom_tests.cpp(316): Leaving test case "merkle_block_3_and_serialize"; testing time: 10154us
C:\Users\ContainerAdministrator\AppData\Local\Temp\cirrus-ci-build\src\test\bloom_tests.cpp(352): Entering test case "merkle_block_4"
C:\Users\ContainerAdministrator\AppData\Local\Temp\cirrus-ci-build\src\test\bloom_tests.cpp(352): Leaving test case "merkle_block_4"; testing time: 10657us
C:\Users\ContainerAdministrator\AppData\Local\Temp\cirrus-ci-build\src\test\bloom_tests.cpp(398): Entering test case "merkle_block_4_test_p2pubkey_only"
C:\Users\ContainerAdministrator\AppData\Local\Temp\cirrus-ci-build\src\test\bloom_tests.cpp(398): Leaving test case "merkle_block_4_test_p2pubkey_only"; testing time: 10495us
C:\Users\ContainerAdministrator\AppData\Local\Temp\cirrus-ci-build\src\test\bloom_tests.cpp(421): Entering test case "merkle_block_4_test_update_none"
C:\Users\ContainerAdministrator\AppData\Local\Temp\cirrus-ci-build\src\test\bloom_tests.cpp(421): Leaving test case "merkle_block_4_test_update_none"; testing time: 10805us
C:\Users\ContainerAdministrator\AppData\Local\Temp\cirrus-ci-build\src\test\bloom_tests.cpp(449): Entering test case "rolling_bloom"
C:\Users\ContainerAdministrator\AppData\Local\Temp\cirrus-ci-build\src\test\bloom_tests.cpp(449): Leaving test case "rolling_bloom"; testing time: 37246us
C:\Users\ContainerAdministrator\AppData\Local\Temp\cirrus-ci-build\src\test\bloom_tests.cpp(24): Leaving test suite "bloom_tests"; testing time: 166727us
C:\Users\ContainerAdministrator\AppData\Local\Temp\cirrus-ci-build\src\test\bswap_tests.cpp(9): Entering test suite "bswap_tests"
C:\Users\ContainerAdministrator\AppData\Local\Temp\cirrus-ci-build\src\test\bswap_tests.cpp(11): Entering test case "bswap_tests"
C:\Users\ContainerAdministrator\AppData\Local\Temp\cirrus-ci-build\src\test\bswap_tests.cpp(11): Leaving test case "bswap_tests"; testing time: 37us
C:\Users\ContainerAdministrator\AppData\Local\Temp\cirrus-ci-build\src\test\bswap_tests.cpp(9): Leaving test suite "bswap_tests"; testing time: 91us
C:\Users\ContainerAdministrator\AppData\Local\Temp\cirrus-ci-build\src\test\checkqueue_tests.cpp(35): Entering test suite "checkqueue_tests"
C:\Users\ContainerAdministrator\AppData\Local\Temp\cirrus-ci-build\src\test\checkqueue_tests.cpp(194): Entering test case "test_CheckQueue_Correct_Zero"
C:\Users\ContainerAdministrator\AppData\Local\Temp\cirrus-ci-build\src\test\checkqueue_tests.cpp(194): Leaving test case "test_CheckQueue_Correct_Zero"; testing time: 21476us
C:\Users\ContainerAdministrator\AppData\Local\Temp\cirrus-ci-build\src\test\checkqueue_tests.cpp(202): Entering test case "test_CheckQueue_Correct_One"
C:\Users\ContainerAdministrator\AppData\Local\Temp\cirrus-ci-build\src\test\checkqueue_tests.cpp(202): Leaving test case "test_CheckQueue_Correct_One"; testing time: 21673us
C:\Users\ContainerAdministrator\AppData\Local\Temp\cirrus-ci-build\src\test\checkqueue_tests.cpp(210): Entering test case "test_CheckQueue_Correct_Max"
C:\Users\ContainerAdministrator\AppData\Local\Temp\cirrus-ci-build\src\test\checkqueue_tests.cpp(210): Leaving test case "test_CheckQueue_Correct_Max"; testing time: 54030us
C:\Users\ContainerAdministrator\AppData\Local\Temp\cirrus-ci-build\src\test\checkqueue_tests.cpp(218): Entering test case "test_CheckQueue_Correct_Random"
C:\Users\ContainerAdministrator\AppData\Local\Temp\cirrus-ci-build\src\test\checkqueue_tests.cpp(218): Leaving test case "test_CheckQueue_Correct_Random"; testing time: 3520422us
C:\Users\ContainerAdministrator\AppData\Local\Temp\cirrus-ci-build\src\test\checkqueue_tests.cpp(229): Entering test case "test_CheckQueue_Catches_Failure"
C:\Users\ContainerAdministrator\AppData\Local\Temp\cirrus-ci-build\src\test\checkqueue_tests.cpp(229): Leaving test case "test_CheckQueue_Catches_Failure"; testing time: 387898us
C:\Users\ContainerAdministrator\AppData\Local\Temp\cirrus-ci-build\src\test\checkqueue_tests.cpp(257): Entering test case "test_CheckQueue_Recovers_From_Failure"
C:\Users\ContainerAdministrator\AppData\Local\Temp\cirrus-ci-build\src\test\checkqueue_tests.cpp(257): Leaving test case "test_CheckQueue_Recovers_From_Failure"; testing time: 22130us
C:\Users\ContainerAdministrator\AppData\Local\Temp\cirrus-ci-build\src\test\checkqueue_tests.cpp(281): Entering test case "test_CheckQueue_UniqueCheck"
C:\Users\ContainerAdministrator\AppData\Local\Temp\cirrus-ci-build\src\test\checkqueue_tests.cpp(281): Leaving test case "test_CheckQueue_UniqueCheck"; testing time: 130574us
C:\Users\ContainerAdministrator\AppData\Local\Temp\cirrus-ci-build\src\test\checkqueue_tests.cpp(316): Entering test case "test_CheckQueue_Memory"
C:\Users\ContainerAdministrator\AppData\Local\Temp\cirrus-ci-build\src\test\checkqueue_tests.cpp(316): Leaving test case "test_CheckQueue_Memory"; testing time: 541182us
C:\Users\ContainerAdministrator\AppData\Local\Temp\cirrus-ci-build\src\test\checkqueue_tests.cpp(343): Entering test case "test_CheckQueue_FrozenCleanup"
C:\Users\ContainerAdministrator\AppData\Local\Temp\cirrus-ci-build\src\test\checkqueue_tests.cpp(343): Leaving test case "test_CheckQueue_FrozenCleanup"; testing time: 27437us
C:\Users\ContainerAdministrator\AppData\Local\Temp\cirrus-ci-build\src\test\checkqueue_tests.cpp(383): Entering test case "test_CheckQueueControl_Locks"
C:\Users\ContainerAdministrator\AppData\Local\Temp\cirrus-ci-build\src\test\checkqueue_tests.cpp(383): Leaving test case "test_CheckQueueControl_Locks"; testing time: 68761us
C:\Users\ContainerAdministrator\AppData\Local\Temp\cirrus-ci-build\src\test\checkqueue_tests.cpp(35): Leaving test suite "checkqueue_tests"; testing time: 4796487us
C:\Users\ContainerAdministrator\AppData\Local\Temp\cirrus-ci-build\src\test\coinstatsindex_tests.cpp(17): Entering test suite "coinstatsindex_tests"
C:\Users\ContainerAdministrator\AppData\Local\Temp\cirrus-ci-build\src\test\coinstatsindex_tests.cpp(30): Entering test case "coinstatsindex_initial_sync"
C:\Users\ContainerAdministrator\AppData\Local\Temp\cirrus-ci-build\src\test\coinstatsindex_tests.cpp(30): Leaving test case "coinstatsindex_initial_sync"; testing time: 25297213us
C:\Users\ContainerAdministrator\AppData\Local\Temp\cirrus-ci-build\src\test\coinstatsindex_tests.cpp(86): Entering test case "coinstatsindex_unclean_shutdown"
C:\Users\ContainerAdministrator\AppData\Local\Temp\cirrus-ci-build\src\test\coinstatsindex_tests.cpp(86): Leaving test case "coinstatsindex_unclean_shutdown"; testing time: 25498103us
C:\Users\ContainerAdministrator\AppData\Local\Temp\cirrus-ci-build\src\test\coinstatsindex_tests.cpp(17): Leaving test suite "coinstatsindex_tests"; testing time: 50795527us
C:\Users\ContainerAdministrator\AppData\Local\Temp\cirrus-ci-build\src\test\coins_tests.cpp(99): Entering test suite "coins_tests"
C:\Users\ContainerAdministrator\AppData\Local\Temp\cirrus-ci-build\src\test\coins_tests.cpp(266): Entering test case "coins_cache_simulation_test"
C:\Users\ContainerAdministrator\AppData\Local\Temp\cirrus-ci-build\src\test\coins_tests.cpp(266): Leaving test case "coins_cache_simulation_test"; testing time: 46191296us
C:\Users\ContainerAdministrator\AppData\Local\Temp\cirrus-ci-build\src\test\coins_tests.cpp(296): Entering test case "updatecoins_simulation_test"
C:\Users\ContainerAdministrator\AppData\Local\Temp\cirrus-ci-build\src\test\coins_tests.cpp(296): Leaving test case "updatecoins_simulation_test"; testing time: 9348791us
C:\Users\ContainerAdministrator\AppData\Local\Temp\cirrus-ci-build\src\test\coins_tests.cpp(498): Entering test case "ccoins_serialization"
C:\Users\ContainerAdministrator\AppData\Local\Temp\cirrus-ci-build\src\test\coins_tests.cpp(498): Leaving test case "ccoins_serialization"; testing time: 12978us
C:\Users\ContainerAdministrator\AppData\Local\Temp\cirrus-ci-build\src\test\coins_tests.cpp(643): Entering test case "ccoins_access"
C:\Users\ContainerAdministrator\AppData\Local\Temp\cirrus-ci-build\src\test\coins_tests.cpp(643): Leaving test case "ccoins_access"; testing time: 15005us
C:\Users\ContainerAdministrator\AppData\Local\Temp\cirrus-ci-build\src\test\coins_tests.cpp(694): Entering test case "ccoins_spend"
C:\Users\ContainerAdministrator\AppData\Local\Temp\cirrus-ci-build\src\test\coins_tests.cpp(694): Leaving test case "ccoins_spend"; testing time: 12401us
C:\Users\ContainerAdministrator\AppData\Local\Temp\cirrus-ci-build\src\test\coins_tests.cpp(765): Entering test case "ccoins_add"
C:\Users\ContainerAdministrator\AppData\Local\Temp\cirrus-ci-build\src\test\coins_tests.cpp(765): Leaving test case "ccoins_add"; testing time: 13856us
C:\Users\ContainerAdministrator\AppData\Local\Temp\cirrus-ci-build\src\test\coins_tests.cpp(814): Entering test case "ccoins_write"
C:\Users\ContainerAdministrator\AppData\Local\Temp\cirrus-ci-build\src\test\coins_tests.cpp(814): Leaving test case "ccoins_write"; testing time: 15789us
C:\Users\ContainerAdministrator\AppData\Local\Temp\cirrus-ci-build\src\test\coins_tests.cpp(99): Leaving test suite "coins_tests"; testing time: 55610720us
C:\Users\ContainerAdministrator\AppData\Local\Temp\cirrus-ci-build\src\test\compilerbug_tests.cpp(7): Test suite "compilerbug_tests" is skipped because disabled
C:\Users\ContainerAdministrator\AppData\Local\Temp\cirrus-ci-build\src\test\compress_tests.cpp(25): Entering test suite "compress_tests"
C:\Users\ContainerAdministrator\AppData\Local\Temp\cirrus-ci-build\src\test\compress_tests.cpp(40): Entering test case "compress_amounts"
C:\Users\ContainerAdministrator\AppData\Local\Temp\cirrus-ci-build\src\test\compress_tests.cpp(40): Leaving test case "compress_amounts"; testing time: 1389470us
C:\Users\ContainerAdministrator\AppData\Local\Temp\cirrus-ci-build\src\test\compress_tests.cpp(65): Entering test case "compress_script_to_ckey_id"
C:\Users\ContainerAdministrator\AppData\Local\Temp\cirrus-ci-build\src\test\compress_tests.cpp(65): Leaving test case "compress_script_to_ckey_id"; testing time: 11660us
C:\Users\ContainerAdministrator\AppData\Local\Temp\cirrus-ci-build\src\test\compress_tests.cpp(85): Entering test case "compress_script_to_cscript_id"
C:\Users\ContainerAdministrator\AppData\Local\Temp\cirrus-ci-build\src\test\compress_tests.cpp(85): Leaving test case "compress_script_to_cscript_id"; testing time: 10297us
C:\Users\ContainerAdministrator\AppData\Local\Temp\cirrus-ci-build\src\test\compress_tests.cpp(102): Entering test case "compress_script_to_compressed_pubkey_id"
C:\Users\ContainerAdministrator\AppData\Local\Temp\cirrus-ci-build\src\test\compress_tests.cpp(102): Leaving test case "compress_script_to_compressed_pubkey_id"; testing time: 10605us
C:\Users\ContainerAdministrator\AppData\Local\Temp\cirrus-ci-build\src\test\compress_tests.cpp(120): Entering test case "compress_script_to_uncompressed_pubkey_id"
C:\Users\ContainerAdministrator\AppData\Local\Temp\cirrus-ci-build\src\test\compress_tests.cpp(120): Leaving test case "compress_script_to_uncompressed_pubkey_id"; testing time: 10720us
C:\Users\ContainerAdministrator\AppData\Local\Temp\cirrus-ci-build\src\test\compress_tests.cpp(25): Leaving test suite "compress_tests"; testing time: 1433141us
C:\Users\ContainerAdministrator\AppData\Local\Temp\cirrus-ci-build\src\test\crypto_tests.cpp(27): Entering test suite "crypto_tests"
C:\Users\ContainerAdministrator\AppData\Local\Temp\cirrus-ci-build\src\test\crypto_tests.cpp(207): Entering test case "ripemd160_testvectors"
C:\Users\ContainerAdministrator\AppData\Local\Temp\cirrus-ci-build\src\test\crypto_tests.cpp(207): Leaving test case "ripemd160_testvectors"; testing time: 2358724us
C:\Users\ContainerAdministrator\AppData\Local\Temp\cirrus-ci-build\src\test\crypto_tests.cpp(223): Entering test case "sha1_testvectors"
C:\Users\ContainerAdministrator\AppData\Local\Temp\cirrus-ci-build\src\test\crypto_tests.cpp(223): Leaving test case "sha1_testvectors"; testing time: 1179022us
C:\Users\ContainerAdministrator\AppData\Local\Temp\cirrus-ci-build\src\test\crypto_tests.cpp(239): Entering test case "sha256_testvectors"
C:\Users\ContainerAdministrator\AppData\Local\Temp\cirrus-ci-build\src\test\crypto_tests.cpp(239): Leaving test case "sha256_testvectors"; testing time: 1523798us
C:\Users\ContainerAdministrator\AppData\Local\Temp\cirrus-ci-build\src\test\crypto_tests.cpp(261): Entering test case "sha512_testvectors"
C:\Users\ContainerAdministrator\AppData\Local\Temp\cirrus-ci-build\src\test\crypto_tests.cpp(261): Leaving test case "sha512_testvectors"; testing time: 1065476us
C:\Users\ContainerAdministrator\AppData\Local\Temp\cirrus-ci-build\src\test\crypto_tests.cpp(298): Entering test case "hmac_sha256_testvectors"
C:\Users\ContainerAdministrator\AppData\Local\Temp\cirrus-ci-build\src\test\crypto_tests.cpp(298): Leaving test case "hmac_sha256_testvectors"; testing time: 31853us
C:\Users\ContainerAdministrator\AppData\Local\Temp\cirrus-ci-build\src\test\crypto_tests.cpp(351): Entering test case "hmac_sha512_testvectors"
C:\Users\ContainerAdministrator\AppData\Local\Temp\cirrus-ci-build\src\test\crypto_tests.cpp(351): Leaving test case "hmac_sha512_testvectors"; testing time: 36822us
C:\Users\ContainerAdministrator\AppData\Local\Temp\cirrus-ci-build\src\test\crypto_tests.cpp(419): Entering test case "aes_testvectors"
C:\Users\ContainerAdministrator\AppData\Local\Temp\cirrus-ci-build\src\test\crypto_tests.cpp(419): Leaving test case "aes_testvectors"; testing time: 10653us
C:\Users\ContainerAdministrator\AppData\Local\Temp\cirrus-ci-build\src\test\crypto_tests.cpp(430): Entering test case "aes_cbc_testvectors"
C:\Users\ContainerAdministrator\AppData\Local\Temp\cirrus-ci-build\src\test\crypto_tests.cpp(430): Leaving test case "aes_cbc_testvectors"; testing time: 11775us
C:\Users\ContainerAdministrator\AppData\Local\Temp\cirrus-ci-build\src\test\crypto_tests.cpp(461): Entering test case "chacha20_testvector"
C:\Users\ContainerAdministrator\AppData\Local\Temp\cirrus-ci-build\src\test\crypto_tests.cpp(461): Leaving test case "chacha20_testvector"; testing time: 10402us
C:\Users\ContainerAdministrator\AppData\Local\Temp\cirrus-ci-build\src\test\crypto_tests.cpp(503): Entering test case "poly1305_testvector"
C:\Users\ContainerAdministrator\AppData\Local\Temp\cirrus-ci-build\src\test\crypto_tests.cpp(503): Leaving test case "poly1305_testvector"; testing time: 12130us
C:\Users\ContainerAdministrator\AppData\Local\Temp\cirrus-ci-build\src\test\crypto_tests.cpp(573): Entering test case "hkdf_hmac_sha256_l32_tests"
C:\Users\ContainerAdministrator\AppData\Local\Temp\cirrus-ci-build\src\test\crypto_tests.cpp(573): Leaving test case "hkdf_hmac_sha256_l32_tests"; testing time: 10918us
C:\Users\ContainerAdministrator\AppData\Local\Temp\cirrus-ci-build\src\test\crypto_tests.cpp(685): Entering test case "chacha20_poly1305_aead_testvector"
C:\Users\ContainerAdministrator\AppData\Local\Temp\cirrus-ci-build\src\test\crypto_tests.cpp(685): Leaving test case "chacha20_poly1305_aead_testvector"; testing time: 90844us
C:\Users\ContainerAdministrator\AppData\Local\Temp\cirrus-ci-build\src\test\crypto_tests.cpp(718): Entering test case "countbits_tests"
C:\Users\ContainerAdministrator\AppData\Local\Temp\cirrus-ci-build\src\test\crypto_tests.cpp(718): Leaving test case "countbits_tests"; testing time: 156073us
C:\Users\ContainerAdministrator\AppData\Local\Temp\cirrus-ci-build\src\test\crypto_tests.cpp(740): Entering test case "sha256d64"
C:\Users\ContainerAdministrator\AppData\Local\Temp\cirrus-ci-build\src\test\crypto_tests.cpp(740): Leaving test case "sha256d64"; testing time: 16663us
C:\Users\ContainerAdministrator\AppData\Local\Temp\cirrus-ci-build\src\test\crypto_tests.cpp(778): Entering test case "keccak_tests"
C:\Users\ContainerAdministrator\AppData\Local\Temp\cirrus-ci-build\src\test\crypto_tests.cpp(778): Leaving test case "keccak_tests"; testing time: 2567174us
C:\Users\ContainerAdministrator\AppData\Local\Temp\cirrus-ci-build\src\test\crypto_tests.cpp(798): Entering test case "sha3_256_tests"
C:\Users\ContainerAdministrator\AppData\Local\Temp\cirrus-ci-build\src\test\crypto_tests.cpp(798): Leaving test case "sha3_256_tests"; testing time: 15375us
C:\Users\ContainerAdministrator\AppData\Local\Temp\cirrus-ci-build\src\test\crypto_tests.cpp(867): Entering test case "muhash_tests"
C:\Users\ContainerAdministrator\AppData\Local\Temp\cirrus-ci-build\src\test\crypto_tests.cpp(867): Leaving test case "muhash_tests"; testing time: 29208462us
C:\Users\ContainerAdministrator\AppData\Local\Temp\cirrus-ci-build\src\test\crypto_tests.cpp(27): Leaving test suite "crypto_tests"; testing time: 38307631us
C:\Users\ContainerAdministrator\AppData\Local\Temp\cirrus-ci-build\src\test\cuckoocache_tests.cpp(30): Entering test suite "cuckoocache_tests"
C:\Users\ContainerAdministrator\AppData\Local\Temp\cirrus-ci-build\src\test\cuckoocache_tests.cpp(36): Entering test case "test_cuckoocache_no_fakes"
C:\Users\ContainerAdministrator\AppData\Local\Temp\cirrus-ci-build\src\test\cuckoocache_tests.cpp(36): Leaving test case "test_cuckoocache_no_fakes"; testing time: 483473us
C:\Users\ContainerAdministrator\AppData\Local\Temp\cirrus-ci-build\src\test\cuckoocache_tests.cpp(107): Entering test case "cuckoocache_hit_rate_ok"
C:\Users\ContainerAdministrator\AppData\Local\Temp\cirrus-ci-build\src\test\cuckoocache_tests.cpp(107): Leaving test case "cuckoocache_hit_rate_ok"; testing time: 772643us
C:\Users\ContainerAdministrator\AppData\Local\Temp\cirrus-ci-build\src\test\cuckoocache_tests.cpp(180): Entering test case "cuckoocache_erase_ok"
C:\Users\ContainerAdministrator\AppData\Local\Temp\cirrus-ci-build\src\test\cuckoocache_tests.cpp(180): Leaving test case "cuckoocache_erase_ok"; testing time: 336292us
C:\Users\ContainerAdministrator\AppData\Local\Temp\cirrus-ci-build\src\test\cuckoocache_tests.cpp(269): Entering test case "cuckoocache_erase_parallel_ok"
C:\Users\ContainerAdministrator\AppData\Local\Temp\cirrus-ci-build\src\test\cuckoocache_tests.cpp(269): Leaving test case "cuckoocache_erase_parallel_ok"; testing time: 264947us
C:\Users\ContainerAdministrator\AppData\Local\Temp\cirrus-ci-build\src\test\cuckoocache_tests.cpp(366): Entering test case "cuckoocache_generations"
C:\Users\ContainerAdministrator\AppData\Local\Temp\cirrus-ci-build\src\test\cuckoocache_tests.cpp(366): Leaving test case "cuckoocache_generations"; testing time: 3094001us
C:\Users\ContainerAdministrator\AppData\Local\Temp\cirrus-ci-build\src\test\cuckoocache_tests.cpp(30): Leaving test suite "cuckoocache_tests"; testing time: 4951863us
C:\Users\ContainerAdministrator\AppData\Local\Temp\cirrus-ci-build\src\test\dbwrapper_tests.cpp(23): Entering test suite "dbwrapper_tests"
C:\Users\ContainerAdministrator\AppData\Local\Temp\cirrus-ci-build\src\test\dbwrapper_tests.cpp(25): Entering test case "dbwrapper"
C:\Users\ContainerAdministrator\AppData\Local\Temp\cirrus-ci-build\src\test\dbwrapper_tests.cpp(25): Leaving test case "dbwrapper"; testing time: 12137us
C:\Users\ContainerAdministrator\AppData\Local\Temp\cirrus-ci-build\src\test\dbwrapper_tests.cpp(44): Entering test case "dbwrapper_basic_data"
C:\Users\ContainerAdministrator\AppData\Local\Temp\cirrus-ci-build\src\test\dbwrapper_tests.cpp(44): Leaving test case "dbwrapper_basic_data"; testing time: 44919us
C:\Users\ContainerAdministrator\AppData\Local\Temp\cirrus-ci-build\src\test\dbwrapper_tests.cpp(125): Entering test case "dbwrapper_batch"
C:\Users\ContainerAdministrator\AppData\Local\Temp\cirrus-ci-build\src\test\dbwrapper_tests.cpp(125): Leaving test case "dbwrapper_batch"; testing time: 11534us
C:\Users\ContainerAdministrator\AppData\Local\Temp\cirrus-ci-build\src\test\dbwrapper_tests.cpp(161): Entering test case "dbwrapper_iterator"
C:\Users\ContainerAdministrator\AppData\Local\Temp\cirrus-ci-build\src\test\dbwrapper_tests.cpp(161): Leaving test case "dbwrapper_iterator"; testing time: 11862us
C:\Users\ContainerAdministrator\AppData\Local\Temp\cirrus-ci-build\src\test\dbwrapper_tests.cpp(202): Entering test case "existing_data_no_obfuscate"
C:\Users\ContainerAdministrator\AppData\Local\Temp\cirrus-ci-build\src\test\dbwrapper_tests.cpp(202): Leaving test case "existing_data_no_obfuscate"; testing time: 45387us
C:\Users\ContainerAdministrator\AppData\Local\Temp\cirrus-ci-build\src\test\dbwrapper_tests.cpp(243): Entering test case "existing_data_reindex"
C:\Users\ContainerAdministrator\AppData\Local\Temp\cirrus-ci-build\src\test\dbwrapper_tests.cpp(243): Leaving test case "existing_data_reindex"; testing time: 45085us
C:\Users\ContainerAdministrator\AppData\Local\Temp\cirrus-ci-build\src\test\dbwrapper_tests.cpp(279): Entering test case "iterator_ordering"
C:\Users\ContainerAdministrator\AppData\Local\Temp\cirrus-ci-build\src\test\dbwrapper_tests.cpp(279): Leaving test case "iterator_ordering"; testing time: 17670us
C:\Users\ContainerAdministrator\AppData\Local\Temp\cirrus-ci-build\src\test\dbwrapper_tests.cpp(357): Entering test case "iterator_string_ordering"
C:\Users\ContainerAdministrator\AppData\Local\Temp\cirrus-ci-build\src\test\dbwrapper_tests.cpp(357): Leaving test case "iterator_string_ordering"; testing time: 20390us
C:\Users\ContainerAdministrator\AppData\Local\Temp\cirrus-ci-build\src\test\dbwrapper_tests.cpp(401): Entering test case "unicodepath"
C:\Users\ContainerAdministrator\AppData\Local\Temp\cirrus-ci-build\src\test\dbwrapper_tests.cpp(401): Leaving test case "unicodepath"; testing time: 28588us
C:\Users\ContainerAdministrator\AppData\Local\Temp\cirrus-ci-build\src\test\dbwrapper_tests.cpp(23): Leaving test suite "dbwrapper_tests"; testing time: 238427us
C:\Users\ContainerAdministrator\AppData\Local\Temp\cirrus-ci-build\src\test\denialofservice_tests.cpp(36): Entering test suite "denialofservice_tests"
C:\Users\ContainerAdministrator\AppData\Local\Temp\cirrus-ci-build\src\test\denialofservice_tests.cpp(46): Entering test case "outbound_slow_chain_eviction"
C:\Users\ContainerAdministrator\AppData\Local\Temp\cirrus-ci-build\src\test\denialofservice_tests.cpp(46): Leaving test case "outbound_slow_chain_eviction"; testing time: 24818us
C:\Users\ContainerAdministrator\AppData\Local\Temp\cirrus-ci-build\src\test\denialofservice_tests.cpp(136): Entering test case "stale_tip_peer_management"
C:\Users\ContainerAdministrator\AppData\Local\Temp\cirrus-ci-build\src\test\denialofservice_tests.cpp(136): Leaving test case "stale_tip_peer_management"; testing time: 26127us
C:\Users\ContainerAdministrator\AppData\Local\Temp\cirrus-ci-build\src\test\denialofservice_tests.cpp(213): Entering test case "block_relay_only_eviction"
C:\Users\ContainerAdministrator\AppData\Local\Temp\cirrus-ci-build\src\test\denialofservice_tests.cpp(213): Leaving test case "block_relay_only_eviction"; testing time: 29286us
C:\Users\ContainerAdministrator\AppData\Local\Temp\cirrus-ci-build\src\test\denialofservice_tests.cpp(275): Entering test case "peer_discouragement"
C:\Users\ContainerAdministrator\AppData\Local\Temp\cirrus-ci-build\src\test\denialofservice_tests.cpp(275): Leaving test case "peer_discouragement"; testing time: 26816us
C:\Users\ContainerAdministrator\AppData\Local\Temp\cirrus-ci-build\src\test\denialofservice_tests.cpp(387): Entering test case "DoS_bantime"
C:\Users\ContainerAdministrator\AppData\Local\Temp\cirrus-ci-build\src\test\denialofservice_tests.cpp(387): Leaving test case "DoS_bantime"; testing time: 26579us
C:\Users\ContainerAdministrator\AppData\Local\Temp\cirrus-ci-build\src\test\denialofservice_tests.cpp(36): Leaving test suite "denialofservice_tests"; testing time: 134027us
C:\Users\ContainerAdministrator\AppData\Local\Temp\cirrus-ci-build\src\test\descriptor_tests.cpp(371): Entering test suite "descriptor_tests"
C:\Users\ContainerAdministrator\AppData\Local\Temp\cirrus-ci-build\src\test\descriptor_tests.cpp(373): Entering test case "descriptor_test"
C:\Users\ContainerAdministrator\AppData\Local\Temp\cirrus-ci-build\src\test\descriptor_tests.cpp(373): Leaving test case "descriptor_test"; testing time: 2476047us
C:\Users\ContainerAdministrator\AppData\Local\Temp\cirrus-ci-build\src\test\descriptor_tests.cpp(371): Leaving test suite "descriptor_tests"; testing time: 2476139us
C:\Users\ContainerAdministrator\AppData\Local\Temp\cirrus-ci-build\src\test\flatfile_tests.cpp(13): Entering test suite "flatfile_tests"
C:\Users\ContainerAdministrator\AppData\Local\Temp\cirrus-ci-build\src\test\flatfile_tests.cpp(15): Entering test case "flatfile_filename"
C:\Users\ContainerAdministrator\AppData\Local\Temp\cirrus-ci-build\src\test\flatfile_tests.cpp(15): Leaving test case "flatfile_filename"; testing time: 11347us
C:\Users\ContainerAdministrator\AppData\Local\Temp\cirrus-ci-build\src\test\flatfile_tests.cpp(28): Entering test case "flatfile_open"
C:\Users\ContainerAdministrator\AppData\Local\Temp\cirrus-ci-build\src\test\flatfile_tests.cpp(28): Leaving test case "flatfile_open"; testing time: 14651us
C:\Users\ContainerAdministrator\AppData\Local\Temp\cirrus-ci-build\src\test\flatfile_tests.cpp(89): Entering test case "flatfile_allocate"
C:\Users\ContainerAdministrator\AppData\Local\Temp\cirrus-ci-build\src\test\flatfile_tests.cpp(89): Leaving test case "flatfile_allocate"; testing time: 11857us
C:\Users\ContainerAdministrator\AppData\Local\Temp\cirrus-ci-build\src\test\flatfile_tests.cpp(109): Entering test case "flatfile_flush"
C:\Users\ContainerAdministrator\AppData\Local\Temp\cirrus-ci-build\src\test\flatfile_tests.cpp(109): Leaving test case "flatfile_flush"; testing time: 19297us
C:\Users\ContainerAdministrator\AppData\Local\Temp\cirrus-ci-build\src\test\flatfile_tests.cpp(13): Leaving test suite "flatfile_tests"; testing time: 57457us
C:\Users\ContainerAdministrator\AppData\Local\Temp\cirrus-ci-build\src\test\fs_tests.cpp(16): Entering test suite "fs_tests"
C:\Users\ContainerAdministrator\AppData\Local\Temp\cirrus-ci-build\src\test\fs_tests.cpp(18): Entering test case "fsbridge_pathtostring"
C:\Users\ContainerAdministrator\AppData\Local\Temp\cirrus-ci-build\src\test\fs_tests.cpp(18): Leaving test case "fsbridge_pathtostring"; testing time: 11527us
C:\Users\ContainerAdministrator\AppData\Local\Temp\cirrus-ci-build\src\test\fs_tests.cpp(38): Entering test case "fsbridge_stem"
C:\Users\ContainerAdministrator\AppData\Local\Temp\cirrus-ci-build\src\test\fs_tests.cpp(38): Leaving test case "fsbridge_stem"; testing time: 10625us
C:\Users\ContainerAdministrator\AppData\Local\Temp\cirrus-ci-build\src\test\fs_tests.cpp(45): Entering test case "fsbridge_fstream"
C:\Users\ContainerAdministrator\AppData\Local\Temp\cirrus-ci-build\src\test\fs_tests.cpp(45): Leaving test case "fsbridge_fstream"; testing time: 12272us
C:\Users\ContainerAdministrator\AppData\Local\Temp\cirrus-ci-build\src\test\fs_tests.cpp(121): Entering test case "rename"
C:\Users\ContainerAdministrator\AppData\Local\Temp\cirrus-ci-build\src\test\fs_tests.cpp(121): Leaving test case "rename"; testing time: 12641us
C:\Users\ContainerAdministrator\AppData\Local\Temp\cirrus-ci-build\src\test\fs_tests.cpp(156): Entering test case "create_directories"
C:\Users\ContainerAdministrator\AppData\Local\Temp\cirrus-ci-build\src\test\fs_tests.cpp(156): Leaving test case "create_directories"; testing time: 13099us
C:\Users\ContainerAdministrator\AppData\Local\Temp\cirrus-ci-build\src\test\fs_tests.cpp(16): Leaving test suite "fs_tests"; testing time: 60518us
C:\Users\ContainerAdministrator\AppData\Local\Temp\cirrus-ci-build\src\test\getarg_tests.cpp(18): Entering test suite "getarg_tests"
C:\Users\ContainerAdministrator\AppData\Local\Temp\cirrus-ci-build\src\test\getarg_tests.cpp(53): Entering test case "setting_args"
C:\Users\ContainerAdministrator\AppData\Local\Temp\cirrus-ci-build\src\test\getarg_tests.cpp(53): Leaving test case "setting_args"; testing time: 11807us
C:\Users\ContainerAdministrator\AppData\Local\Temp\cirrus-ci-build\src\test\getarg_tests.cpp(156): Entering test case "boolarg"
C:\Users\ContainerAdministrator\AppData\Local\Temp\cirrus-ci-build\src\test\getarg_tests.cpp(156): Leaving test case "boolarg"; testing time: 11282us
C:\Users\ContainerAdministrator\AppData\Local\Temp\cirrus-ci-build\src\test\getarg_tests.cpp(211): Entering test case "stringarg"
C:\Users\ContainerAdministrator\AppData\Local\Temp\cirrus-ci-build\src\test\getarg_tests.cpp(211): Leaving test case "stringarg"; testing time: 10555us
C:\Users\ContainerAdministrator\AppData\Local\Temp\cirrus-ci-build\src\test\getarg_tests.cpp(239): Entering test case "intarg"
C:\Users\ContainerAdministrator\AppData\Local\Temp\cirrus-ci-build\src\test\getarg_tests.cpp(239): Leaving test case "intarg"; testing time: 10230us
C:\Users\ContainerAdministrator\AppData\Local\Temp\cirrus-ci-build\src\test\getarg_tests.cpp(268): Entering test case "patharg"
C:\Users\ContainerAdministrator\AppData\Local\Temp\cirrus-ci-build\src\test\getarg_tests.cpp(268): Leaving test case "patharg"; testing time: 10838us
C:\Users\ContainerAdministrator\AppData\Local\Temp\cirrus-ci-build\src\test\getarg_tests.cpp(380): Entering test case "doubledash"
C:\Users\ContainerAdministrator\AppData\Local\Temp\cirrus-ci-build\src\test\getarg_tests.cpp(380): Leaving test case "doubledash"; testing time: 10369us
C:\Users\ContainerAdministrator\AppData\Local\Temp\cirrus-ci-build\src\test\getarg_tests.cpp(395): Entering test case "boolargno"
C:\Users\ContainerAdministrator\AppData\Local\Temp\cirrus-ci-build\src\test\getarg_tests.cpp(395): Leaving test case "boolargno"; testing time: 10509us
C:\Users\ContainerAdministrator\AppData\Local\Temp\cirrus-ci-build\src\test\getarg_tests.cpp(423): Entering test case "logargs"
C:\Users\ContainerAdministrator\AppData\Local\Temp\cirrus-ci-build\src\test\getarg_tests.cpp(423): Leaving test case "logargs"; testing time: 12157us
C:\Users\ContainerAdministrator\AppData\Local\Temp\cirrus-ci-build\src\test\getarg_tests.cpp(18): Leaving test suite "getarg_tests"; testing time: 88382us
C:\Users\ContainerAdministrator\AppData\Local\Temp\cirrus-ci-build\src\test\hash_tests.cpp(13): Entering test suite "hash_tests"
C:\Users\ContainerAdministrator\AppData\Local\Temp\cirrus-ci-build\src\test\hash_tests.cpp(15): Entering test case "murmurhash3"
C:\Users\ContainerAdministrator\AppData\Local\Temp\cirrus-ci-build\src\test\hash_tests.cpp(15): Leaving test case "murmurhash3"; testing time: 122us
C:\Users\ContainerAdministrator\AppData\Local\Temp\cirrus-ci-build\src\test\hash_tests.cpp(80): Entering test case "siphash"
C:\Users\ContainerAdministrator\AppData\Local\Temp\cirrus-ci-build\src\test\hash_tests.cpp(80): Leaving test case "siphash"; testing time: 405us
C:\Users\ContainerAdministrator\AppData\Local\Temp\cirrus-ci-build\src\test\hash_tests.cpp(13): Leaving test suite "hash_tests"; testing time: 624us
C:\Users\ContainerAdministrator\AppData\Local\Temp\cirrus-ci-build\src\test\headers_sync_chainwork_tests.cpp(58): Entering test suite "headers_sync_chainwork_tests"
C:\Users\ContainerAdministrator\AppData\Local\Temp\cirrus-ci-build\src\test\headers_sync_chainwork_tests.cpp(68): Entering test case "headers_sync_state"
C:\Users\ContainerAdministrator\AppData\Local\Temp\cirrus-ci-build\src\test\headers_sync_chainwork_tests.cpp(68): Leaving test case "headers_sync_state"; testing time: 780224us
C:\Users\ContainerAdministrator\AppData\Local\Temp\cirrus-ci-build\src\test\headers_sync_chainwork_tests.cpp(58): Leaving test suite "headers_sync_chainwork_tests"; testing time: 780306us
C:\Users\ContainerAdministrator\AppData\Local\Temp\cirrus-ci-build\src\test\httpserver_tests.cpp(10): Entering test suite "httpserver_tests"
C:\Users\ContainerAdministrator\AppData\Local\Temp\cirrus-ci-build\src\test\httpserver_tests.cpp(12): Entering test case "test_query_parameters"
C:\Users\ContainerAdministrator\AppData\Local\Temp\cirrus-ci-build\src\test\httpserver_tests.cpp(12): Leaving test case "test_query_parameters"; testing time: 10979us
C:\Users\ContainerAdministrator\AppData\Local\Temp\cirrus-ci-build\src\test\httpserver_tests.cpp(10): Leaving test suite "httpserver_tests"; testing time: 11054us
C:\Users\ContainerAdministrator\AppData\Local\Temp\cirrus-ci-build\src\test\i2p_tests.cpp(19): Entering test suite "i2p_tests"
C:\Users\ContainerAdministrator\AppData\Local\Temp\cirrus-ci-build\src\test\i2p_tests.cpp(21): Entering test case "unlimited_recv"
C:\Users\ContainerAdministrator\AppData\Local\Temp\cirrus-ci-build\src\test\i2p_tests.cpp(21): Leaving test case "unlimited_recv"; testing time: 11130us
C:\Users\ContainerAdministrator\AppData\Local\Temp\cirrus-ci-build\src\test\i2p_tests.cpp(19): Leaving test suite "i2p_tests"; testing time: 11212us
C:\Users\ContainerAdministrator\AppData\Local\Temp\cirrus-ci-build\src\test\interfaces_tests.cpp(16): Entering test suite "interfaces_tests"
C:\Users\ContainerAdministrator\AppData\Local\Temp\cirrus-ci-build\src\test\interfaces_tests.cpp(18): Entering test case "findBlock"
C:\Users\ContainerAdministrator\AppData\Local\Temp\cirrus-ci-build\src\test\interfaces_tests.cpp(18): Leaving test case "findBlock"; testing time: 494479us
C:\Users\ContainerAdministrator\AppData\Local\Temp\cirrus-ci-build\src\test\interfaces_tests.cpp(63): Entering test case "findFirstBlockWithTimeAndHeight"
C:\Users\ContainerAdministrator\AppData\Local\Temp\cirrus-ci-build\src\test\interfaces_tests.cpp(63): Leaving test case "findFirstBlockWithTimeAndHeight"; testing time: 510673us
C:\Users\ContainerAdministrator\AppData\Local\Temp\cirrus-ci-build\src\test\interfaces_tests.cpp(76): Entering test case "findAncestorByHeight"
C:\Users\ContainerAdministrator\AppData\Local\Temp\cirrus-ci-build\src\test\interfaces_tests.cpp(76): Leaving test case "findAncestorByHeight"; testing time: 493760us
C:\Users\ContainerAdministrator\AppData\Local\Temp\cirrus-ci-build\src\test\interfaces_tests.cpp(87): Entering test case "findAncestorByHash"
C:\Users\ContainerAdministrator\AppData\Local\Temp\cirrus-ci-build\src\test\interfaces_tests.cpp(87): Leaving test case "findAncestorByHash"; testing time: 511168us
C:\Users\ContainerAdministrator\AppData\Local\Temp\cirrus-ci-build\src\test\interfaces_tests.cpp(98): Entering test case "findCommonAncestor"
C:\Users\ContainerAdministrator\AppData\Local\Temp\cirrus-ci-build\src\test\interfaces_tests.cpp(98): Leaving test case "findCommonAncestor"; testing time: 596711us
C:\Users\ContainerAdministrator\AppData\Local\Temp\cirrus-ci-build\src\test\interfaces_tests.cpp(128): Entering test case "hasBlocks"
C:\Users\ContainerAdministrator\AppData\Local\Temp\cirrus-ci-build\src\test\interfaces_tests.cpp(128): Leaving test case "hasBlocks"; testing time: 506021us
C:\Users\ContainerAdministrator\AppData\Local\Temp\cirrus-ci-build\src\test\interfaces_tests.cpp(16): Leaving test suite "interfaces_tests"; testing time: 3113418us
C:\Users\ContainerAdministrator\AppData\Local\Temp\cirrus-ci-build\src\test\key_io_tests.cpp(20): Entering test suite "key_io_tests"
C:\Users\ContainerAdministrator\AppData\Local\Temp\cirrus-ci-build\src\test\key_io_tests.cpp(23): Entering test case "key_io_valid_parse"
C:\Users\ContainerAdministrator\AppData\Local\Temp\cirrus-ci-build\src\test\key_io_tests.cpp(23): Leaving test case "key_io_valid_parse"; testing time: 30613us
C:\Users\ContainerAdministrator\AppData\Local\Temp\cirrus-ci-build\src\test\key_io_tests.cpp(84): Entering test case "key_io_valid_gen"
C:\Users\ContainerAdministrator\AppData\Local\Temp\cirrus-ci-build\src\test\key_io_tests.cpp(84): Leaving test case "key_io_valid_gen"; testing time: 25145us
C:\Users\ContainerAdministrator\AppData\Local\Temp\cirrus-ci-build\src\test\key_io_tests.cpp(122): Entering test case "key_io_invalid"
C:\Users\ContainerAdministrator\AppData\Local\Temp\cirrus-ci-build\src\test\key_io_tests.cpp(122): Leaving test case "key_io_invalid"; testing time: 67954us
C:\Users\ContainerAdministrator\AppData\Local\Temp\cirrus-ci-build\src\test\key_io_tests.cpp(20): Leaving test suite "key_io_tests"; testing time: 124113us
C:\Users\ContainerAdministrator\AppData\Local\Temp\cirrus-ci-build\src\test\key_tests.cpp(32): Entering test suite "key_tests"
C:\Users\ContainerAdministrator\AppData\Local\Temp\cirrus-ci-build\src\test\key_tests.cpp(34): Entering test case "key_test1"
C:\Users\ContainerAdministrator\AppData\Local\Temp\cirrus-ci-build\src\test\key_tests.cpp(34): Leaving test case "key_test1"; testing time: 306601us
C:\Users\ContainerAdministrator\AppData\Local\Temp\cirrus-ci-build\src\test\key_tests.cpp(156): Entering test case "key_signature_tests"
C:\Users\ContainerAdministrator\AppData\Local\Temp\cirrus-ci-build\src\test\key_tests.cpp(156): Leaving test case "key_signature_tests"; testing time: 325970us
C:\Users\ContainerAdministrator\AppData\Local\Temp\cirrus-ci-build\src\test\key_tests.cpp(202): Entering test case "key_key_negation"
C:\Users\ContainerAdministrator\AppData\Local\Temp\cirrus-ci-build\src\test\key_tests.cpp(202): Leaving test case "key_key_negation"; testing time: 14597us
C:\Users\ContainerAdministrator\AppData\Local\Temp\cirrus-ci-build\src\test\key_tests.cpp(261): Entering test case "pubkey_unserialize"
C:\Users\ContainerAdministrator\AppData\Local\Temp\cirrus-ci-build\src\test\key_tests.cpp(261): Leaving test case "pubkey_unserialize"; testing time: 10359us
C:\Users\ContainerAdministrator\AppData\Local\Temp\cirrus-ci-build\src\test\key_tests.cpp(277): Entering test case "bip340_test_vectors"
C:\Users\ContainerAdministrator\AppData\Local\Temp\cirrus-ci-build\src\test\key_tests.cpp(277): Leaving test case "bip340_test_vectors"; testing time: 93790us
C:\Users\ContainerAdministrator\AppData\Local\Temp\cirrus-ci-build\src\test\key_tests.cpp(32): Leaving test suite "key_tests"; testing time: 751809us
C:\Users\ContainerAdministrator\AppData\Local\Temp\cirrus-ci-build\src\test\logging_tests.cpp(20): Entering test suite "logging_tests"
C:\Users\ContainerAdministrator\AppData\Local\Temp\cirrus-ci-build\src\test\logging_tests.cpp(76): Entering test case "logging_timer"
C:\Users\ContainerAdministrator\AppData\Local\Temp\cirrus-ci-build\src\test\logging_tests.cpp(76): Leaving test case "logging_timer"; testing time: 11177us
C:\Users\ContainerAdministrator\AppData\Local\Temp\cirrus-ci-build\src\test\logging_tests.cpp(94): Entering test case "logging_LogPrintf_"
C:\Users\ContainerAdministrator\AppData\Local\Temp\cirrus-ci-build\src\test\logging_tests.cpp(94): Leaving test case "logging_LogPrintf_"; testing time: 10973us
C:\Users\ContainerAdministrator\AppData\Local\Temp\cirrus-ci-build\src\test\logging_tests.cpp(115): Entering test case "logging_LogPrintMacros"
C:\Users\ContainerAdministrator\AppData\Local\Temp\cirrus-ci-build\src\test\logging_tests.cpp(115): Leaving test case "logging_LogPrintMacros"; testing time: 10687us
C:\Users\ContainerAdministrator\AppData\Local\Temp\cirrus-ci-build\src\test\logging_tests.cpp(141): Entering test case "logging_LogPrintMacros_CategoryName"
C:\Users\ContainerAdministrator\AppData\Local\Temp\cirrus-ci-build\src\test\logging_tests.cpp(141): Leaving test case "logging_LogPrintMacros_CategoryName"; testing time: 11554us
C:\Users\ContainerAdministrator\AppData\Local\Temp\cirrus-ci-build\src\test\logging_tests.cpp(171): Entering test case "logging_SeverityLevels"
C:\Users\ContainerAdministrator\AppData\Local\Temp\cirrus-ci-build\src\test\logging_tests.cpp(171): Leaving test case "logging_SeverityLevels"; testing time: 10648us
C:\Users\ContainerAdministrator\AppData\Local\Temp\cirrus-ci-build\src\test\logging_tests.cpp(204): Entering test case "logging_Conf"
C:\Users\ContainerAdministrator\AppData\Local\Temp\cirrus-ci-build\src\test\logging_tests.cpp(204): Leaving test case "logging_Conf"; testing time: 10710us
C:\Users\ContainerAdministrator\AppData\Local\Temp\cirrus-ci-build\src\test\logging_tests.cpp(20): Leaving test suite "logging_tests"; testing time: 66205us
C:\Users\ContainerAdministrator\AppData\Local\Temp\cirrus-ci-build\src\test\mempool_tests.cpp(15): Entering test suite "mempool_tests"
C:\Users\ContainerAdministrator\AppData\Local\Temp\cirrus-ci-build\src\test\mempool_tests.cpp(25): Entering test case "MempoolRemoveTest"
C:\Users\ContainerAdministrator\AppData\Local\Temp\cirrus-ci-build\src\test\mempool_tests.cpp(25): Leaving test case "MempoolRemoveTest"; testing time: 22702us
C:\Users\ContainerAdministrator\AppData\Local\Temp\cirrus-ci-build\src\test\mempool_tests.cpp(128): Entering test case "MempoolIndexingTest"
C:\Users\ContainerAdministrator\AppData\Local\Temp\cirrus-ci-build\src\test\mempool_tests.cpp(128): Leaving test case "MempoolIndexingTest"; testing time: 21785us
C:\Users\ContainerAdministrator\AppData\Local\Temp\cirrus-ci-build\src\test\mempool_tests.cpp(301): Entering test case "MempoolAncestorIndexingTest"
C:\Users\ContainerAdministrator\AppData\Local\Temp\cirrus-ci-build\src\test\mempool_tests.cpp(301): Leaving test case "MempoolAncestorIndexingTest"; testing time: 22927us
C:\Users\ContainerAdministrator\AppData\Local\Temp\cirrus-ci-build\src\test\mempool_tests.cpp(430): Entering test case "MempoolSizeLimitTest"
C:\Users\ContainerAdministrator\AppData\Local\Temp\cirrus-ci-build\src\test\mempool_tests.cpp(430): Leaving test case "MempoolSizeLimitTest"; testing time: 22662us
C:\Users\ContainerAdministrator\AppData\Local\Temp\cirrus-ci-build\src\test\mempool_tests.cpp(599): Entering test case "MempoolAncestryTests"
C:\Users\ContainerAdministrator\AppData\Local\Temp\cirrus-ci-build\src\test\mempool_tests.cpp(599): Leaving test case "MempoolAncestryTests"; testing time: 21568us
C:\Users\ContainerAdministrator\AppData\Local\Temp\cirrus-ci-build\src\test\mempool_tests.cpp(758): Entering test case "MempoolAncestryTestsDiamond"
C:\Users\ContainerAdministrator\AppData\Local\Temp\cirrus-ci-build\src\test\mempool_tests.cpp(758): Leaving test case "MempoolAncestryTestsDiamond"; testing time: 20272us
C:\Users\ContainerAdministrator\AppData\Local\Temp\cirrus-ci-build\src\test\mempool_tests.cpp(15): Leaving test suite "mempool_tests"; testing time: 132410us
C:\Users\ContainerAdministrator\AppData\Local\Temp\cirrus-ci-build\src\test\merkleblock_tests.cpp(14): Entering test suite "merkleblock_tests"
C:\Users\ContainerAdministrator\AppData\Local\Temp\cirrus-ci-build\src\test\merkleblock_tests.cpp(20): Entering test case "merkleblock_construct_from_txids_found"
C:\Users\ContainerAdministrator\AppData\Local\Temp\cirrus-ci-build\src\test\merkleblock_tests.cpp(20): Leaving test case "merkleblock_construct_from_txids_found"; testing time: 958us
C:\Users\ContainerAdministrator\AppData\Local\Temp\cirrus-ci-build\src\test\merkleblock_tests.cpp(61): Entering test case "merkleblock_construct_from_txids_not_found"
C:\Users\ContainerAdministrator\AppData\Local\Temp\cirrus-ci-build\src\test\merkleblock_tests.cpp(61): Leaving test case "merkleblock_construct_from_txids_not_found"; testing time: 827us
C:\Users\ContainerAdministrator\AppData\Local\Temp\cirrus-ci-build\src\test\merkleblock_tests.cpp(14): Leaving test suite "merkleblock_tests"; testing time: 1892us
C:\Users\ContainerAdministrator\AppData\Local\Temp\cirrus-ci-build\src\test\merkle_tests.cpp(10): Entering test suite "merkle_tests"
C:\Users\ContainerAdministrator\AppData\Local\Temp\cirrus-ci-build\src\test\merkle_tests.cpp(182): Entering test case "merkle_test"
C:\Users\ContainerAdministrator\AppData\Local\Temp\cirrus-ci-build\src\test\merkle_tests.cpp(182): Leaving test case "merkle_test"; testing time: 5558650us
C:\Users\ContainerAdministrator\AppData\Local\Temp\cirrus-ci-build\src\test\merkle_tests.cpp(252): Entering test case "merkle_test_empty_block"
C:\Users\ContainerAdministrator\AppData\Local\Temp\cirrus-ci-build\src\test\merkle_tests.cpp(252): Leaving test case "merkle_test_empty_block"; testing time: 25374us
C:\Users\ContainerAdministrator\AppData\Local\Temp\cirrus-ci-build\src\test\merkle_tests.cpp(262): Entering test case "merkle_test_oneTx_block"
C:\Users\ContainerAdministrator\AppData\Local\Temp\cirrus-ci-build\src\test\merkle_tests.cpp(262): Leaving test case "merkle_test_oneTx_block"; testing time: 22482us
C:\Users\ContainerAdministrator\AppData\Local\Temp\cirrus-ci-build\src\test\merkle_tests.cpp(276): Entering test case "merkle_test_OddTxWithRepeatedLastTx_block"
C:\Users\ContainerAdministrator\AppData\Local\Temp\cirrus-ci-build\src\test\merkle_tests.cpp(276): Leaving test case "merkle_test_OddTxWithRepeatedLastTx_block"; testing time: 22113us
C:\Users\ContainerAdministrator\AppData\Local\Temp\cirrus-ci-build\src\test\merkle_tests.cpp(300): Entering test case "merkle_test_LeftSubtreeRightSubtree"
C:\Users\ContainerAdministrator\AppData\Local\Temp\cirrus-ci-build\src\test\merkle_tests.cpp(300): Leaving test case "merkle_test_LeftSubtreeRightSubtree"; testing time: 20746us
C:\Users\ContainerAdministrator\AppData\Local\Temp\cirrus-ci-build\src\test\merkle_tests.cpp(329): Entering test case "merkle_test_BlockWitness"
C:\Users\ContainerAdministrator\AppData\Local\Temp\cirrus-ci-build\src\test\merkle_tests.cpp(329): Leaving test case "merkle_test_BlockWitness"; testing time: 19636us
C:\Users\ContainerAdministrator\AppData\Local\Temp\cirrus-ci-build\src\test\merkle_tests.cpp(10): Leaving test suite "merkle_tests"; testing time: 5669522us
C:\Users\ContainerAdministrator\AppData\Local\Temp\cirrus-ci-build\src\test\miner_tests.cpp(45): Entering test suite "miner_tests"
C:\Users\ContainerAdministrator\AppData\Local\Temp\cirrus-ci-build\src\test\miner_tests.cpp(553): Entering test case "CreateNewBlock_validity"
C:\Users\ContainerAdministrator\AppData\Local\Temp\cirrus-ci-build\src\test\miner_tests.cpp(553): Leaving test case "CreateNewBlock_validity"; testing time: 10717511us
C:\Users\ContainerAdministrator\AppData\Local\Temp\cirrus-ci-build\src\test\miner_tests.cpp(45): Leaving test suite "miner_tests"; testing time: 10717606us
C:\Users\ContainerAdministrator\AppData\Local\Temp\cirrus-ci-build\src\test\miniscript_tests.cpp(159): Entering test suite "miniscript_tests"
C:\Users\ContainerAdministrator\AppData\Local\Temp\cirrus-ci-build\src\test\miniscript_tests.cpp(161): Entering test case "fixed_tests"
C:\Users\ContainerAdministrator\AppData\Local\Temp\cirrus-ci-build\src\test\miniscript_tests.cpp(161): Leaving test case "fixed_tests"; testing time: 96708us
C:\Users\ContainerAdministrator\AppData\Local\Temp\cirrus-ci-build\src\test\miniscript_tests.cpp(159): Leaving test suite "miniscript_tests"; testing time: 96813us
C:\Users\ContainerAdministrator\AppData\Local\Temp\cirrus-ci-build\src\test\minisketch_tests.cpp(16): Entering test suite "minisketch_tests"
C:\Users\ContainerAdministrator\AppData\Local\Temp\cirrus-ci-build\src\test\minisketch_tests.cpp(18): Entering test case "minisketch_test"
C:\Users\ContainerAdministrator\AppData\Local\Temp\cirrus-ci-build\src\test\minisketch_tests.cpp(18): Leaving test case "minisketch_test"; testing time: 560876us
C:\Users\ContainerAdministrator\AppData\Local\Temp\cirrus-ci-build\src\test\minisketch_tests.cpp(16): Leaving test suite "minisketch_tests"; testing time: 560966us
C:\Users\ContainerAdministrator\AppData\Local\Temp\cirrus-ci-build\src\test\multisig_tests.cpp(19): Entering test suite "multisig_tests"
C:\Users\ContainerAdministrator\AppData\Local\Temp\cirrus-ci-build\src\test\multisig_tests.cpp(38): Entering test case "multisig_verify"
C:\Users\ContainerAdministrator\AppData\Local\Temp\cirrus-ci-build\src\test\multisig_tests.cpp(38): Leaving test case "multisig_verify"; testing time: 92659us
C:\Users\ContainerAdministrator\AppData\Local\Temp\cirrus-ci-build\src\test\multisig_tests.cpp(138): Entering test case "multisig_IsStandard"
C:\Users\ContainerAdministrator\AppData\Local\Temp\cirrus-ci-build\src\test\multisig_tests.cpp(138): Leaving test case "multisig_IsStandard"; testing time: 16859us
C:\Users\ContainerAdministrator\AppData\Local\Temp\cirrus-ci-build\src\test\multisig_tests.cpp(182): Entering test case "multisig_Sign"
C:\Users\ContainerAdministrator\AppData\Local\Temp\cirrus-ci-build\src\test\multisig_tests.cpp(182): Leaving test case "multisig_Sign"; testing time: 25346us
C:\Users\ContainerAdministrator\AppData\Local\Temp\cirrus-ci-build\src\test\multisig_tests.cpp(19): Leaving test suite "multisig_tests"; testing time: 135124us
C:\Users\ContainerAdministrator\AppData\Local\Temp\cirrus-ci-build\src\test\netbase_tests.cpp(23): Entering test suite "netbase_tests"
C:\Users\ContainerAdministrator\AppData\Local\Temp\cirrus-ci-build\src\test\netbase_tests.cpp(46): Entering test case "netbase_networks"
C:\Users\ContainerAdministrator\AppData\Local\Temp\cirrus-ci-build\src\test\netbase_tests.cpp(46): Leaving test case "netbase_networks"; testing time: 10396us
C:\Users\ContainerAdministrator\AppData\Local\Temp\cirrus-ci-build\src\test\netbase_tests.cpp(56): Entering test case "netbase_properties"
C:\Users\ContainerAdministrator\AppData\Local\Temp\cirrus-ci-build\src\test\netbase_tests.cpp(56): Leaving test case "netbase_properties"; testing time: 10288us
C:\Users\ContainerAdministrator\AppData\Local\Temp\cirrus-ci-build\src\test\netbase_tests.cpp(95): Entering test case "netbase_splithost"
C:\Users\ContainerAdministrator\AppData\Local\Temp\cirrus-ci-build\src\test\netbase_tests.cpp(95): Leaving test case "netbase_splithost"; testing time: 10005us
C:\Users\ContainerAdministrator\AppData\Local\Temp\cirrus-ci-build\src\test\netbase_tests.cpp(120): Entering test case "netbase_lookupnumeric"
C:\Users\ContainerAdministrator\AppData\Local\Temp\cirrus-ci-build\src\test\netbase_tests.cpp(120): Leaving test case "netbase_lookupnumeric"; testing time: 10503us
C:\Users\ContainerAdministrator\AppData\Local\Temp\cirrus-ci-build\src\test\netbase_tests.cpp(136): Entering test case "embedded_test"
C:\Users\ContainerAdministrator\AppData\Local\Temp\cirrus-ci-build\src\test\netbase_tests.cpp(136): Leaving test case "embedded_test"; testing time: 10077us
C:\Users\ContainerAdministrator\AppData\Local\Temp\cirrus-ci-build\src\test\netbase_tests.cpp(144): Entering test case "subnet_test"
C:\Users\ContainerAdministrator\AppData\Local\Temp\cirrus-ci-build\src\test\netbase_tests.cpp(144): Leaving test case "subnet_test"; testing time: 12099us
C:\Users\ContainerAdministrator\AppData\Local\Temp\cirrus-ci-build\src\test\netbase_tests.cpp(317): Entering test case "netbase_getgroup"
C:\Users\ContainerAdministrator\AppData\Local\Temp\cirrus-ci-build\src\test\netbase_tests.cpp(317): Leaving test case "netbase_getgroup"; testing time: 10055us
C:\Users\ContainerAdministrator\AppData\Local\Temp\cirrus-ci-build\src\test\netbase_tests.cpp(337): Entering test case "netbase_parsenetwork"
C:\Users\ContainerAdministrator\AppData\Local\Temp\cirrus-ci-build\src\test\netbase_tests.cpp(337): Leaving test case "netbase_parsenetwork"; testing time: 18312us
C:\Users\ContainerAdministrator\AppData\Local\Temp\cirrus-ci-build\src\test\netbase_tests.cpp(357): Entering test case "netpermissions_test"
C:\Users\ContainerAdministrator\AppData\Local\Temp\cirrus-ci-build\src\test\netbase_tests.cpp(357): Leaving test case "netpermissions_test"; testing time: 10837us
C:\Users\ContainerAdministrator\AppData\Local\Temp\cirrus-ci-build\src\test\netbase_tests.cpp(461): Entering test case "netbase_dont_resolve_strings_with_embedded_nul_characters"
C:\Users\ContainerAdministrator\AppData\Local\Temp\cirrus-ci-build\src\test\netbase_tests.cpp(461): Leaving test case "netbase_dont_resolve_strings_with_embedded_nul_characters"; testing time: 10002us
C:\Users\ContainerAdministrator\AppData\Local\Temp\cirrus-ci-build\src\test\netbase_tests.cpp(546): Entering test case "caddress_serialize_v1"
C:\Users\ContainerAdministrator\AppData\Local\Temp\cirrus-ci-build\src\test\netbase_tests.cpp(546): Leaving test case "caddress_serialize_v1"; testing time: 10338us
C:\Users\ContainerAdministrator\AppData\Local\Temp\cirrus-ci-build\src\test\netbase_tests.cpp(554): Entering test case "caddress_unserialize_v1"
C:\Users\ContainerAdministrator\AppData\Local\Temp\cirrus-ci-build\src\test\netbase_tests.cpp(554): Leaving test case "caddress_unserialize_v1"; testing time: 10185us
C:\Users\ContainerAdministrator\AppData\Local\Temp\cirrus-ci-build\src\test\netbase_tests.cpp(563): Entering test case "caddress_serialize_v2"
C:\Users\ContainerAdministrator\AppData\Local\Temp\cirrus-ci-build\src\test\netbase_tests.cpp(563): Leaving test case "caddress_serialize_v2"; testing time: 10132us
C:\Users\ContainerAdministrator\AppData\Local\Temp\cirrus-ci-build\src\test\netbase_tests.cpp(571): Entering test case "caddress_unserialize_v2"
C:\Users\ContainerAdministrator\AppData\Local\Temp\cirrus-ci-build\src\test\netbase_tests.cpp(571): Leaving test case "caddress_unserialize_v2"; testing time: 10011us
C:\Users\ContainerAdministrator\AppData\Local\Temp\cirrus-ci-build\src\test\netbase_tests.cpp(580): Entering test case "isbadport"
C:\Users\ContainerAdministrator\AppData\Local\Temp\cirrus-ci-build\src\test\netbase_tests.cpp(580): Leaving test case "isbadport"; testing time: 10681us
C:\Users\ContainerAdministrator\AppData\Local\Temp\cirrus-ci-build\src\test\netbase_tests.cpp(23): Leaving test suite "netbase_tests"; testing time: 164987us
C:\Users\ContainerAdministrator\AppData\Local\Temp\cirrus-ci-build\src\test\net_peer_eviction_tests.cpp(18): Entering test suite "net_peer_eviction_tests"
C:\Users\ContainerAdministrator\AppData\Local\Temp\cirrus-ci-build\src\test\net_peer_eviction_tests.cpp(62): Entering test case "peer_protection_test"
C:\Users\ContainerAdministrator\AppData\Local\Temp\cirrus-ci-build\src\test\net_peer_eviction_tests.cpp(62): Leaving test case "peer_protection_test"; testing time: 11404us
C:\Users\ContainerAdministrator\AppData\Local\Temp\cirrus-ci-build\src\test\net_peer_eviction_tests.cpp(595): Entering test case "peer_eviction_test"
C:\Users\ContainerAdministrator\AppData\Local\Temp\cirrus-ci-build\src\test\net_peer_eviction_tests.cpp(595): Leaving test case "peer_eviction_test"; testing time: 607456us
C:\Users\ContainerAdministrator\AppData\Local\Temp\cirrus-ci-build\src\test\net_peer_eviction_tests.cpp(18): Leaving test suite "net_peer_eviction_tests"; testing time: 619087us
C:\Users\ContainerAdministrator\AppData\Local\Temp\cirrus-ci-build\src\test\net_tests.cpp(36): Entering test suite "net_tests"
C:\Users\ContainerAdministrator\AppData\Local\Temp\cirrus-ci-build\src\test\net_tests.cpp(38): Entering test case "cnode_listen_port"
C:\Users\ContainerAdministrator\AppData\Local\Temp\cirrus-ci-build\src\test\net_tests.cpp(38): Leaving test case "cnode_listen_port"; testing time: 25620us
C:\Users\ContainerAdministrator\AppData\Local\Temp\cirrus-ci-build\src\test\net_tests.cpp(50): Entering test case "cnode_simple_test"
C:\Users\ContainerAdministrator\AppData\Local\Temp\cirrus-ci-build\src\test\net_tests.cpp(50): Leaving test case "cnode_simple_test"; testing time: 21271us
C:\Users\ContainerAdministrator\AppData\Local\Temp\cirrus-ci-build\src\test\net_tests.cpp(133): Entering test case "cnetaddr_basic"
C:\Users\ContainerAdministrator\AppData\Local\Temp\cirrus-ci-build\src\test\net_tests.cpp(133): Leaving test case "cnetaddr_basic"; testing time: 22222us
C:\Users\ContainerAdministrator\AppData\Local\Temp\cirrus-ci-build\src\test\net_tests.cpp(274): Entering test case "cnetaddr_tostring_canonical_ipv6"
C:\Users\ContainerAdministrator\AppData\Local\Temp\cirrus-ci-build\src\test\net_tests.cpp(274): Leaving test case "cnetaddr_tostring_canonical_ipv6"; testing time: 23316us
C:\Users\ContainerAdministrator\AppData\Local\Temp\cirrus-ci-build\src\test\net_tests.cpp(328): Entering test case "cnetaddr_serialize_v1"
C:\Users\ContainerAdministrator\AppData\Local\Temp\cirrus-ci-build\src\test\net_tests.cpp(328): Leaving test case "cnetaddr_serialize_v1"; testing time: 21454us
C:\Users\ContainerAdministrator\AppData\Local\Temp\cirrus-ci-build\src\test\net_tests.cpp(361): Entering test case "cnetaddr_serialize_v2"
C:\Users\ContainerAdministrator\AppData\Local\Temp\cirrus-ci-build\src\test\net_tests.cpp(361): Leaving test case "cnetaddr_serialize_v2"; testing time: 21062us
C:\Users\ContainerAdministrator\AppData\Local\Temp\cirrus-ci-build\src\test\net_tests.cpp(397): Entering test case "cnetaddr_unserialize_v2"
C:\Users\ContainerAdministrator\AppData\Local\Temp\cirrus-ci-build\src\test\net_tests.cpp(397): Leaving test case "cnetaddr_unserialize_v2"; testing time: 21909us
C:\Users\ContainerAdministrator\AppData\Local\Temp\cirrus-ci-build\src\test\net_tests.cpp(607): Entering test case "ipv4_peer_with_ipv6_addrMe_test"
C:\Users\ContainerAdministrator\AppData\Local\Temp\cirrus-ci-build\src\test\net_tests.cpp(607): Leaving test case "ipv4_peer_with_ipv6_addrMe_test"; testing time: 21347us
C:\Users\ContainerAdministrator\AppData\Local\Temp\cirrus-ci-build\src\test\net_tests.cpp(658): Entering test case "get_local_addr_for_peer_port"
C:\Users\ContainerAdministrator\AppData\Local\Temp\cirrus-ci-build\src\test\net_tests.cpp(658): Leaving test case "get_local_addr_for_peer_port"; testing time: 20941us
C:\Users\ContainerAdministrator\AppData\Local\Temp\cirrus-ci-build\src\test\net_tests.cpp(722): Entering test case "LimitedAndReachable_Network"
C:\Users\ContainerAdministrator\AppData\Local\Temp\cirrus-ci-build\src\test\net_tests.cpp(722): Leaving test case "LimitedAndReachable_Network"; testing time: 20581us
C:\Users\ContainerAdministrator\AppData\Local\Temp\cirrus-ci-build\src\test\net_tests.cpp(755): Entering test case "LimitedAndReachable_NetworkCaseUnroutableAndInternal"
C:\Users\ContainerAdministrator\AppData\Local\Temp\cirrus-ci-build\src\test\net_tests.cpp(755): Leaving test case "LimitedAndReachable_NetworkCaseUnroutableAndInternal"; testing time: 20622us
C:\Users\ContainerAdministrator\AppData\Local\Temp\cirrus-ci-build\src\test\net_tests.cpp(778): Entering test case "LimitedAndReachable_CNetAddr"
C:\Users\ContainerAdministrator\AppData\Local\Temp\cirrus-ci-build\src\test\net_tests.cpp(778): Leaving test case "LimitedAndReachable_CNetAddr"; testing time: 20766us
C:\Users\ContainerAdministrator\AppData\Local\Temp\cirrus-ci-build\src\test\net_tests.cpp(792): Entering test case "LocalAddress_BasicLifecycle"
C:\Users\ContainerAdministrator\AppData\Local\Temp\cirrus-ci-build\src\test\net_tests.cpp(792): Leaving test case "LocalAddress_BasicLifecycle"; testing time: 20529us
C:\Users\ContainerAdministrator\AppData\Local\Temp\cirrus-ci-build\src\test\net_tests.cpp(806): Entering test case "initial_advertise_from_version_message"
C:\Users\ContainerAdministrator\AppData\Local\Temp\cirrus-ci-build\src\test\net_tests.cpp(806): Leaving test case "initial_advertise_from_version_message"; testing time: 29146us
C:\Users\ContainerAdministrator\AppData\Local\Temp\cirrus-ci-build\src\test\net_tests.cpp(36): Leaving test suite "net_tests"; testing time: 312037us
C:\Users\ContainerAdministrator\AppData\Local\Temp\cirrus-ci-build\src\test\orphanage_tests.cpp(18): Entering test suite "orphanage_tests"
C:\Users\ContainerAdministrator\AppData\Local\Temp\cirrus-ci-build\src\test\orphanage_tests.cpp(46): Entering test case "DoS_mapOrphans"
C:\Users\ContainerAdministrator\AppData\Local\Temp\cirrus-ci-build\src\test\orphanage_tests.cpp(46): Leaving test case "DoS_mapOrphans"; testing time: 433735us
C:\Users\ContainerAdministrator\AppData\Local\Temp\cirrus-ci-build\src\test\orphanage_tests.cpp(18): Leaving test suite "orphanage_tests"; testing time: 433831us
C:\Users\ContainerAdministrator\AppData\Local\Temp\cirrus-ci-build\src\test\pmt_tests.cpp(28): Entering test suite "pmt_tests"
C:\Users\ContainerAdministrator\AppData\Local\Temp\cirrus-ci-build\src\test\pmt_tests.cpp(30): Entering test case "pmt_test1"
C:\Users\ContainerAdministrator\AppData\Local\Temp\cirrus-ci-build\src\test\pmt_tests.cpp(30): Leaving test case "pmt_test1"; testing time: 1547656us
C:\Users\ContainerAdministrator\AppData\Local\Temp\cirrus-ci-build\src\test\pmt_tests.cpp(107): Entering test case "pmt_malleability"
C:\Users\ContainerAdministrator\AppData\Local\Temp\cirrus-ci-build\src\test\pmt_tests.cpp(107): Leaving test case "pmt_malleability"; testing time: 10905us
C:\Users\ContainerAdministrator\AppData\Local\Temp\cirrus-ci-build\src\test\pmt_tests.cpp(28): Leaving test suite "pmt_tests"; testing time: 1558800us
C:\Users\ContainerAdministrator\AppData\Local\Temp\cirrus-ci-build\src\test\policyestimator_tests.cpp(15): Entering test suite "policyestimator_tests"
C:\Users\ContainerAdministrator\AppData\Local\Temp\cirrus-ci-build\src\test\policyestimator_tests.cpp(17): Entering test case "BlockPolicyEstimates"
C:\Users\ContainerAdministrator\AppData\Local\Temp\cirrus-ci-build\src\test\policyestimator_tests.cpp(17): Leaving test case "BlockPolicyEstimates"; testing time: 1774080us
C:\Users\ContainerAdministrator\AppData\Local\Temp\cirrus-ci-build\src\test\policyestimator_tests.cpp(15): Leaving test suite "policyestimator_tests"; testing time: 1774167us
C:\Users\ContainerAdministrator\AppData\Local\Temp\cirrus-ci-build\src\test\policy_fee_tests.cpp(12): Entering test suite "policy_fee_tests"
C:\Users\ContainerAdministrator\AppData\Local\Temp\cirrus-ci-build\src\test\policy_fee_tests.cpp(14): Entering test case "FeeRounder"
C:\Users\ContainerAdministrator\AppData\Local\Temp\cirrus-ci-build\src\test\policy_fee_tests.cpp(14): Leaving test case "FeeRounder"; testing time: 186us
C:\Users\ContainerAdministrator\AppData\Local\Temp\cirrus-ci-build\src\test\policy_fee_tests.cpp(12): Leaving test suite "policy_fee_tests"; testing time: 253us
C:\Users\ContainerAdministrator\AppData\Local\Temp\cirrus-ci-build\src\test\pow_tests.cpp(12): Entering test suite "pow_tests"
C:\Users\ContainerAdministrator\AppData\Local\Temp\cirrus-ci-build\src\test\pow_tests.cpp(15): Entering test case "get_next_work"
C:\Users\ContainerAdministrator\AppData\Local\Temp\cirrus-ci-build\src\test\pow_tests.cpp(15): Leaving test case "get_next_work"; testing time: 11057us
C:\Users\ContainerAdministrator\AppData\Local\Temp\cirrus-ci-build\src\test\pow_tests.cpp(34): Entering test case "get_next_work_pow_limit"
C:\Users\ContainerAdministrator\AppData\Local\Temp\cirrus-ci-build\src\test\pow_tests.cpp(34): Leaving test case "get_next_work_pow_limit"; testing time: 10401us
C:\Users\ContainerAdministrator\AppData\Local\Temp\cirrus-ci-build\src\test\pow_tests.cpp(48): Entering test case "get_next_work_lower_limit_actual"
C:\Users\ContainerAdministrator\AppData\Local\Temp\cirrus-ci-build\src\test\pow_tests.cpp(48): Leaving test case "get_next_work_lower_limit_actual"; testing time: 10494us
C:\Users\ContainerAdministrator\AppData\Local\Temp\cirrus-ci-build\src\test\pow_tests.cpp(65): Entering test case "get_next_work_upper_limit_actual"
C:\Users\ContainerAdministrator\AppData\Local\Temp\cirrus-ci-build\src\test\pow_tests.cpp(65): Leaving test case "get_next_work_upper_limit_actual"; testing time: 10358us
C:\Users\ContainerAdministrator\AppData\Local\Temp\cirrus-ci-build\src\test\pow_tests.cpp(81): Entering test case "CheckProofOfWork_test_negative_target"
C:\Users\ContainerAdministrator\AppData\Local\Temp\cirrus-ci-build\src\test\pow_tests.cpp(81): Leaving test case "CheckProofOfWork_test_negative_target"; testing time: 10148us
C:\Users\ContainerAdministrator\AppData\Local\Temp\cirrus-ci-build\src\test\pow_tests.cpp(91): Entering test case "CheckProofOfWork_test_overflow_target"
C:\Users\ContainerAdministrator\AppData\Local\Temp\cirrus-ci-build\src\test\pow_tests.cpp(91): Leaving test case "CheckProofOfWork_test_overflow_target"; testing time: 10075us
C:\Users\ContainerAdministrator\AppData\Local\Temp\cirrus-ci-build\src\test\pow_tests.cpp(100): Entering test case "CheckProofOfWork_test_too_easy_target"
C:\Users\ContainerAdministrator\AppData\Local\Temp\cirrus-ci-build\src\test\pow_tests.cpp(100): Leaving test case "CheckProofOfWork_test_too_easy_target"; testing time: 10184us
C:\Users\ContainerAdministrator\AppData\Local\Temp\cirrus-ci-build\src\test\pow_tests.cpp(112): Entering test case "CheckProofOfWork_test_biger_hash_than_target"
C:\Users\ContainerAdministrator\AppData\Local\Temp\cirrus-ci-build\src\test\pow_tests.cpp(112): Leaving test case "CheckProofOfWork_test_biger_hash_than_target"; testing time: 10255us
C:\Users\ContainerAdministrator\AppData\Local\Temp\cirrus-ci-build\src\test\pow_tests.cpp(124): Entering test case "CheckProofOfWork_test_zero_target"
C:\Users\ContainerAdministrator\AppData\Local\Temp\cirrus-ci-build\src\test\pow_tests.cpp(124): Leaving test case "CheckProofOfWork_test_zero_target"; testing time: 10061us
C:\Users\ContainerAdministrator\AppData\Local\Temp\cirrus-ci-build\src\test\pow_tests.cpp(135): Entering test case "GetBlockProofEquivalentTime_test"
C:\Users\ContainerAdministrator\AppData\Local\Temp\cirrus-ci-build\src\test\pow_tests.cpp(135): Leaving test case "GetBlockProofEquivalentTime_test"; testing time: 29654us
C:\Users\ContainerAdministrator\AppData\Local\Temp\cirrus-ci-build\src\test\pow_tests.cpp(184): Entering test case "ChainParams_MAIN_sanity"
C:\Users\ContainerAdministrator\AppData\Local\Temp\cirrus-ci-build\src\test\pow_tests.cpp(184): Leaving test case "ChainParams_MAIN_sanity"; testing time: 10291us
C:\Users\ContainerAdministrator\AppData\Local\Temp\cirrus-ci-build\src\test\pow_tests.cpp(189): Entering test case "ChainParams_REGTEST_sanity"
C:\Users\ContainerAdministrator\AppData\Local\Temp\cirrus-ci-build\src\test\pow_tests.cpp(189): Leaving test case "ChainParams_REGTEST_sanity"; testing time: 10064us
C:\Users\ContainerAdministrator\AppData\Local\Temp\cirrus-ci-build\src\test\pow_tests.cpp(194): Entering test case "ChainParams_TESTNET_sanity"
C:\Users\ContainerAdministrator\AppData\Local\Temp\cirrus-ci-build\src\test\pow_tests.cpp(194): Leaving test case "ChainParams_TESTNET_sanity"; testing time: 10010us
C:\Users\ContainerAdministrator\AppData\Local\Temp\cirrus-ci-build\src\test\pow_tests.cpp(199): Entering test case "ChainParams_SIGNET_sanity"
C:\Users\ContainerAdministrator\AppData\Local\Temp\cirrus-ci-build\src\test\pow_tests.cpp(199): Leaving test case "ChainParams_SIGNET_sanity"; testing time: 13359us
C:\Users\ContainerAdministrator\AppData\Local\Temp\cirrus-ci-build\src\test\pow_tests.cpp(12): Leaving test suite "pow_tests"; testing time: 167467us
C:\Users\ContainerAdministrator\AppData\Local\Temp\cirrus-ci-build\src\test\prevector_tests.cpp(16): Entering test suite "prevector_tests"
C:\Users\ContainerAdministrator\AppData\Local\Temp\cirrus-ci-build\src\test\prevector_tests.cpp(218): Entering test case "PrevectorTestInt"
C:\Users\ContainerAdministrator\AppData\Local\Temp\cirrus-ci-build\src\test\prevector_tests.cpp(218): Leaving test case "PrevectorTestInt"; testing time: 2535681us
C:\Users\ContainerAdministrator\AppData\Local\Temp\cirrus-ci-build\src\test\prevector_tests.cpp(16): Leaving test suite "prevector_tests"; testing time: 2535775us
C:\Users\ContainerAdministrator\AppData\Local\Temp\cirrus-ci-build\src\test\raii_event_tests.cpp(16): Entering test suite "raii_event_tests"
C:\Users\ContainerAdministrator\AppData\Local\Temp\cirrus-ci-build\src\test\raii_event_tests.cpp(38): Entering test case "raii_event_creation"
C:\Users\ContainerAdministrator\AppData\Local\Temp\cirrus-ci-build\src\test\raii_event_tests.cpp(38): Leaving test case "raii_event_creation"; testing time: 12760us
C:\Users\ContainerAdministrator\AppData\Local\Temp\cirrus-ci-build\src\test\raii_event_tests.cpp(67): Entering test case "raii_event_order"
C:\Users\ContainerAdministrator\AppData\Local\Temp\cirrus-ci-build\src\test\raii_event_tests.cpp(67): Leaving test case "raii_event_order"; testing time: 11265us
C:\Users\ContainerAdministrator\AppData\Local\Temp\cirrus-ci-build\src\test\raii_event_tests.cpp(16): Leaving test suite "raii_event_tests"; testing time: 24178us
C:\Users\ContainerAdministrator\AppData\Local\Temp\cirrus-ci-build\src\test\random_tests.cpp(14): Entering test suite "random_tests"
C:\Users\ContainerAdministrator\AppData\Local\Temp\cirrus-ci-build\src\test\random_tests.cpp(16): Entering test case "osrandom_tests"
C:\Users\ContainerAdministrator\AppData\Local\Temp\cirrus-ci-build\src\test\random_tests.cpp(16): Leaving test case "osrandom_tests"; testing time: 18464us
C:\Users\ContainerAdministrator\AppData\Local\Temp\cirrus-ci-build\src\test\random_tests.cpp(21): Entering test case "fastrandom_tests"
C:\Users\ContainerAdministrator\AppData\Local\Temp\cirrus-ci-build\src\test\random_tests.cpp(21): Leaving test case "fastrandom_tests"; testing time: 10872us
C:\Users\ContainerAdministrator\AppData\Local\Temp\cirrus-ci-build\src\test\random_tests.cpp(89): Entering test case "fastrandom_randbits"
C:\Users\ContainerAdministrator\AppData\Local\Temp\cirrus-ci-build\src\test\random_tests.cpp(89): Leaving test case "fastrandom_randbits"; testing time: 311507us
C:\Users\ContainerAdministrator\AppData\Local\Temp\cirrus-ci-build\src\test\random_tests.cpp(105): Entering test case "stdrandom_test"
C:\Users\ContainerAdministrator\AppData\Local\Temp\cirrus-ci-build\src\test\random_tests.cpp(105): Leaving test case "stdrandom_test"; testing time: 16038us
C:\Users\ContainerAdministrator\AppData\Local\Temp\cirrus-ci-build\src\test\random_tests.cpp(127): Entering test case "shuffle_stat_test"
C:\Users\ContainerAdministrator\AppData\Local\Temp\cirrus-ci-build\src\test\random_tests.cpp(127): Leaving test case "shuffle_stat_test"; testing time: 19063us
C:\Users\ContainerAdministrator\AppData\Local\Temp\cirrus-ci-build\src\test\random_tests.cpp(14): Leaving test suite "random_tests"; testing time: 376549us
C:\Users\ContainerAdministrator\AppData\Local\Temp\cirrus-ci-build\src\test\rbf_tests.cpp(16): Entering test suite "rbf_tests"
C:\Users\ContainerAdministrator\AppData\Local\Temp\cirrus-ci-build\src\test\rbf_tests.cpp(54): Entering test case "rbf_helper_functions"
C:\Users\ContainerAdministrator\AppData\Local\Temp\cirrus-ci-build\src\test\rbf_tests.cpp(54): Leaving test case "rbf_helper_functions"; testing time: 521983us
C:\Users\ContainerAdministrator\AppData\Local\Temp\cirrus-ci-build\src\test\rbf_tests.cpp(16): Leaving test suite "rbf_tests"; testing time: 522072us
C:\Users\ContainerAdministrator\AppData\Local\Temp\cirrus-ci-build\src\test\rest_tests.cpp(12): Entering test suite "rest_tests"
C:\Users\ContainerAdministrator\AppData\Local\Temp\cirrus-ci-build\src\test\rest_tests.cpp(14): Entering test case "test_query_string"
C:\Users\ContainerAdministrator\AppData\Local\Temp\cirrus-ci-build\src\test\rest_tests.cpp(14): Leaving test case "test_query_string"; testing time: 12663us
C:\Users\ContainerAdministrator\AppData\Local\Temp\cirrus-ci-build\src\test\rest_tests.cpp(12): Leaving test suite "rest_tests"; testing time: 12735us
C:\Users\ContainerAdministrator\AppData\Local\Temp\cirrus-ci-build\src\test\result_tests.cpp(19): Entering test suite "result_tests"
C:\Users\ContainerAdministrator\AppData\Local\Temp\cirrus-ci-build\src\test\result_tests.cpp(76): Entering test case "check_returned"
C:\Users\ContainerAdministrator\AppData\Local\Temp\cirrus-ci-build\src\test\result_tests.cpp(76): Leaving test case "check_returned"; testing time: 227us
C:\Users\ContainerAdministrator\AppData\Local\Temp\cirrus-ci-build\src\test\result_tests.cpp(86): Entering test case "check_value_or"
C:\Users\ContainerAdministrator\AppData\Local\Temp\cirrus-ci-build\src\test\result_tests.cpp(86): Leaving test case "check_value_or"; testing time: 64us
C:\Users\ContainerAdministrator\AppData\Local\Temp\cirrus-ci-build\src\test\result_tests.cpp(19): Leaving test suite "result_tests"; testing time: 392us
C:\Users\ContainerAdministrator\AppData\Local\Temp\cirrus-ci-build\src\test\reverselock_tests.cpp(12): Entering test suite "reverselock_tests"
C:\Users\ContainerAdministrator\AppData\Local\Temp\cirrus-ci-build\src\test\reverselock_tests.cpp(14): Entering test case "reverselock_basics"
C:\Users\ContainerAdministrator\AppData\Local\Temp\cirrus-ci-build\src\test\reverselock_tests.cpp(14): Leaving test case "reverselock_basics"; testing time: 41us
C:\Users\ContainerAdministrator\AppData\Local\Temp\cirrus-ci-build\src\test\reverselock_tests.cpp(27): Entering test case "reverselock_multiple"
C:\Users\ContainerAdministrator\AppData\Local\Temp\cirrus-ci-build\src\test\reverselock_tests.cpp(27): Leaving test case "reverselock_multiple"; testing time: 89us
C:\Users\ContainerAdministrator\AppData\Local\Temp\cirrus-ci-build\src\test\reverselock_tests.cpp(45): Entering test case "reverselock_errors"
C:\Users\ContainerAdministrator\AppData\Local\Temp\cirrus-ci-build\src\test\reverselock_tests.cpp(45): Leaving test case "reverselock_errors"; testing time: 205us
C:\Users\ContainerAdministrator\AppData\Local\Temp\cirrus-ci-build\src\test\reverselock_tests.cpp(12): Leaving test suite "reverselock_tests"; testing time: 491us
C:\Users\ContainerAdministrator\AppData\Local\Temp\cirrus-ci-build\src\test\rpc_tests.cpp(46): Entering test suite "rpc_tests"
C:\Users\ContainerAdministrator\AppData\Local\Temp\cirrus-ci-build\src\test\rpc_tests.cpp(48): Entering test case "rpc_rawparams"
C:\Users\ContainerAdministrator\AppData\Local\Temp\cirrus-ci-build\src\test\rpc_tests.cpp(48): Leaving test case "rpc_rawparams"; testing time: 28055us
C:\Users\ContainerAdministrator\AppData\Local\Temp\cirrus-ci-build\src\test\rpc_tests.cpp(83): Entering test case "rpc_togglenetwork"
C:\Users\ContainerAdministrator\AppData\Local\Temp\cirrus-ci-build\src\test\rpc_tests.cpp(83): Leaving test case "rpc_togglenetwork"; testing time: 22808us
C:\Users\ContainerAdministrator\AppData\Local\Temp\cirrus-ci-build\src\test\rpc_tests.cpp(105): Entering test case "rpc_rawsign"
C:\Users\ContainerAdministrator\AppData\Local\Temp\cirrus-ci-build\src\test\rpc_tests.cpp(105): Leaving test case "rpc_rawsign"; testing time: 28216us
C:\Users\ContainerAdministrator\AppData\Local\Temp\cirrus-ci-build\src\test\rpc_tests.cpp(124): Entering test case "rpc_createraw_op_return"
C:\Users\ContainerAdministrator\AppData\Local\Temp\cirrus-ci-build\src\test\rpc_tests.cpp(124): Leaving test case "rpc_createraw_op_return"; testing time: 23623us
C:\Users\ContainerAdministrator\AppData\Local\Temp\cirrus-ci-build\src\test\rpc_tests.cpp(139): Entering test case "rpc_format_monetary_values"
C:\Users\ContainerAdministrator\AppData\Local\Temp\cirrus-ci-build\src\test\rpc_tests.cpp(139): Leaving test case "rpc_format_monetary_values"; testing time: 20016us
C:\Users\ContainerAdministrator\AppData\Local\Temp\cirrus-ci-build\src\test\rpc_tests.cpp(191): Entering test case "rpc_parse_monetary_values"
C:\Users\ContainerAdministrator\AppData\Local\Temp\cirrus-ci-build\src\test\rpc_tests.cpp(191): Leaving test case "rpc_parse_monetary_values"; testing time: 22756us
C:\Users\ContainerAdministrator\AppData\Local\Temp\cirrus-ci-build\src\test\rpc_tests.cpp(224): Entering test case "json_parse_errors"
C:\Users\ContainerAdministrator\AppData\Local\Temp\cirrus-ci-build\src\test\rpc_tests.cpp(224): Leaving test case "json_parse_errors"; testing time: 19479us
C:\Users\ContainerAdministrator\AppData\Local\Temp\cirrus-ci-build\src\test\rpc_tests.cpp(245): Entering test case "rpc_ban"
C:\Users\ContainerAdministrator\AppData\Local\Temp\cirrus-ci-build\src\test\rpc_tests.cpp(245): Leaving test case "rpc_ban"; testing time: 30408us
C:\Users\ContainerAdministrator\AppData\Local\Temp\cirrus-ci-build\src\test\rpc_tests.cpp(335): Entering test case "rpc_convert_values_generatetoaddress"
C:\Users\ContainerAdministrator\AppData\Local\Temp\cirrus-ci-build\src\test\rpc_tests.cpp(335): Leaving test case "rpc_convert_values_generatetoaddress"; testing time: 19563us
C:\Users\ContainerAdministrator\AppData\Local\Temp\cirrus-ci-build\src\test\rpc_tests.cpp(358): Entering test case "rpc_getblockstats_calculate_percentiles_by_weight"
C:\Users\ContainerAdministrator\AppData\Local\Temp\cirrus-ci-build\src\test\rpc_tests.cpp(358): Leaving test case "rpc_getblockstats_calculate_percentiles_by_weight"; testing time: 19937us
C:\Users\ContainerAdministrator\AppData\Local\Temp\cirrus-ci-build\src\test\rpc_tests.cpp(436): Entering test case "help_example"
C:\Users\ContainerAdministrator\AppData\Local\Temp\cirrus-ci-build\src\test\rpc_tests.cpp(436): Leaving test case "help_example"; testing time: 19980us
C:\Users\ContainerAdministrator\AppData\Local\Temp\cirrus-ci-build\src\test\rpc_tests.cpp(46): Leaving test suite "rpc_tests"; testing time: 255831us
C:\Users\ContainerAdministrator\AppData\Local\Temp\cirrus-ci-build\src\test\sanity_tests.cpp(11): Entering test suite "sanity_tests"
C:\Users\ContainerAdministrator\AppData\Local\Temp\cirrus-ci-build\src\test\sanity_tests.cpp(13): Entering test case "basic_sanity"
C:\Users\ContainerAdministrator\AppData\Local\Temp\cirrus-ci-build\src\test\sanity_tests.cpp(13): Leaving test case "basic_sanity"; testing time: 12602us
C:\Users\ContainerAdministrator\AppData\Local\Temp\cirrus-ci-build\src\test\sanity_tests.cpp(11): Leaving test suite "sanity_tests"; testing time: 12692us
C:\Users\ContainerAdministrator\AppData\Local\Temp\cirrus-ci-build\src\test\scheduler_tests.cpp(16): Entering test suite "scheduler_tests"
C:\Users\ContainerAdministrator\AppData\Local\Temp\cirrus-ci-build\src\test\scheduler_tests.cpp(31): Entering test case "manythreads"
C:\Users\ContainerAdministrator\AppData\Local\Temp\cirrus-ci-build\src\test\scheduler_tests.cpp(31): Leaving test case "manythreads"; testing time: 30811us
C:\Users\ContainerAdministrator\AppData\Local\Temp\cirrus-ci-build\src\test\scheduler_tests.cpp(108): Entering test case "wait_until_past"
C:\Users\ContainerAdministrator\AppData\Local\Temp\cirrus-ci-build\src\test\scheduler_tests.cpp(108): Leaving test case "wait_until_past"; testing time: 149us
C:\Users\ContainerAdministrator\AppData\Local\Temp\cirrus-ci-build\src\test\scheduler_tests.cpp(126): Entering test case "singlethreadedscheduler_ordered"
C:\Users\ContainerAdministrator\AppData\Local\Temp\cirrus-ci-build\src\test\scheduler_tests.cpp(126): Leaving test case "singlethreadedscheduler_ordered"; testing time: 3516us
C:\Users\ContainerAdministrator\AppData\Local\Temp\cirrus-ci-build\src\test\scheduler_tests.cpp(172): Entering test case "mockforward"
C:\Users\ContainerAdministrator\AppData\Local\Temp\cirrus-ci-build\src\test\scheduler_tests.cpp(172): Leaving test case "mockforward"; testing time: 8914us
C:\Users\ContainerAdministrator\AppData\Local\Temp\cirrus-ci-build\src\test\scheduler_tests.cpp(16): Leaving test suite "scheduler_tests"; testing time: 43674us
C:\Users\ContainerAdministrator\AppData\Local\Temp\cirrus-ci-build\src\test\scriptnum_tests.cpp(13): Entering test suite "scriptnum_tests"
C:\Users\ContainerAdministrator\AppData\Local\Temp\cirrus-ci-build\src\test\scriptnum_tests.cpp(165): Entering test case "creation"
C:\Users\ContainerAdministrator\AppData\Local\Temp\cirrus-ci-build\src\test\scriptnum_tests.cpp(165): Leaving test case "creation"; testing time: 21228us
C:\Users\ContainerAdministrator\AppData\Local\Temp\cirrus-ci-build\src\test\scriptnum_tests.cpp(178): Entering test case "operators"
C:\Users\ContainerAdministrator\AppData\Local\Temp\cirrus-ci-build\src\test\scriptnum_tests.cpp(178): Leaving test case "operators"; testing time: 118481us
C:\Users\ContainerAdministrator\AppData\Local\Temp\cirrus-ci-build\src\test\scriptnum_tests.cpp(13): Leaving test suite "scriptnum_tests"; testing time: 139876us
C:\Users\ContainerAdministrator\AppData\Local\Temp\cirrus-ci-build\src\test\script_p2sh_tests.cpp(51): Entering test suite "script_p2sh_tests"
C:\Users\ContainerAdministrator\AppData\Local\Temp\cirrus-ci-build\src\test\script_p2sh_tests.cpp(53): Entering test case "sign"
C:\Users\ContainerAdministrator\AppData\Local\Temp\cirrus-ci-build\src\test\script_p2sh_tests.cpp(53): Leaving test case "sign"; testing time: 35588us
C:\Users\ContainerAdministrator\AppData\Local\Temp\cirrus-ci-build\src\test\script_p2sh_tests.cpp(125): Entering test case "norecurse"
C:\Users\ContainerAdministrator\AppData\Local\Temp\cirrus-ci-build\src\test\script_p2sh_tests.cpp(125): Leaving test case "norecurse"; testing time: 10482us
C:\Users\ContainerAdministrator\AppData\Local\Temp\cirrus-ci-build\src\test\script_p2sh_tests.cpp(152): Entering test case "set"
C:\Users\ContainerAdministrator\AppData\Local\Temp\cirrus-ci-build\src\test\script_p2sh_tests.cpp(152): Leaving test case "set"; testing time: 26488us
C:\Users\ContainerAdministrator\AppData\Local\Temp\cirrus-ci-build\src\test\script_p2sh_tests.cpp(205): Entering test case "is"
C:\Users\ContainerAdministrator\AppData\Local\Temp\cirrus-ci-build\src\test\script_p2sh_tests.cpp(205): Leaving test case "is"; testing time: 10196us
C:\Users\ContainerAdministrator\AppData\Local\Temp\cirrus-ci-build\src\test\script_p2sh_tests.cpp(245): Entering test case "switchover"
C:\Users\ContainerAdministrator\AppData\Local\Temp\cirrus-ci-build\src\test\script_p2sh_tests.cpp(245): Leaving test case "switchover"; testing time: 10177us
C:\Users\ContainerAdministrator\AppData\Local\Temp\cirrus-ci-build\src\test\script_p2sh_tests.cpp(265): Entering test case "AreInputsStandard"
C:\Users\ContainerAdministrator\AppData\Local\Temp\cirrus-ci-build\src\test\script_p2sh_tests.cpp(265): Leaving test case "AreInputsStandard"; testing time: 31913us
C:\Users\ContainerAdministrator\AppData\Local\Temp\cirrus-ci-build\src\test\script_p2sh_tests.cpp(51): Leaving test suite "script_p2sh_tests"; testing time: 125329us
C:\Users\ContainerAdministrator\AppData\Local\Temp\cirrus-ci-build\src\test\script_parse_tests.cpp(12): Entering test suite "script_parse_tests"
C:\Users\ContainerAdministrator\AppData\Local\Temp\cirrus-ci-build\src\test\script_parse_tests.cpp(13): Entering test case "parse_script"
C:\Users\ContainerAdministrator\AppData\Local\Temp\cirrus-ci-build\src\test\script_parse_tests.cpp(13): Leaving test case "parse_script"; testing time: 812us
C:\Users\ContainerAdministrator\AppData\Local\Temp\cirrus-ci-build\src\test\script_parse_tests.cpp(12): Leaving test suite "script_parse_tests"; testing time: 871us
C:\Users\ContainerAdministrator\AppData\Local\Temp\cirrus-ci-build\src\test\script_segwit_tests.cpp(10): Entering test suite "script_segwit_tests"
C:\Users\ContainerAdministrator\AppData\Local\Temp\cirrus-ci-build\src\test\script_segwit_tests.cpp(12): Entering test case "IsPayToWitnessScriptHash_Valid"
C:\Users\ContainerAdministrator\AppData\Local\Temp\cirrus-ci-build\src\test\script_segwit_tests.cpp(12): Leaving test case "IsPayToWitnessScriptHash_Valid"; testing time: 10304us
C:\Users\ContainerAdministrator\AppData\Local\Temp\cirrus-ci-build\src\test\script_segwit_tests.cpp(24): Entering test case "IsPayToWitnessScriptHash_Invalid_NotOp0"
C:\Users\ContainerAdministrator\AppData\Local\Temp\cirrus-ci-build\src\test\script_segwit_tests.cpp(24): Leaving test case "IsPayToWitnessScriptHash_Invalid_NotOp0"; testing time: 9911us
C:\Users\ContainerAdministrator\AppData\Local\Temp\cirrus-ci-build\src\test\script_segwit_tests.cpp(32): Entering test case "IsPayToWitnessScriptHash_Invalid_Size"
C:\Users\ContainerAdministrator\AppData\Local\Temp\cirrus-ci-build\src\test\script_segwit_tests.cpp(32): Leaving test case "IsPayToWitnessScriptHash_Invalid_Size"; testing time: 10035us
C:\Users\ContainerAdministrator\AppData\Local\Temp\cirrus-ci-build\src\test\script_segwit_tests.cpp(40): Entering test case "IsPayToWitnessScriptHash_Invalid_Nop"
C:\Users\ContainerAdministrator\AppData\Local\Temp\cirrus-ci-build\src\test\script_segwit_tests.cpp(40): Leaving test case "IsPayToWitnessScriptHash_Invalid_Nop"; testing time: 9886us
C:\Users\ContainerAdministrator\AppData\Local\Temp\cirrus-ci-build\src\test\script_segwit_tests.cpp(48): Entering test case "IsPayToWitnessScriptHash_Invalid_EmptyScript"
C:\Users\ContainerAdministrator\AppData\Local\Temp\cirrus-ci-build\src\test\script_segwit_tests.cpp(48): Leaving test case "IsPayToWitnessScriptHash_Invalid_EmptyScript"; testing time: 9809us
C:\Users\ContainerAdministrator\AppData\Local\Temp\cirrus-ci-build\src\test\script_segwit_tests.cpp(54): Entering test case "IsPayToWitnessScriptHash_Invalid_Pushdata"
C:\Users\ContainerAdministrator\AppData\Local\Temp\cirrus-ci-build\src\test\script_segwit_tests.cpp(54): Leaving test case "IsPayToWitnessScriptHash_Invalid_Pushdata"; testing time: 10111us
C:\Users\ContainerAdministrator\AppData\Local\Temp\cirrus-ci-build\src\test\script_segwit_tests.cpp(93): Entering test case "IsWitnessProgram_Valid"
C:\Users\ContainerAdministrator\AppData\Local\Temp\cirrus-ci-build\src\test\script_segwit_tests.cpp(93): Leaving test case "IsWitnessProgram_Valid"; testing time: 9831us
C:\Users\ContainerAdministrator\AppData\Local\Temp\cirrus-ci-build\src\test\script_segwit_tests.cpp(113): Entering test case "IsWitnessProgram_Invalid_Version"
C:\Users\ContainerAdministrator\AppData\Local\Temp\cirrus-ci-build\src\test\script_segwit_tests.cpp(113): Leaving test case "IsWitnessProgram_Invalid_Version"; testing time: 9863us
C:\Users\ContainerAdministrator\AppData\Local\Temp\cirrus-ci-build\src\test\script_segwit_tests.cpp(121): Entering test case "IsWitnessProgram_Invalid_Size"
C:\Users\ContainerAdministrator\AppData\Local\Temp\cirrus-ci-build\src\test\script_segwit_tests.cpp(121): Leaving test case "IsWitnessProgram_Invalid_Size"; testing time: 9975us
C:\Users\ContainerAdministrator\AppData\Local\Temp\cirrus-ci-build\src\test\script_segwit_tests.cpp(134): Entering test case "IsWitnessProgram_Invalid_Nop"
C:\Users\ContainerAdministrator\AppData\Local\Temp\cirrus-ci-build\src\test\script_segwit_tests.cpp(134): Leaving test case "IsWitnessProgram_Invalid_Nop"; testing time: 10423us
C:\Users\ContainerAdministrator\AppData\Local\Temp\cirrus-ci-build\src\test\script_segwit_tests.cpp(142): Entering test case "IsWitnessProgram_Invalid_EmptyScript"
C:\Users\ContainerAdministrator\AppData\Local\Temp\cirrus-ci-build\src\test\script_segwit_tests.cpp(142): Leaving test case "IsWitnessProgram_Invalid_EmptyScript"; testing time: 9864us
C:\Users\ContainerAdministrator\AppData\Local\Temp\cirrus-ci-build\src\test\script_segwit_tests.cpp(148): Entering test case "IsWitnessProgram_Invalid_Pushdata"
C:\Users\ContainerAdministrator\AppData\Local\Temp\cirrus-ci-build\src\test\script_segwit_tests.cpp(148): Leaving test case "IsWitnessProgram_Invalid_Pushdata"; testing time: 9792us
C:\Users\ContainerAdministrator\AppData\Local\Temp\cirrus-ci-build\src\test\script_segwit_tests.cpp(10): Leaving test suite "script_segwit_tests"; testing time: 120628us
C:\Users\ContainerAdministrator\AppData\Local\Temp\cirrus-ci-build\src\test\script_standard_tests.cpp(20): Entering test suite "script_standard_tests"
C:\Users\ContainerAdministrator\AppData\Local\Temp\cirrus-ci-build\src\test\script_standard_tests.cpp(22): Entering test case "dest_default_is_no_dest"
C:\Users\ContainerAdministrator\AppData\Local\Temp\cirrus-ci-build\src\test\script_standard_tests.cpp(22): Leaving test case "dest_default_is_no_dest"; testing time: 10008us
C:\Users\ContainerAdministrator\AppData\Local\Temp\cirrus-ci-build\src\test\script_standard_tests.cpp(28): Entering test case "script_standard_Solver_success"
C:\Users\ContainerAdministrator\AppData\Local\Temp\cirrus-ci-build\src\test\script_standard_tests.cpp(28): Leaving test case "script_standard_Solver_success"; testing time: 11373us
C:\Users\ContainerAdministrator\AppData\Local\Temp\cirrus-ci-build\src\test\script_standard_tests.cpp(137): Entering test case "script_standard_Solver_failure"
C:\Users\ContainerAdministrator\AppData\Local\Temp\cirrus-ci-build\src\test\script_standard_tests.cpp(137): Leaving test case "script_standard_Solver_failure"; testing time: 10411us
C:\Users\ContainerAdministrator\AppData\Local\Temp\cirrus-ci-build\src\test\script_standard_tests.cpp(193): Entering test case "script_standard_ExtractDestination"
C:\Users\ContainerAdministrator\AppData\Local\Temp\cirrus-ci-build\src\test\script_standard_tests.cpp(193): Leaving test case "script_standard_ExtractDestination"; testing time: 10867us
C:\Users\ContainerAdministrator\AppData\Local\Temp\cirrus-ci-build\src\test\script_standard_tests.cpp(259): Entering test case "script_standard_GetScriptFor_"
C:\Users\ContainerAdministrator\AppData\Local\Temp\cirrus-ci-build\src\test\script_standard_tests.cpp(259): Leaving test case "script_standard_GetScriptFor_"; testing time: 11697us
C:\Users\ContainerAdministrator\AppData\Local\Temp\cirrus-ci-build\src\test\script_standard_tests.cpp(326): Entering test case "script_standard_taproot_builder"
C:\Users\ContainerAdministrator\AppData\Local\Temp\cirrus-ci-build\src\test\script_standard_tests.cpp(326): Leaving test case "script_standard_taproot_builder"; testing time: 10961us
C:\Users\ContainerAdministrator\AppData\Local\Temp\cirrus-ci-build\src\test\script_standard_tests.cpp(392): Entering test case "bip341_spk_test_vectors"
C:\Users\ContainerAdministrator\AppData\Local\Temp\cirrus-ci-build\src\test\script_standard_tests.cpp(392): Leaving test case "bip341_spk_test_vectors"; testing time: 14665us
C:\Users\ContainerAdministrator\AppData\Local\Temp\cirrus-ci-build\src\test\script_standard_tests.cpp(20): Leaving test suite "script_standard_tests"; testing time: 80530us
C:\Users\ContainerAdministrator\AppData\Local\Temp\cirrus-ci-build\src\test\script_tests.cpp(126): Entering test suite "script_tests"
C:\Users\ContainerAdministrator\AppData\Local\Temp\cirrus-ci-build\src\test\script_tests.cpp(456): Entering test case "script_build"
C:\Users\ContainerAdministrator\AppData\Local\Temp\cirrus-ci-build\src\test\script_tests.cpp(456): Leaving test case "script_build"; testing time: 1768286us
C:\Users\ContainerAdministrator\AppData\Local\Temp\cirrus-ci-build\src\test\script_tests.cpp(933): Entering test case "script_json_test"
C:\Users\ContainerAdministrator\AppData\Local\Temp\cirrus-ci-build\src\test\script_tests.cpp(933): Leaving test case "script_json_test"; testing time: 1060869us
C:\Users\ContainerAdministrator\AppData\Local\Temp\cirrus-ci-build\src\test\script_tests.cpp(976): Entering test case "script_PushData"
C:\Users\ContainerAdministrator\AppData\Local\Temp\cirrus-ci-build\src\test\script_tests.cpp(976): Leaving test case "script_PushData"; testing time: 11923us
C:\Users\ContainerAdministrator\AppData\Local\Temp\cirrus-ci-build\src\test\script_tests.cpp(1018): Entering test case "script_cltv_truncated"
C:\Users\ContainerAdministrator\AppData\Local\Temp\cirrus-ci-build\src\test\script_tests.cpp(1018): Leaving test case "script_cltv_truncated"; testing time: 15127us
C:\Users\ContainerAdministrator\AppData\Local\Temp\cirrus-ci-build\src\test\script_tests.cpp(1060): Entering test case "script_CHECKMULTISIG12"
C:\Users\ContainerAdministrator\AppData\Local\Temp\cirrus-ci-build\src\test\script_tests.cpp(1060): Leaving test case "script_CHECKMULTISIG12"; testing time: 17607us
C:\Users\ContainerAdministrator\AppData\Local\Temp\cirrus-ci-build\src\test\script_tests.cpp(1090): Entering test case "script_CHECKMULTISIG23"
C:\Users\ContainerAdministrator\AppData\Local\Temp\cirrus-ci-build\src\test\script_tests.cpp(1090): Leaving test case "script_CHECKMULTISIG23"; testing time: 40604us
C:\Users\ContainerAdministrator\AppData\Local\Temp\cirrus-ci-build\src\test\script_tests.cpp(1169): Entering test case "script_combineSigs"
C:\Users\ContainerAdministrator\AppData\Local\Temp\cirrus-ci-build\src\test\script_tests.cpp(1169): Leaving test case "script_combineSigs"; testing time: 41949us
C:\Users\ContainerAdministrator\AppData\Local\Temp\cirrus-ci-build\src\test\script_tests.cpp(1283): Entering test case "script_standard_push"
C:\Users\ContainerAdministrator\AppData\Local\Temp\cirrus-ci-build\src\test\script_tests.cpp(1283): Leaving test case "script_standard_push"; testing time: 847458us
C:\Users\ContainerAdministrator\AppData\Local\Temp\cirrus-ci-build\src\test\script_tests.cpp(1304): Entering test case "script_IsPushOnly_on_invalid_scripts"
C:\Users\ContainerAdministrator\AppData\Local\Temp\cirrus-ci-build\src\test\script_tests.cpp(1304): Leaving test case "script_IsPushOnly_on_invalid_scripts"; testing time: 10431us
C:\Users\ContainerAdministrator\AppData\Local\Temp\cirrus-ci-build\src\test\script_tests.cpp(1315): Entering test case "script_GetScriptAsm"
C:\Users\ContainerAdministrator\AppData\Local\Temp\cirrus-ci-build\src\test\script_tests.cpp(1315): Leaving test case "script_GetScriptAsm"; testing time: 10678us
C:\Users\ContainerAdministrator\AppData\Local\Temp\cirrus-ci-build\src\test\script_tests.cpp(1351): Entering test case "script_FindAndDelete"
C:\Users\ContainerAdministrator\AppData\Local\Temp\cirrus-ci-build\src\test\script_tests.cpp(1351): Leaving test case "script_FindAndDelete"; testing time: 10153us
C:\Users\ContainerAdministrator\AppData\Local\Temp\cirrus-ci-build\src\test\script_tests.cpp(1460): Entering test case "script_HasValidOps"
C:\Users\ContainerAdministrator\AppData\Local\Temp\cirrus-ci-build\src\test\script_tests.cpp(1460): Leaving test case "script_HasValidOps"; testing time: 9985us
C:\Users\ContainerAdministrator\AppData\Local\Temp\cirrus-ci-build\src\test\script_tests.cpp(1507): Entering test case "bitcoinconsensus_verify_script_returns_true"
C:\Users\ContainerAdministrator\AppData\Local\Temp\cirrus-ci-build\src\test\script_tests.cpp(1507): Leaving test case "bitcoinconsensus_verify_script_returns_true"; testing time: 9945us
C:\Users\ContainerAdministrator\AppData\Local\Temp\cirrus-ci-build\src\test\script_tests.cpp(1530): Entering test case "bitcoinconsensus_verify_script_tx_index_err"
C:\Users\ContainerAdministrator\AppData\Local\Temp\cirrus-ci-build\src\test\script_tests.cpp(1530): Leaving test case "bitcoinconsensus_verify_script_tx_index_err"; testing time: 9899us
C:\Users\ContainerAdministrator\AppData\Local\Temp\cirrus-ci-build\src\test\script_tests.cpp(1553): Entering test case "bitcoinconsensus_verify_script_tx_size"
C:\Users\ContainerAdministrator\AppData\Local\Temp\cirrus-ci-build\src\test\script_tests.cpp(1553): Leaving test case "bitcoinconsensus_verify_script_tx_size"; testing time: 9864us
C:\Users\ContainerAdministrator\AppData\Local\Temp\cirrus-ci-build\src\test\script_tests.cpp(1576): Entering test case "bitcoinconsensus_verify_script_tx_serialization"
C:\Users\ContainerAdministrator\AppData\Local\Temp\cirrus-ci-build\src\test\script_tests.cpp(1576): Leaving test case "bitcoinconsensus_verify_script_tx_serialization"; testing time: 10040us
C:\Users\ContainerAdministrator\AppData\Local\Temp\cirrus-ci-build\src\test\script_tests.cpp(1599): Entering test case "bitcoinconsensus_verify_script_amount_required_err"
C:\Users\ContainerAdministrator\AppData\Local\Temp\cirrus-ci-build\src\test\script_tests.cpp(1599): Leaving test case "bitcoinconsensus_verify_script_amount_required_err"; testing time: 10096us
C:\Users\ContainerAdministrator\AppData\Local\Temp\cirrus-ci-build\src\test\script_tests.cpp(1622): Entering test case "bitcoinconsensus_verify_script_invalid_flags"
C:\Users\ContainerAdministrator\AppData\Local\Temp\cirrus-ci-build\src\test\script_tests.cpp(1622): Leaving test case "bitcoinconsensus_verify_script_invalid_flags"; testing time: 9906us
C:\Users\ContainerAdministrator\AppData\Local\Temp\cirrus-ci-build\src\test\script_tests.cpp(1719): Entering test case "script_assets_test"
C:/Users/ContainerAdministrator/AppData/Local/Temp/cirrus-ci-build/src/test/script_tests.cpp(1725): warning: in "script_tests/script_assets_test": Variable DIR_UNIT_TEST_DATA unset, skipping script_assets_test
Test case script_tests/script_assets_test did not check any assertions
C:\Users\ContainerAdministrator\AppData\Local\Temp\cirrus-ci-build\src\test\script_tests.cpp(1719): Leaving test case "script_assets_test"; testing time: 9946us
C:\Users\ContainerAdministrator\AppData\Local\Temp\cirrus-ci-build\src\test\script_tests.cpp(1748): Entering test case "bip341_keypath_test_vectors"
C:\Users\ContainerAdministrator\AppData\Local\Temp\cirrus-ci-build\src\test\script_tests.cpp(1748): Leaving test case "bip341_keypath_test_vectors"; testing time: 23754us
C:\Users\ContainerAdministrator\AppData\Local\Temp\cirrus-ci-build\src\test\script_tests.cpp(126): Leaving test suite "script_tests"; testing time: 3940125us
C:\Users\ContainerAdministrator\AppData\Local\Temp\cirrus-ci-build\src\test\serfloat_tests.cpp(16): Entering test suite "serfloat_tests"
C:\Users\ContainerAdministrator\AppData\Local\Temp\cirrus-ci-build\src\test\serfloat_tests.cpp(38): Entering test case "double_serfloat_tests"
C:\Users\ContainerAdministrator\AppData\Local\Temp\cirrus-ci-build\src\test\serfloat_tests.cpp(38): Leaving test case "double_serfloat_tests"; testing time: 4988164us
C:\Users\ContainerAdministrator\AppData\Local\Temp\cirrus-ci-build\src\test\serfloat_tests.cpp(112): Entering test case "doubles"
C:\Users\ContainerAdministrator\AppData\Local\Temp\cirrus-ci-build\src\test\serfloat_tests.cpp(112): Leaving test case "doubles"; testing time: 14373us
C:\Users\ContainerAdministrator\AppData\Local\Temp\cirrus-ci-build\src\test\serfloat_tests.cpp(16): Leaving test suite "serfloat_tests"; testing time: 5002715us
C:\Users\ContainerAdministrator\AppData\Local\Temp\cirrus-ci-build\src\test\serialize_tests.cpp(15): Entering test suite "serialize_tests"
C:\Users\ContainerAdministrator\AppData\Local\Temp\cirrus-ci-build\src\test\serialize_tests.cpp(62): Entering test case "sizes"
C:\Users\ContainerAdministrator\AppData\Local\Temp\cirrus-ci-build\src\test\serialize_tests.cpp(62): Leaving test case "sizes"; testing time: 11211us
C:\Users\ContainerAdministrator\AppData\Local\Temp\cirrus-ci-build\src\test\serialize_tests.cpp(89): Entering test case "varints"
C:\Users\ContainerAdministrator\AppData\Local\Temp\cirrus-ci-build\src\test\serialize_tests.cpp(89): Leaving test case "varints"; testing time: 569019us
C:\Users\ContainerAdministrator\AppData\Local\Temp\cirrus-ci-build\src\test\serialize_tests.cpp(121): Entering test case "varints_bitpatterns"
C:\Users\ContainerAdministrator\AppData\Local\Temp\cirrus-ci-build\src\test\serialize_tests.cpp(121): Leaving test case "varints_bitpatterns"; testing time: 10979us
C:\Users\ContainerAdministrator\AppData\Local\Temp\cirrus-ci-build\src\test\serialize_tests.cpp(142): Entering test case "compactsize"
C:\Users\ContainerAdministrator\AppData\Local\Temp\cirrus-ci-build\src\test\serialize_tests.cpp(142): Leaving test case "compactsize"; testing time: 11290us
C:\Users\ContainerAdministrator\AppData\Local\Temp\cirrus-ci-build\src\test\serialize_tests.cpp(172): Entering test case "vector_bool"
C:\Users\ContainerAdministrator\AppData\Local\Temp\cirrus-ci-build\src\test\serialize_tests.cpp(172): Leaving test case "vector_bool"; testing time: 10296us
C:\Users\ContainerAdministrator\AppData\Local\Temp\cirrus-ci-build\src\test\serialize_tests.cpp(181): Entering test case "noncanonical"
C:\Users\ContainerAdministrator\AppData\Local\Temp\cirrus-ci-build\src\test\serialize_tests.cpp(181): Leaving test case "noncanonical"; testing time: 10496us
C:\Users\ContainerAdministrator\AppData\Local\Temp\cirrus-ci-build\src\test\serialize_tests.cpp(218): Entering test case "class_methods"
C:\Users\ContainerAdministrator\AppData\Local\Temp\cirrus-ci-build\src\test\serialize_tests.cpp(218): Leaving test case "class_methods"; testing time: 10503us
C:\Users\ContainerAdministrator\AppData\Local\Temp\cirrus-ci-build\src\test\serialize_tests.cpp(15): Leaving test suite "serialize_tests"; testing time: 634410us
C:\Users\ContainerAdministrator\AppData\Local\Temp\cirrus-ci-build\src\test\settings_tests.cpp(50): Entering test suite "settings_tests"
C:\Users\ContainerAdministrator\AppData\Local\Temp\cirrus-ci-build\src\test\settings_tests.cpp(52): Entering test case "ReadWrite"
C:\Users\ContainerAdministrator\AppData\Local\Temp\cirrus-ci-build\src\test\settings_tests.cpp(52): Leaving test case "ReadWrite"; testing time: 13235us
C:\Users\ContainerAdministrator\AppData\Local\Temp\cirrus-ci-build\src\test\settings_tests.cpp(118): Entering test case "Simple"
C:\Users\ContainerAdministrator\AppData\Local\Temp\cirrus-ci-build\src\test\settings_tests.cpp(118): Leaving test case "Simple"; testing time: 10949us
C:\Users\ContainerAdministrator\AppData\Local\Temp\cirrus-ci-build\src\test\settings_tests.cpp(140): Entering test case "NullOverride"
C:\Users\ContainerAdministrator\AppData\Local\Temp\cirrus-ci-build\src\test\settings_tests.cpp(140): Leaving test case "NullOverride"; testing time: 10876us
C:\Users\ContainerAdministrator\AppData\Local\Temp\cirrus-ci-build\src\test\settings_tests.cpp(183): Entering test case "Merge"
C:\Users\ContainerAdministrator\AppData\Local\Temp\cirrus-ci-build\src\test\settings_tests.cpp(183): Leaving test case "Merge"; testing time: 81950us
C:\Users\ContainerAdministrator\AppData\Local\Temp\cirrus-ci-build\src\test\settings_tests.cpp(50): Leaving test suite "settings_tests"; testing time: 117373us
C:\Users\ContainerAdministrator\AppData\Local\Temp\cirrus-ci-build\src\test\sighash_tests.cpp(118): Entering test suite "sighash_tests"
C:\Users\ContainerAdministrator\AppData\Local\Temp\cirrus-ci-build\src\test\sighash_tests.cpp(120): Entering test case "sighash_test"
C:\Users\ContainerAdministrator\AppData\Local\Temp\cirrus-ci-build\src\test\sighash_tests.cpp(120): Leaving test case "sighash_test"; testing time: 2475329us
C:\Users\ContainerAdministrator\AppData\Local\Temp\cirrus-ci-build\src\test\sighash_tests.cpp(163): Entering test case "sighash_from_data"
C:\Users\ContainerAdministrator\AppData\Local\Temp\cirrus-ci-build\src\test\sighash_tests.cpp(163): Leaving test case "sighash_from_data"; testing time: 72915us
C:\Users\ContainerAdministrator\AppData\Local\Temp\cirrus-ci-build\src\test\sighash_tests.cpp(118): Leaving test suite "sighash_tests"; testing time: 2548544us
C:\Users\ContainerAdministrator\AppData\Local\Temp\cirrus-ci-build\src\test\sigopcount_tests.cpp(26): Entering test suite "sigopcount_tests"
C:\Users\ContainerAdministrator\AppData\Local\Temp\cirrus-ci-build\src\test\sigopcount_tests.cpp(28): Entering test case "GetSigOpCount"
C:\Users\ContainerAdministrator\AppData\Local\Temp\cirrus-ci-build\src\test\sigopcount_tests.cpp(28): Leaving test case "GetSigOpCount"; testing time: 13236us
C:\Users\ContainerAdministrator\AppData\Local\Temp\cirrus-ci-build\src\test\sigopcount_tests.cpp(108): Entering test case "GetTxSigOpCost"
C:\Users\ContainerAdministrator\AppData\Local\Temp\cirrus-ci-build\src\test\sigopcount_tests.cpp(108): Leaving test case "GetTxSigOpCost"; testing time: 12441us
C:\Users\ContainerAdministrator\AppData\Local\Temp\cirrus-ci-build\src\test\sigopcount_tests.cpp(26): Leaving test suite "sigopcount_tests"; testing time: 25837us
C:\Users\ContainerAdministrator\AppData\Local\Temp\cirrus-ci-build\src\test\skiplist_tests.cpp(14): Entering test suite "skiplist_tests"
C:\Users\ContainerAdministrator\AppData\Local\Temp\cirrus-ci-build\src\test\skiplist_tests.cpp(16): Entering test case "skiplist_test"
C:\Users\ContainerAdministrator\AppData\Local\Temp\cirrus-ci-build\src\test\skiplist_tests.cpp(16): Leaving test case "skiplist_test"; testing time: 1330589us
C:\Users\ContainerAdministrator\AppData\Local\Temp\cirrus-ci-build\src\test\skiplist_tests.cpp(45): Entering test case "getlocator_test"
C:\Users\ContainerAdministrator\AppData\Local\Temp\cirrus-ci-build\src\test\skiplist_tests.cpp(45): Leaving test case "getlocator_test"; testing time: 838219us
C:\Users\ContainerAdministrator\AppData\Local\Temp\cirrus-ci-build\src\test\skiplist_tests.cpp(101): Entering test case "findearliestatleast_test"
C:\Users\ContainerAdministrator\AppData\Local\Temp\cirrus-ci-build\src\test\skiplist_tests.cpp(101): Leaving test case "findearliestatleast_test"; testing time: 415177us
C:\Users\ContainerAdministrator\AppData\Local\Temp\cirrus-ci-build\src\test\skiplist_tests.cpp(145): Entering test case "findearliestatleast_edge_test"
C:\Users\ContainerAdministrator\AppData\Local\Temp\cirrus-ci-build\src\test\skiplist_tests.cpp(145): Leaving test case "findearliestatleast_edge_test"; testing time: 10869us
C:\Users\ContainerAdministrator\AppData\Local\Temp\cirrus-ci-build\src\test\skiplist_tests.cpp(14): Leaving test suite "skiplist_tests"; testing time: 2595269us
C:\Users\ContainerAdministrator\AppData\Local\Temp\cirrus-ci-build\src\test\sock_tests.cpp(18): Entering test suite "sock_tests"
C:\Users\ContainerAdministrator\AppData\Local\Temp\cirrus-ci-build\src\test\sock_tests.cpp(37): Entering test case "constructor_and_destructor"
C:\Users\ContainerAdministrator\AppData\Local\Temp\cirrus-ci-build\src\test\sock_tests.cpp(37): Leaving test case "constructor_and_destructor"; testing time: 10385us
C:\Users\ContainerAdministrator\AppData\Local\Temp\cirrus-ci-build\src\test\sock_tests.cpp(47): Entering test case "move_constructor"
C:\Users\ContainerAdministrator\AppData\Local\Temp\cirrus-ci-build\src\test\sock_tests.cpp(47): Leaving test case "move_constructor"; testing time: 10424us
C:\Users\ContainerAdministrator\AppData\Local\Temp\cirrus-ci-build\src\test\sock_tests.cpp(59): Entering test case "move_assignment"
C:\Users\ContainerAdministrator\AppData\Local\Temp\cirrus-ci-build\src\test\sock_tests.cpp(59): Leaving test case "move_assignment"; testing time: 11469us
C:\Users\ContainerAdministrator\AppData\Local\Temp\cirrus-ci-build\src\test\sock_tests.cpp(18): Leaving test suite "sock_tests"; testing time: 32494us
C:\Users\ContainerAdministrator\AppData\Local\Temp\cirrus-ci-build\src\test\streams_tests.cpp(13): Entering test suite "streams_tests"
C:\Users\ContainerAdministrator\AppData\Local\Temp\cirrus-ci-build\src\test\streams_tests.cpp(15): Entering test case "streams_vector_writer"
C:\Users\ContainerAdministrator\AppData\Local\Temp\cirrus-ci-build\src\test\streams_tests.cpp(15): Leaving test case "streams_vector_writer"; testing time: 10914us
C:\Users\ContainerAdministrator\AppData\Local\Temp\cirrus-ci-build\src\test\streams_tests.cpp(73): Entering test case "streams_vector_reader"
C:\Users\ContainerAdministrator\AppData\Local\Temp\cirrus-ci-build\src\test\streams_tests.cpp(73): Leaving test case "streams_vector_reader"; testing time: 10839us
C:\Users\ContainerAdministrator\AppData\Local\Temp\cirrus-ci-build\src\test\streams_tests.cpp(118): Entering test case "streams_vector_reader_rvalue"
C:\Users\ContainerAdministrator\AppData\Local\Temp\cirrus-ci-build\src\test\streams_tests.cpp(118): Leaving test case "streams_vector_reader_rvalue"; testing time: 10ms
C:\Users\ContainerAdministrator\AppData\Local\Temp\cirrus-ci-build\src\test\streams_tests.cpp(129): Entering test case "bitstream_reader_writer"
C:\Users\ContainerAdministrator\AppData\Local\Temp\cirrus-ci-build\src\test\streams_tests.cpp(129): Leaving test case "bitstream_reader_writer"; testing time: 9932us
C:\Users\ContainerAdministrator\AppData\Local\Temp\cirrus-ci-build\src\test\streams_tests.cpp(164): Entering test case "streams_serializedata_xor"
C:\Users\ContainerAdministrator\AppData\Local\Temp\cirrus-ci-build\src\test\streams_tests.cpp(164): Leaving test case "streams_serializedata_xor"; testing time: 9902us
C:\Users\ContainerAdministrator\AppData\Local\Temp\cirrus-ci-build\src\test\streams_tests.cpp(198): Entering test case "streams_buffered_file"
C:\Users\ContainerAdministrator\AppData\Local\Temp\cirrus-ci-build\src\test\streams_tests.cpp(198): Leaving test case "streams_buffered_file"; testing time: 11467us
C:\Users\ContainerAdministrator\AppData\Local\Temp\cirrus-ci-build\src\test\streams_tests.cpp(333): Entering test case "streams_buffered_file_rand"
C:\Users\ContainerAdministrator\AppData\Local\Temp\cirrus-ci-build\src\test\streams_tests.cpp(333): Leaving test case "streams_buffered_file_rand"; testing time: 63206us
C:\Users\ContainerAdministrator\AppData\Local\Temp\cirrus-ci-build\src\test\streams_tests.cpp(13): Leaving test suite "streams_tests"; testing time: 126737us
C:\Users\ContainerAdministrator\AppData\Local\Temp\cirrus-ci-build\src\test\sync_tests.cpp(80): Entering test suite "sync_tests"
C:\Users\ContainerAdministrator\AppData\Local\Temp\cirrus-ci-build\src\test\sync_tests.cpp(82): Entering test case "potential_deadlock_detected"
C:\Users\ContainerAdministrator\AppData\Local\Temp\cirrus-ci-build\src\test\sync_tests.cpp(82): Leaving test case "potential_deadlock_detected"; testing time: 79us
C:\Users\ContainerAdministrator\AppData\Local\Temp\cirrus-ci-build\src\test\sync_tests.cpp(119): Entering test case "inconsistent_lock_order_detected"
C:\Users\ContainerAdministrator\AppData\Local\Temp\cirrus-ci-build\src\test\sync_tests.cpp(119): Leaving test case "inconsistent_lock_order_detected"; testing time: 29us
C:\Users\ContainerAdministrator\AppData\Local\Temp\cirrus-ci-build\src\test\sync_tests.cpp(80): Leaving test suite "sync_tests"; testing time: 191us
C:\Users\ContainerAdministrator\AppData\Local\Temp\cirrus-ci-build\src\test\system_tests.cpp(24): Entering test suite "system_tests"
C:\Users\ContainerAdministrator\AppData\Local\Temp\cirrus-ci-build\src\test\system_tests.cpp(28): Entering test case "dummy"
C:\Users\ContainerAdministrator\AppData\Local\Temp\cirrus-ci-build\src\test\system_tests.cpp(28): Leaving test case "dummy"; testing time: 10859us
C:\Users\ContainerAdministrator\AppData\Local\Temp\cirrus-ci-build\src\test\system_tests.cpp(35): Entering test case "run_command"
C:\Users\ContainerAdministrator\AppData\Local\Temp\cirrus-ci-build\src\test\system_tests.cpp(35): Leaving test case "run_command"; testing time: 132098us
C:\Users\ContainerAdministrator\AppData\Local\Temp\cirrus-ci-build\src\test\system_tests.cpp(24): Leaving test suite "system_tests"; testing time: 143150us
C:\Users\ContainerAdministrator\AppData\Local\Temp\cirrus-ci-build\src\test\timedata_tests.cpp(19): Entering test suite "timedata_tests"
C:\Users\ContainerAdministrator\AppData\Local\Temp\cirrus-ci-build\src\test\timedata_tests.cpp(21): Entering test case "util_MedianFilter"
C:\Users\ContainerAdministrator\AppData\Local\Temp\cirrus-ci-build\src\test\timedata_tests.cpp(21): Leaving test case "util_MedianFilter"; testing time: 12084us
C:\Users\ContainerAdministrator\AppData\Local\Temp\cirrus-ci-build\src\test\timedata_tests.cpp(57): Entering test case "addtimedata"
C:\Users\ContainerAdministrator\AppData\Local\Temp\cirrus-ci-build\src\test\timedata_tests.cpp(57): Leaving test case "addtimedata"; testing time: 57883us
C:\Users\ContainerAdministrator\AppData\Local\Temp\cirrus-ci-build\src\test\timedata_tests.cpp(19): Leaving test suite "timedata_tests"; testing time: 70120us
C:\Users\ContainerAdministrator\AppData\Local\Temp\cirrus-ci-build\src\test\torcontrol_tests.cpp(17): Entering test suite "torcontrol_tests"
C:\Users\ContainerAdministrator\AppData\Local\Temp\cirrus-ci-build\src\test\torcontrol_tests.cpp(26): Entering test case "util_SplitTorReplyLine"
C:\Users\ContainerAdministrator\AppData\Local\Temp\cirrus-ci-build\src\test\torcontrol_tests.cpp(26): Leaving test case "util_SplitTorReplyLine"; testing time: 201us
C:\Users\ContainerAdministrator\AppData\Local\Temp\cirrus-ci-build\src\test\torcontrol_tests.cpp(73): Entering test case "util_ParseTorReplyMapping"
C:\Users\ContainerAdministrator\AppData\Local\Temp\cirrus-ci-build\src\test\torcontrol_tests.cpp(73): Leaving test case "util_ParseTorReplyMapping"; testing time: 702us
C:\Users\ContainerAdministrator\AppData\Local\Temp\cirrus-ci-build\src\test\torcontrol_tests.cpp(17): Leaving test suite "torcontrol_tests"; testing time: 1034us
C:\Users\ContainerAdministrator\AppData\Local\Temp\cirrus-ci-build\src\test\transaction_tests.cpp(188): Entering test suite "transaction_tests"
C:\Users\ContainerAdministrator\AppData\Local\Temp\cirrus-ci-build\src\test\transaction_tests.cpp(190): Entering test case "tx_valid"
C:\Users\ContainerAdministrator\AppData\Local\Temp\cirrus-ci-build\src\test\transaction_tests.cpp(190): Leaving test case "tx_valid"; testing time: 1862509us
C:\Users\ContainerAdministrator\AppData\Local\Temp\cirrus-ci-build\src\test\transaction_tests.cpp(279): Entering test case "tx_invalid"
C:\Users\ContainerAdministrator\AppData\Local\Temp\cirrus-ci-build\src\test\transaction_tests.cpp(279): Leaving test case "tx_invalid"; testing time: 448398us
C:\Users\ContainerAdministrator\AppData\Local\Temp\cirrus-ci-build\src\test\transaction_tests.cpp(370): Entering test case "basic_transaction_tests"
C:\Users\ContainerAdministrator\AppData\Local\Temp\cirrus-ci-build\src\test\transaction_tests.cpp(370): Leaving test case "basic_transaction_tests"; testing time: 11701us
C:\Users\ContainerAdministrator\AppData\Local\Temp\cirrus-ci-build\src\test\transaction_tests.cpp(386): Entering test case "test_Get"
C:\Users\ContainerAdministrator\AppData\Local\Temp\cirrus-ci-build\src\test\transaction_tests.cpp(386): Leaving test case "test_Get"; testing time: 14100us
C:\Users\ContainerAdministrator\AppData\Local\Temp\cirrus-ci-build\src\test\transaction_tests.cpp(484): Entering test case "test_big_witness_transaction"
C:\Users\ContainerAdministrator\AppData\Local\Temp\cirrus-ci-build\src\test\transaction_tests.cpp(484): Leaving test case "test_big_witness_transaction"; testing time: 38784750us
C:\Users\ContainerAdministrator\AppData\Local\Temp\cirrus-ci-build\src\test\transaction_tests.cpp(569): Entering test case "test_witness"
C:\Users\ContainerAdministrator\AppData\Local\Temp\cirrus-ci-build\src\test\transaction_tests.cpp(569): Leaving test case "test_witness"; testing time: 77192us
C:\Users\ContainerAdministrator\AppData\Local\Temp\cirrus-ci-build\src\test\transaction_tests.cpp(749): Entering test case "test_IsStandard"
C:\Users\ContainerAdministrator\AppData\Local\Temp\cirrus-ci-build\src\test\transaction_tests.cpp(749): Leaving test case "test_IsStandard"; testing time: 43095us
C:\Users\ContainerAdministrator\AppData\Local\Temp\cirrus-ci-build\src\test\transaction_tests.cpp(188): Leaving test suite "transaction_tests"; testing time: 41242392us
C:\Users\ContainerAdministrator\AppData\Local\Temp\cirrus-ci-build\src\test\txindex_tests.cpp(15): Entering test suite "txindex_tests"
C:\Users\ContainerAdministrator\AppData\Local\Temp\cirrus-ci-build\src\test\txindex_tests.cpp(17): Entering test case "txindex_initial_sync"
C:\Users\ContainerAdministrator\AppData\Local\Temp\cirrus-ci-build\src\test\txindex_tests.cpp(17): Leaving test case "txindex_initial_sync"; testing time: 735441us
C:\Users\ContainerAdministrator\AppData\Local\Temp\cirrus-ci-build\src\test\txindex_tests.cpp(15): Leaving test suite "txindex_tests"; testing time: 735521us
C:\Users\ContainerAdministrator\AppData\Local\Temp\cirrus-ci-build\src\test\txpackage_tests.cpp(17): Entering test suite "txpackage_tests"
C:\Users\ContainerAdministrator\AppData\Local\Temp\cirrus-ci-build\src\test\txpackage_tests.cpp(38): Entering test case "package_sanitization_tests"
C:\Users\ContainerAdministrator\AppData\Local\Temp\cirrus-ci-build\src\test\txpackage_tests.cpp(38): Leaving test case "package_sanitization_tests"; testing time: 506094us
C:\Users\ContainerAdministrator\AppData\Local\Temp\cirrus-ci-build\src\test\txpackage_tests.cpp(67): Entering test case "package_validation_tests"
C:\Users\ContainerAdministrator\AppData\Local\Temp\cirrus-ci-build\src\test\txpackage_tests.cpp(67): Leaving test case "package_validation_tests"; testing time: 543334us
C:\Users\ContainerAdministrator\AppData\Local\Temp\cirrus-ci-build\src\test\txpackage_tests.cpp(121): Entering test case "noncontextual_package_tests"
C:\Users\ContainerAdministrator\AppData\Local\Temp\cirrus-ci-build\src\test\txpackage_tests.cpp(121): Leaving test case "noncontextual_package_tests"; testing time: 580707us
C:\Users\ContainerAdministrator\AppData\Local\Temp\cirrus-ci-build\src\test\txpackage_tests.cpp(213): Entering test case "package_submission_tests"
C:\Users\ContainerAdministrator\AppData\Local\Temp\cirrus-ci-build\src\test\txpackage_tests.cpp(213): Leaving test case "package_submission_tests"; testing time: 531898us
C:\Users\ContainerAdministrator\AppData\Local\Temp\cirrus-ci-build\src\test\txpackage_tests.cpp(345): Entering test case "package_witness_swap_tests"
C:\Users\ContainerAdministrator\AppData\Local\Temp\cirrus-ci-build\src\test\txpackage_tests.cpp(345): Leaving test case "package_witness_swap_tests"; testing time: 526282us
C:\Users\ContainerAdministrator\AppData\Local\Temp\cirrus-ci-build\src\test\txpackage_tests.cpp(601): Entering test case "package_cpfp_tests"
C:\Users\ContainerAdministrator\AppData\Local\Temp\cirrus-ci-build\src\test\txpackage_tests.cpp(601): Leaving test case "package_cpfp_tests"; testing time: 535206us
C:\Users\ContainerAdministrator\AppData\Local\Temp\cirrus-ci-build\src\test\txpackage_tests.cpp(17): Leaving test suite "txpackage_tests"; testing time: 3224079us
C:\Users\ContainerAdministrator\AppData\Local\Temp\cirrus-ci-build\src\test\txrequest_tests.cpp(17): Entering test suite "txrequest_tests"
C:\Users\ContainerAdministrator\AppData\Local\Temp\cirrus-ci-build\src\test\txrequest_tests.cpp(731): Entering test case "TxRequestTest"
C:\Users\ContainerAdministrator\AppData\Local\Temp\cirrus-ci-build\src\test\txrequest_tests.cpp(731): Leaving test case "TxRequestTest"; testing time: 10327734us
C:\Users\ContainerAdministrator\AppData\Local\Temp\cirrus-ci-build\src\test\txrequest_tests.cpp(17): Leaving test suite "txrequest_tests"; testing time: 10327831us
C:\Users\ContainerAdministrator\AppData\Local\Temp\cirrus-ci-build\src\test\txvalidationcache_tests.cpp(26): Entering test suite "txvalidationcache_tests"
C:\Users\ContainerAdministrator\AppData\Local\Temp\cirrus-ci-build\src\test\txvalidationcache_tests.cpp(28): Entering test case "tx_mempool_block_doublespend"
C:\Users\ContainerAdministrator\AppData\Local\Temp\cirrus-ci-build\src\test\txvalidationcache_tests.cpp(28): Leaving test case "tx_mempool_block_doublespend"; testing time: 541971us
C:\Users\ContainerAdministrator\AppData\Local\Temp\cirrus-ci-build\src\test\txvalidationcache_tests.cpp(160): Entering test case "checkinputs_test"
C:\Users\ContainerAdministrator\AppData\Local\Temp\cirrus-ci-build\src\test\txvalidationcache_tests.cpp(160): Leaving test case "checkinputs_test"; testing time: 5748415us
C:\Users\ContainerAdministrator\AppData\Local\Temp\cirrus-ci-build\src\test\txvalidationcache_tests.cpp(26): Leaving test suite "txvalidationcache_tests"; testing time: 6290591us
C:\Users\ContainerAdministrator\AppData\Local\Temp\cirrus-ci-build\src\test\txvalidation_tests.cpp(18): Entering test suite "txvalidation_tests"
C:\Users\ContainerAdministrator\AppData\Local\Temp\cirrus-ci-build\src\test\txvalidation_tests.cpp(23): Entering test case "tx_mempool_reject_coinbase"
C:\Users\ContainerAdministrator\AppData\Local\Temp\cirrus-ci-build\src\test\txvalidation_tests.cpp(23): Leaving test case "tx_mempool_reject_coinbase"; testing time: 534377us
C:\Users\ContainerAdministrator\AppData\Local\Temp\cirrus-ci-build\src\test\txvalidation_tests.cpp(18): Leaving test suite "txvalidation_tests"; testing time: 534459us
C:\Users\ContainerAdministrator\AppData\Local\Temp\cirrus-ci-build\src\test\uint256_tests.cpp(18): Entering test suite "uint256_tests"
C:\Users\ContainerAdministrator\AppData\Local\Temp\cirrus-ci-build\src\test\uint256_tests.cpp(75): Entering test case "basics"
C:\Users\ContainerAdministrator\AppData\Local\Temp\cirrus-ci-build\src\test\uint256_tests.cpp(75): Leaving test case "basics"; testing time: 758us
C:\Users\ContainerAdministrator\AppData\Local\Temp\cirrus-ci-build\src\test\uint256_tests.cpp(127): Entering test case "comparison"
C:\Users\ContainerAdministrator\AppData\Local\Temp\cirrus-ci-build\src\test\uint256_tests.cpp(127): Leaving test case "comparison"; testing time: 982us
C:\Users\ContainerAdministrator\AppData\Local\Temp\cirrus-ci-build\src\test\uint256_tests.cpp(159): Entering test case "methods"
C:\Users\ContainerAdministrator\AppData\Local\Temp\cirrus-ci-build\src\test\uint256_tests.cpp(159): Leaving test case "methods"; testing time: 333us
C:\Users\ContainerAdministrator\AppData\Local\Temp\cirrus-ci-build\src\test\uint256_tests.cpp(253): Entering test case "conversion"
C:\Users\ContainerAdministrator\AppData\Local\Temp\cirrus-ci-build\src\test\uint256_tests.cpp(253): Leaving test case "conversion"; testing time: 94us
C:\Users\ContainerAdministrator\AppData\Local\Temp\cirrus-ci-build\src\test\uint256_tests.cpp(269): Entering test case "operator_with_self"
C:\Users\ContainerAdministrator\AppData\Local\Temp\cirrus-ci-build\src\test\uint256_tests.cpp(269): Leaving test case "operator_with_self"; testing time: 31us
C:\Users\ContainerAdministrator\AppData\Local\Temp\cirrus-ci-build\src\test\uint256_tests.cpp(282): Entering test case "check_ONE"
C:\Users\ContainerAdministrator\AppData\Local\Temp\cirrus-ci-build\src\test\uint256_tests.cpp(282): Leaving test case "check_ONE"; testing time: 20us
C:\Users\ContainerAdministrator\AppData\Local\Temp\cirrus-ci-build\src\test\uint256_tests.cpp(18): Leaving test suite "uint256_tests"; testing time: 2549us
C:\Users\ContainerAdministrator\AppData\Local\Temp\cirrus-ci-build\src\test\util_tests.cpp(55): Entering test suite "util_tests"
C:\Users\ContainerAdministrator\AppData\Local\Temp\cirrus-ci-build\src\test\util_tests.cpp(57): Entering test case "util_datadir"
C:\Users\ContainerAdministrator\AppData\Local\Temp\cirrus-ci-build\src\test\util_tests.cpp(57): Leaving test case "util_datadir"; testing time: 13496us
C:\Users\ContainerAdministrator\AppData\Local\Temp\cirrus-ci-build\src\test\util_tests.cpp(107): Entering test case "util_check"
C:\Users\ContainerAdministrator\AppData\Local\Temp\cirrus-ci-build\src\test\util_tests.cpp(107): Leaving test case "util_check"; testing time: 11680us
C:\Users\ContainerAdministrator\AppData\Local\Temp\cirrus-ci-build\src\test\util_tests.cpp(128): Entering test case "util_criticalsection"
C:\Users\ContainerAdministrator\AppData\Local\Temp\cirrus-ci-build\src\test\util_tests.cpp(128): Leaving test case "util_criticalsection"; testing time: 11382us
C:\Users\ContainerAdministrator\AppData\Local\Temp\cirrus-ci-build\src\test\util_tests.cpp(157): Entering test case "parse_hex"
C:\Users\ContainerAdministrator\AppData\Local\Temp\cirrus-ci-build\src\test\util_tests.cpp(157): Leaving test case "parse_hex"; testing time: 11387us
C:\Users\ContainerAdministrator\AppData\Local\Temp\cirrus-ci-build\src\test\util_tests.cpp(186): Entering test case "util_HexStr"
C:\Users\ContainerAdministrator\AppData\Local\Temp\cirrus-ci-build\src\test\util_tests.cpp(186): Leaving test case "util_HexStr"; testing time: 13544us
C:\Users\ContainerAdministrator\AppData\Local\Temp\cirrus-ci-build\src\test\util_tests.cpp(230): Entering test case "span_write_bytes"
C:\Users\ContainerAdministrator\AppData\Local\Temp\cirrus-ci-build\src\test\util_tests.cpp(230): Leaving test case "span_write_bytes"; testing time: 11304us
C:\Users\ContainerAdministrator\AppData\Local\Temp\cirrus-ci-build\src\test\util_tests.cpp(239): Entering test case "util_Join"
C:\Users\ContainerAdministrator\AppData\Local\Temp\cirrus-ci-build\src\test\util_tests.cpp(239): Leaving test case "util_Join"; testing time: 11589us
C:\Users\ContainerAdministrator\AppData\Local\Temp\cirrus-ci-build\src\test\util_tests.cpp(253): Entering test case "util_ReplaceAll"
C:\Users\ContainerAdministrator\AppData\Local\Temp\cirrus-ci-build\src\test\util_tests.cpp(253): Leaving test case "util_ReplaceAll"; testing time: 11097us
C:\Users\ContainerAdministrator\AppData\Local\Temp\cirrus-ci-build\src\test\util_tests.cpp(269): Entering test case "util_TrimString"
C:\Users\ContainerAdministrator\AppData\Local\Temp\cirrus-ci-build\src\test\util_tests.cpp(269): Leaving test case "util_TrimString"; testing time: 10950us
C:\Users\ContainerAdministrator\AppData\Local\Temp\cirrus-ci-build\src\test\util_tests.cpp(285): Entering test case "util_FormatParseISO8601DateTime"
C:\Users\ContainerAdministrator\AppData\Local\Temp\cirrus-ci-build\src\test\util_tests.cpp(285): Leaving test case "util_FormatParseISO8601DateTime"; testing time: 11822us
C:\Users\ContainerAdministrator\AppData\Local\Temp\cirrus-ci-build\src\test\util_tests.cpp(295): Entering test case "util_FormatISO8601Date"
C:\Users\ContainerAdministrator\AppData\Local\Temp\cirrus-ci-build\src\test\util_tests.cpp(295): Leaving test case "util_FormatISO8601Date"; testing time: 10925us
C:\Users\ContainerAdministrator\AppData\Local\Temp\cirrus-ci-build\src\test\util_tests.cpp(419): Entering test case "util_CheckValue"
C:\Users\ContainerAdministrator\AppData\Local\Temp\cirrus-ci-build\src\test\util_tests.cpp(419): Leaving test case "util_CheckValue"; testing time: 540621us
C:\Users\ContainerAdministrator\AppData\Local\Temp\cirrus-ci-build\src\test\util_tests.cpp(450): Entering test case "util_NoIncludeConf"
C:\Users\ContainerAdministrator\AppData\Local\Temp\cirrus-ci-build\src\test\util_tests.cpp(450): Leaving test case "util_NoIncludeConf"; testing time: 219us
C:\Users\ContainerAdministrator\AppData\Local\Temp\cirrus-ci-build\src\test\util_tests.cpp(457): Entering test case "util_ParseParameters"
C:\Users\ContainerAdministrator\AppData\Local\Temp\cirrus-ci-build\src\test\util_tests.cpp(457): Leaving test case "util_ParseParameters"; testing time: 14474us
C:\Users\ContainerAdministrator\AppData\Local\Temp\cirrus-ci-build\src\test\util_tests.cpp(494): Entering test case "util_ParseInvalidParameters"
C:\Users\ContainerAdministrator\AppData\Local\Temp\cirrus-ci-build\src\test\util_tests.cpp(494): Leaving test case "util_ParseInvalidParameters"; testing time: 13507us
C:\Users\ContainerAdministrator\AppData\Local\Temp\cirrus-ci-build\src\test\util_tests.cpp(530): Entering test case "util_ArgParsing"
C:\Users\ContainerAdministrator\AppData\Local\Temp\cirrus-ci-build\src\test\util_tests.cpp(530): Leaving test case "util_ArgParsing"; testing time: 14045us
C:\Users\ContainerAdministrator\AppData\Local\Temp\cirrus-ci-build\src\test\util_tests.cpp(569): Entering test case "util_GetBoolArg"
C:\Users\ContainerAdministrator\AppData\Local\Temp\cirrus-ci-build\src\test\util_tests.cpp(569): Leaving test case "util_GetBoolArg"; testing time: 11068us
C:\Users\ContainerAdministrator\AppData\Local\Temp\cirrus-ci-build\src\test\util_tests.cpp(610): Entering test case "util_GetBoolArgEdgeCases"
C:\Users\ContainerAdministrator\AppData\Local\Temp\cirrus-ci-build\src\test\util_tests.cpp(610): Leaving test case "util_GetBoolArgEdgeCases"; testing time: 11254us
C:\Users\ContainerAdministrator\AppData\Local\Temp\cirrus-ci-build\src\test\util_tests.cpp(663): Entering test case "util_ReadConfigStream"
C:\Users\ContainerAdministrator\AppData\Local\Temp\cirrus-ci-build\src\test\util_tests.cpp(663): Leaving test case "util_ReadConfigStream"; testing time: 12742us
C:\Users\ContainerAdministrator\AppData\Local\Temp\cirrus-ci-build\src\test\util_tests.cpp(852): Entering test case "util_GetArg"
C:\Users\ContainerAdministrator\AppData\Local\Temp\cirrus-ci-build\src\test\util_tests.cpp(852): Leaving test case "util_GetArg"; testing time: 11097us
C:\Users\ContainerAdministrator\AppData\Local\Temp\cirrus-ci-build\src\test\util_tests.cpp(891): Entering test case "util_GetChainName"
C:\Users\ContainerAdministrator\AppData\Local\Temp\cirrus-ci-build\src\test\util_tests.cpp(891): Leaving test case "util_GetChainName"; testing time: 12059us
C:\Users\ContainerAdministrator\AppData\Local\Temp\cirrus-ci-build\src\test\util_tests.cpp(1051): Entering test case "util_ArgsMerge"
C:\Users\ContainerAdministrator\AppData\Local\Temp\cirrus-ci-build\src\test\util_tests.cpp(1051): Leaving test case "util_ArgsMerge"; testing time: 3233336us
C:\Users\ContainerAdministrator\AppData\Local\Temp\cirrus-ci-build\src\test\util_tests.cpp(1186): Entering test case "util_ChainMerge"
C:\Users\ContainerAdministrator\AppData\Local\Temp\cirrus-ci-build\src\test\util_tests.cpp(1186): Leaving test case "util_ChainMerge"; testing time: 112021us
C:\Users\ContainerAdministrator\AppData\Local\Temp\cirrus-ci-build\src\test\util_tests.cpp(1270): Entering test case "util_ReadWriteSettings"
C:\Users\ContainerAdministrator\AppData\Local\Temp\cirrus-ci-build\src\test\util_tests.cpp(1270): Leaving test case "util_ReadWriteSettings"; testing time: 13936us
C:\Users\ContainerAdministrator\AppData\Local\Temp\cirrus-ci-build\src\test\util_tests.cpp(1294): Entering test case "util_FormatMoney"
C:\Users\ContainerAdministrator\AppData\Local\Temp\cirrus-ci-build\src\test\util_tests.cpp(1294): Leaving test case "util_FormatMoney"; testing time: 11204us
C:\Users\ContainerAdministrator\AppData\Local\Temp\cirrus-ci-build\src\test\util_tests.cpp(1329): Entering test case "util_ParseMoney"
C:\Users\ContainerAdministrator\AppData\Local\Temp\cirrus-ci-build\src\test\util_tests.cpp(1329): Leaving test case "util_ParseMoney"; testing time: 11343us
C:\Users\ContainerAdministrator\AppData\Local\Temp\cirrus-ci-build\src\test\util_tests.cpp(1398): Entering test case "util_IsHex"
C:\Users\ContainerAdministrator\AppData\Local\Temp\cirrus-ci-build\src\test\util_tests.cpp(1398): Leaving test case "util_IsHex"; testing time: 10870us
C:\Users\ContainerAdministrator\AppData\Local\Temp\cirrus-ci-build\src\test\util_tests.cpp(1413): Entering test case "util_IsHexNumber"
C:\Users\ContainerAdministrator\AppData\Local\Temp\cirrus-ci-build\src\test\util_tests.cpp(1413): Leaving test case "util_IsHexNumber"; testing time: 10912us
C:\Users\ContainerAdministrator\AppData\Local\Temp\cirrus-ci-build\src\test\util_tests.cpp(1438): Entering test case "util_seed_insecure_rand"
C:\Users\ContainerAdministrator\AppData\Local\Temp\cirrus-ci-build\src\test\util_tests.cpp(1438): Leaving test case "util_seed_insecure_rand"; testing time: 25070us
C:\Users\ContainerAdministrator\AppData\Local\Temp\cirrus-ci-build\src\test\util_tests.cpp(1463): Entering test case "util_TimingResistantEqual"
C:\Users\ContainerAdministrator\AppData\Local\Temp\cirrus-ci-build\src\test\util_tests.cpp(1463): Leaving test case "util_TimingResistantEqual"; testing time: 13518us
C:\Users\ContainerAdministrator\AppData\Local\Temp\cirrus-ci-build\src\test\util_tests.cpp(1478): Entering test case "strprintf_numbers"
C:\Users\ContainerAdministrator\AppData\Local\Temp\cirrus-ci-build\src\test\util_tests.cpp(1478): Leaving test case "strprintf_numbers"; testing time: 13004us
C:\Users\ContainerAdministrator\AppData\Local\Temp\cirrus-ci-build\src\test\util_tests.cpp(1504): Entering test case "gettime"
C:\Users\ContainerAdministrator\AppData\Local\Temp\cirrus-ci-build\src\test\util_tests.cpp(1504): Leaving test case "gettime"; testing time: 12429us
C:\Users\ContainerAdministrator\AppData\Local\Temp\cirrus-ci-build\src\test\util_tests.cpp(1509): Entering test case "util_time_GetTime"
C:\Users\ContainerAdministrator\AppData\Local\Temp\cirrus-ci-build\src\test\util_tests.cpp(1509): Leaving test case "util_time_GetTime"; testing time: 33662us
C:\Users\ContainerAdministrator\AppData\Local\Temp\cirrus-ci-build\src\test\util_tests.cpp(1538): Entering test case "test_IsDigit"
C:\Users\ContainerAdministrator\AppData\Local\Temp\cirrus-ci-build\src\test\util_tests.cpp(1538): Leaving test case "test_IsDigit"; testing time: 13292us
C:\Users\ContainerAdministrator\AppData\Local\Temp\cirrus-ci-build\src\test\util_tests.cpp(1595): Entering test case "util_overflow"
C:\Users\ContainerAdministrator\AppData\Local\Temp\cirrus-ci-build\src\test\util_tests.cpp(1595): Leaving test case "util_overflow"; testing time: 12653us
C:\Users\ContainerAdministrator\AppData\Local\Temp\cirrus-ci-build\src\test\util_tests.cpp(1601): Entering test case "test_ParseInt32"
C:\Users\ContainerAdministrator\AppData\Local\Temp\cirrus-ci-build\src\test\util_tests.cpp(1601): Leaving test case "test_ParseInt32"; testing time: 12553us
C:\Users\ContainerAdministrator\AppData\Local\Temp\cirrus-ci-build\src\test\util_tests.cpp(1664): Entering test case "test_ToIntegral"
C:\Users\ContainerAdministrator\AppData\Local\Temp\cirrus-ci-build\src\test\util_tests.cpp(1664): Leaving test case "test_ToIntegral"; testing time: 13792us
C:\Users\ContainerAdministrator\AppData\Local\Temp\cirrus-ci-build\src\test\util_tests.cpp(1731): Entering test case "test_LocaleIndependentAtoi"
C:\Users\ContainerAdministrator\AppData\Local\Temp\cirrus-ci-build\src\test\util_tests.cpp(1731): Leaving test case "test_LocaleIndependentAtoi"; testing time: 13360us
C:\Users\ContainerAdministrator\AppData\Local\Temp\cirrus-ci-build\src\test\util_tests.cpp(1822): Entering test case "test_ParseInt64"
C:\Users\ContainerAdministrator\AppData\Local\Temp\cirrus-ci-build\src\test\util_tests.cpp(1822): Leaving test case "test_ParseInt64"; testing time: 11035us
C:\Users\ContainerAdministrator\AppData\Local\Temp\cirrus-ci-build\src\test\util_tests.cpp(1850): Entering test case "test_ParseUInt8"
C:\Users\ContainerAdministrator\AppData\Local\Temp\cirrus-ci-build\src\test\util_tests.cpp(1850): Leaving test case "test_ParseUInt8"; testing time: 10914us
C:\Users\ContainerAdministrator\AppData\Local\Temp\cirrus-ci-build\src\test\util_tests.cpp(1885): Entering test case "test_ParseUInt16"
C:\Users\ContainerAdministrator\AppData\Local\Temp\cirrus-ci-build\src\test\util_tests.cpp(1885): Leaving test case "test_ParseUInt16"; testing time: 10791us
C:\Users\ContainerAdministrator\AppData\Local\Temp\cirrus-ci-build\src\test\util_tests.cpp(1920): Entering test case "test_ParseUInt32"
C:\Users\ContainerAdministrator\AppData\Local\Temp\cirrus-ci-build\src\test\util_tests.cpp(1920): Leaving test case "test_ParseUInt32"; testing time: 10917us
C:\Users\ContainerAdministrator\AppData\Local\Temp\cirrus-ci-build\src\test\util_tests.cpp(1957): Entering test case "test_ParseUInt64"
C:\Users\ContainerAdministrator\AppData\Local\Temp\cirrus-ci-build\src\test\util_tests.cpp(1957): Leaving test case "test_ParseUInt64"; testing time: 10828us
C:\Users\ContainerAdministrator\AppData\Local\Temp\cirrus-ci-build\src\test\util_tests.cpp(1987): Entering test case "test_FormatParagraph"
C:\Users\ContainerAdministrator\AppData\Local\Temp\cirrus-ci-build\src\test\util_tests.cpp(1987): Leaving test case "test_FormatParagraph"; testing time: 10736us
C:\Users\ContainerAdministrator\AppData\Local\Temp\cirrus-ci-build\src\test\util_tests.cpp(2014): Entering test case "test_FormatSubVersion"
C:\Users\ContainerAdministrator\AppData\Local\Temp\cirrus-ci-build\src\test\util_tests.cpp(2014): Leaving test case "test_FormatSubVersion"; testing time: 10602us
C:\Users\ContainerAdministrator\AppData\Local\Temp\cirrus-ci-build\src\test\util_tests.cpp(2026): Entering test case "test_ParseFixedPoint"
C:\Users\ContainerAdministrator\AppData\Local\Temp\cirrus-ci-build\src\test\util_tests.cpp(2026): Leaving test case "test_ParseFixedPoint"; testing time: 10700us
C:\Users\ContainerAdministrator\AppData\Local\Temp\cirrus-ci-build\src\test\util_tests.cpp(2138): Entering test case "test_LockDirectory"
C:\Users\ContainerAdministrator\AppData\Local\Temp\cirrus-ci-build\src\test\util_tests.cpp(2138): Leaving test case "test_LockDirectory"; testing time: 13172us
C:\Users\ContainerAdministrator\AppData\Local\Temp\cirrus-ci-build\src\test\util_tests.cpp(2226): Entering test case "test_DirIsWritable"
C:\Users\ContainerAdministrator\AppData\Local\Temp\cirrus-ci-build\src\test\util_tests.cpp(2226): Leaving test case "test_DirIsWritable"; testing time: 11938us
C:\Users\ContainerAdministrator\AppData\Local\Temp\cirrus-ci-build\src\test\util_tests.cpp(2242): Entering test case "test_ToLower"
C:\Users\ContainerAdministrator\AppData\Local\Temp\cirrus-ci-build\src\test\util_tests.cpp(2242): Leaving test case "test_ToLower"; testing time: 10719us
C:\Users\ContainerAdministrator\AppData\Local\Temp\cirrus-ci-build\src\test\util_tests.cpp(2256): Entering test case "test_ToUpper"
C:\Users\ContainerAdministrator\AppData\Local\Temp\cirrus-ci-build\src\test\util_tests.cpp(2256): Leaving test case "test_ToUpper"; testing time: 10616us
C:\Users\ContainerAdministrator\AppData\Local\Temp\cirrus-ci-build\src\test\util_tests.cpp(2270): Entering test case "test_Capitalize"
C:\Users\ContainerAdministrator\AppData\Local\Temp\cirrus-ci-build\src\test\util_tests.cpp(2270): Leaving test case "test_Capitalize"; testing time: 10693us
C:\Users\ContainerAdministrator\AppData\Local\Temp\cirrus-ci-build\src\test\util_tests.cpp(2282): Entering test case "test_spanparsing"
C:\Users\ContainerAdministrator\AppData\Local\Temp\cirrus-ci-build\src\test\util_tests.cpp(2282): Leaving test case "test_spanparsing"; testing time: 10849us
C:\Users\ContainerAdministrator\AppData\Local\Temp\cirrus-ci-build\src\test\util_tests.cpp(2400): Entering test case "test_SplitString"
C:\Users\ContainerAdministrator\AppData\Local\Temp\cirrus-ci-build\src\test\util_tests.cpp(2400): Leaving test case "test_SplitString"; testing time: 10934us
C:\Users\ContainerAdministrator\AppData\Local\Temp\cirrus-ci-build\src\test\util_tests.cpp(2462): Entering test case "test_LogEscapeMessage"
C:\Users\ContainerAdministrator\AppData\Local\Temp\cirrus-ci-build\src\test\util_tests.cpp(2462): Leaving test case "test_LogEscapeMessage"; testing time: 10923us
C:\Users\ContainerAdministrator\AppData\Local\Temp\cirrus-ci-build\src\test\util_tests.cpp(2497): Entering test case "test_tracked_vector"
C:\Users\ContainerAdministrator\AppData\Local\Temp\cirrus-ci-build\src\test\util_tests.cpp(2497): Leaving test case "test_tracked_vector"; testing time: 12120us
C:\Users\ContainerAdministrator\AppData\Local\Temp\cirrus-ci-build\src\test\util_tests.cpp(2574): Entering test case "message_sign"
C:\Users\ContainerAdministrator\AppData\Local\Temp\cirrus-ci-build\src\test\util_tests.cpp(2574): Leaving test case "message_sign"; testing time: 11347us
C:\Users\ContainerAdministrator\AppData\Local\Temp\cirrus-ci-build\src\test\util_tests.cpp(2610): Entering test case "message_verify"
C:\Users\ContainerAdministrator\AppData\Local\Temp\cirrus-ci-build\src\test\util_tests.cpp(2610): Leaving test case "message_verify"; testing time: 12843us
C:\Users\ContainerAdministrator\AppData\Local\Temp\cirrus-ci-build\src\test\util_tests.cpp(2662): Entering test case "message_hash"
C:\Users\ContainerAdministrator\AppData\Local\Temp\cirrus-ci-build\src\test\util_tests.cpp(2662): Leaving test case "message_hash"; testing time: 12805us
C:\Users\ContainerAdministrator\AppData\Local\Temp\cirrus-ci-build\src\test\util_tests.cpp(2679): Entering test case "remove_prefix"
C:\Users\ContainerAdministrator\AppData\Local\Temp\cirrus-ci-build\src\test\util_tests.cpp(2679): Leaving test case "remove_prefix"; testing time: 13144us
C:\Users\ContainerAdministrator\AppData\Local\Temp\cirrus-ci-build\src\test\util_tests.cpp(2692): Entering test case "util_ParseByteUnits"
C:\Users\ContainerAdministrator\AppData\Local\Temp\cirrus-ci-build\src\test\util_tests.cpp(2692): Leaving test case "util_ParseByteUnits"; testing time: 13157us
C:\Users\ContainerAdministrator\AppData\Local\Temp\cirrus-ci-build\src\test\util_tests.cpp(2740): Entering test case "util_ReadBinaryFile"
C:\Users\ContainerAdministrator\AppData\Local\Temp\cirrus-ci-build\src\test\util_tests.cpp(2740): Leaving test case "util_ReadBinaryFile"; testing time: 13786us
C:\Users\ContainerAdministrator\AppData\Local\Temp\cirrus-ci-build\src\test\util_tests.cpp(2773): Entering test case "util_WriteBinaryFile"
C:\Users\ContainerAdministrator\AppData\Local\Temp\cirrus-ci-build\src\test\util_tests.cpp(2773): Leaving test case "util_WriteBinaryFile"; testing time: 12673us
C:\Users\ContainerAdministrator\AppData\Local\Temp\cirrus-ci-build\src\test\util_tests.cpp(55): Leaving test suite "util_tests"; testing time: 4620752us
C:\Users\ContainerAdministrator\AppData\Local\Temp\cirrus-ci-build\src\test\util_threadnames_tests.cpp(20): Entering test suite "util_threadnames_tests"
C:\Users\ContainerAdministrator\AppData\Local\Temp\cirrus-ci-build\src\test\util_threadnames_tests.cpp(54): Entering test case "util_threadnames_test_rename_threaded"
Test case util_threadnames_tests/util_threadnames_test_rename_threaded did not check any assertions
C:\Users\ContainerAdministrator\AppData\Local\Temp\cirrus-ci-build\src\test\util_threadnames_tests.cpp(54): Leaving test case "util_threadnames_test_rename_threaded"; testing time: 46us
C:\Users\ContainerAdministrator\AppData\Local\Temp\cirrus-ci-build\src\test\util_threadnames_tests.cpp(20): Leaving test suite "util_threadnames_tests"; testing time: 169us
C:\Users\ContainerAdministrator\AppData\Local\Temp\cirrus-ci-build\src\test\validationinterface_tests.cpp(13): Entering test suite "validationinterface_tests"
C:\Users\ContainerAdministrator\AppData\Local\Temp\cirrus-ci-build\src\test\validationinterface_tests.cpp(19): Entering test case "unregister_validation_interface_race"
C:\Users\ContainerAdministrator\AppData\Local\Temp\cirrus-ci-build\src\test\validationinterface_tests.cpp(19): Leaving test case "unregister_validation_interface_race"; testing time: 363034us
C:\Users\ContainerAdministrator\AppData\Local\Temp\cirrus-ci-build\src\test\validationinterface_tests.cpp(77): Entering test case "unregister_all_during_call"
C:\Users\ContainerAdministrator\AppData\Local\Temp\cirrus-ci-build\src\test\validationinterface_tests.cpp(77): Leaving test case "unregister_all_during_call"; testing time: 22661us
C:\Users\ContainerAdministrator\AppData\Local\Temp\cirrus-ci-build\src\test\validationinterface_tests.cpp(13): Leaving test suite "validationinterface_tests"; testing time: 385902us
C:\Users\ContainerAdministrator\AppData\Local\Temp\cirrus-ci-build\src\test\validation_block_tests.cpp(34): Entering test suite "validation_block_tests"
C:\Users\ContainerAdministrator\AppData\Local\Temp\cirrus-ci-build\src\test\validation_block_tests.cpp(149): Entering test case "processnewblock_signals_ordering"
C:\Users\ContainerAdministrator\AppData\Local\Temp\cirrus-ci-build\src\test\validation_block_tests.cpp(149): Leaving test case "processnewblock_signals_ordering"; testing time: 7242434us
C:\Users\ContainerAdministrator\AppData\Local\Temp\cirrus-ci-build\src\test\validation_block_tests.cpp(223): Entering test case "mempool_locks_reorg"
C:\Users\ContainerAdministrator\AppData\Local\Temp\cirrus-ci-build\src\test\validation_block_tests.cpp(223): Leaving test case "mempool_locks_reorg"; testing time: 5639039us
C:\Users\ContainerAdministrator\AppData\Local\Temp\cirrus-ci-build\src\test\validation_block_tests.cpp(326): Entering test case "witness_commitment_index"
C:\Users\ContainerAdministrator\AppData\Local\Temp\cirrus-ci-build\src\test\validation_block_tests.cpp(326): Leaving test case "witness_commitment_index"; testing time: 23606us
C:\Users\ContainerAdministrator\AppData\Local\Temp\cirrus-ci-build\src\test\validation_block_tests.cpp(34): Leaving test suite "validation_block_tests"; testing time: 12905453us
C:\Users\ContainerAdministrator\AppData\Local\Temp\cirrus-ci-build\src\test\validation_chainstatemanager_tests.cpp(25): Entering test suite "validation_chainstatemanager_tests"
C:\Users\ContainerAdministrator\AppData\Local\Temp\cirrus-ci-build\src\test\validation_chainstatemanager_tests.cpp(30): Entering test case "chainstatemanager"
C:\Users\ContainerAdministrator\AppData\Local\Temp\cirrus-ci-build\src\test\validation_chainstatemanager_tests.cpp(30): Leaving test case "chainstatemanager"; testing time: 19697us
C:\Users\ContainerAdministrator\AppData\Local\Temp\cirrus-ci-build\src\test\validation_chainstatemanager_tests.cpp(105): Entering test case "chainstatemanager_rebalance_caches"
C:\Users\ContainerAdministrator\AppData\Local\Temp\cirrus-ci-build\src\test\validation_chainstatemanager_tests.cpp(105): Leaving test case "chainstatemanager_rebalance_caches"; testing time: 32511us
C:\Users\ContainerAdministrator\AppData\Local\Temp\cirrus-ci-build\src\test\validation_chainstatemanager_tests.cpp(158): Entering test case "chainstatemanager_activate_snapshot"
Wrote UTXO snapshot to C:\Users\ContainerAdministrator\AppData\Local\Temp\test_common_Bitcoin Core\2d4b5923f3ac13380bf6020d77ee87c3cc9f007ebbfaa8bd47b19a00bbaa603f\test_snapshot.100.dat: {"coins_written":100,"base_hash":"571d80a9967ae599cec0448b0b0ba1cfb606f584d8069bd7166b86854ba7a191","base_height":100,"path":"C:\\Users\\ContainerAdministrator\\AppData\\Local\\Temp\\test_common_Bitcoin Core\\2d4b5923f3ac13380bf6020d77ee87c3cc9f007ebbfaa8bd47b19a00bbaa603f\\test_snapshot.100.dat","txoutset_hash":"cd1ba1c3f393058ae743b7c6bdbd00c897744cdcf022c9f2f0f2b4565c08a49c","nchaintx":101}
Wrote UTXO snapshot to C:\Users\ContainerAdministrator\AppData\Local\Temp\test_common_Bitcoin Core\2d4b5923f3ac13380bf6020d77ee87c3cc9f007ebbfaa8bd47b19a00bbaa603f\test_snapshot.110.dat: {"coins_written":110,"base_hash":"696e92821f65549c7ee134edceeeeaaa4105647a3c4fd9f298c0aec0ab50425c","base_height":110,"path":"C:\\Users\\ContainerAdministrator\\AppData\\Local\\Temp\\test_common_Bitcoin Core\\2d4b5923f3ac13380bf6020d77ee87c3cc9f007ebbfaa8bd47b19a00bbaa603f\\test_snapshot.110.dat","txoutset_hash":"1ebbf5850204c0bdb15bf030f47c7fe91d45c44c712697e4509ba67adb01c618","nchaintx":111}
Wrote UTXO snapshot to C:\Users\ContainerAdministrator\AppData\Local\Temp\test_common_Bitcoin Core\2d4b5923f3ac13380bf6020d77ee87c3cc9f007ebbfaa8bd47b19a00bbaa603f\test_snapshot.110.dat: {"coins_written":110,"base_hash":"696e92821f65549c7ee134edceeeeaaa4105647a3c4fd9f298c0aec0ab50425c","base_height":110,"path":"C:\\Users\\ContainerAdministrator\\AppData\\Local\\Temp\\test_common_Bitcoin Core\\2d4b5923f3ac13380bf6020d77ee87c3cc9f007ebbfaa8bd47b19a00bbaa603f\\test_snapshot.110.dat","txoutset_hash":"1ebbf5850204c0bdb15bf030f47c7fe91d45c44c712697e4509ba67adb01c618","nchaintx":111}
Wrote UTXO snapshot to C:\Users\ContainerAdministrator\AppData\Local\Temp\test_common_Bitcoin Core\2d4b5923f3ac13380bf6020d77ee87c3cc9f007ebbfaa8bd47b19a00bbaa603f\test_snapshot.110.dat: {"coins_written":110,"base_hash":"696e92821f65549c7ee134edceeeeaaa4105647a3c4fd9f298c0aec0ab50425c","base_height":110,"path":"C:\\Users\\ContainerAdministrator\\AppData\\Local\\Temp\\test_common_Bitcoin Core\\2d4b5923f3ac13380bf6020d77ee87c3cc9f007ebbfaa8bd47b19a00bbaa603f\\test_snapshot.110.dat","txoutset_hash":"1ebbf5850204c0bdb15bf030f47c7fe91d45c44c712697e4509ba67adb01c618","nchaintx":111}
Wrote UTXO snapshot to C:\Users\ContainerAdministrator\AppData\Local\Temp\test_common_Bitcoin Core\2d4b5923f3ac13380bf6020d77ee87c3cc9f007ebbfaa8bd47b19a00bbaa603f\test_snapshot.110.dat: {"coins_written":110,"base_hash":"696e92821f65549c7ee134edceeeeaaa4105647a3c4fd9f298c0aec0ab50425c","base_height":110,"path":"C:\\Users\\ContainerAdministrator\\AppData\\Local\\Temp\\test_common_Bitcoin Core\\2d4b5923f3ac13380bf6020d77ee87c3cc9f007ebbfaa8bd47b19a00bbaa603f\\test_snapshot.110.dat","txoutset_hash":"1ebbf5850204c0bdb15bf030f47c7fe91d45c44c712697e4509ba67adb01c618","nchaintx":111}
Wrote UTXO snapshot to C:\Users\ContainerAdministrator\AppData\Local\Temp\test_common_Bitcoin Core\2d4b5923f3ac13380bf6020d77ee87c3cc9f007ebbfaa8bd47b19a00bbaa603f\test_snapshot.110.dat: {"coins_written":110,"base_hash":"696e92821f65549c7ee134edceeeeaaa4105647a3c4fd9f298c0aec0ab50425c","base_height":110,"path":"C:\\Users\\ContainerAdministrator\\AppData\\Local\\Temp\\test_common_Bitcoin Core\\2d4b5923f3ac13380bf6020d77ee87c3cc9f007ebbfaa8bd47b19a00bbaa603f\\test_snapshot.110.dat","txoutset_hash":"1ebbf5850204c0bdb15bf030f47c7fe91d45c44c712697e4509ba67adb01c618","nchaintx":111}
Wrote UTXO snapshot to C:\Users\ContainerAdministrator\AppData\Local\Temp\test_common_Bitcoin Core\2d4b5923f3ac13380bf6020d77ee87c3cc9f007ebbfaa8bd47b19a00bbaa603f\test_snapshot.110.dat: {"coins_written":110,"base_hash":"696e92821f65549c7ee134edceeeeaaa4105647a3c4fd9f298c0aec0ab50425c","base_height":110,"path":"C:\\Users\\ContainerAdministrator\\AppData\\Local\\Temp\\test_common_Bitcoin Core\\2d4b5923f3ac13380bf6020d77ee87c3cc9f007ebbfaa8bd47b19a00bbaa603f\\test_snapshot.110.dat","txoutset_hash":"1ebbf5850204c0bdb15bf030f47c7fe91d45c44c712697e4509ba67adb01c618","nchaintx":111}
Checking coins in Chainstate [ibd] @ height 110 (696e92821f65549c7ee134edceeeeaaa4105647a3c4fd9f298c0aec0ab50425c)
Checking coins in Chainstate [snapshot] @ height 110 (696e92821f65549c7ee134edceeeeaaa4105647a3c4fd9f298c0aec0ab50425c)
Checking coins in Chainstate [ibd] @ height 110 (696e92821f65549c7ee134edceeeeaaa4105647a3c4fd9f298c0aec0ab50425c)
Checking coins in Chainstate [snapshot] @ height 210 (4fe08ff1d78843f1b6f0d2b80fee9af49b3c945368e585b8aed1807c89d14804)
Wrote UTXO snapshot to C:\Users\ContainerAdministrator\AppData\Local\Temp\test_common_Bitcoin Core\2d4b5923f3ac13380bf6020d77ee87c3cc9f007ebbfaa8bd47b19a00bbaa603f\test_snapshot.210.dat: {"coins_written":210,"base_hash":"4fe08ff1d78843f1b6f0d2b80fee9af49b3c945368e585b8aed1807c89d14804","base_height":210,"path":"C:\\Users\\ContainerAdministrator\\AppData\\Local\\Temp\\test_common_Bitcoin Core\\2d4b5923f3ac13380bf6020d77ee87c3cc9f007ebbfaa8bd47b19a00bbaa603f\\test_snapshot.210.dat","txoutset_hash":"ab72109d468c28f4b76d6e51644918a52bdefd0374313f96027d71db557a7fd5","nchaintx":210}
C:\Users\ContainerAdministrator\AppData\Local\Temp\cirrus-ci-build\src\test\validation_chainstatemanager_tests.cpp(158): Leaving test case "chainstatemanager_activate_snapshot"; testing time: 1139264us
C:\Users\ContainerAdministrator\AppData\Local\Temp\cirrus-ci-build\src\test\validation_chainstatemanager_tests.cpp(325): Entering test case "chainstatemanager_loadblockindex"
C:\Users\ContainerAdministrator\AppData\Local\Temp\cirrus-ci-build\src\test\validation_chainstatemanager_tests.cpp(325): Leaving test case "chainstatemanager_loadblockindex"; testing time: 515440us
C:\Users\ContainerAdministrator\AppData\Local\Temp\cirrus-ci-build\src\test\validation_chainstatemanager_tests.cpp(25): Leaving test suite "validation_chainstatemanager_tests"; testing time: 1707319us
C:\Users\ContainerAdministrator\AppData\Local\Temp\cirrus-ci-build\src\test\validation_chainstate_tests.cpp(19): Entering test suite "validation_chainstate_tests"
C:\Users\ContainerAdministrator\AppData\Local\Temp\cirrus-ci-build\src\test\validation_chainstate_tests.cpp(23): Entering test case "validation_chainstate_resize_caches"
C:\Users\ContainerAdministrator\AppData\Local\Temp\cirrus-ci-build\src\test\validation_chainstate_tests.cpp(23): Leaving test case "validation_chainstate_resize_caches"; testing time: 26918us
C:\Users\ContainerAdministrator\AppData\Local\Temp\cirrus-ci-build\src\test\validation_chainstate_tests.cpp(80): Entering test case "chainstate_update_tip"
Wrote UTXO snapshot to C:\Users\ContainerAdministrator\AppData\Local\Temp\test_common_Bitcoin Core\88b9b46902c666fd503c4921f75df6da45771057313f53d1dfc772e2e4e12f5f\test_snapshot.110.dat: {"coins_written":110,"base_hash":"696e92821f65549c7ee134edceeeeaaa4105647a3c4fd9f298c0aec0ab50425c","base_height":110,"path":"C:\\Users\\ContainerAdministrator\\AppData\\Local\\Temp\\test_common_Bitcoin Core\\88b9b46902c666fd503c4921f75df6da45771057313f53d1dfc772e2e4e12f5f\\test_snapshot.110.dat","txoutset_hash":"1ebbf5850204c0bdb15bf030f47c7fe91d45c44c712697e4509ba67adb01c618","nchaintx":111}
C:\Users\ContainerAdministrator\AppData\Local\Temp\cirrus-ci-build\src\test\validation_chainstate_tests.cpp(80): Leaving test case "chainstate_update_tip"; testing time: 590604us
C:\Users\ContainerAdministrator\AppData\Local\Temp\cirrus-ci-build\src\test\validation_chainstate_tests.cpp(19): Leaving test suite "validation_chainstate_tests"; testing time: 617693us
C:\Users\ContainerAdministrator\AppData\Local\Temp\cirrus-ci-build\src\test\validation_flush_tests.cpp(11): Entering test suite "validation_flush_tests"
C:\Users\ContainerAdministrator\AppData\Local\Temp\cirrus-ci-build\src\test\validation_flush_tests.cpp(18): Entering test case "getcoinscachesizestate"
Exiting cache flush tests early due to unsupported arch
C:\Users\ContainerAdministrator\AppData\Local\Temp\cirrus-ci-build\src\test\validation_flush_tests.cpp(18): Leaving test case "getcoinscachesizestate"; testing time: 37408us
C:\Users\ContainerAdministrator\AppData\Local\Temp\cirrus-ci-build\src\test\validation_flush_tests.cpp(11): Leaving test suite "validation_flush_tests"; testing time: 37558us
C:\Users\ContainerAdministrator\AppData\Local\Temp\cirrus-ci-build\src\test\validation_tests.cpp(16): Entering test suite "validation_tests"
C:\Users\ContainerAdministrator\AppData\Local\Temp\cirrus-ci-build\src\test\validation_tests.cpp(42): Entering test case "block_subsidy_test"
C:\Users\ContainerAdministrator\AppData\Local\Temp\cirrus-ci-build\src\test\validation_tests.cpp(42): Leaving test case "block_subsidy_test"; testing time: 23715us
C:\Users\ContainerAdministrator\AppData\Local\Temp\cirrus-ci-build\src\test\validation_tests.cpp(50): Entering test case "subsidy_limit_test"
C:\Users\ContainerAdministrator\AppData\Local\Temp\cirrus-ci-build\src\test\validation_tests.cpp(50): Leaving test case "subsidy_limit_test"; testing time: 82047us
C:\Users\ContainerAdministrator\AppData\Local\Temp\cirrus-ci-build\src\test\validation_tests.cpp(63): Entering test case "signet_parse_tests"
C:\Users\ContainerAdministrator\AppData\Local\Temp\cirrus-ci-build\src\test\validation_tests.cpp(63): Leaving test case "signet_parse_tests"; testing time: 22476us
C:\Users\ContainerAdministrator\AppData\Local\Temp\cirrus-ci-build\src\test\validation_tests.cpp(125): Entering test case "test_assumeutxo"
C:\Users\ContainerAdministrator\AppData\Local\Temp\cirrus-ci-build\src\test\validation_tests.cpp(125): Leaving test case "test_assumeutxo"; testing time: 21976us
C:\Users\ContainerAdministrator\AppData\Local\Temp\cirrus-ci-build\src\test\validation_tests.cpp(16): Leaving test suite "validation_tests"; testing time: 150640us
C:\Users\ContainerAdministrator\AppData\Local\Temp\cirrus-ci-build\src\test\versionbits_tests.cpp(185): Entering test suite "versionbits_tests"
C:\Users\ContainerAdministrator\AppData\Local\Temp\cirrus-ci-build\src\test\versionbits_tests.cpp(187): Entering test case "versionbits_test"
C:\Users\ContainerAdministrator\AppData\Local\Temp\cirrus-ci-build\src\test\versionbits_tests.cpp(187): Leaving test case "versionbits_test"; testing time: 2266086us
C:\Users\ContainerAdministrator\AppData\Local\Temp\cirrus-ci-build\src\test\versionbits_tests.cpp(414): Entering test case "versionbits_computeblockversion"
C:\Users\ContainerAdministrator\AppData\Local\Temp\cirrus-ci-build\src\test\versionbits_tests.cpp(414): Leaving test case "versionbits_computeblockversion"; testing time: 609081us
C:\Users\ContainerAdministrator\AppData\Local\Temp\cirrus-ci-build\src\test\versionbits_tests.cpp(185): Leaving test suite "versionbits_tests"; testing time: 2875359us
C:\Users\ContainerAdministrator\AppData\Local\Temp\cirrus-ci-build\src\wallet\test\availablecoins_tests.cpp(14): Entering test suite "availablecoins_tests"
C:\Users\ContainerAdministrator\AppData\Local\Temp\cirrus-ci-build\src\wallet\test\availablecoins_tests.cpp(58): Entering test case "BasicOutputTypesTest"
C:/Users/ContainerAdministrator/AppData/Local/Temp/cirrus-ci-build/src/wallet/test/availablecoins_tests.cpp(67): error: in "availablecoins_tests/BasicOutputTypesTest": check available_coins.Size() == 1U has failed [0 != 1]
C:/Users/ContainerAdministrator/AppData/Local/Temp/cirrus-ci-build/src/wallet/test/availablecoins_tests.cpp(68): error: in "availablecoins_tests/BasicOutputTypesTest": check available_coins.coins[OutputType::UNKNOWN].size() == 1U has failed [0 != 1]
C:/Users/ContainerAdministrator/AppData/Local/Temp/cirrus-ci-build/src/wallet/test/availablecoins_tests.cpp(35): error: in "availablecoins_tests/BasicOutputTypesTest": check res has failed
Assertion failed: has_value(), file C:\Users\ContainerAdministrator\AppData\Local\Temp\cirrus-ci-build\src\util\result.h, line 57

C:\Users\ContainerAdministrator\AppData\Local\Temp\cirrus-ci-build>if -1073740791 NEQ 0 exit /b -1073740791 

Exit status: 3221226505