
C:\Users\ContainerAdministrator\AppData\Local\Temp\cirrus-ci-build>call "C:\Program Files (x86)\Microsoft Visual Studio\2022\BuildTools\VC\Auxiliary\Build\vcvars64.bat" 
**********************************************************************
** Visual Studio 2022 Developer Command Prompt v17.2.5
** Copyright (c) 2022 Microsoft Corporation
**********************************************************************
[ERROR:team_explorer.bat] Directory not found : "C:\Program Files (x86)\Microsoft Visual Studio\2022\BuildTools\Common7\IDE\CommonExtensions\Microsoft\TeamFoundation\Team Explorer"
[vcvarsall.bat] Environment initialized for: 'x64'
-- Selecting Windows SDK version 10.0.22621.0 to target Windows 10.0.17763.
-- The CXX compiler identification is MSVC 19.32.31332.0
-- The C compiler identification is MSVC 19.32.31332.0
-- The ASM compiler identification is MSVC
-- Found assembler: C:/Program Files (x86)/Microsoft Visual Studio/2022/BuildTools/VC/Tools/MSVC/14.32.31326/bin/Hostx64/x64/cl.exe
-- Detecting CXX compiler ABI info
-- Detecting CXX compiler ABI info - done
-- Check for working CXX compiler: C:/Program Files (x86)/Microsoft Visual Studio/2022/BuildTools/VC/Tools/MSVC/14.32.31326/bin/Hostx64/x64/cl.exe - skipped
-- Detecting CXX compile features
-- Detecting CXX compile features - done
-- Detecting C compiler ABI info
-- Detecting C compiler ABI info - done
-- Check for working C compiler: C:/Program Files (x86)/Microsoft Visual Studio/2022/BuildTools/VC/Tools/MSVC/14.32.31326/bin/Hostx64/x64/cl.exe - skipped
-- Detecting C compile features
-- Detecting C compile features - done
-- Looking for C++ include byteswap.h
-- Looking for C++ include byteswap.h - not found
-- Looking for C++ include endian.h
-- Looking for C++ include endian.h - not found
-- Looking for C++ include stdio.h
-- Looking for C++ include stdio.h - found
-- Looking for C++ include stdlib.h
-- Looking for C++ include stdlib.h - found
-- Looking for C++ include strings.h
-- Looking for C++ include strings.h - not found
-- Looking for C++ include sys/endian.h
-- Looking for C++ include sys/endian.h - not found
-- Looking for C++ include sys/prctl.h
-- Looking for C++ include sys/prctl.h - not found
-- Looking for C++ include sys/resources.h
-- Looking for C++ include sys/resources.h - not found
-- Looking for C++ include sys/select.h
-- Looking for C++ include sys/select.h - not found
-- Looking for C++ include sys/stat.h
-- Looking for C++ include sys/stat.h - found
-- Looking for C++ include sys/sysctl.h
-- Looking for C++ include sys/sysctl.h - not found
-- Looking for C++ include sys/types.h
-- Looking for C++ include sys/types.h - found
-- Looking for C++ include sys/vmmeter.h
-- Looking for C++ include sys/vmmeter.h - not found
-- Looking for C++ include unistd.h
-- Looking for C++ include unistd.h - not found
-- Looking for C++ include vm/vm_param.h
-- Looking for C++ include vm/vm_param.h - not found
-- Performing Test HAVE_GMTIME_R
-- Performing Test HAVE_GMTIME_R - Failed
-- Performing Test HAVE_GMTIME_S
-- Performing Test HAVE_GMTIME_S - Success
-- Performing Test HAVE_SYSTEM
-- Performing Test HAVE_SYSTEM - Success
-- Performing Test HAVE_DEFAULT_VISIBILITY_ATTRIBUTE
-- Performing Test HAVE_DEFAULT_VISIBILITY_ATTRIBUTE - Failed
-- Performing Test HAVE_CLMUL
-- Performing Test HAVE_CLMUL - Success
-- Performing Test HAVE_CLZ
-- Performing Test HAVE_CLZ - Failed
-- Performing Test STD_FILESYSTEM_WORKS_WITHOUT_LINK
-- Performing Test STD_FILESYSTEM_WORKS_WITHOUT_LINK - Success
-- Looking for pthread.h
-- Looking for pthread.h - not found
-- Found Threads: TRUE  
-- Found Boost: C:/Users/ContainerAdministrator/AppData/Local/Temp/vcpkg/installed/x64-windows-static/include (found suitable version "1.80.0", minimum required is "1.64.0")  
-- Found PkgConfig: C:/Users/ContainerAdministrator/AppData/Local/Temp/vcpkg/installed/x64-windows-static/tools/pkgconf/pkgconf.exe (found version "1.8.0") 
-- Checking for module 'libevent>=2.1.8'
--   Found libevent, version 2.1.12
-- Checking for module 'sqlite3>=3.7.17'
--   Found sqlite3, version 3.39.2
-- Found BerkeleyDB: C:/Users/ContainerAdministrator/AppData/Local/Temp/vcpkg/installed/x64-windows-static/lib/libdb48.lib (found suitable version "4.8", minimum required is "4.8") 
-- Could NOT find NATPMP (missing: NATPMP_LIBRARY NATPMP_INCLUDE_DIR) 
CMake Warning at cmake/optional.cmake:83 (message):
  libnatpmp not found, disabling.

  To skip libnatpmp check, use "-DWITH_NATPMP=OFF".

Call Stack (most recent call first):
  CMakeLists.txt:337 (include)


-- Found MiniUPnPc: C:/Users/ContainerAdministrator/AppData/Local/Temp/vcpkg/installed/x64-windows-static/lib/miniupnpc.lib  
-- Performing Test HAVE_USDT_H
-- Performing Test HAVE_USDT_H - Failed
-- Checking for module 'libqrencode'
--   Package 'libqrencode', required by 'virtual:world', not found
-- Performing Test HAVE_SECCOMP_H
-- Performing Test HAVE_SECCOMP_H - Failed
-- Performing Test HAVE_BOOST_PROCESS_H
-- Performing Test HAVE_BOOST_PROCESS_H - Failed
-- Performing Test CRC32C_HAVE_NO_DEPRECATED
-- Performing Test CRC32C_HAVE_NO_DEPRECATED - Failed
-- Performing Test CRC32C_HAVE_NO_SIGN_COMPARE
-- Performing Test CRC32C_HAVE_NO_SIGN_COMPARE - Failed
-- Performing Test CRC32C_HAVE_NO_UNUSED_PARAMETER
-- Performing Test CRC32C_HAVE_NO_UNUSED_PARAMETER - Failed
-- Performing Test CRC32C_HAVE_NO_MISSING_FIELD_INITIALIZERS
-- Performing Test CRC32C_HAVE_NO_MISSING_FIELD_INITIALIZERS - Failed
-- Performing Test HAVE_BUILTIN_PREFETCH
-- Performing Test HAVE_BUILTIN_PREFETCH - Failed
-- Performing Test HAVE_MM_PREFETCH
-- Performing Test HAVE_MM_PREFETCH - Success
-- Performing Test HAVE_SSE42
-- Performing Test HAVE_SSE42 - Success
-- Performing Test HAVE_ARM64_CRC32C
-- Performing Test HAVE_ARM64_CRC32C - Failed
-- Performing Test HAVE_STRONG_GETAUXVAL
-- Performing Test HAVE_STRONG_GETAUXVAL - Failed
-- Performing Test HAVE_WEAK_GETAUXVAL
-- Performing Test HAVE_WEAK_GETAUXVAL - Failed
-- Looking for fdatasync
-- Looking for fdatasync - not found
-- Looking for F_FULLFSYNC
-- Looking for F_FULLFSYNC - not found
-- Looking for O_CLOEXEC
-- Looking for O_CLOEXEC - not found
-- Performing Test HAVE_CXX17_HAS_INCLUDE
-- Performing Test HAVE_CXX17_HAS_INCLUDE - Success
-- Found Qt, version 5.15.5


Configure summary
=================
Executables:
  bitcoind ............................ ON
  bitcoin-cli ......................... ON
  bitcoin-tx .......................... ON
  bitcoin-util ........................ ON
  bitcoin-chainstate (experimental) ... OFF
  bitcoin-wallet ...................... ON
Libraries:
  build shared ........................ ON
  build static ........................ ON
  libbitcoinconsensus ................. ON
  libbitcoinkernel (experimental) ..... OFF
Wallet support:
  SQLite, descriptor wallets .......... ON
  Berkeley DB, legacy wallets ......... ON
Optional packages:
  GUI ................................. Qt5
  QR code (GUI) ....................... OFF
  external signer ..................... OFF
  NAT-PMP ............................. OFF
  UPnP ................................ ON
  ZeroMQ .............................. ON
  USDT tracing ........................ OFF
  experimental syscall sandbox ........ OFF
Tests:
  test_bitcoin ........................ ON
  bench_bitcoin ....................... ON

Cross compiling ....................... FALSE
Preprocessor defined macros ........... _WIN32_WINNT=0x0601 _WIN32_IE=0x0501 WIN32_LEAN_AND_MEAN NOMINMAX _CRT_SECURE_NO_WARNINGS
C compiler ............................ C:/Program Files (x86)/Microsoft Visual Studio/2022/BuildTools/VC/Tools/MSVC/14.32.31326/bin/Hostx64/x64/cl.exe
CFLAGS ................................ /DWIN32 /D_WINDOWS
C++ compiler .......................... C:/Program Files (x86)/Microsoft Visual Studio/2022/BuildTools/VC/Tools/MSVC/14.32.31326/bin/Hostx64/x64/cl.exe
CXXFLAGS .............................. /DWIN32 /D_WINDOWS /EHsc
Common compile options ................ /WX /utf-8 /Zc:__cplusplus /W3 /wd4018 /wd4244 /wd4267 /wd4715 /wd4805
Common link options ................... /DYNAMICBASE /HIGHENTROPYVA /NXCOMPAT /NODEFAULTLIB:LIBCMTD /LTCG:OFF
Available configurations .............. Debug;Release;MinSizeRel;RelWithDebInfo
Debug configuration:
 - CFLAGS ............................. -DDEBUG -DDEBUG_LOCKORDER -DDEBUG_LOCKCONTENTION -DRPC_DOC_CHECK -DABORT_ON_FAILED_ASSUME /Zi /Ob0 /Od /RTC1
 - CXXFLAGS ........................... -DDEBUG -DDEBUG_LOCKORDER -DDEBUG_LOCKCONTENTION -DRPC_DOC_CHECK -DABORT_ON_FAILED_ASSUME /Zi /Ob0 /Od /RTC1
 - LDFLAGS for executables ............ /debug /INCREMENTAL
 - LDFLAGS for shared libraries ....... /debug /INCREMENTAL
Release configuration:
 - CFLAGS ............................. /O2 /Ob2
 - CXXFLAGS ........................... /O2 /Ob2
 - LDFLAGS for executables ............ /INCREMENTAL:NO
 - LDFLAGS for shared libraries ....... /INCREMENTAL:NO
Treat compiler warnings as errors ..... ON
Use ccache for compiling .............. ON


-- Configuring done
-- Generating done
-- Build files have been written to: C:/Users/ContainerAdministrator/AppData/Local/Temp/cirrus-ci-build/build
