/bin/sh ../libtool  --tag=CXX --preserve-dup-deps  --mode=compile /usr/local/bin/ccache g++ -std=c++17 -DHAVE_CONFIG_H -I. -I../src/config  -fmacro-prefix-map=/private/var/folders/xx/vl5f934s6k927z1vyyl9cxth0000gn/T/cirrus-ci-build/ci/scratch/build/bitcoin-x86_64-apple-darwin=. -U_FORTIFY_SOURCE -D_FORTIFY_SOURCE=2 -DHAVE_BUILD_INFO -DMAC_OSX -DOBJC_OLD_DISPATCH_PROTOTYPES=0 -DPROVIDE_FUZZ_MAIN_FUNCTION -I./leveldb -I./crc32c/include -D__STDC_LIMIT_MACROS -DHAVE_SNAPPY=0 -DHAVE_CRC32C=1 -DHAVE_FDATASYNC=0 -DHAVE_FULLFSYNC=1 -DHAVE_O_CLOEXEC=1 -DFALLTHROUGH_INTENDED=[[fallthrough]]  -DLEVELDB_IS_BIG_ENDIAN=0  -DLEVELDB_PLATFORM_POSIX -I./leveldb/include  -fdebug-prefix-map=/private/var/folders/xx/vl5f934s6k927z1vyyl9cxth0000gn/T/cirrus-ci-build/ci/scratch/build/bitcoin-x86_64-apple-darwin=. -Wstack-protector -fstack-protector-all -fcf-protection=full -Wall -Wextra -Wgnu -Wformat -Wformat-security -Wvla -Wshadow-field -Wthread-safety -Wrange-loop-analysis -Wredundant-decls -Wunused-member-function -Wdate-time -Woverloaded-virtual -Wunreachable-code-loop-increment -Wimplicit-fallthrough -Wdocumentation -Wno-unused-parameter -Wno-self-assign -Werror -fvisibility=hidden  -static -g -O2 -c -o leveldb/helpers/memenv/libmemenv_la-memenv.lo `test -f 'leveldb/helpers/memenv/memenv.cc' || echo './'`leveldb/helpers/memenv/memenv.cc
libtool: compile:  /usr/local/bin/ccache g++ -std=c++17 -DHAVE_CONFIG_H -I. -I../src/config -fmacro-prefix-map=/private/var/folders/xx/vl5f934s6k927z1vyyl9cxth0000gn/T/cirrus-ci-build/ci/scratch/build/bitcoin-x86_64-apple-darwin=. -U_FORTIFY_SOURCE -D_FORTIFY_SOURCE=2 -DHAVE_BUILD_INFO -DMAC_OSX -DOBJC_OLD_DISPATCH_PROTOTYPES=0 -DPROVIDE_FUZZ_MAIN_FUNCTION -I./leveldb -I./crc32c/include -D__STDC_LIMIT_MACROS -DHAVE_SNAPPY=0 -DHAVE_CRC32C=1 -DHAVE_FDATASYNC=0 -DHAVE_FULLFSYNC=1 -DHAVE_O_CLOEXEC=1 "-DFALLTHROUGH_INTENDED=[[fallthrough]]" -DLEVELDB_IS_BIG_ENDIAN=0 -DLEVELDB_PLATFORM_POSIX -I./leveldb/include -fdebug-prefix-map=/private/var/folders/xx/vl5f934s6k927z1vyyl9cxth0000gn/T/cirrus-ci-build/ci/scratch/build/bitcoin-x86_64-apple-darwin=. -Wstack-protector -fstack-protector-all -fcf-protection=full -Wall -Wextra -Wgnu -Wformat -Wformat-security -Wvla -Wshadow-field -Wthread-safety -Wrange-loop-analysis -Wredundant-decls -Wunused-member-function -Wdate-time -Woverloaded-virtual -Wunreachable-code-loop-increment -Wimplicit-fallthrough -Wdocumentation -Wno-unused-parameter -Wno-self-assign -Werror -fvisibility=hidden -g -O2 -c leveldb/helpers/memenv/memenv.cc  -fno-common -DPIC -o leveldb/helpers/memenv/libmemenv_la-memenv.o
/bin/sh ../libtool  --tag=CXX --preserve-dup-deps  --mode=link /usr/local/bin/ccache g++ -std=c++17 -fdebug-prefix-map=/private/var/folders/xx/vl5f934s6k927z1vyyl9cxth0000gn/T/cirrus-ci-build/ci/scratch/build/bitcoin-x86_64-apple-darwin=. -Wstack-protector -fstack-protector-all -fcf-protection=full -Wall -Wextra -Wgnu -Wformat -Wformat-security -Wvla -Wshadow-field -Wthread-safety -Wrange-loop-analysis -Wredundant-decls -Wunused-member-function -Wdate-time -Woverloaded-virtual -Wunreachable-code-loop-increment -Wimplicit-fallthrough -Wdocumentation -Wno-unused-parameter -Wno-self-assign -Werror -fvisibility=hidden  -static -g -O2  -Wl,-bind_at_load    -Wl,-headerpad_max_install_names -Wl,-dead_strip -Wl,-dead_strip_dylibs -static  -o leveldb/libmemenv.la  leveldb/helpers/memenv/libmemenv_la-memenv.lo  
libtool: link: /usr/bin/ar cru leveldb/.libs/libmemenv.a  leveldb/helpers/memenv/libmemenv_la-memenv.o
libtool: link: ranlib leveldb/.libs/libmemenv.a
libtool: link: ( cd "leveldb/.libs" && rm -f "libmemenv.la" && ln -s "../libmemenv.la" "libmemenv.la" )
/bin/sh ../libtool  --tag=CXX --preserve-dup-deps  --mode=link /usr/local/bin/ccache g++ -std=c++17 -fdebug-prefix-map=/private/var/folders/xx/vl5f934s6k927z1vyyl9cxth0000gn/T/cirrus-ci-build/ci/scratch/build/bitcoin-x86_64-apple-darwin=. -Wstack-protector -fstack-protector-all -fcf-protection=full -Wall -Wextra -Wgnu -Wformat -Wformat-security -Wvla -Wshadow-field -Wthread-safety -Wrange-loop-analysis -Wredundant-decls -Wunused-member-function -Wdate-time -Wconditional-uninitialized -Woverloaded-virtual -Wsuggest-override -Wunreachable-code-loop-increment -Wimplicit-fallthrough -Wdocumentation -Wno-unused-parameter -Wno-self-assign -Werror    -fvisibility=hidden  -g -O2   -Wl,-bind_at_load    -Wl,-headerpad_max_install_names -Wl,-dead_strip -Wl,-dead_strip_dylibs  -pthread -lpthread  -o bitcoind bitcoind-bitcoind.o  init/bitcoind-bitcoind.o libbitcoin_node.a libbitcoin_wallet.a libbitcoin_common.a libbitcoin_util.a libunivalue.la libbitcoin_zmq.a libbitcoin_consensus.a crypto/libbitcoin_crypto_base.la crypto/libbitcoin_crypto_sse41.la crypto/libbitcoin_crypto_avx2.la crypto/libbitcoin_crypto_x86_shani.la  leveldb/libleveldb.la crc32c/libcrc32c.la crc32c/libcrc32c_sse42.la  leveldb/libmemenv.la secp256k1/libsecp256k1.la  -lminiupnpc -lminiupnpc -lminiupnpc -lnatpmp -L/usr/local/Cellar/libevent/2.1.12/lib -levent_pthreads -levent -L/usr/local/Cellar/libevent/2.1.12/lib -levent -L/usr/local/Cellar/zeromq/4.3.4/lib -lzmq -lsqlite3 
libtool: link: /usr/local/bin/ccache g++ -std=c++17 -fdebug-prefix-map=/private/var/folders/xx/vl5f934s6k927z1vyyl9cxth0000gn/T/cirrus-ci-build/ci/scratch/build/bitcoin-x86_64-apple-darwin=. -Wstack-protector -fstack-protector-all -fcf-protection=full -Wall -Wextra -Wgnu -Wformat -Wformat-security -Wvla -Wshadow-field -Wthread-safety -Wrange-loop-analysis -Wredundant-decls -Wunused-member-function -Wdate-time -Wconditional-uninitialized -Woverloaded-virtual -Wsuggest-override -Wunreachable-code-loop-increment -Wimplicit-fallthrough -Wdocumentation -Wno-unused-parameter -Wno-self-assign -Werror -fvisibility=hidden -g -O2 -Wl,-bind_at_load -Wl,-headerpad_max_install_names -Wl,-dead_strip -Wl,-dead_strip_dylibs -pthread -o bitcoind bitcoind-bitcoind.o init/bitcoind-bitcoind.o -Wl,-bind_at_load  -lpthread libbitcoin_node.a libbitcoin_wallet.a libbitcoin_common.a libbitcoin_util.a ./.libs/libunivalue.a libbitcoin_zmq.a libbitcoin_consensus.a crypto/.libs/libbitcoin_crypto_base.a crypto/.libs/libbitcoin_crypto_sse41.a crypto/.libs/libbitcoin_crypto_avx2.a crypto/.libs/libbitcoin_crypto_x86_shani.a leveldb/.libs/libleveldb.a crc32c/.libs/libcrc32c.a crc32c/.libs/libcrc32c_sse42.a leveldb/.libs/libmemenv.a secp256k1/.libs/libsecp256k1.a -lminiupnpc -lminiupnpc -lminiupnpc -lnatpmp -L/usr/local/Cellar/libevent/2.1.12/lib -levent_pthreads -levent -levent -L/usr/local/Cellar/zeromq/4.3.4/lib -lzmq -lsqlite3 -pthread
/usr/local/bin/ccache g++ -std=c++17 -DHAVE_CONFIG_H -I. -I../src/config  -fmacro-prefix-map=/private/var/folders/xx/vl5f934s6k927z1vyyl9cxth0000gn/T/cirrus-ci-build/ci/scratch/build/bitcoin-x86_64-apple-darwin=. -U_FORTIFY_SOURCE -D_FORTIFY_SOURCE=2 -DHAVE_BUILD_INFO -DMAC_OSX -DOBJC_OLD_DISPATCH_PROTOTYPES=0 -DPROVIDE_FUZZ_MAIN_FUNCTION -I. -I./minisketch/include -I./secp256k1/include -I./univalue/include -I./leveldb/include -isystem /usr/local/Cellar/libevent/2.1.12/include  -fdebug-prefix-map=/private/var/folders/xx/vl5f934s6k927z1vyyl9cxth0000gn/T/cirrus-ci-build/ci/scratch/build/bitcoin-x86_64-apple-darwin=. -Wstack-protector -fstack-protector-all -fcf-protection=full -Wall -Wextra -Wgnu -Wformat -Wformat-security -Wvla -Wshadow-field -Wthread-safety -Wrange-loop-analysis -Wredundant-decls -Wunused-member-function -Wdate-time -Wconditional-uninitialized -Woverloaded-virtual -Wsuggest-override -Wunreachable-code-loop-increment -Wimplicit-fallthrough -Wdocumentation -Wno-unused-parameter -Wno-self-assign -Werror    -fvisibility=hidden  -g -O2 -c -o bitcoin_cli-bitcoin-cli.o `test -f 'bitcoin-cli.cpp' || echo './'`bitcoin-cli.cpp
In file included from bitcoin-cli.cpp:40:
/usr/local/include/event2/buffer.h:210:11: error: parameter 'buffer' not found in the function declaration [-Werror,-Wdocumentation]
 * @param buffer the evbuffer that the callback is watching.
          ^~~~~~
/usr/local/include/event2/buffer.h:210:11: note: did you mean 'buf'?
 * @param buffer the evbuffer that the callback is watching.
          ^~~~~~
          buf
/usr/local/include/event2/buffer.h:211:11: error: parameter 'cb' not found in the function declaration [-Werror,-Wdocumentation]
 * @param cb the callback whose status we want to change.
          ^~
/usr/local/include/event2/buffer.h:211:11: note: did you mean 'buf'?
 * @param cb the callback whose status we want to change.
          ^~
          buf
/usr/local/include/event2/buffer.h:219:11: error: parameter 'buffer' not found in the function declaration [-Werror,-Wdocumentation]
 * @param buffer the evbuffer that the callback is watching.
          ^~~~~~
/usr/local/include/event2/buffer.h:219:11: note: did you mean 'buf'?
 * @param buffer the evbuffer that the callback is watching.
          ^~~~~~
          buf
/usr/local/include/event2/buffer.h:220:11: error: parameter 'cb' not found in the function declaration [-Werror,-Wdocumentation]
 * @param cb the callback whose status we want to change.
          ^~
/usr/local/include/event2/buffer.h:220:11: note: did you mean 'buf'?
 * @param cb the callback whose status we want to change.
          ^~
          buf
In file included from bitcoin-cli.cpp:42:
In file included from ./support/events.h:11:
/usr/local/include/event2/event.h:366:10: error: parameter 'base' not found in the function declaration [-Werror,-Wdocumentation]
  @param base the event_base structure returned by event_base_new() or
         ^~~~
/usr/local/include/event2/event.h:378:9: error: parameter 'eb' not found in the function declaration [-Werror,-Wdocumentation]
 @param eb the event_base structure returned by event_base_new()
        ^~
/usr/local/include/event2/event.h:435:11: error: parameter 'eb' not found in the function declaration [-Werror,-Wdocumentation]
   @param eb the event_base structure returned by event_base_new()
          ^~
/usr/local/include/event2/event.h:436:11: error: parameter 'flags' not found in the function declaration [-Werror,-Wdocumentation]
   @param flags a bitwise combination of the kinds of events to aggregate
          ^~~~~
/usr/local/include/event2/event.h:447:10: error: parameter 'eb' not found in the function declaration [-Werror,-Wdocumentation]
  @param eb the event_base structure returned by event_base_new()
         ^~
/usr/local/include/event2/event.h:448:10: error: parameter 'flags' not found in the function declaration [-Werror,-Wdocumentation]
  @param flags a bitwise combination of the kinds of events to aggregate
         ^~~~~
/usr/local/include/event2/event.h:450:10: error: parameter 'clear' not found in the function declaration [-Werror,-Wdocumentation]
  @param clear option used to reset the maximum count.
         ^~~~~
/usr/local/include/event2/event.h:672:10: error: parameter 'cfg' not found in the function declaration [-Werror,-Wdocumentation]
  @param cfg the event configuration object
         ^~~
/usr/local/include/event2/event.h:689:10: error: parameter 'eb' not found in the function declaration [-Werror,-Wdocumentation]
  @param eb an event_base to be freed
         ^~
/usr/local/include/event2/event.h:782:10: error: parameter 'eb' not found in the function declaration [-Werror,-Wdocumentation]
  @param eb the event base
         ^~
/usr/local/include/event2/event.h:783:10: error: parameter 'ev' not found in the function declaration [-Werror,-Wdocumentation]
  @param ev the event
         ^~
/usr/local/include/event2/event.h:817:10: error: parameter 'eb' not found in the function declaration [-Werror,-Wdocumentation]
  @param eb the event_base structure returned by event_base_new() or
         ^~
/usr/local/include/event2/event.h:819:10: error: parameter 'flags' not found in the function declaration [-Werror,-Wdocumentation]
  @param flags any combination of EVLOOP_ONCE | EVLOOP_NONBLOCK
         ^~~~~
/usr/local/include/event2/event.h:837:10: error: parameter 'eb' not found in the function declaration [-Werror,-Wdocumentation]
  @param eb the event_base structure returned by event_init()
         ^~
/usr/local/include/event2/event.h:838:10: error: parameter 'tv' not found in the function declaration [-Werror,-Wdocumentation]
  @param tv the amount of time after which the loop should terminate,
         ^~
fatal error: too many errors emitted, stopping now [-ferror-limit=]
20 errors generated.
make[2]: *** [bitcoin_cli-bitcoin-cli.o] Error 1
make[1]: *** [install-recursive] Error 1
make: *** [install-recursive] Error 1
                                                                                                                                                                
