
C:\Users\ContainerAdministrator\AppData\Local\Temp\cirrus-ci-build>call src\test_bitcoin.exe -l test_suite 
Running 534 test cases...
Entering test module "Bitcoin Core Test Suite"
C:\Users\ContainerAdministrator\AppData\Local\Temp\cirrus-ci-build\src\test\addrman_tests.cpp(61): Entering test suite "addrman_tests"
C:\Users\ContainerAdministrator\AppData\Local\Temp\cirrus-ci-build\src\test\addrman_tests.cpp(63): Entering test case "addrman_simple"
C:\Users\ContainerAdministrator\AppData\Local\Temp\cirrus-ci-build\src\test\addrman_tests.cpp(63): Leaving test case "addrman_simple"; testing time: 53437us
C:\Users\ContainerAdministrator\AppData\Local\Temp\cirrus-ci-build\src\test\addrman_tests.cpp(107): Entering test case "addrman_ports"
C:\Users\ContainerAdministrator\AppData\Local\Temp\cirrus-ci-build\src\test\addrman_tests.cpp(107): Leaving test case "addrman_ports"; testing time: 12733us
C:\Users\ContainerAdministrator\AppData\Local\Temp\cirrus-ci-build\src\test\addrman_tests.cpp(136): Entering test case "addrman_select"
C:\Users\ContainerAdministrator\AppData\Local\Temp\cirrus-ci-build\src\test\addrman_tests.cpp(136): Leaving test case "addrman_select"; testing time: 20655us
C:\Users\ContainerAdministrator\AppData\Local\Temp\cirrus-ci-build\src\test\addrman_tests.cpp(195): Entering test case "addrman_new_collisions"
C:\Users\ContainerAdministrator\AppData\Local\Temp\cirrus-ci-build\src\test\addrman_tests.cpp(195): Leaving test case "addrman_new_collisions"; testing time: 16437us
C:\Users\ContainerAdministrator\AppData\Local\Temp\cirrus-ci-build\src\test\addrman_tests.cpp(224): Entering test case "addrman_new_multiplicity"
C:\Users\ContainerAdministrator\AppData\Local\Temp\cirrus-ci-build\src\test\addrman_tests.cpp(224): Leaving test case "addrman_new_multiplicity"; testing time: 28553us
C:\Users\ContainerAdministrator\AppData\Local\Temp\cirrus-ci-build\src\test\addrman_tests.cpp(256): Entering test case "addrman_tried_collisions"
C:\Users\ContainerAdministrator\AppData\Local\Temp\cirrus-ci-build\src\test\addrman_tests.cpp(256): Leaving test case "addrman_tried_collisions"; testing time: 24138us
C:\Users\ContainerAdministrator\AppData\Local\Temp\cirrus-ci-build\src\test\addrman_tests.cpp(287): Entering test case "addrman_getaddr"
C:\Users\ContainerAdministrator\AppData\Local\Temp\cirrus-ci-build\src\test\addrman_tests.cpp(287): Leaving test case "addrman_getaddr"; testing time: 845110us
C:\Users\ContainerAdministrator\AppData\Local\Temp\cirrus-ci-build\src\test\addrman_tests.cpp(347): Entering test case "caddrinfo_get_tried_bucket_legacy"
C:\Users\ContainerAdministrator\AppData\Local\Temp\cirrus-ci-build\src\test\addrman_tests.cpp(347): Leaving test case "caddrinfo_get_tried_bucket_legacy"; testing time: 33930us
C:\Users\ContainerAdministrator\AppData\Local\Temp\cirrus-ci-build\src\test\addrman_tests.cpp(398): Entering test case "caddrinfo_get_new_bucket_legacy"
C:\Users\ContainerAdministrator\AppData\Local\Temp\cirrus-ci-build\src\test\addrman_tests.cpp(398): Leaving test case "caddrinfo_get_new_bucket_legacy"; testing time: 86787us
C:\Users\ContainerAdministrator\AppData\Local\Temp\cirrus-ci-build\src\test\addrman_tests.cpp(472): Entering test case "caddrinfo_get_tried_bucket"
C:\Users\ContainerAdministrator\AppData\Local\Temp\cirrus-ci-build\src\test\addrman_tests.cpp(472): Leaving test case "caddrinfo_get_tried_bucket"; testing time: 70579us
C:\Users\ContainerAdministrator\AppData\Local\Temp\cirrus-ci-build\src\test\addrman_tests.cpp(526): Entering test case "caddrinfo_get_new_bucket"
C:\Users\ContainerAdministrator\AppData\Local\Temp\cirrus-ci-build\src\test\addrman_tests.cpp(526): Leaving test case "caddrinfo_get_new_bucket"; testing time: 299896us
C:\Users\ContainerAdministrator\AppData\Local\Temp\cirrus-ci-build\src\test\addrman_tests.cpp(604): Entering test case "addrman_serialization"
C:\Users\ContainerAdministrator\AppData\Local\Temp\cirrus-ci-build\src\test\addrman_tests.cpp(604): Leaving test case "addrman_serialization"; testing time: 28361us
C:\Users\ContainerAdministrator\AppData\Local\Temp\cirrus-ci-build\src\test\addrman_tests.cpp(669): Entering test case "remove_invalid"
C:\Users\ContainerAdministrator\AppData\Local\Temp\cirrus-ci-build\src\test\addrman_tests.cpp(669): Leaving test case "remove_invalid"; testing time: 96956us
C:\Users\ContainerAdministrator\AppData\Local\Temp\cirrus-ci-build\src\test\addrman_tests.cpp(710): Entering test case "addrman_selecttriedcollision"
C:\Users\ContainerAdministrator\AppData\Local\Temp\cirrus-ci-build\src\test\addrman_tests.cpp(710): Leaving test case "addrman_selecttriedcollision"; testing time: 73916us
C:\Users\ContainerAdministrator\AppData\Local\Temp\cirrus-ci-build\src\test\addrman_tests.cpp(743): Entering test case "addrman_noevict"
C:\Users\ContainerAdministrator\AppData\Local\Temp\cirrus-ci-build\src\test\addrman_tests.cpp(743): Leaving test case "addrman_noevict"; testing time: 119242us
C:\Users\ContainerAdministrator\AppData\Local\Temp\cirrus-ci-build\src\test\addrman_tests.cpp(795): Entering test case "addrman_evictionworks"
C:\Users\ContainerAdministrator\AppData\Local\Temp\cirrus-ci-build\src\test\addrman_tests.cpp(795): Leaving test case "addrman_evictionworks"; testing time: 51988us
C:\Users\ContainerAdministrator\AppData\Local\Temp\cirrus-ci-build\src\test\addrman_tests.cpp(865): Entering test case "load_addrman"
C:\Users\ContainerAdministrator\AppData\Local\Temp\cirrus-ci-build\src\test\addrman_tests.cpp(865): Leaving test case "load_addrman"; testing time: 32181us
C:\Users\ContainerAdministrator\AppData\Local\Temp\cirrus-ci-build\src\test\addrman_tests.cpp(936): Entering test case "load_addrman_corrupted"
C:\Users\ContainerAdministrator\AppData\Local\Temp\cirrus-ci-build\src\test\addrman_tests.cpp(936): Leaving test case "load_addrman_corrupted"; testing time: 68948us
C:\Users\ContainerAdministrator\AppData\Local\Temp\cirrus-ci-build\src\test\addrman_tests.cpp(962): Entering test case "addrman_update_address"
C:\Users\ContainerAdministrator\AppData\Local\Temp\cirrus-ci-build\src\test\addrman_tests.cpp(962): Leaving test case "addrman_update_address"; testing time: 29244us
C:\Users\ContainerAdministrator\AppData\Local\Temp\cirrus-ci-build\src\test\addrman_tests.cpp(61): Leaving test suite "addrman_tests"; testing time: 1994971us
C:\Users\ContainerAdministrator\AppData\Local\Temp\cirrus-ci-build\src\test\allocator_tests.cpp(16): Entering test suite "allocator_tests"
C:\Users\ContainerAdministrator\AppData\Local\Temp\cirrus-ci-build\src\test\allocator_tests.cpp(18): Entering test case "arena_tests"
C:\Users\ContainerAdministrator\AppData\Local\Temp\cirrus-ci-build\src\test\allocator_tests.cpp(18): Leaving test case "arena_tests"; testing time: 17836us
C:\Users\ContainerAdministrator\AppData\Local\Temp\cirrus-ci-build\src\test\allocator_tests.cpp(165): Entering test case "lockedpool_tests_mock"
C:\Users\ContainerAdministrator\AppData\Local\Temp\cirrus-ci-build\src\test\allocator_tests.cpp(165): Leaving test case "lockedpool_tests_mock"; testing time: 180us
C:\Users\ContainerAdministrator\AppData\Local\Temp\cirrus-ci-build\src\test\allocator_tests.cpp(214): Entering test case "lockedpool_tests_live"
C:\Users\ContainerAdministrator\AppData\Local\Temp\cirrus-ci-build\src\test\allocator_tests.cpp(214): Leaving test case "lockedpool_tests_live"; testing time: 91us
C:\Users\ContainerAdministrator\AppData\Local\Temp\cirrus-ci-build\src\test\allocator_tests.cpp(16): Leaving test suite "allocator_tests"; testing time: 18291us
C:\Users\ContainerAdministrator\AppData\Local\Temp\cirrus-ci-build\src\test\amount_tests.cpp(12): Entering test suite "amount_tests"
C:\Users\ContainerAdministrator\AppData\Local\Temp\cirrus-ci-build\src\test\amount_tests.cpp(14): Entering test case "MoneyRangeTest"
C:\Users\ContainerAdministrator\AppData\Local\Temp\cirrus-ci-build\src\test\amount_tests.cpp(14): Leaving test case "MoneyRangeTest"; testing time: 64us
C:\Users\ContainerAdministrator\AppData\Local\Temp\cirrus-ci-build\src\test\amount_tests.cpp(23): Entering test case "GetFeeTest"
C:\Users\ContainerAdministrator\AppData\Local\Temp\cirrus-ci-build\src\test\amount_tests.cpp(23): Leaving test case "GetFeeTest"; testing time: 172us
C:\Users\ContainerAdministrator\AppData\Local\Temp\cirrus-ci-build\src\test\amount_tests.cpp(90): Entering test case "BinaryOperatorTest"
C:\Users\ContainerAdministrator\AppData\Local\Temp\cirrus-ci-build\src\test\amount_tests.cpp(90): Leaving test case "BinaryOperatorTest"; testing time: 36us
C:\Users\ContainerAdministrator\AppData\Local\Temp\cirrus-ci-build\src\test\amount_tests.cpp(107): Entering test case "ToStringTest"
C:\Users\ContainerAdministrator\AppData\Local\Temp\cirrus-ci-build\src\test\amount_tests.cpp(107): Leaving test case "ToStringTest"; testing time: 71us
C:\Users\ContainerAdministrator\AppData\Local\Temp\cirrus-ci-build\src\test\amount_tests.cpp(12): Leaving test suite "amount_tests"; testing time: 552us
C:\Users\ContainerAdministrator\AppData\Local\Temp\cirrus-ci-build\src\test\arith_uint256_tests.cpp(18): Entering test suite "arith_uint256_tests"
C:\Users\ContainerAdministrator\AppData\Local\Temp\cirrus-ci-build\src\test\arith_uint256_tests.cpp(68): Entering test case "basics"
C:\Users\ContainerAdministrator\AppData\Local\Temp\cirrus-ci-build\src\test\arith_uint256_tests.cpp(68): Leaving test case "basics"; testing time: 3016us
C:\Users\ContainerAdministrator\AppData\Local\Temp\cirrus-ci-build\src\test\arith_uint256_tests.cpp(157): Entering test case "shifts"
C:\Users\ContainerAdministrator\AppData\Local\Temp\cirrus-ci-build\src\test\arith_uint256_tests.cpp(157): Leaving test case "shifts"; testing time: 14150us
C:\Users\ContainerAdministrator\AppData\Local\Temp\cirrus-ci-build\src\test\arith_uint256_tests.cpp(200): Entering test case "unaryOperators"
C:\Users\ContainerAdministrator\AppData\Local\Temp\cirrus-ci-build\src\test\arith_uint256_tests.cpp(200): Leaving test case "unaryOperators"; testing time: 1055us
C:\Users\ContainerAdministrator\AppData\Local\Temp\cirrus-ci-build\src\test\arith_uint256_tests.cpp(224): Entering test case "bitwiseOperators"
C:\Users\ContainerAdministrator\AppData\Local\Temp\cirrus-ci-build\src\test\arith_uint256_tests.cpp(224): Leaving test case "bitwiseOperators"; testing time: 251us
C:\Users\ContainerAdministrator\AppData\Local\Temp\cirrus-ci-build\src\test\arith_uint256_tests.cpp(268): Entering test case "comparison"
C:\Users\ContainerAdministrator\AppData\Local\Temp\cirrus-ci-build\src\test\arith_uint256_tests.cpp(268): Leaving test case "comparison"; testing time: 8926us
C:\Users\ContainerAdministrator\AppData\Local\Temp\cirrus-ci-build\src\test\arith_uint256_tests.cpp(282): Entering test case "plusMinus"
C:\Users\ContainerAdministrator\AppData\Local\Temp\cirrus-ci-build\src\test\arith_uint256_tests.cpp(282): Leaving test case "plusMinus"; testing time: 9788us
C:\Users\ContainerAdministrator\AppData\Local\Temp\cirrus-ci-build\src\test\arith_uint256_tests.cpp(326): Entering test case "multiply"
C:\Users\ContainerAdministrator\AppData\Local\Temp\cirrus-ci-build\src\test\arith_uint256_tests.cpp(326): Leaving test case "multiply"; testing time: 105us
C:\Users\ContainerAdministrator\AppData\Local\Temp\cirrus-ci-build\src\test\arith_uint256_tests.cpp(347): Entering test case "divide"
C:\Users\ContainerAdministrator\AppData\Local\Temp\cirrus-ci-build\src\test\arith_uint256_tests.cpp(347): Leaving test case "divide"; testing time: 491us
C:\Users\ContainerAdministrator\AppData\Local\Temp\cirrus-ci-build\src\test\arith_uint256_tests.cpp(371): Entering test case "methods"
C:\Users\ContainerAdministrator\AppData\Local\Temp\cirrus-ci-build\src\test\arith_uint256_tests.cpp(371): Leaving test case "methods"; testing time: 1337us
C:\Users\ContainerAdministrator\AppData\Local\Temp\cirrus-ci-build\src\test\arith_uint256_tests.cpp(406): Entering test case "bignum_SetCompact"
C:\Users\ContainerAdministrator\AppData\Local\Temp\cirrus-ci-build\src\test\arith_uint256_tests.cpp(406): Leaving test case "bignum_SetCompact"; testing time: 363us
C:\Users\ContainerAdministrator\AppData\Local\Temp\cirrus-ci-build\src\test\arith_uint256_tests.cpp(535): Entering test case "getmaxcoverage"
C:\Users\ContainerAdministrator\AppData\Local\Temp\cirrus-ci-build\src\test\arith_uint256_tests.cpp(535): Leaving test case "getmaxcoverage"; testing time: 81us
C:\Users\ContainerAdministrator\AppData\Local\Temp\cirrus-ci-build\src\test\arith_uint256_tests.cpp(18): Leaving test suite "arith_uint256_tests"; testing time: 40246us
C:\Users\ContainerAdministrator\AppData\Local\Temp\cirrus-ci-build\src\test\banman_tests.cpp(16): Entering test suite "banman_tests"
C:\Users\ContainerAdministrator\AppData\Local\Temp\cirrus-ci-build\src\test\banman_tests.cpp(18): Entering test case "file"
C:\Users\ContainerAdministrator\AppData\Local\Temp\cirrus-ci-build\src\test\banman_tests.cpp(18): Leaving test case "file"; testing time: 13011us
C:\Users\ContainerAdministrator\AppData\Local\Temp\cirrus-ci-build\src\test\banman_tests.cpp(16): Leaving test suite "banman_tests"; testing time: 13079us
C:\Users\ContainerAdministrator\AppData\Local\Temp\cirrus-ci-build\src\test\base32_tests.cpp(12): Entering test suite "base32_tests"
C:\Users\ContainerAdministrator\AppData\Local\Temp\cirrus-ci-build\src\test\base32_tests.cpp(14): Entering test case "base32_testvectors"
C:\Users\ContainerAdministrator\AppData\Local\Temp\cirrus-ci-build\src\test\base32_tests.cpp(14): Leaving test case "base32_testvectors"; testing time: 189us
C:\Users\ContainerAdministrator\AppData\Local\Temp\cirrus-ci-build\src\test\base32_tests.cpp(12): Leaving test suite "base32_tests"; testing time: 243us
C:\Users\ContainerAdministrator\AppData\Local\Temp\cirrus-ci-build\src\test\base58_tests.cpp(21): Entering test suite "base58_tests"
C:\Users\ContainerAdministrator\AppData\Local\Temp\cirrus-ci-build\src\test\base58_tests.cpp(24): Entering test case "base58_EncodeBase58"
C:\Users\ContainerAdministrator\AppData\Local\Temp\cirrus-ci-build\src\test\base58_tests.cpp(24): Leaving test case "base58_EncodeBase58"; testing time: 15565us
C:\Users\ContainerAdministrator\AppData\Local\Temp\cirrus-ci-build\src\test\base58_tests.cpp(44): Entering test case "base58_DecodeBase58"
C:\Users\ContainerAdministrator\AppData\Local\Temp\cirrus-ci-build\src\test\base58_tests.cpp(44): Leaving test case "base58_DecodeBase58"; testing time: 14583us
C:\Users\ContainerAdministrator\AppData\Local\Temp\cirrus-ci-build\src\test\base58_tests.cpp(84): Entering test case "base58_random_encode_decode"
C:\Users\ContainerAdministrator\AppData\Local\Temp\cirrus-ci-build\src\test\base58_tests.cpp(84): Leaving test case "base58_random_encode_decode"; testing time: 2197789us
C:\Users\ContainerAdministrator\AppData\Local\Temp\cirrus-ci-build\src\test\base58_tests.cpp(21): Leaving test suite "base58_tests"; testing time: 2228203us
C:\Users\ContainerAdministrator\AppData\Local\Temp\cirrus-ci-build\src\test\base64_tests.cpp(12): Entering test suite "base64_tests"
C:\Users\ContainerAdministrator\AppData\Local\Temp\cirrus-ci-build\src\test\base64_tests.cpp(14): Entering test case "base64_testvectors"
C:\Users\ContainerAdministrator\AppData\Local\Temp\cirrus-ci-build\src\test\base64_tests.cpp(14): Leaving test case "base64_testvectors"; testing time: 202us
C:\Users\ContainerAdministrator\AppData\Local\Temp\cirrus-ci-build\src\test\base64_tests.cpp(12): Leaving test suite "base64_tests"; testing time: 250us
C:\Users\ContainerAdministrator\AppData\Local\Temp\cirrus-ci-build\src\test\bech32_tests.cpp(13): Entering test suite "bech32_tests"
C:\Users\ContainerAdministrator\AppData\Local\Temp\cirrus-ci-build\src\test\bech32_tests.cpp(15): Entering test case "bech32_testvectors_valid"
C:\Users\ContainerAdministrator\AppData\Local\Temp\cirrus-ci-build\src\test\bech32_tests.cpp(15): Leaving test case "bech32_testvectors_valid"; testing time: 307us
C:\Users\ContainerAdministrator\AppData\Local\Temp\cirrus-ci-build\src\test\bech32_tests.cpp(35): Entering test case "bech32m_testvectors_valid"
C:\Users\ContainerAdministrator\AppData\Local\Temp\cirrus-ci-build\src\test\bech32_tests.cpp(35): Leaving test case "bech32m_testvectors_valid"; testing time: 206us
C:\Users\ContainerAdministrator\AppData\Local\Temp\cirrus-ci-build\src\test\bech32_tests.cpp(55): Entering test case "bech32_testvectors_invalid"
C:\Users\ContainerAdministrator\AppData\Local\Temp\cirrus-ci-build\src\test\bech32_tests.cpp(55): Leaving test case "bech32_testvectors_invalid"; testing time: 288us
C:\Users\ContainerAdministrator\AppData\Local\Temp\cirrus-ci-build\src\test\bech32_tests.cpp(107): Entering test case "bech32m_testvectors_invalid"
C:\Users\ContainerAdministrator\AppData\Local\Temp\cirrus-ci-build\src\test\bech32_tests.cpp(107): Leaving test case "bech32m_testvectors_invalid"; testing time: 234us
C:\Users\ContainerAdministrator\AppData\Local\Temp\cirrus-ci-build\src\test\bech32_tests.cpp(13): Leaving test suite "bech32_tests"; testing time: 1239us
C:\Users\ContainerAdministrator\AppData\Local\Temp\cirrus-ci-build\src\test\bip32_tests.cpp(160): Entering test suite "bip32_tests"
C:\Users\ContainerAdministrator\AppData\Local\Temp\cirrus-ci-build\src\test\bip32_tests.cpp(162): Entering test case "bip32_test1"
C:\Users\ContainerAdministrator\AppData\Local\Temp\cirrus-ci-build\src\test\bip32_tests.cpp(162): Leaving test case "bip32_test1"; testing time: 39400us
C:\Users\ContainerAdministrator\AppData\Local\Temp\cirrus-ci-build\src\test\bip32_tests.cpp(166): Entering test case "bip32_test2"
C:\Users\ContainerAdministrator\AppData\Local\Temp\cirrus-ci-build\src\test\bip32_tests.cpp(166): Leaving test case "bip32_test2"; testing time: 30112us
C:\Users\ContainerAdministrator\AppData\Local\Temp\cirrus-ci-build\src\test\bip32_tests.cpp(170): Entering test case "bip32_test3"
C:\Users\ContainerAdministrator\AppData\Local\Temp\cirrus-ci-build\src\test\bip32_tests.cpp(170): Leaving test case "bip32_test3"; testing time: 16794us
C:\Users\ContainerAdministrator\AppData\Local\Temp\cirrus-ci-build\src\test\bip32_tests.cpp(174): Entering test case "bip32_test4"
C:\Users\ContainerAdministrator\AppData\Local\Temp\cirrus-ci-build\src\test\bip32_tests.cpp(174): Leaving test case "bip32_test4"; testing time: 20085us
C:\Users\ContainerAdministrator\AppData\Local\Temp\cirrus-ci-build\src\test\bip32_tests.cpp(178): Entering test case "bip32_test5"
C:\Users\ContainerAdministrator\AppData\Local\Temp\cirrus-ci-build\src\test\bip32_tests.cpp(178): Leaving test case "bip32_test5"; testing time: 25211us
C:\Users\ContainerAdministrator\AppData\Local\Temp\cirrus-ci-build\src\test\bip32_tests.cpp(187): Entering test case "bip32_max_depth"
C:\Users\ContainerAdministrator\AppData\Local\Temp\cirrus-ci-build\src\test\bip32_tests.cpp(187): Leaving test case "bip32_max_depth"; testing time: 237872us
C:\Users\ContainerAdministrator\AppData\Local\Temp\cirrus-ci-build\src\test\bip32_tests.cpp(160): Leaving test suite "bip32_tests"; testing time: 370062us
C:\Users\ContainerAdministrator\AppData\Local\Temp\cirrus-ci-build\src\test\blockchain_tests.cpp(50): Entering test suite "blockchain_tests"
C:\Users\ContainerAdministrator\AppData\Local\Temp\cirrus-ci-build\src\test\blockchain_tests.cpp(52): Entering test case "get_difficulty_for_very_low_target"
C:\Users\ContainerAdministrator\AppData\Local\Temp\cirrus-ci-build\src\test\blockchain_tests.cpp(52): Leaving test case "get_difficulty_for_very_low_target"; testing time: 11276us
C:\Users\ContainerAdministrator\AppData\Local\Temp\cirrus-ci-build\src\test\blockchain_tests.cpp(57): Entering test case "get_difficulty_for_low_target"
C:\Users\ContainerAdministrator\AppData\Local\Temp\cirrus-ci-build\src\test\blockchain_tests.cpp(57): Leaving test case "get_difficulty_for_low_target"; testing time: 10936us
C:\Users\ContainerAdministrator\AppData\Local\Temp\cirrus-ci-build\src\test\blockchain_tests.cpp(62): Entering test case "get_difficulty_for_mid_target"
C:\Users\ContainerAdministrator\AppData\Local\Temp\cirrus-ci-build\src\test\blockchain_tests.cpp(62): Leaving test case "get_difficulty_for_mid_target"; testing time: 10632us
C:\Users\ContainerAdministrator\AppData\Local\Temp\cirrus-ci-build\src\test\blockchain_tests.cpp(67): Entering test case "get_difficulty_for_high_target"
C:\Users\ContainerAdministrator\AppData\Local\Temp\cirrus-ci-build\src\test\blockchain_tests.cpp(67): Leaving test case "get_difficulty_for_high_target"; testing time: 16130us
C:\Users\ContainerAdministrator\AppData\Local\Temp\cirrus-ci-build\src\test\blockchain_tests.cpp(72): Entering test case "get_difficulty_for_very_high_target"
C:\Users\ContainerAdministrator\AppData\Local\Temp\cirrus-ci-build\src\test\blockchain_tests.cpp(72): Leaving test case "get_difficulty_for_very_high_target"; testing time: 13744us
C:\Users\ContainerAdministrator\AppData\Local\Temp\cirrus-ci-build\src\test\blockchain_tests.cpp(50): Leaving test suite "blockchain_tests"; testing time: 63179us
C:\Users\ContainerAdministrator\AppData\Local\Temp\cirrus-ci-build\src\test\blockencodings_tests.cpp(18): Entering test suite "blockencodings_tests"
C:\Users\ContainerAdministrator\AppData\Local\Temp\cirrus-ci-build\src\test\blockencodings_tests.cpp(56): Entering test case "SimpleRoundTripTest"
C:\Users\ContainerAdministrator\AppData\Local\Temp\cirrus-ci-build\src\test\blockencodings_tests.cpp(56): Leaving test case "SimpleRoundTripTest"; testing time: 45081us
C:\Users\ContainerAdministrator\AppData\Local\Temp\cirrus-ci-build\src\test\blockencodings_tests.cpp(139): Entering test case "NonCoinbasePreforwardRTTest"
C:\Users\ContainerAdministrator\AppData\Local\Temp\cirrus-ci-build\src\test\blockencodings_tests.cpp(139): Leaving test case "NonCoinbasePreforwardRTTest"; testing time: 29750us
C:\Users\ContainerAdministrator\AppData\Local\Temp\cirrus-ci-build\src\test\blockencodings_tests.cpp(209): Entering test case "SufficientPreforwardRTTest"
C:\Users\ContainerAdministrator\AppData\Local\Temp\cirrus-ci-build\src\test\blockencodings_tests.cpp(209): Leaving test case "SufficientPreforwardRTTest"; testing time: 29591us
C:\Users\ContainerAdministrator\AppData\Local\Temp\cirrus-ci-build\src\test\blockencodings_tests.cpp(260): Entering test case "EmptyBlockRoundTripTest"
C:\Users\ContainerAdministrator\AppData\Local\Temp\cirrus-ci-build\src\test\blockencodings_tests.cpp(260): Leaving test case "EmptyBlockRoundTripTest"; testing time: 25494us
C:\Users\ContainerAdministrator\AppData\Local\Temp\cirrus-ci-build\src\test\blockencodings_tests.cpp(304): Entering test case "TransactionsRequestSerializationTest"
C:\Users\ContainerAdministrator\AppData\Local\Temp\cirrus-ci-build\src\test\blockencodings_tests.cpp(304): Leaving test case "TransactionsRequestSerializationTest"; testing time: 24692us
C:\Users\ContainerAdministrator\AppData\Local\Temp\cirrus-ci-build\src\test\blockencodings_tests.cpp(327): Entering test case "TransactionsRequestDeserializationMaxTest"
C:\Users\ContainerAdministrator\AppData\Local\Temp\cirrus-ci-build\src\test\blockencodings_tests.cpp(327): Leaving test case "TransactionsRequestDeserializationMaxTest"; testing time: 26174us
C:\Users\ContainerAdministrator\AppData\Local\Temp\cirrus-ci-build\src\test\blockencodings_tests.cpp(342): Entering test case "TransactionsRequestDeserializationOverflowTest"
C:\Users\ContainerAdministrator\AppData\Local\Temp\cirrus-ci-build\src\test\blockencodings_tests.cpp(342): Leaving test case "TransactionsRequestDeserializationOverflowTest"; testing time: 25911us
C:\Users\ContainerAdministrator\AppData\Local\Temp\cirrus-ci-build\src\test\blockencodings_tests.cpp(18): Leaving test suite "blockencodings_tests"; testing time: 207472us
C:\Users\ContainerAdministrator\AppData\Local\Temp\cirrus-ci-build\src\test\blockfilter_index_tests.cpp(24): Entering test suite "blockfilter_index_tests"
C:\Users\ContainerAdministrator\AppData\Local\Temp\cirrus-ci-build\src\test\blockfilter_index_tests.cpp(112): Entering test case "blockfilter_index_initial_sync"
C:\Users\ContainerAdministrator\AppData\Local\Temp\cirrus-ci-build\src\test\blockfilter_index_tests.cpp(112): Leaving test case "blockfilter_index_initial_sync"; testing time: 1518543us
C:\Users\ContainerAdministrator\AppData\Local\Temp\cirrus-ci-build\src\test\blockfilter_index_tests.cpp(276): Entering test case "blockfilter_index_init_destroy"
C:\Users\ContainerAdministrator\AppData\Local\Temp\cirrus-ci-build\src\test\blockfilter_index_tests.cpp(276): Leaving test case "blockfilter_index_init_destroy"; testing time: 15357us
C:\Users\ContainerAdministrator\AppData\Local\Temp\cirrus-ci-build\src\test\blockfilter_index_tests.cpp(24): Leaving test suite "blockfilter_index_tests"; testing time: 1534083us
C:\Users\ContainerAdministrator\AppData\Local\Temp\cirrus-ci-build\src\test\blockfilter_tests.cpp(17): Entering test suite "blockfilter_tests"
C:\Users\ContainerAdministrator\AppData\Local\Temp\cirrus-ci-build\src\test\blockfilter_tests.cpp(19): Entering test case "gcsfilter_test"
C:\Users\ContainerAdministrator\AppData\Local\Temp\cirrus-ci-build\src\test\blockfilter_tests.cpp(19): Leaving test case "gcsfilter_test"; testing time: 7818us
C:\Users\ContainerAdministrator\AppData\Local\Temp\cirrus-ci-build\src\test\blockfilter_tests.cpp(42): Entering test case "gcsfilter_default_constructor"
C:\Users\ContainerAdministrator\AppData\Local\Temp\cirrus-ci-build\src\test\blockfilter_tests.cpp(42): Leaving test case "gcsfilter_default_constructor"; testing time: 60us
C:\Users\ContainerAdministrator\AppData\Local\Temp\cirrus-ci-build\src\test\blockfilter_tests.cpp(55): Entering test case "blockfilter_basic_test"
C:\Users\ContainerAdministrator\AppData\Local\Temp\cirrus-ci-build\src\test\blockfilter_tests.cpp(55): Leaving test case "blockfilter_basic_test"; testing time: 210us
C:\Users\ContainerAdministrator\AppData\Local\Temp\cirrus-ci-build\src\test\blockfilter_tests.cpp(128): Entering test case "blockfilters_json_test"
C:\Users\ContainerAdministrator\AppData\Local\Temp\cirrus-ci-build\src\test\blockfilter_tests.cpp(128): Leaving test case "blockfilters_json_test"; testing time: 4430us
C:\Users\ContainerAdministrator\AppData\Local\Temp\cirrus-ci-build\src\test\blockfilter_tests.cpp(182): Entering test case "blockfilter_type_names"
C:\Users\ContainerAdministrator\AppData\Local\Temp\cirrus-ci-build\src\test\blockfilter_tests.cpp(182): Leaving test case "blockfilter_type_names"; testing time: 40us
C:\Users\ContainerAdministrator\AppData\Local\Temp\cirrus-ci-build\src\test\blockfilter_tests.cpp(17): Leaving test suite "blockfilter_tests"; testing time: 12811us
C:\Users\ContainerAdministrator\AppData\Local\Temp\cirrus-ci-build\src\test\blockmanager_tests.cpp(17): Entering test suite "blockmanager_tests"
C:\Users\ContainerAdministrator\AppData\Local\Temp\cirrus-ci-build\src\test\blockmanager_tests.cpp(19): Entering test case "blockmanager_find_block_pos"
C:\Users\ContainerAdministrator\AppData\Local\Temp\cirrus-ci-build\src\test\blockmanager_tests.cpp(19): Leaving test case "blockmanager_find_block_pos"; testing time: 13695us
C:\Users\ContainerAdministrator\AppData\Local\Temp\cirrus-ci-build\src\test\blockmanager_tests.cpp(17): Leaving test suite "blockmanager_tests"; testing time: 13771us
C:\Users\ContainerAdministrator\AppData\Local\Temp\cirrus-ci-build\src\test\bloom_tests.cpp(24): Entering test suite "bloom_tests"
C:\Users\ContainerAdministrator\AppData\Local\Temp\cirrus-ci-build\src\test\bloom_tests.cpp(26): Entering test case "bloom_create_insert_serialize"
C:\Users\ContainerAdministrator\AppData\Local\Temp\cirrus-ci-build\src\test\bloom_tests.cpp(26): Leaving test case "bloom_create_insert_serialize"; testing time: 10751us
C:\Users\ContainerAdministrator\AppData\Local\Temp\cirrus-ci-build\src\test\bloom_tests.cpp(53): Entering test case "bloom_create_insert_serialize_with_tweak"
C:\Users\ContainerAdministrator\AppData\Local\Temp\cirrus-ci-build\src\test\bloom_tests.cpp(53): Leaving test case "bloom_create_insert_serialize_with_tweak"; testing time: 11112us
C:\Users\ContainerAdministrator\AppData\Local\Temp\cirrus-ci-build\src\test\bloom_tests.cpp(78): Entering test case "bloom_create_insert_key"
C:\Users\ContainerAdministrator\AppData\Local\Temp\cirrus-ci-build\src\test\bloom_tests.cpp(78): Leaving test case "bloom_create_insert_key"; testing time: 10971us
C:\Users\ContainerAdministrator\AppData\Local\Temp\cirrus-ci-build\src\test\bloom_tests.cpp(99): Entering test case "bloom_match"
C:\Users\ContainerAdministrator\AppData\Local\Temp\cirrus-ci-build\src\test\bloom_tests.cpp(99): Leaving test case "bloom_match"; testing time: 11049us
C:\Users\ContainerAdministrator\AppData\Local\Temp\cirrus-ci-build\src\test\bloom_tests.cpp(168): Entering test case "merkle_block_1"
C:\Users\ContainerAdministrator\AppData\Local\Temp\cirrus-ci-build\src\test\bloom_tests.cpp(168): Leaving test case "merkle_block_1"; testing time: 12161us
C:\Users\ContainerAdministrator\AppData\Local\Temp\cirrus-ci-build\src\test\bloom_tests.cpp(209): Entering test case "merkle_block_2"
C:\Users\ContainerAdministrator\AppData\Local\Temp\cirrus-ci-build\src\test\bloom_tests.cpp(209): Leaving test case "merkle_block_2"; testing time: 11263us
C:\Users\ContainerAdministrator\AppData\Local\Temp\cirrus-ci-build\src\test\bloom_tests.cpp(264): Entering test case "merkle_block_2_with_update_none"
C:\Users\ContainerAdministrator\AppData\Local\Temp\cirrus-ci-build\src\test\bloom_tests.cpp(264): Leaving test case "merkle_block_2_with_update_none"; testing time: 11003us
C:\Users\ContainerAdministrator\AppData\Local\Temp\cirrus-ci-build\src\test\bloom_tests.cpp(316): Entering test case "merkle_block_3_and_serialize"
C:\Users\ContainerAdministrator\AppData\Local\Temp\cirrus-ci-build\src\test\bloom_tests.cpp(316): Leaving test case "merkle_block_3_and_serialize"; testing time: 10339us
C:\Users\ContainerAdministrator\AppData\Local\Temp\cirrus-ci-build\src\test\bloom_tests.cpp(352): Entering test case "merkle_block_4"
C:\Users\ContainerAdministrator\AppData\Local\Temp\cirrus-ci-build\src\test\bloom_tests.cpp(352): Leaving test case "merkle_block_4"; testing time: 11173us
C:\Users\ContainerAdministrator\AppData\Local\Temp\cirrus-ci-build\src\test\bloom_tests.cpp(398): Entering test case "merkle_block_4_test_p2pubkey_only"
C:\Users\ContainerAdministrator\AppData\Local\Temp\cirrus-ci-build\src\test\bloom_tests.cpp(398): Leaving test case "merkle_block_4_test_p2pubkey_only"; testing time: 11031us
C:\Users\ContainerAdministrator\AppData\Local\Temp\cirrus-ci-build\src\test\bloom_tests.cpp(421): Entering test case "merkle_block_4_test_update_none"
C:\Users\ContainerAdministrator\AppData\Local\Temp\cirrus-ci-build\src\test\bloom_tests.cpp(421): Leaving test case "merkle_block_4_test_update_none"; testing time: 11069us
C:\Users\ContainerAdministrator\AppData\Local\Temp\cirrus-ci-build\src\test\bloom_tests.cpp(449): Entering test case "rolling_bloom"
C:\Users\ContainerAdministrator\AppData\Local\Temp\cirrus-ci-build\src\test\bloom_tests.cpp(449): Leaving test case "rolling_bloom"; testing time: 38098us
C:\Users\ContainerAdministrator\AppData\Local\Temp\cirrus-ci-build\src\test\bloom_tests.cpp(24): Leaving test suite "bloom_tests"; testing time: 161031us
C:\Users\ContainerAdministrator\AppData\Local\Temp\cirrus-ci-build\src\test\bswap_tests.cpp(9): Entering test suite "bswap_tests"
C:\Users\ContainerAdministrator\AppData\Local\Temp\cirrus-ci-build\src\test\bswap_tests.cpp(11): Entering test case "bswap_tests"
C:\Users\ContainerAdministrator\AppData\Local\Temp\cirrus-ci-build\src\test\bswap_tests.cpp(11): Leaving test case "bswap_tests"; testing time: 42us
C:\Users\ContainerAdministrator\AppData\Local\Temp\cirrus-ci-build\src\test\bswap_tests.cpp(9): Leaving test suite "bswap_tests"; testing time: 98us
C:\Users\ContainerAdministrator\AppData\Local\Temp\cirrus-ci-build\src\test\checkqueue_tests.cpp(35): Entering test suite "checkqueue_tests"
C:\Users\ContainerAdministrator\AppData\Local\Temp\cirrus-ci-build\src\test\checkqueue_tests.cpp(194): Entering test case "test_CheckQueue_Correct_Zero"
C:\Users\ContainerAdministrator\AppData\Local\Temp\cirrus-ci-build\src\test\checkqueue_tests.cpp(194): Leaving test case "test_CheckQueue_Correct_Zero"; testing time: 22693us
C:\Users\ContainerAdministrator\AppData\Local\Temp\cirrus-ci-build\src\test\checkqueue_tests.cpp(202): Entering test case "test_CheckQueue_Correct_One"
C:\Users\ContainerAdministrator\AppData\Local\Temp\cirrus-ci-build\src\test\checkqueue_tests.cpp(202): Leaving test case "test_CheckQueue_Correct_One"; testing time: 22710us
C:\Users\ContainerAdministrator\AppData\Local\Temp\cirrus-ci-build\src\test\checkqueue_tests.cpp(210): Entering test case "test_CheckQueue_Correct_Max"
C:\Users\ContainerAdministrator\AppData\Local\Temp\cirrus-ci-build\src\test\checkqueue_tests.cpp(210): Leaving test case "test_CheckQueue_Correct_Max"; testing time: 52585us
C:\Users\ContainerAdministrator\AppData\Local\Temp\cirrus-ci-build\src\test\checkqueue_tests.cpp(218): Entering test case "test_CheckQueue_Correct_Random"
C:\Users\ContainerAdministrator\AppData\Local\Temp\cirrus-ci-build\src\test\checkqueue_tests.cpp(218): Leaving test case "test_CheckQueue_Correct_Random"; testing time: 3653142us
C:\Users\ContainerAdministrator\AppData\Local\Temp\cirrus-ci-build\src\test\checkqueue_tests.cpp(229): Entering test case "test_CheckQueue_Catches_Failure"
C:\Users\ContainerAdministrator\AppData\Local\Temp\cirrus-ci-build\src\test\checkqueue_tests.cpp(229): Leaving test case "test_CheckQueue_Catches_Failure"; testing time: 388284us
C:\Users\ContainerAdministrator\AppData\Local\Temp\cirrus-ci-build\src\test\checkqueue_tests.cpp(257): Entering test case "test_CheckQueue_Recovers_From_Failure"
C:\Users\ContainerAdministrator\AppData\Local\Temp\cirrus-ci-build\src\test\checkqueue_tests.cpp(257): Leaving test case "test_CheckQueue_Recovers_From_Failure"; testing time: 23228us
C:\Users\ContainerAdministrator\AppData\Local\Temp\cirrus-ci-build\src\test\checkqueue_tests.cpp(281): Entering test case "test_CheckQueue_UniqueCheck"
C:\Users\ContainerAdministrator\AppData\Local\Temp\cirrus-ci-build\src\test\checkqueue_tests.cpp(281): Leaving test case "test_CheckQueue_UniqueCheck"; testing time: 138390us
C:\Users\ContainerAdministrator\AppData\Local\Temp\cirrus-ci-build\src\test\checkqueue_tests.cpp(316): Entering test case "test_CheckQueue_Memory"
C:\Users\ContainerAdministrator\AppData\Local\Temp\cirrus-ci-build\src\test\checkqueue_tests.cpp(316): Leaving test case "test_CheckQueue_Memory"; testing time: 534681us
C:\Users\ContainerAdministrator\AppData\Local\Temp\cirrus-ci-build\src\test\checkqueue_tests.cpp(343): Entering test case "test_CheckQueue_FrozenCleanup"
C:\Users\ContainerAdministrator\AppData\Local\Temp\cirrus-ci-build\src\test\checkqueue_tests.cpp(343): Leaving test case "test_CheckQueue_FrozenCleanup"; testing time: 23469us
C:\Users\ContainerAdministrator\AppData\Local\Temp\cirrus-ci-build\src\test\checkqueue_tests.cpp(383): Entering test case "test_CheckQueueControl_Locks"
C:\Users\ContainerAdministrator\AppData\Local\Temp\cirrus-ci-build\src\test\checkqueue_tests.cpp(383): Leaving test case "test_CheckQueueControl_Locks"; testing time: 57470us
C:\Users\ContainerAdministrator\AppData\Local\Temp\cirrus-ci-build\src\test\checkqueue_tests.cpp(35): Leaving test suite "checkqueue_tests"; testing time: 4917613us
C:\Users\ContainerAdministrator\AppData\Local\Temp\cirrus-ci-build\src\test\coinstatsindex_tests.cpp(18): Entering test suite "coinstatsindex_tests"
C:\Users\ContainerAdministrator\AppData\Local\Temp\cirrus-ci-build\src\test\coinstatsindex_tests.cpp(31): Entering test case "coinstatsindex_initial_sync"
C:\Users\ContainerAdministrator\AppData\Local\Temp\cirrus-ci-build\src\test\coinstatsindex_tests.cpp(31): Leaving test case "coinstatsindex_initial_sync"; testing time: 25473384us
C:\Users\ContainerAdministrator\AppData\Local\Temp\cirrus-ci-build\src\test\coinstatsindex_tests.cpp(93): Entering test case "coinstatsindex_unclean_shutdown"
C:\Users\ContainerAdministrator\AppData\Local\Temp\cirrus-ci-build\src\test\coinstatsindex_tests.cpp(93): Leaving test case "coinstatsindex_unclean_shutdown"; testing time: 26201524us
C:\Users\ContainerAdministrator\AppData\Local\Temp\cirrus-ci-build\src\test\coinstatsindex_tests.cpp(18): Leaving test suite "coinstatsindex_tests"; testing time: 51675105us
C:\Users\ContainerAdministrator\AppData\Local\Temp\cirrus-ci-build\src\test\coins_tests.cpp(99): Entering test suite "coins_tests"
C:\Users\ContainerAdministrator\AppData\Local\Temp\cirrus-ci-build\src\test\coins_tests.cpp(266): Entering test case "coins_cache_simulation_test"
C:\Users\ContainerAdministrator\AppData\Local\Temp\cirrus-ci-build\src\test\coins_tests.cpp(266): Leaving test case "coins_cache_simulation_test"; testing time: 55484984us
C:\Users\ContainerAdministrator\AppData\Local\Temp\cirrus-ci-build\src\test\coins_tests.cpp(296): Entering test case "updatecoins_simulation_test"
C:\Users\ContainerAdministrator\AppData\Local\Temp\cirrus-ci-build\src\test\coins_tests.cpp(296): Leaving test case "updatecoins_simulation_test"; testing time: 10270560us
C:\Users\ContainerAdministrator\AppData\Local\Temp\cirrus-ci-build\src\test\coins_tests.cpp(498): Entering test case "ccoins_serialization"
C:\Users\ContainerAdministrator\AppData\Local\Temp\cirrus-ci-build\src\test\coins_tests.cpp(498): Leaving test case "ccoins_serialization"; testing time: 11735us
C:\Users\ContainerAdministrator\AppData\Local\Temp\cirrus-ci-build\src\test\coins_tests.cpp(643): Entering test case "ccoins_access"
C:\Users\ContainerAdministrator\AppData\Local\Temp\cirrus-ci-build\src\test\coins_tests.cpp(643): Leaving test case "ccoins_access"; testing time: 12539us
C:\Users\ContainerAdministrator\AppData\Local\Temp\cirrus-ci-build\src\test\coins_tests.cpp(694): Entering test case "ccoins_spend"
C:\Users\ContainerAdministrator\AppData\Local\Temp\cirrus-ci-build\src\test\coins_tests.cpp(694): Leaving test case "ccoins_spend"; testing time: 12747us
C:\Users\ContainerAdministrator\AppData\Local\Temp\cirrus-ci-build\src\test\coins_tests.cpp(765): Entering test case "ccoins_add"
C:\Users\ContainerAdministrator\AppData\Local\Temp\cirrus-ci-build\src\test\coins_tests.cpp(765): Leaving test case "ccoins_add"; testing time: 14849us
C:\Users\ContainerAdministrator\AppData\Local\Temp\cirrus-ci-build\src\test\coins_tests.cpp(814): Entering test case "ccoins_write"
C:\Users\ContainerAdministrator\AppData\Local\Temp\cirrus-ci-build\src\test\coins_tests.cpp(814): Leaving test case "ccoins_write"; testing time: 18756us
C:\Users\ContainerAdministrator\AppData\Local\Temp\cirrus-ci-build\src\test\coins_tests.cpp(99): Leaving test suite "coins_tests"; testing time: 65826893us
C:\Users\ContainerAdministrator\AppData\Local\Temp\cirrus-ci-build\src\test\compilerbug_tests.cpp(7): Test suite "compilerbug_tests" is skipped because disabled
C:\Users\ContainerAdministrator\AppData\Local\Temp\cirrus-ci-build\src\test\compress_tests.cpp(25): Entering test suite "compress_tests"
C:\Users\ContainerAdministrator\AppData\Local\Temp\cirrus-ci-build\src\test\compress_tests.cpp(40): Entering test case "compress_amounts"
C:\Users\ContainerAdministrator\AppData\Local\Temp\cirrus-ci-build\src\test\compress_tests.cpp(40): Leaving test case "compress_amounts"; testing time: 1714393us
C:\Users\ContainerAdministrator\AppData\Local\Temp\cirrus-ci-build\src\test\compress_tests.cpp(65): Entering test case "compress_script_to_ckey_id"
C:\Users\ContainerAdministrator\AppData\Local\Temp\cirrus-ci-build\src\test\compress_tests.cpp(65): Leaving test case "compress_script_to_ckey_id"; testing time: 13499us
C:\Users\ContainerAdministrator\AppData\Local\Temp\cirrus-ci-build\src\test\compress_tests.cpp(85): Entering test case "compress_script_to_cscript_id"
C:\Users\ContainerAdministrator\AppData\Local\Temp\cirrus-ci-build\src\test\compress_tests.cpp(85): Leaving test case "compress_script_to_cscript_id"; testing time: 13929us
C:\Users\ContainerAdministrator\AppData\Local\Temp\cirrus-ci-build\src\test\compress_tests.cpp(102): Entering test case "compress_script_to_compressed_pubkey_id"
C:\Users\ContainerAdministrator\AppData\Local\Temp\cirrus-ci-build\src\test\compress_tests.cpp(102): Leaving test case "compress_script_to_compressed_pubkey_id"; testing time: 13882us
C:\Users\ContainerAdministrator\AppData\Local\Temp\cirrus-ci-build\src\test\compress_tests.cpp(120): Entering test case "compress_script_to_uncompressed_pubkey_id"
C:\Users\ContainerAdministrator\AppData\Local\Temp\cirrus-ci-build\src\test\compress_tests.cpp(120): Leaving test case "compress_script_to_uncompressed_pubkey_id"; testing time: 12772us
C:\Users\ContainerAdministrator\AppData\Local\Temp\cirrus-ci-build\src\test\compress_tests.cpp(25): Leaving test suite "compress_tests"; testing time: 1769007us
C:\Users\ContainerAdministrator\AppData\Local\Temp\cirrus-ci-build\src\test\crypto_tests.cpp(27): Entering test suite "crypto_tests"
C:\Users\ContainerAdministrator\AppData\Local\Temp\cirrus-ci-build\src\test\crypto_tests.cpp(207): Entering test case "ripemd160_testvectors"
C:\Users\ContainerAdministrator\AppData\Local\Temp\cirrus-ci-build\src\test\crypto_tests.cpp(207): Leaving test case "ripemd160_testvectors"; testing time: 2682032us
C:\Users\ContainerAdministrator\AppData\Local\Temp\cirrus-ci-build\src\test\crypto_tests.cpp(223): Entering test case "sha1_testvectors"
C:\Users\ContainerAdministrator\AppData\Local\Temp\cirrus-ci-build\src\test\crypto_tests.cpp(223): Leaving test case "sha1_testvectors"; testing time: 1362585us
C:\Users\ContainerAdministrator\AppData\Local\Temp\cirrus-ci-build\src\test\crypto_tests.cpp(239): Entering test case "sha256_testvectors"
C:\Users\ContainerAdministrator\AppData\Local\Temp\cirrus-ci-build\src\test\crypto_tests.cpp(239): Leaving test case "sha256_testvectors"; testing time: 1573973us
C:\Users\ContainerAdministrator\AppData\Local\Temp\cirrus-ci-build\src\test\crypto_tests.cpp(261): Entering test case "sha512_testvectors"
C:\Users\ContainerAdministrator\AppData\Local\Temp\cirrus-ci-build\src\test\crypto_tests.cpp(261): Leaving test case "sha512_testvectors"; testing time: 1087224us
C:\Users\ContainerAdministrator\AppData\Local\Temp\cirrus-ci-build\src\test\crypto_tests.cpp(298): Entering test case "hmac_sha256_testvectors"
C:\Users\ContainerAdministrator\AppData\Local\Temp\cirrus-ci-build\src\test\crypto_tests.cpp(298): Leaving test case "hmac_sha256_testvectors"; testing time: 32279us
C:\Users\ContainerAdministrator\AppData\Local\Temp\cirrus-ci-build\src\test\crypto_tests.cpp(351): Entering test case "hmac_sha512_testvectors"
C:\Users\ContainerAdministrator\AppData\Local\Temp\cirrus-ci-build\src\test\crypto_tests.cpp(351): Leaving test case "hmac_sha512_testvectors"; testing time: 37179us
C:\Users\ContainerAdministrator\AppData\Local\Temp\cirrus-ci-build\src\test\crypto_tests.cpp(419): Entering test case "aes_testvectors"
C:\Users\ContainerAdministrator\AppData\Local\Temp\cirrus-ci-build\src\test\crypto_tests.cpp(419): Leaving test case "aes_testvectors"; testing time: 11115us
C:\Users\ContainerAdministrator\AppData\Local\Temp\cirrus-ci-build\src\test\crypto_tests.cpp(430): Entering test case "aes_cbc_testvectors"
C:\Users\ContainerAdministrator\AppData\Local\Temp\cirrus-ci-build\src\test\crypto_tests.cpp(430): Leaving test case "aes_cbc_testvectors"; testing time: 13467us
C:\Users\ContainerAdministrator\AppData\Local\Temp\cirrus-ci-build\src\test\crypto_tests.cpp(461): Entering test case "chacha20_testvector"
C:\Users\ContainerAdministrator\AppData\Local\Temp\cirrus-ci-build\src\test\crypto_tests.cpp(461): Leaving test case "chacha20_testvector"; testing time: 11576us
C:\Users\ContainerAdministrator\AppData\Local\Temp\cirrus-ci-build\src\test\crypto_tests.cpp(503): Entering test case "poly1305_testvector"
C:\Users\ContainerAdministrator\AppData\Local\Temp\cirrus-ci-build\src\test\crypto_tests.cpp(503): Leaving test case "poly1305_testvector"; testing time: 11692us
C:\Users\ContainerAdministrator\AppData\Local\Temp\cirrus-ci-build\src\test\crypto_tests.cpp(573): Entering test case "hkdf_hmac_sha256_l32_tests"
C:\Users\ContainerAdministrator\AppData\Local\Temp\cirrus-ci-build\src\test\crypto_tests.cpp(573): Leaving test case "hkdf_hmac_sha256_l32_tests"; testing time: 10612us
C:\Users\ContainerAdministrator\AppData\Local\Temp\cirrus-ci-build\src\test\crypto_tests.cpp(685): Entering test case "chacha20_poly1305_aead_testvector"
C:\Users\ContainerAdministrator\AppData\Local\Temp\cirrus-ci-build\src\test\crypto_tests.cpp(685): Leaving test case "chacha20_poly1305_aead_testvector"; testing time: 128767us
C:\Users\ContainerAdministrator\AppData\Local\Temp\cirrus-ci-build\src\test\crypto_tests.cpp(718): Entering test case "countbits_tests"
C:\Users\ContainerAdministrator\AppData\Local\Temp\cirrus-ci-build\src\test\crypto_tests.cpp(718): Leaving test case "countbits_tests"; testing time: 210194us
C:\Users\ContainerAdministrator\AppData\Local\Temp\cirrus-ci-build\src\test\crypto_tests.cpp(740): Entering test case "sha256d64"
C:\Users\ContainerAdministrator\AppData\Local\Temp\cirrus-ci-build\src\test\crypto_tests.cpp(740): Leaving test case "sha256d64"; testing time: 17675us
C:\Users\ContainerAdministrator\AppData\Local\Temp\cirrus-ci-build\src\test\crypto_tests.cpp(778): Entering test case "keccak_tests"
C:\Users\ContainerAdministrator\AppData\Local\Temp\cirrus-ci-build\src\test\crypto_tests.cpp(778): Leaving test case "keccak_tests"; testing time: 2676589us
C:\Users\ContainerAdministrator\AppData\Local\Temp\cirrus-ci-build\src\test\crypto_tests.cpp(798): Entering test case "sha3_256_tests"
C:\Users\ContainerAdministrator\AppData\Local\Temp\cirrus-ci-build\src\test\crypto_tests.cpp(798): Leaving test case "sha3_256_tests"; testing time: 19787us
C:\Users\ContainerAdministrator\AppData\Local\Temp\cirrus-ci-build\src\test\crypto_tests.cpp(867): Entering test case "muhash_tests"
C:\Users\ContainerAdministrator\AppData\Local\Temp\cirrus-ci-build\src\test\crypto_tests.cpp(867): Leaving test case "muhash_tests"; testing time: 33059356us
C:\Users\ContainerAdministrator\AppData\Local\Temp\cirrus-ci-build\src\test\crypto_tests.cpp(27): Leaving test suite "crypto_tests"; testing time: 42947932us
C:\Users\ContainerAdministrator\AppData\Local\Temp\cirrus-ci-build\src\test\cuckoocache_tests.cpp(30): Entering test suite "cuckoocache_tests"
C:\Users\ContainerAdministrator\AppData\Local\Temp\cirrus-ci-build\src\test\cuckoocache_tests.cpp(36): Entering test case "test_cuckoocache_no_fakes"
C:\Users\ContainerAdministrator\AppData\Local\Temp\cirrus-ci-build\src\test\cuckoocache_tests.cpp(36): Leaving test case "test_cuckoocache_no_fakes"; testing time: 543008us
C:\Users\ContainerAdministrator\AppData\Local\Temp\cirrus-ci-build\src\test\cuckoocache_tests.cpp(107): Entering test case "cuckoocache_hit_rate_ok"
C:\Users\ContainerAdministrator\AppData\Local\Temp\cirrus-ci-build\src\test\cuckoocache_tests.cpp(107): Leaving test case "cuckoocache_hit_rate_ok"; testing time: 866435us
C:\Users\ContainerAdministrator\AppData\Local\Temp\cirrus-ci-build\src\test\cuckoocache_tests.cpp(180): Entering test case "cuckoocache_erase_ok"
C:\Users\ContainerAdministrator\AppData\Local\Temp\cirrus-ci-build\src\test\cuckoocache_tests.cpp(180): Leaving test case "cuckoocache_erase_ok"; testing time: 379827us
C:\Users\ContainerAdministrator\AppData\Local\Temp\cirrus-ci-build\src\test\cuckoocache_tests.cpp(269): Entering test case "cuckoocache_erase_parallel_ok"
C:\Users\ContainerAdministrator\AppData\Local\Temp\cirrus-ci-build\src\test\cuckoocache_tests.cpp(269): Leaving test case "cuckoocache_erase_parallel_ok"; testing time: 306853us
C:\Users\ContainerAdministrator\AppData\Local\Temp\cirrus-ci-build\src\test\cuckoocache_tests.cpp(366): Entering test case "cuckoocache_generations"
C:\Users\ContainerAdministrator\AppData\Local\Temp\cirrus-ci-build\src\test\cuckoocache_tests.cpp(366): Leaving test case "cuckoocache_generations"; testing time: 3530428us
C:\Users\ContainerAdministrator\AppData\Local\Temp\cirrus-ci-build\src\test\cuckoocache_tests.cpp(30): Leaving test suite "cuckoocache_tests"; testing time: 5627147us
C:\Users\ContainerAdministrator\AppData\Local\Temp\cirrus-ci-build\src\test\dbwrapper_tests.cpp(23): Entering test suite "dbwrapper_tests"
C:\Users\ContainerAdministrator\AppData\Local\Temp\cirrus-ci-build\src\test\dbwrapper_tests.cpp(25): Entering test case "dbwrapper"
C:\Users\ContainerAdministrator\AppData\Local\Temp\cirrus-ci-build\src\test\dbwrapper_tests.cpp(25): Leaving test case "dbwrapper"; testing time: 16557us
C:\Users\ContainerAdministrator\AppData\Local\Temp\cirrus-ci-build\src\test\dbwrapper_tests.cpp(44): Entering test case "dbwrapper_basic_data"
C:\Users\ContainerAdministrator\AppData\Local\Temp\cirrus-ci-build\src\test\dbwrapper_tests.cpp(44): Leaving test case "dbwrapper_basic_data"; testing time: 57876us
C:\Users\ContainerAdministrator\AppData\Local\Temp\cirrus-ci-build\src\test\dbwrapper_tests.cpp(125): Entering test case "dbwrapper_batch"
C:\Users\ContainerAdministrator\AppData\Local\Temp\cirrus-ci-build\src\test\dbwrapper_tests.cpp(125): Leaving test case "dbwrapper_batch"; testing time: 14497us
C:\Users\ContainerAdministrator\AppData\Local\Temp\cirrus-ci-build\src\test\dbwrapper_tests.cpp(161): Entering test case "dbwrapper_iterator"
C:\Users\ContainerAdministrator\AppData\Local\Temp\cirrus-ci-build\src\test\dbwrapper_tests.cpp(161): Leaving test case "dbwrapper_iterator"; testing time: 14382us
C:\Users\ContainerAdministrator\AppData\Local\Temp\cirrus-ci-build\src\test\dbwrapper_tests.cpp(202): Entering test case "existing_data_no_obfuscate"
C:\Users\ContainerAdministrator\AppData\Local\Temp\cirrus-ci-build\src\test\dbwrapper_tests.cpp(202): Leaving test case "existing_data_no_obfuscate"; testing time: 54190us
C:\Users\ContainerAdministrator\AppData\Local\Temp\cirrus-ci-build\src\test\dbwrapper_tests.cpp(243): Entering test case "existing_data_reindex"
C:\Users\ContainerAdministrator\AppData\Local\Temp\cirrus-ci-build\src\test\dbwrapper_tests.cpp(243): Leaving test case "existing_data_reindex"; testing time: 53564us
C:\Users\ContainerAdministrator\AppData\Local\Temp\cirrus-ci-build\src\test\dbwrapper_tests.cpp(279): Entering test case "iterator_ordering"
C:\Users\ContainerAdministrator\AppData\Local\Temp\cirrus-ci-build\src\test\dbwrapper_tests.cpp(279): Leaving test case "iterator_ordering"; testing time: 18789us
C:\Users\ContainerAdministrator\AppData\Local\Temp\cirrus-ci-build\src\test\dbwrapper_tests.cpp(357): Entering test case "iterator_string_ordering"
C:\Users\ContainerAdministrator\AppData\Local\Temp\cirrus-ci-build\src\test\dbwrapper_tests.cpp(357): Leaving test case "iterator_string_ordering"; testing time: 21487us
C:\Users\ContainerAdministrator\AppData\Local\Temp\cirrus-ci-build\src\test\dbwrapper_tests.cpp(401): Entering test case "unicodepath"
C:\Users\ContainerAdministrator\AppData\Local\Temp\cirrus-ci-build\src\test\dbwrapper_tests.cpp(401): Leaving test case "unicodepath"; testing time: 34857us
C:\Users\ContainerAdministrator\AppData\Local\Temp\cirrus-ci-build\src\test\dbwrapper_tests.cpp(23): Leaving test suite "dbwrapper_tests"; testing time: 287310us
C:\Users\ContainerAdministrator\AppData\Local\Temp\cirrus-ci-build\src\test\denialofservice_tests.cpp(36): Entering test suite "denialofservice_tests"
C:\Users\ContainerAdministrator\AppData\Local\Temp\cirrus-ci-build\src\test\denialofservice_tests.cpp(46): Entering test case "outbound_slow_chain_eviction"
C:\Users\ContainerAdministrator\AppData\Local\Temp\cirrus-ci-build\src\test\denialofservice_tests.cpp(46): Leaving test case "outbound_slow_chain_eviction"; testing time: 28494us
C:\Users\ContainerAdministrator\AppData\Local\Temp\cirrus-ci-build\src\test\denialofservice_tests.cpp(130): Entering test case "stale_tip_peer_management"
C:\Users\ContainerAdministrator\AppData\Local\Temp\cirrus-ci-build\src\test\denialofservice_tests.cpp(130): Leaving test case "stale_tip_peer_management"; testing time: 31643us
C:\Users\ContainerAdministrator\AppData\Local\Temp\cirrus-ci-build\src\test\denialofservice_tests.cpp(207): Entering test case "block_relay_only_eviction"
C:\Users\ContainerAdministrator\AppData\Local\Temp\cirrus-ci-build\src\test\denialofservice_tests.cpp(207): Leaving test case "block_relay_only_eviction"; testing time: 34573us
C:\Users\ContainerAdministrator\AppData\Local\Temp\cirrus-ci-build\src\test\denialofservice_tests.cpp(269): Entering test case "peer_discouragement"
C:\Users\ContainerAdministrator\AppData\Local\Temp\cirrus-ci-build\src\test\denialofservice_tests.cpp(269): Leaving test case "peer_discouragement"; testing time: 29841us
C:\Users\ContainerAdministrator\AppData\Local\Temp\cirrus-ci-build\src\test\denialofservice_tests.cpp(372): Entering test case "DoS_bantime"
C:\Users\ContainerAdministrator\AppData\Local\Temp\cirrus-ci-build\src\test\denialofservice_tests.cpp(372): Leaving test case "DoS_bantime"; testing time: 29833us
C:\Users\ContainerAdministrator\AppData\Local\Temp\cirrus-ci-build\src\test\denialofservice_tests.cpp(36): Leaving test suite "denialofservice_tests"; testing time: 154915us
C:\Users\ContainerAdministrator\AppData\Local\Temp\cirrus-ci-build\src\test\descriptor_tests.cpp(371): Entering test suite "descriptor_tests"
C:\Users\ContainerAdministrator\AppData\Local\Temp\cirrus-ci-build\src\test\descriptor_tests.cpp(373): Entering test case "descriptor_test"
C:\Users\ContainerAdministrator\AppData\Local\Temp\cirrus-ci-build\src\test\descriptor_tests.cpp(373): Leaving test case "descriptor_test"; testing time: 2792553us
C:\Users\ContainerAdministrator\AppData\Local\Temp\cirrus-ci-build\src\test\descriptor_tests.cpp(371): Leaving test suite "descriptor_tests"; testing time: 2792660us
C:\Users\ContainerAdministrator\AppData\Local\Temp\cirrus-ci-build\src\test\flatfile_tests.cpp(13): Entering test suite "flatfile_tests"
C:\Users\ContainerAdministrator\AppData\Local\Temp\cirrus-ci-build\src\test\flatfile_tests.cpp(15): Entering test case "flatfile_filename"
C:\Users\ContainerAdministrator\AppData\Local\Temp\cirrus-ci-build\src\test\flatfile_tests.cpp(15): Leaving test case "flatfile_filename"; testing time: 12307us
C:\Users\ContainerAdministrator\AppData\Local\Temp\cirrus-ci-build\src\test\flatfile_tests.cpp(28): Entering test case "flatfile_open"
C:\Users\ContainerAdministrator\AppData\Local\Temp\cirrus-ci-build\src\test\flatfile_tests.cpp(28): Leaving test case "flatfile_open"; testing time: 17441us
C:\Users\ContainerAdministrator\AppData\Local\Temp\cirrus-ci-build\src\test\flatfile_tests.cpp(89): Entering test case "flatfile_allocate"
C:\Users\ContainerAdministrator\AppData\Local\Temp\cirrus-ci-build\src\test\flatfile_tests.cpp(89): Leaving test case "flatfile_allocate"; testing time: 14174us
C:\Users\ContainerAdministrator\AppData\Local\Temp\cirrus-ci-build\src\test\flatfile_tests.cpp(109): Entering test case "flatfile_flush"
C:\Users\ContainerAdministrator\AppData\Local\Temp\cirrus-ci-build\src\test\flatfile_tests.cpp(109): Leaving test case "flatfile_flush"; testing time: 22856us
C:\Users\ContainerAdministrator\AppData\Local\Temp\cirrus-ci-build\src\test\flatfile_tests.cpp(13): Leaving test suite "flatfile_tests"; testing time: 67169us
C:\Users\ContainerAdministrator\AppData\Local\Temp\cirrus-ci-build\src\test\fs_tests.cpp(16): Entering test suite "fs_tests"
C:\Users\ContainerAdministrator\AppData\Local\Temp\cirrus-ci-build\src\test\fs_tests.cpp(18): Entering test case "fsbridge_pathtostring"
C:\Users\ContainerAdministrator\AppData\Local\Temp\cirrus-ci-build\src\test\fs_tests.cpp(18): Leaving test case "fsbridge_pathtostring"; testing time: 11640us
C:\Users\ContainerAdministrator\AppData\Local\Temp\cirrus-ci-build\src\test\fs_tests.cpp(38): Entering test case "fsbridge_stem"
C:\Users\ContainerAdministrator\AppData\Local\Temp\cirrus-ci-build\src\test\fs_tests.cpp(38): Leaving test case "fsbridge_stem"; testing time: 11732us
C:\Users\ContainerAdministrator\AppData\Local\Temp\cirrus-ci-build\src\test\fs_tests.cpp(45): Entering test case "fsbridge_fstream"
C:\Users\ContainerAdministrator\AppData\Local\Temp\cirrus-ci-build\src\test\fs_tests.cpp(45): Leaving test case "fsbridge_fstream"; testing time: 13848us
C:\Users\ContainerAdministrator\AppData\Local\Temp\cirrus-ci-build\src\test\fs_tests.cpp(121): Entering test case "rename"
C:\Users\ContainerAdministrator\AppData\Local\Temp\cirrus-ci-build\src\test\fs_tests.cpp(121): Leaving test case "rename"; testing time: 14142us
C:\Users\ContainerAdministrator\AppData\Local\Temp\cirrus-ci-build\src\test\fs_tests.cpp(156): Entering test case "create_directories"
C:\Users\ContainerAdministrator\AppData\Local\Temp\cirrus-ci-build\src\test\fs_tests.cpp(156): Leaving test case "create_directories"; testing time: 13892us
C:\Users\ContainerAdministrator\AppData\Local\Temp\cirrus-ci-build\src\test\fs_tests.cpp(16): Leaving test suite "fs_tests"; testing time: 65771us
C:\Users\ContainerAdministrator\AppData\Local\Temp\cirrus-ci-build\src\test\getarg_tests.cpp(18): Entering test suite "getarg_tests"
C:\Users\ContainerAdministrator\AppData\Local\Temp\cirrus-ci-build\src\test\getarg_tests.cpp(53): Entering test case "setting_args"
C:\Users\ContainerAdministrator\AppData\Local\Temp\cirrus-ci-build\src\test\getarg_tests.cpp(53): Leaving test case "setting_args"; testing time: 12557us
C:\Users\ContainerAdministrator\AppData\Local\Temp\cirrus-ci-build\src\test\getarg_tests.cpp(156): Entering test case "boolarg"
C:\Users\ContainerAdministrator\AppData\Local\Temp\cirrus-ci-build\src\test\getarg_tests.cpp(156): Leaving test case "boolarg"; testing time: 12081us
C:\Users\ContainerAdministrator\AppData\Local\Temp\cirrus-ci-build\src\test\getarg_tests.cpp(211): Entering test case "stringarg"
C:\Users\ContainerAdministrator\AppData\Local\Temp\cirrus-ci-build\src\test\getarg_tests.cpp(211): Leaving test case "stringarg"; testing time: 11783us
C:\Users\ContainerAdministrator\AppData\Local\Temp\cirrus-ci-build\src\test\getarg_tests.cpp(239): Entering test case "intarg"
C:\Users\ContainerAdministrator\AppData\Local\Temp\cirrus-ci-build\src\test\getarg_tests.cpp(239): Leaving test case "intarg"; testing time: 11971us
C:\Users\ContainerAdministrator\AppData\Local\Temp\cirrus-ci-build\src\test\getarg_tests.cpp(268): Entering test case "patharg"
C:\Users\ContainerAdministrator\AppData\Local\Temp\cirrus-ci-build\src\test\getarg_tests.cpp(268): Leaving test case "patharg"; testing time: 12742us
C:\Users\ContainerAdministrator\AppData\Local\Temp\cirrus-ci-build\src\test\getarg_tests.cpp(380): Entering test case "doubledash"
C:\Users\ContainerAdministrator\AppData\Local\Temp\cirrus-ci-build\src\test\getarg_tests.cpp(380): Leaving test case "doubledash"; testing time: 11711us
C:\Users\ContainerAdministrator\AppData\Local\Temp\cirrus-ci-build\src\test\getarg_tests.cpp(395): Entering test case "boolargno"
C:\Users\ContainerAdministrator\AppData\Local\Temp\cirrus-ci-build\src\test\getarg_tests.cpp(395): Leaving test case "boolargno"; testing time: 13338us
C:\Users\ContainerAdministrator\AppData\Local\Temp\cirrus-ci-build\src\test\getarg_tests.cpp(423): Entering test case "logargs"
C:\Users\ContainerAdministrator\AppData\Local\Temp\cirrus-ci-build\src\test\getarg_tests.cpp(423): Leaving test case "logargs"; testing time: 13377us
C:\Users\ContainerAdministrator\AppData\Local\Temp\cirrus-ci-build\src\test\getarg_tests.cpp(18): Leaving test suite "getarg_tests"; testing time: 100398us
C:\Users\ContainerAdministrator\AppData\Local\Temp\cirrus-ci-build\src\test\hash_tests.cpp(13): Entering test suite "hash_tests"
C:\Users\ContainerAdministrator\AppData\Local\Temp\cirrus-ci-build\src\test\hash_tests.cpp(15): Entering test case "murmurhash3"
C:\Users\ContainerAdministrator\AppData\Local\Temp\cirrus-ci-build\src\test\hash_tests.cpp(15): Leaving test case "murmurhash3"; testing time: 246us
C:\Users\ContainerAdministrator\AppData\Local\Temp\cirrus-ci-build\src\test\hash_tests.cpp(80): Entering test case "siphash"
C:\Users\ContainerAdministrator\AppData\Local\Temp\cirrus-ci-build\src\test\hash_tests.cpp(80): Leaving test case "siphash"; testing time: 756us
C:\Users\ContainerAdministrator\AppData\Local\Temp\cirrus-ci-build\src\test\hash_tests.cpp(13): Leaving test suite "hash_tests"; testing time: 1177us
C:\Users\ContainerAdministrator\AppData\Local\Temp\cirrus-ci-build\src\test\headers_sync_chainwork_tests.cpp(58): Entering test suite "headers_sync_chainwork_tests"
C:\Users\ContainerAdministrator\AppData\Local\Temp\cirrus-ci-build\src\test\headers_sync_chainwork_tests.cpp(68): Entering test case "headers_sync_state"
C:\Users\ContainerAdministrator\AppData\Local\Temp\cirrus-ci-build\src\test\headers_sync_chainwork_tests.cpp(68): Leaving test case "headers_sync_state"; testing time: 890215us
C:\Users\ContainerAdministrator\AppData\Local\Temp\cirrus-ci-build\src\test\headers_sync_chainwork_tests.cpp(58): Leaving test suite "headers_sync_chainwork_tests"; testing time: 890338us
C:\Users\ContainerAdministrator\AppData\Local\Temp\cirrus-ci-build\src\test\httpserver_tests.cpp(10): Entering test suite "httpserver_tests"
C:\Users\ContainerAdministrator\AppData\Local\Temp\cirrus-ci-build\src\test\httpserver_tests.cpp(12): Entering test case "test_query_parameters"
C:\Users\ContainerAdministrator\AppData\Local\Temp\cirrus-ci-build\src\test\httpserver_tests.cpp(12): Leaving test case "test_query_parameters"; testing time: 11933us
C:\Users\ContainerAdministrator\AppData\Local\Temp\cirrus-ci-build\src\test\httpserver_tests.cpp(10): Leaving test suite "httpserver_tests"; testing time: 12082us
C:\Users\ContainerAdministrator\AppData\Local\Temp\cirrus-ci-build\src\test\i2p_tests.cpp(19): Entering test suite "i2p_tests"
C:\Users\ContainerAdministrator\AppData\Local\Temp\cirrus-ci-build\src\test\i2p_tests.cpp(21): Entering test case "unlimited_recv"
C:\Users\ContainerAdministrator\AppData\Local\Temp\cirrus-ci-build\src\test\i2p_tests.cpp(21): Leaving test case "unlimited_recv"; testing time: 12780us
C:\Users\ContainerAdministrator\AppData\Local\Temp\cirrus-ci-build\src\test\i2p_tests.cpp(19): Leaving test suite "i2p_tests"; testing time: 12870us
C:\Users\ContainerAdministrator\AppData\Local\Temp\cirrus-ci-build\src\test\interfaces_tests.cpp(16): Entering test suite "interfaces_tests"
C:\Users\ContainerAdministrator\AppData\Local\Temp\cirrus-ci-build\src\test\interfaces_tests.cpp(18): Entering test case "findBlock"
C:\Users\ContainerAdministrator\AppData\Local\Temp\cirrus-ci-build\src\test\interfaces_tests.cpp(18): Leaving test case "findBlock"; testing time: 614966us
C:\Users\ContainerAdministrator\AppData\Local\Temp\cirrus-ci-build\src\test\interfaces_tests.cpp(63): Entering test case "findFirstBlockWithTimeAndHeight"
C:\Users\ContainerAdministrator\AppData\Local\Temp\cirrus-ci-build\src\test\interfaces_tests.cpp(63): Leaving test case "findFirstBlockWithTimeAndHeight"; testing time: 597425us
C:\Users\ContainerAdministrator\AppData\Local\Temp\cirrus-ci-build\src\test\interfaces_tests.cpp(76): Entering test case "findAncestorByHeight"
C:\Users\ContainerAdministrator\AppData\Local\Temp\cirrus-ci-build\src\test\interfaces_tests.cpp(76): Leaving test case "findAncestorByHeight"; testing time: 602529us
C:\Users\ContainerAdministrator\AppData\Local\Temp\cirrus-ci-build\src\test\interfaces_tests.cpp(87): Entering test case "findAncestorByHash"
C:\Users\ContainerAdministrator\AppData\Local\Temp\cirrus-ci-build\src\test\interfaces_tests.cpp(87): Leaving test case "findAncestorByHash"; testing time: 628882us
C:\Users\ContainerAdministrator\AppData\Local\Temp\cirrus-ci-build\src\test\interfaces_tests.cpp(98): Entering test case "findCommonAncestor"
C:\Users\ContainerAdministrator\AppData\Local\Temp\cirrus-ci-build\src\test\interfaces_tests.cpp(98): Leaving test case "findCommonAncestor"; testing time: 719405us
C:\Users\ContainerAdministrator\AppData\Local\Temp\cirrus-ci-build\src\test\interfaces_tests.cpp(128): Entering test case "hasBlocks"
C:\Users\ContainerAdministrator\AppData\Local\Temp\cirrus-ci-build\src\test\interfaces_tests.cpp(128): Leaving test case "hasBlocks"; testing time: 613982us
C:\Users\ContainerAdministrator\AppData\Local\Temp\cirrus-ci-build\src\test\interfaces_tests.cpp(16): Leaving test suite "interfaces_tests"; testing time: 3777872us
C:\Users\ContainerAdministrator\AppData\Local\Temp\cirrus-ci-build\src\test\key_io_tests.cpp(20): Entering test suite "key_io_tests"
C:\Users\ContainerAdministrator\AppData\Local\Temp\cirrus-ci-build\src\test\key_io_tests.cpp(23): Entering test case "key_io_valid_parse"
C:\Users\ContainerAdministrator\AppData\Local\Temp\cirrus-ci-build\src\test\key_io_tests.cpp(23): Leaving test case "key_io_valid_parse"; testing time: 35257us
C:\Users\ContainerAdministrator\AppData\Local\Temp\cirrus-ci-build\src\test\key_io_tests.cpp(84): Entering test case "key_io_valid_gen"
C:\Users\ContainerAdministrator\AppData\Local\Temp\cirrus-ci-build\src\test\key_io_tests.cpp(84): Leaving test case "key_io_valid_gen"; testing time: 24065us
C:\Users\ContainerAdministrator\AppData\Local\Temp\cirrus-ci-build\src\test\key_io_tests.cpp(122): Entering test case "key_io_invalid"
C:\Users\ContainerAdministrator\AppData\Local\Temp\cirrus-ci-build\src\test\key_io_tests.cpp(122): Leaving test case "key_io_invalid"; testing time: 69340us
C:\Users\ContainerAdministrator\AppData\Local\Temp\cirrus-ci-build\src\test\key_io_tests.cpp(20): Leaving test suite "key_io_tests"; testing time: 128982us
C:\Users\ContainerAdministrator\AppData\Local\Temp\cirrus-ci-build\src\test\key_tests.cpp(32): Entering test suite "key_tests"
C:\Users\ContainerAdministrator\AppData\Local\Temp\cirrus-ci-build\src\test\key_tests.cpp(34): Entering test case "key_test1"
C:\Users\ContainerAdministrator\AppData\Local\Temp\cirrus-ci-build\src\test\key_tests.cpp(34): Leaving test case "key_test1"; testing time: 306113us
C:\Users\ContainerAdministrator\AppData\Local\Temp\cirrus-ci-build\src\test\key_tests.cpp(156): Entering test case "key_signature_tests"
C:\Users\ContainerAdministrator\AppData\Local\Temp\cirrus-ci-build\src\test\key_tests.cpp(156): Leaving test case "key_signature_tests"; testing time: 328315us
C:\Users\ContainerAdministrator\AppData\Local\Temp\cirrus-ci-build\src\test\key_tests.cpp(202): Entering test case "key_key_negation"
C:\Users\ContainerAdministrator\AppData\Local\Temp\cirrus-ci-build\src\test\key_tests.cpp(202): Leaving test case "key_key_negation"; testing time: 14988us
C:\Users\ContainerAdministrator\AppData\Local\Temp\cirrus-ci-build\src\test\key_tests.cpp(261): Entering test case "pubkey_unserialize"
C:\Users\ContainerAdministrator\AppData\Local\Temp\cirrus-ci-build\src\test\key_tests.cpp(261): Leaving test case "pubkey_unserialize"; testing time: 11536us
C:\Users\ContainerAdministrator\AppData\Local\Temp\cirrus-ci-build\src\test\key_tests.cpp(277): Entering test case "bip340_test_vectors"
C:\Users\ContainerAdministrator\AppData\Local\Temp\cirrus-ci-build\src\test\key_tests.cpp(277): Leaving test case "bip340_test_vectors"; testing time: 99260us
C:\Users\ContainerAdministrator\AppData\Local\Temp\cirrus-ci-build\src\test\key_tests.cpp(32): Leaving test suite "key_tests"; testing time: 760730us
C:\Users\ContainerAdministrator\AppData\Local\Temp\cirrus-ci-build\src\test\logging_tests.cpp(20): Entering test suite "logging_tests"
C:\Users\ContainerAdministrator\AppData\Local\Temp\cirrus-ci-build\src\test\logging_tests.cpp(76): Entering test case "logging_timer"
C:\Users\ContainerAdministrator\AppData\Local\Temp\cirrus-ci-build\src\test\logging_tests.cpp(76): Leaving test case "logging_timer"; testing time: 11817us
C:\Users\ContainerAdministrator\AppData\Local\Temp\cirrus-ci-build\src\test\logging_tests.cpp(94): Entering test case "logging_LogPrintf_"
C:\Users\ContainerAdministrator\AppData\Local\Temp\cirrus-ci-build\src\test\logging_tests.cpp(94): Leaving test case "logging_LogPrintf_"; testing time: 12286us
C:\Users\ContainerAdministrator\AppData\Local\Temp\cirrus-ci-build\src\test\logging_tests.cpp(115): Entering test case "logging_LogPrintMacros"
C:\Users\ContainerAdministrator\AppData\Local\Temp\cirrus-ci-build\src\test\logging_tests.cpp(115): Leaving test case "logging_LogPrintMacros"; testing time: 12207us
C:\Users\ContainerAdministrator\AppData\Local\Temp\cirrus-ci-build\src\test\logging_tests.cpp(141): Entering test case "logging_LogPrintMacros_CategoryName"
C:\Users\ContainerAdministrator\AppData\Local\Temp\cirrus-ci-build\src\test\logging_tests.cpp(141): Leaving test case "logging_LogPrintMacros_CategoryName"; testing time: 13458us
C:\Users\ContainerAdministrator\AppData\Local\Temp\cirrus-ci-build\src\test\logging_tests.cpp(171): Entering test case "logging_SeverityLevels"
C:\Users\ContainerAdministrator\AppData\Local\Temp\cirrus-ci-build\src\test\logging_tests.cpp(171): Leaving test case "logging_SeverityLevels"; testing time: 12277us
C:\Users\ContainerAdministrator\AppData\Local\Temp\cirrus-ci-build\src\test\logging_tests.cpp(204): Entering test case "logging_Conf"
C:\Users\ContainerAdministrator\AppData\Local\Temp\cirrus-ci-build\src\test\logging_tests.cpp(204): Leaving test case "logging_Conf"; testing time: 12878us
C:\Users\ContainerAdministrator\AppData\Local\Temp\cirrus-ci-build\src\test\logging_tests.cpp(20): Leaving test suite "logging_tests"; testing time: 75521us
C:\Users\ContainerAdministrator\AppData\Local\Temp\cirrus-ci-build\src\test\mempool_tests.cpp(16): Entering test suite "mempool_tests"
C:\Users\ContainerAdministrator\AppData\Local\Temp\cirrus-ci-build\src\test\mempool_tests.cpp(26): Entering test case "MempoolRemoveTest"
C:\Users\ContainerAdministrator\AppData\Local\Temp\cirrus-ci-build\src\test\mempool_tests.cpp(26): Leaving test case "MempoolRemoveTest"; testing time: 29489us
C:\Users\ContainerAdministrator\AppData\Local\Temp\cirrus-ci-build\src\test\mempool_tests.cpp(129): Entering test case "MempoolIndexingTest"
C:\Users\ContainerAdministrator\AppData\Local\Temp\cirrus-ci-build\src\test\mempool_tests.cpp(129): Leaving test case "MempoolIndexingTest"; testing time: 32450us
C:\Users\ContainerAdministrator\AppData\Local\Temp\cirrus-ci-build\src\test\mempool_tests.cpp(302): Entering test case "MempoolAncestorIndexingTest"
C:\Users\ContainerAdministrator\AppData\Local\Temp\cirrus-ci-build\src\test\mempool_tests.cpp(302): Leaving test case "MempoolAncestorIndexingTest"; testing time: 25645us
C:\Users\ContainerAdministrator\AppData\Local\Temp\cirrus-ci-build\src\test\mempool_tests.cpp(431): Entering test case "MempoolSizeLimitTest"
C:\Users\ContainerAdministrator\AppData\Local\Temp\cirrus-ci-build\src\test\mempool_tests.cpp(431): Leaving test case "MempoolSizeLimitTest"; testing time: 28899us
C:\Users\ContainerAdministrator\AppData\Local\Temp\cirrus-ci-build\src\test\mempool_tests.cpp(600): Entering test case "MempoolAncestryTests"
C:\Users\ContainerAdministrator\AppData\Local\Temp\cirrus-ci-build\src\test\mempool_tests.cpp(600): Leaving test case "MempoolAncestryTests"; testing time: 28030us
C:\Users\ContainerAdministrator\AppData\Local\Temp\cirrus-ci-build\src\test\mempool_tests.cpp(759): Entering test case "MempoolAncestryTestsDiamond"
C:\Users\ContainerAdministrator\AppData\Local\Temp\cirrus-ci-build\src\test\mempool_tests.cpp(759): Leaving test case "MempoolAncestryTestsDiamond"; testing time: 30820us
C:\Users\ContainerAdministrator\AppData\Local\Temp\cirrus-ci-build\src\test\mempool_tests.cpp(16): Leaving test suite "mempool_tests"; testing time: 176061us
C:\Users\ContainerAdministrator\AppData\Local\Temp\cirrus-ci-build\src\test\merkleblock_tests.cpp(14): Entering test suite "merkleblock_tests"
C:\Users\ContainerAdministrator\AppData\Local\Temp\cirrus-ci-build\src\test\merkleblock_tests.cpp(20): Entering test case "merkleblock_construct_from_txids_found"
C:\Users\ContainerAdministrator\AppData\Local\Temp\cirrus-ci-build\src\test\merkleblock_tests.cpp(20): Leaving test case "merkleblock_construct_from_txids_found"; testing time: 1217us
C:\Users\ContainerAdministrator\AppData\Local\Temp\cirrus-ci-build\src\test\merkleblock_tests.cpp(61): Entering test case "merkleblock_construct_from_txids_not_found"
C:\Users\ContainerAdministrator\AppData\Local\Temp\cirrus-ci-build\src\test\merkleblock_tests.cpp(61): Leaving test case "merkleblock_construct_from_txids_not_found"; testing time: 1114us
C:\Users\ContainerAdministrator\AppData\Local\Temp\cirrus-ci-build\src\test\merkleblock_tests.cpp(14): Leaving test suite "merkleblock_tests"; testing time: 2471us
C:\Users\ContainerAdministrator\AppData\Local\Temp\cirrus-ci-build\src\test\merkle_tests.cpp(10): Entering test suite "merkle_tests"
C:\Users\ContainerAdministrator\AppData\Local\Temp\cirrus-ci-build\src\test\merkle_tests.cpp(182): Entering test case "merkle_test"
C:\Users\ContainerAdministrator\AppData\Local\Temp\cirrus-ci-build\src\test\merkle_tests.cpp(182): Leaving test case "merkle_test"; testing time: 5316649us
C:\Users\ContainerAdministrator\AppData\Local\Temp\cirrus-ci-build\src\test\merkle_tests.cpp(252): Entering test case "merkle_test_empty_block"
C:\Users\ContainerAdministrator\AppData\Local\Temp\cirrus-ci-build\src\test\merkle_tests.cpp(252): Leaving test case "merkle_test_empty_block"; testing time: 29928us
C:\Users\ContainerAdministrator\AppData\Local\Temp\cirrus-ci-build\src\test\merkle_tests.cpp(262): Entering test case "merkle_test_oneTx_block"
C:\Users\ContainerAdministrator\AppData\Local\Temp\cirrus-ci-build\src\test\merkle_tests.cpp(262): Leaving test case "merkle_test_oneTx_block"; testing time: 23651us
C:\Users\ContainerAdministrator\AppData\Local\Temp\cirrus-ci-build\src\test\merkle_tests.cpp(276): Entering test case "merkle_test_OddTxWithRepeatedLastTx_block"
C:\Users\ContainerAdministrator\AppData\Local\Temp\cirrus-ci-build\src\test\merkle_tests.cpp(276): Leaving test case "merkle_test_OddTxWithRepeatedLastTx_block"; testing time: 23197us
C:\Users\ContainerAdministrator\AppData\Local\Temp\cirrus-ci-build\src\test\merkle_tests.cpp(300): Entering test case "merkle_test_LeftSubtreeRightSubtree"
C:\Users\ContainerAdministrator\AppData\Local\Temp\cirrus-ci-build\src\test\merkle_tests.cpp(300): Leaving test case "merkle_test_LeftSubtreeRightSubtree"; testing time: 28574us
C:\Users\ContainerAdministrator\AppData\Local\Temp\cirrus-ci-build\src\test\merkle_tests.cpp(329): Entering test case "merkle_test_BlockWitness"
C:\Users\ContainerAdministrator\AppData\Local\Temp\cirrus-ci-build\src\test\merkle_tests.cpp(329): Leaving test case "merkle_test_BlockWitness"; testing time: 25731us
C:\Users\ContainerAdministrator\AppData\Local\Temp\cirrus-ci-build\src\test\merkle_tests.cpp(10): Leaving test suite "merkle_tests"; testing time: 5448368us
C:\Users\ContainerAdministrator\AppData\Local\Temp\cirrus-ci-build\src\test\miner_tests.cpp(54): Entering test suite "miner_tests"
C:\Users\ContainerAdministrator\AppData\Local\Temp\cirrus-ci-build\src\test\miner_tests.cpp(601): Entering test case "CreateNewBlock_validity"
C:\Users\ContainerAdministrator\AppData\Local\Temp\cirrus-ci-build\src\test\miner_tests.cpp(601): Leaving test case "CreateNewBlock_validity"; testing time: 11208428us
C:\Users\ContainerAdministrator\AppData\Local\Temp\cirrus-ci-build\src\test\miner_tests.cpp(54): Leaving test suite "miner_tests"; testing time: 11208536us
C:\Users\ContainerAdministrator\AppData\Local\Temp\cirrus-ci-build\src\test\miniscript_tests.cpp(159): Entering test suite "miniscript_tests"
C:\Users\ContainerAdministrator\AppData\Local\Temp\cirrus-ci-build\src\test\miniscript_tests.cpp(161): Entering test case "fixed_tests"
C:\Users\ContainerAdministrator\AppData\Local\Temp\cirrus-ci-build\src\test\miniscript_tests.cpp(161): Leaving test case "fixed_tests"; testing time: 96665us
C:\Users\ContainerAdministrator\AppData\Local\Temp\cirrus-ci-build\src\test\miniscript_tests.cpp(159): Leaving test suite "miniscript_tests"; testing time: 96774us
C:\Users\ContainerAdministrator\AppData\Local\Temp\cirrus-ci-build\src\test\minisketch_tests.cpp(16): Entering test suite "minisketch_tests"
C:\Users\ContainerAdministrator\AppData\Local\Temp\cirrus-ci-build\src\test\minisketch_tests.cpp(18): Entering test case "minisketch_test"
C:\Users\ContainerAdministrator\AppData\Local\Temp\cirrus-ci-build\src\test\minisketch_tests.cpp(18): Leaving test case "minisketch_test"; testing time: 555607us
C:\Users\ContainerAdministrator\AppData\Local\Temp\cirrus-ci-build\src\test\minisketch_tests.cpp(16): Leaving test suite "minisketch_tests"; testing time: 555703us
C:\Users\ContainerAdministrator\AppData\Local\Temp\cirrus-ci-build\src\test\multisig_tests.cpp(19): Entering test suite "multisig_tests"
C:\Users\ContainerAdministrator\AppData\Local\Temp\cirrus-ci-build\src\test\multisig_tests.cpp(38): Entering test case "multisig_verify"
C:\Users\ContainerAdministrator\AppData\Local\Temp\cirrus-ci-build\src\test\multisig_tests.cpp(38): Leaving test case "multisig_verify"; testing time: 103113us
C:\Users\ContainerAdministrator\AppData\Local\Temp\cirrus-ci-build\src\test\multisig_tests.cpp(138): Entering test case "multisig_IsStandard"
C:\Users\ContainerAdministrator\AppData\Local\Temp\cirrus-ci-build\src\test\multisig_tests.cpp(138): Leaving test case "multisig_IsStandard"; testing time: 18237us
C:\Users\ContainerAdministrator\AppData\Local\Temp\cirrus-ci-build\src\test\multisig_tests.cpp(182): Entering test case "multisig_Sign"
C:\Users\ContainerAdministrator\AppData\Local\Temp\cirrus-ci-build\src\test\multisig_tests.cpp(182): Leaving test case "multisig_Sign"; testing time: 34422us
C:\Users\ContainerAdministrator\AppData\Local\Temp\cirrus-ci-build\src\test\multisig_tests.cpp(19): Leaving test suite "multisig_tests"; testing time: 156100us
C:\Users\ContainerAdministrator\AppData\Local\Temp\cirrus-ci-build\src\test\netbase_tests.cpp(23): Entering test suite "netbase_tests"
C:\Users\ContainerAdministrator\AppData\Local\Temp\cirrus-ci-build\src\test\netbase_tests.cpp(46): Entering test case "netbase_networks"
C:\Users\ContainerAdministrator\AppData\Local\Temp\cirrus-ci-build\src\test\netbase_tests.cpp(46): Leaving test case "netbase_networks"; testing time: 17280us
C:\Users\ContainerAdministrator\AppData\Local\Temp\cirrus-ci-build\src\test\netbase_tests.cpp(56): Entering test case "netbase_properties"
C:\Users\ContainerAdministrator\AppData\Local\Temp\cirrus-ci-build\src\test\netbase_tests.cpp(56): Leaving test case "netbase_properties"; testing time: 12068us
C:\Users\ContainerAdministrator\AppData\Local\Temp\cirrus-ci-build\src\test\netbase_tests.cpp(95): Entering test case "netbase_splithost"
C:\Users\ContainerAdministrator\AppData\Local\Temp\cirrus-ci-build\src\test\netbase_tests.cpp(95): Leaving test case "netbase_splithost"; testing time: 11835us
C:\Users\ContainerAdministrator\AppData\Local\Temp\cirrus-ci-build\src\test\netbase_tests.cpp(137): Entering test case "netbase_lookupnumeric"
C:\Users\ContainerAdministrator\AppData\Local\Temp\cirrus-ci-build\src\test\netbase_tests.cpp(137): Leaving test case "netbase_lookupnumeric"; testing time: 11931us
C:\Users\ContainerAdministrator\AppData\Local\Temp\cirrus-ci-build\src\test\netbase_tests.cpp(153): Entering test case "embedded_test"
C:\Users\ContainerAdministrator\AppData\Local\Temp\cirrus-ci-build\src\test\netbase_tests.cpp(153): Leaving test case "embedded_test"; testing time: 11904us
C:\Users\ContainerAdministrator\AppData\Local\Temp\cirrus-ci-build\src\test\netbase_tests.cpp(161): Entering test case "subnet_test"
C:\Users\ContainerAdministrator\AppData\Local\Temp\cirrus-ci-build\src\test\netbase_tests.cpp(161): Leaving test case "subnet_test"; testing time: 14414us
C:\Users\ContainerAdministrator\AppData\Local\Temp\cirrus-ci-build\src\test\netbase_tests.cpp(334): Entering test case "netbase_getgroup"
C:\Users\ContainerAdministrator\AppData\Local\Temp\cirrus-ci-build\src\test\netbase_tests.cpp(334): Leaving test case "netbase_getgroup"; testing time: 13275us
C:\Users\ContainerAdministrator\AppData\Local\Temp\cirrus-ci-build\src\test\netbase_tests.cpp(354): Entering test case "netbase_parsenetwork"
C:\Users\ContainerAdministrator\AppData\Local\Temp\cirrus-ci-build\src\test\netbase_tests.cpp(354): Leaving test case "netbase_parsenetwork"; testing time: 12840us
C:\Users\ContainerAdministrator\AppData\Local\Temp\cirrus-ci-build\src\test\netbase_tests.cpp(374): Entering test case "netpermissions_test"
C:\Users\ContainerAdministrator\AppData\Local\Temp\cirrus-ci-build\src\test\netbase_tests.cpp(374): Leaving test case "netpermissions_test"; testing time: 12348us
C:\Users\ContainerAdministrator\AppData\Local\Temp\cirrus-ci-build\src\test\netbase_tests.cpp(478): Entering test case "netbase_dont_resolve_strings_with_embedded_nul_characters"
C:\Users\ContainerAdministrator\AppData\Local\Temp\cirrus-ci-build\src\test\netbase_tests.cpp(478): Leaving test case "netbase_dont_resolve_strings_with_embedded_nul_characters"; testing time: 12004us
C:\Users\ContainerAdministrator\AppData\Local\Temp\cirrus-ci-build\src\test\netbase_tests.cpp(563): Entering test case "caddress_serialize_v1"
C:\Users\ContainerAdministrator\AppData\Local\Temp\cirrus-ci-build\src\test\netbase_tests.cpp(563): Leaving test case "caddress_serialize_v1"; testing time: 11808us
C:\Users\ContainerAdministrator\AppData\Local\Temp\cirrus-ci-build\src\test\netbase_tests.cpp(571): Entering test case "caddress_unserialize_v1"
C:\Users\ContainerAdministrator\AppData\Local\Temp\cirrus-ci-build\src\test\netbase_tests.cpp(571): Leaving test case "caddress_unserialize_v1"; testing time: 11759us
C:\Users\ContainerAdministrator\AppData\Local\Temp\cirrus-ci-build\src\test\netbase_tests.cpp(580): Entering test case "caddress_serialize_v2"
C:\Users\ContainerAdministrator\AppData\Local\Temp\cirrus-ci-build\src\test\netbase_tests.cpp(580): Leaving test case "caddress_serialize_v2"; testing time: 11515us
C:\Users\ContainerAdministrator\AppData\Local\Temp\cirrus-ci-build\src\test\netbase_tests.cpp(588): Entering test case "caddress_unserialize_v2"
C:\Users\ContainerAdministrator\AppData\Local\Temp\cirrus-ci-build\src\test\netbase_tests.cpp(588): Leaving test case "caddress_unserialize_v2"; testing time: 12594us
C:\Users\ContainerAdministrator\AppData\Local\Temp\cirrus-ci-build\src\test\netbase_tests.cpp(597): Entering test case "isbadport"
C:\Users\ContainerAdministrator\AppData\Local\Temp\cirrus-ci-build\src\test\netbase_tests.cpp(597): Leaving test case "isbadport"; testing time: 12747us
C:\Users\ContainerAdministrator\AppData\Local\Temp\cirrus-ci-build\src\test\netbase_tests.cpp(23): Leaving test suite "netbase_tests"; testing time: 191907us
C:\Users\ContainerAdministrator\AppData\Local\Temp\cirrus-ci-build\src\test\net_peer_eviction_tests.cpp(18): Entering test suite "net_peer_eviction_tests"
C:\Users\ContainerAdministrator\AppData\Local\Temp\cirrus-ci-build\src\test\net_peer_eviction_tests.cpp(62): Entering test case "peer_protection_test"
C:\Users\ContainerAdministrator\AppData\Local\Temp\cirrus-ci-build\src\test\net_peer_eviction_tests.cpp(62): Leaving test case "peer_protection_test"; testing time: 13999us
C:\Users\ContainerAdministrator\AppData\Local\Temp\cirrus-ci-build\src\test\net_peer_eviction_tests.cpp(595): Entering test case "peer_eviction_test"
C:\Users\ContainerAdministrator\AppData\Local\Temp\cirrus-ci-build\src\test\net_peer_eviction_tests.cpp(595): Leaving test case "peer_eviction_test"; testing time: 675489us
C:\Users\ContainerAdministrator\AppData\Local\Temp\cirrus-ci-build\src\test\net_peer_eviction_tests.cpp(18): Leaving test suite "net_peer_eviction_tests"; testing time: 689689us
C:\Users\ContainerAdministrator\AppData\Local\Temp\cirrus-ci-build\src\test\net_tests.cpp(36): Entering test suite "net_tests"
C:\Users\ContainerAdministrator\AppData\Local\Temp\cirrus-ci-build\src\test\net_tests.cpp(38): Entering test case "cnode_listen_port"
C:\Users\ContainerAdministrator\AppData\Local\Temp\cirrus-ci-build\src\test\net_tests.cpp(38): Leaving test case "cnode_listen_port"; testing time: 27058us
C:\Users\ContainerAdministrator\AppData\Local\Temp\cirrus-ci-build\src\test\net_tests.cpp(50): Entering test case "cnode_simple_test"
C:\Users\ContainerAdministrator\AppData\Local\Temp\cirrus-ci-build\src\test\net_tests.cpp(50): Leaving test case "cnode_simple_test"; testing time: 27179us
C:\Users\ContainerAdministrator\AppData\Local\Temp\cirrus-ci-build\src\test\net_tests.cpp(133): Entering test case "cnetaddr_basic"
C:\Users\ContainerAdministrator\AppData\Local\Temp\cirrus-ci-build\src\test\net_tests.cpp(133): Leaving test case "cnetaddr_basic"; testing time: 25899us
C:\Users\ContainerAdministrator\AppData\Local\Temp\cirrus-ci-build\src\test\net_tests.cpp(274): Entering test case "cnetaddr_tostring_canonical_ipv6"
C:\Users\ContainerAdministrator\AppData\Local\Temp\cirrus-ci-build\src\test\net_tests.cpp(274): Leaving test case "cnetaddr_tostring_canonical_ipv6"; testing time: 28332us
C:\Users\ContainerAdministrator\AppData\Local\Temp\cirrus-ci-build\src\test\net_tests.cpp(328): Entering test case "cnetaddr_serialize_v1"
C:\Users\ContainerAdministrator\AppData\Local\Temp\cirrus-ci-build\src\test\net_tests.cpp(328): Leaving test case "cnetaddr_serialize_v1"; testing time: 26978us
C:\Users\ContainerAdministrator\AppData\Local\Temp\cirrus-ci-build\src\test\net_tests.cpp(361): Entering test case "cnetaddr_serialize_v2"
C:\Users\ContainerAdministrator\AppData\Local\Temp\cirrus-ci-build\src\test\net_tests.cpp(361): Leaving test case "cnetaddr_serialize_v2"; testing time: 30136us
C:\Users\ContainerAdministrator\AppData\Local\Temp\cirrus-ci-build\src\test\net_tests.cpp(397): Entering test case "cnetaddr_unserialize_v2"
C:\Users\ContainerAdministrator\AppData\Local\Temp\cirrus-ci-build\src\test\net_tests.cpp(397): Leaving test case "cnetaddr_unserialize_v2"; testing time: 26720us
C:\Users\ContainerAdministrator\AppData\Local\Temp\cirrus-ci-build\src\test\net_tests.cpp(607): Entering test case "ipv4_peer_with_ipv6_addrMe_test"
C:\Users\ContainerAdministrator\AppData\Local\Temp\cirrus-ci-build\src\test\net_tests.cpp(607): Leaving test case "ipv4_peer_with_ipv6_addrMe_test"; testing time: 26898us
C:\Users\ContainerAdministrator\AppData\Local\Temp\cirrus-ci-build\src\test\net_tests.cpp(658): Entering test case "get_local_addr_for_peer_port"
C:\Users\ContainerAdministrator\AppData\Local\Temp\cirrus-ci-build\src\test\net_tests.cpp(658): Leaving test case "get_local_addr_for_peer_port"; testing time: 26502us
C:\Users\ContainerAdministrator\AppData\Local\Temp\cirrus-ci-build\src\test\net_tests.cpp(722): Entering test case "LimitedAndReachable_Network"
C:\Users\ContainerAdministrator\AppData\Local\Temp\cirrus-ci-build\src\test\net_tests.cpp(722): Leaving test case "LimitedAndReachable_Network"; testing time: 25588us
C:\Users\ContainerAdministrator\AppData\Local\Temp\cirrus-ci-build\src\test\net_tests.cpp(755): Entering test case "LimitedAndReachable_NetworkCaseUnroutableAndInternal"
C:\Users\ContainerAdministrator\AppData\Local\Temp\cirrus-ci-build\src\test\net_tests.cpp(755): Leaving test case "LimitedAndReachable_NetworkCaseUnroutableAndInternal"; testing time: 25151us
C:\Users\ContainerAdministrator\AppData\Local\Temp\cirrus-ci-build\src\test\net_tests.cpp(778): Entering test case "LimitedAndReachable_CNetAddr"
C:\Users\ContainerAdministrator\AppData\Local\Temp\cirrus-ci-build\src\test\net_tests.cpp(778): Leaving test case "LimitedAndReachable_CNetAddr"; testing time: 29505us
C:\Users\ContainerAdministrator\AppData\Local\Temp\cirrus-ci-build\src\test\net_tests.cpp(792): Entering test case "LocalAddress_BasicLifecycle"
C:\Users\ContainerAdministrator\AppData\Local\Temp\cirrus-ci-build\src\test\net_tests.cpp(792): Leaving test case "LocalAddress_BasicLifecycle"; testing time: 31276us
C:\Users\ContainerAdministrator\AppData\Local\Temp\cirrus-ci-build\src\test\net_tests.cpp(806): Entering test case "initial_advertise_from_version_message"
C:\Users\ContainerAdministrator\AppData\Local\Temp\cirrus-ci-build\src\test\net_tests.cpp(806): Leaving test case "initial_advertise_from_version_message"; testing time: 39571us
C:\Users\ContainerAdministrator\AppData\Local\Temp\cirrus-ci-build\src\test\net_tests.cpp(36): Leaving test suite "net_tests"; testing time: 398504us
C:\Users\ContainerAdministrator\AppData\Local\Temp\cirrus-ci-build\src\test\orphanage_tests.cpp(18): Entering test suite "orphanage_tests"
C:\Users\ContainerAdministrator\AppData\Local\Temp\cirrus-ci-build\src\test\orphanage_tests.cpp(46): Entering test case "DoS_mapOrphans"
C:\Users\ContainerAdministrator\AppData\Local\Temp\cirrus-ci-build\src\test\orphanage_tests.cpp(46): Leaving test case "DoS_mapOrphans"; testing time: 461595us
C:\Users\ContainerAdministrator\AppData\Local\Temp\cirrus-ci-build\src\test\orphanage_tests.cpp(18): Leaving test suite "orphanage_tests"; testing time: 461695us
C:\Users\ContainerAdministrator\AppData\Local\Temp\cirrus-ci-build\src\test\pmt_tests.cpp(28): Entering test suite "pmt_tests"
C:\Users\ContainerAdministrator\AppData\Local\Temp\cirrus-ci-build\src\test\pmt_tests.cpp(30): Entering test case "pmt_test1"
C:\Users\ContainerAdministrator\AppData\Local\Temp\cirrus-ci-build\src\test\pmt_tests.cpp(30): Leaving test case "pmt_test1"; testing time: 1595159us
C:\Users\ContainerAdministrator\AppData\Local\Temp\cirrus-ci-build\src\test\pmt_tests.cpp(107): Entering test case "pmt_malleability"
C:\Users\ContainerAdministrator\AppData\Local\Temp\cirrus-ci-build\src\test\pmt_tests.cpp(107): Leaving test case "pmt_malleability"; testing time: 11886us
C:\Users\ContainerAdministrator\AppData\Local\Temp\cirrus-ci-build\src\test\pmt_tests.cpp(28): Leaving test suite "pmt_tests"; testing time: 1607255us
C:\Users\ContainerAdministrator\AppData\Local\Temp\cirrus-ci-build\src\test\policyestimator_tests.cpp(16): Entering test suite "policyestimator_tests"
C:\Users\ContainerAdministrator\AppData\Local\Temp\cirrus-ci-build\src\test\policyestimator_tests.cpp(18): Entering test case "BlockPolicyEstimates"
C:\Users\ContainerAdministrator\AppData\Local\Temp\cirrus-ci-build\src\test\policyestimator_tests.cpp(18): Leaving test case "BlockPolicyEstimates"; testing time: 2051468us
C:\Users\ContainerAdministrator\AppData\Local\Temp\cirrus-ci-build\src\test\policyestimator_tests.cpp(16): Leaving test suite "policyestimator_tests"; testing time: 2051575us
C:\Users\ContainerAdministrator\AppData\Local\Temp\cirrus-ci-build\src\test\policy_fee_tests.cpp(12): Entering test suite "policy_fee_tests"
C:\Users\ContainerAdministrator\AppData\Local\Temp\cirrus-ci-build\src\test\policy_fee_tests.cpp(14): Entering test case "FeeRounder"
C:\Users\ContainerAdministrator\AppData\Local\Temp\cirrus-ci-build\src\test\policy_fee_tests.cpp(14): Leaving test case "FeeRounder"; testing time: 168us
C:\Users\ContainerAdministrator\AppData\Local\Temp\cirrus-ci-build\src\test\policy_fee_tests.cpp(12): Leaving test suite "policy_fee_tests"; testing time: 214us
C:\Users\ContainerAdministrator\AppData\Local\Temp\cirrus-ci-build\src\test\pow_tests.cpp(12): Entering test suite "pow_tests"
C:\Users\ContainerAdministrator\AppData\Local\Temp\cirrus-ci-build\src\test\pow_tests.cpp(15): Entering test case "get_next_work"
C:\Users\ContainerAdministrator\AppData\Local\Temp\cirrus-ci-build\src\test\pow_tests.cpp(15): Leaving test case "get_next_work"; testing time: 12626us
C:\Users\ContainerAdministrator\AppData\Local\Temp\cirrus-ci-build\src\test\pow_tests.cpp(34): Entering test case "get_next_work_pow_limit"
C:\Users\ContainerAdministrator\AppData\Local\Temp\cirrus-ci-build\src\test\pow_tests.cpp(34): Leaving test case "get_next_work_pow_limit"; testing time: 12475us
C:\Users\ContainerAdministrator\AppData\Local\Temp\cirrus-ci-build\src\test\pow_tests.cpp(48): Entering test case "get_next_work_lower_limit_actual"
C:\Users\ContainerAdministrator\AppData\Local\Temp\cirrus-ci-build\src\test\pow_tests.cpp(48): Leaving test case "get_next_work_lower_limit_actual"; testing time: 12041us
C:\Users\ContainerAdministrator\AppData\Local\Temp\cirrus-ci-build\src\test\pow_tests.cpp(65): Entering test case "get_next_work_upper_limit_actual"
C:\Users\ContainerAdministrator\AppData\Local\Temp\cirrus-ci-build\src\test\pow_tests.cpp(65): Leaving test case "get_next_work_upper_limit_actual"; testing time: 12160us
C:\Users\ContainerAdministrator\AppData\Local\Temp\cirrus-ci-build\src\test\pow_tests.cpp(81): Entering test case "CheckProofOfWork_test_negative_target"
C:\Users\ContainerAdministrator\AppData\Local\Temp\cirrus-ci-build\src\test\pow_tests.cpp(81): Leaving test case "CheckProofOfWork_test_negative_target"; testing time: 12081us
C:\Users\ContainerAdministrator\AppData\Local\Temp\cirrus-ci-build\src\test\pow_tests.cpp(91): Entering test case "CheckProofOfWork_test_overflow_target"
C:\Users\ContainerAdministrator\AppData\Local\Temp\cirrus-ci-build\src\test\pow_tests.cpp(91): Leaving test case "CheckProofOfWork_test_overflow_target"; testing time: 12203us
C:\Users\ContainerAdministrator\AppData\Local\Temp\cirrus-ci-build\src\test\pow_tests.cpp(100): Entering test case "CheckProofOfWork_test_too_easy_target"
C:\Users\ContainerAdministrator\AppData\Local\Temp\cirrus-ci-build\src\test\pow_tests.cpp(100): Leaving test case "CheckProofOfWork_test_too_easy_target"; testing time: 12590us
C:\Users\ContainerAdministrator\AppData\Local\Temp\cirrus-ci-build\src\test\pow_tests.cpp(112): Entering test case "CheckProofOfWork_test_biger_hash_than_target"
C:\Users\ContainerAdministrator\AppData\Local\Temp\cirrus-ci-build\src\test\pow_tests.cpp(112): Leaving test case "CheckProofOfWork_test_biger_hash_than_target"; testing time: 12201us
C:\Users\ContainerAdministrator\AppData\Local\Temp\cirrus-ci-build\src\test\pow_tests.cpp(124): Entering test case "CheckProofOfWork_test_zero_target"
C:\Users\ContainerAdministrator\AppData\Local\Temp\cirrus-ci-build\src\test\pow_tests.cpp(124): Leaving test case "CheckProofOfWork_test_zero_target"; testing time: 12227us
C:\Users\ContainerAdministrator\AppData\Local\Temp\cirrus-ci-build\src\test\pow_tests.cpp(135): Entering test case "GetBlockProofEquivalentTime_test"
C:\Users\ContainerAdministrator\AppData\Local\Temp\cirrus-ci-build\src\test\pow_tests.cpp(135): Leaving test case "GetBlockProofEquivalentTime_test"; testing time: 38842us
C:\Users\ContainerAdministrator\AppData\Local\Temp\cirrus-ci-build\src\test\pow_tests.cpp(184): Entering test case "ChainParams_MAIN_sanity"
C:\Users\ContainerAdministrator\AppData\Local\Temp\cirrus-ci-build\src\test\pow_tests.cpp(184): Leaving test case "ChainParams_MAIN_sanity"; testing time: 14519us
C:\Users\ContainerAdministrator\AppData\Local\Temp\cirrus-ci-build\src\test\pow_tests.cpp(189): Entering test case "ChainParams_REGTEST_sanity"
C:\Users\ContainerAdministrator\AppData\Local\Temp\cirrus-ci-build\src\test\pow_tests.cpp(189): Leaving test case "ChainParams_REGTEST_sanity"; testing time: 13657us
C:\Users\ContainerAdministrator\AppData\Local\Temp\cirrus-ci-build\src\test\pow_tests.cpp(194): Entering test case "ChainParams_TESTNET_sanity"
C:\Users\ContainerAdministrator\AppData\Local\Temp\cirrus-ci-build\src\test\pow_tests.cpp(194): Leaving test case "ChainParams_TESTNET_sanity"; testing time: 13863us
C:\Users\ContainerAdministrator\AppData\Local\Temp\cirrus-ci-build\src\test\pow_tests.cpp(199): Entering test case "ChainParams_SIGNET_sanity"
C:\Users\ContainerAdministrator\AppData\Local\Temp\cirrus-ci-build\src\test\pow_tests.cpp(199): Leaving test case "ChainParams_SIGNET_sanity"; testing time: 13829us
C:\Users\ContainerAdministrator\AppData\Local\Temp\cirrus-ci-build\src\test\pow_tests.cpp(12): Leaving test suite "pow_tests"; testing time: 206801us
C:\Users\ContainerAdministrator\AppData\Local\Temp\cirrus-ci-build\src\test\prevector_tests.cpp(16): Entering test suite "prevector_tests"
C:\Users\ContainerAdministrator\AppData\Local\Temp\cirrus-ci-build\src\test\prevector_tests.cpp(218): Entering test case "PrevectorTestInt"
C:\Users\ContainerAdministrator\AppData\Local\Temp\cirrus-ci-build\src\test\prevector_tests.cpp(218): Leaving test case "PrevectorTestInt"; testing time: 2914310us
C:\Users\ContainerAdministrator\AppData\Local\Temp\cirrus-ci-build\src\test\prevector_tests.cpp(16): Leaving test suite "prevector_tests"; testing time: 2914412us
C:\Users\ContainerAdministrator\AppData\Local\Temp\cirrus-ci-build\src\test\raii_event_tests.cpp(16): Entering test suite "raii_event_tests"
C:\Users\ContainerAdministrator\AppData\Local\Temp\cirrus-ci-build\src\test\raii_event_tests.cpp(38): Entering test case "raii_event_creation"
C:\Users\ContainerAdministrator\AppData\Local\Temp\cirrus-ci-build\src\test\raii_event_tests.cpp(38): Leaving test case "raii_event_creation"; testing time: 14765us
C:\Users\ContainerAdministrator\AppData\Local\Temp\cirrus-ci-build\src\test\raii_event_tests.cpp(67): Entering test case "raii_event_order"
C:\Users\ContainerAdministrator\AppData\Local\Temp\cirrus-ci-build\src\test\raii_event_tests.cpp(67): Leaving test case "raii_event_order"; testing time: 13565us
C:\Users\ContainerAdministrator\AppData\Local\Temp\cirrus-ci-build\src\test\raii_event_tests.cpp(16): Leaving test suite "raii_event_tests"; testing time: 28551us
C:\Users\ContainerAdministrator\AppData\Local\Temp\cirrus-ci-build\src\test\random_tests.cpp(14): Entering test suite "random_tests"
C:\Users\ContainerAdministrator\AppData\Local\Temp\cirrus-ci-build\src\test\random_tests.cpp(16): Entering test case "osrandom_tests"
C:\Users\ContainerAdministrator\AppData\Local\Temp\cirrus-ci-build\src\test\random_tests.cpp(16): Leaving test case "osrandom_tests"; testing time: 34450us
C:\Users\ContainerAdministrator\AppData\Local\Temp\cirrus-ci-build\src\test\random_tests.cpp(21): Entering test case "fastrandom_tests"
C:\Users\ContainerAdministrator\AppData\Local\Temp\cirrus-ci-build\src\test\random_tests.cpp(21): Leaving test case "fastrandom_tests"; testing time: 13693us
C:\Users\ContainerAdministrator\AppData\Local\Temp\cirrus-ci-build\src\test\random_tests.cpp(89): Entering test case "fastrandom_randbits"
C:\Users\ContainerAdministrator\AppData\Local\Temp\cirrus-ci-build\src\test\random_tests.cpp(89): Leaving test case "fastrandom_randbits"; testing time: 344138us
C:\Users\ContainerAdministrator\AppData\Local\Temp\cirrus-ci-build\src\test\random_tests.cpp(105): Entering test case "stdrandom_test"
C:\Users\ContainerAdministrator\AppData\Local\Temp\cirrus-ci-build\src\test\random_tests.cpp(105): Leaving test case "stdrandom_test"; testing time: 18072us
C:\Users\ContainerAdministrator\AppData\Local\Temp\cirrus-ci-build\src\test\random_tests.cpp(127): Entering test case "shuffle_stat_test"
C:\Users\ContainerAdministrator\AppData\Local\Temp\cirrus-ci-build\src\test\random_tests.cpp(127): Leaving test case "shuffle_stat_test"; testing time: 21314us
C:\Users\ContainerAdministrator\AppData\Local\Temp\cirrus-ci-build\src\test\random_tests.cpp(14): Leaving test suite "random_tests"; testing time: 432262us
C:\Users\ContainerAdministrator\AppData\Local\Temp\cirrus-ci-build\src\test\rbf_tests.cpp(17): Entering test suite "rbf_tests"
C:\Users\ContainerAdministrator\AppData\Local\Temp\cirrus-ci-build\src\test\rbf_tests.cpp(55): Entering test case "rbf_helper_functions"
C:\Users\ContainerAdministrator\AppData\Local\Temp\cirrus-ci-build\src\test\rbf_tests.cpp(55): Leaving test case "rbf_helper_functions"; testing time: 633637us
C:\Users\ContainerAdministrator\AppData\Local\Temp\cirrus-ci-build\src\test\rbf_tests.cpp(17): Leaving test suite "rbf_tests"; testing time: 633753us
C:\Users\ContainerAdministrator\AppData\Local\Temp\cirrus-ci-build\src\test\rest_tests.cpp(12): Entering test suite "rest_tests"
C:\Users\ContainerAdministrator\AppData\Local\Temp\cirrus-ci-build\src\test\rest_tests.cpp(14): Entering test case "test_query_string"
C:\Users\ContainerAdministrator\AppData\Local\Temp\cirrus-ci-build\src\test\rest_tests.cpp(14): Leaving test case "test_query_string"; testing time: 12391us
C:\Users\ContainerAdministrator\AppData\Local\Temp\cirrus-ci-build\src\test\rest_tests.cpp(12): Leaving test suite "rest_tests"; testing time: 12484us
C:\Users\ContainerAdministrator\AppData\Local\Temp\cirrus-ci-build\src\test\result_tests.cpp(19): Entering test suite "result_tests"
C:\Users\ContainerAdministrator\AppData\Local\Temp\cirrus-ci-build\src\test\result_tests.cpp(76): Entering test case "check_returned"
C:\Users\ContainerAdministrator\AppData\Local\Temp\cirrus-ci-build\src\test\result_tests.cpp(76): Leaving test case "check_returned"; testing time: 253us
C:\Users\ContainerAdministrator\AppData\Local\Temp\cirrus-ci-build\src\test\result_tests.cpp(86): Entering test case "check_value_or"
C:\Users\ContainerAdministrator\AppData\Local\Temp\cirrus-ci-build\src\test\result_tests.cpp(86): Leaving test case "check_value_or"; testing time: 84us
C:\Users\ContainerAdministrator\AppData\Local\Temp\cirrus-ci-build\src\test\result_tests.cpp(19): Leaving test suite "result_tests"; testing time: 473us
C:\Users\ContainerAdministrator\AppData\Local\Temp\cirrus-ci-build\src\test\reverselock_tests.cpp(12): Entering test suite "reverselock_tests"
C:\Users\ContainerAdministrator\AppData\Local\Temp\cirrus-ci-build\src\test\reverselock_tests.cpp(14): Entering test case "reverselock_basics"
C:\Users\ContainerAdministrator\AppData\Local\Temp\cirrus-ci-build\src\test\reverselock_tests.cpp(14): Leaving test case "reverselock_basics"; testing time: 48us
C:\Users\ContainerAdministrator\AppData\Local\Temp\cirrus-ci-build\src\test\reverselock_tests.cpp(27): Entering test case "reverselock_multiple"
C:\Users\ContainerAdministrator\AppData\Local\Temp\cirrus-ci-build\src\test\reverselock_tests.cpp(27): Leaving test case "reverselock_multiple"; testing time: 66us
C:\Users\ContainerAdministrator\AppData\Local\Temp\cirrus-ci-build\src\test\reverselock_tests.cpp(45): Entering test case "reverselock_errors"
C:\Users\ContainerAdministrator\AppData\Local\Temp\cirrus-ci-build\src\test\reverselock_tests.cpp(45): Leaving test case "reverselock_errors"; testing time: 176us
C:\Users\ContainerAdministrator\AppData\Local\Temp\cirrus-ci-build\src\test\reverselock_tests.cpp(12): Leaving test suite "reverselock_tests"; testing time: 468us
C:\Users\ContainerAdministrator\AppData\Local\Temp\cirrus-ci-build\src\test\rpc_tests.cpp(46): Entering test suite "rpc_tests"
C:\Users\ContainerAdministrator\AppData\Local\Temp\cirrus-ci-build\src\test\rpc_tests.cpp(48): Entering test case "rpc_rawparams"
C:\Users\ContainerAdministrator\AppData\Local\Temp\cirrus-ci-build\src\test\rpc_tests.cpp(48): Leaving test case "rpc_rawparams"; testing time: 31251us
C:\Users\ContainerAdministrator\AppData\Local\Temp\cirrus-ci-build\src\test\rpc_tests.cpp(83): Entering test case "rpc_togglenetwork"
C:\Users\ContainerAdministrator\AppData\Local\Temp\cirrus-ci-build\src\test\rpc_tests.cpp(83): Leaving test case "rpc_togglenetwork"; testing time: 25807us
C:\Users\ContainerAdministrator\AppData\Local\Temp\cirrus-ci-build\src\test\rpc_tests.cpp(105): Entering test case "rpc_rawsign"
C:\Users\ContainerAdministrator\AppData\Local\Temp\cirrus-ci-build\src\test\rpc_tests.cpp(105): Leaving test case "rpc_rawsign"; testing time: 31258us
C:\Users\ContainerAdministrator\AppData\Local\Temp\cirrus-ci-build\src\test\rpc_tests.cpp(124): Entering test case "rpc_createraw_op_return"
C:\Users\ContainerAdministrator\AppData\Local\Temp\cirrus-ci-build\src\test\rpc_tests.cpp(124): Leaving test case "rpc_createraw_op_return"; testing time: 25598us
C:\Users\ContainerAdministrator\AppData\Local\Temp\cirrus-ci-build\src\test\rpc_tests.cpp(139): Entering test case "rpc_format_monetary_values"
C:\Users\ContainerAdministrator\AppData\Local\Temp\cirrus-ci-build\src\test\rpc_tests.cpp(139): Leaving test case "rpc_format_monetary_values"; testing time: 25379us
C:\Users\ContainerAdministrator\AppData\Local\Temp\cirrus-ci-build\src\test\rpc_tests.cpp(191): Entering test case "rpc_parse_monetary_values"
C:\Users\ContainerAdministrator\AppData\Local\Temp\cirrus-ci-build\src\test\rpc_tests.cpp(191): Leaving test case "rpc_parse_monetary_values"; testing time: 23815us
C:\Users\ContainerAdministrator\AppData\Local\Temp\cirrus-ci-build\src\test\rpc_tests.cpp(224): Entering test case "json_parse_errors"
C:\Users\ContainerAdministrator\AppData\Local\Temp\cirrus-ci-build\src\test\rpc_tests.cpp(224): Leaving test case "json_parse_errors"; testing time: 24327us
C:\Users\ContainerAdministrator\AppData\Local\Temp\cirrus-ci-build\src\test\rpc_tests.cpp(245): Entering test case "rpc_ban"
C:\Users\ContainerAdministrator\AppData\Local\Temp\cirrus-ci-build\src\test\rpc_tests.cpp(245): Leaving test case "rpc_ban"; testing time: 32973us
C:\Users\ContainerAdministrator\AppData\Local\Temp\cirrus-ci-build\src\test\rpc_tests.cpp(335): Entering test case "rpc_convert_values_generatetoaddress"
C:\Users\ContainerAdministrator\AppData\Local\Temp\cirrus-ci-build\src\test\rpc_tests.cpp(335): Leaving test case "rpc_convert_values_generatetoaddress"; testing time: 26535us
C:\Users\ContainerAdministrator\AppData\Local\Temp\cirrus-ci-build\src\test\rpc_tests.cpp(358): Entering test case "rpc_getblockstats_calculate_percentiles_by_weight"
C:\Users\ContainerAdministrator\AppData\Local\Temp\cirrus-ci-build\src\test\rpc_tests.cpp(358): Leaving test case "rpc_getblockstats_calculate_percentiles_by_weight"; testing time: 25224us
C:\Users\ContainerAdministrator\AppData\Local\Temp\cirrus-ci-build\src\test\rpc_tests.cpp(436): Entering test case "help_example"
C:\Users\ContainerAdministrator\AppData\Local\Temp\cirrus-ci-build\src\test\rpc_tests.cpp(436): Leaving test case "help_example"; testing time: 25539us
C:\Users\ContainerAdministrator\AppData\Local\Temp\cirrus-ci-build\src\test\rpc_tests.cpp(46): Leaving test suite "rpc_tests"; testing time: 298923us
C:\Users\ContainerAdministrator\AppData\Local\Temp\cirrus-ci-build\src\test\sanity_tests.cpp(11): Entering test suite "sanity_tests"
C:\Users\ContainerAdministrator\AppData\Local\Temp\cirrus-ci-build\src\test\sanity_tests.cpp(13): Entering test case "basic_sanity"
C:\Users\ContainerAdministrator\AppData\Local\Temp\cirrus-ci-build\src\test\sanity_tests.cpp(13): Leaving test case "basic_sanity"; testing time: 14232us
C:\Users\ContainerAdministrator\AppData\Local\Temp\cirrus-ci-build\src\test\sanity_tests.cpp(11): Leaving test suite "sanity_tests"; testing time: 14333us
C:\Users\ContainerAdministrator\AppData\Local\Temp\cirrus-ci-build\src\test\scheduler_tests.cpp(16): Entering test suite "scheduler_tests"
C:\Users\ContainerAdministrator\AppData\Local\Temp\cirrus-ci-build\src\test\scheduler_tests.cpp(31): Entering test case "manythreads"
C:\Users\ContainerAdministrator\AppData\Local\Temp\cirrus-ci-build\src\test\scheduler_tests.cpp(31): Leaving test case "manythreads"; testing time: 4258us
C:\Users\ContainerAdministrator\AppData\Local\Temp\cirrus-ci-build\src\test\scheduler_tests.cpp(108): Entering test case "wait_until_past"
C:\Users\ContainerAdministrator\AppData\Local\Temp\cirrus-ci-build\src\test\scheduler_tests.cpp(108): Leaving test case "wait_until_past"; testing time: 73us
C:\Users\ContainerAdministrator\AppData\Local\Temp\cirrus-ci-build\src\test\scheduler_tests.cpp(126): Entering test case "singlethreadedscheduler_ordered"
C:\Users\ContainerAdministrator\AppData\Local\Temp\cirrus-ci-build\src\test\scheduler_tests.cpp(126): Leaving test case "singlethreadedscheduler_ordered"; testing time: 2954us
C:\Users\ContainerAdministrator\AppData\Local\Temp\cirrus-ci-build\src\test\scheduler_tests.cpp(172): Entering test case "mockforward"
C:\Users\ContainerAdministrator\AppData\Local\Temp\cirrus-ci-build\src\test\scheduler_tests.cpp(172): Leaving test case "mockforward"; testing time: 6634us
C:\Users\ContainerAdministrator\AppData\Local\Temp\cirrus-ci-build\src\test\scheduler_tests.cpp(16): Leaving test suite "scheduler_tests"; testing time: 14219us
C:\Users\ContainerAdministrator\AppData\Local\Temp\cirrus-ci-build\src\test\scriptnum_tests.cpp(13): Entering test suite "scriptnum_tests"
C:\Users\ContainerAdministrator\AppData\Local\Temp\cirrus-ci-build\src\test\scriptnum_tests.cpp(165): Entering test case "creation"
C:\Users\ContainerAdministrator\AppData\Local\Temp\cirrus-ci-build\src\test\scriptnum_tests.cpp(165): Leaving test case "creation"; testing time: 25695us
C:\Users\ContainerAdministrator\AppData\Local\Temp\cirrus-ci-build\src\test\scriptnum_tests.cpp(178): Entering test case "operators"
C:\Users\ContainerAdministrator\AppData\Local\Temp\cirrus-ci-build\src\test\scriptnum_tests.cpp(178): Leaving test case "operators"; testing time: 137149us
C:\Users\ContainerAdministrator\AppData\Local\Temp\cirrus-ci-build\src\test\scriptnum_tests.cpp(13): Leaving test suite "scriptnum_tests"; testing time: 163065us
C:\Users\ContainerAdministrator\AppData\Local\Temp\cirrus-ci-build\src\test\script_p2sh_tests.cpp(51): Entering test suite "script_p2sh_tests"
C:\Users\ContainerAdministrator\AppData\Local\Temp\cirrus-ci-build\src\test\script_p2sh_tests.cpp(53): Entering test case "sign"
C:\Users\ContainerAdministrator\AppData\Local\Temp\cirrus-ci-build\src\test\script_p2sh_tests.cpp(53): Leaving test case "sign"; testing time: 37067us
C:\Users\ContainerAdministrator\AppData\Local\Temp\cirrus-ci-build\src\test\script_p2sh_tests.cpp(125): Entering test case "norecurse"
C:\Users\ContainerAdministrator\AppData\Local\Temp\cirrus-ci-build\src\test\script_p2sh_tests.cpp(125): Leaving test case "norecurse"; testing time: 13315us
C:\Users\ContainerAdministrator\AppData\Local\Temp\cirrus-ci-build\src\test\script_p2sh_tests.cpp(152): Entering test case "set"
C:\Users\ContainerAdministrator\AppData\Local\Temp\cirrus-ci-build\src\test\script_p2sh_tests.cpp(152): Leaving test case "set"; testing time: 28618us
C:\Users\ContainerAdministrator\AppData\Local\Temp\cirrus-ci-build\src\test\script_p2sh_tests.cpp(205): Entering test case "is"
C:\Users\ContainerAdministrator\AppData\Local\Temp\cirrus-ci-build\src\test\script_p2sh_tests.cpp(205): Leaving test case "is"; testing time: 11816us
C:\Users\ContainerAdministrator\AppData\Local\Temp\cirrus-ci-build\src\test\script_p2sh_tests.cpp(245): Entering test case "switchover"
C:\Users\ContainerAdministrator\AppData\Local\Temp\cirrus-ci-build\src\test\script_p2sh_tests.cpp(245): Leaving test case "switchover"; testing time: 12040us
C:\Users\ContainerAdministrator\AppData\Local\Temp\cirrus-ci-build\src\test\script_p2sh_tests.cpp(265): Entering test case "AreInputsStandard"
C:\Users\ContainerAdministrator\AppData\Local\Temp\cirrus-ci-build\src\test\script_p2sh_tests.cpp(265): Leaving test case "AreInputsStandard"; testing time: 30905us
C:\Users\ContainerAdministrator\AppData\Local\Temp\cirrus-ci-build\src\test\script_p2sh_tests.cpp(51): Leaving test suite "script_p2sh_tests"; testing time: 134367us
C:\Users\ContainerAdministrator\AppData\Local\Temp\cirrus-ci-build\src\test\script_parse_tests.cpp(12): Entering test suite "script_parse_tests"
C:\Users\ContainerAdministrator\AppData\Local\Temp\cirrus-ci-build\src\test\script_parse_tests.cpp(13): Entering test case "parse_script"
C:\Users\ContainerAdministrator\AppData\Local\Temp\cirrus-ci-build\src\test\script_parse_tests.cpp(13): Leaving test case "parse_script"; testing time: 696us
C:\Users\ContainerAdministrator\AppData\Local\Temp\cirrus-ci-build\src\test\script_parse_tests.cpp(12): Leaving test suite "script_parse_tests"; testing time: 761us
C:\Users\ContainerAdministrator\AppData\Local\Temp\cirrus-ci-build\src\test\script_segwit_tests.cpp(10): Entering test suite "script_segwit_tests"
C:\Users\ContainerAdministrator\AppData\Local\Temp\cirrus-ci-build\src\test\script_segwit_tests.cpp(12): Entering test case "IsPayToWitnessScriptHash_Valid"
C:\Users\ContainerAdministrator\AppData\Local\Temp\cirrus-ci-build\src\test\script_segwit_tests.cpp(12): Leaving test case "IsPayToWitnessScriptHash_Valid"; testing time: 11926us
C:\Users\ContainerAdministrator\AppData\Local\Temp\cirrus-ci-build\src\test\script_segwit_tests.cpp(24): Entering test case "IsPayToWitnessScriptHash_Invalid_NotOp0"
C:\Users\ContainerAdministrator\AppData\Local\Temp\cirrus-ci-build\src\test\script_segwit_tests.cpp(24): Leaving test case "IsPayToWitnessScriptHash_Invalid_NotOp0"; testing time: 11807us
C:\Users\ContainerAdministrator\AppData\Local\Temp\cirrus-ci-build\src\test\script_segwit_tests.cpp(32): Entering test case "IsPayToWitnessScriptHash_Invalid_Size"
C:\Users\ContainerAdministrator\AppData\Local\Temp\cirrus-ci-build\src\test\script_segwit_tests.cpp(32): Leaving test case "IsPayToWitnessScriptHash_Invalid_Size"; testing time: 11570us
C:\Users\ContainerAdministrator\AppData\Local\Temp\cirrus-ci-build\src\test\script_segwit_tests.cpp(40): Entering test case "IsPayToWitnessScriptHash_Invalid_Nop"
C:\Users\ContainerAdministrator\AppData\Local\Temp\cirrus-ci-build\src\test\script_segwit_tests.cpp(40): Leaving test case "IsPayToWitnessScriptHash_Invalid_Nop"; testing time: 11605us
C:\Users\ContainerAdministrator\AppData\Local\Temp\cirrus-ci-build\src\test\script_segwit_tests.cpp(48): Entering test case "IsPayToWitnessScriptHash_Invalid_EmptyScript"
C:\Users\ContainerAdministrator\AppData\Local\Temp\cirrus-ci-build\src\test\script_segwit_tests.cpp(48): Leaving test case "IsPayToWitnessScriptHash_Invalid_EmptyScript"; testing time: 12132us
C:\Users\ContainerAdministrator\AppData\Local\Temp\cirrus-ci-build\src\test\script_segwit_tests.cpp(54): Entering test case "IsPayToWitnessScriptHash_Invalid_Pushdata"
C:\Users\ContainerAdministrator\AppData\Local\Temp\cirrus-ci-build\src\test\script_segwit_tests.cpp(54): Leaving test case "IsPayToWitnessScriptHash_Invalid_Pushdata"; testing time: 11790us
C:\Users\ContainerAdministrator\AppData\Local\Temp\cirrus-ci-build\src\test\script_segwit_tests.cpp(93): Entering test case "IsWitnessProgram_Valid"
C:\Users\ContainerAdministrator\AppData\Local\Temp\cirrus-ci-build\src\test\script_segwit_tests.cpp(93): Leaving test case "IsWitnessProgram_Valid"; testing time: 11708us
C:\Users\ContainerAdministrator\AppData\Local\Temp\cirrus-ci-build\src\test\script_segwit_tests.cpp(113): Entering test case "IsWitnessProgram_Invalid_Version"
C:\Users\ContainerAdministrator\AppData\Local\Temp\cirrus-ci-build\src\test\script_segwit_tests.cpp(113): Leaving test case "IsWitnessProgram_Invalid_Version"; testing time: 11982us
C:\Users\ContainerAdministrator\AppData\Local\Temp\cirrus-ci-build\src\test\script_segwit_tests.cpp(121): Entering test case "IsWitnessProgram_Invalid_Size"
C:\Users\ContainerAdministrator\AppData\Local\Temp\cirrus-ci-build\src\test\script_segwit_tests.cpp(121): Leaving test case "IsWitnessProgram_Invalid_Size"; testing time: 12607us
C:\Users\ContainerAdministrator\AppData\Local\Temp\cirrus-ci-build\src\test\script_segwit_tests.cpp(134): Entering test case "IsWitnessProgram_Invalid_Nop"
C:\Users\ContainerAdministrator\AppData\Local\Temp\cirrus-ci-build\src\test\script_segwit_tests.cpp(134): Leaving test case "IsWitnessProgram_Invalid_Nop"; testing time: 11960us
C:\Users\ContainerAdministrator\AppData\Local\Temp\cirrus-ci-build\src\test\script_segwit_tests.cpp(142): Entering test case "IsWitnessProgram_Invalid_EmptyScript"
C:\Users\ContainerAdministrator\AppData\Local\Temp\cirrus-ci-build\src\test\script_segwit_tests.cpp(142): Leaving test case "IsWitnessProgram_Invalid_EmptyScript"; testing time: 11655us
C:\Users\ContainerAdministrator\AppData\Local\Temp\cirrus-ci-build\src\test\script_segwit_tests.cpp(148): Entering test case "IsWitnessProgram_Invalid_Pushdata"
C:\Users\ContainerAdministrator\AppData\Local\Temp\cirrus-ci-build\src\test\script_segwit_tests.cpp(148): Leaving test case "IsWitnessProgram_Invalid_Pushdata"; testing time: 11758us
C:\Users\ContainerAdministrator\AppData\Local\Temp\cirrus-ci-build\src\test\script_segwit_tests.cpp(10): Leaving test suite "script_segwit_tests"; testing time: 143685us
C:\Users\ContainerAdministrator\AppData\Local\Temp\cirrus-ci-build\src\test\script_standard_tests.cpp(20): Entering test suite "script_standard_tests"
C:\Users\ContainerAdministrator\AppData\Local\Temp\cirrus-ci-build\src\test\script_standard_tests.cpp(22): Entering test case "dest_default_is_no_dest"
C:\Users\ContainerAdministrator\AppData\Local\Temp\cirrus-ci-build\src\test\script_standard_tests.cpp(22): Leaving test case "dest_default_is_no_dest"; testing time: 11823us
C:\Users\ContainerAdministrator\AppData\Local\Temp\cirrus-ci-build\src\test\script_standard_tests.cpp(28): Entering test case "script_standard_Solver_success"
C:\Users\ContainerAdministrator\AppData\Local\Temp\cirrus-ci-build\src\test\script_standard_tests.cpp(28): Leaving test case "script_standard_Solver_success"; testing time: 13675us
C:\Users\ContainerAdministrator\AppData\Local\Temp\cirrus-ci-build\src\test\script_standard_tests.cpp(137): Entering test case "script_standard_Solver_failure"
C:\Users\ContainerAdministrator\AppData\Local\Temp\cirrus-ci-build\src\test\script_standard_tests.cpp(137): Leaving test case "script_standard_Solver_failure"; testing time: 12366us
C:\Users\ContainerAdministrator\AppData\Local\Temp\cirrus-ci-build\src\test\script_standard_tests.cpp(193): Entering test case "script_standard_ExtractDestination"
C:\Users\ContainerAdministrator\AppData\Local\Temp\cirrus-ci-build\src\test\script_standard_tests.cpp(193): Leaving test case "script_standard_ExtractDestination"; testing time: 12426us
C:\Users\ContainerAdministrator\AppData\Local\Temp\cirrus-ci-build\src\test\script_standard_tests.cpp(259): Entering test case "script_standard_GetScriptFor_"
C:\Users\ContainerAdministrator\AppData\Local\Temp\cirrus-ci-build\src\test\script_standard_tests.cpp(259): Leaving test case "script_standard_GetScriptFor_"; testing time: 13478us
C:\Users\ContainerAdministrator\AppData\Local\Temp\cirrus-ci-build\src\test\script_standard_tests.cpp(326): Entering test case "script_standard_taproot_builder"
C:\Users\ContainerAdministrator\AppData\Local\Temp\cirrus-ci-build\src\test\script_standard_tests.cpp(326): Leaving test case "script_standard_taproot_builder"; testing time: 13859us
C:\Users\ContainerAdministrator\AppData\Local\Temp\cirrus-ci-build\src\test\script_standard_tests.cpp(392): Entering test case "bip341_spk_test_vectors"
C:\Users\ContainerAdministrator\AppData\Local\Temp\cirrus-ci-build\src\test\script_standard_tests.cpp(392): Leaving test case "bip341_spk_test_vectors"; testing time: 18529us
C:\Users\ContainerAdministrator\AppData\Local\Temp\cirrus-ci-build\src\test\script_standard_tests.cpp(20): Leaving test suite "script_standard_tests"; testing time: 96871us
C:\Users\ContainerAdministrator\AppData\Local\Temp\cirrus-ci-build\src\test\script_tests.cpp(126): Entering test suite "script_tests"
C:\Users\ContainerAdministrator\AppData\Local\Temp\cirrus-ci-build\src\test\script_tests.cpp(456): Entering test case "script_build"
C:\Users\ContainerAdministrator\AppData\Local\Temp\cirrus-ci-build\src\test\script_tests.cpp(456): Leaving test case "script_build"; testing time: 1776393us
C:\Users\ContainerAdministrator\AppData\Local\Temp\cirrus-ci-build\src\test\script_tests.cpp(933): Entering test case "script_json_test"
C:\Users\ContainerAdministrator\AppData\Local\Temp\cirrus-ci-build\src\test\script_tests.cpp(933): Leaving test case "script_json_test"; testing time: 1051017us
C:\Users\ContainerAdministrator\AppData\Local\Temp\cirrus-ci-build\src\test\script_tests.cpp(976): Entering test case "script_PushData"
C:\Users\ContainerAdministrator\AppData\Local\Temp\cirrus-ci-build\src\test\script_tests.cpp(976): Leaving test case "script_PushData"; testing time: 12045us
C:\Users\ContainerAdministrator\AppData\Local\Temp\cirrus-ci-build\src\test\script_tests.cpp(1018): Entering test case "script_cltv_truncated"
C:\Users\ContainerAdministrator\AppData\Local\Temp\cirrus-ci-build\src\test\script_tests.cpp(1018): Leaving test case "script_cltv_truncated"; testing time: 11652us
C:\Users\ContainerAdministrator\AppData\Local\Temp\cirrus-ci-build\src\test\script_tests.cpp(1060): Entering test case "script_CHECKMULTISIG12"
C:\Users\ContainerAdministrator\AppData\Local\Temp\cirrus-ci-build\src\test\script_tests.cpp(1060): Leaving test case "script_CHECKMULTISIG12"; testing time: 19626us
C:\Users\ContainerAdministrator\AppData\Local\Temp\cirrus-ci-build\src\test\script_tests.cpp(1090): Entering test case "script_CHECKMULTISIG23"
C:\Users\ContainerAdministrator\AppData\Local\Temp\cirrus-ci-build\src\test\script_tests.cpp(1090): Leaving test case "script_CHECKMULTISIG23"; testing time: 37219us
C:\Users\ContainerAdministrator\AppData\Local\Temp\cirrus-ci-build\src\test\script_tests.cpp(1169): Entering test case "script_combineSigs"
C:\Users\ContainerAdministrator\AppData\Local\Temp\cirrus-ci-build\src\test\script_tests.cpp(1169): Leaving test case "script_combineSigs"; testing time: 42791us
C:\Users\ContainerAdministrator\AppData\Local\Temp\cirrus-ci-build\src\test\script_tests.cpp(1283): Entering test case "script_standard_push"
C:\Users\ContainerAdministrator\AppData\Local\Temp\cirrus-ci-build\src\test\script_tests.cpp(1283): Leaving test case "script_standard_push"; testing time: 849973us
C:\Users\ContainerAdministrator\AppData\Local\Temp\cirrus-ci-build\src\test\script_tests.cpp(1304): Entering test case "script_IsPushOnly_on_invalid_scripts"
C:\Users\ContainerAdministrator\AppData\Local\Temp\cirrus-ci-build\src\test\script_tests.cpp(1304): Leaving test case "script_IsPushOnly_on_invalid_scripts"; testing time: 11676us
C:\Users\ContainerAdministrator\AppData\Local\Temp\cirrus-ci-build\src\test\script_tests.cpp(1315): Entering test case "script_GetScriptAsm"
C:\Users\ContainerAdministrator\AppData\Local\Temp\cirrus-ci-build\src\test\script_tests.cpp(1315): Leaving test case "script_GetScriptAsm"; testing time: 12932us
C:\Users\ContainerAdministrator\AppData\Local\Temp\cirrus-ci-build\src\test\script_tests.cpp(1351): Entering test case "script_FindAndDelete"
C:\Users\ContainerAdministrator\AppData\Local\Temp\cirrus-ci-build\src\test\script_tests.cpp(1351): Leaving test case "script_FindAndDelete"; testing time: 12239us
C:\Users\ContainerAdministrator\AppData\Local\Temp\cirrus-ci-build\src\test\script_tests.cpp(1460): Entering test case "script_HasValidOps"
C:\Users\ContainerAdministrator\AppData\Local\Temp\cirrus-ci-build\src\test\script_tests.cpp(1460): Leaving test case "script_HasValidOps"; testing time: 11915us
C:\Users\ContainerAdministrator\AppData\Local\Temp\cirrus-ci-build\src\test\script_tests.cpp(1507): Entering test case "bitcoinconsensus_verify_script_returns_true"
C:\Users\ContainerAdministrator\AppData\Local\Temp\cirrus-ci-build\src\test\script_tests.cpp(1507): Leaving test case "bitcoinconsensus_verify_script_returns_true"; testing time: 12565us
C:\Users\ContainerAdministrator\AppData\Local\Temp\cirrus-ci-build\src\test\script_tests.cpp(1530): Entering test case "bitcoinconsensus_verify_script_tx_index_err"
C:\Users\ContainerAdministrator\AppData\Local\Temp\cirrus-ci-build\src\test\script_tests.cpp(1530): Leaving test case "bitcoinconsensus_verify_script_tx_index_err"; testing time: 11849us
C:\Users\ContainerAdministrator\AppData\Local\Temp\cirrus-ci-build\src\test\script_tests.cpp(1553): Entering test case "bitcoinconsensus_verify_script_tx_size"
C:\Users\ContainerAdministrator\AppData\Local\Temp\cirrus-ci-build\src\test\script_tests.cpp(1553): Leaving test case "bitcoinconsensus_verify_script_tx_size"; testing time: 12059us
C:\Users\ContainerAdministrator\AppData\Local\Temp\cirrus-ci-build\src\test\script_tests.cpp(1576): Entering test case "bitcoinconsensus_verify_script_tx_serialization"
C:\Users\ContainerAdministrator\AppData\Local\Temp\cirrus-ci-build\src\test\script_tests.cpp(1576): Leaving test case "bitcoinconsensus_verify_script_tx_serialization"; testing time: 12300us
C:\Users\ContainerAdministrator\AppData\Local\Temp\cirrus-ci-build\src\test\script_tests.cpp(1599): Entering test case "bitcoinconsensus_verify_script_amount_required_err"
C:\Users\ContainerAdministrator\AppData\Local\Temp\cirrus-ci-build\src\test\script_tests.cpp(1599): Leaving test case "bitcoinconsensus_verify_script_amount_required_err"; testing time: 13575us
C:\Users\ContainerAdministrator\AppData\Local\Temp\cirrus-ci-build\src\test\script_tests.cpp(1622): Entering test case "bitcoinconsensus_verify_script_invalid_flags"
C:\Users\ContainerAdministrator\AppData\Local\Temp\cirrus-ci-build\src\test\script_tests.cpp(1622): Leaving test case "bitcoinconsensus_verify_script_invalid_flags"; testing time: 13912us
C:\Users\ContainerAdministrator\AppData\Local\Temp\cirrus-ci-build\src\test\script_tests.cpp(1719): Entering test case "script_assets_test"
C:/Users/ContainerAdministrator/AppData/Local/Temp/cirrus-ci-build/src/test/script_tests.cpp(1725): warning: in "script_tests/script_assets_test": Variable DIR_UNIT_TEST_DATA unset, skipping script_assets_test
Test case script_tests/script_assets_test did not check any assertions
C:\Users\ContainerAdministrator\AppData\Local\Temp\cirrus-ci-build\src\test\script_tests.cpp(1719): Leaving test case "script_assets_test"; testing time: 11319us
C:\Users\ContainerAdministrator\AppData\Local\Temp\cirrus-ci-build\src\test\script_tests.cpp(1748): Entering test case "bip341_keypath_test_vectors"
C:\Users\ContainerAdministrator\AppData\Local\Temp\cirrus-ci-build\src\test\script_tests.cpp(1748): Leaving test case "bip341_keypath_test_vectors"; testing time: 25715us
C:\Users\ContainerAdministrator\AppData\Local\Temp\cirrus-ci-build\src\test\script_tests.cpp(126): Leaving test suite "script_tests"; testing time: 3964997us
C:\Users\ContainerAdministrator\AppData\Local\Temp\cirrus-ci-build\src\test\serfloat_tests.cpp(16): Entering test suite "serfloat_tests"
C:\Users\ContainerAdministrator\AppData\Local\Temp\cirrus-ci-build\src\test\serfloat_tests.cpp(38): Entering test case "double_serfloat_tests"
C:\Users\ContainerAdministrator\AppData\Local\Temp\cirrus-ci-build\src\test\serfloat_tests.cpp(38): Leaving test case "double_serfloat_tests"; testing time: 5567465us
C:\Users\ContainerAdministrator\AppData\Local\Temp\cirrus-ci-build\src\test\serfloat_tests.cpp(112): Entering test case "doubles"
C:\Users\ContainerAdministrator\AppData\Local\Temp\cirrus-ci-build\src\test\serfloat_tests.cpp(112): Leaving test case "doubles"; testing time: 18057us
C:\Users\ContainerAdministrator\AppData\Local\Temp\cirrus-ci-build\src\test\serfloat_tests.cpp(16): Leaving test suite "serfloat_tests"; testing time: 5585748us
C:\Users\ContainerAdministrator\AppData\Local\Temp\cirrus-ci-build\src\test\serialize_tests.cpp(15): Entering test suite "serialize_tests"
C:\Users\ContainerAdministrator\AppData\Local\Temp\cirrus-ci-build\src\test\serialize_tests.cpp(62): Entering test case "sizes"
C:\Users\ContainerAdministrator\AppData\Local\Temp\cirrus-ci-build\src\test\serialize_tests.cpp(62): Leaving test case "sizes"; testing time: 12046us
C:\Users\ContainerAdministrator\AppData\Local\Temp\cirrus-ci-build\src\test\serialize_tests.cpp(89): Entering test case "varints"
C:\Users\ContainerAdministrator\AppData\Local\Temp\cirrus-ci-build\src\test\serialize_tests.cpp(89): Leaving test case "varints"; testing time: 592912us
C:\Users\ContainerAdministrator\AppData\Local\Temp\cirrus-ci-build\src\test\serialize_tests.cpp(121): Entering test case "varints_bitpatterns"
C:\Users\ContainerAdministrator\AppData\Local\Temp\cirrus-ci-build\src\test\serialize_tests.cpp(121): Leaving test case "varints_bitpatterns"; testing time: 12158us
C:\Users\ContainerAdministrator\AppData\Local\Temp\cirrus-ci-build\src\test\serialize_tests.cpp(142): Entering test case "compactsize"
C:\Users\ContainerAdministrator\AppData\Local\Temp\cirrus-ci-build\src\test\serialize_tests.cpp(142): Leaving test case "compactsize"; testing time: 11885us
C:\Users\ContainerAdministrator\AppData\Local\Temp\cirrus-ci-build\src\test\serialize_tests.cpp(172): Entering test case "vector_bool"
C:\Users\ContainerAdministrator\AppData\Local\Temp\cirrus-ci-build\src\test\serialize_tests.cpp(172): Leaving test case "vector_bool"; testing time: 11868us
C:\Users\ContainerAdministrator\AppData\Local\Temp\cirrus-ci-build\src\test\serialize_tests.cpp(181): Entering test case "noncanonical"
C:\Users\ContainerAdministrator\AppData\Local\Temp\cirrus-ci-build\src\test\serialize_tests.cpp(181): Leaving test case "noncanonical"; testing time: 12186us
C:\Users\ContainerAdministrator\AppData\Local\Temp\cirrus-ci-build\src\test\serialize_tests.cpp(218): Entering test case "class_methods"
C:\Users\ContainerAdministrator\AppData\Local\Temp\cirrus-ci-build\src\test\serialize_tests.cpp(218): Leaving test case "class_methods"; testing time: 12688us
C:\Users\ContainerAdministrator\AppData\Local\Temp\cirrus-ci-build\src\test\serialize_tests.cpp(15): Leaving test suite "serialize_tests"; testing time: 666482us
C:\Users\ContainerAdministrator\AppData\Local\Temp\cirrus-ci-build\src\test\settings_tests.cpp(50): Entering test suite "settings_tests"
C:\Users\ContainerAdministrator\AppData\Local\Temp\cirrus-ci-build\src\test\settings_tests.cpp(52): Entering test case "ReadWrite"
C:\Users\ContainerAdministrator\AppData\Local\Temp\cirrus-ci-build\src\test\settings_tests.cpp(52): Leaving test case "ReadWrite"; testing time: 16215us
C:\Users\ContainerAdministrator\AppData\Local\Temp\cirrus-ci-build\src\test\settings_tests.cpp(118): Entering test case "Simple"
C:\Users\ContainerAdministrator\AppData\Local\Temp\cirrus-ci-build\src\test\settings_tests.cpp(118): Leaving test case "Simple"; testing time: 12777us
C:\Users\ContainerAdministrator\AppData\Local\Temp\cirrus-ci-build\src\test\settings_tests.cpp(140): Entering test case "NullOverride"
C:\Users\ContainerAdministrator\AppData\Local\Temp\cirrus-ci-build\src\test\settings_tests.cpp(140): Leaving test case "NullOverride"; testing time: 14622us
C:\Users\ContainerAdministrator\AppData\Local\Temp\cirrus-ci-build\src\test\settings_tests.cpp(183): Entering test case "Merge"
C:\Users\ContainerAdministrator\AppData\Local\Temp\cirrus-ci-build\src\test\settings_tests.cpp(183): Leaving test case "Merge"; testing time: 89311us
C:\Users\ContainerAdministrator\AppData\Local\Temp\cirrus-ci-build\src\test\settings_tests.cpp(50): Leaving test suite "settings_tests"; testing time: 133334us
C:\Users\ContainerAdministrator\AppData\Local\Temp\cirrus-ci-build\src\test\sighash_tests.cpp(118): Entering test suite "sighash_tests"
C:\Users\ContainerAdministrator\AppData\Local\Temp\cirrus-ci-build\src\test\sighash_tests.cpp(120): Entering test case "sighash_test"
C:\Users\ContainerAdministrator\AppData\Local\Temp\cirrus-ci-build\src\test\sighash_tests.cpp(120): Leaving test case "sighash_test"; testing time: 2543988us
C:\Users\ContainerAdministrator\AppData\Local\Temp\cirrus-ci-build\src\test\sighash_tests.cpp(163): Entering test case "sighash_from_data"
C:\Users\ContainerAdministrator\AppData\Local\Temp\cirrus-ci-build\src\test\sighash_tests.cpp(163): Leaving test case "sighash_from_data"; testing time: 75922us
C:\Users\ContainerAdministrator\AppData\Local\Temp\cirrus-ci-build\src\test\sighash_tests.cpp(118): Leaving test suite "sighash_tests"; testing time: 2620135us
C:\Users\ContainerAdministrator\AppData\Local\Temp\cirrus-ci-build\src\test\sigopcount_tests.cpp(27): Entering test suite "sigopcount_tests"
C:\Users\ContainerAdministrator\AppData\Local\Temp\cirrus-ci-build\src\test\sigopcount_tests.cpp(29): Entering test case "GetSigOpCount"
C:\Users\ContainerAdministrator\AppData\Local\Temp\cirrus-ci-build\src\test\sigopcount_tests.cpp(29): Leaving test case "GetSigOpCount"; testing time: 13509us
C:\Users\ContainerAdministrator\AppData\Local\Temp\cirrus-ci-build\src\test\sigopcount_tests.cpp(109): Entering test case "GetTxSigOpCost"
C:\Users\ContainerAdministrator\AppData\Local\Temp\cirrus-ci-build\src\test\sigopcount_tests.cpp(109): Leaving test case "GetTxSigOpCost"; testing time: 14723us
C:\Users\ContainerAdministrator\AppData\Local\Temp\cirrus-ci-build\src\test\sigopcount_tests.cpp(27): Leaving test suite "sigopcount_tests"; testing time: 28424us
C:\Users\ContainerAdministrator\AppData\Local\Temp\cirrus-ci-build\src\test\skiplist_tests.cpp(14): Entering test suite "skiplist_tests"
C:\Users\ContainerAdministrator\AppData\Local\Temp\cirrus-ci-build\src\test\skiplist_tests.cpp(16): Entering test case "skiplist_test"
C:\Users\ContainerAdministrator\AppData\Local\Temp\cirrus-ci-build\src\test\skiplist_tests.cpp(16): Leaving test case "skiplist_test"; testing time: 1477651us
C:\Users\ContainerAdministrator\AppData\Local\Temp\cirrus-ci-build\src\test\skiplist_tests.cpp(45): Entering test case "getlocator_test"
C:\Users\ContainerAdministrator\AppData\Local\Temp\cirrus-ci-build\src\test\skiplist_tests.cpp(45): Leaving test case "getlocator_test"; testing time: 881563us
C:\Users\ContainerAdministrator\AppData\Local\Temp\cirrus-ci-build\src\test\skiplist_tests.cpp(101): Entering test case "findearliestatleast_test"
C:\Users\ContainerAdministrator\AppData\Local\Temp\cirrus-ci-build\src\test\skiplist_tests.cpp(101): Leaving test case "findearliestatleast_test"; testing time: 440352us
C:\Users\ContainerAdministrator\AppData\Local\Temp\cirrus-ci-build\src\test\skiplist_tests.cpp(145): Entering test case "findearliestatleast_edge_test"
C:\Users\ContainerAdministrator\AppData\Local\Temp\cirrus-ci-build\src\test\skiplist_tests.cpp(145): Leaving test case "findearliestatleast_edge_test"; testing time: 12153us
C:\Users\ContainerAdministrator\AppData\Local\Temp\cirrus-ci-build\src\test\skiplist_tests.cpp(14): Leaving test suite "skiplist_tests"; testing time: 2812344us
C:\Users\ContainerAdministrator\AppData\Local\Temp\cirrus-ci-build\src\test\sock_tests.cpp(18): Entering test suite "sock_tests"
C:\Users\ContainerAdministrator\AppData\Local\Temp\cirrus-ci-build\src\test\sock_tests.cpp(37): Entering test case "constructor_and_destructor"
C:\Users\ContainerAdministrator\AppData\Local\Temp\cirrus-ci-build\src\test\sock_tests.cpp(37): Leaving test case "constructor_and_destructor"; testing time: 12309us
C:\Users\ContainerAdministrator\AppData\Local\Temp\cirrus-ci-build\src\test\sock_tests.cpp(47): Entering test case "move_constructor"
C:\Users\ContainerAdministrator\AppData\Local\Temp\cirrus-ci-build\src\test\sock_tests.cpp(47): Leaving test case "move_constructor"; testing time: 11954us
C:\Users\ContainerAdministrator\AppData\Local\Temp\cirrus-ci-build\src\test\sock_tests.cpp(59): Entering test case "move_assignment"
C:\Users\ContainerAdministrator\AppData\Local\Temp\cirrus-ci-build\src\test\sock_tests.cpp(59): Leaving test case "move_assignment"; testing time: 12133us
C:\Users\ContainerAdministrator\AppData\Local\Temp\cirrus-ci-build\src\test\sock_tests.cpp(18): Leaving test suite "sock_tests"; testing time: 36675us
C:\Users\ContainerAdministrator\AppData\Local\Temp\cirrus-ci-build\src\test\streams_tests.cpp(13): Entering test suite "streams_tests"
C:\Users\ContainerAdministrator\AppData\Local\Temp\cirrus-ci-build\src\test\streams_tests.cpp(15): Entering test case "streams_vector_writer"
C:\Users\ContainerAdministrator\AppData\Local\Temp\cirrus-ci-build\src\test\streams_tests.cpp(15): Leaving test case "streams_vector_writer"; testing time: 11913us
C:\Users\ContainerAdministrator\AppData\Local\Temp\cirrus-ci-build\src\test\streams_tests.cpp(73): Entering test case "streams_vector_reader"
C:\Users\ContainerAdministrator\AppData\Local\Temp\cirrus-ci-build\src\test\streams_tests.cpp(73): Leaving test case "streams_vector_reader"; testing time: 11963us
C:\Users\ContainerAdministrator\AppData\Local\Temp\cirrus-ci-build\src\test\streams_tests.cpp(118): Entering test case "streams_vector_reader_rvalue"
C:\Users\ContainerAdministrator\AppData\Local\Temp\cirrus-ci-build\src\test\streams_tests.cpp(118): Leaving test case "streams_vector_reader_rvalue"; testing time: 12907us
C:\Users\ContainerAdministrator\AppData\Local\Temp\cirrus-ci-build\src\test\streams_tests.cpp(129): Entering test case "bitstream_reader_writer"
C:\Users\ContainerAdministrator\AppData\Local\Temp\cirrus-ci-build\src\test\streams_tests.cpp(129): Leaving test case "bitstream_reader_writer"; testing time: 14720us
C:\Users\ContainerAdministrator\AppData\Local\Temp\cirrus-ci-build\src\test\streams_tests.cpp(164): Entering test case "streams_serializedata_xor"
C:\Users\ContainerAdministrator\AppData\Local\Temp\cirrus-ci-build\src\test\streams_tests.cpp(164): Leaving test case "streams_serializedata_xor"; testing time: 11617us
C:\Users\ContainerAdministrator\AppData\Local\Temp\cirrus-ci-build\src\test\streams_tests.cpp(198): Entering test case "streams_buffered_file"
C:\Users\ContainerAdministrator\AppData\Local\Temp\cirrus-ci-build\src\test\streams_tests.cpp(198): Leaving test case "streams_buffered_file"; testing time: 12674us
C:\Users\ContainerAdministrator\AppData\Local\Temp\cirrus-ci-build\src\test\streams_tests.cpp(333): Entering test case "streams_buffered_file_rand"
C:\Users\ContainerAdministrator\AppData\Local\Temp\cirrus-ci-build\src\test\streams_tests.cpp(333): Leaving test case "streams_buffered_file_rand"; testing time: 68409us
C:\Users\ContainerAdministrator\AppData\Local\Temp\cirrus-ci-build\src\test\streams_tests.cpp(13): Leaving test suite "streams_tests"; testing time: 144932us
C:\Users\ContainerAdministrator\AppData\Local\Temp\cirrus-ci-build\src\test\sync_tests.cpp(80): Entering test suite "sync_tests"
C:\Users\ContainerAdministrator\AppData\Local\Temp\cirrus-ci-build\src\test\sync_tests.cpp(82): Entering test case "potential_deadlock_detected"
C:\Users\ContainerAdministrator\AppData\Local\Temp\cirrus-ci-build\src\test\sync_tests.cpp(82): Leaving test case "potential_deadlock_detected"; testing time: 131us
C:\Users\ContainerAdministrator\AppData\Local\Temp\cirrus-ci-build\src\test\sync_tests.cpp(119): Entering test case "inconsistent_lock_order_detected"
C:\Users\ContainerAdministrator\AppData\Local\Temp\cirrus-ci-build\src\test\sync_tests.cpp(119): Leaving test case "inconsistent_lock_order_detected"; testing time: 64us
C:\Users\ContainerAdministrator\AppData\Local\Temp\cirrus-ci-build\src\test\sync_tests.cpp(80): Leaving test suite "sync_tests"; testing time: 321us
C:\Users\ContainerAdministrator\AppData\Local\Temp\cirrus-ci-build\src\test\system_tests.cpp(24): Entering test suite "system_tests"
C:\Users\ContainerAdministrator\AppData\Local\Temp\cirrus-ci-build\src\test\system_tests.cpp(28): Entering test case "dummy"
C:\Users\ContainerAdministrator\AppData\Local\Temp\cirrus-ci-build\src\test\system_tests.cpp(28): Leaving test case "dummy"; testing time: 13766us
C:\Users\ContainerAdministrator\AppData\Local\Temp\cirrus-ci-build\src\test\system_tests.cpp(35): Entering test case "run_command"
C:\Users\ContainerAdministrator\AppData\Local\Temp\cirrus-ci-build\src\test\system_tests.cpp(35): Leaving test case "run_command"; testing time: 154229us
C:\Users\ContainerAdministrator\AppData\Local\Temp\cirrus-ci-build\src\test\system_tests.cpp(24): Leaving test suite "system_tests"; testing time: 168201us
C:\Users\ContainerAdministrator\AppData\Local\Temp\cirrus-ci-build\src\test\timedata_tests.cpp(19): Entering test suite "timedata_tests"
C:\Users\ContainerAdministrator\AppData\Local\Temp\cirrus-ci-build\src\test\timedata_tests.cpp(21): Entering test case "util_MedianFilter"
C:\Users\ContainerAdministrator\AppData\Local\Temp\cirrus-ci-build\src\test\timedata_tests.cpp(21): Leaving test case "util_MedianFilter"; testing time: 12370us
C:\Users\ContainerAdministrator\AppData\Local\Temp\cirrus-ci-build\src\test\timedata_tests.cpp(57): Entering test case "addtimedata"
C:\Users\ContainerAdministrator\AppData\Local\Temp\cirrus-ci-build\src\test\timedata_tests.cpp(57): Leaving test case "addtimedata"; testing time: 64844us
C:\Users\ContainerAdministrator\AppData\Local\Temp\cirrus-ci-build\src\test\timedata_tests.cpp(19): Leaving test suite "timedata_tests"; testing time: 77411us
C:\Users\ContainerAdministrator\AppData\Local\Temp\cirrus-ci-build\src\test\torcontrol_tests.cpp(17): Entering test suite "torcontrol_tests"
C:\Users\ContainerAdministrator\AppData\Local\Temp\cirrus-ci-build\src\test\torcontrol_tests.cpp(26): Entering test case "util_SplitTorReplyLine"
C:\Users\ContainerAdministrator\AppData\Local\Temp\cirrus-ci-build\src\test\torcontrol_tests.cpp(26): Leaving test case "util_SplitTorReplyLine"; testing time: 190us
C:\Users\ContainerAdministrator\AppData\Local\Temp\cirrus-ci-build\src\test\torcontrol_tests.cpp(73): Entering test case "util_ParseTorReplyMapping"
C:\Users\ContainerAdministrator\AppData\Local\Temp\cirrus-ci-build\src\test\torcontrol_tests.cpp(73): Leaving test case "util_ParseTorReplyMapping"; testing time: 504us
C:\Users\ContainerAdministrator\AppData\Local\Temp\cirrus-ci-build\src\test\torcontrol_tests.cpp(17): Leaving test suite "torcontrol_tests"; testing time: 790us
C:\Users\ContainerAdministrator\AppData\Local\Temp\cirrus-ci-build\src\test\transaction_tests.cpp(188): Entering test suite "transaction_tests"
C:\Users\ContainerAdministrator\AppData\Local\Temp\cirrus-ci-build\src\test\transaction_tests.cpp(190): Entering test case "tx_valid"
C:\Users\ContainerAdministrator\AppData\Local\Temp\cirrus-ci-build\src\test\transaction_tests.cpp(190): Leaving test case "tx_valid"; testing time: 1872922us
C:\Users\ContainerAdministrator\AppData\Local\Temp\cirrus-ci-build\src\test\transaction_tests.cpp(279): Entering test case "tx_invalid"
C:\Users\ContainerAdministrator\AppData\Local\Temp\cirrus-ci-build\src\test\transaction_tests.cpp(279): Leaving test case "tx_invalid"; testing time: 454740us
C:\Users\ContainerAdministrator\AppData\Local\Temp\cirrus-ci-build\src\test\transaction_tests.cpp(370): Entering test case "basic_transaction_tests"
C:\Users\ContainerAdministrator\AppData\Local\Temp\cirrus-ci-build\src\test\transaction_tests.cpp(370): Leaving test case "basic_transaction_tests"; testing time: 11874us
C:\Users\ContainerAdministrator\AppData\Local\Temp\cirrus-ci-build\src\test\transaction_tests.cpp(386): Entering test case "test_Get"
C:\Users\ContainerAdministrator\AppData\Local\Temp\cirrus-ci-build\src\test\transaction_tests.cpp(386): Leaving test case "test_Get"; testing time: 14935us
C:\Users\ContainerAdministrator\AppData\Local\Temp\cirrus-ci-build\src\test\transaction_tests.cpp(484): Entering test case "test_big_witness_transaction"
C:\Users\ContainerAdministrator\AppData\Local\Temp\cirrus-ci-build\src\test\transaction_tests.cpp(484): Leaving test case "test_big_witness_transaction"; testing time: 41076333us
C:\Users\ContainerAdministrator\AppData\Local\Temp\cirrus-ci-build\src\test\transaction_tests.cpp(569): Entering test case "test_witness"
C:\Users\ContainerAdministrator\AppData\Local\Temp\cirrus-ci-build\src\test\transaction_tests.cpp(569): Leaving test case "test_witness"; testing time: 107744us
C:\Users\ContainerAdministrator\AppData\Local\Temp\cirrus-ci-build\src\test\transaction_tests.cpp(749): Entering test case "test_IsStandard"
C:\Users\ContainerAdministrator\AppData\Local\Temp\cirrus-ci-build\src\test\transaction_tests.cpp(749): Leaving test case "test_IsStandard"; testing time: 46277us
C:\Users\ContainerAdministrator\AppData\Local\Temp\cirrus-ci-build\src\test\transaction_tests.cpp(188): Leaving test suite "transaction_tests"; testing time: 43585638us
C:\Users\ContainerAdministrator\AppData\Local\Temp\cirrus-ci-build\src\test\txindex_tests.cpp(15): Entering test suite "txindex_tests"
C:\Users\ContainerAdministrator\AppData\Local\Temp\cirrus-ci-build\src\test\txindex_tests.cpp(17): Entering test case "txindex_initial_sync"
C:\Users\ContainerAdministrator\AppData\Local\Temp\cirrus-ci-build\src\test\txindex_tests.cpp(17): Leaving test case "txindex_initial_sync"; testing time: 1121083us
C:\Users\ContainerAdministrator\AppData\Local\Temp\cirrus-ci-build\src\test\txindex_tests.cpp(15): Leaving test suite "txindex_tests"; testing time: 1121204us
C:\Users\ContainerAdministrator\AppData\Local\Temp\cirrus-ci-build\src\test\txpackage_tests.cpp(17): Entering test suite "txpackage_tests"
C:\Users\ContainerAdministrator\AppData\Local\Temp\cirrus-ci-build\src\test\txpackage_tests.cpp(38): Entering test case "package_sanitization_tests"
C:\Users\ContainerAdministrator\AppData\Local\Temp\cirrus-ci-build\src\test\txpackage_tests.cpp(38): Leaving test case "package_sanitization_tests"; testing time: 633452us
C:\Users\ContainerAdministrator\AppData\Local\Temp\cirrus-ci-build\src\test\txpackage_tests.cpp(67): Entering test case "package_validation_tests"
C:\Users\ContainerAdministrator\AppData\Local\Temp\cirrus-ci-build\src\test\txpackage_tests.cpp(67): Leaving test case "package_validation_tests"; testing time: 762613us
C:\Users\ContainerAdministrator\AppData\Local\Temp\cirrus-ci-build\src\test\txpackage_tests.cpp(121): Entering test case "noncontextual_package_tests"
C:\Users\ContainerAdministrator\AppData\Local\Temp\cirrus-ci-build\src\test\txpackage_tests.cpp(121): Leaving test case "noncontextual_package_tests"; testing time: 631986us
C:\Users\ContainerAdministrator\AppData\Local\Temp\cirrus-ci-build\src\test\txpackage_tests.cpp(213): Entering test case "package_submission_tests"
C:/Users/ContainerAdministrator/AppData/Local/Temp/cirrus-ci-build/src/test/txpackage_tests.cpp(303): error: in "txpackage_tests/package_submission_tests": Package validation unexpectedly failed: package-fee-too-low
C:/Users/ContainerAdministrator/AppData/Local/Temp/cirrus-ci-build/src/test/txpackage_tests.cpp(306): error: in "txpackage_tests/package_submission_tests": check it_parent != submit_parent_child.m_tx_results.end() has failed
C:/Users/ContainerAdministrator/AppData/Local/Temp/cirrus-ci-build/src/test/txpackage_tests.cpp(307): error: in "txpackage_tests/package_submission_tests": check it_parent->second.m_state.IsValid() has failed
C:/Users/ContainerAdministrator/AppData/Local/Temp/cirrus-ci-build/src/test/txpackage_tests.cpp(308): error: in "txpackage_tests/package_submission_tests": check it_child != submit_parent_child.m_tx_results.end() has failed
C:/Users/ContainerAdministrator/AppData/Local/Temp/cirrus-ci-build/src/test/txpackage_tests.cpp(309): error: in "txpackage_tests/package_submission_tests": check it_child->second.m_state.IsValid() has failed
C:/Users/ContainerAdministrator/AppData/Local/Temp/cirrus-ci-build/src/test/txpackage_tests.cpp(311): error: in "txpackage_tests/package_submission_tests": check m_node.mempool->size() == expected_pool_size has failed [0 != 2]
C:/Users/ContainerAdministrator/AppData/Local/Temp/cirrus-ci-build/src/test/txpackage_tests.cpp(312): error: in "txpackage_tests/package_submission_tests": check m_node.mempool->exists(GenTxid::Txid(tx_parent->GetHash())) has failed
C:/Users/ContainerAdministrator/AppData/Local/Temp/cirrus-ci-build/src/test/txpackage_tests.cpp(313): error: in "txpackage_tests/package_submission_tests": check m_node.mempool->exists(GenTxid::Txid(tx_child->GetHash())) has failed
C:/Users/ContainerAdministrator/AppData/Local/Temp/cirrus-ci-build/src/test/txpackage_tests.cpp(317): error: in "txpackage_tests/package_submission_tests": check submit_parent_child.m_package_feerate == std::nullopt has failed
C:/Users/ContainerAdministrator/AppData/Local/Temp/cirrus-ci-build/src/test/txpackage_tests.cpp(325): error: in "txpackage_tests/package_submission_tests": Package validation unexpectedly failed: package-fee-too-low
C:/Users/ContainerAdministrator/AppData/Local/Temp/cirrus-ci-build/src/test/txpackage_tests.cpp(328): error: in "txpackage_tests/package_submission_tests": check it_parent_deduped != submit_deduped.m_tx_results.end() has failed
C:/Users/ContainerAdministrator/AppData/Local/Temp/cirrus-ci-build/src/test/txpackage_tests.cpp(329): error: in "txpackage_tests/package_submission_tests": check it_parent_deduped->second.m_state.IsValid() has failed
C:/Users/ContainerAdministrator/AppData/Local/Temp/cirrus-ci-build/src/test/txpackage_tests.cpp(330): error: in "txpackage_tests/package_submission_tests": check it_parent_deduped->second.m_result_type == MempoolAcceptResult::ResultType::MEMPOOL_ENTRY has failed
C:/Users/ContainerAdministrator/AppData/Local/Temp/cirrus-ci-build/src/test/txpackage_tests.cpp(331): error: in "txpackage_tests/package_submission_tests": check it_child_deduped != submit_deduped.m_tx_results.end() has failed
C:/Users/ContainerAdministrator/AppData/Local/Temp/cirrus-ci-build/src/test/txpackage_tests.cpp(332): error: in "txpackage_tests/package_submission_tests": check it_child_deduped->second.m_state.IsValid() has failed
C:/Users/ContainerAdministrator/AppData/Local/Temp/cirrus-ci-build/src/test/txpackage_tests.cpp(333): error: in "txpackage_tests/package_submission_tests": check it_child_deduped->second.m_result_type == MempoolAcceptResult::ResultType::MEMPOOL_ENTRY has failed
C:/Users/ContainerAdministrator/AppData/Local/Temp/cirrus-ci-build/src/test/txpackage_tests.cpp(335): error: in "txpackage_tests/package_submission_tests": check m_node.mempool->size() == expected_pool_size has failed [0 != 2]
C:/Users/ContainerAdministrator/AppData/Local/Temp/cirrus-ci-build/src/test/txpackage_tests.cpp(336): error: in "txpackage_tests/package_submission_tests": check m_node.mempool->exists(GenTxid::Txid(tx_parent->GetHash())) has failed
C:/Users/ContainerAdministrator/AppData/Local/Temp/cirrus-ci-build/src/test/txpackage_tests.cpp(337): error: in "txpackage_tests/package_submission_tests": check m_node.mempool->exists(GenTxid::Txid(tx_child->GetHash())) has failed
C:/Users/ContainerAdministrator/AppData/Local/Temp/cirrus-ci-build/src/test/txpackage_tests.cpp(339): error: in "txpackage_tests/package_submission_tests": check submit_deduped.m_package_feerate == std::nullopt has failed
C:\Users\ContainerAdministrator\AppData\Local\Temp\cirrus-ci-build\src\test\txpackage_tests.cpp(213): Leaving test case "package_submission_tests"; testing time: 621367us
C:\Users\ContainerAdministrator\AppData\Local\Temp\cirrus-ci-build\src\test\txpackage_tests.cpp(345): Entering test case "package_witness_swap_tests"
C:/Users/ContainerAdministrator/AppData/Local/Temp/cirrus-ci-build/src/test/txpackage_tests.cpp(406): error: in "txpackage_tests/package_witness_swap_tests": Transaction unexpectedly failed: mempool full
C:/Users/ContainerAdministrator/AppData/Local/Temp/cirrus-ci-build/src/test/txpackage_tests.cpp(409): error: in "txpackage_tests/package_witness_swap_tests": Transaction unexpectedly failed: mempool full
C:/Users/ContainerAdministrator/AppData/Local/Temp/cirrus-ci-build/src/test/txpackage_tests.cpp(411): error: in "txpackage_tests/package_witness_swap_tests": check m_node.mempool->exists(GenTxid::Txid(ptx_parent->GetHash())) has failed
C:/Users/ContainerAdministrator/AppData/Local/Temp/cirrus-ci-build/src/test/txpackage_tests.cpp(412): error: in "txpackage_tests/package_witness_swap_tests": check m_node.mempool->exists(GenTxid::Txid(ptx_child1->GetHash())) has failed
C:/Users/ContainerAdministrator/AppData/Local/Temp/cirrus-ci-build/src/test/txpackage_tests.cpp(415): error: in "txpackage_tests/package_witness_swap_tests": check submit_witness1.m_package_feerate == std::nullopt has failed
C:/Users/ContainerAdministrator/AppData/Local/Temp/cirrus-ci-build/src/test/txpackage_tests.cpp(419): error: in "txpackage_tests/package_witness_swap_tests": check submit_witness2.m_package_feerate == std::nullopt has failed
C:/Users/ContainerAdministrator/AppData/Local/Temp/cirrus-ci-build/src/test/txpackage_tests.cpp(421): error: in "txpackage_tests/package_witness_swap_tests": Package validation unexpectedly failed: package-fee-too-low
C:/Users/ContainerAdministrator/AppData/Local/Temp/cirrus-ci-build/src/test/txpackage_tests.cpp(424): error: in "txpackage_tests/package_witness_swap_tests": check it_parent2_deduped != submit_witness2.m_tx_results.end() has failed
C:/Users/ContainerAdministrator/AppData/Local/Temp/cirrus-ci-build/src/test/txpackage_tests.cpp(425): error: in "txpackage_tests/package_witness_swap_tests": check it_parent2_deduped->second.m_result_type == MempoolAcceptResult::ResultType::MEMPOOL_ENTRY has failed
C:/Users/ContainerAdministrator/AppData/Local/Temp/cirrus-ci-build/src/test/txpackage_tests.cpp(426): error: in "txpackage_tests/package_witness_swap_tests": check it_child2 != submit_witness2.m_tx_results.end() has failed
C:/Users/ContainerAdministrator/AppData/Local/Temp/cirrus-ci-build/src/test/txpackage_tests.cpp(427): error: in "txpackage_tests/package_witness_swap_tests": check it_child2->second.m_result_type == MempoolAcceptResult::ResultType::DIFFERENT_WITNESS has failed
unknown location(0): fatal error: in "txpackage_tests/package_witness_swap_tests": class std::bad_optional_access: Bad optional access
C:\Users\ContainerAdministrator\AppData\Local\Temp\cirrus-ci-build\src\test\txpackage_tests.cpp(428): last checkpoint
C:\Users\ContainerAdministrator\AppData\Local\Temp\cirrus-ci-build\src\test\txpackage_tests.cpp(345): Leaving test case "package_witness_swap_tests"; testing time: 670953us
C:\Users\ContainerAdministrator\AppData\Local\Temp\cirrus-ci-build\src\test\txpackage_tests.cpp(601): Entering test case "package_cpfp_tests"
C:/Users/ContainerAdministrator/AppData/Local/Temp/cirrus-ci-build/src/test/txpackage_tests.cpp(668): error: in "txpackage_tests/package_cpfp_tests": check it_parent->second.m_result_type == MempoolAcceptResult::ResultType::VALID has failed
unknown location(0): fatal error: in "txpackage_tests/package_cpfp_tests": class std::bad_optional_access: Bad optional access
C:\Users\ContainerAdministrator\AppData\Local\Temp\cirrus-ci-build\src\test\txpackage_tests.cpp(669): last checkpoint
C:\Users\ContainerAdministrator\AppData\Local\Temp\cirrus-ci-build\src\test\txpackage_tests.cpp(601): Leaving test case "package_cpfp_tests"; testing time: 685841us
C:\Users\ContainerAdministrator\AppData\Local\Temp\cirrus-ci-build\src\test\txpackage_tests.cpp(17): Leaving test suite "txpackage_tests"; testing time: 4006833us
C:\Users\ContainerAdministrator\AppData\Local\Temp\cirrus-ci-build\src\test\txreconciliation_tests.cpp(11): Entering test suite "txreconciliation_tests"
C:\Users\ContainerAdministrator\AppData\Local\Temp\cirrus-ci-build\src\test\txreconciliation_tests.cpp(13): Entering test case "RegisterPeerTest"
C:\Users\ContainerAdministrator\AppData\Local\Temp\cirrus-ci-build\src\test\txreconciliation_tests.cpp(13): Leaving test case "RegisterPeerTest"; testing time: 11901us
C:\Users\ContainerAdministrator\AppData\Local\Temp\cirrus-ci-build\src\test\txreconciliation_tests.cpp(51): Entering test case "ForgetPeerTest"
C:\Users\ContainerAdministrator\AppData\Local\Temp\cirrus-ci-build\src\test\txreconciliation_tests.cpp(51): Leaving test case "ForgetPeerTest"; testing time: 11760us
C:\Users\ContainerAdministrator\AppData\Local\Temp\cirrus-ci-build\src\test\txreconciliation_tests.cpp(70): Entering test case "IsPeerRegisteredTest"
C:\Users\ContainerAdministrator\AppData\Local\Temp\cirrus-ci-build\src\test\txreconciliation_tests.cpp(70): Leaving test case "IsPeerRegisteredTest"; testing time: 11910us
C:\Users\ContainerAdministrator\AppData\Local\Temp\cirrus-ci-build\src\test\txreconciliation_tests.cpp(11): Leaving test suite "txreconciliation_tests"; testing time: 35877us
C:\Users\ContainerAdministrator\AppData\Local\Temp\cirrus-ci-build\src\test\txrequest_tests.cpp(17): Entering test suite "txrequest_tests"
C:\Users\ContainerAdministrator\AppData\Local\Temp\cirrus-ci-build\src\test\txrequest_tests.cpp(731): Entering test case "TxRequestTest"
C:\Users\ContainerAdministrator\AppData\Local\Temp\cirrus-ci-build\src\test\txrequest_tests.cpp(731): Leaving test case "TxRequestTest"; testing time: 11978324us
C:\Users\ContainerAdministrator\AppData\Local\Temp\cirrus-ci-build\src\test\txrequest_tests.cpp(17): Leaving test suite "txrequest_tests"; testing time: 11978426us
C:\Users\ContainerAdministrator\AppData\Local\Temp\cirrus-ci-build\src\test\txvalidationcache_tests.cpp(26): Entering test suite "txvalidationcache_tests"
C:\Users\ContainerAdministrator\AppData\Local\Temp\cirrus-ci-build\src\test\txvalidationcache_tests.cpp(28): Entering test case "tx_mempool_block_doublespend"
C:/Users/ContainerAdministrator/AppData/Local/Temp/cirrus-ci-build/src/test/txvalidationcache_tests.cpp(74): error: in "txvalidationcache_tests/tx_mempool_block_doublespend": check ToMemPool(spends[0]) has failed
C:/Users/ContainerAdministrator/AppData/Local/Temp/cirrus-ci-build/src/test/txvalidationcache_tests.cpp(83): error: in "txvalidationcache_tests/tx_mempool_block_doublespend": check ToMemPool(spends[1]) has failed
C:/Users/ContainerAdministrator/AppData/Local/Temp/cirrus-ci-build/src/test/txvalidationcache_tests.cpp(94): error: in "txvalidationcache_tests/tx_mempool_block_doublespend": check ToMemPool(spends[1]) has failed
C:\Users\ContainerAdministrator\AppData\Local\Temp\cirrus-ci-build\src\test\txvalidationcache_tests.cpp(28): Leaving test case "tx_mempool_block_doublespend"; testing time: 612034us
C:\Users\ContainerAdministrator\AppData\Local\Temp\cirrus-ci-build\src\test\txvalidationcache_tests.cpp(160): Entering test case "checkinputs_test"
C:\Users\ContainerAdministrator\AppData\Local\Temp\cirrus-ci-build\src\test\txvalidationcache_tests.cpp(160): Leaving test case "checkinputs_test"; testing time: 6275593us
C:\Users\ContainerAdministrator\AppData\Local\Temp\cirrus-ci-build\src\test\txvalidationcache_tests.cpp(26): Leaving test suite "txvalidationcache_tests"; testing time: 6887866us
C:\Users\ContainerAdministrator\AppData\Local\Temp\cirrus-ci-build\src\test\txvalidation_tests.cpp(18): Entering test suite "txvalidation_tests"
C:\Users\ContainerAdministrator\AppData\Local\Temp\cirrus-ci-build\src\test\txvalidation_tests.cpp(23): Entering test case "tx_mempool_reject_coinbase"
C:\Users\ContainerAdministrator\AppData\Local\Temp\cirrus-ci-build\src\test\txvalidation_tests.cpp(23): Leaving test case "tx_mempool_reject_coinbase"; testing time: 586966us
C:\Users\ContainerAdministrator\AppData\Local\Temp\cirrus-ci-build\src\test\txvalidation_tests.cpp(18): Leaving test suite "txvalidation_tests"; testing time: 587068us
C:\Users\ContainerAdministrator\AppData\Local\Temp\cirrus-ci-build\src\test\uint256_tests.cpp(18): Entering test suite "uint256_tests"
C:\Users\ContainerAdministrator\AppData\Local\Temp\cirrus-ci-build\src\test\uint256_tests.cpp(75): Entering test case "basics"
C:\Users\ContainerAdministrator\AppData\Local\Temp\cirrus-ci-build\src\test\uint256_tests.cpp(75): Leaving test case "basics"; testing time: 952us
C:\Users\ContainerAdministrator\AppData\Local\Temp\cirrus-ci-build\src\test\uint256_tests.cpp(127): Entering test case "comparison"
C:\Users\ContainerAdministrator\AppData\Local\Temp\cirrus-ci-build\src\test\uint256_tests.cpp(127): Leaving test case "comparison"; testing time: 1375us
C:\Users\ContainerAdministrator\AppData\Local\Temp\cirrus-ci-build\src\test\uint256_tests.cpp(159): Entering test case "methods"
C:\Users\ContainerAdministrator\AppData\Local\Temp\cirrus-ci-build\src\test\uint256_tests.cpp(159): Leaving test case "methods"; testing time: 330us
C:\Users\ContainerAdministrator\AppData\Local\Temp\cirrus-ci-build\src\test\uint256_tests.cpp(253): Entering test case "conversion"
C:\Users\ContainerAdministrator\AppData\Local\Temp\cirrus-ci-build\src\test\uint256_tests.cpp(253): Leaving test case "conversion"; testing time: 57us
C:\Users\ContainerAdministrator\AppData\Local\Temp\cirrus-ci-build\src\test\uint256_tests.cpp(269): Entering test case "operator_with_self"
C:\Users\ContainerAdministrator\AppData\Local\Temp\cirrus-ci-build\src\test\uint256_tests.cpp(269): Leaving test case "operator_with_self"; testing time: 40us
C:\Users\ContainerAdministrator\AppData\Local\Temp\cirrus-ci-build\src\test\uint256_tests.cpp(282): Entering test case "check_ONE"
C:\Users\ContainerAdministrator\AppData\Local\Temp\cirrus-ci-build\src\test\uint256_tests.cpp(282): Leaving test case "check_ONE"; testing time: 35us
C:\Users\ContainerAdministrator\AppData\Local\Temp\cirrus-ci-build\src\test\uint256_tests.cpp(18): Leaving test suite "uint256_tests"; testing time: 3114us
C:\Users\ContainerAdministrator\AppData\Local\Temp\cirrus-ci-build\src\test\util_tests.cpp(56): Entering test suite "util_tests"
C:\Users\ContainerAdministrator\AppData\Local\Temp\cirrus-ci-build\src\test\util_tests.cpp(58): Entering test case "util_datadir"
C:\Users\ContainerAdministrator\AppData\Local\Temp\cirrus-ci-build\src\test\util_tests.cpp(58): Leaving test case "util_datadir"; testing time: 15035us
C:\Users\ContainerAdministrator\AppData\Local\Temp\cirrus-ci-build\src\test\util_tests.cpp(108): Entering test case "util_check"
C:\Users\ContainerAdministrator\AppData\Local\Temp\cirrus-ci-build\src\test\util_tests.cpp(108): Leaving test case "util_check"; testing time: 12448us
C:\Users\ContainerAdministrator\AppData\Local\Temp\cirrus-ci-build\src\test\util_tests.cpp(129): Entering test case "util_criticalsection"
C:\Users\ContainerAdministrator\AppData\Local\Temp\cirrus-ci-build\src\test\util_tests.cpp(129): Leaving test case "util_criticalsection"; testing time: 12336us
C:\Users\ContainerAdministrator\AppData\Local\Temp\cirrus-ci-build\src\test\util_tests.cpp(158): Entering test case "parse_hex"
C:\Users\ContainerAdministrator\AppData\Local\Temp\cirrus-ci-build\src\test\util_tests.cpp(158): Leaving test case "parse_hex"; testing time: 12676us
C:\Users\ContainerAdministrator\AppData\Local\Temp\cirrus-ci-build\src\test\util_tests.cpp(187): Entering test case "util_HexStr"
C:\Users\ContainerAdministrator\AppData\Local\Temp\cirrus-ci-build\src\test\util_tests.cpp(187): Leaving test case "util_HexStr"; testing time: 13993us
C:\Users\ContainerAdministrator\AppData\Local\Temp\cirrus-ci-build\src\test\util_tests.cpp(231): Entering test case "span_write_bytes"
C:\Users\ContainerAdministrator\AppData\Local\Temp\cirrus-ci-build\src\test\util_tests.cpp(231): Leaving test case "span_write_bytes"; testing time: 11979us
C:\Users\ContainerAdministrator\AppData\Local\Temp\cirrus-ci-build\src\test\util_tests.cpp(240): Entering test case "util_Join"
C:\Users\ContainerAdministrator\AppData\Local\Temp\cirrus-ci-build\src\test\util_tests.cpp(240): Leaving test case "util_Join"; testing time: 11931us
C:\Users\ContainerAdministrator\AppData\Local\Temp\cirrus-ci-build\src\test\util_tests.cpp(254): Entering test case "util_ReplaceAll"
C:\Users\ContainerAdministrator\AppData\Local\Temp\cirrus-ci-build\src\test\util_tests.cpp(254): Leaving test case "util_ReplaceAll"; testing time: 12060us
C:\Users\ContainerAdministrator\AppData\Local\Temp\cirrus-ci-build\src\test\util_tests.cpp(270): Entering test case "util_TrimString"
C:\Users\ContainerAdministrator\AppData\Local\Temp\cirrus-ci-build\src\test\util_tests.cpp(270): Leaving test case "util_TrimString"; testing time: 11806us
C:\Users\ContainerAdministrator\AppData\Local\Temp\cirrus-ci-build\src\test\util_tests.cpp(286): Entering test case "util_FormatISO8601DateTime"
C:\Users\ContainerAdministrator\AppData\Local\Temp\cirrus-ci-build\src\test\util_tests.cpp(286): Leaving test case "util_FormatISO8601DateTime"; testing time: 11950us
C:\Users\ContainerAdministrator\AppData\Local\Temp\cirrus-ci-build\src\test\util_tests.cpp(292): Entering test case "util_FormatISO8601Date"
C:\Users\ContainerAdministrator\AppData\Local\Temp\cirrus-ci-build\src\test\util_tests.cpp(292): Leaving test case "util_FormatISO8601Date"; testing time: 12617us
C:\Users\ContainerAdministrator\AppData\Local\Temp\cirrus-ci-build\src\test\util_tests.cpp(416): Entering test case "util_CheckValue"
C:\Users\ContainerAdministrator\AppData\Local\Temp\cirrus-ci-build\src\test\util_tests.cpp(416): Leaving test case "util_CheckValue"; testing time: 703602us
C:\Users\ContainerAdministrator\AppData\Local\Temp\cirrus-ci-build\src\test\util_tests.cpp(447): Entering test case "util_NoIncludeConf"
C:\Users\ContainerAdministrator\AppData\Local\Temp\cirrus-ci-build\src\test\util_tests.cpp(447): Leaving test case "util_NoIncludeConf"; testing time: 205us
C:\Users\ContainerAdministrator\AppData\Local\Temp\cirrus-ci-build\src\test\util_tests.cpp(454): Entering test case "util_ParseParameters"
C:\Users\ContainerAdministrator\AppData\Local\Temp\cirrus-ci-build\src\test\util_tests.cpp(454): Leaving test case "util_ParseParameters"; testing time: 12102us
C:\Users\ContainerAdministrator\AppData\Local\Temp\cirrus-ci-build\src\test\util_tests.cpp(491): Entering test case "util_ParseInvalidParameters"
C:\Users\ContainerAdministrator\AppData\Local\Temp\cirrus-ci-build\src\test\util_tests.cpp(491): Leaving test case "util_ParseInvalidParameters"; testing time: 11341us
C:\Users\ContainerAdministrator\AppData\Local\Temp\cirrus-ci-build\src\test\util_tests.cpp(527): Entering test case "util_ArgParsing"
C:\Users\ContainerAdministrator\AppData\Local\Temp\cirrus-ci-build\src\test\util_tests.cpp(527): Leaving test case "util_ArgParsing"; testing time: 12387us
C:\Users\ContainerAdministrator\AppData\Local\Temp\cirrus-ci-build\src\test\util_tests.cpp(566): Entering test case "util_GetBoolArg"
C:\Users\ContainerAdministrator\AppData\Local\Temp\cirrus-ci-build\src\test\util_tests.cpp(566): Leaving test case "util_GetBoolArg"; testing time: 11531us
C:\Users\ContainerAdministrator\AppData\Local\Temp\cirrus-ci-build\src\test\util_tests.cpp(607): Entering test case "util_GetBoolArgEdgeCases"
C:\Users\ContainerAdministrator\AppData\Local\Temp\cirrus-ci-build\src\test\util_tests.cpp(607): Leaving test case "util_GetBoolArgEdgeCases"; testing time: 11557us
C:\Users\ContainerAdministrator\AppData\Local\Temp\cirrus-ci-build\src\test\util_tests.cpp(660): Entering test case "util_ReadConfigStream"
C:\Users\ContainerAdministrator\AppData\Local\Temp\cirrus-ci-build\src\test\util_tests.cpp(660): Leaving test case "util_ReadConfigStream"; testing time: 12368us
C:\Users\ContainerAdministrator\AppData\Local\Temp\cirrus-ci-build\src\test\util_tests.cpp(849): Entering test case "util_GetArg"
C:\Users\ContainerAdministrator\AppData\Local\Temp\cirrus-ci-build\src\test\util_tests.cpp(849): Leaving test case "util_GetArg"; testing time: 11179us
C:\Users\ContainerAdministrator\AppData\Local\Temp\cirrus-ci-build\src\test\util_tests.cpp(888): Entering test case "util_GetChainName"
C:\Users\ContainerAdministrator\AppData\Local\Temp\cirrus-ci-build\src\test\util_tests.cpp(888): Leaving test case "util_GetChainName"; testing time: 11826us
C:\Users\ContainerAdministrator\AppData\Local\Temp\cirrus-ci-build\src\test\util_tests.cpp(1048): Entering test case "util_ArgsMerge"
C:\Users\ContainerAdministrator\AppData\Local\Temp\cirrus-ci-build\src\test\util_tests.cpp(1048): Leaving test case "util_ArgsMerge"; testing time: 3285516us
C:\Users\ContainerAdministrator\AppData\Local\Temp\cirrus-ci-build\src\test\util_tests.cpp(1183): Entering test case "util_ChainMerge"
C:\Users\ContainerAdministrator\AppData\Local\Temp\cirrus-ci-build\src\test\util_tests.cpp(1183): Leaving test case "util_ChainMerge"; testing time: 99171us
C:\Users\ContainerAdministrator\AppData\Local\Temp\cirrus-ci-build\src\test\util_tests.cpp(1267): Entering test case "util_ReadWriteSettings"
C:\Users\ContainerAdministrator\AppData\Local\Temp\cirrus-ci-build\src\test\util_tests.cpp(1267): Leaving test case "util_ReadWriteSettings"; testing time: 15077us
C:\Users\ContainerAdministrator\AppData\Local\Temp\cirrus-ci-build\src\test\util_tests.cpp(1291): Entering test case "util_FormatMoney"
C:\Users\ContainerAdministrator\AppData\Local\Temp\cirrus-ci-build\src\test\util_tests.cpp(1291): Leaving test case "util_FormatMoney"; testing time: 11706us
C:\Users\ContainerAdministrator\AppData\Local\Temp\cirrus-ci-build\src\test\util_tests.cpp(1326): Entering test case "util_ParseMoney"
C:\Users\ContainerAdministrator\AppData\Local\Temp\cirrus-ci-build\src\test\util_tests.cpp(1326): Leaving test case "util_ParseMoney"; testing time: 11743us
C:\Users\ContainerAdministrator\AppData\Local\Temp\cirrus-ci-build\src\test\util_tests.cpp(1395): Entering test case "util_IsHex"
C:\Users\ContainerAdministrator\AppData\Local\Temp\cirrus-ci-build\src\test\util_tests.cpp(1395): Leaving test case "util_IsHex"; testing time: 11553us
C:\Users\ContainerAdministrator\AppData\Local\Temp\cirrus-ci-build\src\test\util_tests.cpp(1410): Entering test case "util_IsHexNumber"
C:\Users\ContainerAdministrator\AppData\Local\Temp\cirrus-ci-build\src\test\util_tests.cpp(1410): Leaving test case "util_IsHexNumber"; testing time: 11923us
C:\Users\ContainerAdministrator\AppData\Local\Temp\cirrus-ci-build\src\test\util_tests.cpp(1435): Entering test case "util_seed_insecure_rand"
C:\Users\ContainerAdministrator\AppData\Local\Temp\cirrus-ci-build\src\test\util_tests.cpp(1435): Leaving test case "util_seed_insecure_rand"; testing time: 26994us
C:\Users\ContainerAdministrator\AppData\Local\Temp\cirrus-ci-build\src\test\util_tests.cpp(1460): Entering test case "util_TimingResistantEqual"
C:\Users\ContainerAdministrator\AppData\Local\Temp\cirrus-ci-build\src\test\util_tests.cpp(1460): Leaving test case "util_TimingResistantEqual"; testing time: 12139us
C:\Users\ContainerAdministrator\AppData\Local\Temp\cirrus-ci-build\src\test\util_tests.cpp(1475): Entering test case "strprintf_numbers"
C:\Users\ContainerAdministrator\AppData\Local\Temp\cirrus-ci-build\src\test\util_tests.cpp(1475): Leaving test case "strprintf_numbers"; testing time: 12437us
C:\Users\ContainerAdministrator\AppData\Local\Temp\cirrus-ci-build\src\test\util_tests.cpp(1501): Entering test case "gettime"
C:\Users\ContainerAdministrator\AppData\Local\Temp\cirrus-ci-build\src\test\util_tests.cpp(1501): Leaving test case "gettime"; testing time: 11941us
C:\Users\ContainerAdministrator\AppData\Local\Temp\cirrus-ci-build\src\test\util_tests.cpp(1506): Entering test case "util_time_GetTime"
C:\Users\ContainerAdministrator\AppData\Local\Temp\cirrus-ci-build\src\test\util_tests.cpp(1506): Leaving test case "util_time_GetTime"; testing time: 14828us
C:\Users\ContainerAdministrator\AppData\Local\Temp\cirrus-ci-build\src\test\util_tests.cpp(1535): Entering test case "test_IsDigit"
C:\Users\ContainerAdministrator\AppData\Local\Temp\cirrus-ci-build\src\test\util_tests.cpp(1535): Leaving test case "test_IsDigit"; testing time: 12142us
C:\Users\ContainerAdministrator\AppData\Local\Temp\cirrus-ci-build\src\test\util_tests.cpp(1592): Entering test case "util_overflow"
C:\Users\ContainerAdministrator\AppData\Local\Temp\cirrus-ci-build\src\test\util_tests.cpp(1592): Leaving test case "util_overflow"; testing time: 11787us
C:\Users\ContainerAdministrator\AppData\Local\Temp\cirrus-ci-build\src\test\util_tests.cpp(1598): Entering test case "test_ParseInt32"
C:\Users\ContainerAdministrator\AppData\Local\Temp\cirrus-ci-build\src\test\util_tests.cpp(1598): Leaving test case "test_ParseInt32"; testing time: 11477us
C:\Users\ContainerAdministrator\AppData\Local\Temp\cirrus-ci-build\src\test\util_tests.cpp(1661): Entering test case "test_ToIntegral"
C:\Users\ContainerAdministrator\AppData\Local\Temp\cirrus-ci-build\src\test\util_tests.cpp(1661): Leaving test case "test_ToIntegral"; testing time: 13372us
C:\Users\ContainerAdministrator\AppData\Local\Temp\cirrus-ci-build\src\test\util_tests.cpp(1728): Entering test case "test_LocaleIndependentAtoi"
C:\Users\ContainerAdministrator\AppData\Local\Temp\cirrus-ci-build\src\test\util_tests.cpp(1728): Leaving test case "test_LocaleIndependentAtoi"; testing time: 12323us
C:\Users\ContainerAdministrator\AppData\Local\Temp\cirrus-ci-build\src\test\util_tests.cpp(1819): Entering test case "test_ParseInt64"
C:\Users\ContainerAdministrator\AppData\Local\Temp\cirrus-ci-build\src\test\util_tests.cpp(1819): Leaving test case "test_ParseInt64"; testing time: 11861us
C:\Users\ContainerAdministrator\AppData\Local\Temp\cirrus-ci-build\src\test\util_tests.cpp(1847): Entering test case "test_ParseUInt8"
C:\Users\ContainerAdministrator\AppData\Local\Temp\cirrus-ci-build\src\test\util_tests.cpp(1847): Leaving test case "test_ParseUInt8"; testing time: 11854us
C:\Users\ContainerAdministrator\AppData\Local\Temp\cirrus-ci-build\src\test\util_tests.cpp(1882): Entering test case "test_ParseUInt16"
C:\Users\ContainerAdministrator\AppData\Local\Temp\cirrus-ci-build\src\test\util_tests.cpp(1882): Leaving test case "test_ParseUInt16"; testing time: 11588us
C:\Users\ContainerAdministrator\AppData\Local\Temp\cirrus-ci-build\src\test\util_tests.cpp(1917): Entering test case "test_ParseUInt32"
C:\Users\ContainerAdministrator\AppData\Local\Temp\cirrus-ci-build\src\test\util_tests.cpp(1917): Leaving test case "test_ParseUInt32"; testing time: 11629us
C:\Users\ContainerAdministrator\AppData\Local\Temp\cirrus-ci-build\src\test\util_tests.cpp(1954): Entering test case "test_ParseUInt64"
C:\Users\ContainerAdministrator\AppData\Local\Temp\cirrus-ci-build\src\test\util_tests.cpp(1954): Leaving test case "test_ParseUInt64"; testing time: 12013us
C:\Users\ContainerAdministrator\AppData\Local\Temp\cirrus-ci-build\src\test\util_tests.cpp(1984): Entering test case "test_FormatParagraph"
C:\Users\ContainerAdministrator\AppData\Local\Temp\cirrus-ci-build\src\test\util_tests.cpp(1984): Leaving test case "test_FormatParagraph"; testing time: 13967us
C:\Users\ContainerAdministrator\AppData\Local\Temp\cirrus-ci-build\src\test\util_tests.cpp(2011): Entering test case "test_FormatSubVersion"
C:\Users\ContainerAdministrator\AppData\Local\Temp\cirrus-ci-build\src\test\util_tests.cpp(2011): Leaving test case "test_FormatSubVersion"; testing time: 11741us
C:\Users\ContainerAdministrator\AppData\Local\Temp\cirrus-ci-build\src\test\util_tests.cpp(2023): Entering test case "test_ParseFixedPoint"
C:\Users\ContainerAdministrator\AppData\Local\Temp\cirrus-ci-build\src\test\util_tests.cpp(2023): Leaving test case "test_ParseFixedPoint"; testing time: 11902us
C:\Users\ContainerAdministrator\AppData\Local\Temp\cirrus-ci-build\src\test\util_tests.cpp(2135): Entering test case "test_LockDirectory"
C:\Users\ContainerAdministrator\AppData\Local\Temp\cirrus-ci-build\src\test\util_tests.cpp(2135): Leaving test case "test_LockDirectory"; testing time: 14529us
C:\Users\ContainerAdministrator\AppData\Local\Temp\cirrus-ci-build\src\test\util_tests.cpp(2223): Entering test case "test_DirIsWritable"
C:\Users\ContainerAdministrator\AppData\Local\Temp\cirrus-ci-build\src\test\util_tests.cpp(2223): Leaving test case "test_DirIsWritable"; testing time: 13419us
C:\Users\ContainerAdministrator\AppData\Local\Temp\cirrus-ci-build\src\test\util_tests.cpp(2239): Entering test case "test_ToLower"
C:\Users\ContainerAdministrator\AppData\Local\Temp\cirrus-ci-build\src\test\util_tests.cpp(2239): Leaving test case "test_ToLower"; testing time: 11473us
C:\Users\ContainerAdministrator\AppData\Local\Temp\cirrus-ci-build\src\test\util_tests.cpp(2253): Entering test case "test_ToUpper"
C:\Users\ContainerAdministrator\AppData\Local\Temp\cirrus-ci-build\src\test\util_tests.cpp(2253): Leaving test case "test_ToUpper"; testing time: 11900us
C:\Users\ContainerAdministrator\AppData\Local\Temp\cirrus-ci-build\src\test\util_tests.cpp(2267): Entering test case "test_Capitalize"
C:\Users\ContainerAdministrator\AppData\Local\Temp\cirrus-ci-build\src\test\util_tests.cpp(2267): Leaving test case "test_Capitalize"; testing time: 12713us
C:\Users\ContainerAdministrator\AppData\Local\Temp\cirrus-ci-build\src\test\util_tests.cpp(2279): Entering test case "test_spanparsing"
C:\Users\ContainerAdministrator\AppData\Local\Temp\cirrus-ci-build\src\test\util_tests.cpp(2279): Leaving test case "test_spanparsing"; testing time: 11812us
C:\Users\ContainerAdministrator\AppData\Local\Temp\cirrus-ci-build\src\test\util_tests.cpp(2397): Entering test case "test_SplitString"
C:\Users\ContainerAdministrator\AppData\Local\Temp\cirrus-ci-build\src\test\util_tests.cpp(2397): Leaving test case "test_SplitString"; testing time: 11565us
C:\Users\ContainerAdministrator\AppData\Local\Temp\cirrus-ci-build\src\test\util_tests.cpp(2459): Entering test case "test_LogEscapeMessage"
C:\Users\ContainerAdministrator\AppData\Local\Temp\cirrus-ci-build\src\test\util_tests.cpp(2459): Leaving test case "test_LogEscapeMessage"; testing time: 11774us
C:\Users\ContainerAdministrator\AppData\Local\Temp\cirrus-ci-build\src\test\util_tests.cpp(2494): Entering test case "test_tracked_vector"
C:\Users\ContainerAdministrator\AppData\Local\Temp\cirrus-ci-build\src\test\util_tests.cpp(2494): Leaving test case "test_tracked_vector"; testing time: 11736us
C:\Users\ContainerAdministrator\AppData\Local\Temp\cirrus-ci-build\src\test\util_tests.cpp(2571): Entering test case "message_sign"
C:\Users\ContainerAdministrator\AppData\Local\Temp\cirrus-ci-build\src\test\util_tests.cpp(2571): Leaving test case "message_sign"; testing time: 12463us
C:\Users\ContainerAdministrator\AppData\Local\Temp\cirrus-ci-build\src\test\util_tests.cpp(2607): Entering test case "message_verify"
C:\Users\ContainerAdministrator\AppData\Local\Temp\cirrus-ci-build\src\test\util_tests.cpp(2607): Leaving test case "message_verify"; testing time: 13492us
C:\Users\ContainerAdministrator\AppData\Local\Temp\cirrus-ci-build\src\test\util_tests.cpp(2659): Entering test case "message_hash"
C:\Users\ContainerAdministrator\AppData\Local\Temp\cirrus-ci-build\src\test\util_tests.cpp(2659): Leaving test case "message_hash"; testing time: 11569us
C:\Users\ContainerAdministrator\AppData\Local\Temp\cirrus-ci-build\src\test\util_tests.cpp(2676): Entering test case "remove_prefix"
C:\Users\ContainerAdministrator\AppData\Local\Temp\cirrus-ci-build\src\test\util_tests.cpp(2676): Leaving test case "remove_prefix"; testing time: 11490us
C:\Users\ContainerAdministrator\AppData\Local\Temp\cirrus-ci-build\src\test\util_tests.cpp(2689): Entering test case "util_ParseByteUnits"
C:\Users\ContainerAdministrator\AppData\Local\Temp\cirrus-ci-build\src\test\util_tests.cpp(2689): Leaving test case "util_ParseByteUnits"; testing time: 11440us
C:\Users\ContainerAdministrator\AppData\Local\Temp\cirrus-ci-build\src\test\util_tests.cpp(2737): Entering test case "util_ReadBinaryFile"
C:\Users\ContainerAdministrator\AppData\Local\Temp\cirrus-ci-build\src\test\util_tests.cpp(2737): Leaving test case "util_ReadBinaryFile"; testing time: 12344us
C:\Users\ContainerAdministrator\AppData\Local\Temp\cirrus-ci-build\src\test\util_tests.cpp(2770): Entering test case "util_WriteBinaryFile"
C:\Users\ContainerAdministrator\AppData\Local\Temp\cirrus-ci-build\src\test\util_tests.cpp(2770): Leaving test case "util_WriteBinaryFile"; testing time: 12269us
C:\Users\ContainerAdministrator\AppData\Local\Temp\cirrus-ci-build\src\test\util_tests.cpp(56): Leaving test suite "util_tests"; testing time: 4821896us
C:\Users\ContainerAdministrator\AppData\Local\Temp\cirrus-ci-build\src\test\util_threadnames_tests.cpp(20): Entering test suite "util_threadnames_tests"
C:\Users\ContainerAdministrator\AppData\Local\Temp\cirrus-ci-build\src\test\util_threadnames_tests.cpp(54): Entering test case "util_threadnames_test_rename_threaded"
Test case util_threadnames_tests/util_threadnames_test_rename_threaded did not check any assertions
C:\Users\ContainerAdministrator\AppData\Local\Temp\cirrus-ci-build\src\test\util_threadnames_tests.cpp(54): Leaving test case "util_threadnames_test_rename_threaded"; testing time: 52us
C:\Users\ContainerAdministrator\AppData\Local\Temp\cirrus-ci-build\src\test\util_threadnames_tests.cpp(20): Leaving test suite "util_threadnames_tests"; testing time: 121us
C:\Users\ContainerAdministrator\AppData\Local\Temp\cirrus-ci-build\src\test\validationinterface_tests.cpp(13): Entering test suite "validationinterface_tests"
C:\Users\ContainerAdministrator\AppData\Local\Temp\cirrus-ci-build\src\test\validationinterface_tests.cpp(19): Entering test case "unregister_validation_interface_race"
C:\Users\ContainerAdministrator\AppData\Local\Temp\cirrus-ci-build\src\test\validationinterface_tests.cpp(19): Leaving test case "unregister_validation_interface_race"; testing time: 390046us
C:\Users\ContainerAdministrator\AppData\Local\Temp\cirrus-ci-build\src\test\validationinterface_tests.cpp(77): Entering test case "unregister_all_during_call"
C:\Users\ContainerAdministrator\AppData\Local\Temp\cirrus-ci-build\src\test\validationinterface_tests.cpp(77): Leaving test case "unregister_all_during_call"; testing time: 24706us
C:\Users\ContainerAdministrator\AppData\Local\Temp\cirrus-ci-build\src\test\validationinterface_tests.cpp(13): Leaving test suite "validationinterface_tests"; testing time: 414965us
C:\Users\ContainerAdministrator\AppData\Local\Temp\cirrus-ci-build\src\test\validation_block_tests.cpp(34): Entering test suite "validation_block_tests"
C:\Users\ContainerAdministrator\AppData\Local\Temp\cirrus-ci-build\src\test\validation_block_tests.cpp(149): Entering test case "processnewblock_signals_ordering"
C:\Users\ContainerAdministrator\AppData\Local\Temp\cirrus-ci-build\src\test\validation_block_tests.cpp(149): Leaving test case "processnewblock_signals_ordering"; testing time: 2427618us
C:\Users\ContainerAdministrator\AppData\Local\Temp\cirrus-ci-build\src\test\validation_block_tests.cpp(223): Entering test case "mempool_locks_reorg"
C:/Users/ContainerAdministrator/AppData/Local/Temp/cirrus-ci-build/src/test/validation_block_tests.cpp(279): fatal error: in "validation_block_tests/mempool_locks_reorg": critical check result.m_result_type == MempoolAcceptResult::ResultType::VALID has failed
C:\Users\ContainerAdministrator\AppData\Local\Temp\cirrus-ci-build\src\test\validation_block_tests.cpp(223): Leaving test case "mempool_locks_reorg"; testing time: 718652us
C:\Users\ContainerAdministrator\AppData\Local\Temp\cirrus-ci-build\src\test\validation_block_tests.cpp(326): Entering test case "witness_commitment_index"
C:\Users\ContainerAdministrator\AppData\Local\Temp\cirrus-ci-build\src\test\validation_block_tests.cpp(326): Leaving test case "witness_commitment_index"; testing time: 25117us
C:\Users\ContainerAdministrator\AppData\Local\Temp\cirrus-ci-build\src\test\validation_block_tests.cpp(34): Leaving test suite "validation_block_tests"; testing time: 3171655us
C:\Users\ContainerAdministrator\AppData\Local\Temp\cirrus-ci-build\src\test\validation_chainstatemanager_tests.cpp(26): Entering test suite "validation_chainstatemanager_tests"
C:\Users\ContainerAdministrator\AppData\Local\Temp\cirrus-ci-build\src\test\validation_chainstatemanager_tests.cpp(31): Entering test case "chainstatemanager"
C:\Users\ContainerAdministrator\AppData\Local\Temp\cirrus-ci-build\src\test\validation_chainstatemanager_tests.cpp(31): Leaving test case "chainstatemanager"; testing time: 22405us
C:\Users\ContainerAdministrator\AppData\Local\Temp\cirrus-ci-build\src\test\validation_chainstatemanager_tests.cpp(106): Entering test case "chainstatemanager_rebalance_caches"
C:\Users\ContainerAdministrator\AppData\Local\Temp\cirrus-ci-build\src\test\validation_chainstatemanager_tests.cpp(106): Leaving test case "chainstatemanager_rebalance_caches"; testing time: 43262us
C:\Users\ContainerAdministrator\AppData\Local\Temp\cirrus-ci-build\src\test\validation_chainstatemanager_tests.cpp(389): Entering test case "chainstatemanager_activate_snapshot"
Checking coins in Chainstate [ibd] @ height 110 (696e92821f65549c7ee134edceeeeaaa4105647a3c4fd9f298c0aec0ab50425c)
Checking coins in Chainstate [snapshot] @ height 110 (696e92821f65549c7ee134edceeeeaaa4105647a3c4fd9f298c0aec0ab50425c)
Checking coins in Chainstate [ibd] @ height 110 (696e92821f65549c7ee134edceeeeaaa4105647a3c4fd9f298c0aec0ab50425c)
Checking coins in Chainstate [snapshot] @ height 210 (4fe08ff1d78843f1b6f0d2b80fee9af49b3c945368e585b8aed1807c89d14804)
C:\Users\ContainerAdministrator\AppData\Local\Temp\cirrus-ci-build\src\test\validation_chainstatemanager_tests.cpp(389): Leaving test case "chainstatemanager_activate_snapshot"; testing time: 1700069us
C:\Users\ContainerAdministrator\AppData\Local\Temp\cirrus-ci-build\src\test\validation_chainstatemanager_tests.cpp(404): Entering test case "chainstatemanager_loadblockindex"
C:\Users\ContainerAdministrator\AppData\Local\Temp\cirrus-ci-build\src\test\validation_chainstatemanager_tests.cpp(404): Leaving test case "chainstatemanager_loadblockindex"; testing time: 531245us
C:\Users\ContainerAdministrator\AppData\Local\Temp\cirrus-ci-build\src\test\validation_chainstatemanager_tests.cpp(473): Entering test case "chainstatemanager_snapshot_init"
Checking coins in Chainstate [ibd] @ height 110 (696e92821f65549c7ee134edceeeeaaa4105647a3c4fd9f298c0aec0ab50425c)
Checking coins in Chainstate [snapshot] @ height 110 (696e92821f65549c7ee134edceeeeaaa4105647a3c4fd9f298c0aec0ab50425c)
Checking coins in Chainstate [ibd] @ height 110 (696e92821f65549c7ee134edceeeeaaa4105647a3c4fd9f298c0aec0ab50425c)
Checking coins in Chainstate [snapshot] @ height 210 (4fe08ff1d78843f1b6f0d2b80fee9af49b3c945368e585b8aed1807c89d14804)
Simulating node restart
Performing Load/Verify/Activate of chainstate
Ensure we can mine blocks on top of the initialized snapshot chainstate
C:\Users\ContainerAdministrator\AppData\Local\Temp\cirrus-ci-build\src\test\validation_chainstatemanager_tests.cpp(473): Leaving test case "chainstatemanager_snapshot_init"; testing time: 1857134us
C:\Users\ContainerAdministrator\AppData\Local\Temp\cirrus-ci-build\src\test\validation_chainstatemanager_tests.cpp(26): Leaving test suite "validation_chainstatemanager_tests"; testing time: 4154588us
C:\Users\ContainerAdministrator\AppData\Local\Temp\cirrus-ci-build\src\test\validation_chainstate_tests.cpp(19): Entering test suite "validation_chainstate_tests"
C:\Users\ContainerAdministrator\AppData\Local\Temp\cirrus-ci-build\src\test\validation_chainstate_tests.cpp(23): Entering test case "validation_chainstate_resize_caches"
C:\Users\ContainerAdministrator\AppData\Local\Temp\cirrus-ci-build\src\test\validation_chainstate_tests.cpp(23): Leaving test case "validation_chainstate_resize_caches"; testing time: 24087us
C:\Users\ContainerAdministrator\AppData\Local\Temp\cirrus-ci-build\src\test\validation_chainstate_tests.cpp(80): Entering test case "chainstate_update_tip"
C:\Users\ContainerAdministrator\AppData\Local\Temp\cirrus-ci-build\src\test\validation_chainstate_tests.cpp(80): Leaving test case "chainstate_update_tip"; testing time: 714842us
C:\Users\ContainerAdministrator\AppData\Local\Temp\cirrus-ci-build\src\test\validation_chainstate_tests.cpp(19): Leaving test suite "validation_chainstate_tests"; testing time: 739111us
C:\Users\ContainerAdministrator\AppData\Local\Temp\cirrus-ci-build\src\test\validation_flush_tests.cpp(11): Entering test suite "validation_flush_tests"
C:\Users\ContainerAdministrator\AppData\Local\Temp\cirrus-ci-build\src\test\validation_flush_tests.cpp(18): Entering test case "getcoinscachesizestate"
Exiting cache flush tests early due to unsupported arch
C:\Users\ContainerAdministrator\AppData\Local\Temp\cirrus-ci-build\src\test\validation_flush_tests.cpp(18): Leaving test case "getcoinscachesizestate"; testing time: 40060us
C:\Users\ContainerAdministrator\AppData\Local\Temp\cirrus-ci-build\src\test\validation_flush_tests.cpp(11): Leaving test suite "validation_flush_tests"; testing time: 40145us
C:\Users\ContainerAdministrator\AppData\Local\Temp\cirrus-ci-build\src\test\validation_tests.cpp(16): Entering test suite "validation_tests"
C:\Users\ContainerAdministrator\AppData\Local\Temp\cirrus-ci-build\src\test\validation_tests.cpp(42): Entering test case "block_subsidy_test"
C:\Users\ContainerAdministrator\AppData\Local\Temp\cirrus-ci-build\src\test\validation_tests.cpp(42): Leaving test case "block_subsidy_test"; testing time: 23476us
C:\Users\ContainerAdministrator\AppData\Local\Temp\cirrus-ci-build\src\test\validation_tests.cpp(50): Entering test case "subsidy_limit_test"
C:\Users\ContainerAdministrator\AppData\Local\Temp\cirrus-ci-build\src\test\validation_tests.cpp(50): Leaving test case "subsidy_limit_test"; testing time: 80998us
C:\Users\ContainerAdministrator\AppData\Local\Temp\cirrus-ci-build\src\test\validation_tests.cpp(63): Entering test case "signet_parse_tests"
C:\Users\ContainerAdministrator\AppData\Local\Temp\cirrus-ci-build\src\test\validation_tests.cpp(63): Leaving test case "signet_parse_tests"; testing time: 23204us
C:\Users\ContainerAdministrator\AppData\Local\Temp\cirrus-ci-build\src\test\validation_tests.cpp(125): Entering test case "test_assumeutxo"
C:\Users\ContainerAdministrator\AppData\Local\Temp\cirrus-ci-build\src\test\validation_tests.cpp(125): Leaving test case "test_assumeutxo"; testing time: 28658us
C:\Users\ContainerAdministrator\AppData\Local\Temp\cirrus-ci-build\src\test\validation_tests.cpp(16): Leaving test suite "validation_tests"; testing time: 156682us
C:\Users\ContainerAdministrator\AppData\Local\Temp\cirrus-ci-build\src\test\versionbits_tests.cpp(185): Entering test suite "versionbits_tests"
C:\Users\ContainerAdministrator\AppData\Local\Temp\cirrus-ci-build\src\test\versionbits_tests.cpp(187): Entering test case "versionbits_test"
C:\Users\ContainerAdministrator\AppData\Local\Temp\cirrus-ci-build\src\test\versionbits_tests.cpp(187): Leaving test case "versionbits_test"; testing time: 2351329us
C:\Users\ContainerAdministrator\AppData\Local\Temp\cirrus-ci-build\src\test\versionbits_tests.cpp(414): Entering test case "versionbits_computeblockversion"
C:\Users\ContainerAdministrator\AppData\Local\Temp\cirrus-ci-build\src\test\versionbits_tests.cpp(414): Leaving test case "versionbits_computeblockversion"; testing time: 608285us
C:\Users\ContainerAdministrator\AppData\Local\Temp\cirrus-ci-build\src\test\versionbits_tests.cpp(185): Leaving test suite "versionbits_tests"; testing time: 2959812us
C:\Users\ContainerAdministrator\AppData\Local\Temp\cirrus-ci-build\src\wallet\test\availablecoins_tests.cpp(14): Entering test suite "availablecoins_tests"
C:\Users\ContainerAdministrator\AppData\Local\Temp\cirrus-ci-build\src\wallet\test\availablecoins_tests.cpp(58): Entering test case "BasicOutputTypesTest"
C:\Users\ContainerAdministrator\AppData\Local\Temp\cirrus-ci-build\src\wallet\test\availablecoins_tests.cpp(58): Leaving test case "BasicOutputTypesTest"; testing time: 4747386us
C:\Users\ContainerAdministrator\AppData\Local\Temp\cirrus-ci-build\src\wallet\test\availablecoins_tests.cpp(14): Leaving test suite "availablecoins_tests"; testing time: 4747477us
C:\Users\ContainerAdministrator\AppData\Local\Temp\cirrus-ci-build\src\wallet\test\coinselector_tests.cpp(22): Entering test suite "coinselector_tests"
C:\Users\ContainerAdministrator\AppData\Local\Temp\cirrus-ci-build\src\wallet\test\coinselector_tests.cpp(161): Entering test case "bnb_search_test"
C:\Users\ContainerAdministrator\AppData\Local\Temp\cirrus-ci-build\src\wallet\test\coinselector_tests.cpp(161): Leaving test case "bnb_search_test"; testing time: 12708077us
C:\Users\ContainerAdministrator\AppData\Local\Temp\cirrus-ci-build\src\wallet\test\coinselector_tests.cpp(403): Entering test case "knapsack_solver_test"
C:\Users\ContainerAdministrator\AppData\Local\Temp\cirrus-ci-build\src\wallet\test\coinselector_tests.cpp(403): Leaving test case "knapsack_solver_test"; testing time: 20131716us
C:\Users\ContainerAdministrator\AppData\Local\Temp\cirrus-ci-build\src\wallet\test\coinselector_tests.cpp(715): Entering test case "ApproximateBestSubset"
C:\Users\ContainerAdministrator\AppData\Local\Temp\cirrus-ci-build\src\wallet\test\coinselector_tests.cpp(715): Leaving test case "ApproximateBestSubset"; testing time: 3870790us
C:\Users\ContainerAdministrator\AppData\Local\Temp\cirrus-ci-build\src\wallet\test\coinselector_tests.cpp(738): Entering test case "SelectCoins_test"
C:\Users\ContainerAdministrator\AppData\Local\Temp\cirrus-ci-build\src\wallet\test\coinselector_tests.cpp(738): Leaving test case "SelectCoins_test"; testing time: 8936756us
C:\Users\ContainerAdministrator\AppData\Local\Temp\cirrus-ci-build\src\wallet\test\coinselector_tests.cpp(792): Entering test case "waste_test"
C:\Users\ContainerAdministrator\AppData\Local\Temp\cirrus-ci-build\src\wallet\test\coinselector_tests.cpp(792): Leaving test case "waste_test"; testing time: 24664us
C:\Users\ContainerAdministrator\AppData\Local\Temp\cirrus-ci-build\src\wallet\test\coinselector_tests.cpp(890): Entering test case "effective_value_test"
C:\Users\ContainerAdministrator\AppData\Local\Temp\cirrus-ci-build\src\wallet\test\coinselector_tests.cpp(890): Leaving test case "effective_value_test"; testing time: 22865us
C:\Users\ContainerAdministrator\AppData\Local\Temp\cirrus-ci-build\src\wallet\test\coinselector_tests.cpp(925): Entering test case "SelectCoins_effective_value_test"
C:\Users\ContainerAdministrator\AppData\Local\Temp\cirrus-ci-build\src\wallet\test\coinselector_tests.cpp(925): Leaving test case "SelectCoins_effective_value_test"; testing time: 8022336us
C:\Users\ContainerAdministrator\AppData\Local\Temp\cirrus-ci-build\src\wallet\test\coinselector_tests.cpp(22): Leaving test suite "coinselector_tests"; testing time: 53717928us
C:\Users\ContainerAdministrator\AppData\Local\Temp\cirrus-ci-build\src\wallet\test\db_tests.cpp(16): Entering test suite "db_tests"
C:\Users\ContainerAdministrator\AppData\Local\Temp\cirrus-ci-build\src\wallet\test\db_tests.cpp(25): Entering test case "getwalletenv_file"
C:\Users\ContainerAdministrator\AppData\Local\Temp\cirrus-ci-build\src\wallet\test\db_tests.cpp(25): Leaving test case "getwalletenv_file"; testing time: 14008us
C:\Users\ContainerAdministrator\AppData\Local\Temp\cirrus-ci-build\src\wallet\test\db_tests.cpp(39): Entering test case "getwalletenv_directory"
C:\Users\ContainerAdministrator\AppData\Local\Temp\cirrus-ci-build\src\wallet\test\db_tests.cpp(39): Leaving test case "getwalletenv_directory"; testing time: 14126us
C:\Users\ContainerAdministrator\AppData\Local\Temp\cirrus-ci-build\src\wallet\test\db_tests.cpp(50): Entering test case "getwalletenv_g_dbenvs_multiple"
C:\Users\ContainerAdministrator\AppData\Local\Temp\cirrus-ci-build\src\wallet\test\db_tests.cpp(50): Leaving test case "getwalletenv_g_dbenvs_multiple"; testing time: 13271us
C:\Users\ContainerAdministrator\AppData\Local\Temp\cirrus-ci-build\src\wallet\test\db_tests.cpp(64): Entering test case "getwalletenv_g_dbenvs_free_instance"
C:\Users\ContainerAdministrator\AppData\Local\Temp\cirrus-ci-build\src\wallet\test\db_tests.cpp(64): Leaving test case "getwalletenv_g_dbenvs_free_instance"; testing time: 11053us
C:\Users\ContainerAdministrator\AppData\Local\Temp\cirrus-ci-build\src\wallet\test\db_tests.cpp(16): Leaving test suite "db_tests"; testing time: 52928us
C:\Users\ContainerAdministrator\AppData\Local\Temp\cirrus-ci-build\src\wallet\test\feebumper_tests.cpp(18): Entering test suite "feebumper_tests"
C:\Users\ContainerAdministrator\AppData\Local\Temp\cirrus-ci-build\src\wallet\test\feebumper_tests.cpp(42): Entering test case "external_max_weight_test"
C:\Users\ContainerAdministrator\AppData\Local\Temp\cirrus-ci-build\src\wallet\test\feebumper_tests.cpp(42): Leaving test case "external_max_weight_test"; testing time: 23392us
C:\Users\ContainerAdministrator\AppData\Local\Temp\cirrus-ci-build\src\wallet\test\feebumper_tests.cpp(18): Leaving test suite "feebumper_tests"; testing time: 23476us
C:\Users\ContainerAdministrator\AppData\Local\Temp\cirrus-ci-build\src\wallet\test\init_tests.cpp(14): Entering test suite "init_tests"
C:\Users\ContainerAdministrator\AppData\Local\Temp\cirrus-ci-build\src\wallet\test\init_tests.cpp(16): Entering test case "walletinit_verify_walletdir_default"
C:\Users\ContainerAdministrator\AppData\Local\Temp\cirrus-ci-build\src\wallet\test\init_tests.cpp(16): Leaving test case "walletinit_verify_walletdir_default"; testing time: 14203us
C:\Users\ContainerAdministrator\AppData\Local\Temp\cirrus-ci-build\src\wallet\test\init_tests.cpp(26): Entering test case "walletinit_verify_walletdir_custom"
C:\Users\ContainerAdministrator\AppData\Local\Temp\cirrus-ci-build\src\wallet\test\init_tests.cpp(26): Leaving test case "walletinit_verify_walletdir_custom"; testing time: 14120us
C:\Users\ContainerAdministrator\AppData\Local\Temp\cirrus-ci-build\src\wallet\test\init_tests.cpp(36): Entering test case "walletinit_verify_walletdir_does_not_exist"
C:\Users\ContainerAdministrator\AppData\Local\Temp\cirrus-ci-build\src\wallet\test\init_tests.cpp(36): Leaving test case "walletinit_verify_walletdir_does_not_exist"; testing time: 13588us
C:\Users\ContainerAdministrator\AppData\Local\Temp\cirrus-ci-build\src\wallet\test\init_tests.cpp(46): Entering test case "walletinit_verify_walletdir_is_not_directory"
C:\Users\ContainerAdministrator\AppData\Local\Temp\cirrus-ci-build\src\wallet\test\init_tests.cpp(46): Leaving test case "walletinit_verify_walletdir_is_not_directory"; testing time: 13708us
C:\Users\ContainerAdministrator\AppData\Local\Temp\cirrus-ci-build\src\wallet\test\init_tests.cpp(56): Entering test case "walletinit_verify_walletdir_is_not_relative"
C:\Users\ContainerAdministrator\AppData\Local\Temp\cirrus-ci-build\src\wallet\test\init_tests.cpp(56): Leaving test case "walletinit_verify_walletdir_is_not_relative"; testing time: 13652us
C:\Users\ContainerAdministrator\AppData\Local\Temp\cirrus-ci-build\src\wallet\test\init_tests.cpp(66): Entering test case "walletinit_verify_walletdir_no_trailing"
C:\Users\ContainerAdministrator\AppData\Local\Temp\cirrus-ci-build\src\wallet\test\init_tests.cpp(66): Leaving test case "walletinit_verify_walletdir_no_trailing"; testing time: 13725us
C:\Users\ContainerAdministrator\AppData\Local\Temp\cirrus-ci-build\src\wallet\test\init_tests.cpp(76): Entering test case "walletinit_verify_walletdir_no_trailing2"
C:\Users\ContainerAdministrator\AppData\Local\Temp\cirrus-ci-build\src\wallet\test\init_tests.cpp(76): Leaving test case "walletinit_verify_walletdir_no_trailing2"; testing time: 13816us
C:\Users\ContainerAdministrator\AppData\Local\Temp\cirrus-ci-build\src\wallet\test\init_tests.cpp(14): Leaving test suite "init_tests"; testing time: 97420us
C:\Users\ContainerAdministrator\AppData\Local\Temp\cirrus-ci-build\src\wallet\test\ismine_tests.cpp(17): Entering test suite "ismine_tests"
C:\Users\ContainerAdministrator\AppData\Local\Temp\cirrus-ci-build\src\wallet\test\ismine_tests.cpp(19): Entering test case "ismine_standard"
C:\Users\ContainerAdministrator\AppData\Local\Temp\cirrus-ci-build\src\wallet\test\ismine_tests.cpp(19): Leaving test case "ismine_standard"; testing time: 50858us
C:\Users\ContainerAdministrator\AppData\Local\Temp\cirrus-ci-build\src\wallet\test\ismine_tests.cpp(17): Leaving test suite "ismine_tests"; testing time: 50948us
C:\Users\ContainerAdministrator\AppData\Local\Temp\cirrus-ci-build\src\wallet\test\psbt_wallet_tests.cpp(15): Entering test suite "psbt_wallet_tests"
C:\Users\ContainerAdministrator\AppData\Local\Temp\cirrus-ci-build\src\wallet\test\psbt_wallet_tests.cpp(29): Entering test case "psbt_updater_test"
C:\Users\ContainerAdministrator\AppData\Local\Temp\cirrus-ci-build\src\wallet\test\psbt_wallet_tests.cpp(29): Leaving test case "psbt_updater_test"; testing time: 1675847us
C:\Users\ContainerAdministrator\AppData\Local\Temp\cirrus-ci-build\src\wallet\test\psbt_wallet_tests.cpp(73): Entering test case "parse_hd_keypath"
C:\Users\ContainerAdministrator\AppData\Local\Temp\cirrus-ci-build\src\wallet\test\psbt_wallet_tests.cpp(73): Leaving test case "parse_hd_keypath"; testing time: 23500us
C:\Users\ContainerAdministrator\AppData\Local\Temp\cirrus-ci-build\src\wallet\test\psbt_wallet_tests.cpp(15): Leaving test suite "psbt_wallet_tests"; testing time: 1699528us
C:\Users\ContainerAdministrator\AppData\Local\Temp\cirrus-ci-build\src\wallet\test\rpc_util_tests.cpp(11): Entering test suite "wallet_util_tests"
C:\Users\ContainerAdministrator\AppData\Local\Temp\cirrus-ci-build\src\wallet\test\rpc_util_tests.cpp(13): Entering test case "util_ParseISO8601DateTime"
C:\Users\ContainerAdministrator\AppData\Local\Temp\cirrus-ci-build\src\wallet\test\rpc_util_tests.cpp(13): Leaving test case "util_ParseISO8601DateTime"; testing time: 1014us
C:\Users\ContainerAdministrator\AppData\Local\Temp\cirrus-ci-build\src\wallet\test\rpc_util_tests.cpp(11): Leaving test suite "wallet_util_tests"; testing time: 1068us
C:\Users\ContainerAdministrator\AppData\Local\Temp\cirrus-ci-build\src\wallet\test\scriptpubkeyman_tests.cpp(14): Entering test suite "scriptpubkeyman_tests"
C:\Users\ContainerAdministrator\AppData\Local\Temp\cirrus-ci-build\src\wallet\test\scriptpubkeyman_tests.cpp(18): Entering test case "CanProvide"
C:\Users\ContainerAdministrator\AppData\Local\Temp\cirrus-ci-build\src\wallet\test\scriptpubkeyman_tests.cpp(18): Leaving test case "CanProvide"; testing time: 11983us
C:\Users\ContainerAdministrator\AppData\Local\Temp\cirrus-ci-build\src\wallet\test\scriptpubkeyman_tests.cpp(14): Leaving test suite "scriptpubkeyman_tests"; testing time: 12055us
C:\Users\ContainerAdministrator\AppData\Local\Temp\cirrus-ci-build\src\wallet\test\spend_tests.cpp(16): Entering test suite "spend_tests"
C:\Users\ContainerAdministrator\AppData\Local\Temp\cirrus-ci-build\src\wallet\test\spend_tests.cpp(18): Entering test case "SubtractFee"
C:\Users\ContainerAdministrator\AppData\Local\Temp\cirrus-ci-build\src\wallet\test\spend_tests.cpp(18): Leaving test case "SubtractFee"; testing time: 4695823us
C:\Users\ContainerAdministrator\AppData\Local\Temp\cirrus-ci-build\src\wallet\test\spend_tests.cpp(78): Entering test case "FillInputToWeightTest"
C:\Users\ContainerAdministrator\AppData\Local\Temp\cirrus-ci-build\src\wallet\test\spend_tests.cpp(78): Leaving test case "FillInputToWeightTest"; testing time: 11461us
C:\Users\ContainerAdministrator\AppData\Local\Temp\cirrus-ci-build\src\wallet\test\spend_tests.cpp(16): Leaving test suite "spend_tests"; testing time: 4707485us
C:\Users\ContainerAdministrator\AppData\Local\Temp\cirrus-ci-build\src\wallet\test\walletdb_tests.cpp(13): Entering test suite "walletdb_tests"
C:\Users\ContainerAdministrator\AppData\Local\Temp\cirrus-ci-build\src\wallet\test\walletdb_tests.cpp(15): Entering test case "walletdb_readkeyvalue"
C:\Users\ContainerAdministrator\AppData\Local\Temp\cirrus-ci-build\src\wallet\test\walletdb_tests.cpp(15): Leaving test case "walletdb_readkeyvalue"; testing time: 10901us
C:\Users\ContainerAdministrator\AppData\Local\Temp\cirrus-ci-build\src\wallet\test\walletdb_tests.cpp(13): Leaving test suite "walletdb_tests"; testing time: 10975us
C:\Users\ContainerAdministrator\AppData\Local\Temp\cirrus-ci-build\src\wallet\test\walletload_tests.cpp(12): Entering test suite "walletload_tests"
C:\Users\ContainerAdministrator\AppData\Local\Temp\cirrus-ci-build\src\wallet\test\walletload_tests.cpp(34): Entering test case "wallet_load_unknown_descriptor"
C:\Users\ContainerAdministrator\AppData\Local\Temp\cirrus-ci-build\src\wallet\test\walletload_tests.cpp(34): Leaving test case "wallet_load_unknown_descriptor"; testing time: 24406us
C:\Users\ContainerAdministrator\AppData\Local\Temp\cirrus-ci-build\src\wallet\test\walletload_tests.cpp(12): Leaving test suite "walletload_tests"; testing time: 24502us
C:\Users\ContainerAdministrator\AppData\Local\Temp\cirrus-ci-build\src\wallet\test\wallet_crypto_tests.cpp(14): Entering test suite "wallet_crypto_tests"
C:\Users\ContainerAdministrator\AppData\Local\Temp\cirrus-ci-build\src\wallet\test\wallet_crypto_tests.cpp(75): Entering test case "passphrase"
C:\Users\ContainerAdministrator\AppData\Local\Temp\cirrus-ci-build\src\wallet\test\wallet_crypto_tests.cpp(75): Leaving test case "passphrase"; testing time: 4853936us
C:\Users\ContainerAdministrator\AppData\Local\Temp\cirrus-ci-build\src\wallet\test\wallet_crypto_tests.cpp(91): Entering test case "encrypt"
C:\Users\ContainerAdministrator\AppData\Local\Temp\cirrus-ci-build\src\wallet\test\wallet_crypto_tests.cpp(91): Leaving test case "encrypt"; testing time: 199777us
C:\Users\ContainerAdministrator\AppData\Local\Temp\cirrus-ci-build\src\wallet\test\wallet_crypto_tests.cpp(106): Entering test case "decrypt"
C:\Users\ContainerAdministrator\AppData\Local\Temp\cirrus-ci-build\src\wallet\test\wallet_crypto_tests.cpp(106): Leaving test case "decrypt"; testing time: 69975us
C:\Users\ContainerAdministrator\AppData\Local\Temp\cirrus-ci-build\src\wallet\test\wallet_crypto_tests.cpp(14): Leaving test suite "wallet_crypto_tests"; testing time: 5124182us
C:\Users\ContainerAdministrator\AppData\Local\Temp\cirrus-ci-build\src\wallet\test\wallet_tests.cpp(44): Entering test suite "wallet_tests"
C:\Users\ContainerAdministrator\AppData\Local\Temp\cirrus-ci-build\src\wallet\test\wallet_tests.cpp(91): Entering test case "scan_for_wallet_transactions"
C:\Users\ContainerAdministrator\AppData\Local\Temp\cirrus-ci-build\src\wallet\test\wallet_tests.cpp(91): Leaving test case "scan_for_wallet_transactions"; testing time: 1010135us
C:\Users\ContainerAdministrator\AppData\Local\Temp\cirrus-ci-build\src\wallet\test\wallet_tests.cpp(214): Entering test case "importmulti_rescan"
C:\Users\ContainerAdministrator\AppData\Local\Temp\cirrus-ci-build\src\wallet\test\wallet_tests.cpp(214): Leaving test case "importmulti_rescan"; testing time: 1007360us
C:\Users\ContainerAdministrator\AppData\Local\Temp\cirrus-ci-build\src\wallet\test\wallet_tests.cpp(280): Entering test case "importwallet_rescan"
C:\Users\ContainerAdministrator\AppData\Local\Temp\cirrus-ci-build\src\wallet\test\wallet_tests.cpp(280): Leaving test case "importwallet_rescan"; testing time: 613844us
C:\Users\ContainerAdministrator\AppData\Local\Temp\cirrus-ci-build\src\wallet\test\wallet_tests.cpp(356): Entering test case "coin_mark_dirty_immature_credit"
C:\Users\ContainerAdministrator\AppData\Local\Temp\cirrus-ci-build\src\wallet\test\wallet_tests.cpp(356): Leaving test case "coin_mark_dirty_immature_credit"; testing time: 4389127us
C:\Users\ContainerAdministrator\AppData\Local\Temp\cirrus-ci-build\src\wallet\test\wallet_tests.cpp(407): Entering test case "ComputeTimeSmart"
C:\Users\ContainerAdministrator\AppData\Local\Temp\cirrus-ci-build\src\wallet\test\wallet_tests.cpp(407): Leaving test case "ComputeTimeSmart"; testing time: 24104us
C:\Users\ContainerAdministrator\AppData\Local\Temp\cirrus-ci-build\src\wallet\test\wallet_tests.cpp(430): Entering test case "LoadReceiveRequests"
C:\Users\ContainerAdministrator\AppData\Local\Temp\cirrus-ci-build\src\wallet\test\wallet_tests.cpp(430): Leaving test case "LoadReceiveRequests"; testing time: 23066us
C:\Users\ContainerAdministrator\AppData\Local\Temp\cirrus-ci-build\src\wallet\test\wallet_tests.cpp(491): Entering test case "WatchOnlyPubKeys"
C:\Users\ContainerAdministrator\AppData\Local\Temp\cirrus-ci-build\src\wallet\test\wallet_tests.cpp(491): Leaving test case "WatchOnlyPubKeys"; testing time: 26483us
C:\Users\ContainerAdministrator\AppData\Local\Temp\cirrus-ci-build\src\wallet\test\wallet_tests.cpp(568): Entering test case "ListCoinsTest"
C:\Users\ContainerAdministrator\AppData\Local\Temp\cirrus-ci-build\src\wallet\test\wallet_tests.cpp(568): Leaving test case "ListCoinsTest"; testing time: 4681445us
C:\Users\ContainerAdministrator\AppData\Local\Temp\cirrus-ci-build\src\wallet\test\wallet_tests.cpp(625): Entering test case "wallet_disableprivkeys"
C:\Users\ContainerAdministrator\AppData\Local\Temp\cirrus-ci-build\src\wallet\test\wallet_tests.cpp(625): Leaving test case "wallet_disableprivkeys"; testing time: 526679us
C:\Users\ContainerAdministrator\AppData\Local\Temp\cirrus-ci-build\src\wallet\test\wallet_tests.cpp(682): Entering test case "dummy_input_size_test"
C:\Users\ContainerAdministrator\AppData\Local\Temp\cirrus-ci-build\src\wallet\test\wallet_tests.cpp(682): Leaving test case "dummy_input_size_test"; testing time: 534829us
C:\Users\ContainerAdministrator\AppData\Local\Temp\cirrus-ci-build\src\wallet\test\wallet_tests.cpp(694): Entering test case "wallet_descriptor_test"
C:\Users\ContainerAdministrator\AppData\Local\Temp\cirrus-ci-build\src\wallet\test\wallet_tests.cpp(694): Leaving test case "wallet_descriptor_test"; testing time: 10817us
C:\Users\ContainerAdministrator\AppData\Local\Temp\cirrus-ci-build\src\wallet\test\wallet_tests.cpp(727): Entering test case "CreateWallet"
C:/Users/ContainerAdministrator/AppData/Local/Temp/cirrus-ci-build/src/wallet/test/wallet_tests.cpp(769): error: in "wallet_tests/CreateWallet": check m_node.chain->broadcastTransaction(MakeTransactionRef(mempool_tx), DEFAULT_TRANSACTION_MAXFEE, false, error) has failed
C:/Users/ContainerAdministrator/AppData/Local/Temp/cirrus-ci-build/src/wallet/test/wallet_tests.cpp(777): error: in "wallet_tests/CreateWallet": check addtx_count == 2 has failed [1 != 2]
C:/Users/ContainerAdministrator/AppData/Local/Temp/cirrus-ci-build/src/wallet/test/wallet_tests.cpp(781): error: in "wallet_tests/CreateWallet": check wallet->mapWallet.count(mempool_tx.GetHash()) == 1U has failed [0 != 1]
C:/Users/ContainerAdministrator/AppData/Local/Temp/cirrus-ci-build/src/wallet/test/wallet_tests.cpp(791): error: in "wallet_tests/CreateWallet": check addtx_count == 4 has failed [2 != 4]
C:/Users/ContainerAdministrator/AppData/Local/Temp/cirrus-ci-build/src/wallet/test/wallet_tests.cpp(810): error: in "wallet_tests/CreateWallet": check m_node.chain->broadcastTransaction(MakeTransactionRef(mempool_tx), DEFAULT_TRANSACTION_MAXFEE, false, error) has failed
C:/Users/ContainerAdministrator/AppData/Local/Temp/cirrus-ci-build/src/wallet/test/wallet_tests.cpp(814): error: in "wallet_tests/CreateWallet": check addtx_count == 2 has failed [1 != 2]
C:/Users/ContainerAdministrator/AppData/Local/Temp/cirrus-ci-build/src/wallet/test/wallet_tests.cpp(818): error: in "wallet_tests/CreateWallet": check wallet->mapWallet.count(mempool_tx.GetHash()) == 1U has failed [0 != 1]
C:\Users\ContainerAdministrator\AppData\Local\Temp\cirrus-ci-build\src\wallet\test\wallet_tests.cpp(727): Leaving test case "CreateWallet"; testing time: 12872782us
C:\Users\ContainerAdministrator\AppData\Local\Temp\cirrus-ci-build\src\wallet\test\wallet_tests.cpp(825): Entering test case "CreateWalletWithoutChain"
C:\Users\ContainerAdministrator\AppData\Local\Temp\cirrus-ci-build\src\wallet\test\wallet_tests.cpp(825): Leaving test case "CreateWalletWithoutChain"; testing time: 4337264us
C:\Users\ContainerAdministrator\AppData\Local\Temp\cirrus-ci-build\src\wallet\test\wallet_tests.cpp(834): Entering test case "ZapSelectTx"
C:\Users\ContainerAdministrator\AppData\Local\Temp\cirrus-ci-build\src\wallet\test\wallet_tests.cpp(834): Leaving test case "ZapSelectTx"; testing time: 4975474us
C:\Users\ContainerAdministrator\AppData\Local\Temp\cirrus-ci-build\src\wallet\test\wallet_tests.cpp(918): Entering test case "wallet_sync_tx_invalid_state_test"
C:\Users\ContainerAdministrator\AppData\Local\Temp\cirrus-ci-build\src\wallet\test\wallet_tests.cpp(918): Leaving test case "wallet_sync_tx_invalid_state_test"; testing time: 3864979us
C:\Users\ContainerAdministrator\AppData\Local\Temp\cirrus-ci-build\src\wallet\test\wallet_tests.cpp(44): Leaving test suite "wallet_tests"; testing time: 38899944us
C:\Users\ContainerAdministrator\AppData\Local\Temp\cirrus-ci-build\src\wallet\test\wallet_transaction_tests.cpp(12): Entering test suite "wallet_transaction_tests"
C:\Users\ContainerAdministrator\AppData\Local\Temp\cirrus-ci-build\src\wallet\test\wallet_transaction_tests.cpp(14): Entering test case "roundtrip"
C:\Users\ContainerAdministrator\AppData\Local\Temp\cirrus-ci-build\src\wallet\test\wallet_transaction_tests.cpp(14): Leaving test case "roundtrip"; testing time: 24343us
C:\Users\ContainerAdministrator\AppData\Local\Temp\cirrus-ci-build\src\wallet\test\wallet_transaction_tests.cpp(12): Leaving test suite "wallet_transaction_tests"; testing time: 24426us
Leaving test module "Bitcoin Core Test Suite"; testing time: 426797580us

*** 45 failures are detected in the test module "Bitcoin Core Test Suite"

C:\Users\ContainerAdministrator\AppData\Local\Temp\cirrus-ci-build>if 201 NEQ 0 exit /b 201 

Exit status: 201