./ci/test_run_all.sh
Setting specific values in env
Fallback to default values in env (if not yet set)
CCACHE_SIZE=200M
LC_ALL=C.UTF-8
CCACHE_COMPRESS=1
BASE_BUILD_DIR=/tmp/cirrus-ci-build/ci/scratch/build
UBSAN_OPTIONS=suppressions=/tmp/cirrus-ci-build/test/sanitizer_suppressions/ubsan:print_stacktrace=1:halt_on_error=1:report_error_type=1
ASAN_OPTIONS=detect_stack_use_after_return=1:check_initialization_order=1:strict_init_order=1
BASE_ROOT_DIR=/tmp/cirrus-ci-build
CCACHE_DIR=/tmp/ccache_dir
DEBIAN_FRONTEND=noninteractive
BASE_SCRATCH_DIR=/tmp/cirrus-ci-build/ci/scratch
TSAN_OPTIONS=suppressions=/tmp/cirrus-ci-build/test/sanitizer_suppressions/tsan:halt_on_error=1:log_path=/tmp/cirrus-ci-build/ci/scratch/sanitizer-output/tsan
LSAN_OPTIONS=suppressions=/tmp/cirrus-ci-build/test/sanitizer_suppressions/lsan
BITCOIN_CONFIG=--enable-reduce-exports CC=clang-8 CXX='clang++-8 -stdlib=libc++' --enable-experimental-util-chainstate --with-experimental-kernel-lib --enable-shared
CCACHE_NOHASHDIR=1
BOOST_TEST_RANDOM=1
CCACHE_TEMPDIR=/tmp/.ccache-temp
BASE_OUTDIR=/tmp/cirrus-ci-build/ci/scratch/out/x86_64-pc-linux-gnu
PREVIOUS_RELEASES_DIR=/tmp/cirrus-ci-build/releases/x86_64-pc-linux-gnu
Running on host system without docker wrapper
Hit:1 http://archive.ubuntu.com/ubuntu bionic InRelease
Hit:2 http://security.ubuntu.com/ubuntu bionic-security InRelease
Hit:3 http://archive.ubuntu.com/ubuntu bionic-updates InRelease
Hit:4 http://archive.ubuntu.com/ubuntu bionic-backports InRelease
Reading package lists...
Reading package lists...
Building dependency tree...
Reading state information...
Skipping ca-certificates, it is already installed and upgrade is not set.
ca-certificates set to manually installed.
Skipping git, it is already installed and upgrade is not set.
Skipping procps, it is already installed and upgrade is not set.
The following additional packages will be installed:
  autoconf binfmt-support binutils binutils-common binutils-x86-64-linux-gnu
  cpp cpp-7 dpkg-dev file g++ g++-7 gcc gcc-7 gcc-7-base lib32gcc1
  lib32stdc++6 libasan4 libatomic1 libbinutils libbison-dev libc++1-8
  libc++abi1-8 libc-dev-bin libc6-dev libc6-i386 libcc1-0 libcilkrts5
  libclang-common-8-dev libclang1-8 libcurl4 libdpkg-perl libgc1c2
  libgcc-7-dev libglib2.0-0 libgomp1 libisl19 libitm1 libllvm8 liblsan0
  libmagic-mgc libmagic1 libmpc3 libmpdec2 libmpfr6 libmpx2 libnorm1
  libobjc-7-dev libobjc4 libpgm-5.2-0 libpipeline1 libpopt0 libpython3-stdlib
  libpython3.6-minimal libpython3.6-stdlib libquadmath0 libreadline7
  libsigsegv2 libsodium23 libstdc++-7-dev libtsan0 libubsan0 libzmq5
  linux-libc-dev llvm-8-runtime m4 make mime-support python3-minimal python3.6
  python3.6-minimal readline-common xz-utils
Suggested packages:
  autoconf-archive gnu-standards autoconf-doc gettext binutils-doc bison-doc
  wamerican | wordlist whois vacation distcc clang-8-doc cpp-doc gcc-7-locales
  debian-keyring g++-multilib g++-7-multilib gcc-7-doc libstdc++6-7-dbg
  gcc-multilib manpages-dev flex gdb gcc-doc gcc-7-multilib libgcc1-dbg
  libgomp1-dbg libitm1-dbg libatomic1-dbg libasan4-dbg liblsan0-dbg
  libtsan0-dbg libubsan0-dbg libcilkrts5-dbg libmpx2-dbg libquadmath0-dbg
  clang glibc-doc gnupg | gnupg2 bzr libstdc++-7-doc libtool-doc gfortran
  | fortran95-compiler gcj-jdk llvm-8-doc m4-doc make-doc python3-doc
  python3-tk python3-venv python3.6-venv python3.6-doc readline-doc
  openssh-server
Recommended packages:
  llvm-8-dev python libomp-8-dev fakeroot gnupg | gnupg2
  libalgorithm-merge-perl manpages manpages-dev libfile-fcntllock-perl
  liblocale-gettext-perl libglib2.0-data shared-mime-info xdg-user-dirs
  libltdl-dev
The following NEW packages will be installed:
  autoconf automake autotools-dev binfmt-support binutils binutils-common
  binutils-x86-64-linux-gnu bison bsdmainutils build-essential ccache clang-8
  cpp cpp-7 curl dpkg-dev file g++ g++-7 gcc gcc-7 gcc-7-base lib32gcc1
  lib32stdc++6 libasan4 libatomic1 libbinutils libbison-dev libc++-8-dev
  libc++1-8 libc++abi-8-dev libc++abi1-8 libc-dev-bin libc6-dev libc6-i386
  libcc1-0 libcilkrts5 libclang-common-8-dev libclang1-8 libcurl4 libdpkg-perl
  libgc1c2 libgcc-7-dev libglib2.0-0 libgomp1 libisl19 libitm1 libllvm8
  liblsan0 libmagic-mgc libmagic1 libmpc3 libmpdec2 libmpfr6 libmpx2 libnorm1
  libobjc-7-dev libobjc4 libpgm-5.2-0 libpipeline1 libpopt0 libpython3-stdlib
  libpython3.6-minimal libpython3.6-stdlib libquadmath0 libreadline7
  libsigsegv2 libsodium23 libstdc++-7-dev libtool libtsan0 libubsan0 libzmq5
  linux-libc-dev llvm-8 llvm-8-runtime m4 make mime-support pkg-config python3
  python3-minimal python3-zmq python3.6 python3.6-minimal readline-common
  rsync xz-utils
0 upgraded, 88 newly installed, 0 to remove and 6 not upgraded.
Need to get 92.2 MB of archives.
After this operation, 427 MB of additional disk space will be used.
Get:1 http://archive.ubuntu.com/ubuntu bionic-updates/main amd64 libpython3.6-minimal amd64 3.6.9-1~18.04ubuntu1.7 [534 kB]
Get:2 http://archive.ubuntu.com/ubuntu bionic-updates/main amd64 python3.6-minimal amd64 3.6.9-1~18.04ubuntu1.7 [1610 kB]
Get:3 http://archive.ubuntu.com/ubuntu bionic-updates/main amd64 python3-minimal amd64 3.6.7-1~18.04 [23.7 kB]
Get:4 http://archive.ubuntu.com/ubuntu bionic/main amd64 mime-support all 3.60ubuntu1 [30.1 kB]
Get:5 http://archive.ubuntu.com/ubuntu bionic/main amd64 libmpdec2 amd64 2.4.2-1ubuntu1 [84.1 kB]
Get:6 http://archive.ubuntu.com/ubuntu bionic/main amd64 readline-common all 7.0-3 [52.9 kB]
Get:7 http://archive.ubuntu.com/ubuntu bionic/main amd64 libreadline7 amd64 7.0-3 [124 kB]
Get:8 http://archive.ubuntu.com/ubuntu bionic-updates/main amd64 libpython3.6-stdlib amd64 3.6.9-1~18.04ubuntu1.7 [1710 kB]
Get:9 http://archive.ubuntu.com/ubuntu bionic-updates/main amd64 python3.6 amd64 3.6.9-1~18.04ubuntu1.7 [203 kB]
Get:10 http://archive.ubuntu.com/ubuntu bionic-updates/main amd64 libpython3-stdlib amd64 3.6.7-1~18.04 [7240 B]
Get:11 http://archive.ubuntu.com/ubuntu bionic-updates/main amd64 python3 amd64 3.6.7-1~18.04 [47.2 kB]
Get:12 http://archive.ubuntu.com/ubuntu bionic-updates/main amd64 libmagic-mgc amd64 1:5.32-2ubuntu0.4 [184 kB]
Get:13 http://archive.ubuntu.com/ubuntu bionic-updates/main amd64 libmagic1 amd64 1:5.32-2ubuntu0.4 [68.6 kB]
Get:14 http://archive.ubuntu.com/ubuntu bionic-updates/main amd64 file amd64 1:5.32-2ubuntu0.4 [22.1 kB]
Get:15 http://archive.ubuntu.com/ubuntu bionic-updates/main amd64 libglib2.0-0 amd64 2.56.4-0ubuntu0.18.04.9 [1169 kB]
Get:16 http://archive.ubuntu.com/ubuntu bionic/main amd64 libpopt0 amd64 1.16-11 [26.2 kB]
Get:17 http://archive.ubuntu.com/ubuntu bionic-updates/main amd64 xz-utils amd64 5.2.2-1.3ubuntu0.1 [83.8 kB]
Get:18 http://archive.ubuntu.com/ubuntu bionic/main amd64 bsdmainutils amd64 11.1.2ubuntu1 [181 kB]
Get:19 http://archive.ubuntu.com/ubuntu bionic/main amd64 libpipeline1 amd64 1.5.0-1 [25.3 kB]
Get:20 http://archive.ubuntu.com/ubuntu bionic-updates/main amd64 rsync amd64 3.1.2-2.1ubuntu1.4 [334 kB]
Get:21 http://archive.ubuntu.com/ubuntu bionic/main amd64 libsigsegv2 amd64 2.12-1 [14.7 kB]
Get:22 http://archive.ubuntu.com/ubuntu bionic/main amd64 m4 amd64 1.4.18-1 [197 kB]
Get:23 http://archive.ubuntu.com/ubuntu bionic/main amd64 autoconf all 2.69-11 [322 kB]
Get:24 http://archive.ubuntu.com/ubuntu bionic/main amd64 autotools-dev all 20180224.1 [39.6 kB]
Get:25 http://archive.ubuntu.com/ubuntu bionic/main amd64 automake all 1:1.15.1-3ubuntu2 [509 kB]
Get:26 http://archive.ubuntu.com/ubuntu bionic/main amd64 binfmt-support amd64 2.1.8-2 [51.6 kB]
Get:27 http://archive.ubuntu.com/ubuntu bionic-updates/main amd64 binutils-common amd64 2.30-21ubuntu1~18.04.7 [197 kB]
Get:28 http://archive.ubuntu.com/ubuntu bionic-updates/main amd64 libbinutils amd64 2.30-21ubuntu1~18.04.7 [489 kB]
Get:29 http://archive.ubuntu.com/ubuntu bionic-updates/main amd64 binutils-x86-64-linux-gnu amd64 2.30-21ubuntu1~18.04.7 [1839 kB]
Get:30 http://archive.ubuntu.com/ubuntu bionic-updates/main amd64 binutils amd64 2.30-21ubuntu1~18.04.7 [3388 B]
Get:31 http://archive.ubuntu.com/ubuntu bionic/main amd64 libbison-dev amd64 2:3.0.4.dfsg-1build1 [339 kB]
Get:32 http://archive.ubuntu.com/ubuntu bionic/main amd64 bison amd64 2:3.0.4.dfsg-1build1 [266 kB]
Get:33 http://archive.ubuntu.com/ubuntu bionic-updates/main amd64 libc-dev-bin amd64 2.27-3ubuntu1.6 [71.9 kB]
Get:34 http://archive.ubuntu.com/ubuntu bionic-updates/main amd64 linux-libc-dev amd64 4.15.0-188.199 [974 kB]
Get:35 http://archive.ubuntu.com/ubuntu bionic-updates/main amd64 libc6-dev amd64 2.27-3ubuntu1.6 [2587 kB]
Get:36 http://archive.ubuntu.com/ubuntu bionic-updates/main amd64 gcc-7-base amd64 7.5.0-3ubuntu1~18.04 [18.3 kB]
Get:37 http://archive.ubuntu.com/ubuntu bionic/main amd64 libisl19 amd64 0.19-1 [551 kB]
Get:38 http://archive.ubuntu.com/ubuntu bionic/main amd64 libmpfr6 amd64 4.0.1-1 [243 kB]
Get:39 http://archive.ubuntu.com/ubuntu bionic/main amd64 libmpc3 amd64 1.1.0-1 [40.8 kB]
Get:40 http://archive.ubuntu.com/ubuntu bionic-updates/main amd64 cpp-7 amd64 7.5.0-3ubuntu1~18.04 [8591 kB]
Get:41 http://archive.ubuntu.com/ubuntu bionic-updates/main amd64 cpp amd64 4:7.4.0-1ubuntu2.3 [27.7 kB]
Get:42 http://archive.ubuntu.com/ubuntu bionic-updates/main amd64 libcc1-0 amd64 8.4.0-1ubuntu1~18.04 [39.4 kB]
Get:43 http://archive.ubuntu.com/ubuntu bionic-updates/main amd64 libgomp1 amd64 8.4.0-1ubuntu1~18.04 [76.5 kB]
Get:44 http://archive.ubuntu.com/ubuntu bionic-updates/main amd64 libitm1 amd64 8.4.0-1ubuntu1~18.04 [27.9 kB]
Get:45 http://archive.ubuntu.com/ubuntu bionic-updates/main amd64 libatomic1 amd64 8.4.0-1ubuntu1~18.04 [9192 B]
Get:46 http://archive.ubuntu.com/ubuntu bionic-updates/main amd64 libasan4 amd64 7.5.0-3ubuntu1~18.04 [358 kB]
Get:47 http://archive.ubuntu.com/ubuntu bionic-updates/main amd64 liblsan0 amd64 8.4.0-1ubuntu1~18.04 [133 kB]
Get:48 http://archive.ubuntu.com/ubuntu bionic-updates/main amd64 libtsan0 amd64 8.4.0-1ubuntu1~18.04 [288 kB]
Get:49 http://archive.ubuntu.com/ubuntu bionic-updates/main amd64 libubsan0 amd64 7.5.0-3ubuntu1~18.04 [126 kB]
Get:50 http://archive.ubuntu.com/ubuntu bionic-updates/main amd64 libcilkrts5 amd64 7.5.0-3ubuntu1~18.04 [42.5 kB]
Get:51 http://archive.ubuntu.com/ubuntu bionic-updates/main amd64 libmpx2 amd64 8.4.0-1ubuntu1~18.04 [11.6 kB]
Get:52 http://archive.ubuntu.com/ubuntu bionic-updates/main amd64 libquadmath0 amd64 8.4.0-1ubuntu1~18.04 [134 kB]
Get:53 http://archive.ubuntu.com/ubuntu bionic-updates/main amd64 libgcc-7-dev amd64 7.5.0-3ubuntu1~18.04 [2378 kB]
Get:54 http://archive.ubuntu.com/ubuntu bionic-updates/main amd64 gcc-7 amd64 7.5.0-3ubuntu1~18.04 [9381 kB]
Get:55 http://archive.ubuntu.com/ubuntu bionic-updates/main amd64 gcc amd64 4:7.4.0-1ubuntu2.3 [5184 B]
Get:56 http://archive.ubuntu.com/ubuntu bionic-updates/main amd64 libstdc++-7-dev amd64 7.5.0-3ubuntu1~18.04 [1471 kB]
Get:57 http://archive.ubuntu.com/ubuntu bionic-updates/main amd64 g++-7 amd64 7.5.0-3ubuntu1~18.04 [9697 kB]
Get:58 http://archive.ubuntu.com/ubuntu bionic-updates/main amd64 g++ amd64 4:7.4.0-1ubuntu2.3 [1568 B]
Get:59 http://archive.ubuntu.com/ubuntu bionic/main amd64 make amd64 4.1-9.1ubuntu1 [154 kB]
Get:60 http://archive.ubuntu.com/ubuntu bionic-updates/main amd64 libdpkg-perl all 1.19.0.5ubuntu2.4 [212 kB]
Get:61 http://archive.ubuntu.com/ubuntu bionic-updates/main amd64 dpkg-dev all 1.19.0.5ubuntu2.4 [607 kB]
Get:62 http://archive.ubuntu.com/ubuntu bionic/main amd64 build-essential amd64 12.4ubuntu1 [4758 B]
Get:63 http://archive.ubuntu.com/ubuntu bionic/main amd64 ccache amd64 3.4.1-1 [110 kB]
Get:64 http://archive.ubuntu.com/ubuntu bionic-updates/main amd64 libllvm8 amd64 1:8-3~ubuntu18.04.2 [13.6 MB]
Get:65 http://archive.ubuntu.com/ubuntu bionic/main amd64 libgc1c2 amd64 1:7.4.2-8ubuntu1 [81.8 kB]
Get:66 http://archive.ubuntu.com/ubuntu bionic-updates/main amd64 libobjc4 amd64 8.4.0-1ubuntu1~18.04 [52.6 kB]
Get:67 http://archive.ubuntu.com/ubuntu bionic-updates/main amd64 libobjc-7-dev amd64 7.5.0-3ubuntu1~18.04 [206 kB]
Get:68 http://archive.ubuntu.com/ubuntu bionic-updates/main amd64 libc6-i386 amd64 2.27-3ubuntu1.6 [2651 kB]
Get:69 http://archive.ubuntu.com/ubuntu bionic-updates/main amd64 lib32gcc1 amd64 1:8.4.0-1ubuntu1~18.04 [48.1 kB]
Get:70 http://archive.ubuntu.com/ubuntu bionic-updates/main amd64 lib32stdc++6 amd64 8.4.0-1ubuntu1~18.04 [415 kB]
Get:71 http://archive.ubuntu.com/ubuntu bionic-updates/universe amd64 libclang-common-8-dev amd64 1:8-3~ubuntu18.04.2 [3802 kB]
Get:72 http://archive.ubuntu.com/ubuntu bionic-updates/universe amd64 libclang1-8 amd64 1:8-3~ubuntu18.04.2 [6225 kB]
Get:73 http://archive.ubuntu.com/ubuntu bionic-updates/universe amd64 clang-8 amd64 1:8-3~ubuntu18.04.2 [7940 kB]
Get:74 http://archive.ubuntu.com/ubuntu bionic-updates/main amd64 libcurl4 amd64 7.58.0-2ubuntu3.19 [220 kB]
Get:75 http://archive.ubuntu.com/ubuntu bionic-updates/main amd64 curl amd64 7.58.0-2ubuntu3.19 [159 kB]
Get:76 http://archive.ubuntu.com/ubuntu bionic-updates/universe amd64 libc++abi1-8 amd64 1:8-3~ubuntu18.04.2 [211 kB]
Get:77 http://archive.ubuntu.com/ubuntu bionic-updates/universe amd64 libc++1-8 amd64 1:8-3~ubuntu18.04.2 [789 kB]
Get:78 http://archive.ubuntu.com/ubuntu bionic-updates/universe amd64 libc++-8-dev amd64 1:8-3~ubuntu18.04.2 [623 kB]
Get:79 http://archive.ubuntu.com/ubuntu bionic-updates/universe amd64 libc++abi-8-dev amd64 1:8-3~ubuntu18.04.2 [74.7 kB]
Get:80 http://archive.ubuntu.com/ubuntu bionic/universe amd64 libnorm1 amd64 1.5r6+dfsg1-6 [224 kB]
Get:81 http://archive.ubuntu.com/ubuntu bionic/universe amd64 libpgm-5.2-0 amd64 5.2.122~dfsg-2 [157 kB]
Get:82 http://archive.ubuntu.com/ubuntu bionic/main amd64 libsodium23 amd64 1.0.16-2 [143 kB]
Get:83 http://archive.ubuntu.com/ubuntu bionic/main amd64 libtool all 2.4.6-2 [194 kB]
Get:84 http://archive.ubuntu.com/ubuntu bionic-updates/universe amd64 libzmq5 amd64 4.2.5-1ubuntu0.2 [221 kB]
Get:85 http://archive.ubuntu.com/ubuntu bionic-updates/universe amd64 llvm-8-runtime amd64 1:8-3~ubuntu18.04.2 [166 kB]
Get:86 http://archive.ubuntu.com/ubuntu bionic-updates/universe amd64 llvm-8 amd64 1:8-3~ubuntu18.04.2 [4585 kB]
Get:87 http://archive.ubuntu.com/ubuntu bionic/main amd64 pkg-config amd64 0.29.1-0ubuntu2 [45.0 kB]
Get:88 http://archive.ubuntu.com/ubuntu bionic/universe amd64 python3-zmq amd64 16.0.2-2build2 [239 kB]
debconf: delaying package configuration, since apt-utils is not installed
Fetched 92.2 MB in 2s (50.6 MB/s)
Selecting previously unselected package libpython3.6-minimal:amd64.
(Reading database ... (Reading database ... 5%(Reading database ... 10%(Reading database ... 15%(Reading database ... 20%(Reading database ... 25%(Reading database ... 30%(Reading database ... 35%(Reading database ... 40%(Reading database ... 45%(Reading database ... 50%(Reading database ... 55%(Reading database ... 60%(Reading database ... 65%(Reading database ... 70%(Reading database ... 75%(Reading database ... 80%(Reading database ... 85%(Reading database ... 90%(Reading database ... 95%(Reading database ... 100%(Reading database ... 7800 files and directories currently installed.)
Preparing to unpack .../libpython3.6-minimal_3.6.9-1~18.04ubuntu1.7_amd64.deb ...
Unpacking libpython3.6-minimal:amd64 (3.6.9-1~18.04ubuntu1.7) ...
Selecting previously unselected package python3.6-minimal.
Preparing to unpack .../python3.6-minimal_3.6.9-1~18.04ubuntu1.7_amd64.deb ...
Unpacking python3.6-minimal (3.6.9-1~18.04ubuntu1.7) ...
Setting up libpython3.6-minimal:amd64 (3.6.9-1~18.04ubuntu1.7) ...
Setting up python3.6-minimal (3.6.9-1~18.04ubuntu1.7) ...
Selecting previously unselected package python3-minimal.
(Reading database ... (Reading database ... 5%(Reading database ... 10%(Reading database ... 15%(Reading database ... 20%(Reading database ... 25%(Reading database ... 30%(Reading database ... 35%(Reading database ... 40%(Reading database ... 45%(Reading database ... 50%(Reading database ... 55%(Reading database ... 60%(Reading database ... 65%(Reading database ... 70%(Reading database ... 75%(Reading database ... 80%(Reading database ... 85%(Reading database ... 90%(Reading database ... 95%(Reading database ... 100%(Reading database ... 8039 files and directories currently installed.)
Preparing to unpack .../0-python3-minimal_3.6.7-1~18.04_amd64.deb ...
Unpacking python3-minimal (3.6.7-1~18.04) ...
Selecting previously unselected package mime-support.
Preparing to unpack .../1-mime-support_3.60ubuntu1_all.deb ...
Unpacking mime-support (3.60ubuntu1) ...
Selecting previously unselected package libmpdec2:amd64.
Preparing to unpack .../2-libmpdec2_2.4.2-1ubuntu1_amd64.deb ...
Unpacking libmpdec2:amd64 (2.4.2-1ubuntu1) ...
Selecting previously unselected package readline-common.
Preparing to unpack .../3-readline-common_7.0-3_all.deb ...
Unpacking readline-common (7.0-3) ...
Selecting previously unselected package libreadline7:amd64.
Preparing to unpack .../4-libreadline7_7.0-3_amd64.deb ...
Unpacking libreadline7:amd64 (7.0-3) ...
Selecting previously unselected package libpython3.6-stdlib:amd64.
Preparing to unpack .../5-libpython3.6-stdlib_3.6.9-1~18.04ubuntu1.7_amd64.deb ...
Unpacking libpython3.6-stdlib:amd64 (3.6.9-1~18.04ubuntu1.7) ...
Selecting previously unselected package python3.6.
Preparing to unpack .../6-python3.6_3.6.9-1~18.04ubuntu1.7_amd64.deb ...
Unpacking python3.6 (3.6.9-1~18.04ubuntu1.7) ...
Selecting previously unselected package libpython3-stdlib:amd64.
Preparing to unpack .../7-libpython3-stdlib_3.6.7-1~18.04_amd64.deb ...
Unpacking libpython3-stdlib:amd64 (3.6.7-1~18.04) ...
Setting up python3-minimal (3.6.7-1~18.04) ...
Selecting previously unselected package python3.
(Reading database ... (Reading database ... 5%(Reading database ... 10%(Reading database ... 15%(Reading database ... 20%(Reading database ... 25%(Reading database ... 30%(Reading database ... 35%(Reading database ... 40%(Reading database ... 45%(Reading database ... 50%(Reading database ... 55%(Reading database ... 60%(Reading database ... 65%(Reading database ... 70%(Reading database ... 75%(Reading database ... 80%(Reading database ... 85%(Reading database ... 90%(Reading database ... 95%(Reading database ... 100%(Reading database ... 8491 files and directories currently installed.)
Preparing to unpack .../00-python3_3.6.7-1~18.04_amd64.deb ...
Unpacking python3 (3.6.7-1~18.04) ...
Selecting previously unselected package libmagic-mgc.
Preparing to unpack .../01-libmagic-mgc_1%3a5.32-2ubuntu0.4_amd64.deb ...
Unpacking libmagic-mgc (1:5.32-2ubuntu0.4) ...
Selecting previously unselected package libmagic1:amd64.
Preparing to unpack .../02-libmagic1_1%3a5.32-2ubuntu0.4_amd64.deb ...
Unpacking libmagic1:amd64 (1:5.32-2ubuntu0.4) ...
Selecting previously unselected package file.
Preparing to unpack .../03-file_1%3a5.32-2ubuntu0.4_amd64.deb ...
Unpacking file (1:5.32-2ubuntu0.4) ...
Selecting previously unselected package libglib2.0-0:amd64.
Preparing to unpack .../04-libglib2.0-0_2.56.4-0ubuntu0.18.04.9_amd64.deb ...
Unpacking libglib2.0-0:amd64 (2.56.4-0ubuntu0.18.04.9) ...
Selecting previously unselected package libpopt0:amd64.
Preparing to unpack .../05-libpopt0_1.16-11_amd64.deb ...
Unpacking libpopt0:amd64 (1.16-11) ...
Selecting previously unselected package xz-utils.
Preparing to unpack .../06-xz-utils_5.2.2-1.3ubuntu0.1_amd64.deb ...
Unpacking xz-utils (5.2.2-1.3ubuntu0.1) ...
Selecting previously unselected package bsdmainutils.
Preparing to unpack .../07-bsdmainutils_11.1.2ubuntu1_amd64.deb ...
Unpacking bsdmainutils (11.1.2ubuntu1) ...
Selecting previously unselected package libpipeline1:amd64.
Preparing to unpack .../08-libpipeline1_1.5.0-1_amd64.deb ...
Unpacking libpipeline1:amd64 (1.5.0-1) ...
Selecting previously unselected package rsync.
Preparing to unpack .../09-rsync_3.1.2-2.1ubuntu1.4_amd64.deb ...
Unpacking rsync (3.1.2-2.1ubuntu1.4) ...
Selecting previously unselected package libsigsegv2:amd64.
Preparing to unpack .../10-libsigsegv2_2.12-1_amd64.deb ...
Unpacking libsigsegv2:amd64 (2.12-1) ...
Selecting previously unselected package m4.
Preparing to unpack .../11-m4_1.4.18-1_amd64.deb ...
Unpacking m4 (1.4.18-1) ...
Selecting previously unselected package autoconf.
Preparing to unpack .../12-autoconf_2.69-11_all.deb ...
Unpacking autoconf (2.69-11) ...
Selecting previously unselected package autotools-dev.
Preparing to unpack .../13-autotools-dev_20180224.1_all.deb ...
Unpacking autotools-dev (20180224.1) ...
Selecting previously unselected package automake.
Preparing to unpack .../14-automake_1%3a1.15.1-3ubuntu2_all.deb ...
Unpacking automake (1:1.15.1-3ubuntu2) ...
Selecting previously unselected package binfmt-support.
Preparing to unpack .../15-binfmt-support_2.1.8-2_amd64.deb ...
Unpacking binfmt-support (2.1.8-2) ...
Selecting previously unselected package binutils-common:amd64.
Preparing to unpack .../16-binutils-common_2.30-21ubuntu1~18.04.7_amd64.deb ...
Unpacking binutils-common:amd64 (2.30-21ubuntu1~18.04.7) ...
Selecting previously unselected package libbinutils:amd64.
Preparing to unpack .../17-libbinutils_2.30-21ubuntu1~18.04.7_amd64.deb ...
Unpacking libbinutils:amd64 (2.30-21ubuntu1~18.04.7) ...
Selecting previously unselected package binutils-x86-64-linux-gnu.
Preparing to unpack .../18-binutils-x86-64-linux-gnu_2.30-21ubuntu1~18.04.7_amd64.deb ...
Unpacking binutils-x86-64-linux-gnu (2.30-21ubuntu1~18.04.7) ...
Selecting previously unselected package binutils.
Preparing to unpack .../19-binutils_2.30-21ubuntu1~18.04.7_amd64.deb ...
Unpacking binutils (2.30-21ubuntu1~18.04.7) ...
Selecting previously unselected package libbison-dev:amd64.
Preparing to unpack .../20-libbison-dev_2%3a3.0.4.dfsg-1build1_amd64.deb ...
Unpacking libbison-dev:amd64 (2:3.0.4.dfsg-1build1) ...
Selecting previously unselected package bison.
Preparing to unpack .../21-bison_2%3a3.0.4.dfsg-1build1_amd64.deb ...
Unpacking bison (2:3.0.4.dfsg-1build1) ...
Selecting previously unselected package libc-dev-bin.
Preparing to unpack .../22-libc-dev-bin_2.27-3ubuntu1.6_amd64.deb ...
Unpacking libc-dev-bin (2.27-3ubuntu1.6) ...
Selecting previously unselected package linux-libc-dev:amd64.
Preparing to unpack .../23-linux-libc-dev_4.15.0-188.199_amd64.deb ...
Unpacking linux-libc-dev:amd64 (4.15.0-188.199) ...
Selecting previously unselected package libc6-dev:amd64.
Preparing to unpack .../24-libc6-dev_2.27-3ubuntu1.6_amd64.deb ...
Unpacking libc6-dev:amd64 (2.27-3ubuntu1.6) ...
Selecting previously unselected package gcc-7-base:amd64.
Preparing to unpack .../25-gcc-7-base_7.5.0-3ubuntu1~18.04_amd64.deb ...
Unpacking gcc-7-base:amd64 (7.5.0-3ubuntu1~18.04) ...
Selecting previously unselected package libisl19:amd64.
Preparing to unpack .../26-libisl19_0.19-1_amd64.deb ...
Unpacking libisl19:amd64 (0.19-1) ...
Selecting previously unselected package libmpfr6:amd64.
Preparing to unpack .../27-libmpfr6_4.0.1-1_amd64.deb ...
Unpacking libmpfr6:amd64 (4.0.1-1) ...
Selecting previously unselected package libmpc3:amd64.
Preparing to unpack .../28-libmpc3_1.1.0-1_amd64.deb ...
Unpacking libmpc3:amd64 (1.1.0-1) ...
Selecting previously unselected package cpp-7.
Preparing to unpack .../29-cpp-7_7.5.0-3ubuntu1~18.04_amd64.deb ...
Unpacking cpp-7 (7.5.0-3ubuntu1~18.04) ...
Selecting previously unselected package cpp.
Preparing to unpack .../30-cpp_4%3a7.4.0-1ubuntu2.3_amd64.deb ...
Unpacking cpp (4:7.4.0-1ubuntu2.3) ...
Selecting previously unselected package libcc1-0:amd64.
Preparing to unpack .../31-libcc1-0_8.4.0-1ubuntu1~18.04_amd64.deb ...
Unpacking libcc1-0:amd64 (8.4.0-1ubuntu1~18.04) ...
Selecting previously unselected package libgomp1:amd64.
Preparing to unpack .../32-libgomp1_8.4.0-1ubuntu1~18.04_amd64.deb ...
Unpacking libgomp1:amd64 (8.4.0-1ubuntu1~18.04) ...
Selecting previously unselected package libitm1:amd64.
Preparing to unpack .../33-libitm1_8.4.0-1ubuntu1~18.04_amd64.deb ...
Unpacking libitm1:amd64 (8.4.0-1ubuntu1~18.04) ...
Selecting previously unselected package libatomic1:amd64.
Preparing to unpack .../34-libatomic1_8.4.0-1ubuntu1~18.04_amd64.deb ...
Unpacking libatomic1:amd64 (8.4.0-1ubuntu1~18.04) ...
Selecting previously unselected package libasan4:amd64.
Preparing to unpack .../35-libasan4_7.5.0-3ubuntu1~18.04_amd64.deb ...
Unpacking libasan4:amd64 (7.5.0-3ubuntu1~18.04) ...
Selecting previously unselected package liblsan0:amd64.
Preparing to unpack .../36-liblsan0_8.4.0-1ubuntu1~18.04_amd64.deb ...
Unpacking liblsan0:amd64 (8.4.0-1ubuntu1~18.04) ...
Selecting previously unselected package libtsan0:amd64.
Preparing to unpack .../37-libtsan0_8.4.0-1ubuntu1~18.04_amd64.deb ...
Unpacking libtsan0:amd64 (8.4.0-1ubuntu1~18.04) ...
Selecting previously unselected package libubsan0:amd64.
Preparing to unpack .../38-libubsan0_7.5.0-3ubuntu1~18.04_amd64.deb ...
Unpacking libubsan0:amd64 (7.5.0-3ubuntu1~18.04) ...
Selecting previously unselected package libcilkrts5:amd64.
Preparing to unpack .../39-libcilkrts5_7.5.0-3ubuntu1~18.04_amd64.deb ...
Unpacking libcilkrts5:amd64 (7.5.0-3ubuntu1~18.04) ...
Selecting previously unselected package libmpx2:amd64.
Preparing to unpack .../40-libmpx2_8.4.0-1ubuntu1~18.04_amd64.deb ...
Unpacking libmpx2:amd64 (8.4.0-1ubuntu1~18.04) ...
Selecting previously unselected package libquadmath0:amd64.
Preparing to unpack .../41-libquadmath0_8.4.0-1ubuntu1~18.04_amd64.deb ...
Unpacking libquadmath0:amd64 (8.4.0-1ubuntu1~18.04) ...
Selecting previously unselected package libgcc-7-dev:amd64.
Preparing to unpack .../42-libgcc-7-dev_7.5.0-3ubuntu1~18.04_amd64.deb ...
Unpacking libgcc-7-dev:amd64 (7.5.0-3ubuntu1~18.04) ...
Selecting previously unselected package gcc-7.
Preparing to unpack .../43-gcc-7_7.5.0-3ubuntu1~18.04_amd64.deb ...
Unpacking gcc-7 (7.5.0-3ubuntu1~18.04) ...
Selecting previously unselected package gcc.
Preparing to unpack .../44-gcc_4%3a7.4.0-1ubuntu2.3_amd64.deb ...
Unpacking gcc (4:7.4.0-1ubuntu2.3) ...
Selecting previously unselected package libstdc++-7-dev:amd64.
Preparing to unpack .../45-libstdc++-7-dev_7.5.0-3ubuntu1~18.04_amd64.deb ...
Unpacking libstdc++-7-dev:amd64 (7.5.0-3ubuntu1~18.04) ...
Selecting previously unselected package g++-7.
Preparing to unpack .../46-g++-7_7.5.0-3ubuntu1~18.04_amd64.deb ...
Unpacking g++-7 (7.5.0-3ubuntu1~18.04) ...
Selecting previously unselected package g++.
Preparing to unpack .../47-g++_4%3a7.4.0-1ubuntu2.3_amd64.deb ...
Unpacking g++ (4:7.4.0-1ubuntu2.3) ...
Selecting previously unselected package make.
Preparing to unpack .../48-make_4.1-9.1ubuntu1_amd64.deb ...
Unpacking make (4.1-9.1ubuntu1) ...
Selecting previously unselected package libdpkg-perl.
Preparing to unpack .../49-libdpkg-perl_1.19.0.5ubuntu2.4_all.deb ...
Unpacking libdpkg-perl (1.19.0.5ubuntu2.4) ...
Selecting previously unselected package dpkg-dev.
Preparing to unpack .../50-dpkg-dev_1.19.0.5ubuntu2.4_all.deb ...
Unpacking dpkg-dev (1.19.0.5ubuntu2.4) ...
Selecting previously unselected package build-essential.
Preparing to unpack .../51-build-essential_12.4ubuntu1_amd64.deb ...
Unpacking build-essential (12.4ubuntu1) ...
Selecting previously unselected package ccache.
Preparing to unpack .../52-ccache_3.4.1-1_amd64.deb ...
Unpacking ccache (3.4.1-1) ...
Selecting previously unselected package libllvm8:amd64.
Preparing to unpack .../53-libllvm8_1%3a8-3~ubuntu18.04.2_amd64.deb ...
Unpacking libllvm8:amd64 (1:8-3~ubuntu18.04.2) ...
Selecting previously unselected package libgc1c2:amd64.
Preparing to unpack .../54-libgc1c2_1%3a7.4.2-8ubuntu1_amd64.deb ...
Unpacking libgc1c2:amd64 (1:7.4.2-8ubuntu1) ...
Selecting previously unselected package libobjc4:amd64.
Preparing to unpack .../55-libobjc4_8.4.0-1ubuntu1~18.04_amd64.deb ...
Unpacking libobjc4:amd64 (8.4.0-1ubuntu1~18.04) ...
Selecting previously unselected package libobjc-7-dev:amd64.
Preparing to unpack .../56-libobjc-7-dev_7.5.0-3ubuntu1~18.04_amd64.deb ...
Unpacking libobjc-7-dev:amd64 (7.5.0-3ubuntu1~18.04) ...
Selecting previously unselected package libc6-i386.
Preparing to unpack .../57-libc6-i386_2.27-3ubuntu1.6_amd64.deb ...
Unpacking libc6-i386 (2.27-3ubuntu1.6) ...
Selecting previously unselected package lib32gcc1.
Preparing to unpack .../58-lib32gcc1_1%3a8.4.0-1ubuntu1~18.04_amd64.deb ...
Unpacking lib32gcc1 (1:8.4.0-1ubuntu1~18.04) ...
Selecting previously unselected package lib32stdc++6.
Preparing to unpack .../59-lib32stdc++6_8.4.0-1ubuntu1~18.04_amd64.deb ...
Unpacking lib32stdc++6 (8.4.0-1ubuntu1~18.04) ...
Selecting previously unselected package libclang-common-8-dev.
Preparing to unpack .../60-libclang-common-8-dev_1%3a8-3~ubuntu18.04.2_amd64.deb ...
Unpacking libclang-common-8-dev (1:8-3~ubuntu18.04.2) ...
Selecting previously unselected package libclang1-8.
Preparing to unpack .../61-libclang1-8_1%3a8-3~ubuntu18.04.2_amd64.deb ...
Unpacking libclang1-8 (1:8-3~ubuntu18.04.2) ...
Selecting previously unselected package clang-8.
Preparing to unpack .../62-clang-8_1%3a8-3~ubuntu18.04.2_amd64.deb ...
Unpacking clang-8 (1:8-3~ubuntu18.04.2) ...
Selecting previously unselected package libcurl4:amd64.
Preparing to unpack .../63-libcurl4_7.58.0-2ubuntu3.19_amd64.deb ...
Unpacking libcurl4:amd64 (7.58.0-2ubuntu3.19) ...
Selecting previously unselected package curl.
Preparing to unpack .../64-curl_7.58.0-2ubuntu3.19_amd64.deb ...
Unpacking curl (7.58.0-2ubuntu3.19) ...
Selecting previously unselected package libc++abi1-8:amd64.
Preparing to unpack .../65-libc++abi1-8_1%3a8-3~ubuntu18.04.2_amd64.deb ...
Unpacking libc++abi1-8:amd64 (1:8-3~ubuntu18.04.2) ...
Selecting previously unselected package libc++1-8:amd64.
Preparing to unpack .../66-libc++1-8_1%3a8-3~ubuntu18.04.2_amd64.deb ...
Unpacking libc++1-8:amd64 (1:8-3~ubuntu18.04.2) ...
Selecting previously unselected package libc++-8-dev:amd64.
Preparing to unpack .../67-libc++-8-dev_1%3a8-3~ubuntu18.04.2_amd64.deb ...
Unpacking libc++-8-dev:amd64 (1:8-3~ubuntu18.04.2) ...
Selecting previously unselected package libc++abi-8-dev:amd64.
Preparing to unpack .../68-libc++abi-8-dev_1%3a8-3~ubuntu18.04.2_amd64.deb ...
Unpacking libc++abi-8-dev:amd64 (1:8-3~ubuntu18.04.2) ...
Selecting previously unselected package libnorm1:amd64.
Preparing to unpack .../69-libnorm1_1.5r6+dfsg1-6_amd64.deb ...
Unpacking libnorm1:amd64 (1.5r6+dfsg1-6) ...
Selecting previously unselected package libpgm-5.2-0:amd64.
Preparing to unpack .../70-libpgm-5.2-0_5.2.122~dfsg-2_amd64.deb ...
Unpacking libpgm-5.2-0:amd64 (5.2.122~dfsg-2) ...
Selecting previously unselected package libsodium23:amd64.
Preparing to unpack .../71-libsodium23_1.0.16-2_amd64.deb ...
Unpacking libsodium23:amd64 (1.0.16-2) ...
Selecting previously unselected package libtool.
Preparing to unpack .../72-libtool_2.4.6-2_all.deb ...
Unpacking libtool (2.4.6-2) ...
Selecting previously unselected package libzmq5:amd64.
Preparing to unpack .../73-libzmq5_4.2.5-1ubuntu0.2_amd64.deb ...
Unpacking libzmq5:amd64 (4.2.5-1ubuntu0.2) ...
Selecting previously unselected package llvm-8-runtime.
Preparing to unpack .../74-llvm-8-runtime_1%3a8-3~ubuntu18.04.2_amd64.deb ...
Unpacking llvm-8-runtime (1:8-3~ubuntu18.04.2) ...
Selecting previously unselected package llvm-8.
Preparing to unpack .../75-llvm-8_1%3a8-3~ubuntu18.04.2_amd64.deb ...
Unpacking llvm-8 (1:8-3~ubuntu18.04.2) ...
Selecting previously unselected package pkg-config.
Preparing to unpack .../76-pkg-config_0.29.1-0ubuntu2_amd64.deb ...
Unpacking pkg-config (0.29.1-0ubuntu2) ...
Selecting previously unselected package python3-zmq.
Preparing to unpack .../77-python3-zmq_16.0.2-2build2_amd64.deb ...
Unpacking python3-zmq (16.0.2-2build2) ...
Setting up libquadmath0:amd64 (8.4.0-1ubuntu1~18.04) ...
Setting up libgomp1:amd64 (8.4.0-1ubuntu1~18.04) ...
Setting up libpgm-5.2-0:amd64 (5.2.122~dfsg-2) ...
Setting up libatomic1:amd64 (8.4.0-1ubuntu1~18.04) ...
Setting up readline-common (7.0-3) ...
Setting up libpopt0:amd64 (1.16-11) ...
Setting up libcc1-0:amd64 (8.4.0-1ubuntu1~18.04) ...
Setting up ccache (3.4.1-1) ...
Updating symlinks in /usr/lib/ccache ...
Setting up make (4.1-9.1ubuntu1) ...
Setting up libllvm8:amd64 (1:8-3~ubuntu18.04.2) ...
Setting up mime-support (3.60ubuntu1) ...
Setting up libsigsegv2:amd64 (2.12-1) ...
Setting up libreadline7:amd64 (7.0-3) ...
Setting up libtsan0:amd64 (8.4.0-1ubuntu1~18.04) ...
Setting up libglib2.0-0:amd64 (2.56.4-0ubuntu0.18.04.9) ...
No schema files found: doing nothing.
Setting up libcurl4:amd64 (7.58.0-2ubuntu3.19) ...
Setting up linux-libc-dev:amd64 (4.15.0-188.199) ...
Setting up libmpfr6:amd64 (4.0.1-1) ...
Setting up libdpkg-perl (1.19.0.5ubuntu2.4) ...
Setting up libgc1c2:amd64 (1:7.4.2-8ubuntu1) ...
Setting up libpipeline1:amd64 (1.5.0-1) ...
Setting up libc6-i386 (2.27-3ubuntu1.6) ...
Setting up m4 (1.4.18-1) ...
Setting up libmagic-mgc (1:5.32-2ubuntu0.4) ...
Setting up libmagic1:amd64 (1:5.32-2ubuntu0.4) ...
Setting up rsync (3.1.2-2.1ubuntu1.4) ...
invoke-rc.d: could not determine current runlevel
invoke-rc.d: policy-rc.d denied execution of restart.
Setting up liblsan0:amd64 (8.4.0-1ubuntu1~18.04) ...
Setting up libnorm1:amd64 (1.5r6+dfsg1-6) ...
Setting up gcc-7-base:amd64 (7.5.0-3ubuntu1~18.04) ...
Setting up binutils-common:amd64 (2.30-21ubuntu1~18.04.7) ...
Setting up libsodium23:amd64 (1.0.16-2) ...
Setting up libmpx2:amd64 (8.4.0-1ubuntu1~18.04) ...
Setting up libclang1-8 (1:8-3~ubuntu18.04.2) ...
Setting up autotools-dev (20180224.1) ...
Setting up xz-utils (5.2.2-1.3ubuntu0.1) ...
update-alternatives: using /usr/bin/xz to provide /usr/bin/lzma (lzma) in auto mode
update-alternatives: warning: skip creation of /usr/share/man/man1/lzma.1.gz because associated file /usr/share/man/man1/xz.1.gz (of link group lzma) doesn't exist
update-alternatives: warning: skip creation of /usr/share/man/man1/unlzma.1.gz because associated file /usr/share/man/man1/unxz.1.gz (of link group lzma) doesn't exist
update-alternatives: warning: skip creation of /usr/share/man/man1/lzcat.1.gz because associated file /usr/share/man/man1/xzcat.1.gz (of link group lzma) doesn't exist
update-alternatives: warning: skip creation of /usr/share/man/man1/lzmore.1.gz because associated file /usr/share/man/man1/xzmore.1.gz (of link group lzma) doesn't exist
update-alternatives: warning: skip creation of /usr/share/man/man1/lzless.1.gz because associated file /usr/share/man/man1/xzless.1.gz (of link group lzma) doesn't exist
update-alternatives: warning: skip creation of /usr/share/man/man1/lzdiff.1.gz because associated file /usr/share/man/man1/xzdiff.1.gz (of link group lzma) doesn't exist
update-alternatives: warning: skip creation of /usr/share/man/man1/lzcmp.1.gz because associated file /usr/share/man/man1/xzcmp.1.gz (of link group lzma) doesn't exist
update-alternatives: warning: skip creation of /usr/share/man/man1/lzgrep.1.gz because associated file /usr/share/man/man1/xzgrep.1.gz (of link group lzma) doesn't exist
update-alternatives: warning: skip creation of /usr/share/man/man1/lzegrep.1.gz because associated file /usr/share/man/man1/xzegrep.1.gz (of link group lzma) doesn't exist
update-alternatives: warning: skip creation of /usr/share/man/man1/lzfgrep.1.gz because associated file /usr/share/man/man1/xzfgrep.1.gz (of link group lzma) doesn't exist
Setting up libbison-dev:amd64 (2:3.0.4.dfsg-1build1) ...
Setting up libmpc3:amd64 (1.1.0-1) ...
Setting up libc-dev-bin (2.27-3ubuntu1.6) ...
Setting up bison (2:3.0.4.dfsg-1build1) ...
update-alternatives: using /usr/bin/bison.yacc to provide /usr/bin/yacc (yacc) in auto mode
update-alternatives: warning: skip creation of /usr/share/man/man1/yacc.1.gz because associated file /usr/share/man/man1/bison.yacc.1.gz (of link group yacc) doesn't exist
Setting up bsdmainutils (11.1.2ubuntu1) ...
update-alternatives: using /usr/bin/bsd-write to provide /usr/bin/write (write) in auto mode
update-alternatives: warning: skip creation of /usr/share/man/man1/write.1.gz because associated file /usr/share/man/man1/bsd-write.1.gz (of link group write) doesn't exist
update-alternatives: using /usr/bin/bsd-from to provide /usr/bin/from (from) in auto mode
update-alternatives: warning: skip creation of /usr/share/man/man1/from.1.gz because associated file /usr/share/man/man1/bsd-from.1.gz (of link group from) doesn't exist
Setting up libc++abi1-8:amd64 (1:8-3~ubuntu18.04.2) ...
Setting up libc6-dev:amd64 (2.27-3ubuntu1.6) ...
Setting up libitm1:amd64 (8.4.0-1ubuntu1~18.04) ...
Setting up libmpdec2:amd64 (2.4.2-1ubuntu1) ...
Setting up lib32gcc1 (1:8.4.0-1ubuntu1~18.04) ...
Setting up libisl19:amd64 (0.19-1) ...
Setting up libpython3.6-stdlib:amd64 (3.6.9-1~18.04ubuntu1.7) ...
Setting up binfmt-support (2.1.8-2) ...
mount: /proc/sys/fs/binfmt_misc: cannot mount binfmt_misc read-only.
update-binfmts: warning: Couldn't mount the binfmt_misc filesystem on /proc/sys/fs/binfmt_misc.
mount: /proc/sys/fs/binfmt_misc: cannot mount binfmt_misc read-only.
update-binfmts: warning: Couldn't mount the binfmt_misc filesystem on /proc/sys/fs/binfmt_misc.
invoke-rc.d: could not determine current runlevel
invoke-rc.d: policy-rc.d denied execution of start.
Setting up libobjc4:amd64 (8.4.0-1ubuntu1~18.04) ...
Setting up libzmq5:amd64 (4.2.5-1ubuntu0.2) ...
Setting up python3.6 (3.6.9-1~18.04ubuntu1.7) ...
Setting up libasan4:amd64 (7.5.0-3ubuntu1~18.04) ...
Setting up libc++abi-8-dev:amd64 (1:8-3~ubuntu18.04.2) ...
Setting up curl (7.58.0-2ubuntu3.19) ...
Setting up libbinutils:amd64 (2.30-21ubuntu1~18.04.7) ...
Setting up libcilkrts5:amd64 (7.5.0-3ubuntu1~18.04) ...
Setting up libubsan0:amd64 (7.5.0-3ubuntu1~18.04) ...
Setting up llvm-8-runtime (1:8-3~ubuntu18.04.2) ...
mount: /proc/sys/fs/binfmt_misc: cannot mount binfmt_misc read-only.
update-binfmts: warning: Couldn't mount the binfmt_misc filesystem on /proc/sys/fs/binfmt_misc.
Setting up autoconf (2.69-11) ...
Setting up file (1:5.32-2ubuntu0.4) ...
Setting up libgcc-7-dev:amd64 (7.5.0-3ubuntu1~18.04) ...
Setting up cpp-7 (7.5.0-3ubuntu1~18.04) ...
Setting up llvm-8 (1:8-3~ubuntu18.04.2) ...
Setting up libstdc++-7-dev:amd64 (7.5.0-3ubuntu1~18.04) ...
Setting up libc++1-8:amd64 (1:8-3~ubuntu18.04.2) ...
Setting up libobjc-7-dev:amd64 (7.5.0-3ubuntu1~18.04) ...
Setting up automake (1:1.15.1-3ubuntu2) ...
update-alternatives: using /usr/bin/automake-1.15 to provide /usr/bin/automake (automake) in auto mode
update-alternatives: warning: skip creation of /usr/share/man/man1/automake.1.gz because associated file /usr/share/man/man1/automake-1.15.1.gz (of link group automake) doesn't exist
update-alternatives: warning: skip creation of /usr/share/man/man1/aclocal.1.gz because associated file /usr/share/man/man1/aclocal-1.15.1.gz (of link group automake) doesn't exist
Setting up lib32stdc++6 (8.4.0-1ubuntu1~18.04) ...
Setting up binutils-x86-64-linux-gnu (2.30-21ubuntu1~18.04.7) ...
Setting up libpython3-stdlib:amd64 (3.6.7-1~18.04) ...
Setting up cpp (4:7.4.0-1ubuntu2.3) ...
Setting up python3 (3.6.7-1~18.04) ...
Setting up libc++-8-dev:amd64 (1:8-3~ubuntu18.04.2) ...
Setting up libclang-common-8-dev (1:8-3~ubuntu18.04.2) ...
Setting up binutils (2.30-21ubuntu1~18.04.7) ...
Setting up python3-zmq (16.0.2-2build2) ...
Setting up gcc-7 (7.5.0-3ubuntu1~18.04) ...
Setting up g++-7 (7.5.0-3ubuntu1~18.04) ...
Setting up clang-8 (1:8-3~ubuntu18.04.2) ...
Setting up gcc (4:7.4.0-1ubuntu2.3) ...
Setting up dpkg-dev (1.19.0.5ubuntu2.4) ...
Setting up g++ (4:7.4.0-1ubuntu2.3) ...
update-alternatives: using /usr/bin/g++ to provide /usr/bin/c++ (c++) in auto mode
update-alternatives: warning: skip creation of /usr/share/man/man1/c++.1.gz because associated file /usr/share/man/man1/g++.1.gz (of link group c++) doesn't exist
Setting up libtool (2.4.6-2) ...
Setting up build-essential (12.4ubuntu1) ...
Setting up pkg-config (0.29.1-0ubuntu2) ...
Processing triggers for libc-bin (2.27-3ubuntu1.6) ...
              total        used        free      shared  buff/cache   available
Mem:           125G        4.7G         55G        7.6M         65G        119G
Swap:            0B          0B          0B
Number of CPUs (nproc): 32
Byte Order: Little Endian
Free disk space:
Filesystem      Size  Used Avail Use% Mounted on
overlay         489G   88G  401G  18% /
tmpfs            64M     0   64M   0% /dev
tmpfs            63G     0   63G   0% /sys/fs/cgroup
/dev/sda1       489G   88G  401G  18% /tmp
tmpfs           117G     0  117G   0% /dev/shm
tmpfs            63G     0   63G   0% /proc/acpi
tmpfs            63G     0   63G   0% /proc/scsi
tmpfs            63G     0   63G   0% /sys/firmware
  % Total    % Received % Xferd  Average Speed   Time    Time     Time  Current
                                 Dload  Upload   Total   Spent    Left  Speed
  0     0    0     0    0     0      0      0 --:--:-- --:--:-- --:--:--     0  0     0    0     0    0     0      0      0 --:--:-- --:--:-- --:--:--     0
100 9025k  100 9025k    0     0  26.8M      0 --:--:-- --:--:-- --:--:-- 26.8M
make: Entering directory '/tmp/cirrus-ci-build/depends'
Fetching boost_1_77_0.tar.bz2 from https://boostorg.jfrog.io/artifactory/main/release/1.77.0/source/
  % Total    % Received % Xferd  Average Speed   Time    Time     Time  Current
                                 Dload  Upload   Total   Spent    Left  Speed
  0     0    0     0    0     0      0      0 --:--:-- --:--:-- --:--:--     0  0     0    0     0    0     0      0      0 --:--:-- --:--:-- --:--:--     0
  0  105M    0     0    0     0      0      0 --:--:-- --:--:-- --:--:--     0 20  105M   20 21.6M    0     0  12.2M      0  0:00:08  0:00:01  0:00:07 23.0M 62  105M   62 66.1M    0     0  23.8M      0  0:00:04  0:00:02  0:00:02 34.0M100  105M  100  105M    0     0  28.9M      0  0:00:03  0:00:03 --:--:-- 37.4M
/tmp/cirrus-ci-build/depends/work/download/boost-1.77.0/boost_1_77_0.tar.bz2.temp: OK
Extracting boost...
/tmp/cirrus-ci-build/depends/sources/boost_1_77_0.tar.bz2: OK
Preprocessing boost...
Configuring boost...
Building boost...
Staging boost...
Postprocessing boost...
Caching boost...
Fetching libevent-2.1.12-stable.tar.gz from https://github.com/libevent/libevent/releases/download/release-2.1.12-stable/
  % Total    % Received % Xferd  Average Speed   Time    Time     Time  Current
                                 Dload  Upload   Total   Spent    Left  Speed
  0     0    0     0    0     0      0      0 --:--:-- --:--:-- --:--:--     0  0     0    0     0    0     0      0      0 --:--:-- --:--:-- --:--:--     0
100 1075k  100 1075k    0     0  3054k      0 --:--:-- --:--:-- --:--:-- 3054k
/tmp/cirrus-ci-build/depends/work/download/libevent-2.1.12-stable/libevent-2.1.12-stable.tar.gz.temp: OK
Extracting libevent...
/tmp/cirrus-ci-build/depends/sources/libevent-2.1.12-stable.tar.gz: OK
Preprocessing libevent...
Configuring libevent...
Building libevent...
Staging libevent...
Postprocessing libevent...
Caching libevent...
Fetching freetype-2.11.0.tar.xz from https://download.savannah.gnu.org/releases/freetype
  % Total    % Received % Xferd  Average Speed   Time    Time     Time  Current
                                 Dload  Upload   Total   Spent    Left  Speed
  0     0    0     0    0     0      0      0 --:--:-- --:--:-- --:--:--     0  0     0    0     0    0     0      0      0 --:--:-- --:--:-- --:--:--     0
  0     0    0     0    0     0      0      0 --:--:-- --:--:-- --:--:--     0100 2203k  100 2203k    0     0  2212k      0 --:--:-- --:--:-- --:--:-- 4854k
/tmp/cirrus-ci-build/depends/work/download/freetype-2.11.0/freetype-2.11.0.tar.xz.temp: OK
Extracting freetype...
/tmp/cirrus-ci-build/depends/sources/freetype-2.11.0.tar.xz: OK
Preprocessing freetype...
Configuring freetype...
Building freetype...
Staging freetype...
Postprocessing freetype...
Caching freetype...
Fetching expat-2.4.1.tar.xz from https://github.com/libexpat/libexpat/releases/download/R_2_4_1/
  % Total    % Received % Xferd  Average Speed   Time    Time     Time  Current
                                 Dload  Upload   Total   Spent    Left  Speed
  0     0    0     0    0     0      0      0 --:--:-- --:--:-- --:--:--     0  0     0    0     0    0     0      0      0 --:--:-- --:--:-- --:--:--     0
100  434k  100  434k    0     0  1256k      0 --:--:-- --:--:-- --:--:-- 1256k
/tmp/cirrus-ci-build/depends/work/download/expat-2.4.1/expat-2.4.1.tar.xz.temp: OK
Extracting expat...
/tmp/cirrus-ci-build/depends/sources/expat-2.4.1.tar.xz: OK
Preprocessing expat...
Configuring expat...
Building expat...
Staging expat...
Postprocessing expat...
Caching expat...
Fetching fontconfig-2.12.6.tar.bz2 from https://www.freedesktop.org/software/fontconfig/release/
  % Total    % Received % Xferd  Average Speed   Time    Time     Time  Current
                                 Dload  Upload   Total   Spent    Left  Speed
  0     0    0     0    0     0      0      0 --:--:-- --:--:-- --:--:--     0 54 1586k   54  864k    0     0  1624k      0 --:--:-- --:--:-- --:--:-- 1624k100 1586k  100 1586k    0     0  2949k      0 --:--:-- --:--:-- --:--:-- 2943k
/tmp/cirrus-ci-build/depends/work/download/fontconfig-2.12.6/fontconfig-2.12.6.tar.bz2.temp: OK
Extracting fontconfig...
/tmp/cirrus-ci-build/depends/sources/fontconfig-2.12.6.tar.bz2: OK
Preprocessing fontconfig...
Configuring fontconfig...
Building fontconfig...
Staging fontconfig...
Postprocessing fontconfig...
Caching fontconfig...
Fetching xcb-proto-1.14.1.tar.xz from https://xorg.freedesktop.org/archive/individual/proto
  % Total    % Received % Xferd  Average Speed   Time    Time     Time  Current
                                 Dload  Upload   Total   Spent    Left  Speed
  0     0    0     0    0     0      0      0 --:--:-- --:--:-- --:--:--     0100  140k  100  140k    0     0   254k      0 --:--:-- --:--:-- --:--:--  254k
/tmp/cirrus-ci-build/depends/work/download/xcb_proto-1.14.1/xcb-proto-1.14.1.tar.xz.temp: OK
Extracting xcb_proto...
/tmp/cirrus-ci-build/depends/sources/xcb-proto-1.14.1.tar.xz: OK
Preprocessing xcb_proto...
Configuring xcb_proto...
Building xcb_proto...
Staging xcb_proto...
Postprocessing xcb_proto...
Caching xcb_proto...
Fetching xproto-7.0.31.tar.bz2 from https://xorg.freedesktop.org/releases/individual/proto
  % Total    % Received % Xferd  Average Speed   Time    Time     Time  Current
                                 Dload  Upload   Total   Spent    Left  Speed
  0     0    0     0    0     0      0      0 --:--:-- --:--:-- --:--:--     0100  293k  100  293k    0     0   855k      0 --:--:-- --:--:-- --:--:--  855k
/tmp/cirrus-ci-build/depends/work/download/xproto-7.0.31/xproto-7.0.31.tar.bz2.temp: OK
Extracting xproto...
/tmp/cirrus-ci-build/depends/sources/xproto-7.0.31.tar.bz2: OK
Preprocessing xproto...
Configuring xproto...
Building xproto...
Staging xproto...
Postprocessing xproto...
Caching xproto...
Fetching libXau-1.0.9.tar.bz2 from https://xorg.freedesktop.org/releases/individual/lib/
  % Total    % Received % Xferd  Average Speed   Time    Time     Time  Current
                                 Dload  Upload   Total   Spent    Left  Speed
  0     0    0     0    0     0      0      0 --:--:-- --:--:-- --:--:--     0100  315k  100  315k    0     0   993k      0 --:--:-- --:--:-- --:--:--  993k
/tmp/cirrus-ci-build/depends/work/download/libXau-1.0.9/libXau-1.0.9.tar.bz2.temp: OK
Extracting libXau...
/tmp/cirrus-ci-build/depends/sources/libXau-1.0.9.tar.bz2: OK
Preprocessing libXau...
Configuring libXau...
Building libXau...
Staging libXau...
Postprocessing libXau...
Caching libXau...
Fetching libxcb-1.14.tar.xz from https://xcb.freedesktop.org/dist
  % Total    % Received % Xferd  Average Speed   Time    Time     Time  Current
                                 Dload  Upload   Total   Spent    Left  Speed
  0     0    0     0    0     0      0      0 --:--:-- --:--:-- --:--:--     0  0     0    0     0    0     0      0      0 --:--:-- --:--:-- --:--:--     0100  429k  100  429k    0     0   911k      0 --:--:-- --:--:-- --:--:--  909k
/tmp/cirrus-ci-build/depends/work/download/libxcb-1.14/libxcb-1.14.tar.xz.temp: OK
Extracting libxcb...
/tmp/cirrus-ci-build/depends/sources/libxcb-1.14.tar.xz: OK
Preprocessing libxcb...
Configuring libxcb...
Building libxcb...
Staging libxcb...
Postprocessing libxcb...
Caching libxcb...
Fetching libxkbcommon-0.8.4.tar.xz from https://xkbcommon.org/download/
  % Total    % Received % Xferd  Average Speed   Time    Time     Time  Current
                                 Dload  Upload   Total   Spent    Left  Speed
  0     0    0     0    0     0      0      0 --:--:-- --:--:-- --:--:--     0 10  633k   10 65536    0     0  81008      0  0:00:08 --:--:--  0:00:08 80908100  633k  100  633k    0     0   483k      0  0:00:01  0:00:01 --:--:--  483k
/tmp/cirrus-ci-build/depends/work/download/libxkbcommon-0.8.4/libxkbcommon-0.8.4.tar.xz.temp: OK
Extracting libxkbcommon...
/tmp/cirrus-ci-build/depends/sources/libxkbcommon-0.8.4.tar.xz: OK
Preprocessing libxkbcommon...
Configuring libxkbcommon...
Building libxkbcommon...
Staging libxkbcommon...
Postprocessing libxkbcommon...
Caching libxkbcommon...
Fetching xcb-util-0.4.0.tar.bz2 from https://xcb.freedesktop.org/dist
  % Total    % Received % Xferd  Average Speed   Time    Time     Time  Current
                                 Dload  Upload   Total   Spent    Left  Speed
  0     0    0     0    0     0      0      0 --:--:-- --:--:-- --:--:--     0  0     0    0     0    0     0      0      0 --:--:-- --:--:-- --:--:--     0100  290k  100  290k    0     0   669k      0 --:--:-- --:--:-- --:--:--  667k
/tmp/cirrus-ci-build/depends/work/download/libxcb_util-0.4.0/xcb-util-0.4.0.tar.bz2.temp: OK
Extracting libxcb_util...
/tmp/cirrus-ci-build/depends/sources/xcb-util-0.4.0.tar.bz2: OK
Preprocessing libxcb_util...
Configuring libxcb_util...
Building libxcb_util...
Staging libxcb_util...
Postprocessing libxcb_util...
Caching libxcb_util...
Fetching xcb-util-renderutil-0.3.9.tar.bz2 from https://xcb.freedesktop.org/dist
  % Total    % Received % Xferd  Average Speed   Time    Time     Time  Current
                                 Dload  Upload   Total   Spent    Left  Speed
  0     0    0     0    0     0      0      0 --:--:-- --:--:-- --:--:--     0  0     0    0     0    0     0      0      0 --:--:-- --:--:-- --:--:--     0100  286k  100  286k    0     0   246k      0  0:00:01  0:00:01 --:--:--  246k
/tmp/cirrus-ci-build/depends/work/download/libxcb_util_render-0.3.9/xcb-util-renderutil-0.3.9.tar.bz2.temp: OK
Extracting libxcb_util_render...
/tmp/cirrus-ci-build/depends/sources/xcb-util-renderutil-0.3.9.tar.bz2: OK
Preprocessing libxcb_util_render...
Configuring libxcb_util_render...
Building libxcb_util_render...
Staging libxcb_util_render...
Postprocessing libxcb_util_render...
Caching libxcb_util_render...
Fetching xcb-util-keysyms-0.4.0.tar.bz2 from https://xcb.freedesktop.org/dist
  % Total    % Received % Xferd  Average Speed   Time    Time     Time  Current
                                 Dload  Upload   Total   Spent    Left  Speed
  0     0    0     0    0     0      0      0 --:--:-- --:--:-- --:--:--     0100  283k  100  283k    0     0   830k      0 --:--:-- --:--:-- --:--:--  830k
/tmp/cirrus-ci-build/depends/work/download/libxcb_util_keysyms-0.4.0/xcb-util-keysyms-0.4.0.tar.bz2.temp: OK
Extracting libxcb_util_keysyms...
/tmp/cirrus-ci-build/depends/sources/xcb-util-keysyms-0.4.0.tar.bz2: OK
Preprocessing libxcb_util_keysyms...
Configuring libxcb_util_keysyms...
Building libxcb_util_keysyms...
Staging libxcb_util_keysyms...
Postprocessing libxcb_util_keysyms...
Caching libxcb_util_keysyms...
Fetching xcb-util-image-0.4.0.tar.bz2 from https://xcb.freedesktop.org/dist
  % Total    % Received % Xferd  Average Speed   Time    Time     Time  Current
                                 Dload  Upload   Total   Spent    Left  Speed
  0     0    0     0    0     0      0      0 --:--:-- --:--:-- --:--:--     0100  320k  100  320k    0     0   976k      0 --:--:-- --:--:-- --:--:--  979k
/tmp/cirrus-ci-build/depends/work/download/libxcb_util_image-0.4.0/xcb-util-image-0.4.0.tar.bz2.temp: OK
Extracting libxcb_util_image...
/tmp/cirrus-ci-build/depends/sources/xcb-util-image-0.4.0.tar.bz2: OK
Preprocessing libxcb_util_image...
Configuring libxcb_util_image...
Building libxcb_util_image...
Staging libxcb_util_image...
Postprocessing libxcb_util_image...
Caching libxcb_util_image...
Fetching xcb-util-wm-0.4.1.tar.bz2 from https://xcb.freedesktop.org/dist
  % Total    % Received % Xferd  Average Speed   Time    Time     Time  Current
                                 Dload  Upload   Total   Spent    Left  Speed
  0     0    0     0    0     0      0      0 --:--:-- --:--:-- --:--:--     0100  314k  100  314k    0     0   913k      0 --:--:-- --:--:-- --:--:--  913k
/tmp/cirrus-ci-build/depends/work/download/libxcb_util_wm-0.4.1/xcb-util-wm-0.4.1.tar.bz2.temp: OK
Extracting libxcb_util_wm...
/tmp/cirrus-ci-build/depends/sources/xcb-util-wm-0.4.1.tar.bz2: OK
Preprocessing libxcb_util_wm...
Configuring libxcb_util_wm...
Building libxcb_util_wm...
Staging libxcb_util_wm...
Postprocessing libxcb_util_wm...
Caching libxcb_util_wm...
Fetching qtbase-everywhere-opensource-src-5.15.3.tar.xz from https://download.qt.io/official_releases/qt/5.15/5.15.3/submodules
  % Total    % Received % Xferd  Average Speed   Time    Time     Time  Current
                                 Dload  Upload   Total   Spent    Left  Speed
  0     0    0     0    0     0      0      0 --:--:-- --:--:-- --:--:--     0  0     0    0     0    0     0      0      0 --:--:-- --:--:-- --:--:--     0100   295  100   295    0     0    506      0 --:--:-- --:--:-- --:--:--   506
 40 47.8M   40 19.2M    0     0  17.0M      0  0:00:02  0:00:01  0:00:01 17.0M100 47.8M  100 47.8M    0     0  34.2M      0  0:00:01  0:00:01 --:--:--  106M
/tmp/cirrus-ci-build/depends/work/download/qt-5.15.3/qtbase-everywhere-opensource-src-5.15.3.tar.xz.temp: OK
Fetching qttranslations-everywhere-opensource-src-5.15.3.tar.xz from https://download.qt.io/official_releases/qt/5.15/5.15.3/submodules
  % Total    % Received % Xferd  Average Speed   Time    Time     Time  Current
                                 Dload  Upload   Total   Spent    Left  Speed
  0     0    0     0    0     0      0      0 --:--:-- --:--:-- --:--:--     0  0     0    0     0    0     0      0      0 --:--:-- --:--:-- --:--:--     0100   303  100   303    0     0    381      0 --:--:-- --:--:-- --:--:--   381
100 1579k  100 1579k    0     0  1435k      0  0:00:01  0:00:01 --:--:-- 1435k
/tmp/cirrus-ci-build/depends/work/download/qt-5.15.3/qttranslations-everywhere-opensource-src-5.15.3.tar.xz.temp: OK
Fetching qttools-everywhere-opensource-src-5.15.3.tar.xz from https://download.qt.io/official_releases/qt/5.15/5.15.3/submodules
  % Total    % Received % Xferd  Average Speed   Time    Time     Time  Current
                                 Dload  Upload   Total   Spent    Left  Speed
  0     0    0     0    0     0      0      0 --:--:-- --:--:-- --:--:--     0  0     0    0     0    0     0      0      0 --:--:-- --:--:-- --:--:--     0100   296  100   296    0     0    539      0 --:--:-- --:--:-- --:--:--   538
100 8688k  100 8688k    0     0  8994k      0 --:--:-- --:--:-- --:--:-- 8994k
/tmp/cirrus-ci-build/depends/work/download/qt-5.15.3/qttools-everywhere-opensource-src-5.15.3.tar.xz.temp: OK
Extracting qt...
/tmp/cirrus-ci-build/depends/sources/qtbase-everywhere-opensource-src-5.15.3.tar.xz: OK
/tmp/cirrus-ci-build/depends/sources/qttranslations-everywhere-opensource-src-5.15.3.tar.xz: OK
/tmp/cirrus-ci-build/depends/sources/qttools-everywhere-opensource-src-5.15.3.tar.xz: OK
Preprocessing qt...
Configuring qt...
Building qt...
patching file qtbase/configure
patching file qtbase/mkspecs/features/qt_module.prf
patching file qtbase/src/plugins/platforms/android/androidjnimain.cpp
patching file qtbase/src/plugins/platforms/xcb/qxcbcursor.cpp
patching file qtbase/configure.json
patching file qtbase/configure.pri
patching file qtbase/mkspecs/common/macx.conf
patching file qtbase/mkspecs/features/mac/default_post.prf
patching file qtbase/mkspecs/features/toolchain.prf
patching file qtbase/src/tools/moc/main.cpp
patching file qtbase/src/corelib/text/qbytearraymatcher.h
patching file qtbase/src/corelib/tools/qoffsetstringarray_p.h
patching file qtbase/src/plugins/platforms/cocoa/qiosurfacegraphicsbuffer.h
patching file qtbase/mkspecs/features/android/default_pre.prf
patching file qtbase/src/tools/rcc/rcc.cpp
patching file qtbase/src/gui/text/qplatformfontdatabase.cpp
patching file qtbase/src/gui/text/qplatformfontdatabase.h
patching file qtbase/src/platformsupport/fontdatabases/mac/qfontengine_coretext.mm
patching file qtbase/src/platformsupport/fontdatabases/mac/qfontengine_coretext_p.h
patching file qtbase/src/platformsupport/fontdatabases/windows/qwindowsfontdatabase.cpp
patching file qtbase/src/platformsupport/fontdatabases/windows/qwindowsfontdatabase_p.h
patching file qtbase/src/platformsupport/themes/genericunix/qgenericunixthemes.cpp
Creating qmake...
make[1]: Entering directory '/tmp/cirrus-ci-build/depends/work/build/x86_64-pc-linux-gnu/qt/5.15.3-1045bbbda2a/qtbase/qmake'
make[1]: Leaving directory '/tmp/cirrus-ci-build/depends/work/build/x86_64-pc-linux-gnu/qt/5.15.3-1045bbbda2a/qtbase/qmake'
Info: creating super cache file /tmp/cirrus-ci-build/depends/work/build/x86_64-pc-linux-gnu/qt/5.15.3-1045bbbda2a/.qmake.super
Info: creating cache file /tmp/cirrus-ci-build/depends/work/build/x86_64-pc-linux-gnu/qt/5.15.3-1045bbbda2a/.qmake.cache
Info: creating stash file /tmp/cirrus-ci-build/depends/work/build/x86_64-pc-linux-gnu/qt/5.15.3-1045bbbda2a/.qmake.stash
Command line: -bindir /tmp/cirrus-ci-build/depends/x86_64-pc-linux-gnu/native/bin -c++std c++17 -confirm-license -hostprefix /tmp/cirrus-ci-build/depends/x86_64-pc-linux-gnu/native -ltcg -no-compile-examples -no-cups -no-egl -no-eglfs -no-evdev -no-gif -no-glib -no-icu -no-ico -no-iconv -no-kms -no-linuxfb -no-libjpeg -no-libproxy -no-libudev -no-mtdev -no-openssl -no-openvg -no-reduce-relocations -no-schannel -no-sctp -no-securetransport -no-sql-db2 -no-sql-ibase -no-sql-oci -no-sql-tds -no-sql-mysql -no-sql-odbc -no-sql-psql -no-sql-sqlite -no-sql-sqlite2 -no-system-proxies -no-use-gold-linker -no-zstd -nomake examples -nomake tests -nomake tools -opensource -pkg-config -prefix /tmp/cirrus-ci-build/depends/x86_64-pc-linux-gnu -qt-libpng -qt-pcre -qt-harfbuzz -qt-zlib -static -v -no-feature-bearermanagement -no-feature-colordialog -no-feature-commandlineparser -no-feature-concurrent -no-feature-dial -no-feature-fontcombobox -no-feature-ftp -no-feature-http -no-feature-image_heuristic_mask -no-feature-keysequenceedit -no-feature-lcdnumber -no-feature-networkdiskcache -no-feature-networkproxy -no-feature-pdf -no-feature-printdialog -no-feature-printer -no-feature-printpreviewdialog -no-feature-printpreviewwidget -no-feature-sessionmanager -no-feature-socks5 -no-feature-sql -no-feature-sqlmodel -no-feature-statemachine -no-feature-syntaxhighlighter -no-feature-textbrowser -no-feature-textmarkdownwriter -no-feature-textodfwriter -no-feature-topleveldomain -no-feature-udpsocket -no-feature-undocommand -no-feature-undogroup -no-feature-undostack -no-feature-undoview -no-feature-vnc -no-feature-wizard -no-feature-xml -release -silent -xcb -no-xcb-xlib -no-feature-xlib -system-freetype -fontconfig -no-opengl -no-feature-vulkan -dbus-runtime -xplatform linux-clang-libc++

This is the Qt Open Source Edition.

You have already accepted the terms of the Open Source license.

Running configuration tests...
Checking for machine tuple... 
+ clang++-8 -stdlib=libc++ -dumpmachine
> x86_64-pc-linux-gnu
test config.qtbase.tests.machineTuple succeeded
Checking for valid makespec... 
+ cd /tmp/cirrus-ci-build/depends/work/build/x86_64-pc-linux-gnu/qt/5.15.3-1045bbbda2a/config.tests/verifyspec && /tmp/cirrus-ci-build/depends/work/build/x86_64-pc-linux-gnu/qt/5.15.3-1045bbbda2a/qtbase/bin/qmake "CONFIG -= qt debug_and_release app_bundle lib_bundle" "CONFIG += static warn_off console single_arch" -early "CONFIG += cross_compile" /tmp/cirrus-ci-build/depends/work/build/x86_64-pc-linux-gnu/qt/5.15.3-1045bbbda2a/qtbase/config.tests/verifyspec
+ cd /tmp/cirrus-ci-build/depends/work/build/x86_64-pc-linux-gnu/qt/5.15.3-1045bbbda2a/config.tests/verifyspec && MAKEFLAGS= /usr/bin/make
> make[1]: Entering directory '/tmp/cirrus-ci-build/depends/work/build/x86_64-pc-linux-gnu/qt/5.15.3-1045bbbda2a/config.tests/verifyspec'
> clang++-8 -stdlib=libc++ -c -pipe -pipe -std=c++17 -O2 -I/tmp/cirrus-ci-build/depends/x86_64-pc-linux-gnu/include -stdlib=libc++ -O2 -w -fPIC  -I/tmp/cirrus-ci-build/depends/work/build/x86_64-pc-linux-gnu/qt/5.15.3-1045bbbda2a/qtbase/config.tests/verifyspec -I. -I/tmp/cirrus-ci-build/depends/work/build/x86_64-pc-linux-gnu/qt/5.15.3-1045bbbda2a/qtbase/mkspecs/linux-clang-libc++ -o verifyspec.o /tmp/cirrus-ci-build/depends/work/build/x86_64-pc-linux-gnu/qt/5.15.3-1045bbbda2a/qtbase/config.tests/verifyspec/verifyspec.cpp
> clang++-8 -stdlib=libc++ -L/tmp/cirrus-ci-build/depends/x86_64-pc-linux-gnu/lib -ccc-gcc-name g++ -stdlib=libc++ -o verifyspec verifyspec.o      
> make[1]: Leaving directory '/tmp/cirrus-ci-build/depends/work/build/x86_64-pc-linux-gnu/qt/5.15.3-1045bbbda2a/config.tests/verifyspec'
test config.qtbase.tests.verifyspec succeeded
Checking for target architecture... 
+ cd /tmp/cirrus-ci-build/depends/work/build/x86_64-pc-linux-gnu/qt/5.15.3-1045bbbda2a/config.tests/arch && /tmp/cirrus-ci-build/depends/work/build/x86_64-pc-linux-gnu/qt/5.15.3-1045bbbda2a/qtbase/bin/qmake "CONFIG -= qt debug_and_release app_bundle lib_bundle" "CONFIG += static warn_off console single_arch" -early "CONFIG += cross_compile" /tmp/cirrus-ci-build/depends/work/build/x86_64-pc-linux-gnu/qt/5.15.3-1045bbbda2a/qtbase/config.tests/arch
+ cd /tmp/cirrus-ci-build/depends/work/build/x86_64-pc-linux-gnu/qt/5.15.3-1045bbbda2a/config.tests/arch && MAKEFLAGS= /usr/bin/make
> make[1]: Entering directory '/tmp/cirrus-ci-build/depends/work/build/x86_64-pc-linux-gnu/qt/5.15.3-1045bbbda2a/config.tests/arch'
> clang++-8 -stdlib=libc++ -c -pipe -pipe -std=c++17 -O2 -I/tmp/cirrus-ci-build/depends/x86_64-pc-linux-gnu/include -stdlib=libc++ -O2 -w -fPIC  -I/tmp/cirrus-ci-build/depends/work/build/x86_64-pc-linux-gnu/qt/5.15.3-1045bbbda2a/qtbase/config.tests/arch -I. -I/tmp/cirrus-ci-build/depends/work/build/x86_64-pc-linux-gnu/qt/5.15.3-1045bbbda2a/qtbase/mkspecs/linux-clang-libc++ -o arch.o /tmp/cirrus-ci-build/depends/work/build/x86_64-pc-linux-gnu/qt/5.15.3-1045bbbda2a/qtbase/config.tests/arch/arch.cpp
> clang++-8 -stdlib=libc++ -L/tmp/cirrus-ci-build/depends/x86_64-pc-linux-gnu/lib -ccc-gcc-name g++ -stdlib=libc++ -o arch arch.o      
> make[1]: Leaving directory '/tmp/cirrus-ci-build/depends/work/build/x86_64-pc-linux-gnu/qt/5.15.3-1045bbbda2a/config.tests/arch'
Detected architecture: x86_64 (mmx sse sse2)
test config.qtbase.tests.architecture gave result x86_64
Checking for host architecture... 
+ cd /tmp/cirrus-ci-build/depends/work/build/x86_64-pc-linux-gnu/qt/5.15.3-1045bbbda2a/config.tests/arch && /tmp/cirrus-ci-build/depends/work/build/x86_64-pc-linux-gnu/qt/5.15.3-1045bbbda2a/qtbase/bin/qmake "CONFIG -= qt debug_and_release app_bundle lib_bundle" "CONFIG += static warn_off console single_arch" -early "CONFIG += cross_compile" /tmp/cirrus-ci-build/depends/work/build/x86_64-pc-linux-gnu/qt/5.15.3-1045bbbda2a/qtbase/config.tests/arch/arch_host.pro
+ cd /tmp/cirrus-ci-build/depends/work/build/x86_64-pc-linux-gnu/qt/5.15.3-1045bbbda2a/config.tests/arch && MAKEFLAGS= /usr/bin/make clean && MAKEFLAGS= /usr/bin/make
> make[1]: Entering directory '/tmp/cirrus-ci-build/depends/work/build/x86_64-pc-linux-gnu/qt/5.15.3-1045bbbda2a/config.tests/arch'
> rm -f arch.o
> rm -f *~ core *.core
> make[1]: Leaving directory '/tmp/cirrus-ci-build/depends/work/build/x86_64-pc-linux-gnu/qt/5.15.3-1045bbbda2a/config.tests/arch'
> make[1]: Entering directory '/tmp/cirrus-ci-build/depends/work/build/x86_64-pc-linux-gnu/qt/5.15.3-1045bbbda2a/config.tests/arch'
> g++ -c -pipe -O2 -w -fPIC  -I/tmp/cirrus-ci-build/depends/work/build/x86_64-pc-linux-gnu/qt/5.15.3-1045bbbda2a/qtbase/config.tests/arch -I. -I/tmp/cirrus-ci-build/depends/work/build/x86_64-pc-linux-gnu/qt/5.15.3-1045bbbda2a/qtbase/mkspecs/linux-g++ -o arch.o /tmp/cirrus-ci-build/depends/work/build/x86_64-pc-linux-gnu/qt/5.15.3-1045bbbda2a/qtbase/config.tests/arch/arch.cpp
> g++ -Wl,-O1 -o arch_host arch.o      
> make[1]: Leaving directory '/tmp/cirrus-ci-build/depends/work/build/x86_64-pc-linux-gnu/qt/5.15.3-1045bbbda2a/config.tests/arch'
Detected architecture: x86_64 (mmx sse sse2)
test config.qtbase.tests.host_architecture gave result x86_64
Checking for SSE2 instructions... 
+ cd /tmp/cirrus-ci-build/depends/work/build/x86_64-pc-linux-gnu/qt/5.15.3-1045bbbda2a/config.tests/x86_simd && /tmp/cirrus-ci-build/depends/work/build/x86_64-pc-linux-gnu/qt/5.15.3-1045bbbda2a/qtbase/bin/qmake "CONFIG -= qt debug_and_release app_bundle lib_bundle" "CONFIG += static warn_off console single_arch" -early "CONFIG += cross_compile" CONFIG+=add_cflags DEFINES+=NO_ATTRIBUTE SIMD=sse2 /tmp/cirrus-ci-build/depends/work/build/x86_64-pc-linux-gnu/qt/5.15.3-1045bbbda2a/qtbase/config.tests/x86_simd
+ cd /tmp/cirrus-ci-build/depends/work/build/x86_64-pc-linux-gnu/qt/5.15.3-1045bbbda2a/config.tests/x86_simd && MAKEFLAGS= /usr/bin/make
> make[1]: Entering directory '/tmp/cirrus-ci-build/depends/work/build/x86_64-pc-linux-gnu/qt/5.15.3-1045bbbda2a/config.tests/x86_simd'
> clang++-8 -stdlib=libc++ -c -pipe -pipe -std=c++17 -O2 -I/tmp/cirrus-ci-build/depends/x86_64-pc-linux-gnu/include -stdlib=libc++ -msse2 -O2 -w -fPIC -DNO_ATTRIBUTE -DQT_COMPILER_SUPPORTS_SSE2 -I/tmp/cirrus-ci-build/depends/work/build/x86_64-pc-linux-gnu/qt/5.15.3-1045bbbda2a/qtbase/config.tests/x86_simd -I. -I/tmp/cirrus-ci-build/depends/work/build/x86_64-pc-linux-gnu/qt/5.15.3-1045bbbda2a/qtbase/mkspecs/linux-clang-libc++ -o main.o /tmp/cirrus-ci-build/depends/work/build/x86_64-pc-linux-gnu/qt/5.15.3-1045bbbda2a/qtbase/config.tests/x86_simd/main.cpp
> clang++-8 -stdlib=libc++ -L/tmp/cirrus-ci-build/depends/x86_64-pc-linux-gnu/lib -ccc-gcc-name g++ -stdlib=libc++ -o x86_simd main.o      
> make[1]: Leaving directory '/tmp/cirrus-ci-build/depends/work/build/x86_64-pc-linux-gnu/qt/5.15.3-1045bbbda2a/config.tests/x86_simd'
test config.qtbase.tests.sse2 succeeded
Checking for AES new instructions... 
+ cd /tmp/cirrus-ci-build/depends/work/build/x86_64-pc-linux-gnu/qt/5.15.3-1045bbbda2a/config.tests/x86_simd && /tmp/cirrus-ci-build/depends/work/build/x86_64-pc-linux-gnu/qt/5.15.3-1045bbbda2a/qtbase/bin/qmake "CONFIG -= qt debug_and_release app_bundle lib_bundle" "CONFIG += static warn_off console single_arch" -early "CONFIG += cross_compile" CONFIG+=add_cflags DEFINES+=NO_ATTRIBUTE SIMD=aesni /tmp/cirrus-ci-build/depends/work/build/x86_64-pc-linux-gnu/qt/5.15.3-1045bbbda2a/qtbase/config.tests/x86_simd
+ cd /tmp/cirrus-ci-build/depends/work/build/x86_64-pc-linux-gnu/qt/5.15.3-1045bbbda2a/config.tests/x86_simd && MAKEFLAGS= /usr/bin/make clean && MAKEFLAGS= /usr/bin/make
> make[1]: Entering directory '/tmp/cirrus-ci-build/depends/work/build/x86_64-pc-linux-gnu/qt/5.15.3-1045bbbda2a/config.tests/x86_simd'
> rm -f main.o
> rm -f *~ core *.core
> make[1]: Leaving directory '/tmp/cirrus-ci-build/depends/work/build/x86_64-pc-linux-gnu/qt/5.15.3-1045bbbda2a/config.tests/x86_simd'
> make[1]: Entering directory '/tmp/cirrus-ci-build/depends/work/build/x86_64-pc-linux-gnu/qt/5.15.3-1045bbbda2a/config.tests/x86_simd'
> clang++-8 -stdlib=libc++ -c -pipe -pipe -std=c++17 -O2 -I/tmp/cirrus-ci-build/depends/x86_64-pc-linux-gnu/include -stdlib=libc++ -maes -O2 -w -fPIC -DNO_ATTRIBUTE -DQT_COMPILER_SUPPORTS_AESNI -I/tmp/cirrus-ci-build/depends/work/build/x86_64-pc-linux-gnu/qt/5.15.3-1045bbbda2a/qtbase/config.tests/x86_simd -I. -I/tmp/cirrus-ci-build/depends/work/build/x86_64-pc-linux-gnu/qt/5.15.3-1045bbbda2a/qtbase/mkspecs/linux-clang-libc++ -o main.o /tmp/cirrus-ci-build/depends/work/build/x86_64-pc-linux-gnu/qt/5.15.3-1045bbbda2a/qtbase/config.tests/x86_simd/main.cpp
> clang++-8 -stdlib=libc++ -L/tmp/cirrus-ci-build/depends/x86_64-pc-linux-gnu/lib -ccc-gcc-name g++ -stdlib=libc++ -o x86_simd main.o      
> make[1]: Leaving directory '/tmp/cirrus-ci-build/depends/work/build/x86_64-pc-linux-gnu/qt/5.15.3-1045bbbda2a/config.tests/x86_simd'
test config.qtbase.tests.aesni succeeded
Checking for alloca() in alloca.h... 
+ cd /tmp/cirrus-ci-build/depends/work/build/x86_64-pc-linux-gnu/qt/5.15.3-1045bbbda2a/config.tests/alloca_h && /tmp/cirrus-ci-build/depends/work/build/x86_64-pc-linux-gnu/qt/5.15.3-1045bbbda2a/qtbase/bin/qmake "CONFIG -= qt debug_and_release app_bundle lib_bundle" "CONFIG += static warn_off console single_arch" -early "CONFIG += cross_compile" /tmp/cirrus-ci-build/depends/work/build/x86_64-pc-linux-gnu/qt/5.15.3-1045bbbda2a/config.tests/alloca_h
+ cd /tmp/cirrus-ci-build/depends/work/build/x86_64-pc-linux-gnu/qt/5.15.3-1045bbbda2a/config.tests/alloca_h && MAKEFLAGS= /usr/bin/make
> make[1]: Entering directory '/tmp/cirrus-ci-build/depends/work/build/x86_64-pc-linux-gnu/qt/5.15.3-1045bbbda2a/config.tests/alloca_h'
> clang++-8 -stdlib=libc++ -c -pipe -pipe -std=c++17 -O2 -I/tmp/cirrus-ci-build/depends/x86_64-pc-linux-gnu/include -stdlib=libc++ -O2 -w -fPIC  -I. -I/tmp/cirrus-ci-build/depends/work/build/x86_64-pc-linux-gnu/qt/5.15.3-1045bbbda2a/qtbase/mkspecs/linux-clang-libc++ -o main.o main.cpp
> clang++-8 -stdlib=libc++ -L/tmp/cirrus-ci-build/depends/x86_64-pc-linux-gnu/lib -ccc-gcc-name g++ -stdlib=libc++ -o alloca_h main.o      
> make[1]: Leaving directory '/tmp/cirrus-ci-build/depends/work/build/x86_64-pc-linux-gnu/qt/5.15.3-1045bbbda2a/config.tests/alloca_h'
test config.qtbase.tests.alloca_h succeeded
Checking for SSE3 instructions... 
+ cd /tmp/cirrus-ci-build/depends/work/build/x86_64-pc-linux-gnu/qt/5.15.3-1045bbbda2a/config.tests/x86_simd && /tmp/cirrus-ci-build/depends/work/build/x86_64-pc-linux-gnu/qt/5.15.3-1045bbbda2a/qtbase/bin/qmake "CONFIG -= qt debug_and_release app_bundle lib_bundle" "CONFIG += static warn_off console single_arch" -early "CONFIG += cross_compile" CONFIG+=add_cflags DEFINES+=NO_ATTRIBUTE SIMD=sse3 /tmp/cirrus-ci-build/depends/work/build/x86_64-pc-linux-gnu/qt/5.15.3-1045bbbda2a/qtbase/config.tests/x86_simd
+ cd /tmp/cirrus-ci-build/depends/work/build/x86_64-pc-linux-gnu/qt/5.15.3-1045bbbda2a/config.tests/x86_simd && MAKEFLAGS= /usr/bin/make clean && MAKEFLAGS= /usr/bin/make
> make[1]: Entering directory '/tmp/cirrus-ci-build/depends/work/build/x86_64-pc-linux-gnu/qt/5.15.3-1045bbbda2a/config.tests/x86_simd'
> rm -f main.o
> rm -f *~ core *.core
> make[1]: Leaving directory '/tmp/cirrus-ci-build/depends/work/build/x86_64-pc-linux-gnu/qt/5.15.3-1045bbbda2a/config.tests/x86_simd'
> make[1]: Entering directory '/tmp/cirrus-ci-build/depends/work/build/x86_64-pc-linux-gnu/qt/5.15.3-1045bbbda2a/config.tests/x86_simd'
> clang++-8 -stdlib=libc++ -c -pipe -pipe -std=c++17 -O2 -I/tmp/cirrus-ci-build/depends/x86_64-pc-linux-gnu/include -stdlib=libc++ -msse3 -O2 -w -fPIC -DNO_ATTRIBUTE -DQT_COMPILER_SUPPORTS_SSE3 -I/tmp/cirrus-ci-build/depends/work/build/x86_64-pc-linux-gnu/qt/5.15.3-1045bbbda2a/qtbase/config.tests/x86_simd -I. -I/tmp/cirrus-ci-build/depends/work/build/x86_64-pc-linux-gnu/qt/5.15.3-1045bbbda2a/qtbase/mkspecs/linux-clang-libc++ -o main.o /tmp/cirrus-ci-build/depends/work/build/x86_64-pc-linux-gnu/qt/5.15.3-1045bbbda2a/qtbase/config.tests/x86_simd/main.cpp
> clang++-8 -stdlib=libc++ -L/tmp/cirrus-ci-build/depends/x86_64-pc-linux-gnu/lib -ccc-gcc-name g++ -stdlib=libc++ -o x86_simd main.o      
> make[1]: Leaving directory '/tmp/cirrus-ci-build/depends/work/build/x86_64-pc-linux-gnu/qt/5.15.3-1045bbbda2a/config.tests/x86_simd'
test config.qtbase.tests.sse3 succeeded
Checking for SSSE3 instructions... 
+ cd /tmp/cirrus-ci-build/depends/work/build/x86_64-pc-linux-gnu/qt/5.15.3-1045bbbda2a/config.tests/x86_simd && /tmp/cirrus-ci-build/depends/work/build/x86_64-pc-linux-gnu/qt/5.15.3-1045bbbda2a/qtbase/bin/qmake "CONFIG -= qt debug_and_release app_bundle lib_bundle" "CONFIG += static warn_off console single_arch" -early "CONFIG += cross_compile" CONFIG+=add_cflags DEFINES+=NO_ATTRIBUTE SIMD=ssse3 /tmp/cirrus-ci-build/depends/work/build/x86_64-pc-linux-gnu/qt/5.15.3-1045bbbda2a/qtbase/config.tests/x86_simd
+ cd /tmp/cirrus-ci-build/depends/work/build/x86_64-pc-linux-gnu/qt/5.15.3-1045bbbda2a/config.tests/x86_simd && MAKEFLAGS= /usr/bin/make clean && MAKEFLAGS= /usr/bin/make
> make[1]: Entering directory '/tmp/cirrus-ci-build/depends/work/build/x86_64-pc-linux-gnu/qt/5.15.3-1045bbbda2a/config.tests/x86_simd'
> rm -f main.o
> rm -f *~ core *.core
> make[1]: Leaving directory '/tmp/cirrus-ci-build/depends/work/build/x86_64-pc-linux-gnu/qt/5.15.3-1045bbbda2a/config.tests/x86_simd'
> make[1]: Entering directory '/tmp/cirrus-ci-build/depends/work/build/x86_64-pc-linux-gnu/qt/5.15.3-1045bbbda2a/config.tests/x86_simd'
> clang++-8 -stdlib=libc++ -c -pipe -pipe -std=c++17 -O2 -I/tmp/cirrus-ci-build/depends/x86_64-pc-linux-gnu/include -stdlib=libc++ -mssse3 -O2 -w -fPIC -DNO_ATTRIBUTE -DQT_COMPILER_SUPPORTS_SSSE3 -I/tmp/cirrus-ci-build/depends/work/build/x86_64-pc-linux-gnu/qt/5.15.3-1045bbbda2a/qtbase/config.tests/x86_simd -I. -I/tmp/cirrus-ci-build/depends/work/build/x86_64-pc-linux-gnu/qt/5.15.3-1045bbbda2a/qtbase/mkspecs/linux-clang-libc++ -o main.o /tmp/cirrus-ci-build/depends/work/build/x86_64-pc-linux-gnu/qt/5.15.3-1045bbbda2a/qtbase/config.tests/x86_simd/main.cpp
> clang++-8 -stdlib=libc++ -L/tmp/cirrus-ci-build/depends/x86_64-pc-linux-gnu/lib -ccc-gcc-name g++ -stdlib=libc++ -o x86_simd main.o      
> make[1]: Leaving directory '/tmp/cirrus-ci-build/depends/work/build/x86_64-pc-linux-gnu/qt/5.15.3-1045bbbda2a/config.tests/x86_simd'
test config.qtbase.tests.ssse3 succeeded
Checking for SSE4.1 instructions... 
+ cd /tmp/cirrus-ci-build/depends/work/build/x86_64-pc-linux-gnu/qt/5.15.3-1045bbbda2a/config.tests/x86_simd && /tmp/cirrus-ci-build/depends/work/build/x86_64-pc-linux-gnu/qt/5.15.3-1045bbbda2a/qtbase/bin/qmake "CONFIG -= qt debug_and_release app_bundle lib_bundle" "CONFIG += static warn_off console single_arch" -early "CONFIG += cross_compile" CONFIG+=add_cflags DEFINES+=NO_ATTRIBUTE SIMD=sse4_1 /tmp/cirrus-ci-build/depends/work/build/x86_64-pc-linux-gnu/qt/5.15.3-1045bbbda2a/qtbase/config.tests/x86_simd
+ cd /tmp/cirrus-ci-build/depends/work/build/x86_64-pc-linux-gnu/qt/5.15.3-1045bbbda2a/config.tests/x86_simd && MAKEFLAGS= /usr/bin/make clean && MAKEFLAGS= /usr/bin/make
> make[1]: Entering directory '/tmp/cirrus-ci-build/depends/work/build/x86_64-pc-linux-gnu/qt/5.15.3-1045bbbda2a/config.tests/x86_simd'
> rm -f main.o
> rm -f *~ core *.core
> make[1]: Leaving directory '/tmp/cirrus-ci-build/depends/work/build/x86_64-pc-linux-gnu/qt/5.15.3-1045bbbda2a/config.tests/x86_simd'
> make[1]: Entering directory '/tmp/cirrus-ci-build/depends/work/build/x86_64-pc-linux-gnu/qt/5.15.3-1045bbbda2a/config.tests/x86_simd'
> clang++-8 -stdlib=libc++ -c -pipe -pipe -std=c++17 -O2 -I/tmp/cirrus-ci-build/depends/x86_64-pc-linux-gnu/include -stdlib=libc++ -msse4.1 -O2 -w -fPIC -DNO_ATTRIBUTE -DQT_COMPILER_SUPPORTS_SSE4_1 -I/tmp/cirrus-ci-build/depends/work/build/x86_64-pc-linux-gnu/qt/5.15.3-1045bbbda2a/qtbase/config.tests/x86_simd -I. -I/tmp/cirrus-ci-build/depends/work/build/x86_64-pc-linux-gnu/qt/5.15.3-1045bbbda2a/qtbase/mkspecs/linux-clang-libc++ -o main.o /tmp/cirrus-ci-build/depends/work/build/x86_64-pc-linux-gnu/qt/5.15.3-1045bbbda2a/qtbase/config.tests/x86_simd/main.cpp
> clang++-8 -stdlib=libc++ -L/tmp/cirrus-ci-build/depends/x86_64-pc-linux-gnu/lib -ccc-gcc-name g++ -stdlib=libc++ -o x86_simd main.o      
> make[1]: Leaving directory '/tmp/cirrus-ci-build/depends/work/build/x86_64-pc-linux-gnu/qt/5.15.3-1045bbbda2a/config.tests/x86_simd'
test config.qtbase.tests.sse4_1 succeeded
Checking for SSE4.2 instructions... 
+ cd /tmp/cirrus-ci-build/depends/work/build/x86_64-pc-linux-gnu/qt/5.15.3-1045bbbda2a/config.tests/x86_simd && /tmp/cirrus-ci-build/depends/work/build/x86_64-pc-linux-gnu/qt/5.15.3-1045bbbda2a/qtbase/bin/qmake "CONFIG -= qt debug_and_release app_bundle lib_bundle" "CONFIG += static warn_off console single_arch" -early "CONFIG += cross_compile" CONFIG+=add_cflags DEFINES+=NO_ATTRIBUTE SIMD=sse4_2 /tmp/cirrus-ci-build/depends/work/build/x86_64-pc-linux-gnu/qt/5.15.3-1045bbbda2a/qtbase/config.tests/x86_simd
+ cd /tmp/cirrus-ci-build/depends/work/build/x86_64-pc-linux-gnu/qt/5.15.3-1045bbbda2a/config.tests/x86_simd && MAKEFLAGS= /usr/bin/make clean && MAKEFLAGS= /usr/bin/make
> make[1]: Entering directory '/tmp/cirrus-ci-build/depends/work/build/x86_64-pc-linux-gnu/qt/5.15.3-1045bbbda2a/config.tests/x86_simd'
> rm -f main.o
> rm -f *~ core *.core
> make[1]: Leaving directory '/tmp/cirrus-ci-build/depends/work/build/x86_64-pc-linux-gnu/qt/5.15.3-1045bbbda2a/config.tests/x86_simd'
> make[1]: Entering directory '/tmp/cirrus-ci-build/depends/work/build/x86_64-pc-linux-gnu/qt/5.15.3-1045bbbda2a/config.tests/x86_simd'
> clang++-8 -stdlib=libc++ -c -pipe -pipe -std=c++17 -O2 -I/tmp/cirrus-ci-build/depends/x86_64-pc-linux-gnu/include -stdlib=libc++ -msse4.2 -O2 -w -fPIC -DNO_ATTRIBUTE -DQT_COMPILER_SUPPORTS_SSE4_2 -I/tmp/cirrus-ci-build/depends/work/build/x86_64-pc-linux-gnu/qt/5.15.3-1045bbbda2a/qtbase/config.tests/x86_simd -I. -I/tmp/cirrus-ci-build/depends/work/build/x86_64-pc-linux-gnu/qt/5.15.3-1045bbbda2a/qtbase/mkspecs/linux-clang-libc++ -o main.o /tmp/cirrus-ci-build/depends/work/build/x86_64-pc-linux-gnu/qt/5.15.3-1045bbbda2a/qtbase/config.tests/x86_simd/main.cpp
> clang++-8 -stdlib=libc++ -L/tmp/cirrus-ci-build/depends/x86_64-pc-linux-gnu/lib -ccc-gcc-name g++ -stdlib=libc++ -o x86_simd main.o      
> make[1]: Leaving directory '/tmp/cirrus-ci-build/depends/work/build/x86_64-pc-linux-gnu/qt/5.15.3-1045bbbda2a/config.tests/x86_simd'
test config.qtbase.tests.sse4_2 succeeded
Checking for AVX instructions... 
+ cd /tmp/cirrus-ci-build/depends/work/build/x86_64-pc-linux-gnu/qt/5.15.3-1045bbbda2a/config.tests/x86_simd && /tmp/cirrus-ci-build/depends/work/build/x86_64-pc-linux-gnu/qt/5.15.3-1045bbbda2a/qtbase/bin/qmake "CONFIG -= qt debug_and_release app_bundle lib_bundle" "CONFIG += static warn_off console single_arch" -early "CONFIG += cross_compile" CONFIG+=add_cflags DEFINES+=NO_ATTRIBUTE SIMD=avx /tmp/cirrus-ci-build/depends/work/build/x86_64-pc-linux-gnu/qt/5.15.3-1045bbbda2a/qtbase/config.tests/x86_simd
+ cd /tmp/cirrus-ci-build/depends/work/build/x86_64-pc-linux-gnu/qt/5.15.3-1045bbbda2a/config.tests/x86_simd && MAKEFLAGS= /usr/bin/make clean && MAKEFLAGS= /usr/bin/make
> make[1]: Entering directory '/tmp/cirrus-ci-build/depends/work/build/x86_64-pc-linux-gnu/qt/5.15.3-1045bbbda2a/config.tests/x86_simd'
> rm -f main.o
> rm -f *~ core *.core
> make[1]: Leaving directory '/tmp/cirrus-ci-build/depends/work/build/x86_64-pc-linux-gnu/qt/5.15.3-1045bbbda2a/config.tests/x86_simd'
> make[1]: Entering directory '/tmp/cirrus-ci-build/depends/work/build/x86_64-pc-linux-gnu/qt/5.15.3-1045bbbda2a/config.tests/x86_simd'
> clang++-8 -stdlib=libc++ -c -pipe -pipe -std=c++17 -O2 -I/tmp/cirrus-ci-build/depends/x86_64-pc-linux-gnu/include -stdlib=libc++ -mavx -O2 -w -fPIC -DNO_ATTRIBUTE -DQT_COMPILER_SUPPORTS_AVX -I/tmp/cirrus-ci-build/depends/work/build/x86_64-pc-linux-gnu/qt/5.15.3-1045bbbda2a/qtbase/config.tests/x86_simd -I. -I/tmp/cirrus-ci-build/depends/work/build/x86_64-pc-linux-gnu/qt/5.15.3-1045bbbda2a/qtbase/mkspecs/linux-clang-libc++ -o main.o /tmp/cirrus-ci-build/depends/work/build/x86_64-pc-linux-gnu/qt/5.15.3-1045bbbda2a/qtbase/config.tests/x86_simd/main.cpp
> clang++-8 -stdlib=libc++ -L/tmp/cirrus-ci-build/depends/x86_64-pc-linux-gnu/lib -ccc-gcc-name g++ -stdlib=libc++ -o x86_simd main.o      
> make[1]: Leaving directory '/tmp/cirrus-ci-build/depends/work/build/x86_64-pc-linux-gnu/qt/5.15.3-1045bbbda2a/config.tests/x86_simd'
test config.qtbase.tests.avx succeeded
Checking for AVX2 instructions... 
+ cd /tmp/cirrus-ci-build/depends/work/build/x86_64-pc-linux-gnu/qt/5.15.3-1045bbbda2a/config.tests/x86_simd && /tmp/cirrus-ci-build/depends/work/build/x86_64-pc-linux-gnu/qt/5.15.3-1045bbbda2a/qtbase/bin/qmake "CONFIG -= qt debug_and_release app_bundle lib_bundle" "CONFIG += static warn_off console single_arch" -early "CONFIG += cross_compile" CONFIG+=add_cflags DEFINES+=NO_ATTRIBUTE SIMD=avx2 /tmp/cirrus-ci-build/depends/work/build/x86_64-pc-linux-gnu/qt/5.15.3-1045bbbda2a/qtbase/config.tests/x86_simd
+ cd /tmp/cirrus-ci-build/depends/work/build/x86_64-pc-linux-gnu/qt/5.15.3-1045bbbda2a/config.tests/x86_simd && MAKEFLAGS= /usr/bin/make clean && MAKEFLAGS= /usr/bin/make
> make[1]: Entering directory '/tmp/cirrus-ci-build/depends/work/build/x86_64-pc-linux-gnu/qt/5.15.3-1045bbbda2a/config.tests/x86_simd'
> rm -f main.o
> rm -f *~ core *.core
> make[1]: Leaving directory '/tmp/cirrus-ci-build/depends/work/build/x86_64-pc-linux-gnu/qt/5.15.3-1045bbbda2a/config.tests/x86_simd'
> make[1]: Entering directory '/tmp/cirrus-ci-build/depends/work/build/x86_64-pc-linux-gnu/qt/5.15.3-1045bbbda2a/config.tests/x86_simd'
> clang++-8 -stdlib=libc++ -c -pipe -pipe -std=c++17 -O2 -I/tmp/cirrus-ci-build/depends/x86_64-pc-linux-gnu/include -stdlib=libc++ -mavx2 -O2 -w -fPIC -DNO_ATTRIBUTE -DQT_COMPILER_SUPPORTS_AVX2 -I/tmp/cirrus-ci-build/depends/work/build/x86_64-pc-linux-gnu/qt/5.15.3-1045bbbda2a/qtbase/config.tests/x86_simd -I. -I/tmp/cirrus-ci-build/depends/work/build/x86_64-pc-linux-gnu/qt/5.15.3-1045bbbda2a/qtbase/mkspecs/linux-clang-libc++ -o main.o /tmp/cirrus-ci-build/depends/work/build/x86_64-pc-linux-gnu/qt/5.15.3-1045bbbda2a/qtbase/config.tests/x86_simd/main.cpp
> clang++-8 -stdlib=libc++ -L/tmp/cirrus-ci-build/depends/x86_64-pc-linux-gnu/lib -ccc-gcc-name g++ -stdlib=libc++ -o x86_simd main.o      
> make[1]: Leaving directory '/tmp/cirrus-ci-build/depends/work/build/x86_64-pc-linux-gnu/qt/5.15.3-1045bbbda2a/config.tests/x86_simd'
test config.qtbase.tests.avx2 succeeded
Checking for AVX512 F instructions... 
+ cd /tmp/cirrus-ci-build/depends/work/build/x86_64-pc-linux-gnu/qt/5.15.3-1045bbbda2a/config.tests/x86_simd && /tmp/cirrus-ci-build/depends/work/build/x86_64-pc-linux-gnu/qt/5.15.3-1045bbbda2a/qtbase/bin/qmake "CONFIG -= qt debug_and_release app_bundle lib_bundle" "CONFIG += static warn_off console single_arch" -early "CONFIG += cross_compile" CONFIG+=add_cflags DEFINES+=NO_ATTRIBUTE SIMD=avx512f /tmp/cirrus-ci-build/depends/work/build/x86_64-pc-linux-gnu/qt/5.15.3-1045bbbda2a/qtbase/config.tests/x86_simd
+ cd /tmp/cirrus-ci-build/depends/work/build/x86_64-pc-linux-gnu/qt/5.15.3-1045bbbda2a/config.tests/x86_simd && MAKEFLAGS= /usr/bin/make clean && MAKEFLAGS= /usr/bin/make
> make[1]: Entering directory '/tmp/cirrus-ci-build/depends/work/build/x86_64-pc-linux-gnu/qt/5.15.3-1045bbbda2a/config.tests/x86_simd'
> rm -f main.o
> rm -f *~ core *.core
> make[1]: Leaving directory '/tmp/cirrus-ci-build/depends/work/build/x86_64-pc-linux-gnu/qt/5.15.3-1045bbbda2a/config.tests/x86_simd'
> make[1]: Entering directory '/tmp/cirrus-ci-build/depends/work/build/x86_64-pc-linux-gnu/qt/5.15.3-1045bbbda2a/config.tests/x86_simd'
> clang++-8 -stdlib=libc++ -c -pipe -pipe -std=c++17 -O2 -I/tmp/cirrus-ci-build/depends/x86_64-pc-linux-gnu/include -stdlib=libc++ -mavx512f -O2 -w -fPIC -DNO_ATTRIBUTE -DQT_COMPILER_SUPPORTS_AVX512F -I/tmp/cirrus-ci-build/depends/work/build/x86_64-pc-linux-gnu/qt/5.15.3-1045bbbda2a/qtbase/config.tests/x86_simd -I. -I/tmp/cirrus-ci-build/depends/work/build/x86_64-pc-linux-gnu/qt/5.15.3-1045bbbda2a/qtbase/mkspecs/linux-clang-libc++ -o main.o /tmp/cirrus-ci-build/depends/work/build/x86_64-pc-linux-gnu/qt/5.15.3-1045bbbda2a/qtbase/config.tests/x86_simd/main.cpp
> clang++-8 -stdlib=libc++ -L/tmp/cirrus-ci-build/depends/x86_64-pc-linux-gnu/lib -ccc-gcc-name g++ -stdlib=libc++ -o x86_simd main.o      
> make[1]: Leaving directory '/tmp/cirrus-ci-build/depends/work/build/x86_64-pc-linux-gnu/qt/5.15.3-1045bbbda2a/config.tests/x86_simd'
test config.qtbase.tests.avx512f succeeded
Checking for AVX512 BW instructions... 
+ cd /tmp/cirrus-ci-build/depends/work/build/x86_64-pc-linux-gnu/qt/5.15.3-1045bbbda2a/config.tests/x86_simd && /tmp/cirrus-ci-build/depends/work/build/x86_64-pc-linux-gnu/qt/5.15.3-1045bbbda2a/qtbase/bin/qmake "CONFIG -= qt debug_and_release app_bundle lib_bundle" "CONFIG += static warn_off console single_arch" -early "CONFIG += cross_compile" CONFIG+=add_cflags DEFINES+=NO_ATTRIBUTE SIMD=avx512bw /tmp/cirrus-ci-build/depends/work/build/x86_64-pc-linux-gnu/qt/5.15.3-1045bbbda2a/qtbase/config.tests/x86_simd
+ cd /tmp/cirrus-ci-build/depends/work/build/x86_64-pc-linux-gnu/qt/5.15.3-1045bbbda2a/config.tests/x86_simd && MAKEFLAGS= /usr/bin/make clean && MAKEFLAGS= /usr/bin/make
> make[1]: Entering directory '/tmp/cirrus-ci-build/depends/work/build/x86_64-pc-linux-gnu/qt/5.15.3-1045bbbda2a/config.tests/x86_simd'
> rm -f main.o
> rm -f *~ core *.core
> make[1]: Leaving directory '/tmp/cirrus-ci-build/depends/work/build/x86_64-pc-linux-gnu/qt/5.15.3-1045bbbda2a/config.tests/x86_simd'
> make[1]: Entering directory '/tmp/cirrus-ci-build/depends/work/build/x86_64-pc-linux-gnu/qt/5.15.3-1045bbbda2a/config.tests/x86_simd'
> clang++-8 -stdlib=libc++ -c -pipe -pipe -std=c++17 -O2 -I/tmp/cirrus-ci-build/depends/x86_64-pc-linux-gnu/include -stdlib=libc++ -mavx512bw -O2 -w -fPIC -DNO_ATTRIBUTE -DQT_COMPILER_SUPPORTS_AVX512BW -I/tmp/cirrus-ci-build/depends/work/build/x86_64-pc-linux-gnu/qt/5.15.3-1045bbbda2a/qtbase/config.tests/x86_simd -I. -I/tmp/cirrus-ci-build/depends/work/build/x86_64-pc-linux-gnu/qt/5.15.3-1045bbbda2a/qtbase/mkspecs/linux-clang-libc++ -o main.o /tmp/cirrus-ci-build/depends/work/build/x86_64-pc-linux-gnu/qt/5.15.3-1045bbbda2a/qtbase/config.tests/x86_simd/main.cpp
> clang++-8 -stdlib=libc++ -L/tmp/cirrus-ci-build/depends/x86_64-pc-linux-gnu/lib -ccc-gcc-name g++ -stdlib=libc++ -o x86_simd main.o      
> make[1]: Leaving directory '/tmp/cirrus-ci-build/depends/work/build/x86_64-pc-linux-gnu/qt/5.15.3-1045bbbda2a/config.tests/x86_simd'
test config.qtbase.tests.avx512bw succeeded
Checking for AVX512 CD instructions... 
+ cd /tmp/cirrus-ci-build/depends/work/build/x86_64-pc-linux-gnu/qt/5.15.3-1045bbbda2a/config.tests/x86_simd && /tmp/cirrus-ci-build/depends/work/build/x86_64-pc-linux-gnu/qt/5.15.3-1045bbbda2a/qtbase/bin/qmake "CONFIG -= qt debug_and_release app_bundle lib_bundle" "CONFIG += static warn_off console single_arch" -early "CONFIG += cross_compile" CONFIG+=add_cflags DEFINES+=NO_ATTRIBUTE SIMD=avx512cd /tmp/cirrus-ci-build/depends/work/build/x86_64-pc-linux-gnu/qt/5.15.3-1045bbbda2a/qtbase/config.tests/x86_simd
+ cd /tmp/cirrus-ci-build/depends/work/build/x86_64-pc-linux-gnu/qt/5.15.3-1045bbbda2a/config.tests/x86_simd && MAKEFLAGS= /usr/bin/make clean && MAKEFLAGS= /usr/bin/make
> make[1]: Entering directory '/tmp/cirrus-ci-build/depends/work/build/x86_64-pc-linux-gnu/qt/5.15.3-1045bbbda2a/config.tests/x86_simd'
> rm -f main.o
> rm -f *~ core *.core
> make[1]: Leaving directory '/tmp/cirrus-ci-build/depends/work/build/x86_64-pc-linux-gnu/qt/5.15.3-1045bbbda2a/config.tests/x86_simd'
> make[1]: Entering directory '/tmp/cirrus-ci-build/depends/work/build/x86_64-pc-linux-gnu/qt/5.15.3-1045bbbda2a/config.tests/x86_simd'
> clang++-8 -stdlib=libc++ -c -pipe -pipe -std=c++17 -O2 -I/tmp/cirrus-ci-build/depends/x86_64-pc-linux-gnu/include -stdlib=libc++ -mavx512cd -O2 -w -fPIC -DNO_ATTRIBUTE -DQT_COMPILER_SUPPORTS_AVX512CD -I/tmp/cirrus-ci-build/depends/work/build/x86_64-pc-linux-gnu/qt/5.15.3-1045bbbda2a/qtbase/config.tests/x86_simd -I. -I/tmp/cirrus-ci-build/depends/work/build/x86_64-pc-linux-gnu/qt/5.15.3-1045bbbda2a/qtbase/mkspecs/linux-clang-libc++ -o main.o /tmp/cirrus-ci-build/depends/work/build/x86_64-pc-linux-gnu/qt/5.15.3-1045bbbda2a/qtbase/config.tests/x86_simd/main.cpp
> clang++-8 -stdlib=libc++ -L/tmp/cirrus-ci-build/depends/x86_64-pc-linux-gnu/lib -ccc-gcc-name g++ -stdlib=libc++ -o x86_simd main.o      
> make[1]: Leaving directory '/tmp/cirrus-ci-build/depends/work/build/x86_64-pc-linux-gnu/qt/5.15.3-1045bbbda2a/config.tests/x86_simd'
test config.qtbase.tests.avx512cd succeeded
Checking for AVX512 DQ instructions... 
+ cd /tmp/cirrus-ci-build/depends/work/build/x86_64-pc-linux-gnu/qt/5.15.3-1045bbbda2a/config.tests/x86_simd && /tmp/cirrus-ci-build/depends/work/build/x86_64-pc-linux-gnu/qt/5.15.3-1045bbbda2a/qtbase/bin/qmake "CONFIG -= qt debug_and_release app_bundle lib_bundle" "CONFIG += static warn_off console single_arch" -early "CONFIG += cross_compile" CONFIG+=add_cflags DEFINES+=NO_ATTRIBUTE SIMD=avx512dq /tmp/cirrus-ci-build/depends/work/build/x86_64-pc-linux-gnu/qt/5.15.3-1045bbbda2a/qtbase/config.tests/x86_simd
+ cd /tmp/cirrus-ci-build/depends/work/build/x86_64-pc-linux-gnu/qt/5.15.3-1045bbbda2a/config.tests/x86_simd && MAKEFLAGS= /usr/bin/make clean && MAKEFLAGS= /usr/bin/make
> make[1]: Entering directory '/tmp/cirrus-ci-build/depends/work/build/x86_64-pc-linux-gnu/qt/5.15.3-1045bbbda2a/config.tests/x86_simd'
> rm -f main.o
> rm -f *~ core *.core
> make[1]: Leaving directory '/tmp/cirrus-ci-build/depends/work/build/x86_64-pc-linux-gnu/qt/5.15.3-1045bbbda2a/config.tests/x86_simd'
> make[1]: Entering directory '/tmp/cirrus-ci-build/depends/work/build/x86_64-pc-linux-gnu/qt/5.15.3-1045bbbda2a/config.tests/x86_simd'
> clang++-8 -stdlib=libc++ -c -pipe -pipe -std=c++17 -O2 -I/tmp/cirrus-ci-build/depends/x86_64-pc-linux-gnu/include -stdlib=libc++ -mavx512dq -O2 -w -fPIC -DNO_ATTRIBUTE -DQT_COMPILER_SUPPORTS_AVX512DQ -I/tmp/cirrus-ci-build/depends/work/build/x86_64-pc-linux-gnu/qt/5.15.3-1045bbbda2a/qtbase/config.tests/x86_simd -I. -I/tmp/cirrus-ci-build/depends/work/build/x86_64-pc-linux-gnu/qt/5.15.3-1045bbbda2a/qtbase/mkspecs/linux-clang-libc++ -o main.o /tmp/cirrus-ci-build/depends/work/build/x86_64-pc-linux-gnu/qt/5.15.3-1045bbbda2a/qtbase/config.tests/x86_simd/main.cpp
> clang++-8 -stdlib=libc++ -L/tmp/cirrus-ci-build/depends/x86_64-pc-linux-gnu/lib -ccc-gcc-name g++ -stdlib=libc++ -o x86_simd main.o      
> make[1]: Leaving directory '/tmp/cirrus-ci-build/depends/work/build/x86_64-pc-linux-gnu/qt/5.15.3-1045bbbda2a/config.tests/x86_simd'
test config.qtbase.tests.avx512dq succeeded
Checking for AVX512 ER instructions... 
+ cd /tmp/cirrus-ci-build/depends/work/build/x86_64-pc-linux-gnu/qt/5.15.3-1045bbbda2a/config.tests/x86_simd && /tmp/cirrus-ci-build/depends/work/build/x86_64-pc-linux-gnu/qt/5.15.3-1045bbbda2a/qtbase/bin/qmake "CONFIG -= qt debug_and_release app_bundle lib_bundle" "CONFIG += static warn_off console single_arch" -early "CONFIG += cross_compile" CONFIG+=add_cflags DEFINES+=NO_ATTRIBUTE SIMD=avx512er /tmp/cirrus-ci-build/depends/work/build/x86_64-pc-linux-gnu/qt/5.15.3-1045bbbda2a/qtbase/config.tests/x86_simd
+ cd /tmp/cirrus-ci-build/depends/work/build/x86_64-pc-linux-gnu/qt/5.15.3-1045bbbda2a/config.tests/x86_simd && MAKEFLAGS= /usr/bin/make clean && MAKEFLAGS= /usr/bin/make
> make[1]: Entering directory '/tmp/cirrus-ci-build/depends/work/build/x86_64-pc-linux-gnu/qt/5.15.3-1045bbbda2a/config.tests/x86_simd'
> rm -f main.o
> rm -f *~ core *.core
> make[1]: Leaving directory '/tmp/cirrus-ci-build/depends/work/build/x86_64-pc-linux-gnu/qt/5.15.3-1045bbbda2a/config.tests/x86_simd'
> make[1]: Entering directory '/tmp/cirrus-ci-build/depends/work/build/x86_64-pc-linux-gnu/qt/5.15.3-1045bbbda2a/config.tests/x86_simd'
> clang++-8 -stdlib=libc++ -c -pipe -pipe -std=c++17 -O2 -I/tmp/cirrus-ci-build/depends/x86_64-pc-linux-gnu/include -stdlib=libc++ -mavx512er -O2 -w -fPIC -DNO_ATTRIBUTE -DQT_COMPILER_SUPPORTS_AVX512ER -I/tmp/cirrus-ci-build/depends/work/build/x86_64-pc-linux-gnu/qt/5.15.3-1045bbbda2a/qtbase/config.tests/x86_simd -I. -I/tmp/cirrus-ci-build/depends/work/build/x86_64-pc-linux-gnu/qt/5.15.3-1045bbbda2a/qtbase/mkspecs/linux-clang-libc++ -o main.o /tmp/cirrus-ci-build/depends/work/build/x86_64-pc-linux-gnu/qt/5.15.3-1045bbbda2a/qtbase/config.tests/x86_simd/main.cpp
> clang++-8 -stdlib=libc++ -L/tmp/cirrus-ci-build/depends/x86_64-pc-linux-gnu/lib -ccc-gcc-name g++ -stdlib=libc++ -o x86_simd main.o      
> make[1]: Leaving directory '/tmp/cirrus-ci-build/depends/work/build/x86_64-pc-linux-gnu/qt/5.15.3-1045bbbda2a/config.tests/x86_simd'
test config.qtbase.tests.avx512er succeeded
Checking for AVX512 IFMA instructions... 
+ cd /tmp/cirrus-ci-build/depends/work/build/x86_64-pc-linux-gnu/qt/5.15.3-1045bbbda2a/config.tests/x86_simd && /tmp/cirrus-ci-build/depends/work/build/x86_64-pc-linux-gnu/qt/5.15.3-1045bbbda2a/qtbase/bin/qmake "CONFIG -= qt debug_and_release app_bundle lib_bundle" "CONFIG += static warn_off console single_arch" -early "CONFIG += cross_compile" CONFIG+=add_cflags DEFINES+=NO_ATTRIBUTE SIMD=avx512ifma /tmp/cirrus-ci-build/depends/work/build/x86_64-pc-linux-gnu/qt/5.15.3-1045bbbda2a/qtbase/config.tests/x86_simd
+ cd /tmp/cirrus-ci-build/depends/work/build/x86_64-pc-linux-gnu/qt/5.15.3-1045bbbda2a/config.tests/x86_simd && MAKEFLAGS= /usr/bin/make clean && MAKEFLAGS= /usr/bin/make
> make[1]: Entering directory '/tmp/cirrus-ci-build/depends/work/build/x86_64-pc-linux-gnu/qt/5.15.3-1045bbbda2a/config.tests/x86_simd'
> rm -f main.o
> rm -f *~ core *.core
> make[1]: Leaving directory '/tmp/cirrus-ci-build/depends/work/build/x86_64-pc-linux-gnu/qt/5.15.3-1045bbbda2a/config.tests/x86_simd'
> make[1]: Entering directory '/tmp/cirrus-ci-build/depends/work/build/x86_64-pc-linux-gnu/qt/5.15.3-1045bbbda2a/config.tests/x86_simd'
> clang++-8 -stdlib=libc++ -c -pipe -pipe -std=c++17 -O2 -I/tmp/cirrus-ci-build/depends/x86_64-pc-linux-gnu/include -stdlib=libc++ -mavx512ifma -mavx512ifma -O2 -w -fPIC -DNO_ATTRIBUTE -DQT_COMPILER_SUPPORTS_AVX512IFMA -I/tmp/cirrus-ci-build/depends/work/build/x86_64-pc-linux-gnu/qt/5.15.3-1045bbbda2a/qtbase/config.tests/x86_simd -I. -I/tmp/cirrus-ci-build/depends/work/build/x86_64-pc-linux-gnu/qt/5.15.3-1045bbbda2a/qtbase/mkspecs/linux-clang-libc++ -o main.o /tmp/cirrus-ci-build/depends/work/build/x86_64-pc-linux-gnu/qt/5.15.3-1045bbbda2a/qtbase/config.tests/x86_simd/main.cpp
> clang++-8 -stdlib=libc++ -L/tmp/cirrus-ci-build/depends/x86_64-pc-linux-gnu/lib -ccc-gcc-name g++ -stdlib=libc++ -o x86_simd main.o      
> make[1]: Leaving directory '/tmp/cirrus-ci-build/depends/work/build/x86_64-pc-linux-gnu/qt/5.15.3-1045bbbda2a/config.tests/x86_simd'
test config.qtbase.tests.avx512ifma succeeded
Checking for AVX512 PF instructions... 
+ cd /tmp/cirrus-ci-build/depends/work/build/x86_64-pc-linux-gnu/qt/5.15.3-1045bbbda2a/config.tests/x86_simd && /tmp/cirrus-ci-build/depends/work/build/x86_64-pc-linux-gnu/qt/5.15.3-1045bbbda2a/qtbase/bin/qmake "CONFIG -= qt debug_and_release app_bundle lib_bundle" "CONFIG += static warn_off console single_arch" -early "CONFIG += cross_compile" CONFIG+=add_cflags DEFINES+=NO_ATTRIBUTE SIMD=avx512pf /tmp/cirrus-ci-build/depends/work/build/x86_64-pc-linux-gnu/qt/5.15.3-1045bbbda2a/qtbase/config.tests/x86_simd
+ cd /tmp/cirrus-ci-build/depends/work/build/x86_64-pc-linux-gnu/qt/5.15.3-1045bbbda2a/config.tests/x86_simd && MAKEFLAGS= /usr/bin/make clean && MAKEFLAGS= /usr/bin/make
> make[1]: Entering directory '/tmp/cirrus-ci-build/depends/work/build/x86_64-pc-linux-gnu/qt/5.15.3-1045bbbda2a/config.tests/x86_simd'
> rm -f main.o
> rm -f *~ core *.core
> make[1]: Leaving directory '/tmp/cirrus-ci-build/depends/work/build/x86_64-pc-linux-gnu/qt/5.15.3-1045bbbda2a/config.tests/x86_simd'
> make[1]: Entering directory '/tmp/cirrus-ci-build/depends/work/build/x86_64-pc-linux-gnu/qt/5.15.3-1045bbbda2a/config.tests/x86_simd'
> clang++-8 -stdlib=libc++ -c -pipe -pipe -std=c++17 -O2 -I/tmp/cirrus-ci-build/depends/x86_64-pc-linux-gnu/include -stdlib=libc++ -mavx512pf -O2 -w -fPIC -DNO_ATTRIBUTE -DQT_COMPILER_SUPPORTS_AVX512PF -I/tmp/cirrus-ci-build/depends/work/build/x86_64-pc-linux-gnu/qt/5.15.3-1045bbbda2a/qtbase/config.tests/x86_simd -I. -I/tmp/cirrus-ci-build/depends/work/build/x86_64-pc-linux-gnu/qt/5.15.3-1045bbbda2a/qtbase/mkspecs/linux-clang-libc++ -o main.o /tmp/cirrus-ci-build/depends/work/build/x86_64-pc-linux-gnu/qt/5.15.3-1045bbbda2a/qtbase/config.tests/x86_simd/main.cpp
> clang++-8 -stdlib=libc++ -L/tmp/cirrus-ci-build/depends/x86_64-pc-linux-gnu/lib -ccc-gcc-name g++ -stdlib=libc++ -o x86_simd main.o      
> make[1]: Leaving directory '/tmp/cirrus-ci-build/depends/work/build/x86_64-pc-linux-gnu/qt/5.15.3-1045bbbda2a/config.tests/x86_simd'
test config.qtbase.tests.avx512pf succeeded
Checking for AVX512 VBMI instructions... 
+ cd /tmp/cirrus-ci-build/depends/work/build/x86_64-pc-linux-gnu/qt/5.15.3-1045bbbda2a/config.tests/x86_simd && /tmp/cirrus-ci-build/depends/work/build/x86_64-pc-linux-gnu/qt/5.15.3-1045bbbda2a/qtbase/bin/qmake "CONFIG -= qt debug_and_release app_bundle lib_bundle" "CONFIG += static warn_off console single_arch" -early "CONFIG += cross_compile" CONFIG+=add_cflags DEFINES+=NO_ATTRIBUTE SIMD=avx512vbmi /tmp/cirrus-ci-build/depends/work/build/x86_64-pc-linux-gnu/qt/5.15.3-1045bbbda2a/qtbase/config.tests/x86_simd
+ cd /tmp/cirrus-ci-build/depends/work/build/x86_64-pc-linux-gnu/qt/5.15.3-1045bbbda2a/config.tests/x86_simd && MAKEFLAGS= /usr/bin/make clean && MAKEFLAGS= /usr/bin/make
> make[1]: Entering directory '/tmp/cirrus-ci-build/depends/work/build/x86_64-pc-linux-gnu/qt/5.15.3-1045bbbda2a/config.tests/x86_simd'
> rm -f main.o
> rm -f *~ core *.core
> make[1]: Leaving directory '/tmp/cirrus-ci-build/depends/work/build/x86_64-pc-linux-gnu/qt/5.15.3-1045bbbda2a/config.tests/x86_simd'
> make[1]: Entering directory '/tmp/cirrus-ci-build/depends/work/build/x86_64-pc-linux-gnu/qt/5.15.3-1045bbbda2a/config.tests/x86_simd'
> clang++-8 -stdlib=libc++ -c -pipe -pipe -std=c++17 -O2 -I/tmp/cirrus-ci-build/depends/x86_64-pc-linux-gnu/include -stdlib=libc++ -mavx512vbmi -mavx512vbmi -O2 -w -fPIC -DNO_ATTRIBUTE -DQT_COMPILER_SUPPORTS_AVX512VBMI -I/tmp/cirrus-ci-build/depends/work/build/x86_64-pc-linux-gnu/qt/5.15.3-1045bbbda2a/qtbase/config.tests/x86_simd -I. -I/tmp/cirrus-ci-build/depends/work/build/x86_64-pc-linux-gnu/qt/5.15.3-1045bbbda2a/qtbase/mkspecs/linux-clang-libc++ -o main.o /tmp/cirrus-ci-build/depends/work/build/x86_64-pc-linux-gnu/qt/5.15.3-1045bbbda2a/qtbase/config.tests/x86_simd/main.cpp
> clang++-8 -stdlib=libc++ -L/tmp/cirrus-ci-build/depends/x86_64-pc-linux-gnu/lib -ccc-gcc-name g++ -stdlib=libc++ -o x86_simd main.o      
> make[1]: Leaving directory '/tmp/cirrus-ci-build/depends/work/build/x86_64-pc-linux-gnu/qt/5.15.3-1045bbbda2a/config.tests/x86_simd'
test config.qtbase.tests.avx512vbmi succeeded
Checking for AVX512 VL instructions... 
+ cd /tmp/cirrus-ci-build/depends/work/build/x86_64-pc-linux-gnu/qt/5.15.3-1045bbbda2a/config.tests/x86_simd && /tmp/cirrus-ci-build/depends/work/build/x86_64-pc-linux-gnu/qt/5.15.3-1045bbbda2a/qtbase/bin/qmake "CONFIG -= qt debug_and_release app_bundle lib_bundle" "CONFIG += static warn_off console single_arch" -early "CONFIG += cross_compile" CONFIG+=add_cflags DEFINES+=NO_ATTRIBUTE SIMD=avx512vl /tmp/cirrus-ci-build/depends/work/build/x86_64-pc-linux-gnu/qt/5.15.3-1045bbbda2a/qtbase/config.tests/x86_simd
+ cd /tmp/cirrus-ci-build/depends/work/build/x86_64-pc-linux-gnu/qt/5.15.3-1045bbbda2a/config.tests/x86_simd && MAKEFLAGS= /usr/bin/make clean && MAKEFLAGS= /usr/bin/make
> make[1]: Entering directory '/tmp/cirrus-ci-build/depends/work/build/x86_64-pc-linux-gnu/qt/5.15.3-1045bbbda2a/config.tests/x86_simd'
> rm -f main.o
> rm -f *~ core *.core
> make[1]: Leaving directory '/tmp/cirrus-ci-build/depends/work/build/x86_64-pc-linux-gnu/qt/5.15.3-1045bbbda2a/config.tests/x86_simd'
> make[1]: Entering directory '/tmp/cirrus-ci-build/depends/work/build/x86_64-pc-linux-gnu/qt/5.15.3-1045bbbda2a/config.tests/x86_simd'
> clang++-8 -stdlib=libc++ -c -pipe -pipe -std=c++17 -O2 -I/tmp/cirrus-ci-build/depends/x86_64-pc-linux-gnu/include -stdlib=libc++ -mavx512vl -O2 -w -fPIC -DNO_ATTRIBUTE -DQT_COMPILER_SUPPORTS_AVX512VL -I/tmp/cirrus-ci-build/depends/work/build/x86_64-pc-linux-gnu/qt/5.15.3-1045bbbda2a/qtbase/config.tests/x86_simd -I. -I/tmp/cirrus-ci-build/depends/work/build/x86_64-pc-linux-gnu/qt/5.15.3-1045bbbda2a/qtbase/mkspecs/linux-clang-libc++ -o main.o /tmp/cirrus-ci-build/depends/work/build/x86_64-pc-linux-gnu/qt/5.15.3-1045bbbda2a/qtbase/config.tests/x86_simd/main.cpp
> clang++-8 -stdlib=libc++ -L/tmp/cirrus-ci-build/depends/x86_64-pc-linux-gnu/lib -ccc-gcc-name g++ -stdlib=libc++ -o x86_simd main.o      
> make[1]: Leaving directory '/tmp/cirrus-ci-build/depends/work/build/x86_64-pc-linux-gnu/qt/5.15.3-1045bbbda2a/config.tests/x86_simd'
test config.qtbase.tests.avx512vl succeeded
Checking for C++14 support... 
+ cd /tmp/cirrus-ci-build/depends/work/build/x86_64-pc-linux-gnu/qt/5.15.3-1045bbbda2a/config.tests/cxx14 && /tmp/cirrus-ci-build/depends/work/build/x86_64-pc-linux-gnu/qt/5.15.3-1045bbbda2a/qtbase/bin/qmake "CONFIG -= qt debug_and_release app_bundle lib_bundle" "CONFIG += static warn_off console single_arch" -early "CONFIG += cross_compile" /tmp/cirrus-ci-build/depends/work/build/x86_64-pc-linux-gnu/qt/5.15.3-1045bbbda2a/config.tests/cxx14
+ cd /tmp/cirrus-ci-build/depends/work/build/x86_64-pc-linux-gnu/qt/5.15.3-1045bbbda2a/config.tests/cxx14 && MAKEFLAGS= /usr/bin/make
> make[1]: Entering directory '/tmp/cirrus-ci-build/depends/work/build/x86_64-pc-linux-gnu/qt/5.15.3-1045bbbda2a/config.tests/cxx14'
> clang++-8 -stdlib=libc++ -c -pipe -pipe -std=c++17 -O2 -I/tmp/cirrus-ci-build/depends/x86_64-pc-linux-gnu/include -stdlib=libc++ -O2 -std=gnu++1y -w -fPIC  -I. -I/tmp/cirrus-ci-build/depends/work/build/x86_64-pc-linux-gnu/qt/5.15.3-1045bbbda2a/qtbase/mkspecs/linux-clang-libc++ -o main.o main.cpp
> clang++-8 -stdlib=libc++ -L/tmp/cirrus-ci-build/depends/x86_64-pc-linux-gnu/lib -ccc-gcc-name g++ -stdlib=libc++ -o cxx14 main.o      
> make[1]: Leaving directory '/tmp/cirrus-ci-build/depends/work/build/x86_64-pc-linux-gnu/qt/5.15.3-1045bbbda2a/config.tests/cxx14'
test config.qtbase.tests.cxx14 succeeded
Checking for C++17 support... 
+ cd /tmp/cirrus-ci-build/depends/work/build/x86_64-pc-linux-gnu/qt/5.15.3-1045bbbda2a/config.tests/cxx17 && /tmp/cirrus-ci-build/depends/work/build/x86_64-pc-linux-gnu/qt/5.15.3-1045bbbda2a/qtbase/bin/qmake "CONFIG -= qt debug_and_release app_bundle lib_bundle" "CONFIG += static warn_off console single_arch" -early "CONFIG += cross_compile" /tmp/cirrus-ci-build/depends/work/build/x86_64-pc-linux-gnu/qt/5.15.3-1045bbbda2a/config.tests/cxx17
+ cd /tmp/cirrus-ci-build/depends/work/build/x86_64-pc-linux-gnu/qt/5.15.3-1045bbbda2a/config.tests/cxx17 && MAKEFLAGS= /usr/bin/make
> make[1]: Entering directory '/tmp/cirrus-ci-build/depends/work/build/x86_64-pc-linux-gnu/qt/5.15.3-1045bbbda2a/config.tests/cxx17'
> clang++-8 -stdlib=libc++ -c -pipe -pipe -std=c++17 -O2 -I/tmp/cirrus-ci-build/depends/x86_64-pc-linux-gnu/include -stdlib=libc++ -O2 -std=gnu++1z -w -fPIC  -I. -I/tmp/cirrus-ci-build/depends/work/build/x86_64-pc-linux-gnu/qt/5.15.3-1045bbbda2a/qtbase/mkspecs/linux-clang-libc++ -o main.o main.cpp
> clang++-8 -stdlib=libc++ -L/tmp/cirrus-ci-build/depends/x86_64-pc-linux-gnu/lib -ccc-gcc-name g++ -stdlib=libc++ -o cxx17 main.o      
> make[1]: Leaving directory '/tmp/cirrus-ci-build/depends/work/build/x86_64-pc-linux-gnu/qt/5.15.3-1045bbbda2a/config.tests/cxx17'
test config.qtbase.tests.cxx17 succeeded
Checking for C99 support... 
+ cd /tmp/cirrus-ci-build/depends/work/build/x86_64-pc-linux-gnu/qt/5.15.3-1045bbbda2a/config.tests/c99 && /tmp/cirrus-ci-build/depends/work/build/x86_64-pc-linux-gnu/qt/5.15.3-1045bbbda2a/qtbase/bin/qmake "CONFIG -= qt debug_and_release app_bundle lib_bundle" "CONFIG += static warn_off console single_arch" -early "CONFIG += cross_compile" /tmp/cirrus-ci-build/depends/work/build/x86_64-pc-linux-gnu/qt/5.15.3-1045bbbda2a/config.tests/c99
+ cd /tmp/cirrus-ci-build/depends/work/build/x86_64-pc-linux-gnu/qt/5.15.3-1045bbbda2a/config.tests/c99 && MAKEFLAGS= /usr/bin/make
> make[1]: Entering directory '/tmp/cirrus-ci-build/depends/work/build/x86_64-pc-linux-gnu/qt/5.15.3-1045bbbda2a/config.tests/c99'
> clang-8 -c -pipe -pipe -std=c11 -O2 -I/tmp/cirrus-ci-build/depends/x86_64-pc-linux-gnu/include -O2 -std=gnu99 -w -fPIC  -I. -I/tmp/cirrus-ci-build/depends/work/build/x86_64-pc-linux-gnu/qt/5.15.3-1045bbbda2a/qtbase/mkspecs/linux-clang-libc++ -o main.o main.c
> clang++-8 -stdlib=libc++ -L/tmp/cirrus-ci-build/depends/x86_64-pc-linux-gnu/lib -ccc-gcc-name g++ -stdlib=libc++ -o c99 main.o      
> make[1]: Leaving directory '/tmp/cirrus-ci-build/depends/work/build/x86_64-pc-linux-gnu/qt/5.15.3-1045bbbda2a/config.tests/c99'
test config.qtbase.tests.c99 succeeded
Checking for C11 support... 
+ cd /tmp/cirrus-ci-build/depends/work/build/x86_64-pc-linux-gnu/qt/5.15.3-1045bbbda2a/config.tests/c11 && /tmp/cirrus-ci-build/depends/work/build/x86_64-pc-linux-gnu/qt/5.15.3-1045bbbda2a/qtbase/bin/qmake "CONFIG -= qt debug_and_release app_bundle lib_bundle" "CONFIG += static warn_off console single_arch" -early "CONFIG += cross_compile" /tmp/cirrus-ci-build/depends/work/build/x86_64-pc-linux-gnu/qt/5.15.3-1045bbbda2a/config.tests/c11
+ cd /tmp/cirrus-ci-build/depends/work/build/x86_64-pc-linux-gnu/qt/5.15.3-1045bbbda2a/config.tests/c11 && MAKEFLAGS= /usr/bin/make
> make[1]: Entering directory '/tmp/cirrus-ci-build/depends/work/build/x86_64-pc-linux-gnu/qt/5.15.3-1045bbbda2a/config.tests/c11'
> clang-8 -c -pipe -pipe -std=c11 -O2 -I/tmp/cirrus-ci-build/depends/x86_64-pc-linux-gnu/include -O2 -std=gnu11 -w -fPIC  -I. -I/tmp/cirrus-ci-build/depends/work/build/x86_64-pc-linux-gnu/qt/5.15.3-1045bbbda2a/qtbase/mkspecs/linux-clang-libc++ -o main.o main.c
> clang++-8 -stdlib=libc++ -L/tmp/cirrus-ci-build/depends/x86_64-pc-linux-gnu/lib -ccc-gcc-name g++ -stdlib=libc++ -o c11 main.o      
> make[1]: Leaving directory '/tmp/cirrus-ci-build/depends/work/build/x86_64-pc-linux-gnu/qt/5.15.3-1045bbbda2a/config.tests/c11'
test config.qtbase.tests.c11 succeeded
Checking for pkg-config... 
Found pkg-config from path: /usr/bin/pkg-config
test config.qtbase.tests.pkg-config succeeded
Global lib dirs: [] [/usr/lib/llvm-8/lib/clang/8.0.0 /usr/lib/gcc/x86_64-linux-gnu/7.5.0 /usr/lib/x86_64-linux-gnu /lib/x86_64-linux-gnu /lib64 /usr/lib /usr/lib/llvm-8/lib /lib]
Global inc dirs: [] [/tmp/cirrus-ci-build/depends/x86_64-pc-linux-gnu/include /usr/lib/llvm-8/include/c++/v1 /usr/include/clang/8.0.0/include /usr/local/include /usr/include/x86_64-linux-gnu /usr/include]
Checking for dlopen()... 
Trying source 0 (type inline) of library libdl ...
+ cd /tmp/cirrus-ci-build/depends/work/build/x86_64-pc-linux-gnu/qt/5.15.3-1045bbbda2a/config.tests/libdl && PKG_CONFIG_SYSROOT_DIR=/ PKG_CONFIG_LIBDIR=/tmp/cirrus-ci-build/depends/x86_64-pc-linux-gnu/lib/pkgconfig /tmp/cirrus-ci-build/depends/work/build/x86_64-pc-linux-gnu/qt/5.15.3-1045bbbda2a/qtbase/bin/qmake "CONFIG -= qt debug_and_release app_bundle lib_bundle" "CONFIG += static warn_off console single_arch" -early "CONFIG += cross_compile" 'QMAKE_USE += libdl' 'QMAKE_LIBS_LIBDL = ' /tmp/cirrus-ci-build/depends/work/build/x86_64-pc-linux-gnu/qt/5.15.3-1045bbbda2a/config.tests/libdl
+ cd /tmp/cirrus-ci-build/depends/work/build/x86_64-pc-linux-gnu/qt/5.15.3-1045bbbda2a/config.tests/libdl && MAKEFLAGS= /usr/bin/make
> make[1]: Entering directory '/tmp/cirrus-ci-build/depends/work/build/x86_64-pc-linux-gnu/qt/5.15.3-1045bbbda2a/config.tests/libdl'
> clang++-8 -stdlib=libc++ -c -pipe -pipe -std=c++17 -O2 -I/tmp/cirrus-ci-build/depends/x86_64-pc-linux-gnu/include -stdlib=libc++ -O2 -w -fPIC  -I. -I/tmp/cirrus-ci-build/depends/work/build/x86_64-pc-linux-gnu/qt/5.15.3-1045bbbda2a/qtbase/mkspecs/linux-clang-libc++ -o main.o main.cpp
> clang++-8 -stdlib=libc++ -L/tmp/cirrus-ci-build/depends/x86_64-pc-linux-gnu/lib -ccc-gcc-name g++ -stdlib=libc++ -o libdl main.o      
> main.o: In function `main':
> main.cpp:(.text+0x6): undefined reference to `dlopen'
> main.cpp:(.text+0xe): undefined reference to `dlclose'
> main.cpp:(.text+0x17): undefined reference to `dlsym'
> main.cpp:(.text+0x1c): undefined reference to `dlerror'
> clang: error: linker command failed with exit code 1 (use -v to see invocation)
> Makefile:67: recipe for target 'libdl' failed
> make[1]: *** [libdl] Error 1
> make[1]: Leaving directory '/tmp/cirrus-ci-build/depends/work/build/x86_64-pc-linux-gnu/qt/5.15.3-1045bbbda2a/config.tests/libdl'
 => source failed verification.
Trying source 1 (type inline) of library libdl ...
+ cd /tmp/cirrus-ci-build/depends/work/build/x86_64-pc-linux-gnu/qt/5.15.3-1045bbbda2a/config.tests/libdl && PKG_CONFIG_SYSROOT_DIR=/ PKG_CONFIG_LIBDIR=/tmp/cirrus-ci-build/depends/x86_64-pc-linux-gnu/lib/pkgconfig /tmp/cirrus-ci-build/depends/work/build/x86_64-pc-linux-gnu/qt/5.15.3-1045bbbda2a/qtbase/bin/qmake "CONFIG -= qt debug_and_release app_bundle lib_bundle" "CONFIG += static warn_off console single_arch" -early "CONFIG += cross_compile" 'QMAKE_USE += libdl' 'QMAKE_LIBS_LIBDL = -ldl' /tmp/cirrus-ci-build/depends/work/build/x86_64-pc-linux-gnu/qt/5.15.3-1045bbbda2a/config.tests/libdl
+ cd /tmp/cirrus-ci-build/depends/work/build/x86_64-pc-linux-gnu/qt/5.15.3-1045bbbda2a/config.tests/libdl && MAKEFLAGS= /usr/bin/make clean && MAKEFLAGS= /usr/bin/make
> make[1]: Entering directory '/tmp/cirrus-ci-build/depends/work/build/x86_64-pc-linux-gnu/qt/5.15.3-1045bbbda2a/config.tests/libdl'
> rm -f main.o
> rm -f *~ core *.core
> make[1]: Leaving directory '/tmp/cirrus-ci-build/depends/work/build/x86_64-pc-linux-gnu/qt/5.15.3-1045bbbda2a/config.tests/libdl'
> make[1]: Entering directory '/tmp/cirrus-ci-build/depends/work/build/x86_64-pc-linux-gnu/qt/5.15.3-1045bbbda2a/config.tests/libdl'
> clang++-8 -stdlib=libc++ -c -pipe -pipe -std=c++17 -O2 -I/tmp/cirrus-ci-build/depends/x86_64-pc-linux-gnu/include -stdlib=libc++ -O2 -w -fPIC  -I. -I/tmp/cirrus-ci-build/depends/work/build/x86_64-pc-linux-gnu/qt/5.15.3-1045bbbda2a/qtbase/mkspecs/linux-clang-libc++ -o main.o main.cpp
> clang++-8 -stdlib=libc++ -L/tmp/cirrus-ci-build/depends/x86_64-pc-linux-gnu/lib -ccc-gcc-name g++ -stdlib=libc++ -o libdl main.o   -ldl   
> make[1]: Leaving directory '/tmp/cirrus-ci-build/depends/work/build/x86_64-pc-linux-gnu/qt/5.15.3-1045bbbda2a/config.tests/libdl'
 => source accepted.
test config.qtbase.libraries.libdl succeeded
Checking for new dtags support... 
+ cd /tmp/cirrus-ci-build/depends/work/build/x86_64-pc-linux-gnu/qt/5.15.3-1045bbbda2a/config.tests && clang++-8 -stdlib=libc++ -pipe -pipe -std=c++17 -O2 -I/tmp/cirrus-ci-build/depends/x86_64-pc-linux-gnu/include -stdlib=libc++ -Wl,--enable-new-dtags -o conftest-out conftest.cpp
test config.qtbase.tests.enable_new_dtags succeeded
Checking for F16C instructions... 
+ cd /tmp/cirrus-ci-build/depends/work/build/x86_64-pc-linux-gnu/qt/5.15.3-1045bbbda2a/config.tests/x86_simd && PKG_CONFIG_SYSROOT_DIR=/ PKG_CONFIG_LIBDIR=/tmp/cirrus-ci-build/depends/x86_64-pc-linux-gnu/lib/pkgconfig /tmp/cirrus-ci-build/depends/work/build/x86_64-pc-linux-gnu/qt/5.15.3-1045bbbda2a/qtbase/bin/qmake "CONFIG -= qt debug_and_release app_bundle lib_bundle" "CONFIG += static warn_off console single_arch" -early "CONFIG += cross_compile" CONFIG+=add_cflags DEFINES+=NO_ATTRIBUTE SIMD=f16c /tmp/cirrus-ci-build/depends/work/build/x86_64-pc-linux-gnu/qt/5.15.3-1045bbbda2a/qtbase/config.tests/x86_simd
+ cd /tmp/cirrus-ci-build/depends/work/build/x86_64-pc-linux-gnu/qt/5.15.3-1045bbbda2a/config.tests/x86_simd && MAKEFLAGS= /usr/bin/make clean && MAKEFLAGS= /usr/bin/make
> make[1]: Entering directory '/tmp/cirrus-ci-build/depends/work/build/x86_64-pc-linux-gnu/qt/5.15.3-1045bbbda2a/config.tests/x86_simd'
> rm -f main.o
> rm -f *~ core *.core
> make[1]: Leaving directory '/tmp/cirrus-ci-build/depends/work/build/x86_64-pc-linux-gnu/qt/5.15.3-1045bbbda2a/config.tests/x86_simd'
> make[1]: Entering directory '/tmp/cirrus-ci-build/depends/work/build/x86_64-pc-linux-gnu/qt/5.15.3-1045bbbda2a/config.tests/x86_simd'
> clang++-8 -stdlib=libc++ -c -pipe -pipe -std=c++17 -O2 -I/tmp/cirrus-ci-build/depends/x86_64-pc-linux-gnu/include -stdlib=libc++ -mf16c -O2 -w -fPIC -DNO_ATTRIBUTE -DQT_COMPILER_SUPPORTS_F16C -I/tmp/cirrus-ci-build/depends/work/build/x86_64-pc-linux-gnu/qt/5.15.3-1045bbbda2a/qtbase/config.tests/x86_simd -I. -I/tmp/cirrus-ci-build/depends/work/build/x86_64-pc-linux-gnu/qt/5.15.3-1045bbbda2a/qtbase/mkspecs/linux-clang-libc++ -o main.o /tmp/cirrus-ci-build/depends/work/build/x86_64-pc-linux-gnu/qt/5.15.3-1045bbbda2a/qtbase/config.tests/x86_simd/main.cpp
> clang++-8 -stdlib=libc++ -L/tmp/cirrus-ci-build/depends/x86_64-pc-linux-gnu/lib -ccc-gcc-name g++ -stdlib=libc++ -o x86_simd main.o      
> make[1]: Leaving directory '/tmp/cirrus-ci-build/depends/work/build/x86_64-pc-linux-gnu/qt/5.15.3-1045bbbda2a/config.tests/x86_simd'
test config.qtbase.tests.f16c succeeded
Checking for support for split sections and linker garbage collection... 
+ cd /tmp/cirrus-ci-build/depends/work/build/x86_64-pc-linux-gnu/qt/5.15.3-1045bbbda2a/config.tests/gc_binaries && PKG_CONFIG_SYSROOT_DIR=/ PKG_CONFIG_LIBDIR=/tmp/cirrus-ci-build/depends/x86_64-pc-linux-gnu/lib/pkgconfig /tmp/cirrus-ci-build/depends/work/build/x86_64-pc-linux-gnu/qt/5.15.3-1045bbbda2a/qtbase/bin/qmake "CONFIG -= qt debug_and_release app_bundle lib_bundle" "CONFIG += static warn_off console single_arch" -early "CONFIG += cross_compile" /tmp/cirrus-ci-build/depends/work/build/x86_64-pc-linux-gnu/qt/5.15.3-1045bbbda2a/config.tests/gc_binaries
+ cd /tmp/cirrus-ci-build/depends/work/build/x86_64-pc-linux-gnu/qt/5.15.3-1045bbbda2a/config.tests/gc_binaries && MAKEFLAGS= /usr/bin/make
> make[1]: Entering directory '/tmp/cirrus-ci-build/depends/work/build/x86_64-pc-linux-gnu/qt/5.15.3-1045bbbda2a/config.tests/gc_binaries'
> clang++-8 -stdlib=libc++ -c -pipe -pipe -std=c++17 -O2 -I/tmp/cirrus-ci-build/depends/x86_64-pc-linux-gnu/include -stdlib=libc++ -O2 -w -fPIC  -I. -I/tmp/cirrus-ci-build/depends/work/build/x86_64-pc-linux-gnu/qt/5.15.3-1045bbbda2a/qtbase/mkspecs/linux-clang-libc++ -o main.o main.cpp
> clang++-8 -stdlib=libc++ -L/tmp/cirrus-ci-build/depends/x86_64-pc-linux-gnu/lib -ccc-gcc-name g++ -stdlib=libc++ -o gc_binaries main.o      
> make[1]: Leaving directory '/tmp/cirrus-ci-build/depends/work/build/x86_64-pc-linux-gnu/qt/5.15.3-1045bbbda2a/config.tests/gc_binaries'
test config.qtbase.tests.gc_binaries succeeded
Checking for D-Bus >= 1.2 (host)... 
Trying source 0 (type pkgConfig) of library host_dbus ...
+ /usr/bin/pkg-config --exists --silence-errors dbus-1 '>=' 1.2
pkg-config did not find package.
  => source produced no result.
Trying source 1 (type inline) of library host_dbus ...
 => source accepted.
test config.qtbase.libraries.host_dbus succeeded
Checking for Support for Intel Control-flow Enforcement Technology... 
+ cd /tmp/cirrus-ci-build/depends/work/build/x86_64-pc-linux-gnu/qt/5.15.3-1045bbbda2a/config.tests/intelcet && PKG_CONFIG_SYSROOT_DIR=/ PKG_CONFIG_LIBDIR=/tmp/cirrus-ci-build/depends/x86_64-pc-linux-gnu/lib/pkgconfig /tmp/cirrus-ci-build/depends/work/build/x86_64-pc-linux-gnu/qt/5.15.3-1045bbbda2a/qtbase/bin/qmake "CONFIG -= qt debug_and_release app_bundle lib_bundle" "CONFIG += static warn_off console single_arch" -early "CONFIG += cross_compile" /tmp/cirrus-ci-build/depends/work/build/x86_64-pc-linux-gnu/qt/5.15.3-1045bbbda2a/config.tests/intelcet
+ cd /tmp/cirrus-ci-build/depends/work/build/x86_64-pc-linux-gnu/qt/5.15.3-1045bbbda2a/config.tests/intelcet && MAKEFLAGS= /usr/bin/make
> make[1]: Entering directory '/tmp/cirrus-ci-build/depends/work/build/x86_64-pc-linux-gnu/qt/5.15.3-1045bbbda2a/config.tests/intelcet'
> clang++-8 -stdlib=libc++ -c -pipe -pipe -std=c++17 -O2 -I/tmp/cirrus-ci-build/depends/x86_64-pc-linux-gnu/include -stdlib=libc++ -O2 -w -fPIC  -I. -I/tmp/cirrus-ci-build/depends/work/build/x86_64-pc-linux-gnu/qt/5.15.3-1045bbbda2a/qtbase/mkspecs/linux-clang-libc++ -o main.o main.cpp
> main.cpp:7:8: error: Intel CET not available
>     #  error Intel CET not available
>        ^
> 1 error generated.
> Makefile:169: recipe for target 'main.o' failed
> make[1]: *** [main.o] Error 1
> make[1]: Leaving directory '/tmp/cirrus-ci-build/depends/work/build/x86_64-pc-linux-gnu/qt/5.15.3-1045bbbda2a/config.tests/intelcet'
test config.qtbase.tests.intelcet FAILED
Checking for POSIX fallocate()... 
+ cd /tmp/cirrus-ci-build/depends/work/build/x86_64-pc-linux-gnu/qt/5.15.3-1045bbbda2a/config.tests/posix_fallocate && PKG_CONFIG_SYSROOT_DIR=/ PKG_CONFIG_LIBDIR=/tmp/cirrus-ci-build/depends/x86_64-pc-linux-gnu/lib/pkgconfig /tmp/cirrus-ci-build/depends/work/build/x86_64-pc-linux-gnu/qt/5.15.3-1045bbbda2a/qtbase/bin/qmake "CONFIG -= qt debug_and_release app_bundle lib_bundle" "CONFIG += static warn_off console single_arch" -early "CONFIG += cross_compile" /tmp/cirrus-ci-build/depends/work/build/x86_64-pc-linux-gnu/qt/5.15.3-1045bbbda2a/config.tests/posix_fallocate
+ cd /tmp/cirrus-ci-build/depends/work/build/x86_64-pc-linux-gnu/qt/5.15.3-1045bbbda2a/config.tests/posix_fallocate && MAKEFLAGS= /usr/bin/make
> make[1]: Entering directory '/tmp/cirrus-ci-build/depends/work/build/x86_64-pc-linux-gnu/qt/5.15.3-1045bbbda2a/config.tests/posix_fallocate'
> clang++-8 -stdlib=libc++ -c -pipe -pipe -std=c++17 -O2 -I/tmp/cirrus-ci-build/depends/x86_64-pc-linux-gnu/include -stdlib=libc++ -O2 -w -fPIC  -I. -I/tmp/cirrus-ci-build/depends/work/build/x86_64-pc-linux-gnu/qt/5.15.3-1045bbbda2a/qtbase/mkspecs/linux-clang-libc++ -o main.o main.cpp
> clang++-8 -stdlib=libc++ -L/tmp/cirrus-ci-build/depends/x86_64-pc-linux-gnu/lib -ccc-gcc-name g++ -stdlib=libc++ -o posix_fallocate main.o      
> make[1]: Leaving directory '/tmp/cirrus-ci-build/depends/work/build/x86_64-pc-linux-gnu/qt/5.15.3-1045bbbda2a/config.tests/posix_fallocate'
test config.qtbase.tests.posix_fallocate succeeded
Checking for precompiled header support... 
+ cd /tmp/cirrus-ci-build/depends/work/build/x86_64-pc-linux-gnu/qt/5.15.3-1045bbbda2a/config.tests/precompile_header && PKG_CONFIG_SYSROOT_DIR=/ PKG_CONFIG_LIBDIR=/tmp/cirrus-ci-build/depends/x86_64-pc-linux-gnu/lib/pkgconfig /tmp/cirrus-ci-build/depends/work/build/x86_64-pc-linux-gnu/qt/5.15.3-1045bbbda2a/qtbase/bin/qmake "CONFIG -= qt debug_and_release app_bundle lib_bundle" "CONFIG += static warn_off console single_arch" -early "CONFIG += cross_compile" /tmp/cirrus-ci-build/depends/work/build/x86_64-pc-linux-gnu/qt/5.15.3-1045bbbda2a/config.tests/precompile_header
+ cd /tmp/cirrus-ci-build/depends/work/build/x86_64-pc-linux-gnu/qt/5.15.3-1045bbbda2a/config.tests/precompile_header && MAKEFLAGS= /usr/bin/make
> make[1]: Entering directory '/tmp/cirrus-ci-build/depends/work/build/x86_64-pc-linux-gnu/qt/5.15.3-1045bbbda2a/config.tests/precompile_header'
> clang++-8 -stdlib=libc++ -pipe -pipe -std=c++17 -O2 -I/tmp/cirrus-ci-build/depends/x86_64-pc-linux-gnu/include -stdlib=libc++ -O2 -w -fPIC  -I. -I/tmp/cirrus-ci-build/depends/work/build/x86_64-pc-linux-gnu/qt/5.15.3-1045bbbda2a/qtbase/mkspecs/linux-clang-libc++ -x c++-header -c header.h -o .pch/precompile_header.pch/c++.pch
> clang++-8 -stdlib=libc++ -c -Xclang -include-pch -Xclang .pch/precompile_header.pch/c++.pch -pipe -pipe -std=c++17 -O2 -I/tmp/cirrus-ci-build/depends/x86_64-pc-linux-gnu/include -stdlib=libc++ -O2 -w -fPIC  -I. -I/tmp/cirrus-ci-build/depends/work/build/x86_64-pc-linux-gnu/qt/5.15.3-1045bbbda2a/qtbase/mkspecs/linux-clang-libc++ -o main.o main.cpp
> clang++-8 -stdlib=libc++ -L/tmp/cirrus-ci-build/depends/x86_64-pc-linux-gnu/lib -ccc-gcc-name g++ -stdlib=libc++ -o precompile_header main.o      
> make[1]: Leaving directory '/tmp/cirrus-ci-build/depends/work/build/x86_64-pc-linux-gnu/qt/5.15.3-1045bbbda2a/config.tests/precompile_header'
test config.qtbase.tests.precompile_header succeeded
Checking for RDRAND instruction... 
+ cd /tmp/cirrus-ci-build/depends/work/build/x86_64-pc-linux-gnu/qt/5.15.3-1045bbbda2a/config.tests/x86_simd && PKG_CONFIG_SYSROOT_DIR=/ PKG_CONFIG_LIBDIR=/tmp/cirrus-ci-build/depends/x86_64-pc-linux-gnu/lib/pkgconfig /tmp/cirrus-ci-build/depends/work/build/x86_64-pc-linux-gnu/qt/5.15.3-1045bbbda2a/qtbase/bin/qmake "CONFIG -= qt debug_and_release app_bundle lib_bundle" "CONFIG += static warn_off console single_arch" -early "CONFIG += cross_compile" CONFIG+=add_cflags DEFINES+=NO_ATTRIBUTE SIMD=rdrnd /tmp/cirrus-ci-build/depends/work/build/x86_64-pc-linux-gnu/qt/5.15.3-1045bbbda2a/qtbase/config.tests/x86_simd
+ cd /tmp/cirrus-ci-build/depends/work/build/x86_64-pc-linux-gnu/qt/5.15.3-1045bbbda2a/config.tests/x86_simd && MAKEFLAGS= /usr/bin/make clean && MAKEFLAGS= /usr/bin/make
> make[1]: Entering directory '/tmp/cirrus-ci-build/depends/work/build/x86_64-pc-linux-gnu/qt/5.15.3-1045bbbda2a/config.tests/x86_simd'
> rm -f main.o
> rm -f *~ core *.core
> make[1]: Leaving directory '/tmp/cirrus-ci-build/depends/work/build/x86_64-pc-linux-gnu/qt/5.15.3-1045bbbda2a/config.tests/x86_simd'
> make[1]: Entering directory '/tmp/cirrus-ci-build/depends/work/build/x86_64-pc-linux-gnu/qt/5.15.3-1045bbbda2a/config.tests/x86_simd'
> clang++-8 -stdlib=libc++ -c -pipe -pipe -std=c++17 -O2 -I/tmp/cirrus-ci-build/depends/x86_64-pc-linux-gnu/include -stdlib=libc++ -mrdrnd -O2 -w -fPIC -DNO_ATTRIBUTE -DQT_COMPILER_SUPPORTS_RDRND -I/tmp/cirrus-ci-build/depends/work/build/x86_64-pc-linux-gnu/qt/5.15.3-1045bbbda2a/qtbase/config.tests/x86_simd -I. -I/tmp/cirrus-ci-build/depends/work/build/x86_64-pc-linux-gnu/qt/5.15.3-1045bbbda2a/qtbase/mkspecs/linux-clang-libc++ -o main.o /tmp/cirrus-ci-build/depends/work/build/x86_64-pc-linux-gnu/qt/5.15.3-1045bbbda2a/qtbase/config.tests/x86_simd/main.cpp
> clang++-8 -stdlib=libc++ -L/tmp/cirrus-ci-build/depends/x86_64-pc-linux-gnu/lib -ccc-gcc-name g++ -stdlib=libc++ -o x86_simd main.o      
> make[1]: Leaving directory '/tmp/cirrus-ci-build/depends/work/build/x86_64-pc-linux-gnu/qt/5.15.3-1045bbbda2a/config.tests/x86_simd'
test config.qtbase.tests.rdrnd succeeded
Checking for RDSEED instruction... 
+ cd /tmp/cirrus-ci-build/depends/work/build/x86_64-pc-linux-gnu/qt/5.15.3-1045bbbda2a/config.tests/x86_simd && PKG_CONFIG_SYSROOT_DIR=/ PKG_CONFIG_LIBDIR=/tmp/cirrus-ci-build/depends/x86_64-pc-linux-gnu/lib/pkgconfig /tmp/cirrus-ci-build/depends/work/build/x86_64-pc-linux-gnu/qt/5.15.3-1045bbbda2a/qtbase/bin/qmake "CONFIG -= qt debug_and_release app_bundle lib_bundle" "CONFIG += static warn_off console single_arch" -early "CONFIG += cross_compile" CONFIG+=add_cflags DEFINES+=NO_ATTRIBUTE SIMD=rdseed /tmp/cirrus-ci-build/depends/work/build/x86_64-pc-linux-gnu/qt/5.15.3-1045bbbda2a/qtbase/config.tests/x86_simd
+ cd /tmp/cirrus-ci-build/depends/work/build/x86_64-pc-linux-gnu/qt/5.15.3-1045bbbda2a/config.tests/x86_simd && MAKEFLAGS= /usr/bin/make clean && MAKEFLAGS= /usr/bin/make
> make[1]: Entering directory '/tmp/cirrus-ci-build/depends/work/build/x86_64-pc-linux-gnu/qt/5.15.3-1045bbbda2a/config.tests/x86_simd'
> rm -f main.o
> rm -f *~ core *.core
> make[1]: Leaving directory '/tmp/cirrus-ci-build/depends/work/build/x86_64-pc-linux-gnu/qt/5.15.3-1045bbbda2a/config.tests/x86_simd'
> make[1]: Entering directory '/tmp/cirrus-ci-build/depends/work/build/x86_64-pc-linux-gnu/qt/5.15.3-1045bbbda2a/config.tests/x86_simd'
> clang++-8 -stdlib=libc++ -c -pipe -pipe -std=c++17 -O2 -I/tmp/cirrus-ci-build/depends/x86_64-pc-linux-gnu/include -stdlib=libc++ -mrdseed -O2 -w -fPIC -DNO_ATTRIBUTE -DQT_COMPILER_SUPPORTS_RDSEED -I/tmp/cirrus-ci-build/depends/work/build/x86_64-pc-linux-gnu/qt/5.15.3-1045bbbda2a/qtbase/config.tests/x86_simd -I. -I/tmp/cirrus-ci-build/depends/work/build/x86_64-pc-linux-gnu/qt/5.15.3-1045bbbda2a/qtbase/mkspecs/linux-clang-libc++ -o main.o /tmp/cirrus-ci-build/depends/work/build/x86_64-pc-linux-gnu/qt/5.15.3-1045bbbda2a/qtbase/config.tests/x86_simd/main.cpp
> clang++-8 -stdlib=libc++ -L/tmp/cirrus-ci-build/depends/x86_64-pc-linux-gnu/lib -ccc-gcc-name g++ -stdlib=libc++ -o x86_simd main.o      
> make[1]: Leaving directory '/tmp/cirrus-ci-build/depends/work/build/x86_64-pc-linux-gnu/qt/5.15.3-1045bbbda2a/config.tests/x86_simd'
test config.qtbase.tests.rdseed succeeded
Checking for symbol visibility support... 
+ cd /tmp/cirrus-ci-build/depends/work/build/x86_64-pc-linux-gnu/qt/5.15.3-1045bbbda2a/config.tests/reduce_exports && PKG_CONFIG_SYSROOT_DIR=/ PKG_CONFIG_LIBDIR=/tmp/cirrus-ci-build/depends/x86_64-pc-linux-gnu/lib/pkgconfig /tmp/cirrus-ci-build/depends/work/build/x86_64-pc-linux-gnu/qt/5.15.3-1045bbbda2a/qtbase/bin/qmake "CONFIG -= qt debug_and_release app_bundle lib_bundle" "CONFIG += static warn_off console single_arch" -early "CONFIG += cross_compile" /tmp/cirrus-ci-build/depends/work/build/x86_64-pc-linux-gnu/qt/5.15.3-1045bbbda2a/config.tests/reduce_exports
+ cd /tmp/cirrus-ci-build/depends/work/build/x86_64-pc-linux-gnu/qt/5.15.3-1045bbbda2a/config.tests/reduce_exports && MAKEFLAGS= /usr/bin/make
> make[1]: Entering directory '/tmp/cirrus-ci-build/depends/work/build/x86_64-pc-linux-gnu/qt/5.15.3-1045bbbda2a/config.tests/reduce_exports'
> clang++-8 -stdlib=libc++ -c -pipe -pipe -std=c++17 -O2 -I/tmp/cirrus-ci-build/depends/x86_64-pc-linux-gnu/include -stdlib=libc++ -O2 -fvisibility=hidden -fvisibility-inlines-hidden -w -fPIC  -I. -I/tmp/cirrus-ci-build/depends/work/build/x86_64-pc-linux-gnu/qt/5.15.3-1045bbbda2a/qtbase/mkspecs/linux-clang-libc++ -o main.o main.cpp
> rm -f libreduce_exports.so.1.0.0 libreduce_exports.so libreduce_exports.so.1 libreduce_exports.so.1.0
> clang++-8 -stdlib=libc++ -L/tmp/cirrus-ci-build/depends/x86_64-pc-linux-gnu/lib -ccc-gcc-name g++ -stdlib=libc++ -shared -Wl,-soname,libreduce_exports.so.1 -o libreduce_exports.so.1.0.0 main.o      
> ln -s libreduce_exports.so.1.0.0 libreduce_exports.so
> ln -s libreduce_exports.so.1.0.0 libreduce_exports.so.1
> ln -s libreduce_exports.so.1.0.0 libreduce_exports.so.1.0
> make[1]: Leaving directory '/tmp/cirrus-ci-build/depends/work/build/x86_64-pc-linux-gnu/qt/5.15.3-1045bbbda2a/config.tests/reduce_exports'
test config.qtbase.tests.reduce_exports succeeded
Checking for SHA new instructions... 
+ cd /tmp/cirrus-ci-build/depends/work/build/x86_64-pc-linux-gnu/qt/5.15.3-1045bbbda2a/config.tests/x86_simd && PKG_CONFIG_SYSROOT_DIR=/ PKG_CONFIG_LIBDIR=/tmp/cirrus-ci-build/depends/x86_64-pc-linux-gnu/lib/pkgconfig /tmp/cirrus-ci-build/depends/work/build/x86_64-pc-linux-gnu/qt/5.15.3-1045bbbda2a/qtbase/bin/qmake "CONFIG -= qt debug_and_release app_bundle lib_bundle" "CONFIG += static warn_off console single_arch" -early "CONFIG += cross_compile" CONFIG+=add_cflags DEFINES+=NO_ATTRIBUTE SIMD=shani /tmp/cirrus-ci-build/depends/work/build/x86_64-pc-linux-gnu/qt/5.15.3-1045bbbda2a/qtbase/config.tests/x86_simd
+ cd /tmp/cirrus-ci-build/depends/work/build/x86_64-pc-linux-gnu/qt/5.15.3-1045bbbda2a/config.tests/x86_simd && MAKEFLAGS= /usr/bin/make clean && MAKEFLAGS= /usr/bin/make
> make[1]: Entering directory '/tmp/cirrus-ci-build/depends/work/build/x86_64-pc-linux-gnu/qt/5.15.3-1045bbbda2a/config.tests/x86_simd'
> rm -f main.o
> rm -f *~ core *.core
> make[1]: Leaving directory '/tmp/cirrus-ci-build/depends/work/build/x86_64-pc-linux-gnu/qt/5.15.3-1045bbbda2a/config.tests/x86_simd'
> make[1]: Entering directory '/tmp/cirrus-ci-build/depends/work/build/x86_64-pc-linux-gnu/qt/5.15.3-1045bbbda2a/config.tests/x86_simd'
> clang++-8 -stdlib=libc++ -c -pipe -pipe -std=c++17 -O2 -I/tmp/cirrus-ci-build/depends/x86_64-pc-linux-gnu/include -stdlib=libc++ -msha -O2 -w -fPIC -DNO_ATTRIBUTE -DQT_COMPILER_SUPPORTS_SHANI -I/tmp/cirrus-ci-build/depends/work/build/x86_64-pc-linux-gnu/qt/5.15.3-1045bbbda2a/qtbase/config.tests/x86_simd -I. -I/tmp/cirrus-ci-build/depends/work/build/x86_64-pc-linux-gnu/qt/5.15.3-1045bbbda2a/qtbase/mkspecs/linux-clang-libc++ -o main.o /tmp/cirrus-ci-build/depends/work/build/x86_64-pc-linux-gnu/qt/5.15.3-1045bbbda2a/qtbase/config.tests/x86_simd/main.cpp
> clang++-8 -stdlib=libc++ -L/tmp/cirrus-ci-build/depends/x86_64-pc-linux-gnu/lib -ccc-gcc-name g++ -stdlib=libc++ -o x86_simd main.o      
> make[1]: Leaving directory '/tmp/cirrus-ci-build/depends/work/build/x86_64-pc-linux-gnu/qt/5.15.3-1045bbbda2a/config.tests/x86_simd'
test config.qtbase.tests.shani succeeded
Checking for Signaling NaN for doubles... 
+ cd /tmp/cirrus-ci-build/depends/work/build/x86_64-pc-linux-gnu/qt/5.15.3-1045bbbda2a/config.tests/signaling_nan && PKG_CONFIG_SYSROOT_DIR=/ PKG_CONFIG_LIBDIR=/tmp/cirrus-ci-build/depends/x86_64-pc-linux-gnu/lib/pkgconfig /tmp/cirrus-ci-build/depends/work/build/x86_64-pc-linux-gnu/qt/5.15.3-1045bbbda2a/qtbase/bin/qmake "CONFIG -= qt debug_and_release app_bundle lib_bundle" "CONFIG += static warn_off console single_arch" -early "CONFIG += cross_compile" /tmp/cirrus-ci-build/depends/work/build/x86_64-pc-linux-gnu/qt/5.15.3-1045bbbda2a/config.tests/signaling_nan
+ cd /tmp/cirrus-ci-build/depends/work/build/x86_64-pc-linux-gnu/qt/5.15.3-1045bbbda2a/config.tests/signaling_nan && MAKEFLAGS= /usr/bin/make
> make[1]: Entering directory '/tmp/cirrus-ci-build/depends/work/build/x86_64-pc-linux-gnu/qt/5.15.3-1045bbbda2a/config.tests/signaling_nan'
> clang++-8 -stdlib=libc++ -c -pipe -pipe -std=c++17 -O2 -I/tmp/cirrus-ci-build/depends/x86_64-pc-linux-gnu/include -stdlib=libc++ -O2 -w -fPIC  -I. -I/tmp/cirrus-ci-build/depends/work/build/x86_64-pc-linux-gnu/qt/5.15.3-1045bbbda2a/qtbase/mkspecs/linux-clang-libc++ -o main.o main.cpp
> clang++-8 -stdlib=libc++ -L/tmp/cirrus-ci-build/depends/x86_64-pc-linux-gnu/lib -ccc-gcc-name g++ -stdlib=libc++ -o signaling_nan main.o      
> make[1]: Leaving directory '/tmp/cirrus-ci-build/depends/work/build/x86_64-pc-linux-gnu/qt/5.15.3-1045bbbda2a/config.tests/signaling_nan'
test config.qtbase.tests.signaling_nan succeeded
Checking for STL compatibility... 
+ cd /tmp/cirrus-ci-build/depends/work/build/x86_64-pc-linux-gnu/qt/5.15.3-1045bbbda2a/config.tests/stl && PKG_CONFIG_SYSROOT_DIR=/ PKG_CONFIG_LIBDIR=/tmp/cirrus-ci-build/depends/x86_64-pc-linux-gnu/lib/pkgconfig /tmp/cirrus-ci-build/depends/work/build/x86_64-pc-linux-gnu/qt/5.15.3-1045bbbda2a/qtbase/bin/qmake "CONFIG -= qt debug_and_release app_bundle lib_bundle" "CONFIG += static warn_off console single_arch" -early "CONFIG += cross_compile" /tmp/cirrus-ci-build/depends/work/build/x86_64-pc-linux-gnu/qt/5.15.3-1045bbbda2a/qtbase/config.tests/stl
+ cd /tmp/cirrus-ci-build/depends/work/build/x86_64-pc-linux-gnu/qt/5.15.3-1045bbbda2a/config.tests/stl && MAKEFLAGS= /usr/bin/make
> make[1]: Entering directory '/tmp/cirrus-ci-build/depends/work/build/x86_64-pc-linux-gnu/qt/5.15.3-1045bbbda2a/config.tests/stl'
> clang++-8 -stdlib=libc++ -c -pipe -pipe -std=c++17 -O2 -I/tmp/cirrus-ci-build/depends/x86_64-pc-linux-gnu/include -stdlib=libc++ -O2 -w -fPIC  -I/tmp/cirrus-ci-build/depends/work/build/x86_64-pc-linux-gnu/qt/5.15.3-1045bbbda2a/qtbase/config.tests/stl -I. -I/tmp/cirrus-ci-build/depends/work/build/x86_64-pc-linux-gnu/qt/5.15.3-1045bbbda2a/qtbase/mkspecs/linux-clang-libc++ -o stltest.o /tmp/cirrus-ci-build/depends/work/build/x86_64-pc-linux-gnu/qt/5.15.3-1045bbbda2a/qtbase/config.tests/stl/stltest.cpp
> clang++-8 -stdlib=libc++ -L/tmp/cirrus-ci-build/depends/x86_64-pc-linux-gnu/lib -ccc-gcc-name g++ -stdlib=libc++ -o stl stltest.o      
> make[1]: Leaving directory '/tmp/cirrus-ci-build/depends/work/build/x86_64-pc-linux-gnu/qt/5.15.3-1045bbbda2a/config.tests/stl'
test config.qtbase.tests.stl succeeded
Checking for Intrinsics without -mXXX argument... 
+ cd /tmp/cirrus-ci-build/depends/work/build/x86_64-pc-linux-gnu/qt/5.15.3-1045bbbda2a/config.tests/x86_simd && PKG_CONFIG_SYSROOT_DIR=/ PKG_CONFIG_LIBDIR=/tmp/cirrus-ci-build/depends/x86_64-pc-linux-gnu/lib/pkgconfig /tmp/cirrus-ci-build/depends/work/build/x86_64-pc-linux-gnu/qt/5.15.3-1045bbbda2a/qtbase/bin/qmake "CONFIG -= qt debug_and_release app_bundle lib_bundle" "CONFIG += static warn_off console single_arch" -early "CONFIG += cross_compile" 'SIMD=aesni avx avx2 avx512bw avx512cd avx512dq avx512er avx512f avx512ifma avx512pf avx512vbmi avx512vl f16c rdrnd rdseed shani sse2 sse3 sse4_1 sse4_2 ssse3' /tmp/cirrus-ci-build/depends/work/build/x86_64-pc-linux-gnu/qt/5.15.3-1045bbbda2a/qtbase/config.tests/x86_simd
+ cd /tmp/cirrus-ci-build/depends/work/build/x86_64-pc-linux-gnu/qt/5.15.3-1045bbbda2a/config.tests/x86_simd && MAKEFLAGS= /usr/bin/make clean && MAKEFLAGS= /usr/bin/make
> make[1]: Entering directory '/tmp/cirrus-ci-build/depends/work/build/x86_64-pc-linux-gnu/qt/5.15.3-1045bbbda2a/config.tests/x86_simd'
> rm -f main.o
> rm -f *~ core *.core
> make[1]: Leaving directory '/tmp/cirrus-ci-build/depends/work/build/x86_64-pc-linux-gnu/qt/5.15.3-1045bbbda2a/config.tests/x86_simd'
> make[1]: Entering directory '/tmp/cirrus-ci-build/depends/work/build/x86_64-pc-linux-gnu/qt/5.15.3-1045bbbda2a/config.tests/x86_simd'
> clang++-8 -stdlib=libc++ -c -pipe -pipe -std=c++17 -O2 -I/tmp/cirrus-ci-build/depends/x86_64-pc-linux-gnu/include -stdlib=libc++ -O2 -w -fPIC -DQT_COMPILER_SUPPORTS_AESNI -DQT_COMPILER_SUPPORTS_AVX -DQT_COMPILER_SUPPORTS_AVX2 -DQT_COMPILER_SUPPORTS_AVX512BW -DQT_COMPILER_SUPPORTS_AVX512CD -DQT_COMPILER_SUPPORTS_AVX512DQ -DQT_COMPILER_SUPPORTS_AVX512ER -DQT_COMPILER_SUPPORTS_AVX512F -DQT_COMPILER_SUPPORTS_AVX512IFMA -DQT_COMPILER_SUPPORTS_AVX512PF -DQT_COMPILER_SUPPORTS_AVX512VBMI -DQT_COMPILER_SUPPORTS_AVX512VL -DQT_COMPILER_SUPPORTS_F16C -DQT_COMPILER_SUPPORTS_RDRND -DQT_COMPILER_SUPPORTS_RDSEED -DQT_COMPILER_SUPPORTS_SHANI -DQT_COMPILER_SUPPORTS_SSE2 -DQT_COMPILER_SUPPORTS_SSE3 -DQT_COMPILER_SUPPORTS_SSE4_1 -DQT_COMPILER_SUPPORTS_SSE4_2 -DQT_COMPILER_SUPPORTS_SSSE3 -I/tmp/cirrus-ci-build/depends/work/build/x86_64-pc-linux-gnu/qt/5.15.3-1045bbbda2a/qtbase/config.tests/x86_simd -I. -I/tmp/cirrus-ci-build/depends/work/build/x86_64-pc-linux-gnu/qt/5.15.3-1045bbbda2a/qtbase/mkspecs/linux-clang-libc++ -o main.o /tmp/cirrus-ci-build/depends/work/build/x86_64-pc-linux-gnu/qt/5.15.3-1045bbbda2a/qtbase/config.tests/x86_simd/main.cpp
> clang++-8 -stdlib=libc++ -L/tmp/cirrus-ci-build/depends/x86_64-pc-linux-gnu/lib -ccc-gcc-name g++ -stdlib=libc++ -o x86_simd main.o      
> make[1]: Leaving directory '/tmp/cirrus-ci-build/depends/work/build/x86_64-pc-linux-gnu/qt/5.15.3-1045bbbda2a/config.tests/x86_simd'
test config.qtbase.tests.x86SimdAlways succeeded
Checking for clock_gettime()... 
Trying source 0 (type inline) of library librt ...
+ cd /tmp/cirrus-ci-build/depends/work/build/x86_64-pc-linux-gnu/qt/5.15.3-1045bbbda2a/config.tests/librt && PKG_CONFIG_SYSROOT_DIR=/ PKG_CONFIG_LIBDIR=/tmp/cirrus-ci-build/depends/x86_64-pc-linux-gnu/lib/pkgconfig /tmp/cirrus-ci-build/depends/work/build/x86_64-pc-linux-gnu/qt/5.15.3-1045bbbda2a/qtbase/bin/qmake "CONFIG -= qt debug_and_release app_bundle lib_bundle" "CONFIG += static warn_off console single_arch" -early "CONFIG += cross_compile" 'QMAKE_USE += librt' 'QMAKE_LIBS_LIBRT = ' /tmp/cirrus-ci-build/depends/work/build/x86_64-pc-linux-gnu/qt/5.15.3-1045bbbda2a/config.tests/librt
+ cd /tmp/cirrus-ci-build/depends/work/build/x86_64-pc-linux-gnu/qt/5.15.3-1045bbbda2a/config.tests/librt && MAKEFLAGS= /usr/bin/make
> make[1]: Entering directory '/tmp/cirrus-ci-build/depends/work/build/x86_64-pc-linux-gnu/qt/5.15.3-1045bbbda2a/config.tests/librt'
> clang++-8 -stdlib=libc++ -c -pipe -pipe -std=c++17 -O2 -I/tmp/cirrus-ci-build/depends/x86_64-pc-linux-gnu/include -stdlib=libc++ -O2 -w -fPIC  -I. -I/tmp/cirrus-ci-build/depends/work/build/x86_64-pc-linux-gnu/qt/5.15.3-1045bbbda2a/qtbase/mkspecs/linux-clang-libc++ -o main.o main.cpp
> clang++-8 -stdlib=libc++ -L/tmp/cirrus-ci-build/depends/x86_64-pc-linux-gnu/lib -ccc-gcc-name g++ -stdlib=libc++ -o librt main.o      
> make[1]: Leaving directory '/tmp/cirrus-ci-build/depends/work/build/x86_64-pc-linux-gnu/qt/5.15.3-1045bbbda2a/config.tests/librt'
 => source accepted.
test config.qtbase_corelib.libraries.librt succeeded
Checking for POSIX monotonic clock... 
+ cd /tmp/cirrus-ci-build/depends/work/build/x86_64-pc-linux-gnu/qt/5.15.3-1045bbbda2a/config.tests/clock-monotonic && PKG_CONFIG_SYSROOT_DIR=/ PKG_CONFIG_LIBDIR=/tmp/cirrus-ci-build/depends/x86_64-pc-linux-gnu/lib/pkgconfig /tmp/cirrus-ci-build/depends/work/build/x86_64-pc-linux-gnu/qt/5.15.3-1045bbbda2a/qtbase/bin/qmake "CONFIG -= qt debug_and_release app_bundle lib_bundle" "CONFIG += static warn_off console single_arch" -early "CONFIG += cross_compile" 'QMAKE_USE += librt' 'QMAKE_LIBS_LIBRT = ' /tmp/cirrus-ci-build/depends/work/build/x86_64-pc-linux-gnu/qt/5.15.3-1045bbbda2a/config.tests/clock-monotonic
+ cd /tmp/cirrus-ci-build/depends/work/build/x86_64-pc-linux-gnu/qt/5.15.3-1045bbbda2a/config.tests/clock-monotonic && MAKEFLAGS= /usr/bin/make
> make[1]: Entering directory '/tmp/cirrus-ci-build/depends/work/build/x86_64-pc-linux-gnu/qt/5.15.3-1045bbbda2a/config.tests/clock-monotonic'
> clang++-8 -stdlib=libc++ -c -pipe -pipe -std=c++17 -O2 -I/tmp/cirrus-ci-build/depends/x86_64-pc-linux-gnu/include -stdlib=libc++ -O2 -w -fPIC  -I. -I/tmp/cirrus-ci-build/depends/work/build/x86_64-pc-linux-gnu/qt/5.15.3-1045bbbda2a/qtbase/mkspecs/linux-clang-libc++ -o main.o main.cpp
> clang++-8 -stdlib=libc++ -L/tmp/cirrus-ci-build/depends/x86_64-pc-linux-gnu/lib -ccc-gcc-name g++ -stdlib=libc++ -o clock-monotonic main.o      
> make[1]: Leaving directory '/tmp/cirrus-ci-build/depends/work/build/x86_64-pc-linux-gnu/qt/5.15.3-1045bbbda2a/config.tests/clock-monotonic'
test config.qtbase_corelib.tests.clock-monotonic succeeded
Checking for C++11 <future>... 
+ cd /tmp/cirrus-ci-build/depends/work/build/x86_64-pc-linux-gnu/qt/5.15.3-1045bbbda2a/config.tests/cxx11_future && PKG_CONFIG_SYSROOT_DIR=/ PKG_CONFIG_LIBDIR=/tmp/cirrus-ci-build/depends/x86_64-pc-linux-gnu/lib/pkgconfig /tmp/cirrus-ci-build/depends/work/build/x86_64-pc-linux-gnu/qt/5.15.3-1045bbbda2a/qtbase/bin/qmake "CONFIG -= qt debug_and_release app_bundle lib_bundle" "CONFIG += static warn_off console single_arch" -early "CONFIG += cross_compile" /tmp/cirrus-ci-build/depends/work/build/x86_64-pc-linux-gnu/qt/5.15.3-1045bbbda2a/config.tests/cxx11_future
+ cd /tmp/cirrus-ci-build/depends/work/build/x86_64-pc-linux-gnu/qt/5.15.3-1045bbbda2a/config.tests/cxx11_future && MAKEFLAGS= /usr/bin/make
> make[1]: Entering directory '/tmp/cirrus-ci-build/depends/work/build/x86_64-pc-linux-gnu/qt/5.15.3-1045bbbda2a/config.tests/cxx11_future'
> clang++-8 -stdlib=libc++ -c -pipe -pipe -std=c++17 -O2 -I/tmp/cirrus-ci-build/depends/x86_64-pc-linux-gnu/include -stdlib=libc++ -O2 -w -fPIC  -I. -I/tmp/cirrus-ci-build/depends/work/build/x86_64-pc-linux-gnu/qt/5.15.3-1045bbbda2a/qtbase/mkspecs/linux-clang-libc++ -o main.o main.cpp
> clang++-8 -stdlib=libc++ -L/tmp/cirrus-ci-build/depends/x86_64-pc-linux-gnu/lib -ccc-gcc-name g++ -stdlib=libc++ -o cxx11_future main.o   -lpthread   
> make[1]: Leaving directory '/tmp/cirrus-ci-build/depends/work/build/x86_64-pc-linux-gnu/qt/5.15.3-1045bbbda2a/config.tests/cxx11_future'
test config.qtbase_corelib.tests.cxx11_future succeeded
Checking for eventfd... 
+ cd /tmp/cirrus-ci-build/depends/work/build/x86_64-pc-linux-gnu/qt/5.15.3-1045bbbda2a/config.tests/eventfd && PKG_CONFIG_SYSROOT_DIR=/ PKG_CONFIG_LIBDIR=/tmp/cirrus-ci-build/depends/x86_64-pc-linux-gnu/lib/pkgconfig /tmp/cirrus-ci-build/depends/work/build/x86_64-pc-linux-gnu/qt/5.15.3-1045bbbda2a/qtbase/bin/qmake "CONFIG -= qt debug_and_release app_bundle lib_bundle" "CONFIG += static warn_off console single_arch" -early "CONFIG += cross_compile" /tmp/cirrus-ci-build/depends/work/build/x86_64-pc-linux-gnu/qt/5.15.3-1045bbbda2a/config.tests/eventfd
+ cd /tmp/cirrus-ci-build/depends/work/build/x86_64-pc-linux-gnu/qt/5.15.3-1045bbbda2a/config.tests/eventfd && MAKEFLAGS= /usr/bin/make
> make[1]: Entering directory '/tmp/cirrus-ci-build/depends/work/build/x86_64-pc-linux-gnu/qt/5.15.3-1045bbbda2a/config.tests/eventfd'
> clang++-8 -stdlib=libc++ -c -pipe -pipe -std=c++17 -O2 -I/tmp/cirrus-ci-build/depends/x86_64-pc-linux-gnu/include -stdlib=libc++ -O2 -w -fPIC  -I. -I/tmp/cirrus-ci-build/depends/work/build/x86_64-pc-linux-gnu/qt/5.15.3-1045bbbda2a/qtbase/mkspecs/linux-clang-libc++ -o main.o main.cpp
> clang++-8 -stdlib=libc++ -L/tmp/cirrus-ci-build/depends/x86_64-pc-linux-gnu/lib -ccc-gcc-name g++ -stdlib=libc++ -o eventfd main.o      
> make[1]: Leaving directory '/tmp/cirrus-ci-build/depends/work/build/x86_64-pc-linux-gnu/qt/5.15.3-1045bbbda2a/config.tests/eventfd'
test config.qtbase_corelib.tests.eventfd succeeded
Checking for futimens()... 
+ cd /tmp/cirrus-ci-build/depends/work/build/x86_64-pc-linux-gnu/qt/5.15.3-1045bbbda2a/config.tests/futimens && PKG_CONFIG_SYSROOT_DIR=/ PKG_CONFIG_LIBDIR=/tmp/cirrus-ci-build/depends/x86_64-pc-linux-gnu/lib/pkgconfig /tmp/cirrus-ci-build/depends/work/build/x86_64-pc-linux-gnu/qt/5.15.3-1045bbbda2a/qtbase/bin/qmake "CONFIG -= qt debug_and_release app_bundle lib_bundle" "CONFIG += static warn_off console single_arch" -early "CONFIG += cross_compile" /tmp/cirrus-ci-build/depends/work/build/x86_64-pc-linux-gnu/qt/5.15.3-1045bbbda2a/config.tests/futimens
+ cd /tmp/cirrus-ci-build/depends/work/build/x86_64-pc-linux-gnu/qt/5.15.3-1045bbbda2a/config.tests/futimens && MAKEFLAGS= /usr/bin/make
> make[1]: Entering directory '/tmp/cirrus-ci-build/depends/work/build/x86_64-pc-linux-gnu/qt/5.15.3-1045bbbda2a/config.tests/futimens'
> clang++-8 -stdlib=libc++ -c -pipe -pipe -std=c++17 -O2 -I/tmp/cirrus-ci-build/depends/x86_64-pc-linux-gnu/include -stdlib=libc++ -O2 -Wall -Wextra -fPIC  -I. -I/tmp/cirrus-ci-build/depends/work/build/x86_64-pc-linux-gnu/qt/5.15.3-1045bbbda2a/qtbase/mkspecs/linux-clang-libc++ -o main.o main.cpp
> clang++-8 -stdlib=libc++ -L/tmp/cirrus-ci-build/depends/x86_64-pc-linux-gnu/lib -ccc-gcc-name g++ -stdlib=libc++ -o futimens main.o      
> make[1]: Leaving directory '/tmp/cirrus-ci-build/depends/work/build/x86_64-pc-linux-gnu/qt/5.15.3-1045bbbda2a/config.tests/futimens'
test config.qtbase_corelib.tests.futimens succeeded
Checking for getauxval()... 
+ cd /tmp/cirrus-ci-build/depends/work/build/x86_64-pc-linux-gnu/qt/5.15.3-1045bbbda2a/config.tests/getauxval && PKG_CONFIG_SYSROOT_DIR=/ PKG_CONFIG_LIBDIR=/tmp/cirrus-ci-build/depends/x86_64-pc-linux-gnu/lib/pkgconfig /tmp/cirrus-ci-build/depends/work/build/x86_64-pc-linux-gnu/qt/5.15.3-1045bbbda2a/qtbase/bin/qmake "CONFIG -= qt debug_and_release app_bundle lib_bundle" "CONFIG += static warn_off console single_arch" -early "CONFIG += cross_compile" /tmp/cirrus-ci-build/depends/work/build/x86_64-pc-linux-gnu/qt/5.15.3-1045bbbda2a/config.tests/getauxval
+ cd /tmp/cirrus-ci-build/depends/work/build/x86_64-pc-linux-gnu/qt/5.15.3-1045bbbda2a/config.tests/getauxval && MAKEFLAGS= /usr/bin/make
> make[1]: Entering directory '/tmp/cirrus-ci-build/depends/work/build/x86_64-pc-linux-gnu/qt/5.15.3-1045bbbda2a/config.tests/getauxval'
> clang++-8 -stdlib=libc++ -c -pipe -pipe -std=c++17 -O2 -I/tmp/cirrus-ci-build/depends/x86_64-pc-linux-gnu/include -stdlib=libc++ -O2 -w -fPIC  -I. -I/tmp/cirrus-ci-build/depends/work/build/x86_64-pc-linux-gnu/qt/5.15.3-1045bbbda2a/qtbase/mkspecs/linux-clang-libc++ -o main.o main.cpp
> clang++-8 -stdlib=libc++ -L/tmp/cirrus-ci-build/depends/x86_64-pc-linux-gnu/lib -ccc-gcc-name g++ -stdlib=libc++ -o getauxval main.o      
> make[1]: Leaving directory '/tmp/cirrus-ci-build/depends/work/build/x86_64-pc-linux-gnu/qt/5.15.3-1045bbbda2a/config.tests/getauxval'
test config.qtbase_corelib.tests.getauxval succeeded
Checking for getentropy()... 
+ cd /tmp/cirrus-ci-build/depends/work/build/x86_64-pc-linux-gnu/qt/5.15.3-1045bbbda2a/config.tests/getentropy && PKG_CONFIG_SYSROOT_DIR=/ PKG_CONFIG_LIBDIR=/tmp/cirrus-ci-build/depends/x86_64-pc-linux-gnu/lib/pkgconfig /tmp/cirrus-ci-build/depends/work/build/x86_64-pc-linux-gnu/qt/5.15.3-1045bbbda2a/qtbase/bin/qmake "CONFIG -= qt debug_and_release app_bundle lib_bundle" "CONFIG += static warn_off console single_arch" -early "CONFIG += cross_compile" /tmp/cirrus-ci-build/depends/work/build/x86_64-pc-linux-gnu/qt/5.15.3-1045bbbda2a/config.tests/getentropy
+ cd /tmp/cirrus-ci-build/depends/work/build/x86_64-pc-linux-gnu/qt/5.15.3-1045bbbda2a/config.tests/getentropy && MAKEFLAGS= /usr/bin/make
> make[1]: Entering directory '/tmp/cirrus-ci-build/depends/work/build/x86_64-pc-linux-gnu/qt/5.15.3-1045bbbda2a/config.tests/getentropy'
> clang++-8 -stdlib=libc++ -c -pipe -pipe -std=c++17 -O2 -I/tmp/cirrus-ci-build/depends/x86_64-pc-linux-gnu/include -stdlib=libc++ -O2 -w -fPIC  -I. -I/tmp/cirrus-ci-build/depends/work/build/x86_64-pc-linux-gnu/qt/5.15.3-1045bbbda2a/qtbase/mkspecs/linux-clang-libc++ -o main.o main.cpp
> clang++-8 -stdlib=libc++ -L/tmp/cirrus-ci-build/depends/x86_64-pc-linux-gnu/lib -ccc-gcc-name g++ -stdlib=libc++ -o getentropy main.o      
> make[1]: Leaving directory '/tmp/cirrus-ci-build/depends/work/build/x86_64-pc-linux-gnu/qt/5.15.3-1045bbbda2a/config.tests/getentropy'
test config.qtbase_corelib.tests.getentropy succeeded
Checking for GNU libc... 
+ cd /tmp/cirrus-ci-build/depends/work/build/x86_64-pc-linux-gnu/qt/5.15.3-1045bbbda2a/config.tests/glibc && PKG_CONFIG_SYSROOT_DIR=/ PKG_CONFIG_LIBDIR=/tmp/cirrus-ci-build/depends/x86_64-pc-linux-gnu/lib/pkgconfig /tmp/cirrus-ci-build/depends/work/build/x86_64-pc-linux-gnu/qt/5.15.3-1045bbbda2a/qtbase/bin/qmake "CONFIG -= qt debug_and_release app_bundle lib_bundle" "CONFIG += static warn_off console single_arch" -early "CONFIG += cross_compile" /tmp/cirrus-ci-build/depends/work/build/x86_64-pc-linux-gnu/qt/5.15.3-1045bbbda2a/config.tests/glibc
+ cd /tmp/cirrus-ci-build/depends/work/build/x86_64-pc-linux-gnu/qt/5.15.3-1045bbbda2a/config.tests/glibc && MAKEFLAGS= /usr/bin/make
> make[1]: Entering directory '/tmp/cirrus-ci-build/depends/work/build/x86_64-pc-linux-gnu/qt/5.15.3-1045bbbda2a/config.tests/glibc'
> clang++-8 -stdlib=libc++ -c -pipe -pipe -std=c++17 -O2 -I/tmp/cirrus-ci-build/depends/x86_64-pc-linux-gnu/include -stdlib=libc++ -O2 -w -fPIC  -I. -I/tmp/cirrus-ci-build/depends/work/build/x86_64-pc-linux-gnu/qt/5.15.3-1045bbbda2a/qtbase/mkspecs/linux-clang-libc++ -o main.o main.cpp
> clang++-8 -stdlib=libc++ -L/tmp/cirrus-ci-build/depends/x86_64-pc-linux-gnu/lib -ccc-gcc-name g++ -stdlib=libc++ -o glibc main.o      
> make[1]: Leaving directory '/tmp/cirrus-ci-build/depends/work/build/x86_64-pc-linux-gnu/qt/5.15.3-1045bbbda2a/config.tests/glibc'
test config.qtbase_corelib.tests.glibc succeeded
Checking for inotify... 
+ cd /tmp/cirrus-ci-build/depends/work/build/x86_64-pc-linux-gnu/qt/5.15.3-1045bbbda2a/config.tests/inotify && PKG_CONFIG_SYSROOT_DIR=/ PKG_CONFIG_LIBDIR=/tmp/cirrus-ci-build/depends/x86_64-pc-linux-gnu/lib/pkgconfig /tmp/cirrus-ci-build/depends/work/build/x86_64-pc-linux-gnu/qt/5.15.3-1045bbbda2a/qtbase/bin/qmake "CONFIG -= qt debug_and_release app_bundle lib_bundle" "CONFIG += static warn_off console single_arch" -early "CONFIG += cross_compile" /tmp/cirrus-ci-build/depends/work/build/x86_64-pc-linux-gnu/qt/5.15.3-1045bbbda2a/config.tests/inotify
+ cd /tmp/cirrus-ci-build/depends/work/build/x86_64-pc-linux-gnu/qt/5.15.3-1045bbbda2a/config.tests/inotify && MAKEFLAGS= /usr/bin/make
> make[1]: Entering directory '/tmp/cirrus-ci-build/depends/work/build/x86_64-pc-linux-gnu/qt/5.15.3-1045bbbda2a/config.tests/inotify'
> clang++-8 -stdlib=libc++ -c -pipe -pipe -std=c++17 -O2 -I/tmp/cirrus-ci-build/depends/x86_64-pc-linux-gnu/include -stdlib=libc++ -O2 -w -fPIC  -I. -I/tmp/cirrus-ci-build/depends/work/build/x86_64-pc-linux-gnu/qt/5.15.3-1045bbbda2a/qtbase/mkspecs/linux-clang-libc++ -o main.o main.cpp
> clang++-8 -stdlib=libc++ -L/tmp/cirrus-ci-build/depends/x86_64-pc-linux-gnu/lib -ccc-gcc-name g++ -stdlib=libc++ -o inotify main.o      
> make[1]: Leaving directory '/tmp/cirrus-ci-build/depends/work/build/x86_64-pc-linux-gnu/qt/5.15.3-1045bbbda2a/config.tests/inotify'
test config.qtbase_corelib.tests.inotify succeeded
Checking for SysV IPC... 
+ cd /tmp/cirrus-ci-build/depends/work/build/x86_64-pc-linux-gnu/qt/5.15.3-1045bbbda2a/config.tests/ipc_sysv && PKG_CONFIG_SYSROOT_DIR=/ PKG_CONFIG_LIBDIR=/tmp/cirrus-ci-build/depends/x86_64-pc-linux-gnu/lib/pkgconfig /tmp/cirrus-ci-build/depends/work/build/x86_64-pc-linux-gnu/qt/5.15.3-1045bbbda2a/qtbase/bin/qmake "CONFIG -= qt debug_and_release app_bundle lib_bundle" "CONFIG += static warn_off console single_arch" -early "CONFIG += cross_compile" /tmp/cirrus-ci-build/depends/work/build/x86_64-pc-linux-gnu/qt/5.15.3-1045bbbda2a/config.tests/ipc_sysv
+ cd /tmp/cirrus-ci-build/depends/work/build/x86_64-pc-linux-gnu/qt/5.15.3-1045bbbda2a/config.tests/ipc_sysv && MAKEFLAGS= /usr/bin/make
> make[1]: Entering directory '/tmp/cirrus-ci-build/depends/work/build/x86_64-pc-linux-gnu/qt/5.15.3-1045bbbda2a/config.tests/ipc_sysv'
> clang++-8 -stdlib=libc++ -c -pipe -pipe -std=c++17 -O2 -I/tmp/cirrus-ci-build/depends/x86_64-pc-linux-gnu/include -stdlib=libc++ -O2 -w -fPIC  -I. -I/tmp/cirrus-ci-build/depends/work/build/x86_64-pc-linux-gnu/qt/5.15.3-1045bbbda2a/qtbase/mkspecs/linux-clang-libc++ -o main.o main.cpp
> clang++-8 -stdlib=libc++ -L/tmp/cirrus-ci-build/depends/x86_64-pc-linux-gnu/lib -ccc-gcc-name g++ -stdlib=libc++ -o ipc_sysv main.o      
> make[1]: Leaving directory '/tmp/cirrus-ci-build/depends/work/build/x86_64-pc-linux-gnu/qt/5.15.3-1045bbbda2a/config.tests/ipc_sysv'
test config.qtbase_corelib.tests.ipc_sysv succeeded
Checking for linkat()... 
+ cd /tmp/cirrus-ci-build/depends/work/build/x86_64-pc-linux-gnu/qt/5.15.3-1045bbbda2a/config.tests/linkat && PKG_CONFIG_SYSROOT_DIR=/ PKG_CONFIG_LIBDIR=/tmp/cirrus-ci-build/depends/x86_64-pc-linux-gnu/lib/pkgconfig /tmp/cirrus-ci-build/depends/work/build/x86_64-pc-linux-gnu/qt/5.15.3-1045bbbda2a/qtbase/bin/qmake "CONFIG -= qt debug_and_release app_bundle lib_bundle" "CONFIG += static warn_off console single_arch" -early "CONFIG += cross_compile" /tmp/cirrus-ci-build/depends/work/build/x86_64-pc-linux-gnu/qt/5.15.3-1045bbbda2a/config.tests/linkat
+ cd /tmp/cirrus-ci-build/depends/work/build/x86_64-pc-linux-gnu/qt/5.15.3-1045bbbda2a/config.tests/linkat && MAKEFLAGS= /usr/bin/make
> make[1]: Entering directory '/tmp/cirrus-ci-build/depends/work/build/x86_64-pc-linux-gnu/qt/5.15.3-1045bbbda2a/config.tests/linkat'
> clang++-8 -stdlib=libc++ -c -pipe -pipe -std=c++17 -O2 -I/tmp/cirrus-ci-build/depends/x86_64-pc-linux-gnu/include -stdlib=libc++ -O2 -w -fPIC  -I. -I/tmp/cirrus-ci-build/depends/work/build/x86_64-pc-linux-gnu/qt/5.15.3-1045bbbda2a/qtbase/mkspecs/linux-clang-libc++ -o main.o main.cpp
> clang++-8 -stdlib=libc++ -L/tmp/cirrus-ci-build/depends/x86_64-pc-linux-gnu/lib -ccc-gcc-name g++ -stdlib=libc++ -o linkat main.o      
> make[1]: Leaving directory '/tmp/cirrus-ci-build/depends/work/build/x86_64-pc-linux-gnu/qt/5.15.3-1045bbbda2a/config.tests/linkat'
test config.qtbase_corelib.tests.linkat succeeded
Checking for ppoll()... 
+ cd /tmp/cirrus-ci-build/depends/work/build/x86_64-pc-linux-gnu/qt/5.15.3-1045bbbda2a/config.tests/ppoll && PKG_CONFIG_SYSROOT_DIR=/ PKG_CONFIG_LIBDIR=/tmp/cirrus-ci-build/depends/x86_64-pc-linux-gnu/lib/pkgconfig /tmp/cirrus-ci-build/depends/work/build/x86_64-pc-linux-gnu/qt/5.15.3-1045bbbda2a/qtbase/bin/qmake "CONFIG -= qt debug_and_release app_bundle lib_bundle" "CONFIG += static warn_off console single_arch" -early "CONFIG += cross_compile" /tmp/cirrus-ci-build/depends/work/build/x86_64-pc-linux-gnu/qt/5.15.3-1045bbbda2a/config.tests/ppoll
+ cd /tmp/cirrus-ci-build/depends/work/build/x86_64-pc-linux-gnu/qt/5.15.3-1045bbbda2a/config.tests/ppoll && MAKEFLAGS= /usr/bin/make
> make[1]: Entering directory '/tmp/cirrus-ci-build/depends/work/build/x86_64-pc-linux-gnu/qt/5.15.3-1045bbbda2a/config.tests/ppoll'
> clang++-8 -stdlib=libc++ -c -pipe -pipe -std=c++17 -O2 -I/tmp/cirrus-ci-build/depends/x86_64-pc-linux-gnu/include -stdlib=libc++ -O2 -w -fPIC  -I. -I/tmp/cirrus-ci-build/depends/work/build/x86_64-pc-linux-gnu/qt/5.15.3-1045bbbda2a/qtbase/mkspecs/linux-clang-libc++ -o main.o main.cpp
> clang++-8 -stdlib=libc++ -L/tmp/cirrus-ci-build/depends/x86_64-pc-linux-gnu/lib -ccc-gcc-name g++ -stdlib=libc++ -o ppoll main.o      
> make[1]: Leaving directory '/tmp/cirrus-ci-build/depends/work/build/x86_64-pc-linux-gnu/qt/5.15.3-1045bbbda2a/config.tests/ppoll'
test config.qtbase_corelib.tests.ppoll succeeded
Checking for renameat2()... 
+ cd /tmp/cirrus-ci-build/depends/work/build/x86_64-pc-linux-gnu/qt/5.15.3-1045bbbda2a/config.tests/renameat2 && PKG_CONFIG_SYSROOT_DIR=/ PKG_CONFIG_LIBDIR=/tmp/cirrus-ci-build/depends/x86_64-pc-linux-gnu/lib/pkgconfig /tmp/cirrus-ci-build/depends/work/build/x86_64-pc-linux-gnu/qt/5.15.3-1045bbbda2a/qtbase/bin/qmake "CONFIG -= qt debug_and_release app_bundle lib_bundle" "CONFIG += static warn_off console single_arch" -early "CONFIG += cross_compile" /tmp/cirrus-ci-build/depends/work/build/x86_64-pc-linux-gnu/qt/5.15.3-1045bbbda2a/config.tests/renameat2
+ cd /tmp/cirrus-ci-build/depends/work/build/x86_64-pc-linux-gnu/qt/5.15.3-1045bbbda2a/config.tests/renameat2 && MAKEFLAGS= /usr/bin/make
> make[1]: Entering directory '/tmp/cirrus-ci-build/depends/work/build/x86_64-pc-linux-gnu/qt/5.15.3-1045bbbda2a/config.tests/renameat2'
> clang++-8 -stdlib=libc++ -c -pipe -pipe -std=c++17 -O2 -I/tmp/cirrus-ci-build/depends/x86_64-pc-linux-gnu/include -stdlib=libc++ -O2 -w -fPIC  -I. -I/tmp/cirrus-ci-build/depends/work/build/x86_64-pc-linux-gnu/qt/5.15.3-1045bbbda2a/qtbase/mkspecs/linux-clang-libc++ -o main.o main.cpp
> main.cpp:9:53: error: use of undeclared identifier 'RENAME_NOREPLACE'
>     renameat2(AT_FDCWD, argv[1], AT_FDCWD, argv[2], RENAME_NOREPLACE | RENAME_WHITEOUT);
>                                                     ^
> main.cpp:9:72: error: use of undeclared identifier 'RENAME_WHITEOUT'
>     renameat2(AT_FDCWD, argv[1], AT_FDCWD, argv[2], RENAME_NOREPLACE | RENAME_WHITEOUT);
>                                                                        ^
> 2 errors generated.
> Makefile:169: recipe for target 'main.o' failed
> make[1]: *** [main.o] Error 1
> make[1]: Leaving directory '/tmp/cirrus-ci-build/depends/work/build/x86_64-pc-linux-gnu/qt/5.15.3-1045bbbda2a/config.tests/renameat2'
test config.qtbase_corelib.tests.renameat2 FAILED
Checking for slog2... 
Trying source 0 (type inline) of library slog2 ...
sys/slog2.h not found in [] and global paths.
  => source produced no result.
test config.qtbase_corelib.libraries.slog2 FAILED
Checking for statx() in libc... 
+ cd /tmp/cirrus-ci-build/depends/work/build/x86_64-pc-linux-gnu/qt/5.15.3-1045bbbda2a/config.tests/statx && PKG_CONFIG_SYSROOT_DIR=/ PKG_CONFIG_LIBDIR=/tmp/cirrus-ci-build/depends/x86_64-pc-linux-gnu/lib/pkgconfig /tmp/cirrus-ci-build/depends/work/build/x86_64-pc-linux-gnu/qt/5.15.3-1045bbbda2a/qtbase/bin/qmake "CONFIG -= qt debug_and_release app_bundle lib_bundle" "CONFIG += static warn_off console single_arch" -early "CONFIG += cross_compile" /tmp/cirrus-ci-build/depends/work/build/x86_64-pc-linux-gnu/qt/5.15.3-1045bbbda2a/config.tests/statx
+ cd /tmp/cirrus-ci-build/depends/work/build/x86_64-pc-linux-gnu/qt/5.15.3-1045bbbda2a/config.tests/statx && MAKEFLAGS= /usr/bin/make
> make[1]: Entering directory '/tmp/cirrus-ci-build/depends/work/build/x86_64-pc-linux-gnu/qt/5.15.3-1045bbbda2a/config.tests/statx'
> clang++-8 -stdlib=libc++ -c -pipe -pipe -std=c++17 -O2 -I/tmp/cirrus-ci-build/depends/x86_64-pc-linux-gnu/include -stdlib=libc++ -O2 -w -fPIC  -I. -I/tmp/cirrus-ci-build/depends/work/build/x86_64-pc-linux-gnu/qt/5.15.3-1045bbbda2a/qtbase/mkspecs/linux-clang-libc++ -o main.o main.cpp
> main.cpp:11:18: error: variable has incomplete type 'struct statx'
>     struct statx statxbuf;
>                  ^
> main.cpp:11:12: note: forward declaration of 'statx'
>     struct statx statxbuf;
>            ^
> main.cpp:12:25: error: use of undeclared identifier 'STATX_BASIC_STATS'
>     unsigned int mask = STATX_BASIC_STATS;
>                         ^
> main.cpp:13:32: error: use of undeclared identifier 'AT_STATX_SYNC_AS_STAT'
>     return statx(AT_FDCWD, "", AT_STATX_SYNC_AS_STAT, mask, &statxbuf);
>                                ^
> 3 errors generated.
> Makefile:169: recipe for target 'main.o' failed
> make[1]: *** [main.o] Error 1
> make[1]: Leaving directory '/tmp/cirrus-ci-build/depends/work/build/x86_64-pc-linux-gnu/qt/5.15.3-1045bbbda2a/config.tests/statx'
test config.qtbase_corelib.tests.statx FAILED
Checking for 64 bit atomics... 
Trying source 0 (type inline) of library libatomic ...
+ cd /tmp/cirrus-ci-build/depends/work/build/x86_64-pc-linux-gnu/qt/5.15.3-1045bbbda2a/config.tests/libatomic && PKG_CONFIG_SYSROOT_DIR=/ PKG_CONFIG_LIBDIR=/tmp/cirrus-ci-build/depends/x86_64-pc-linux-gnu/lib/pkgconfig /tmp/cirrus-ci-build/depends/work/build/x86_64-pc-linux-gnu/qt/5.15.3-1045bbbda2a/qtbase/bin/qmake "CONFIG -= qt debug_and_release app_bundle lib_bundle" "CONFIG += static warn_off console single_arch" -early "CONFIG += cross_compile" 'QMAKE_USE += libatomic' 'QMAKE_LIBS_LIBATOMIC = ' /tmp/cirrus-ci-build/depends/work/build/x86_64-pc-linux-gnu/qt/5.15.3-1045bbbda2a/config.tests/libatomic
+ cd /tmp/cirrus-ci-build/depends/work/build/x86_64-pc-linux-gnu/qt/5.15.3-1045bbbda2a/config.tests/libatomic && MAKEFLAGS= /usr/bin/make
> make[1]: Entering directory '/tmp/cirrus-ci-build/depends/work/build/x86_64-pc-linux-gnu/qt/5.15.3-1045bbbda2a/config.tests/libatomic'
> clang++-8 -stdlib=libc++ -c -pipe -pipe -std=c++17 -O2 -I/tmp/cirrus-ci-build/depends/x86_64-pc-linux-gnu/include -stdlib=libc++ -O2 -std=gnu++11 -w -fPIC  -I. -I/tmp/cirrus-ci-build/depends/work/build/x86_64-pc-linux-gnu/qt/5.15.3-1045bbbda2a/qtbase/mkspecs/linux-clang-libc++ -o main.o main.cpp
> clang++-8 -stdlib=libc++ -L/tmp/cirrus-ci-build/depends/x86_64-pc-linux-gnu/lib -ccc-gcc-name g++ -stdlib=libc++ -o libatomic main.o      
> make[1]: Leaving directory '/tmp/cirrus-ci-build/depends/work/build/x86_64-pc-linux-gnu/qt/5.15.3-1045bbbda2a/config.tests/libatomic'
 => source accepted.
test config.qtbase_corelib.libraries.libatomic succeeded
Checking for DoubleConversion... 
Trying source 0 (type inline) of library doubleconversion ...
double-conversion/double-conversion.h not found in [] and global paths.
  => source produced no result.
test config.qtbase_corelib.libraries.doubleconversion FAILED
Checking for O_CLOEXEC... 
+ cd /tmp/cirrus-ci-build/depends/work/build/x86_64-pc-linux-gnu/qt/5.15.3-1045bbbda2a/config.tests/cloexec && PKG_CONFIG_SYSROOT_DIR=/ PKG_CONFIG_LIBDIR=/tmp/cirrus-ci-build/depends/x86_64-pc-linux-gnu/lib/pkgconfig /tmp/cirrus-ci-build/depends/work/build/x86_64-pc-linux-gnu/qt/5.15.3-1045bbbda2a/qtbase/bin/qmake "CONFIG -= qt debug_and_release app_bundle lib_bundle" "CONFIG += static warn_off console single_arch" -early "CONFIG += cross_compile" /tmp/cirrus-ci-build/depends/work/build/x86_64-pc-linux-gnu/qt/5.15.3-1045bbbda2a/config.tests/cloexec
+ cd /tmp/cirrus-ci-build/depends/work/build/x86_64-pc-linux-gnu/qt/5.15.3-1045bbbda2a/config.tests/cloexec && MAKEFLAGS= /usr/bin/make
> make[1]: Entering directory '/tmp/cirrus-ci-build/depends/work/build/x86_64-pc-linux-gnu/qt/5.15.3-1045bbbda2a/config.tests/cloexec'
> clang++-8 -stdlib=libc++ -c -pipe -pipe -std=c++17 -O2 -I/tmp/cirrus-ci-build/depends/x86_64-pc-linux-gnu/include -stdlib=libc++ -O2 -w -fPIC  -I. -I/tmp/cirrus-ci-build/depends/work/build/x86_64-pc-linux-gnu/qt/5.15.3-1045bbbda2a/qtbase/mkspecs/linux-clang-libc++ -o main.o main.cpp
> clang++-8 -stdlib=libc++ -L/tmp/cirrus-ci-build/depends/x86_64-pc-linux-gnu/lib -ccc-gcc-name g++ -stdlib=libc++ -o cloexec main.o      
> make[1]: Leaving directory '/tmp/cirrus-ci-build/depends/work/build/x86_64-pc-linux-gnu/qt/5.15.3-1045bbbda2a/config.tests/cloexec'
test config.qtbase_corelib.tests.cloexec succeeded
Checking for C++11 <random>... 
+ cd /tmp/cirrus-ci-build/depends/work/build/x86_64-pc-linux-gnu/qt/5.15.3-1045bbbda2a/config.tests/cxx11_random && PKG_CONFIG_SYSROOT_DIR=/ PKG_CONFIG_LIBDIR=/tmp/cirrus-ci-build/depends/x86_64-pc-linux-gnu/lib/pkgconfig /tmp/cirrus-ci-build/depends/work/build/x86_64-pc-linux-gnu/qt/5.15.3-1045bbbda2a/qtbase/bin/qmake "CONFIG -= qt debug_and_release app_bundle lib_bundle" "CONFIG += static warn_off console single_arch" -early "CONFIG += cross_compile" /tmp/cirrus-ci-build/depends/work/build/x86_64-pc-linux-gnu/qt/5.15.3-1045bbbda2a/config.tests/cxx11_random
+ cd /tmp/cirrus-ci-build/depends/work/build/x86_64-pc-linux-gnu/qt/5.15.3-1045bbbda2a/config.tests/cxx11_random && MAKEFLAGS= /usr/bin/make
> make[1]: Entering directory '/tmp/cirrus-ci-build/depends/work/build/x86_64-pc-linux-gnu/qt/5.15.3-1045bbbda2a/config.tests/cxx11_random'
> clang++-8 -stdlib=libc++ -c -pipe -pipe -std=c++17 -O2 -I/tmp/cirrus-ci-build/depends/x86_64-pc-linux-gnu/include -stdlib=libc++ -O2 -w -fPIC  -I. -I/tmp/cirrus-ci-build/depends/work/build/x86_64-pc-linux-gnu/qt/5.15.3-1045bbbda2a/qtbase/mkspecs/linux-clang-libc++ -o main.o main.cpp
> clang++-8 -stdlib=libc++ -L/tmp/cirrus-ci-build/depends/x86_64-pc-linux-gnu/lib -ccc-gcc-name g++ -stdlib=libc++ -o cxx11_random main.o      
> make[1]: Leaving directory '/tmp/cirrus-ci-build/depends/work/build/x86_64-pc-linux-gnu/qt/5.15.3-1045bbbda2a/config.tests/cxx11_random'
test config.qtbase_corelib.tests.cxx11_random succeeded
Checking for working std::atomic for function pointers... 
+ cd /tmp/cirrus-ci-build/depends/work/build/x86_64-pc-linux-gnu/qt/5.15.3-1045bbbda2a/config.tests/atomicfptr && PKG_CONFIG_SYSROOT_DIR=/ PKG_CONFIG_LIBDIR=/tmp/cirrus-ci-build/depends/x86_64-pc-linux-gnu/lib/pkgconfig /tmp/cirrus-ci-build/depends/work/build/x86_64-pc-linux-gnu/qt/5.15.3-1045bbbda2a/qtbase/bin/qmake "CONFIG -= qt debug_and_release app_bundle lib_bundle" "CONFIG += static warn_off console single_arch" -early "CONFIG += cross_compile" /tmp/cirrus-ci-build/depends/work/build/x86_64-pc-linux-gnu/qt/5.15.3-1045bbbda2a/config.tests/atomicfptr
+ cd /tmp/cirrus-ci-build/depends/work/build/x86_64-pc-linux-gnu/qt/5.15.3-1045bbbda2a/config.tests/atomicfptr && MAKEFLAGS= /usr/bin/make
> make[1]: Entering directory '/tmp/cirrus-ci-build/depends/work/build/x86_64-pc-linux-gnu/qt/5.15.3-1045bbbda2a/config.tests/atomicfptr'
> clang++-8 -stdlib=libc++ -c -pipe -pipe -std=c++17 -O2 -I/tmp/cirrus-ci-build/depends/x86_64-pc-linux-gnu/include -stdlib=libc++ -O2 -std=gnu++11 -w -fPIC  -I. -I/tmp/cirrus-ci-build/depends/work/build/x86_64-pc-linux-gnu/qt/5.15.3-1045bbbda2a/qtbase/mkspecs/linux-clang-libc++ -o main.o main.cpp
> clang++-8 -stdlib=libc++ -L/tmp/cirrus-ci-build/depends/x86_64-pc-linux-gnu/lib -ccc-gcc-name g++ -stdlib=libc++ -o atomicfptr main.o      
> make[1]: Leaving directory '/tmp/cirrus-ci-build/depends/work/build/x86_64-pc-linux-gnu/qt/5.15.3-1045bbbda2a/config.tests/atomicfptr'
test config.qtbase_corelib.tests.atomicfptr succeeded
Trying source 0 (type makeSpec) of library network ...
 => source accepted.
Checking for getifaddrs()... 
+ cd /tmp/cirrus-ci-build/depends/work/build/x86_64-pc-linux-gnu/qt/5.15.3-1045bbbda2a/config.tests/getifaddrs && PKG_CONFIG_SYSROOT_DIR=/ PKG_CONFIG_LIBDIR=/tmp/cirrus-ci-build/depends/x86_64-pc-linux-gnu/lib/pkgconfig /tmp/cirrus-ci-build/depends/work/build/x86_64-pc-linux-gnu/qt/5.15.3-1045bbbda2a/qtbase/bin/qmake "CONFIG -= qt debug_and_release app_bundle lib_bundle" "CONFIG += static warn_off console single_arch" -early "CONFIG += cross_compile" 'QMAKE_USE += network' 'QMAKE_LIBS_NETWORK = ' /tmp/cirrus-ci-build/depends/work/build/x86_64-pc-linux-gnu/qt/5.15.3-1045bbbda2a/config.tests/getifaddrs
+ cd /tmp/cirrus-ci-build/depends/work/build/x86_64-pc-linux-gnu/qt/5.15.3-1045bbbda2a/config.tests/getifaddrs && MAKEFLAGS= /usr/bin/make
> make[1]: Entering directory '/tmp/cirrus-ci-build/depends/work/build/x86_64-pc-linux-gnu/qt/5.15.3-1045bbbda2a/config.tests/getifaddrs'
> clang++-8 -stdlib=libc++ -c -pipe -pipe -std=c++17 -O2 -I/tmp/cirrus-ci-build/depends/x86_64-pc-linux-gnu/include -stdlib=libc++ -O2 -w -fPIC  -I. -I/tmp/cirrus-ci-build/depends/work/build/x86_64-pc-linux-gnu/qt/5.15.3-1045bbbda2a/qtbase/mkspecs/linux-clang-libc++ -o main.o main.cpp
> clang++-8 -stdlib=libc++ -L/tmp/cirrus-ci-build/depends/x86_64-pc-linux-gnu/lib -ccc-gcc-name g++ -stdlib=libc++ -o getifaddrs main.o      
> make[1]: Leaving directory '/tmp/cirrus-ci-build/depends/work/build/x86_64-pc-linux-gnu/qt/5.15.3-1045bbbda2a/config.tests/getifaddrs'
test config.qtbase_network.tests.getifaddrs succeeded
Checking for KRB5 GSSAPI Support... 
Trying source 0 (type inline) of library gssapi ...
  => source failed condition 'config.darwin'.
Trying source 1 (type pkgConfig) of library gssapi ...
+ PKG_CONFIG_SYSROOT_DIR=/ PKG_CONFIG_LIBDIR=/tmp/cirrus-ci-build/depends/x86_64-pc-linux-gnu/lib/pkgconfig /usr/bin/pkg-config --exists --silence-errors krb5-gssapi
pkg-config did not find package.
  => source produced no result.
Trying source 2 (type inline) of library gssapi ...
+ cd /tmp/cirrus-ci-build/depends/work/build/x86_64-pc-linux-gnu/qt/5.15.3-1045bbbda2a/config.tests/gssapi && PKG_CONFIG_SYSROOT_DIR=/ PKG_CONFIG_LIBDIR=/tmp/cirrus-ci-build/depends/x86_64-pc-linux-gnu/lib/pkgconfig /tmp/cirrus-ci-build/depends/work/build/x86_64-pc-linux-gnu/qt/5.15.3-1045bbbda2a/qtbase/bin/qmake "CONFIG -= qt debug_and_release app_bundle lib_bundle" "CONFIG += static warn_off console single_arch" -early "CONFIG += cross_compile" 'QMAKE_USE += gssapi' 'QMAKE_LIBS_GSSAPI = -lgssapi_krb5' /tmp/cirrus-ci-build/depends/work/build/x86_64-pc-linux-gnu/qt/5.15.3-1045bbbda2a/config.tests/gssapi
+ cd /tmp/cirrus-ci-build/depends/work/build/x86_64-pc-linux-gnu/qt/5.15.3-1045bbbda2a/config.tests/gssapi && MAKEFLAGS= /usr/bin/make
> make[1]: Entering directory '/tmp/cirrus-ci-build/depends/work/build/x86_64-pc-linux-gnu/qt/5.15.3-1045bbbda2a/config.tests/gssapi'
> clang++-8 -stdlib=libc++ -c -pipe -pipe -std=c++17 -O2 -I/tmp/cirrus-ci-build/depends/x86_64-pc-linux-gnu/include -stdlib=libc++ -O2 -w -fPIC  -I. -I/tmp/cirrus-ci-build/depends/work/build/x86_64-pc-linux-gnu/qt/5.15.3-1045bbbda2a/qtbase/mkspecs/linux-clang-libc++ -o main.o main.cpp
> main.cpp:8:12: fatal error: 'gssapi/gssapi.h' file not found
> #  include <gssapi/gssapi.h>
>            ^~~~~~~~~~~~~~~~~
> 1 error generated.
> Makefile:169: recipe for target 'main.o' failed
> make[1]: *** [main.o] Error 1
> make[1]: Leaving directory '/tmp/cirrus-ci-build/depends/work/build/x86_64-pc-linux-gnu/qt/5.15.3-1045bbbda2a/config.tests/gssapi'
 => source failed verification.
test config.qtbase_network.libraries.gssapi FAILED
Checking for IPv6 ifname... 
+ cd /tmp/cirrus-ci-build/depends/work/build/x86_64-pc-linux-gnu/qt/5.15.3-1045bbbda2a/config.tests/ipv6ifname && PKG_CONFIG_SYSROOT_DIR=/ PKG_CONFIG_LIBDIR=/tmp/cirrus-ci-build/depends/x86_64-pc-linux-gnu/lib/pkgconfig /tmp/cirrus-ci-build/depends/work/build/x86_64-pc-linux-gnu/qt/5.15.3-1045bbbda2a/qtbase/bin/qmake "CONFIG -= qt debug_and_release app_bundle lib_bundle" "CONFIG += static warn_off console single_arch" -early "CONFIG += cross_compile" 'QMAKE_USE += network' 'QMAKE_LIBS_NETWORK = ' /tmp/cirrus-ci-build/depends/work/build/x86_64-pc-linux-gnu/qt/5.15.3-1045bbbda2a/config.tests/ipv6ifname
+ cd /tmp/cirrus-ci-build/depends/work/build/x86_64-pc-linux-gnu/qt/5.15.3-1045bbbda2a/config.tests/ipv6ifname && MAKEFLAGS= /usr/bin/make
> make[1]: Entering directory '/tmp/cirrus-ci-build/depends/work/build/x86_64-pc-linux-gnu/qt/5.15.3-1045bbbda2a/config.tests/ipv6ifname'
> clang++-8 -stdlib=libc++ -c -pipe -pipe -std=c++17 -O2 -I/tmp/cirrus-ci-build/depends/x86_64-pc-linux-gnu/include -stdlib=libc++ -O2 -w -fPIC  -I. -I/tmp/cirrus-ci-build/depends/work/build/x86_64-pc-linux-gnu/qt/5.15.3-1045bbbda2a/qtbase/mkspecs/linux-clang-libc++ -o main.o main.cpp
> clang++-8 -stdlib=libc++ -L/tmp/cirrus-ci-build/depends/x86_64-pc-linux-gnu/lib -ccc-gcc-name g++ -stdlib=libc++ -o ipv6ifname main.o      
> make[1]: Leaving directory '/tmp/cirrus-ci-build/depends/work/build/x86_64-pc-linux-gnu/qt/5.15.3-1045bbbda2a/config.tests/ipv6ifname'
test config.qtbase_network.tests.ipv6ifname succeeded
Checking for Linux AF_NETLINK sockets... 
+ cd /tmp/cirrus-ci-build/depends/work/build/x86_64-pc-linux-gnu/qt/5.15.3-1045bbbda2a/config.tests/linux-netlink && PKG_CONFIG_SYSROOT_DIR=/ PKG_CONFIG_LIBDIR=/tmp/cirrus-ci-build/depends/x86_64-pc-linux-gnu/lib/pkgconfig /tmp/cirrus-ci-build/depends/work/build/x86_64-pc-linux-gnu/qt/5.15.3-1045bbbda2a/qtbase/bin/qmake "CONFIG -= qt debug_and_release app_bundle lib_bundle" "CONFIG += static warn_off console single_arch" -early "CONFIG += cross_compile" /tmp/cirrus-ci-build/depends/work/build/x86_64-pc-linux-gnu/qt/5.15.3-1045bbbda2a/config.tests/linux-netlink
+ cd /tmp/cirrus-ci-build/depends/work/build/x86_64-pc-linux-gnu/qt/5.15.3-1045bbbda2a/config.tests/linux-netlink && MAKEFLAGS= /usr/bin/make
> make[1]: Entering directory '/tmp/cirrus-ci-build/depends/work/build/x86_64-pc-linux-gnu/qt/5.15.3-1045bbbda2a/config.tests/linux-netlink'
> clang++-8 -stdlib=libc++ -c -pipe -pipe -std=c++17 -O2 -I/tmp/cirrus-ci-build/depends/x86_64-pc-linux-gnu/include -stdlib=libc++ -O2 -w -fPIC  -I. -I/tmp/cirrus-ci-build/depends/work/build/x86_64-pc-linux-gnu/qt/5.15.3-1045bbbda2a/qtbase/mkspecs/linux-clang-libc++ -o main.o main.cpp
> clang++-8 -stdlib=libc++ -L/tmp/cirrus-ci-build/depends/x86_64-pc-linux-gnu/lib -ccc-gcc-name g++ -stdlib=libc++ -o linux-netlink main.o      
> make[1]: Leaving directory '/tmp/cirrus-ci-build/depends/work/build/x86_64-pc-linux-gnu/qt/5.15.3-1045bbbda2a/config.tests/linux-netlink'
test config.qtbase_network.tests.linux-netlink succeeded
Checking for XCB >= 1.11... 
Trying source 0 (type pkgConfig) of library xcb ...
+ PKG_CONFIG_SYSROOT_DIR=/ PKG_CONFIG_LIBDIR=/tmp/cirrus-ci-build/depends/x86_64-pc-linux-gnu/lib/pkgconfig /usr/bin/pkg-config --exists --silence-errors xcb '>=' 1.11
+ PKG_CONFIG_SYSROOT_DIR=/ PKG_CONFIG_LIBDIR=/tmp/cirrus-ci-build/depends/x86_64-pc-linux-gnu/lib/pkgconfig /usr/bin/pkg-config --modversion xcb '>=' 1.11
> 1.14
+ PKG_CONFIG_SYSROOT_DIR=/ PKG_CONFIG_LIBDIR=/tmp/cirrus-ci-build/depends/x86_64-pc-linux-gnu/lib/pkgconfig /usr/bin/pkg-config --libs-only-L xcb '>=' 1.11
> -L//tmp/cirrus-ci-build/depends/x86_64-pc-linux-gnu/lib
+ PKG_CONFIG_SYSROOT_DIR=/ PKG_CONFIG_LIBDIR=/tmp/cirrus-ci-build/depends/x86_64-pc-linux-gnu/lib/pkgconfig /usr/bin/pkg-config --libs-only-l xcb '>=' 1.11
> -lxcb
+ PKG_CONFIG_SYSROOT_DIR=/ PKG_CONFIG_LIBDIR=/tmp/cirrus-ci-build/depends/x86_64-pc-linux-gnu/lib/pkgconfig /usr/bin/pkg-config --cflags xcb '>=' 1.11
> -I//tmp/cirrus-ci-build/depends/x86_64-pc-linux-gnu/include
+ cd /tmp/cirrus-ci-build/depends/work/build/x86_64-pc-linux-gnu/qt/5.15.3-1045bbbda2a/config.tests/xcb && PKG_CONFIG_SYSROOT_DIR=/ PKG_CONFIG_LIBDIR=/tmp/cirrus-ci-build/depends/x86_64-pc-linux-gnu/lib/pkgconfig /tmp/cirrus-ci-build/depends/work/build/x86_64-pc-linux-gnu/qt/5.15.3-1045bbbda2a/qtbase/bin/qmake "CONFIG -= qt debug_and_release app_bundle lib_bundle" "CONFIG += static warn_off console single_arch" -early "CONFIG += cross_compile" 'QMAKE_USE += xcb' 'QMAKE_LIBS_XCB = -L//tmp/cirrus-ci-build/depends/x86_64-pc-linux-gnu/lib -lxcb' 'QMAKE_INCDIR_XCB = //tmp/cirrus-ci-build/depends/x86_64-pc-linux-gnu/include' /tmp/cirrus-ci-build/depends/work/build/x86_64-pc-linux-gnu/qt/5.15.3-1045bbbda2a/config.tests/xcb
+ cd /tmp/cirrus-ci-build/depends/work/build/x86_64-pc-linux-gnu/qt/5.15.3-1045bbbda2a/config.tests/xcb && MAKEFLAGS= /usr/bin/make
> make[1]: Entering directory '/tmp/cirrus-ci-build/depends/work/build/x86_64-pc-linux-gnu/qt/5.15.3-1045bbbda2a/config.tests/xcb'
> clang++-8 -stdlib=libc++ -c -pipe -pipe -std=c++17 -O2 -I/tmp/cirrus-ci-build/depends/x86_64-pc-linux-gnu/include -stdlib=libc++ -O2 -w -fPIC  -I. -I/tmp/cirrus-ci-build/depends/x86_64-pc-linux-gnu/include -I/tmp/cirrus-ci-build/depends/work/build/x86_64-pc-linux-gnu/qt/5.15.3-1045bbbda2a/qtbase/mkspecs/linux-clang-libc++ -o main.o main.cpp
> clang++-8 -stdlib=libc++ -L/tmp/cirrus-ci-build/depends/x86_64-pc-linux-gnu/lib -ccc-gcc-name g++ -stdlib=libc++ -o xcb main.o   -L//tmp/cirrus-ci-build/depends/x86_64-pc-linux-gnu/lib -lxcb   
> make[1]: Leaving directory '/tmp/cirrus-ci-build/depends/work/build/x86_64-pc-linux-gnu/qt/5.15.3-1045bbbda2a/config.tests/xcb'
 => source accepted.
test config.qtbase_gui.libraries.xcb succeeded
Checking for XCB ICCCM >= 0.3.9... 
Trying source 0 (type pkgConfig) of library xcb_icccm ...
+ PKG_CONFIG_SYSROOT_DIR=/ PKG_CONFIG_LIBDIR=/tmp/cirrus-ci-build/depends/x86_64-pc-linux-gnu/lib/pkgconfig /usr/bin/pkg-config --exists --silence-errors xcb-icccm '>=' 0.3.9
+ PKG_CONFIG_SYSROOT_DIR=/ PKG_CONFIG_LIBDIR=/tmp/cirrus-ci-build/depends/x86_64-pc-linux-gnu/lib/pkgconfig /usr/bin/pkg-config --modversion xcb-icccm '>=' 0.3.9
> 0.4.1
+ PKG_CONFIG_SYSROOT_DIR=/ PKG_CONFIG_LIBDIR=/tmp/cirrus-ci-build/depends/x86_64-pc-linux-gnu/lib/pkgconfig /usr/bin/pkg-config --libs-only-L xcb-icccm '>=' 0.3.9
> -L//tmp/cirrus-ci-build/depends/x86_64-pc-linux-gnu/lib
+ PKG_CONFIG_SYSROOT_DIR=/ PKG_CONFIG_LIBDIR=/tmp/cirrus-ci-build/depends/x86_64-pc-linux-gnu/lib/pkgconfig /usr/bin/pkg-config --libs-only-l xcb-icccm '>=' 0.3.9
> -lxcb-icccm -lxcb
+ PKG_CONFIG_SYSROOT_DIR=/ PKG_CONFIG_LIBDIR=/tmp/cirrus-ci-build/depends/x86_64-pc-linux-gnu/lib/pkgconfig /usr/bin/pkg-config --cflags xcb-icccm '>=' 0.3.9
> -I//tmp/cirrus-ci-build/depends/x86_64-pc-linux-gnu/include
 => source accepted.
test config.qtbase_gui.libraries.xcb_icccm succeeded
Checking for XCB SHM... 
Trying source 0 (type pkgConfig) of library xcb_shm ...
+ PKG_CONFIG_SYSROOT_DIR=/ PKG_CONFIG_LIBDIR=/tmp/cirrus-ci-build/depends/x86_64-pc-linux-gnu/lib/pkgconfig /usr/bin/pkg-config --exists --silence-errors xcb-shm
+ PKG_CONFIG_SYSROOT_DIR=/ PKG_CONFIG_LIBDIR=/tmp/cirrus-ci-build/depends/x86_64-pc-linux-gnu/lib/pkgconfig /usr/bin/pkg-config --modversion xcb-shm
> 1.14
+ PKG_CONFIG_SYSROOT_DIR=/ PKG_CONFIG_LIBDIR=/tmp/cirrus-ci-build/depends/x86_64-pc-linux-gnu/lib/pkgconfig /usr/bin/pkg-config --libs-only-L xcb-shm
> -L//tmp/cirrus-ci-build/depends/x86_64-pc-linux-gnu/lib
+ PKG_CONFIG_SYSROOT_DIR=/ PKG_CONFIG_LIBDIR=/tmp/cirrus-ci-build/depends/x86_64-pc-linux-gnu/lib/pkgconfig /usr/bin/pkg-config --libs-only-l xcb-shm
> -lxcb-shm
+ PKG_CONFIG_SYSROOT_DIR=/ PKG_CONFIG_LIBDIR=/tmp/cirrus-ci-build/depends/x86_64-pc-linux-gnu/lib/pkgconfig /usr/bin/pkg-config --cflags xcb-shm
> -I//tmp/cirrus-ci-build/depends/x86_64-pc-linux-gnu/include
 => source accepted.
test config.qtbase_gui.libraries.xcb_shm succeeded
Checking for XCB Image >= 0.3.9... 
Trying source 0 (type pkgConfig) of library xcb_image ...
+ PKG_CONFIG_SYSROOT_DIR=/ PKG_CONFIG_LIBDIR=/tmp/cirrus-ci-build/depends/x86_64-pc-linux-gnu/lib/pkgconfig /usr/bin/pkg-config --exists --silence-errors xcb-image '>=' 0.3.9
+ PKG_CONFIG_SYSROOT_DIR=/ PKG_CONFIG_LIBDIR=/tmp/cirrus-ci-build/depends/x86_64-pc-linux-gnu/lib/pkgconfig /usr/bin/pkg-config --modversion xcb-image '>=' 0.3.9
> 0.4.0
+ PKG_CONFIG_SYSROOT_DIR=/ PKG_CONFIG_LIBDIR=/tmp/cirrus-ci-build/depends/x86_64-pc-linux-gnu/lib/pkgconfig /usr/bin/pkg-config --libs-only-L xcb-image '>=' 0.3.9
> -L//tmp/cirrus-ci-build/depends/x86_64-pc-linux-gnu/lib
+ PKG_CONFIG_SYSROOT_DIR=/ PKG_CONFIG_LIBDIR=/tmp/cirrus-ci-build/depends/x86_64-pc-linux-gnu/lib/pkgconfig /usr/bin/pkg-config --libs-only-l xcb-image '>=' 0.3.9
> -lxcb-image -lxcb -lxcb-shm
+ PKG_CONFIG_SYSROOT_DIR=/ PKG_CONFIG_LIBDIR=/tmp/cirrus-ci-build/depends/x86_64-pc-linux-gnu/lib/pkgconfig /usr/bin/pkg-config --cflags xcb-image '>=' 0.3.9
> -I//tmp/cirrus-ci-build/depends/x86_64-pc-linux-gnu/include
 => source accepted.
test config.qtbase_gui.libraries.xcb_image succeeded
Checking for XCB Keysyms >= 0.3.9... 
Trying source 0 (type pkgConfig) of library xcb_keysyms ...
+ PKG_CONFIG_SYSROOT_DIR=/ PKG_CONFIG_LIBDIR=/tmp/cirrus-ci-build/depends/x86_64-pc-linux-gnu/lib/pkgconfig /usr/bin/pkg-config --exists --silence-errors xcb-keysyms '>=' 0.3.9
+ PKG_CONFIG_SYSROOT_DIR=/ PKG_CONFIG_LIBDIR=/tmp/cirrus-ci-build/depends/x86_64-pc-linux-gnu/lib/pkgconfig /usr/bin/pkg-config --modversion xcb-keysyms '>=' 0.3.9
> 0.4.0
+ PKG_CONFIG_SYSROOT_DIR=/ PKG_CONFIG_LIBDIR=/tmp/cirrus-ci-build/depends/x86_64-pc-linux-gnu/lib/pkgconfig /usr/bin/pkg-config --libs-only-L xcb-keysyms '>=' 0.3.9
> -L//tmp/cirrus-ci-build/depends/x86_64-pc-linux-gnu/lib
+ PKG_CONFIG_SYSROOT_DIR=/ PKG_CONFIG_LIBDIR=/tmp/cirrus-ci-build/depends/x86_64-pc-linux-gnu/lib/pkgconfig /usr/bin/pkg-config --libs-only-l xcb-keysyms '>=' 0.3.9
> -lxcb-keysyms -lxcb
+ PKG_CONFIG_SYSROOT_DIR=/ PKG_CONFIG_LIBDIR=/tmp/cirrus-ci-build/depends/x86_64-pc-linux-gnu/lib/pkgconfig /usr/bin/pkg-config --cflags xcb-keysyms '>=' 0.3.9
> -I//tmp/cirrus-ci-build/depends/x86_64-pc-linux-gnu/include
 => source accepted.
test config.qtbase_gui.libraries.xcb_keysyms succeeded
Checking for XCB RandR... 
Trying source 0 (type pkgConfig) of library xcb_randr ...
+ PKG_CONFIG_SYSROOT_DIR=/ PKG_CONFIG_LIBDIR=/tmp/cirrus-ci-build/depends/x86_64-pc-linux-gnu/lib/pkgconfig /usr/bin/pkg-config --exists --silence-errors xcb-randr
+ PKG_CONFIG_SYSROOT_DIR=/ PKG_CONFIG_LIBDIR=/tmp/cirrus-ci-build/depends/x86_64-pc-linux-gnu/lib/pkgconfig /usr/bin/pkg-config --modversion xcb-randr
> 1.14
+ PKG_CONFIG_SYSROOT_DIR=/ PKG_CONFIG_LIBDIR=/tmp/cirrus-ci-build/depends/x86_64-pc-linux-gnu/lib/pkgconfig /usr/bin/pkg-config --libs-only-L xcb-randr
> -L//tmp/cirrus-ci-build/depends/x86_64-pc-linux-gnu/lib
+ PKG_CONFIG_SYSROOT_DIR=/ PKG_CONFIG_LIBDIR=/tmp/cirrus-ci-build/depends/x86_64-pc-linux-gnu/lib/pkgconfig /usr/bin/pkg-config --libs-only-l xcb-randr
> -lxcb-randr
+ PKG_CONFIG_SYSROOT_DIR=/ PKG_CONFIG_LIBDIR=/tmp/cirrus-ci-build/depends/x86_64-pc-linux-gnu/lib/pkgconfig /usr/bin/pkg-config --cflags xcb-randr
> -I//tmp/cirrus-ci-build/depends/x86_64-pc-linux-gnu/include
 => source accepted.
test config.qtbase_gui.libraries.xcb_randr succeeded
Checking for XCB XRender... 
Trying source 0 (type pkgConfig) of library xcb_render ...
+ PKG_CONFIG_SYSROOT_DIR=/ PKG_CONFIG_LIBDIR=/tmp/cirrus-ci-build/depends/x86_64-pc-linux-gnu/lib/pkgconfig /usr/bin/pkg-config --exists --silence-errors xcb-render
+ PKG_CONFIG_SYSROOT_DIR=/ PKG_CONFIG_LIBDIR=/tmp/cirrus-ci-build/depends/x86_64-pc-linux-gnu/lib/pkgconfig /usr/bin/pkg-config --modversion xcb-render
> 1.14
+ PKG_CONFIG_SYSROOT_DIR=/ PKG_CONFIG_LIBDIR=/tmp/cirrus-ci-build/depends/x86_64-pc-linux-gnu/lib/pkgconfig /usr/bin/pkg-config --libs-only-L xcb-render
> -L//tmp/cirrus-ci-build/depends/x86_64-pc-linux-gnu/lib
+ PKG_CONFIG_SYSROOT_DIR=/ PKG_CONFIG_LIBDIR=/tmp/cirrus-ci-build/depends/x86_64-pc-linux-gnu/lib/pkgconfig /usr/bin/pkg-config --libs-only-l xcb-render
> -lxcb-render
+ PKG_CONFIG_SYSROOT_DIR=/ PKG_CONFIG_LIBDIR=/tmp/cirrus-ci-build/depends/x86_64-pc-linux-gnu/lib/pkgconfig /usr/bin/pkg-config --cflags xcb-render
> -I//tmp/cirrus-ci-build/depends/x86_64-pc-linux-gnu/include
 => source accepted.
test config.qtbase_gui.libraries.xcb_render succeeded
Checking for XCB Renderutil >= 0.3.9... 
Trying source 0 (type pkgConfig) of library xcb_renderutil ...
+ PKG_CONFIG_SYSROOT_DIR=/ PKG_CONFIG_LIBDIR=/tmp/cirrus-ci-build/depends/x86_64-pc-linux-gnu/lib/pkgconfig /usr/bin/pkg-config --exists --silence-errors xcb-renderutil '>=' 0.3.9
+ PKG_CONFIG_SYSROOT_DIR=/ PKG_CONFIG_LIBDIR=/tmp/cirrus-ci-build/depends/x86_64-pc-linux-gnu/lib/pkgconfig /usr/bin/pkg-config --modversion xcb-renderutil '>=' 0.3.9
> 0.3.9
+ PKG_CONFIG_SYSROOT_DIR=/ PKG_CONFIG_LIBDIR=/tmp/cirrus-ci-build/depends/x86_64-pc-linux-gnu/lib/pkgconfig /usr/bin/pkg-config --libs-only-L xcb-renderutil '>=' 0.3.9
> -L//tmp/cirrus-ci-build/depends/x86_64-pc-linux-gnu/lib
+ PKG_CONFIG_SYSROOT_DIR=/ PKG_CONFIG_LIBDIR=/tmp/cirrus-ci-build/depends/x86_64-pc-linux-gnu/lib/pkgconfig /usr/bin/pkg-config --libs-only-l xcb-renderutil '>=' 0.3.9
> -lxcb-render-util -lxcb -lxcb-render
+ PKG_CONFIG_SYSROOT_DIR=/ PKG_CONFIG_LIBDIR=/tmp/cirrus-ci-build/depends/x86_64-pc-linux-gnu/lib/pkgconfig /usr/bin/pkg-config --cflags xcb-renderutil '>=' 0.3.9
> -I//tmp/cirrus-ci-build/depends/x86_64-pc-linux-gnu/include
 => source accepted.
test config.qtbase_gui.libraries.xcb_renderutil succeeded
Checking for XCB Shape... 
Trying source 0 (type pkgConfig) of library xcb_shape ...
+ PKG_CONFIG_SYSROOT_DIR=/ PKG_CONFIG_LIBDIR=/tmp/cirrus-ci-build/depends/x86_64-pc-linux-gnu/lib/pkgconfig /usr/bin/pkg-config --exists --silence-errors xcb-shape
+ PKG_CONFIG_SYSROOT_DIR=/ PKG_CONFIG_LIBDIR=/tmp/cirrus-ci-build/depends/x86_64-pc-linux-gnu/lib/pkgconfig /usr/bin/pkg-config --modversion xcb-shape
> 1.14
+ PKG_CONFIG_SYSROOT_DIR=/ PKG_CONFIG_LIBDIR=/tmp/cirrus-ci-build/depends/x86_64-pc-linux-gnu/lib/pkgconfig /usr/bin/pkg-config --libs-only-L xcb-shape
> -L//tmp/cirrus-ci-build/depends/x86_64-pc-linux-gnu/lib
+ PKG_CONFIG_SYSROOT_DIR=/ PKG_CONFIG_LIBDIR=/tmp/cirrus-ci-build/depends/x86_64-pc-linux-gnu/lib/pkgconfig /usr/bin/pkg-config --libs-only-l xcb-shape
> -lxcb-shape
+ PKG_CONFIG_SYSROOT_DIR=/ PKG_CONFIG_LIBDIR=/tmp/cirrus-ci-build/depends/x86_64-pc-linux-gnu/lib/pkgconfig /usr/bin/pkg-config --cflags xcb-shape
> -I//tmp/cirrus-ci-build/depends/x86_64-pc-linux-gnu/include
 => source accepted.
test config.qtbase_gui.libraries.xcb_shape succeeded
Checking for XCB Sync... 
Trying source 0 (type pkgConfig) of library xcb_sync ...
+ PKG_CONFIG_SYSROOT_DIR=/ PKG_CONFIG_LIBDIR=/tmp/cirrus-ci-build/depends/x86_64-pc-linux-gnu/lib/pkgconfig /usr/bin/pkg-config --exists --silence-errors xcb-sync
+ PKG_CONFIG_SYSROOT_DIR=/ PKG_CONFIG_LIBDIR=/tmp/cirrus-ci-build/depends/x86_64-pc-linux-gnu/lib/pkgconfig /usr/bin/pkg-config --modversion xcb-sync
> 1.14
+ PKG_CONFIG_SYSROOT_DIR=/ PKG_CONFIG_LIBDIR=/tmp/cirrus-ci-build/depends/x86_64-pc-linux-gnu/lib/pkgconfig /usr/bin/pkg-config --libs-only-L xcb-sync
> -L//tmp/cirrus-ci-build/depends/x86_64-pc-linux-gnu/lib
+ PKG_CONFIG_SYSROOT_DIR=/ PKG_CONFIG_LIBDIR=/tmp/cirrus-ci-build/depends/x86_64-pc-linux-gnu/lib/pkgconfig /usr/bin/pkg-config --libs-only-l xcb-sync
> -lxcb-sync
+ PKG_CONFIG_SYSROOT_DIR=/ PKG_CONFIG_LIBDIR=/tmp/cirrus-ci-build/depends/x86_64-pc-linux-gnu/lib/pkgconfig /usr/bin/pkg-config --cflags xcb-sync
> -I//tmp/cirrus-ci-build/depends/x86_64-pc-linux-gnu/include
 => source accepted.
test config.qtbase_gui.libraries.xcb_sync succeeded
Checking for XCB Xfixes... 
Trying source 0 (type pkgConfig) of library xcb_xfixes ...
+ PKG_CONFIG_SYSROOT_DIR=/ PKG_CONFIG_LIBDIR=/tmp/cirrus-ci-build/depends/x86_64-pc-linux-gnu/lib/pkgconfig /usr/bin/pkg-config --exists --silence-errors xcb-xfixes
+ PKG_CONFIG_SYSROOT_DIR=/ PKG_CONFIG_LIBDIR=/tmp/cirrus-ci-build/depends/x86_64-pc-linux-gnu/lib/pkgconfig /usr/bin/pkg-config --modversion xcb-xfixes
> 1.14
+ PKG_CONFIG_SYSROOT_DIR=/ PKG_CONFIG_LIBDIR=/tmp/cirrus-ci-build/depends/x86_64-pc-linux-gnu/lib/pkgconfig /usr/bin/pkg-config --libs-only-L xcb-xfixes
> -L//tmp/cirrus-ci-build/depends/x86_64-pc-linux-gnu/lib
+ PKG_CONFIG_SYSROOT_DIR=/ PKG_CONFIG_LIBDIR=/tmp/cirrus-ci-build/depends/x86_64-pc-linux-gnu/lib/pkgconfig /usr/bin/pkg-config --libs-only-l xcb-xfixes
> -lxcb-xfixes
+ PKG_CONFIG_SYSROOT_DIR=/ PKG_CONFIG_LIBDIR=/tmp/cirrus-ci-build/depends/x86_64-pc-linux-gnu/lib/pkgconfig /usr/bin/pkg-config --cflags xcb-xfixes
> -I//tmp/cirrus-ci-build/depends/x86_64-pc-linux-gnu/include
 => source accepted.
test config.qtbase_gui.libraries.xcb_xfixes succeeded
Checking for XCB Xinerama... 
Trying source 0 (type pkgConfig) of library xcb_xinerama ...
+ PKG_CONFIG_SYSROOT_DIR=/ PKG_CONFIG_LIBDIR=/tmp/cirrus-ci-build/depends/x86_64-pc-linux-gnu/lib/pkgconfig /usr/bin/pkg-config --exists --silence-errors xcb-xinerama
+ PKG_CONFIG_SYSROOT_DIR=/ PKG_CONFIG_LIBDIR=/tmp/cirrus-ci-build/depends/x86_64-pc-linux-gnu/lib/pkgconfig /usr/bin/pkg-config --modversion xcb-xinerama
> 1.14
+ PKG_CONFIG_SYSROOT_DIR=/ PKG_CONFIG_LIBDIR=/tmp/cirrus-ci-build/depends/x86_64-pc-linux-gnu/lib/pkgconfig /usr/bin/pkg-config --libs-only-L xcb-xinerama
> -L//tmp/cirrus-ci-build/depends/x86_64-pc-linux-gnu/lib
+ PKG_CONFIG_SYSROOT_DIR=/ PKG_CONFIG_LIBDIR=/tmp/cirrus-ci-build/depends/x86_64-pc-linux-gnu/lib/pkgconfig /usr/bin/pkg-config --libs-only-l xcb-xinerama
> -lxcb-xinerama
+ PKG_CONFIG_SYSROOT_DIR=/ PKG_CONFIG_LIBDIR=/tmp/cirrus-ci-build/depends/x86_64-pc-linux-gnu/lib/pkgconfig /usr/bin/pkg-config --cflags xcb-xinerama
> -I//tmp/cirrus-ci-build/depends/x86_64-pc-linux-gnu/include
 => source accepted.
test config.qtbase_gui.libraries.xcb_xinerama succeeded
Checking for XCB XKB... 
Trying source 0 (type pkgConfig) of library xcb_xkb ...
+ PKG_CONFIG_SYSROOT_DIR=/ PKG_CONFIG_LIBDIR=/tmp/cirrus-ci-build/depends/x86_64-pc-linux-gnu/lib/pkgconfig /usr/bin/pkg-config --exists --silence-errors xcb-xkb
+ PKG_CONFIG_SYSROOT_DIR=/ PKG_CONFIG_LIBDIR=/tmp/cirrus-ci-build/depends/x86_64-pc-linux-gnu/lib/pkgconfig /usr/bin/pkg-config --modversion xcb-xkb
> 1.14
+ PKG_CONFIG_SYSROOT_DIR=/ PKG_CONFIG_LIBDIR=/tmp/cirrus-ci-build/depends/x86_64-pc-linux-gnu/lib/pkgconfig /usr/bin/pkg-config --libs-only-L xcb-xkb
> -L//tmp/cirrus-ci-build/depends/x86_64-pc-linux-gnu/lib
+ PKG_CONFIG_SYSROOT_DIR=/ PKG_CONFIG_LIBDIR=/tmp/cirrus-ci-build/depends/x86_64-pc-linux-gnu/lib/pkgconfig /usr/bin/pkg-config --libs-only-l xcb-xkb
> -lxcb-xkb
+ PKG_CONFIG_SYSROOT_DIR=/ PKG_CONFIG_LIBDIR=/tmp/cirrus-ci-build/depends/x86_64-pc-linux-gnu/lib/pkgconfig /usr/bin/pkg-config --cflags xcb-xkb
> -I//tmp/cirrus-ci-build/depends/x86_64-pc-linux-gnu/include
 => source accepted.
test config.qtbase_gui.libraries.xcb_xkb succeeded
Checking for XCB (extensions)... 
+ cd /tmp/cirrus-ci-build/depends/work/build/x86_64-pc-linux-gnu/qt/5.15.3-1045bbbda2a/config.tests/xcb_syslibs && PKG_CONFIG_SYSROOT_DIR=/ PKG_CONFIG_LIBDIR=/tmp/cirrus-ci-build/depends/x86_64-pc-linux-gnu/lib/pkgconfig /tmp/cirrus-ci-build/depends/work/build/x86_64-pc-linux-gnu/qt/5.15.3-1045bbbda2a/qtbase/bin/qmake "CONFIG -= qt debug_and_release app_bundle lib_bundle" "CONFIG += static warn_off console single_arch" -early "CONFIG += cross_compile" 'QMAKE_USE += xcb_icccm xcb_image xcb_keysyms xcb_randr xcb_render xcb_renderutil xcb_shape xcb_shm xcb_sync xcb_xfixes xcb_xinerama xcb_xkb xcb' 'QMAKE_LIBS_XCB = -L//tmp/cirrus-ci-build/depends/x86_64-pc-linux-gnu/lib -lxcb' 'QMAKE_INCDIR_XCB = //tmp/cirrus-ci-build/depends/x86_64-pc-linux-gnu/include' 'QMAKE_LIBS_XCB_XKB = -lxcb-xkb' 'QMAKE_DEPENDS_XCB_XKB_CC = XCB' 'QMAKE_DEPENDS_XCB_XKB_LD = XCB' 'QMAKE_LIBS_XCB_XINERAMA = -lxcb-xinerama' 'QMAKE_DEPENDS_XCB_XINERAMA_CC = XCB' 'QMAKE_DEPENDS_XCB_XINERAMA_LD = XCB' 'QMAKE_LIBS_XCB_XFIXES = -lxcb-xfixes' 'QMAKE_DEPENDS_XCB_XFIXES_CC = XCB' 'QMAKE_DEPENDS_XCB_XFIXES_LD = XCB' 'QMAKE_LIBS_XCB_SYNC = -lxcb-sync' 'QMAKE_DEPENDS_XCB_SYNC_CC = XCB' 'QMAKE_DEPENDS_XCB_SYNC_LD = XCB' 'QMAKE_LIBS_XCB_SHM = -lxcb-shm' 'QMAKE_DEPENDS_XCB_SHM_CC = XCB' 'QMAKE_DEPENDS_XCB_SHM_LD = XCB' 'QMAKE_LIBS_XCB_SHAPE = -lxcb-shape' 'QMAKE_DEPENDS_XCB_SHAPE_CC = XCB' 'QMAKE_DEPENDS_XCB_SHAPE_LD = XCB' 'QMAKE_LIBS_XCB_RENDERUTIL = -lxcb-render-util' 'QMAKE_DEPENDS_XCB_RENDERUTIL_CC = XCB XCB_RENDER' 'QMAKE_DEPENDS_XCB_RENDERUTIL_LD = XCB XCB_RENDER' 'QMAKE_LIBS_XCB_RENDER = -lxcb-render' 'QMAKE_DEPENDS_XCB_RENDER_CC = XCB' 'QMAKE_DEPENDS_XCB_RENDER_LD = XCB' 'QMAKE_LIBS_XCB_RANDR = -lxcb-randr' 'QMAKE_DEPENDS_XCB_RANDR_CC = XCB' 'QMAKE_DEPENDS_XCB_RANDR_LD = XCB' 'QMAKE_LIBS_XCB_KEYSYMS = -lxcb-keysyms' 'QMAKE_DEPENDS_XCB_KEYSYMS_CC = XCB' 'QMAKE_DEPENDS_XCB_KEYSYMS_LD = XCB' 'QMAKE_LIBS_XCB_IMAGE = -lxcb-image' 'QMAKE_DEPENDS_XCB_IMAGE_CC = XCB_SHM XCB' 'QMAKE_DEPENDS_XCB_IMAGE_LD = XCB_SHM XCB' 'QMAKE_LIBS_XCB_ICCCM = -lxcb-icccm' 'QMAKE_DEPENDS_XCB_ICCCM_CC = XCB' 'QMAKE_DEPENDS_XCB_ICCCM_LD = XCB' /tmp/cirrus-ci-build/depends/work/build/x86_64-pc-linux-gnu/qt/5.15.3-1045bbbda2a/config.tests/xcb_syslibs
+ cd /tmp/cirrus-ci-build/depends/work/build/x86_64-pc-linux-gnu/qt/5.15.3-1045bbbda2a/config.tests/xcb_syslibs && MAKEFLAGS= /usr/bin/make
> make[1]: Entering directory '/tmp/cirrus-ci-build/depends/work/build/x86_64-pc-linux-gnu/qt/5.15.3-1045bbbda2a/config.tests/xcb_syslibs'
> clang++-8 -stdlib=libc++ -c -pipe -pipe -std=c++17 -O2 -I/tmp/cirrus-ci-build/depends/x86_64-pc-linux-gnu/include -stdlib=libc++ -O2 -w -fPIC  -I. -I/tmp/cirrus-ci-build/depends/x86_64-pc-linux-gnu/include -I/tmp/cirrus-ci-build/depends/work/build/x86_64-pc-linux-gnu/qt/5.15.3-1045bbbda2a/qtbase/mkspecs/linux-clang-libc++ -o main.o main.cpp
> clang++-8 -stdlib=libc++ -L/tmp/cirrus-ci-build/depends/x86_64-pc-linux-gnu/lib -ccc-gcc-name g++ -stdlib=libc++ -o xcb_syslibs main.o   -lxcb-icccm -lxcb-image -lxcb-shm -lxcb-keysyms -lxcb-randr -lxcb-render-util -lxcb-render -lxcb-shape -lxcb-sync -lxcb-xfixes -lxcb-xinerama -lxcb-xkb -L//tmp/cirrus-ci-build/depends/x86_64-pc-linux-gnu/lib -lxcb   
> make[1]: Leaving directory '/tmp/cirrus-ci-build/depends/work/build/x86_64-pc-linux-gnu/qt/5.15.3-1045bbbda2a/config.tests/xcb_syslibs'
test config.qtbase_gui.tests.xcb_syslibs succeeded
Checking for xkbcommon >= 0.5.0... 
Trying source 0 (type pkgConfig) of library xkbcommon ...
+ PKG_CONFIG_SYSROOT_DIR=/ PKG_CONFIG_LIBDIR=/tmp/cirrus-ci-build/depends/x86_64-pc-linux-gnu/lib/pkgconfig /usr/bin/pkg-config --exists --silence-errors xkbcommon '>=' 0.5.0
+ PKG_CONFIG_SYSROOT_DIR=/ PKG_CONFIG_LIBDIR=/tmp/cirrus-ci-build/depends/x86_64-pc-linux-gnu/lib/pkgconfig /usr/bin/pkg-config --modversion xkbcommon '>=' 0.5.0
> 0.8.4
+ PKG_CONFIG_SYSROOT_DIR=/ PKG_CONFIG_LIBDIR=/tmp/cirrus-ci-build/depends/x86_64-pc-linux-gnu/lib/pkgconfig /usr/bin/pkg-config --libs-only-L xkbcommon '>=' 0.5.0
> -L//tmp/cirrus-ci-build/depends/x86_64-pc-linux-gnu/lib
+ PKG_CONFIG_SYSROOT_DIR=/ PKG_CONFIG_LIBDIR=/tmp/cirrus-ci-build/depends/x86_64-pc-linux-gnu/lib/pkgconfig /usr/bin/pkg-config --libs-only-l xkbcommon '>=' 0.5.0
> -lxkbcommon
+ PKG_CONFIG_SYSROOT_DIR=/ PKG_CONFIG_LIBDIR=/tmp/cirrus-ci-build/depends/x86_64-pc-linux-gnu/lib/pkgconfig /usr/bin/pkg-config --cflags xkbcommon '>=' 0.5.0
> -I//tmp/cirrus-ci-build/depends/x86_64-pc-linux-gnu/include
+ cd /tmp/cirrus-ci-build/depends/work/build/x86_64-pc-linux-gnu/qt/5.15.3-1045bbbda2a/config.tests/xkbcommon && PKG_CONFIG_SYSROOT_DIR=/ PKG_CONFIG_LIBDIR=/tmp/cirrus-ci-build/depends/x86_64-pc-linux-gnu/lib/pkgconfig /tmp/cirrus-ci-build/depends/work/build/x86_64-pc-linux-gnu/qt/5.15.3-1045bbbda2a/qtbase/bin/qmake "CONFIG -= qt debug_and_release app_bundle lib_bundle" "CONFIG += static warn_off console single_arch" -early "CONFIG += cross_compile" 'QMAKE_USE += xkbcommon' 'QMAKE_LIBS_XKBCOMMON = -L//tmp/cirrus-ci-build/depends/x86_64-pc-linux-gnu/lib -lxkbcommon' 'QMAKE_INCDIR_XKBCOMMON = //tmp/cirrus-ci-build/depends/x86_64-pc-linux-gnu/include' /tmp/cirrus-ci-build/depends/work/build/x86_64-pc-linux-gnu/qt/5.15.3-1045bbbda2a/config.tests/xkbcommon
+ cd /tmp/cirrus-ci-build/depends/work/build/x86_64-pc-linux-gnu/qt/5.15.3-1045bbbda2a/config.tests/xkbcommon && MAKEFLAGS= /usr/bin/make
> make[1]: Entering directory '/tmp/cirrus-ci-build/depends/work/build/x86_64-pc-linux-gnu/qt/5.15.3-1045bbbda2a/config.tests/xkbcommon'
> clang++-8 -stdlib=libc++ -c -pipe -pipe -std=c++17 -O2 -I/tmp/cirrus-ci-build/depends/x86_64-pc-linux-gnu/include -stdlib=libc++ -O2 -w -fPIC  -I. -I/tmp/cirrus-ci-build/depends/x86_64-pc-linux-gnu/include -I/tmp/cirrus-ci-build/depends/work/build/x86_64-pc-linux-gnu/qt/5.15.3-1045bbbda2a/qtbase/mkspecs/linux-clang-libc++ -o main.o main.cpp
> clang++-8 -stdlib=libc++ -L/tmp/cirrus-ci-build/depends/x86_64-pc-linux-gnu/lib -ccc-gcc-name g++ -stdlib=libc++ -o xkbcommon main.o   -L//tmp/cirrus-ci-build/depends/x86_64-pc-linux-gnu/lib -lxkbcommon   
> make[1]: Leaving directory '/tmp/cirrus-ci-build/depends/work/build/x86_64-pc-linux-gnu/qt/5.15.3-1045bbbda2a/config.tests/xkbcommon'
 => source accepted.
test config.qtbase_gui.libraries.xkbcommon succeeded
Checking for xkbcommon-x11... 
Trying source 0 (type pkgConfig) of library xkbcommon_x11 ...
+ PKG_CONFIG_SYSROOT_DIR=/ PKG_CONFIG_LIBDIR=/tmp/cirrus-ci-build/depends/x86_64-pc-linux-gnu/lib/pkgconfig /usr/bin/pkg-config --exists --silence-errors xkbcommon-x11
+ PKG_CONFIG_SYSROOT_DIR=/ PKG_CONFIG_LIBDIR=/tmp/cirrus-ci-build/depends/x86_64-pc-linux-gnu/lib/pkgconfig /usr/bin/pkg-config --modversion xkbcommon-x11
> 0.8.4
+ PKG_CONFIG_SYSROOT_DIR=/ PKG_CONFIG_LIBDIR=/tmp/cirrus-ci-build/depends/x86_64-pc-linux-gnu/lib/pkgconfig /usr/bin/pkg-config --libs-only-L xkbcommon-x11
> -L//tmp/cirrus-ci-build/depends/x86_64-pc-linux-gnu/lib
+ PKG_CONFIG_SYSROOT_DIR=/ PKG_CONFIG_LIBDIR=/tmp/cirrus-ci-build/depends/x86_64-pc-linux-gnu/lib/pkgconfig /usr/bin/pkg-config --libs-only-l xkbcommon-x11
> -lxkbcommon-x11 -lxkbcommon
+ PKG_CONFIG_SYSROOT_DIR=/ PKG_CONFIG_LIBDIR=/tmp/cirrus-ci-build/depends/x86_64-pc-linux-gnu/lib/pkgconfig /usr/bin/pkg-config --cflags xkbcommon-x11
> -I//tmp/cirrus-ci-build/depends/x86_64-pc-linux-gnu/include
+ cd /tmp/cirrus-ci-build/depends/work/build/x86_64-pc-linux-gnu/qt/5.15.3-1045bbbda2a/config.tests/xkbcommon_x11 && PKG_CONFIG_SYSROOT_DIR=/ PKG_CONFIG_LIBDIR=/tmp/cirrus-ci-build/depends/x86_64-pc-linux-gnu/lib/pkgconfig /tmp/cirrus-ci-build/depends/work/build/x86_64-pc-linux-gnu/qt/5.15.3-1045bbbda2a/qtbase/bin/qmake "CONFIG -= qt debug_and_release app_bundle lib_bundle" "CONFIG += static warn_off console single_arch" -early "CONFIG += cross_compile" 'QMAKE_USE += xkbcommon_x11' 'QMAKE_LIBS_XKBCOMMON_X11 = -L//tmp/cirrus-ci-build/depends/x86_64-pc-linux-gnu/lib -lxkbcommon-x11 -lxkbcommon' 'QMAKE_INCDIR_XKBCOMMON_X11 = //tmp/cirrus-ci-build/depends/x86_64-pc-linux-gnu/include' /tmp/cirrus-ci-build/depends/work/build/x86_64-pc-linux-gnu/qt/5.15.3-1045bbbda2a/config.tests/xkbcommon_x11
+ cd /tmp/cirrus-ci-build/depends/work/build/x86_64-pc-linux-gnu/qt/5.15.3-1045bbbda2a/config.tests/xkbcommon_x11 && MAKEFLAGS= /usr/bin/make
> make[1]: Entering directory '/tmp/cirrus-ci-build/depends/work/build/x86_64-pc-linux-gnu/qt/5.15.3-1045bbbda2a/config.tests/xkbcommon_x11'
> clang++-8 -stdlib=libc++ -c -pipe -pipe -std=c++17 -O2 -I/tmp/cirrus-ci-build/depends/x86_64-pc-linux-gnu/include -stdlib=libc++ -O2 -w -fPIC  -I. -I/tmp/cirrus-ci-build/depends/x86_64-pc-linux-gnu/include -I/tmp/cirrus-ci-build/depends/work/build/x86_64-pc-linux-gnu/qt/5.15.3-1045bbbda2a/qtbase/mkspecs/linux-clang-libc++ -o main.o main.cpp
> clang++-8 -stdlib=libc++ -L/tmp/cirrus-ci-build/depends/x86_64-pc-linux-gnu/lib -ccc-gcc-name g++ -stdlib=libc++ -o xkbcommon_x11 main.o   -L//tmp/cirrus-ci-build/depends/x86_64-pc-linux-gnu/lib -lxkbcommon-x11 -lxkbcommon   
> make[1]: Leaving directory '/tmp/cirrus-ci-build/depends/work/build/x86_64-pc-linux-gnu/qt/5.15.3-1045bbbda2a/config.tests/xkbcommon_x11'
 => source accepted.
test config.qtbase_gui.libraries.xkbcommon_x11 succeeded
Checking for atspi... 
Trying source 0 (type pkgConfig) of library atspi ...
+ PKG_CONFIG_SYSROOT_DIR=/ PKG_CONFIG_LIBDIR=/tmp/cirrus-ci-build/depends/x86_64-pc-linux-gnu/lib/pkgconfig /usr/bin/pkg-config --exists --silence-errors atspi-2
pkg-config did not find package.
  => source produced no result.
test config.qtbase_gui.libraries.atspi FAILED
Checking for KMS... 
Trying source 0 (type pkgConfig) of library drm ...
+ PKG_CONFIG_SYSROOT_DIR=/ PKG_CONFIG_LIBDIR=/tmp/cirrus-ci-build/depends/x86_64-pc-linux-gnu/lib/pkgconfig /usr/bin/pkg-config --exists --silence-errors libdrm
pkg-config did not find package.
  => source produced no result.
Trying source 1 (type inline) of library drm ...
xf86drmMode.h not found in [] and global paths.
xf86drm.h not found in [] and global paths.
  => source produced no result.
Trying source 2 (type inline) of library drm ...
  => source failed condition 'config.integrity'.
test config.qtbase_gui.libraries.drm FAILED
Checking for FreeType... 
Trying source 0 (type pkgConfig) of library freetype ...
+ PKG_CONFIG_SYSROOT_DIR=/ PKG_CONFIG_LIBDIR=/tmp/cirrus-ci-build/depends/x86_64-pc-linux-gnu/lib/pkgconfig /usr/bin/pkg-config --exists --silence-errors freetype2
+ PKG_CONFIG_SYSROOT_DIR=/ PKG_CONFIG_LIBDIR=/tmp/cirrus-ci-build/depends/x86_64-pc-linux-gnu/lib/pkgconfig /usr/bin/pkg-config --modversion freetype2
> 24.0.18
+ PKG_CONFIG_SYSROOT_DIR=/ PKG_CONFIG_LIBDIR=/tmp/cirrus-ci-build/depends/x86_64-pc-linux-gnu/lib/pkgconfig /usr/bin/pkg-config --libs-only-L freetype2
> -L//tmp/cirrus-ci-build/depends/x86_64-pc-linux-gnu/lib
+ PKG_CONFIG_SYSROOT_DIR=/ PKG_CONFIG_LIBDIR=/tmp/cirrus-ci-build/depends/x86_64-pc-linux-gnu/lib/pkgconfig /usr/bin/pkg-config --libs-only-l freetype2
> -lfreetype
+ PKG_CONFIG_SYSROOT_DIR=/ PKG_CONFIG_LIBDIR=/tmp/cirrus-ci-build/depends/x86_64-pc-linux-gnu/lib/pkgconfig /usr/bin/pkg-config --cflags freetype2
> -I//tmp/cirrus-ci-build/depends/x86_64-pc-linux-gnu/include/freetype2
+ cd /tmp/cirrus-ci-build/depends/work/build/x86_64-pc-linux-gnu/qt/5.15.3-1045bbbda2a/config.tests/freetype && PKG_CONFIG_SYSROOT_DIR=/ PKG_CONFIG_LIBDIR=/tmp/cirrus-ci-build/depends/x86_64-pc-linux-gnu/lib/pkgconfig /tmp/cirrus-ci-build/depends/work/build/x86_64-pc-linux-gnu/qt/5.15.3-1045bbbda2a/qtbase/bin/qmake "CONFIG -= qt debug_and_release app_bundle lib_bundle" "CONFIG += static warn_off console single_arch" -early "CONFIG += cross_compile" 'QMAKE_USE += freetype' 'QMAKE_LIBS_FREETYPE = -L//tmp/cirrus-ci-build/depends/x86_64-pc-linux-gnu/lib -lfreetype' 'QMAKE_INCDIR_FREETYPE = //tmp/cirrus-ci-build/depends/x86_64-pc-linux-gnu/include/freetype2' /tmp/cirrus-ci-build/depends/work/build/x86_64-pc-linux-gnu/qt/5.15.3-1045bbbda2a/config.tests/freetype
+ cd /tmp/cirrus-ci-build/depends/work/build/x86_64-pc-linux-gnu/qt/5.15.3-1045bbbda2a/config.tests/freetype && MAKEFLAGS= /usr/bin/make
> make[1]: Entering directory '/tmp/cirrus-ci-build/depends/work/build/x86_64-pc-linux-gnu/qt/5.15.3-1045bbbda2a/config.tests/freetype'
> clang++-8 -stdlib=libc++ -c -pipe -pipe -std=c++17 -O2 -I/tmp/cirrus-ci-build/depends/x86_64-pc-linux-gnu/include -stdlib=libc++ -O2 -w -fPIC  -I. -I/tmp/cirrus-ci-build/depends/x86_64-pc-linux-gnu/include/freetype2 -I/tmp/cirrus-ci-build/depends/work/build/x86_64-pc-linux-gnu/qt/5.15.3-1045bbbda2a/qtbase/mkspecs/linux-clang-libc++ -o main.o main.cpp
> clang++-8 -stdlib=libc++ -L/tmp/cirrus-ci-build/depends/x86_64-pc-linux-gnu/lib -ccc-gcc-name g++ -stdlib=libc++ -o freetype main.o   -L//tmp/cirrus-ci-build/depends/x86_64-pc-linux-gnu/lib -lfreetype   
> make[1]: Leaving directory '/tmp/cirrus-ci-build/depends/work/build/x86_64-pc-linux-gnu/qt/5.15.3-1045bbbda2a/config.tests/freetype'
 => source accepted.
test config.qtbase_gui.libraries.freetype succeeded
Checking for Fontconfig... 
Trying source 0 (type pkgConfig) of library fontconfig ...
+ PKG_CONFIG_SYSROOT_DIR=/ PKG_CONFIG_LIBDIR=/tmp/cirrus-ci-build/depends/x86_64-pc-linux-gnu/lib/pkgconfig /usr/bin/pkg-config --exists --silence-errors fontconfig
+ PKG_CONFIG_SYSROOT_DIR=/ PKG_CONFIG_LIBDIR=/tmp/cirrus-ci-build/depends/x86_64-pc-linux-gnu/lib/pkgconfig /usr/bin/pkg-config --modversion fontconfig
> 2.12.6
+ PKG_CONFIG_SYSROOT_DIR=/ PKG_CONFIG_LIBDIR=/tmp/cirrus-ci-build/depends/x86_64-pc-linux-gnu/lib/pkgconfig /usr/bin/pkg-config --libs-only-L fontconfig
> -L//tmp/cirrus-ci-build/depends/x86_64-pc-linux-gnu/lib
+ PKG_CONFIG_SYSROOT_DIR=/ PKG_CONFIG_LIBDIR=/tmp/cirrus-ci-build/depends/x86_64-pc-linux-gnu/lib/pkgconfig /usr/bin/pkg-config --libs-only-l fontconfig
> -lfontconfig -lfreetype
+ PKG_CONFIG_SYSROOT_DIR=/ PKG_CONFIG_LIBDIR=/tmp/cirrus-ci-build/depends/x86_64-pc-linux-gnu/lib/pkgconfig /usr/bin/pkg-config --cflags fontconfig
> -I//tmp/cirrus-ci-build/depends/x86_64-pc-linux-gnu/include -I//tmp/cirrus-ci-build/depends/x86_64-pc-linux-gnu/include/freetype2 -I//tmp/cirrus-ci-build/depends/x86_64-pc-linux-gnu/include -I//tmp/cirrus-ci-build/depends/x86_64-pc-linux-gnu/include/freetype2
+ cd /tmp/cirrus-ci-build/depends/work/build/x86_64-pc-linux-gnu/qt/5.15.3-1045bbbda2a/config.tests/fontconfig && PKG_CONFIG_SYSROOT_DIR=/ PKG_CONFIG_LIBDIR=/tmp/cirrus-ci-build/depends/x86_64-pc-linux-gnu/lib/pkgconfig /tmp/cirrus-ci-build/depends/work/build/x86_64-pc-linux-gnu/qt/5.15.3-1045bbbda2a/qtbase/bin/qmake "CONFIG -= qt debug_and_release app_bundle lib_bundle" "CONFIG += static warn_off console single_arch" -early "CONFIG += cross_compile" 'QMAKE_USE += fontconfig' 'QMAKE_LIBS_FONTCONFIG = -lfontconfig' 'QMAKE_INCDIR_FONTCONFIG = //tmp/cirrus-ci-build/depends/x86_64-pc-linux-gnu/include //tmp/cirrus-ci-build/depends/x86_64-pc-linux-gnu/include' 'QMAKE_DEPENDS_FONTCONFIG_CC = FREETYPE' 'QMAKE_DEPENDS_FONTCONFIG_LD = FREETYPE' 'QMAKE_LIBS_FREETYPE = -L//tmp/cirrus-ci-build/depends/x86_64-pc-linux-gnu/lib -lfreetype' 'QMAKE_INCDIR_FREETYPE = //tmp/cirrus-ci-build/depends/x86_64-pc-linux-gnu/include/freetype2' /tmp/cirrus-ci-build/depends/work/build/x86_64-pc-linux-gnu/qt/5.15.3-1045bbbda2a/config.tests/fontconfig
+ cd /tmp/cirrus-ci-build/depends/work/build/x86_64-pc-linux-gnu/qt/5.15.3-1045bbbda2a/config.tests/fontconfig && MAKEFLAGS= /usr/bin/make
> make[1]: Entering directory '/tmp/cirrus-ci-build/depends/work/build/x86_64-pc-linux-gnu/qt/5.15.3-1045bbbda2a/config.tests/fontconfig'
> clang++-8 -stdlib=libc++ -c -pipe -pipe -std=c++17 -O2 -I/tmp/cirrus-ci-build/depends/x86_64-pc-linux-gnu/include -stdlib=libc++ -O2 -w -fPIC  -I. -I/tmp/cirrus-ci-build/depends/x86_64-pc-linux-gnu/include -I/tmp/cirrus-ci-build/depends/x86_64-pc-linux-gnu/include -I/tmp/cirrus-ci-build/depends/x86_64-pc-linux-gnu/include/freetype2 -I/tmp/cirrus-ci-build/depends/work/build/x86_64-pc-linux-gnu/qt/5.15.3-1045bbbda2a/qtbase/mkspecs/linux-clang-libc++ -o main.o main.cpp
> clang++-8 -stdlib=libc++ -L/tmp/cirrus-ci-build/depends/x86_64-pc-linux-gnu/lib -ccc-gcc-name g++ -stdlib=libc++ -o fontconfig main.o   -lfontconfig -L//tmp/cirrus-ci-build/depends/x86_64-pc-linux-gnu/lib -lfreetype   
> make[1]: Leaving directory '/tmp/cirrus-ci-build/depends/work/build/x86_64-pc-linux-gnu/qt/5.15.3-1045bbbda2a/config.tests/fontconfig'
 => source accepted.
test config.qtbase_gui.libraries.fontconfig succeeded
Checking for GBM... 
Trying source 0 (type pkgConfig) of library gbm ...
+ PKG_CONFIG_SYSROOT_DIR=/ PKG_CONFIG_LIBDIR=/tmp/cirrus-ci-build/depends/x86_64-pc-linux-gnu/lib/pkgconfig /usr/bin/pkg-config --exists --silence-errors gbm
pkg-config did not find package.
  => source produced no result.
test config.qtbase_gui.libraries.gbm FAILED
Checking for default QPA platform... 
test config.qtbase_gui.tests.qpa_default_platform gave result xcb
Checking for libmd4c... 
Trying source 0 (type pkgConfig) of library libmd4c ...
+ PKG_CONFIG_SYSROOT_DIR=/ PKG_CONFIG_LIBDIR=/tmp/cirrus-ci-build/depends/x86_64-pc-linux-gnu/lib/pkgconfig /usr/bin/pkg-config --exists --silence-errors md4c
pkg-config did not find package.
  => source produced no result.
Trying source 1 (type inline) of library libmd4c ...
md4c.h not found in [] and global paths.
  => source produced no result.
test config.qtbase_gui.libraries.libmd4c FAILED
Checking for XCB XInput... 
Trying source 0 (type pkgConfig) of library xcb_xinput ...
+ PKG_CONFIG_SYSROOT_DIR=/ PKG_CONFIG_LIBDIR=/tmp/cirrus-ci-build/depends/x86_64-pc-linux-gnu/lib/pkgconfig /usr/bin/pkg-config --exists --silence-errors xcb-xinput '>=' 1.12
pkg-config did not find package.
  => source produced no result.
Trying source 1 (type inline) of library xcb_xinput ...
+ cd /tmp/cirrus-ci-build/depends/work/build/x86_64-pc-linux-gnu/qt/5.15.3-1045bbbda2a/config.tests/xcb_xinput && PKG_CONFIG_SYSROOT_DIR=/ PKG_CONFIG_LIBDIR=/tmp/cirrus-ci-build/depends/x86_64-pc-linux-gnu/lib/pkgconfig /tmp/cirrus-ci-build/depends/work/build/x86_64-pc-linux-gnu/qt/5.15.3-1045bbbda2a/qtbase/bin/qmake "CONFIG -= qt debug_and_release app_bundle lib_bundle" "CONFIG += static warn_off console single_arch" -early "CONFIG += cross_compile" 'QMAKE_USE += xcb_xinput' 'QMAKE_LIBS_XCB_XINPUT = -lxcb-xinput' 'QMAKE_DEPENDS_XCB_XINPUT_CC = XCB' 'QMAKE_DEPENDS_XCB_XINPUT_LD = XCB' 'QMAKE_LIBS_XCB = -L//tmp/cirrus-ci-build/depends/x86_64-pc-linux-gnu/lib -lxcb' 'QMAKE_INCDIR_XCB = //tmp/cirrus-ci-build/depends/x86_64-pc-linux-gnu/include' /tmp/cirrus-ci-build/depends/work/build/x86_64-pc-linux-gnu/qt/5.15.3-1045bbbda2a/config.tests/xcb_xinput
+ cd /tmp/cirrus-ci-build/depends/work/build/x86_64-pc-linux-gnu/qt/5.15.3-1045bbbda2a/config.tests/xcb_xinput && MAKEFLAGS= /usr/bin/make
> make[1]: Entering directory '/tmp/cirrus-ci-build/depends/work/build/x86_64-pc-linux-gnu/qt/5.15.3-1045bbbda2a/config.tests/xcb_xinput'
> clang++-8 -stdlib=libc++ -c -pipe -pipe -std=c++17 -O2 -I/tmp/cirrus-ci-build/depends/x86_64-pc-linux-gnu/include -stdlib=libc++ -O2 -w -fPIC  -I. -I/tmp/cirrus-ci-build/depends/x86_64-pc-linux-gnu/include -I/tmp/cirrus-ci-build/depends/work/build/x86_64-pc-linux-gnu/qt/5.15.3-1045bbbda2a/qtbase/mkspecs/linux-clang-libc++ -o main.o main.cpp
> clang++-8 -stdlib=libc++ -L/tmp/cirrus-ci-build/depends/x86_64-pc-linux-gnu/lib -ccc-gcc-name g++ -stdlib=libc++ -o xcb_xinput main.o   -lxcb-xinput -L//tmp/cirrus-ci-build/depends/x86_64-pc-linux-gnu/lib -lxcb   
> /usr/bin/ld: cannot find -lxcb-xinput
> clang: error: linker command failed with exit code 1 (use -v to see invocation)
> Makefile:67: recipe for target 'xcb_xinput' failed
> make[1]: *** [xcb_xinput] Error 1
> make[1]: Leaving directory '/tmp/cirrus-ci-build/depends/work/build/x86_64-pc-linux-gnu/qt/5.15.3-1045bbbda2a/config.tests/xcb_xinput'
 => source failed verification.
test config.qtbase_gui.libraries.xcb_xinput FAILED
Checking for tslib... 
Trying source 0 (type inline) of library tslib ...
tslib.h not found in [] and global paths.
  => source produced no result.
test config.qtbase_gui.libraries.tslib FAILED
Checking for X11 prefix... 
+ PKG_CONFIG_SYSROOT_DIR=/ PKG_CONFIG_LIBDIR=/tmp/cirrus-ci-build/depends/x86_64-pc-linux-gnu/lib/pkgconfig /usr/bin/pkg-config --exists --silence-errors x11
test config.qtbase_gui.tests.x11prefix gave result /usr
Checking for libclang... 
Cannot find libclang's main header file, candidate: /usr/lib/llvm-8/include/clang-c/Index.h.
test config.qttools_qdoc.tests.libclang FAILED
Done running configuration tests.

Configure summary:

Building on: linux-g++ (x86_64, CPU features: mmx sse sse2)
Building for: linux-clang-libc++ (x86_64, CPU features: mmx sse sse2)
Target compiler: clang 8.0.0
Configuration: cross_compile sse2 aesni sse3 ssse3 sse4_1 sse4_2 avx avx2 avx512f avx512bw avx512cd avx512dq avx512er avx512ifma avx512pf avx512vbmi avx512vl enable_new_dtags f16c largefile ltcg precompile_header rdrnd rdseed shani silent x86SimdAlways release c++11 c++14 c++17 c++1z dbus reduce_exports static stl
Build options:
  Mode ................................... release
  Optimize release build for size ........ no
  Building shared libraries .............. no
  Using C standard ....................... C11
  Using C++ standard ..................... C++17
  Using ccache ........................... no
  Using new DTAGS ........................ yes
  Relocatable ............................ no
  Using precompiled headers .............. yes
  Using LTCG ............................. yes
  Target compiler supports:
    SSE .................................. SSE2 SSE3 SSSE3 SSE4.1 SSE4.2
    AVX .................................. AVX AVX2
    AVX512 ............................... F ER CD PF DQ BW VL IFMA VBMI
    Other x86 ............................ AES F16C RDRAND SHA
    Intrinsics without -mXXX option ...... yes
  Build parts ............................ libs
Qt modules and options:
  Qt Concurrent .......................... no
  Qt D-Bus ............................... yes
  Qt D-Bus directly linked to libdbus .... no
  Qt Gui ................................. yes
  Qt Network ............................. yes
  Qt Sql ................................. no
  Qt Testlib ............................. yes
  Qt Widgets ............................. yes
  Qt Xml ................................. no
Support enabled for:
  Using pkg-config ....................... yes
  udev ................................... no
  Using system zlib ...................... no
  Zstandard support ...................... no
Qt Core:
  DoubleConversion ....................... yes
    Using system DoubleConversion ........ no
  GLib ................................... no
  iconv .................................. no
  ICU .................................... no
  Built-in copy of the MIME database ..... yes
  Tracing backend ........................ <none>
  Logging backends:
    journald ............................. no
    syslog ............................... no
    slog2 ................................ no
  PCRE2 .................................. yes
    Using system PCRE2 ................... no
Qt Network:
  getifaddrs() ........................... yes
  IPv6 ifname ............................ yes
  libproxy ............................... no
  Linux AF_NETLINK ....................... yes
  OpenSSL ................................ no
    Qt directly linked to OpenSSL ........ no
  OpenSSL 1.1 ............................ no
  DTLS ................................... no
  OCSP-stapling .......................... no
  SCTP ................................... no
  Use system proxies ..................... no
  GSSAPI ................................. no
Qt Gui:
  Accessibility .......................... yes
  FreeType ............................... yes
    Using system FreeType ................ yes
  HarfBuzz ............................... yes
    Using system HarfBuzz ................ no
  Fontconfig ............................. yes
  Image formats:
    GIF .................................. no
    ICO .................................. no
    JPEG ................................. no
      Using system libjpeg ............... no
    PNG .................................. yes
      Using system libpng ................ no
  Text formats:
    HtmlParser ........................... yes
    CssParser ............................ yes
    OdfWriter ............................ no
    MarkdownReader ....................... yes
      Using system libmd4c ............... no
    MarkdownWriter ....................... no
  EGL .................................... no
  OpenVG ................................. no
  OpenGL:
    Desktop OpenGL ....................... no
    OpenGL ES 2.0 ........................ no
    OpenGL ES 3.0 ........................ no
    OpenGL ES 3.1 ........................ no
    OpenGL ES 3.2 ........................ no
  Vulkan ................................. no
  Session Management ..................... no
Features used by QPA backends:
  evdev .................................. no
  libinput ............................... no
  INTEGRITY HID .......................... no
  mtdev .................................. no
  tslib .................................. no
  xkbcommon .............................. yes
  X11 specific:
    XLib ................................. no
    XCB Xlib ............................. no
    EGL on X11 ........................... no
    xkbcommon-x11 ........................ yes
QPA backends:
  DirectFB ............................... no
  EGLFS .................................. no
  LinuxFB ................................ no
  VNC .................................... no
  XCB:
    Using system-provided xcb-xinput ..... no
    Native painting (experimental) ....... no
    GL integrations:
      GLX Plugin ......................... no
      EGL-X11 Plugin ..................... no
Qt Sql:
  SQL item models ........................ no
Qt Widgets:
  GTK+ ................................... no
  Styles ................................. Fusion Windows
Qt PrintSupport:
  CUPS ................................... no
Qt Sql Drivers:
  DB2 (IBM) .............................. no
  InterBase .............................. no
  MySql .................................. no
  OCI (Oracle) ........................... no
  ODBC ................................... no
  PostgreSQL ............................. no
  SQLite2 ................................ no
  SQLite ................................. no
    Using system provided SQLite ......... no
  TDS (Sybase) ........................... no
Qt Testlib:
  Tester for item models ................. yes
Qt Tools:
  Qt Assistant ........................... yes
  Qt Designer ............................ yes
  Qt Distance Field Generator ............ yes
  kmap2qmap .............................. yes
  Qt Linguist ............................ yes
  Mac Deployment Tool .................... no
  makeqpf ................................ yes
  pixeltool .............................. yes
  qdbus .................................. yes
  qev .................................... yes
  Qt Attributions Scanner ................ yes
  qtdiag ................................. yes
  qtpaths ................................ yes
  qtplugininfo ........................... yes
  Windows deployment tool ................ no
  WinRT Runner Tool ...................... no
Qt Tools:
  QDoc ................................... no

Note: Also available for Linux: linux-clang linux-icc

Note: Using static linking will disable the use of dynamically
loaded plugins. Make sure to import all needed static plugins,
or compile needed modules into the library.

Note: Disabling X11 Accessibility Bridge: D-Bus or AT-SPI is missing.

WARNING: QDoc will not be compiled, probably because libclang could not be located. This means that you cannot build the Qt documentation.

Either ensure that llvm-config is in your PATH environment variable, or set LLVM_INSTALL_DIR to the location of your llvm installation.
On Linux systems, you may be able to install libclang by installing the libclang-dev or libclang-devel package, depending on your distribution.
On macOS, you can use Homebrew's llvm package.
On Windows, you must set LLVM_INSTALL_DIR to the installation path.

Qt is now configured for building. Just run 'make'.
Once everything is built, you must run 'make install'.
Qt will be installed into '/tmp/cirrus-ci-build/depends/x86_64-pc-linux-gnu'.

Prior to reconfiguration, make sure you remove any leftovers from
the previous build.

make[1]: Entering directory '/tmp/cirrus-ci-build/depends/work/build/x86_64-pc-linux-gnu/qt/5.15.3-1045bbbda2a'
Info: creating cache file /tmp/cirrus-ci-build/depends/work/build/x86_64-pc-linux-gnu/qt/5.15.3-1045bbbda2a/qtbase/.qmake.cache
make[2]: Entering directory '/tmp/cirrus-ci-build/depends/work/build/x86_64-pc-linux-gnu/qt/5.15.3-1045bbbda2a/qtbase'
make[3]: Entering directory '/tmp/cirrus-ci-build/depends/work/build/x86_64-pc-linux-gnu/qt/5.15.3-1045bbbda2a/qtbase/qmake'
make[4]: Entering directory '/tmp/cirrus-ci-build/depends/work/build/x86_64-pc-linux-gnu/qt/5.15.3-1045bbbda2a/qtbase/qmake'
make[3]: Entering directory '/tmp/cirrus-ci-build/depends/work/build/x86_64-pc-linux-gnu/qt/5.15.3-1045bbbda2a/qtbase/src'
make[4]: Entering directory '/tmp/cirrus-ci-build/depends/work/build/x86_64-pc-linux-gnu/qt/5.15.3-1045bbbda2a/qtbase/src/3rdparty/pcre2'
compiling src/pcre2_auto_possess.c
compiling src/pcre2_chartables.c
compiling src/pcre2_compile.c
compiling src/pcre2_config.c
compiling src/pcre2_context.c
compiling src/pcre2_dfa_match.c
compiling src/pcre2_error.c
compiling src/pcre2_extuni.c
compiling src/pcre2_find_bracket.c
compiling src/pcre2_jit_compile.c
compiling src/pcre2_maketables.c
compiling src/pcre2_newline.c
compiling src/pcre2_match.c
compiling src/pcre2_match_data.c
compiling src/pcre2_ord2utf.c
compiling src/pcre2_pattern_info.c
compiling src/pcre2_script_run.c
compiling src/pcre2_serialize.c
compiling src/pcre2_string_utils.c
compiling src/pcre2_study.c
compiling src/pcre2_substitute.c
compiling src/pcre2_substring.c
compiling src/pcre2_tables.c
compiling src/pcre2_ucd.c
compiling src/pcre2_valid_utf.c
compiling src/pcre2_xclass.c
make[4]: Entering directory '/tmp/cirrus-ci-build/depends/work/build/x86_64-pc-linux-gnu/qt/5.15.3-1045bbbda2a/qtbase/src/tools/bootstrap'
compiling ../../corelib/codecs/qlatincodec.cpp
compiling ../../corelib/codecs/qtextcodec.cpp
compiling ../../corelib/codecs/qutfcodec.cpp
compiling ../../corelib/global/qendian.cpp
compiling ../../corelib/global/qglobal.cpp
compiling ../../corelib/global/qlogging.cpp
compiling ../../corelib/global/qmalloc.cpp
compiling ../../corelib/global/qnumeric.cpp
compiling ../../corelib/global/qoperatingsystemversion.cpp
compiling ../../corelib/global/qrandom.cpp
compiling ../../corelib/io/qabstractfileengine.cpp
compiling ../../corelib/io/qbuffer.cpp
compiling ../../corelib/io/qdebug.cpp
compiling ../../corelib/io/qdir.cpp
compiling ../../corelib/io/qdiriterator.cpp
compiling ../../corelib/io/qfile.cpp
compiling ../../corelib/io/qfileinfo.cpp
compiling ../../corelib/io/qfilesystementry.cpp
make[4]: Leaving directory '/tmp/cirrus-ci-build/depends/work/build/x86_64-pc-linux-gnu/qt/5.15.3-1045bbbda2a/qtbase/qmake'
make[3]: Leaving directory '/tmp/cirrus-ci-build/depends/work/build/x86_64-pc-linux-gnu/qt/5.15.3-1045bbbda2a/qtbase/qmake'
compiling ../../corelib/io/qfilesystemengine.cpp
compiling ../../corelib/io/qfsfileengine.cpp
compiling ../../corelib/io/qfsfileengine_iterator.cpp
compiling ../../corelib/io/qiodevice.cpp
compiling ../../corelib/io/qipaddress.cpp
compiling ../../corelib/io/qfiledevice.cpp
compiling ../../corelib/io/qresource.cpp
compiling ../../corelib/io/qtemporarydir.cpp
compiling ../../corelib/io/qtemporaryfile.cpp
compiling ../../corelib/io/qsavefile.cpp
compiling ../../corelib/io/qstandardpaths.cpp
compiling ../../corelib/io/qloggingcategory.cpp
compiling ../../corelib/io/qloggingregistry.cpp
compiling ../../corelib/io/qurl.cpp
compiling ../../corelib/io/qurlidna.cpp
compiling ../../corelib/io/qurlquery.cpp
compiling ../../corelib/io/qurlrecode.cpp
compiling ../../corelib/kernel/qcoreapplication.cpp
compiling ../../corelib/kernel/qcoreglobaldata.cpp
compiling ../../corelib/kernel/qmetatype.cpp
compiling ../../corelib/kernel/qvariant.cpp
compiling ../../corelib/kernel/qsystemerror.cpp
compiling ../../corelib/kernel/qsharedmemory.cpp
compiling ../../corelib/kernel/qsystemsemaphore.cpp
compiling ../../corelib/plugin/quuid.cpp
compiling ../../corelib/serialization/qcborcommon.cpp
compiling ../../corelib/serialization/qcborstreamwriter.cpp
compiling ../../corelib/serialization/qcborvalue.cpp
compiling ../../corelib/serialization/qdatastream.cpp
compiling ../../corelib/serialization/qjsoncbor.cpp
compiling ../../corelib/serialization/qjsondocument.cpp
compiling ../../corelib/serialization/qjsonobject.cpp
compiling ../../corelib/serialization/qjsonarray.cpp
compiling ../../corelib/serialization/qjsonvalue.cpp
compiling ../../corelib/serialization/qjsonparser.cpp
compiling ../../corelib/serialization/qjsonwriter.cpp
compiling ../../corelib/serialization/qtextstream.cpp
compiling ../../corelib/serialization/qxmlutils.cpp
compiling ../../corelib/serialization/qxmlstream.cpp
compiling ../../corelib/text/qbytearray.cpp
compiling ../../corelib/text/qbytearraylist.cpp
make[4]: llvm-ar: Command not found
Makefile:189: recipe for target '../../../lib/libqtpcre2.a' failed
make[4]: *** [../../../lib/libqtpcre2.a] Error 127
make[4]: Leaving directory '/tmp/cirrus-ci-build/depends/work/build/x86_64-pc-linux-gnu/qt/5.15.3-1045bbbda2a/qtbase/src/3rdparty/pcre2'
Makefile:193: recipe for target 'sub-3rdparty-pcre2-make_first' failed
make[3]: *** [sub-3rdparty-pcre2-make_first] Error 2
make[3]: *** Waiting for unfinished jobs....
compiling ../../corelib/text/qbytearraymatcher.cpp
compiling ../../corelib/text/qlocale.cpp
compiling ../../corelib/text/qlocale_tools.cpp
compiling ../../corelib/text/qregexp.cpp
compiling ../../corelib/text/qstring.cpp
compiling ../../corelib/text/qstringbuilder.cpp
compiling ../../corelib/text/qstring_compat.cpp
compiling ../../corelib/text/qstringlist.cpp
compiling ../../corelib/text/qstringview.cpp
compiling ../../corelib/text/qvsnprintf.cpp
compiling ../../corelib/time/qcalendar.cpp
compiling ../../corelib/time/qdatetime.cpp
compiling ../../corelib/time/qgregoriancalendar.cpp
compiling ../../corelib/time/qromancalendar.cpp
compiling ../../corelib/tools/qarraydata.cpp
compiling ../../corelib/tools/qbitarray.cpp
compiling ../../corelib/tools/qcommandlineparser.cpp
compiling ../../corelib/tools/qcommandlineoption.cpp
compiling ../../corelib/tools/qcryptographichash.cpp
compiling ../../corelib/tools/qhash.cpp
compiling ../../corelib/tools/qlist.cpp
compiling ../../corelib/tools/qmap.cpp
compiling ../../corelib/tools/qringbuffer.cpp
compiling ../../corelib/tools/qrect.cpp
compiling ../../corelib/tools/qpoint.cpp
compiling ../../corelib/tools/qsize.cpp
compiling ../../corelib/tools/qline.cpp
compiling ../../corelib/tools/qversionnumber.cpp
compiling ../../xml/dom/qdom.cpp
compiling ../../xml/sax/qxml.cpp
compiling ../../corelib/kernel/qcore_unix.cpp
compiling ../../corelib/kernel/qsharedmemory_posix.cpp
compiling ../../corelib/kernel/qsharedmemory_systemv.cpp
compiling ../../corelib/kernel/qsharedmemory_unix.cpp
compiling ../../corelib/kernel/qsystemsemaphore_posix.cpp
compiling ../../corelib/kernel/qsystemsemaphore_systemv.cpp
compiling ../../corelib/kernel/qsystemsemaphore_unix.cpp
compiling ../../corelib/io/qfilesystemengine_unix.cpp
compiling ../../corelib/io/qfilesystemiterator_unix.cpp
compiling ../../corelib/io/qfsfileengine_unix.cpp
compiling ../../corelib/io/qstandardpaths_unix.cpp
compiling ../../3rdparty/zlib/src/adler32.c
compiling ../../3rdparty/zlib/src/compress.c
compiling ../../3rdparty/zlib/src/crc32.c
compiling ../../3rdparty/zlib/src/deflate.c
compiling ../../3rdparty/zlib/src/gzclose.c
compiling ../../3rdparty/zlib/src/gzlib.c
compiling ../../3rdparty/zlib/src/gzread.c
compiling ../../3rdparty/zlib/src/gzwrite.c
compiling ../../3rdparty/zlib/src/infback.c
compiling ../../3rdparty/zlib/src/inffast.c
../../3rdparty/zlib/src/infback.c: In function z_inflateBack:
../../3rdparty/zlib/src/infback.c:479:25: warning: this statement may fall through [-Wimplicit-fallthrough=]
             state->mode = LEN;
             ~~~~~~~~~~~~^~~~~
../../3rdparty/zlib/src/infback.c:481:9: note: here
         case LEN:
         ^~~~
compiling ../../3rdparty/zlib/src/inflate.c
compiling ../../3rdparty/zlib/src/inftrees.c
compiling ../../3rdparty/zlib/src/trees.c
../../3rdparty/zlib/src/inflate.c: In function z_inflate:
../../3rdparty/zlib/src/inflate.c:742:25: warning: this statement may fall through [-Wimplicit-fallthrough=]
             state->mode = EXLEN;
             ~~~~~~~~~~~~^~~~~~~
../../3rdparty/zlib/src/inflate.c:743:9: note: here
         case EXLEN:
         ^~~~
../../3rdparty/zlib/src/inflate.c:755:25: warning: this statement may fall through [-Wimplicit-fallthrough=]
             state->mode = EXTRA;
             ~~~~~~~~~~~~^~~~~~~
../../3rdparty/zlib/src/inflate.c:756:9: note: here
         case EXTRA:
         ^~~~
../../3rdparty/zlib/src/inflate.c:777:25: warning: this statement may fall through [-Wimplicit-fallthrough=]
             state->mode = NAME;
             ~~~~~~~~~~~~^~~~~~
../../3rdparty/zlib/src/inflate.c:778:9: note: here
         case NAME:
         ^~~~
../../3rdparty/zlib/src/inflate.c:798:25: warning: this statement may fall through [-Wimplicit-fallthrough=]
             state->mode = COMMENT;
             ~~~~~~~~~~~~^~~~~~~~~
../../3rdparty/zlib/src/inflate.c:799:9: note: here
         case COMMENT:
         ^~~~
../../3rdparty/zlib/src/inflate.c:818:25: warning: this statement may fall through [-Wimplicit-fallthrough=]
             state->mode = HCRC;
             ~~~~~~~~~~~~^~~~~~
../../3rdparty/zlib/src/inflate.c:819:9: note: here
         case HCRC:
         ^~~~
../../3rdparty/zlib/src/inflate.c:841:25: warning: this statement may fall through [-Wimplicit-fallthrough=]
             state->mode = DICT;
             ~~~~~~~~~~~~^~~~~~
../../3rdparty/zlib/src/inflate.c:842:9: note: here
         case DICT:
         ^~~~
../../3rdparty/zlib/src/inflate.c:848:25: warning: this statement may fall through [-Wimplicit-fallthrough=]
             state->mode = TYPE;
             ~~~~~~~~~~~~^~~~~~
../../3rdparty/zlib/src/inflate.c:849:9: note: here
         case TYPE:
         ^~~~
../../3rdparty/zlib/src/inflate.c:850:16: warning: this statement may fall through [-Wimplicit-fallthrough=]
             if (flush == Z_BLOCK || flush == Z_TREES) goto inf_leave;
                ^
../../3rdparty/zlib/src/inflate.c:851:9: note: here
         case TYPEDO:
         ^~~~
../../3rdparty/zlib/src/inflate.c:900:16: warning: this statement may fall through [-Wimplicit-fallthrough=]
             if (flush == Z_TREES) goto inf_leave;
                ^
../../3rdparty/zlib/src/inflate.c:901:9: note: here
         case COPY_:
         ^~~~
../../3rdparty/zlib/src/inflate.c:902:25: warning: this statement may fall through [-Wimplicit-fallthrough=]
             state->mode = COPY;
             ~~~~~~~~~~~~^~~~~~
../../3rdparty/zlib/src/inflate.c:903:9: note: here
         case COPY:
         ^~~~
../../3rdparty/zlib/src/inflate.c:1041:16: warning: this statement may fall through [-Wimplicit-fallthrough=]
             if (flush == Z_TREES) goto inf_leave;
                ^
../../3rdparty/zlib/src/inflate.c:1042:9: note: here
         case LEN_:
         ^~~~
../../3rdparty/zlib/src/inflate.c:1043:25: warning: this statement may fall through [-Wimplicit-fallthrough=]
             state->mode = LEN;
             ~~~~~~~~~~~~^~~~~
../../3rdparty/zlib/src/inflate.c:1044:9: note: here
         case LEN:
         ^~~~
../../3rdparty/zlib/src/inflate.c:1092:25: warning: this statement may fall through [-Wimplicit-fallthrough=]
             state->mode = LENEXT;
             ~~~~~~~~~~~~^~~~~~~~
../../3rdparty/zlib/src/inflate.c:1093:9: note: here
         case LENEXT:
         ^~~~
../../3rdparty/zlib/src/inflate.c:1102:25: warning: this statement may fall through [-Wimplicit-fallthrough=]
             state->mode = DIST;
             ~~~~~~~~~~~~^~~~~~
../../3rdparty/zlib/src/inflate.c:1103:9: note: here
         case DIST:
         ^~~~
../../3rdparty/zlib/src/inflate.c:1129:25: warning: this statement may fall through [-Wimplicit-fallthrough=]
             state->mode = DISTEXT;
             ~~~~~~~~~~~~^~~~~~~~~
../../3rdparty/zlib/src/inflate.c:1130:9: note: here
         case DISTEXT:
         ^~~~
../../3rdparty/zlib/src/inflate.c:1145:25: warning: this statement may fall through [-Wimplicit-fallthrough=]
             state->mode = MATCH;
             ~~~~~~~~~~~~^~~~~~~
../../3rdparty/zlib/src/inflate.c:1146:9: note: here
         case MATCH:
         ^~~~
../../3rdparty/zlib/src/inflate.c:1220:25: warning: this statement may fall through [-Wimplicit-fallthrough=]
             state->mode = LENGTH;
             ~~~~~~~~~~~~^~~~~~~~
../../3rdparty/zlib/src/inflate.c:1221:9: note: here
         case LENGTH:
         ^~~~
../../3rdparty/zlib/src/inflate.c:1233:25: warning: this statement may fall through [-Wimplicit-fallthrough=]
             state->mode = DONE;
             ~~~~~~~~~~~~^~~~~~
../../3rdparty/zlib/src/inflate.c:1234:9: note: here
         case DONE:
         ^~~~
compiling ../../3rdparty/zlib/src/uncompr.c
compiling ../../3rdparty/zlib/src/zutil.c
make[4]: Leaving directory '/tmp/cirrus-ci-build/depends/work/build/x86_64-pc-linux-gnu/qt/5.15.3-1045bbbda2a/qtbase/src/tools/bootstrap'
make[3]: Leaving directory '/tmp/cirrus-ci-build/depends/work/build/x86_64-pc-linux-gnu/qt/5.15.3-1045bbbda2a/qtbase/src'
Makefile:50: recipe for target 'sub-src-make_first' failed
make[2]: *** [sub-src-make_first] Error 2
make[2]: Leaving directory '/tmp/cirrus-ci-build/depends/work/build/x86_64-pc-linux-gnu/qt/5.15.3-1045bbbda2a/qtbase'
Makefile:48: recipe for target 'sub-qtbase-make_first' failed
make[1]: *** [sub-qtbase-make_first] Error 2
make[1]: Leaving directory '/tmp/cirrus-ci-build/depends/work/build/x86_64-pc-linux-gnu/qt/5.15.3-1045bbbda2a'
funcs.mk:286: recipe for target '/tmp/cirrus-ci-build/depends/work/build/x86_64-pc-linux-gnu/qt/5.15.3-1045bbbda2a/./.stamp_built' failed
make: *** [/tmp/cirrus-ci-build/depends/work/build/x86_64-pc-linux-gnu/qt/5.15.3-1045bbbda2a/./.stamp_built] Error 1
make: Leaving directory '/tmp/cirrus-ci-build/depends'

Exit status: 2        