./ci/test_run_all.sh
Setting specific values in env
Fallback to default values in env (if not yet set)
CCACHE_TEMPDIR=/tmp/.ccache-temp
BASE_OUTDIR=/tmp/cirrus-ci-build/ci/scratch/out/x86_64-pc-linux-gnu
TSAN_OPTIONS=suppressions=/tmp/cirrus-ci-build/test/sanitizer_suppressions/tsan:halt_on_error=1:log_path=/tmp/cirrus-ci-build/ci/scratch/sanitizer-output/tsan
CCACHE_SIZE=200M
CCACHE_DIR=/tmp/ccache_dir
BASE_BUILD_DIR=/tmp/cirrus-ci-build/ci/scratch/build
BASE_ROOT_DIR=/tmp/cirrus-ci-build
CCACHE_COMPRESS=1
ASAN_OPTIONS=detect_stack_use_after_return=1:check_initialization_order=1:strict_init_order=1
LSAN_OPTIONS=suppressions=/tmp/cirrus-ci-build/test/sanitizer_suppressions/lsan
BOOST_TEST_RANDOM=1
BITCOIN_CONFIG=--enable-zmq CPPFLAGS='-DARENA_DEBUG -DDEBUG_LOCKORDER -DDEBUG_LOCKCONTENTION' CXXFLAGS='-g' --with-sanitizers=thread CC=clang-13 CXX='clang++-13 -stdlib=libc++'
UBSAN_OPTIONS=suppressions=/tmp/cirrus-ci-build/test/sanitizer_suppressions/ubsan:print_stacktrace=1:halt_on_error=1:report_error_type=1
BASE_SCRATCH_DIR=/tmp/cirrus-ci-build/ci/scratch
CCACHE_NOHASHDIR=1
LC_ALL=C.UTF-8
PREVIOUS_RELEASES_DIR=/tmp/cirrus-ci-build/releases/x86_64-pc-linux-gnu
DEBIAN_FRONTEND=noninteractive
Running on host system without docker wrapper
Hit:1 http://security.ubuntu.com/ubuntu jammy-security InRelease
Hit:2 http://archive.ubuntu.com/ubuntu jammy InRelease
Hit:3 http://archive.ubuntu.com/ubuntu jammy-updates InRelease
Hit:4 http://archive.ubuntu.com/ubuntu jammy-backports InRelease
Reading package lists...
Reading package lists...
Building dependency tree...
Reading state information...
Skipping ca-certificates, it is already installed and upgrade is not set.
ca-certificates set to manually installed.
Skipping procps, it is already installed and upgrade is not set.
Skipping git, it is already installed and upgrade is not set.
The following additional packages will be installed:
  autoconf binutils binutils-common binutils-x86-64-linux-gnu bsdextrautils
  bzip2 cpp cpp-11 dpkg-dev file g++ g++-11 gcc gcc-11 gcc-11-base lib32gcc-s1
  lib32stdc++6 libasan6 libatomic1 libbinutils libc++1-13 libc++abi1-13
  libc-dev-bin libc6-dev libc6-i386 libcc1-0 libclang-common-13-dev
  libclang-cpp13 libclang1-13 libcrypt-dev libctf-nobfd0 libctf0 libcurl4
  libdpkg-perl libgc1 libgcc-11-dev libglib2.0-0 libgomp1 libhiredis0.14
  libicu70 libisl23 libitm1 libllvm13 liblsan0 libmagic-mgc libmagic1 libmpc3
  libmpdec3 libmpfr6 libnorm1 libnsl-dev libobjc-11-dev libobjc4 libpfm4
  libpgm-5.3-0 libpopt0 libpython3-stdlib libpython3.10-minimal
  libpython3.10-stdlib libquadmath0 libreadline8 libsigsegv2 libsodium23
  libsqlite3-0 libstdc++-11-dev libtirpc-dev libtsan0 libubsan1 libunwind-13
  libunwind-13-dev libxml2 libzmq5 linux-libc-dev llvm-13-linker-tools
  llvm-13-runtime lto-disabled-list m4 make media-types ncal
  python3-cffi-backend python3-minimal python3-pkg-resources python3-py
  python3.10 python3.10-minimal readline-common rpcsvc-proto xz-utils
Suggested packages:
  autoconf-archive gnu-standards autoconf-doc gettext binutils-doc bison-doc
  calendar whois vacation mailutils bzip2-doc distcc | icecc clang-13-doc
  cpp-doc gcc-11-locales debian-keyring g++-multilib g++-11-multilib
  gcc-11-doc gcc-multilib manpages-dev flex gdb gcc-doc gcc-11-multilib clang
  glibc-doc gnupg bzr libstdc++-11-doc libtool-doc gfortran
  | fortran95-compiler gcj-jdk llvm-13-doc m4-doc make-doc python3-doc
  python3-tk python3-venv python3-setuptools subversion python3-pytest
  python3.10-venv python3.10-doc binfmt-support readline-doc openssh-server
Recommended packages:
  llvm-13-dev fakeroot gnupg libalgorithm-merge-perl manpages manpages-dev
  libc-devtools libfile-fcntllock-perl liblocale-gettext-perl libglib2.0-data
  shared-mime-info xdg-user-dirs libltdl-dev binfmt-support
The following NEW packages will be installed:
  autoconf automake autotools-dev binutils binutils-common
  binutils-x86-64-linux-gnu bison bsdextrautils bsdmainutils build-essential
  bzip2 ccache clang-13 cpp cpp-11 curl dpkg-dev file g++ g++-11 gcc gcc-11
  gcc-11-base lib32gcc-s1 lib32stdc++6 libasan6 libatomic1 libbinutils
  libc++-13-dev libc++1-13 libc++abi-13-dev libc++abi1-13 libc-dev-bin
  libc6-dev libc6-i386 libcc1-0 libclang-common-13-dev libclang-cpp13
  libclang1-13 libcrypt-dev libctf-nobfd0 libctf0 libcurl4 libdpkg-perl libgc1
  libgcc-11-dev libglib2.0-0 libgomp1 libhiredis0.14 libicu70 libisl23 libitm1
  libllvm13 liblsan0 libmagic-mgc libmagic1 libmpc3 libmpdec3 libmpfr6
  libnorm1 libnsl-dev libobjc-11-dev libobjc4 libpfm4 libpgm-5.3-0 libpopt0
  libpython3-stdlib libpython3.10-minimal libpython3.10-stdlib libquadmath0
  libreadline8 libsigsegv2 libsodium23 libsqlite3-0 libstdc++-11-dev
  libtirpc-dev libtool libtsan0 libubsan1 libunwind-13 libunwind-13-dev
  libxml2 libzmq5 linux-libc-dev llvm-13 llvm-13-linker-tools llvm-13-runtime
  lto-disabled-list m4 make media-types ncal pkg-config python3
  python3-cffi-backend python3-minimal python3-pkg-resources python3-py
  python3-zmq python3.10 python3.10-minimal readline-common rpcsvc-proto rsync
  xz-utils
0 upgraded, 105 newly installed, 0 to remove and 8 not upgraded.
Need to get 154 MB of archives.
After this operation, 654 MB of additional disk space will be used.
Get:1 http://archive.ubuntu.com/ubuntu jammy/main amd64 libpython3.10-minimal amd64 3.10.4-3 [809 kB]
Get:2 http://archive.ubuntu.com/ubuntu jammy/main amd64 python3.10-minimal amd64 3.10.4-3 [2246 kB]
Get:3 http://archive.ubuntu.com/ubuntu jammy/main amd64 python3-minimal amd64 3.10.4-0ubuntu2 [24.4 kB]
Get:4 http://archive.ubuntu.com/ubuntu jammy/main amd64 media-types all 7.0.0 [25.5 kB]
Get:5 http://archive.ubuntu.com/ubuntu jammy/main amd64 libmpdec3 amd64 2.5.1-2build2 [86.8 kB]
Get:6 http://archive.ubuntu.com/ubuntu jammy/main amd64 readline-common all 8.1.2-1 [53.5 kB]
Get:7 http://archive.ubuntu.com/ubuntu jammy/main amd64 libreadline8 amd64 8.1.2-1 [153 kB]
Get:8 http://archive.ubuntu.com/ubuntu jammy/main amd64 libsqlite3-0 amd64 3.37.2-2 [643 kB]
Get:9 http://archive.ubuntu.com/ubuntu jammy/main amd64 libpython3.10-stdlib amd64 3.10.4-3 [1830 kB]
Get:10 http://archive.ubuntu.com/ubuntu jammy/main amd64 python3.10 amd64 3.10.4-3 [488 kB]
Get:11 http://archive.ubuntu.com/ubuntu jammy/main amd64 libpython3-stdlib amd64 3.10.4-0ubuntu2 [6990 B]
Get:12 http://archive.ubuntu.com/ubuntu jammy/main amd64 python3 amd64 3.10.4-0ubuntu2 [22.8 kB]
Get:13 http://archive.ubuntu.com/ubuntu jammy/main amd64 libpopt0 amd64 1.18-3build1 [28.2 kB]
Get:14 http://archive.ubuntu.com/ubuntu jammy/main amd64 rsync amd64 3.2.3-8ubuntu3 [404 kB]
Get:15 http://archive.ubuntu.com/ubuntu jammy/main amd64 libglib2.0-0 amd64 2.72.1-1 [1460 kB]
Get:16 http://archive.ubuntu.com/ubuntu jammy/main amd64 libicu70 amd64 70.1-2 [10.6 MB]
Get:17 http://archive.ubuntu.com/ubuntu jammy-updates/main amd64 libxml2 amd64 2.9.13+dfsg-1ubuntu0.1 [763 kB]
Get:18 http://archive.ubuntu.com/ubuntu jammy/main amd64 python3-pkg-resources all 59.6.0-1.2 [132 kB]
Get:19 http://archive.ubuntu.com/ubuntu jammy/main amd64 bsdextrautils amd64 2.37.2-4ubuntu3 [71.1 kB]
Get:20 http://archive.ubuntu.com/ubuntu jammy/main amd64 libmagic-mgc amd64 1:5.41-3 [257 kB]
Get:21 http://archive.ubuntu.com/ubuntu jammy/main amd64 libmagic1 amd64 1:5.41-3 [87.2 kB]
Get:22 http://archive.ubuntu.com/ubuntu jammy/main amd64 file amd64 1:5.41-3 [21.5 kB]
Get:23 http://archive.ubuntu.com/ubuntu jammy/main amd64 xz-utils amd64 5.2.5-2ubuntu1 [84.8 kB]
Get:24 http://archive.ubuntu.com/ubuntu jammy/main amd64 libsigsegv2 amd64 2.13-1ubuntu3 [14.6 kB]
Get:25 http://archive.ubuntu.com/ubuntu jammy/main amd64 m4 amd64 1.4.18-5ubuntu2 [199 kB]
Get:26 http://archive.ubuntu.com/ubuntu jammy/main amd64 autoconf all 2.71-2 [338 kB]
Get:27 http://archive.ubuntu.com/ubuntu jammy/main amd64 autotools-dev all 20220109.1 [44.9 kB]
Get:28 http://archive.ubuntu.com/ubuntu jammy/main amd64 automake all 1:1.16.5-1.3 [558 kB]
Get:29 http://archive.ubuntu.com/ubuntu jammy/main amd64 binutils-common amd64 2.38-3ubuntu1 [221 kB]
Get:30 http://archive.ubuntu.com/ubuntu jammy/main amd64 libbinutils amd64 2.38-3ubuntu1 [662 kB]
Get:31 http://archive.ubuntu.com/ubuntu jammy/main amd64 libctf-nobfd0 amd64 2.38-3ubuntu1 [106 kB]
Get:32 http://archive.ubuntu.com/ubuntu jammy/main amd64 libctf0 amd64 2.38-3ubuntu1 [103 kB]
Get:33 http://archive.ubuntu.com/ubuntu jammy/main amd64 binutils-x86-64-linux-gnu amd64 2.38-3ubuntu1 [2328 kB]
Get:34 http://archive.ubuntu.com/ubuntu jammy/main amd64 binutils amd64 2.38-3ubuntu1 [3186 B]
Get:35 http://archive.ubuntu.com/ubuntu jammy/main amd64 bison amd64 2:3.8.2+dfsg-1build1 [748 kB]
Get:36 http://archive.ubuntu.com/ubuntu jammy/universe amd64 ncal amd64 12.1.7+nmu3ubuntu2 [20.2 kB]
Get:37 http://archive.ubuntu.com/ubuntu jammy/universe amd64 bsdmainutils all 12.1.7+nmu3ubuntu2 [3170 B]
Get:38 http://archive.ubuntu.com/ubuntu jammy/main amd64 libc-dev-bin amd64 2.35-0ubuntu3 [20.3 kB]
Get:39 http://archive.ubuntu.com/ubuntu jammy-updates/main amd64 linux-libc-dev amd64 5.15.0-40.43 [1286 kB]
Get:40 http://archive.ubuntu.com/ubuntu jammy/main amd64 libcrypt-dev amd64 1:4.4.27-1 [112 kB]
Get:41 http://archive.ubuntu.com/ubuntu jammy/main amd64 rpcsvc-proto amd64 1.4.2-0ubuntu6 [68.5 kB]
Get:42 http://archive.ubuntu.com/ubuntu jammy/main amd64 libtirpc-dev amd64 1.3.2-2build1 [192 kB]
Get:43 http://archive.ubuntu.com/ubuntu jammy/main amd64 libnsl-dev amd64 1.3.0-2build2 [71.3 kB]
Get:44 http://archive.ubuntu.com/ubuntu jammy/main amd64 libc6-dev amd64 2.35-0ubuntu3 [2099 kB]
Get:45 http://archive.ubuntu.com/ubuntu jammy/main amd64 gcc-11-base amd64 11.2.0-19ubuntu1 [20.8 kB]
Get:46 http://archive.ubuntu.com/ubuntu jammy/main amd64 libisl23 amd64 0.24-2build1 [727 kB]
Get:47 http://archive.ubuntu.com/ubuntu jammy/main amd64 libmpfr6 amd64 4.1.0-3build3 [1425 kB]
Get:48 http://archive.ubuntu.com/ubuntu jammy/main amd64 libmpc3 amd64 1.2.1-2build1 [46.9 kB]
Get:49 http://archive.ubuntu.com/ubuntu jammy/main amd64 cpp-11 amd64 11.2.0-19ubuntu1 [9966 kB]
Get:50 http://archive.ubuntu.com/ubuntu jammy/main amd64 cpp amd64 4:11.2.0-1ubuntu1 [27.7 kB]
Get:51 http://archive.ubuntu.com/ubuntu jammy/main amd64 libcc1-0 amd64 12-20220319-1ubuntu1 [47.2 kB]
Get:52 http://archive.ubuntu.com/ubuntu jammy/main amd64 libgomp1 amd64 12-20220319-1ubuntu1 [126 kB]
Get:53 http://archive.ubuntu.com/ubuntu jammy/main amd64 libitm1 amd64 12-20220319-1ubuntu1 [30.2 kB]
Get:54 http://archive.ubuntu.com/ubuntu jammy/main amd64 libatomic1 amd64 12-20220319-1ubuntu1 [10.4 kB]
Get:55 http://archive.ubuntu.com/ubuntu jammy/main amd64 libasan6 amd64 11.2.0-19ubuntu1 [2283 kB]
Get:56 http://archive.ubuntu.com/ubuntu jammy/main amd64 liblsan0 amd64 12-20220319-1ubuntu1 [1069 kB]
Get:57 http://archive.ubuntu.com/ubuntu jammy/main amd64 libtsan0 amd64 11.2.0-19ubuntu1 [2261 kB]
Get:58 http://archive.ubuntu.com/ubuntu jammy/main amd64 libubsan1 amd64 12-20220319-1ubuntu1 [976 kB]
Get:59 http://archive.ubuntu.com/ubuntu jammy/main amd64 libquadmath0 amd64 12-20220319-1ubuntu1 [154 kB]
Get:60 http://archive.ubuntu.com/ubuntu jammy/main amd64 libgcc-11-dev amd64 11.2.0-19ubuntu1 [2526 kB]
Get:61 http://archive.ubuntu.com/ubuntu jammy/main amd64 gcc-11 amd64 11.2.0-19ubuntu1 [20.1 MB]
Get:62 http://archive.ubuntu.com/ubuntu jammy/main amd64 gcc amd64 4:11.2.0-1ubuntu1 [5112 B]
Get:63 http://archive.ubuntu.com/ubuntu jammy/main amd64 libstdc++-11-dev amd64 11.2.0-19ubuntu1 [2083 kB]
Get:64 http://archive.ubuntu.com/ubuntu jammy/main amd64 g++-11 amd64 11.2.0-19ubuntu1 [11.4 MB]
Get:65 http://archive.ubuntu.com/ubuntu jammy/main amd64 g++ amd64 4:11.2.0-1ubuntu1 [1412 B]
Get:66 http://archive.ubuntu.com/ubuntu jammy/main amd64 make amd64 4.3-4.1build1 [180 kB]
Get:67 http://archive.ubuntu.com/ubuntu jammy-updates/main amd64 libdpkg-perl all 1.21.1ubuntu2.1 [237 kB]
Get:68 http://archive.ubuntu.com/ubuntu jammy/main amd64 bzip2 amd64 1.0.8-5build1 [34.8 kB]
Get:69 http://archive.ubuntu.com/ubuntu jammy/main amd64 lto-disabled-list all 24 [12.5 kB]
Get:70 http://archive.ubuntu.com/ubuntu jammy-updates/main amd64 dpkg-dev all 1.21.1ubuntu2.1 [922 kB]
Get:71 http://archive.ubuntu.com/ubuntu jammy/main amd64 build-essential amd64 12.9ubuntu3 [4744 B]
Get:72 http://archive.ubuntu.com/ubuntu jammy/universe amd64 libhiredis0.14 amd64 0.14.1-2 [32.8 kB]
Get:73 http://archive.ubuntu.com/ubuntu jammy/universe amd64 ccache amd64 4.5.1-1 [495 kB]
Get:74 http://archive.ubuntu.com/ubuntu jammy/main amd64 libllvm13 amd64 1:13.0.1-2ubuntu2 [22.1 MB]
Get:75 http://archive.ubuntu.com/ubuntu jammy/main amd64 libclang-cpp13 amd64 1:13.0.1-2ubuntu2 [11.8 MB]
Get:76 http://archive.ubuntu.com/ubuntu jammy/main amd64 libgc1 amd64 1:8.0.6-1.1build1 [96.8 kB]
Get:77 http://archive.ubuntu.com/ubuntu jammy/universe amd64 libobjc4 amd64 12-20220319-1ubuntu1 [48.6 kB]
Get:78 http://archive.ubuntu.com/ubuntu jammy/universe amd64 libobjc-11-dev amd64 11.2.0-19ubuntu1 [196 kB]
Get:79 http://archive.ubuntu.com/ubuntu jammy/main amd64 libc6-i386 amd64 2.35-0ubuntu3 [2838 kB]
Get:80 http://archive.ubuntu.com/ubuntu jammy/main amd64 lib32gcc-s1 amd64 12-20220319-1ubuntu1 [64.5 kB]
Get:81 http://archive.ubuntu.com/ubuntu jammy/main amd64 lib32stdc++6 amd64 12-20220319-1ubuntu1 [738 kB]
Get:82 http://archive.ubuntu.com/ubuntu jammy/universe amd64 libclang-common-13-dev amd64 1:13.0.1-2ubuntu2 [5788 kB]
Get:83 http://archive.ubuntu.com/ubuntu jammy/main amd64 llvm-13-linker-tools amd64 1:13.0.1-2ubuntu2 [1314 kB]
Get:84 http://archive.ubuntu.com/ubuntu jammy/universe amd64 libclang1-13 amd64 1:13.0.1-2ubuntu2 [6879 kB]
Get:85 http://archive.ubuntu.com/ubuntu jammy/universe amd64 clang-13 amd64 1:13.0.1-2ubuntu2 [80.3 kB]
Get:86 http://archive.ubuntu.com/ubuntu jammy-updates/main amd64 libcurl4 amd64 7.81.0-1ubuntu1.3 [290 kB]
Get:87 http://archive.ubuntu.com/ubuntu jammy-updates/main amd64 curl amd64 7.81.0-1ubuntu1.3 [194 kB]
Get:88 http://archive.ubuntu.com/ubuntu jammy/main amd64 libunwind-13 amd64 1:13.0.1-2ubuntu2 [20.8 kB]
Get:89 http://archive.ubuntu.com/ubuntu jammy/universe amd64 libc++abi1-13 amd64 1:13.0.1-2ubuntu2 [68.4 kB]
Get:90 http://archive.ubuntu.com/ubuntu jammy/universe amd64 libc++1-13 amd64 1:13.0.1-2ubuntu2 [236 kB]
Get:91 http://archive.ubuntu.com/ubuntu jammy/main amd64 libunwind-13-dev amd64 1:13.0.1-2ubuntu2 [37.4 kB]
Get:92 http://archive.ubuntu.com/ubuntu jammy/universe amd64 libc++-13-dev amd64 1:13.0.1-2ubuntu2 [843 kB]
Get:93 http://archive.ubuntu.com/ubuntu jammy/universe amd64 libc++abi-13-dev amd64 1:13.0.1-2ubuntu2 [93.5 kB]
Get:94 http://archive.ubuntu.com/ubuntu jammy/universe amd64 libnorm1 amd64 1.5.9+dfsg-2 [221 kB]
Get:95 http://archive.ubuntu.com/ubuntu jammy/universe amd64 libpgm-5.3-0 amd64 5.3.128~dfsg-2 [161 kB]
Get:96 http://archive.ubuntu.com/ubuntu jammy/main amd64 libsodium23 amd64 1.0.18-1build2 [164 kB]
Get:97 http://archive.ubuntu.com/ubuntu jammy/main amd64 libtool all 2.4.6-15build2 [164 kB]
Get:98 http://archive.ubuntu.com/ubuntu jammy/universe amd64 libzmq5 amd64 4.3.4-2 [256 kB]
Get:99 http://archive.ubuntu.com/ubuntu jammy/main amd64 llvm-13-runtime amd64 1:13.0.1-2ubuntu2 [234 kB]
Get:100 http://archive.ubuntu.com/ubuntu jammy/main amd64 libpfm4 amd64 4.11.1+git32-gd0b85fb-1 [278 kB]
Get:101 http://archive.ubuntu.com/ubuntu jammy/main amd64 llvm-13 amd64 1:13.0.1-2ubuntu2 [11.9 MB]
Get:102 http://archive.ubuntu.com/ubuntu jammy/main amd64 pkg-config amd64 0.29.2-1ubuntu3 [48.2 kB]
Get:103 http://archive.ubuntu.com/ubuntu jammy/main amd64 python3-cffi-backend amd64 1.15.0-1build2 [77.4 kB]
Get:104 http://archive.ubuntu.com/ubuntu jammy/universe amd64 python3-py all 1.10.0-1 [71.9 kB]
Get:105 http://archive.ubuntu.com/ubuntu jammy/universe amd64 python3-zmq amd64 22.3.0-1build1 [283 kB]
debconf: delaying package configuration, since apt-utils is not installed
Fetched 154 MB in 9s (16.3 MB/s)
Selecting previously unselected package libpython3.10-minimal:amd64.
(Reading database ... (Reading database ... 5%(Reading database ... 10%(Reading database ... 15%(Reading database ... 20%(Reading database ... 25%(Reading database ... 30%(Reading database ... 35%(Reading database ... 40%(Reading database ... 45%(Reading database ... 50%(Reading database ... 55%(Reading database ... 60%(Reading database ... 65%(Reading database ... 70%(Reading database ... 75%(Reading database ... 80%(Reading database ... 85%(Reading database ... 90%(Reading database ... 95%(Reading database ... 100%(Reading database ... 8352 files and directories currently installed.)
Preparing to unpack .../libpython3.10-minimal_3.10.4-3_amd64.deb ...
Unpacking libpython3.10-minimal:amd64 (3.10.4-3) ...
Selecting previously unselected package python3.10-minimal.
Preparing to unpack .../python3.10-minimal_3.10.4-3_amd64.deb ...
Unpacking python3.10-minimal (3.10.4-3) ...
Setting up libpython3.10-minimal:amd64 (3.10.4-3) ...
Setting up python3.10-minimal (3.10.4-3) ...
Selecting previously unselected package python3-minimal.
(Reading database ... (Reading database ... 5%(Reading database ... 10%(Reading database ... 15%(Reading database ... 20%(Reading database ... 25%(Reading database ... 30%(Reading database ... 35%(Reading database ... 40%(Reading database ... 45%(Reading database ... 50%(Reading database ... 55%(Reading database ... 60%(Reading database ... 65%(Reading database ... 70%(Reading database ... 75%(Reading database ... 80%(Reading database ... 85%(Reading database ... 90%(Reading database ... 95%(Reading database ... 100%(Reading database ... 8646 files and directories currently installed.)
Preparing to unpack .../0-python3-minimal_3.10.4-0ubuntu2_amd64.deb ...
Unpacking python3-minimal (3.10.4-0ubuntu2) ...
Selecting previously unselected package media-types.
Preparing to unpack .../1-media-types_7.0.0_all.deb ...
Unpacking media-types (7.0.0) ...
Selecting previously unselected package libmpdec3:amd64.
Preparing to unpack .../2-libmpdec3_2.5.1-2build2_amd64.deb ...
Unpacking libmpdec3:amd64 (2.5.1-2build2) ...
Selecting previously unselected package readline-common.
Preparing to unpack .../3-readline-common_8.1.2-1_all.deb ...
Unpacking readline-common (8.1.2-1) ...
Selecting previously unselected package libreadline8:amd64.
Preparing to unpack .../4-libreadline8_8.1.2-1_amd64.deb ...
Unpacking libreadline8:amd64 (8.1.2-1) ...
Selecting previously unselected package libsqlite3-0:amd64.
Preparing to unpack .../5-libsqlite3-0_3.37.2-2_amd64.deb ...
Unpacking libsqlite3-0:amd64 (3.37.2-2) ...
Selecting previously unselected package libpython3.10-stdlib:amd64.
Preparing to unpack .../6-libpython3.10-stdlib_3.10.4-3_amd64.deb ...
Unpacking libpython3.10-stdlib:amd64 (3.10.4-3) ...
Selecting previously unselected package python3.10.
Preparing to unpack .../7-python3.10_3.10.4-3_amd64.deb ...
Unpacking python3.10 (3.10.4-3) ...
Selecting previously unselected package libpython3-stdlib:amd64.
Preparing to unpack .../8-libpython3-stdlib_3.10.4-0ubuntu2_amd64.deb ...
Unpacking libpython3-stdlib:amd64 (3.10.4-0ubuntu2) ...
Setting up python3-minimal (3.10.4-0ubuntu2) ...
Selecting previously unselected package python3.
(Reading database ... (Reading database ... 5%(Reading database ... 10%(Reading database ... 15%(Reading database ... 20%(Reading database ... 25%(Reading database ... 30%(Reading database ... 35%(Reading database ... 40%(Reading database ... 45%(Reading database ... 50%(Reading database ... 55%(Reading database ... 60%(Reading database ... 65%(Reading database ... 70%(Reading database ... 75%(Reading database ... 80%(Reading database ... 85%(Reading database ... 90%(Reading database ... 95%(Reading database ... 100%(Reading database ... 9075 files and directories currently installed.)
Preparing to unpack .../00-python3_3.10.4-0ubuntu2_amd64.deb ...
Unpacking python3 (3.10.4-0ubuntu2) ...
Selecting previously unselected package libpopt0:amd64.
Preparing to unpack .../01-libpopt0_1.18-3build1_amd64.deb ...
Unpacking libpopt0:amd64 (1.18-3build1) ...
Selecting previously unselected package rsync.
Preparing to unpack .../02-rsync_3.2.3-8ubuntu3_amd64.deb ...
Unpacking rsync (3.2.3-8ubuntu3) ...
Selecting previously unselected package libglib2.0-0:amd64.
Preparing to unpack .../03-libglib2.0-0_2.72.1-1_amd64.deb ...
Unpacking libglib2.0-0:amd64 (2.72.1-1) ...
Selecting previously unselected package libicu70:amd64.
Preparing to unpack .../04-libicu70_70.1-2_amd64.deb ...
Unpacking libicu70:amd64 (70.1-2) ...
Selecting previously unselected package libxml2:amd64.
Preparing to unpack .../05-libxml2_2.9.13+dfsg-1ubuntu0.1_amd64.deb ...
Unpacking libxml2:amd64 (2.9.13+dfsg-1ubuntu0.1) ...
Selecting previously unselected package python3-pkg-resources.
Preparing to unpack .../06-python3-pkg-resources_59.6.0-1.2_all.deb ...
Unpacking python3-pkg-resources (59.6.0-1.2) ...
Selecting previously unselected package bsdextrautils.
Preparing to unpack .../07-bsdextrautils_2.37.2-4ubuntu3_amd64.deb ...
Unpacking bsdextrautils (2.37.2-4ubuntu3) ...
Selecting previously unselected package libmagic-mgc.
Preparing to unpack .../08-libmagic-mgc_1%3a5.41-3_amd64.deb ...
Unpacking libmagic-mgc (1:5.41-3) ...
Selecting previously unselected package libmagic1:amd64.
Preparing to unpack .../09-libmagic1_1%3a5.41-3_amd64.deb ...
Unpacking libmagic1:amd64 (1:5.41-3) ...
Selecting previously unselected package file.
Preparing to unpack .../10-file_1%3a5.41-3_amd64.deb ...
Unpacking file (1:5.41-3) ...
Selecting previously unselected package xz-utils.
Preparing to unpack .../11-xz-utils_5.2.5-2ubuntu1_amd64.deb ...
Unpacking xz-utils (5.2.5-2ubuntu1) ...
Selecting previously unselected package libsigsegv2:amd64.
Preparing to unpack .../12-libsigsegv2_2.13-1ubuntu3_amd64.deb ...
Unpacking libsigsegv2:amd64 (2.13-1ubuntu3) ...
Selecting previously unselected package m4.
Preparing to unpack .../13-m4_1.4.18-5ubuntu2_amd64.deb ...
Unpacking m4 (1.4.18-5ubuntu2) ...
Selecting previously unselected package autoconf.
Preparing to unpack .../14-autoconf_2.71-2_all.deb ...
Unpacking autoconf (2.71-2) ...
Selecting previously unselected package autotools-dev.
Preparing to unpack .../15-autotools-dev_20220109.1_all.deb ...
Unpacking autotools-dev (20220109.1) ...
Selecting previously unselected package automake.
Preparing to unpack .../16-automake_1%3a1.16.5-1.3_all.deb ...
Unpacking automake (1:1.16.5-1.3) ...
Selecting previously unselected package binutils-common:amd64.
Preparing to unpack .../17-binutils-common_2.38-3ubuntu1_amd64.deb ...
Unpacking binutils-common:amd64 (2.38-3ubuntu1) ...
Selecting previously unselected package libbinutils:amd64.
Preparing to unpack .../18-libbinutils_2.38-3ubuntu1_amd64.deb ...
Unpacking libbinutils:amd64 (2.38-3ubuntu1) ...
Selecting previously unselected package libctf-nobfd0:amd64.
Preparing to unpack .../19-libctf-nobfd0_2.38-3ubuntu1_amd64.deb ...
Unpacking libctf-nobfd0:amd64 (2.38-3ubuntu1) ...
Selecting previously unselected package libctf0:amd64.
Preparing to unpack .../20-libctf0_2.38-3ubuntu1_amd64.deb ...
Unpacking libctf0:amd64 (2.38-3ubuntu1) ...
Selecting previously unselected package binutils-x86-64-linux-gnu.
Preparing to unpack .../21-binutils-x86-64-linux-gnu_2.38-3ubuntu1_amd64.deb ...
Unpacking binutils-x86-64-linux-gnu (2.38-3ubuntu1) ...
Selecting previously unselected package binutils.
Preparing to unpack .../22-binutils_2.38-3ubuntu1_amd64.deb ...
Unpacking binutils (2.38-3ubuntu1) ...
Selecting previously unselected package bison.
Preparing to unpack .../23-bison_2%3a3.8.2+dfsg-1build1_amd64.deb ...
Unpacking bison (2:3.8.2+dfsg-1build1) ...
Selecting previously unselected package ncal.
Preparing to unpack .../24-ncal_12.1.7+nmu3ubuntu2_amd64.deb ...
Unpacking ncal (12.1.7+nmu3ubuntu2) ...
Selecting previously unselected package bsdmainutils.
Preparing to unpack .../25-bsdmainutils_12.1.7+nmu3ubuntu2_all.deb ...
Unpacking bsdmainutils (12.1.7+nmu3ubuntu2) ...
Selecting previously unselected package libc-dev-bin.
Preparing to unpack .../26-libc-dev-bin_2.35-0ubuntu3_amd64.deb ...
Unpacking libc-dev-bin (2.35-0ubuntu3) ...
Selecting previously unselected package linux-libc-dev:amd64.
Preparing to unpack .../27-linux-libc-dev_5.15.0-40.43_amd64.deb ...
Unpacking linux-libc-dev:amd64 (5.15.0-40.43) ...
Selecting previously unselected package libcrypt-dev:amd64.
Preparing to unpack .../28-libcrypt-dev_1%3a4.4.27-1_amd64.deb ...
Unpacking libcrypt-dev:amd64 (1:4.4.27-1) ...
Selecting previously unselected package rpcsvc-proto.
Preparing to unpack .../29-rpcsvc-proto_1.4.2-0ubuntu6_amd64.deb ...
Unpacking rpcsvc-proto (1.4.2-0ubuntu6) ...
Selecting previously unselected package libtirpc-dev:amd64.
Preparing to unpack .../30-libtirpc-dev_1.3.2-2build1_amd64.deb ...
Unpacking libtirpc-dev:amd64 (1.3.2-2build1) ...
Selecting previously unselected package libnsl-dev:amd64.
Preparing to unpack .../31-libnsl-dev_1.3.0-2build2_amd64.deb ...
Unpacking libnsl-dev:amd64 (1.3.0-2build2) ...
Selecting previously unselected package libc6-dev:amd64.
Preparing to unpack .../32-libc6-dev_2.35-0ubuntu3_amd64.deb ...
Unpacking libc6-dev:amd64 (2.35-0ubuntu3) ...
Selecting previously unselected package gcc-11-base:amd64.
Preparing to unpack .../33-gcc-11-base_11.2.0-19ubuntu1_amd64.deb ...
Unpacking gcc-11-base:amd64 (11.2.0-19ubuntu1) ...
Selecting previously unselected package libisl23:amd64.
Preparing to unpack .../34-libisl23_0.24-2build1_amd64.deb ...
Unpacking libisl23:amd64 (0.24-2build1) ...
Selecting previously unselected package libmpfr6:amd64.
Preparing to unpack .../35-libmpfr6_4.1.0-3build3_amd64.deb ...
Unpacking libmpfr6:amd64 (4.1.0-3build3) ...
Selecting previously unselected package libmpc3:amd64.
Preparing to unpack .../36-libmpc3_1.2.1-2build1_amd64.deb ...
Unpacking libmpc3:amd64 (1.2.1-2build1) ...
Selecting previously unselected package cpp-11.
Preparing to unpack .../37-cpp-11_11.2.0-19ubuntu1_amd64.deb ...
Unpacking cpp-11 (11.2.0-19ubuntu1) ...
Selecting previously unselected package cpp.
Preparing to unpack .../38-cpp_4%3a11.2.0-1ubuntu1_amd64.deb ...
Unpacking cpp (4:11.2.0-1ubuntu1) ...
Selecting previously unselected package libcc1-0:amd64.
Preparing to unpack .../39-libcc1-0_12-20220319-1ubuntu1_amd64.deb ...
Unpacking libcc1-0:amd64 (12-20220319-1ubuntu1) ...
Selecting previously unselected package libgomp1:amd64.
Preparing to unpack .../40-libgomp1_12-20220319-1ubuntu1_amd64.deb ...
Unpacking libgomp1:amd64 (12-20220319-1ubuntu1) ...
Selecting previously unselected package libitm1:amd64.
Preparing to unpack .../41-libitm1_12-20220319-1ubuntu1_amd64.deb ...
Unpacking libitm1:amd64 (12-20220319-1ubuntu1) ...
Selecting previously unselected package libatomic1:amd64.
Preparing to unpack .../42-libatomic1_12-20220319-1ubuntu1_amd64.deb ...
Unpacking libatomic1:amd64 (12-20220319-1ubuntu1) ...
Selecting previously unselected package libasan6:amd64.
Preparing to unpack .../43-libasan6_11.2.0-19ubuntu1_amd64.deb ...
Unpacking libasan6:amd64 (11.2.0-19ubuntu1) ...
Selecting previously unselected package liblsan0:amd64.
Preparing to unpack .../44-liblsan0_12-20220319-1ubuntu1_amd64.deb ...
Unpacking liblsan0:amd64 (12-20220319-1ubuntu1) ...
Selecting previously unselected package libtsan0:amd64.
Preparing to unpack .../45-libtsan0_11.2.0-19ubuntu1_amd64.deb ...
Unpacking libtsan0:amd64 (11.2.0-19ubuntu1) ...
Selecting previously unselected package libubsan1:amd64.
Preparing to unpack .../46-libubsan1_12-20220319-1ubuntu1_amd64.deb ...
Unpacking libubsan1:amd64 (12-20220319-1ubuntu1) ...
Selecting previously unselected package libquadmath0:amd64.
Preparing to unpack .../47-libquadmath0_12-20220319-1ubuntu1_amd64.deb ...
Unpacking libquadmath0:amd64 (12-20220319-1ubuntu1) ...
Selecting previously unselected package libgcc-11-dev:amd64.
Preparing to unpack .../48-libgcc-11-dev_11.2.0-19ubuntu1_amd64.deb ...
Unpacking libgcc-11-dev:amd64 (11.2.0-19ubuntu1) ...
Selecting previously unselected package gcc-11.
Preparing to unpack .../49-gcc-11_11.2.0-19ubuntu1_amd64.deb ...
Unpacking gcc-11 (11.2.0-19ubuntu1) ...
Selecting previously unselected package gcc.
Preparing to unpack .../50-gcc_4%3a11.2.0-1ubuntu1_amd64.deb ...
Unpacking gcc (4:11.2.0-1ubuntu1) ...
Selecting previously unselected package libstdc++-11-dev:amd64.
Preparing to unpack .../51-libstdc++-11-dev_11.2.0-19ubuntu1_amd64.deb ...
Unpacking libstdc++-11-dev:amd64 (11.2.0-19ubuntu1) ...
Selecting previously unselected package g++-11.
Preparing to unpack .../52-g++-11_11.2.0-19ubuntu1_amd64.deb ...
Unpacking g++-11 (11.2.0-19ubuntu1) ...
Selecting previously unselected package g++.
Preparing to unpack .../53-g++_4%3a11.2.0-1ubuntu1_amd64.deb ...
Unpacking g++ (4:11.2.0-1ubuntu1) ...
Selecting previously unselected package make.
Preparing to unpack .../54-make_4.3-4.1build1_amd64.deb ...
Unpacking make (4.3-4.1build1) ...
Selecting previously unselected package libdpkg-perl.
Preparing to unpack .../55-libdpkg-perl_1.21.1ubuntu2.1_all.deb ...
Unpacking libdpkg-perl (1.21.1ubuntu2.1) ...
Selecting previously unselected package bzip2.
Preparing to unpack .../56-bzip2_1.0.8-5build1_amd64.deb ...
Unpacking bzip2 (1.0.8-5build1) ...
Selecting previously unselected package lto-disabled-list.
Preparing to unpack .../57-lto-disabled-list_24_all.deb ...
Unpacking lto-disabled-list (24) ...
Selecting previously unselected package dpkg-dev.
Preparing to unpack .../58-dpkg-dev_1.21.1ubuntu2.1_all.deb ...
Unpacking dpkg-dev (1.21.1ubuntu2.1) ...
Selecting previously unselected package build-essential.
Preparing to unpack .../59-build-essential_12.9ubuntu3_amd64.deb ...
Unpacking build-essential (12.9ubuntu3) ...
Selecting previously unselected package libhiredis0.14:amd64.
Preparing to unpack .../60-libhiredis0.14_0.14.1-2_amd64.deb ...
Unpacking libhiredis0.14:amd64 (0.14.1-2) ...
Selecting previously unselected package ccache.
Preparing to unpack .../61-ccache_4.5.1-1_amd64.deb ...
Unpacking ccache (4.5.1-1) ...
Selecting previously unselected package libllvm13:amd64.
Preparing to unpack .../62-libllvm13_1%3a13.0.1-2ubuntu2_amd64.deb ...
Unpacking libllvm13:amd64 (1:13.0.1-2ubuntu2) ...
Selecting previously unselected package libclang-cpp13.
Preparing to unpack .../63-libclang-cpp13_1%3a13.0.1-2ubuntu2_amd64.deb ...
Unpacking libclang-cpp13 (1:13.0.1-2ubuntu2) ...
Selecting previously unselected package libgc1:amd64.
Preparing to unpack .../64-libgc1_1%3a8.0.6-1.1build1_amd64.deb ...
Unpacking libgc1:amd64 (1:8.0.6-1.1build1) ...
Selecting previously unselected package libobjc4:amd64.
Preparing to unpack .../65-libobjc4_12-20220319-1ubuntu1_amd64.deb ...
Unpacking libobjc4:amd64 (12-20220319-1ubuntu1) ...
Selecting previously unselected package libobjc-11-dev:amd64.
Preparing to unpack .../66-libobjc-11-dev_11.2.0-19ubuntu1_amd64.deb ...
Unpacking libobjc-11-dev:amd64 (11.2.0-19ubuntu1) ...
Selecting previously unselected package libc6-i386.
Preparing to unpack .../67-libc6-i386_2.35-0ubuntu3_amd64.deb ...
Unpacking libc6-i386 (2.35-0ubuntu3) ...
Selecting previously unselected package lib32gcc-s1.
Preparing to unpack .../68-lib32gcc-s1_12-20220319-1ubuntu1_amd64.deb ...
Unpacking lib32gcc-s1 (12-20220319-1ubuntu1) ...
Selecting previously unselected package lib32stdc++6.
Preparing to unpack .../69-lib32stdc++6_12-20220319-1ubuntu1_amd64.deb ...
Unpacking lib32stdc++6 (12-20220319-1ubuntu1) ...
Selecting previously unselected package libclang-common-13-dev.
Preparing to unpack .../70-libclang-common-13-dev_1%3a13.0.1-2ubuntu2_amd64.deb ...
Unpacking libclang-common-13-dev (1:13.0.1-2ubuntu2) ...
Selecting previously unselected package llvm-13-linker-tools.
Preparing to unpack .../71-llvm-13-linker-tools_1%3a13.0.1-2ubuntu2_amd64.deb ...
Unpacking llvm-13-linker-tools (1:13.0.1-2ubuntu2) ...
Selecting previously unselected package libclang1-13.
Preparing to unpack .../72-libclang1-13_1%3a13.0.1-2ubuntu2_amd64.deb ...
Unpacking libclang1-13 (1:13.0.1-2ubuntu2) ...
Selecting previously unselected package clang-13.
Preparing to unpack .../73-clang-13_1%3a13.0.1-2ubuntu2_amd64.deb ...
Unpacking clang-13 (1:13.0.1-2ubuntu2) ...
Selecting previously unselected package libcurl4:amd64.
Preparing to unpack .../74-libcurl4_7.81.0-1ubuntu1.3_amd64.deb ...
Unpacking libcurl4:amd64 (7.81.0-1ubuntu1.3) ...
Selecting previously unselected package curl.
Preparing to unpack .../75-curl_7.81.0-1ubuntu1.3_amd64.deb ...
Unpacking curl (7.81.0-1ubuntu1.3) ...
Selecting previously unselected package libunwind-13:amd64.
Preparing to unpack .../76-libunwind-13_1%3a13.0.1-2ubuntu2_amd64.deb ...
Unpacking libunwind-13:amd64 (1:13.0.1-2ubuntu2) ...
Selecting previously unselected package libc++abi1-13:amd64.
Preparing to unpack .../77-libc++abi1-13_1%3a13.0.1-2ubuntu2_amd64.deb ...
Unpacking libc++abi1-13:amd64 (1:13.0.1-2ubuntu2) ...
Selecting previously unselected package libc++1-13:amd64.
Preparing to unpack .../78-libc++1-13_1%3a13.0.1-2ubuntu2_amd64.deb ...
Unpacking libc++1-13:amd64 (1:13.0.1-2ubuntu2) ...
Selecting previously unselected package libunwind-13-dev:amd64.
Preparing to unpack .../79-libunwind-13-dev_1%3a13.0.1-2ubuntu2_amd64.deb ...
Unpacking libunwind-13-dev:amd64 (1:13.0.1-2ubuntu2) ...
Selecting previously unselected package libc++-13-dev:amd64.
Preparing to unpack .../80-libc++-13-dev_1%3a13.0.1-2ubuntu2_amd64.deb ...
Unpacking libc++-13-dev:amd64 (1:13.0.1-2ubuntu2) ...
Selecting previously unselected package libc++abi-13-dev:amd64.
Preparing to unpack .../81-libc++abi-13-dev_1%3a13.0.1-2ubuntu2_amd64.deb ...
Unpacking libc++abi-13-dev:amd64 (1:13.0.1-2ubuntu2) ...
Selecting previously unselected package libnorm1:amd64.
Preparing to unpack .../82-libnorm1_1.5.9+dfsg-2_amd64.deb ...
Unpacking libnorm1:amd64 (1.5.9+dfsg-2) ...
Selecting previously unselected package libpgm-5.3-0:amd64.
Preparing to unpack .../83-libpgm-5.3-0_5.3.128~dfsg-2_amd64.deb ...
Unpacking libpgm-5.3-0:amd64 (5.3.128~dfsg-2) ...
Selecting previously unselected package libsodium23:amd64.
Preparing to unpack .../84-libsodium23_1.0.18-1build2_amd64.deb ...
Unpacking libsodium23:amd64 (1.0.18-1build2) ...
Selecting previously unselected package libtool.
Preparing to unpack .../85-libtool_2.4.6-15build2_all.deb ...
Unpacking libtool (2.4.6-15build2) ...
Selecting previously unselected package libzmq5:amd64.
Preparing to unpack .../86-libzmq5_4.3.4-2_amd64.deb ...
Unpacking libzmq5:amd64 (4.3.4-2) ...
Selecting previously unselected package llvm-13-runtime.
Preparing to unpack .../87-llvm-13-runtime_1%3a13.0.1-2ubuntu2_amd64.deb ...
Unpacking llvm-13-runtime (1:13.0.1-2ubuntu2) ...
Selecting previously unselected package libpfm4:amd64.
Preparing to unpack .../88-libpfm4_4.11.1+git32-gd0b85fb-1_amd64.deb ...
Unpacking libpfm4:amd64 (4.11.1+git32-gd0b85fb-1) ...
Selecting previously unselected package llvm-13.
Preparing to unpack .../89-llvm-13_1%3a13.0.1-2ubuntu2_amd64.deb ...
Unpacking llvm-13 (1:13.0.1-2ubuntu2) ...
Selecting previously unselected package pkg-config.
Preparing to unpack .../90-pkg-config_0.29.2-1ubuntu3_amd64.deb ...
Unpacking pkg-config (0.29.2-1ubuntu3) ...
Selecting previously unselected package python3-cffi-backend:amd64.
Preparing to unpack .../91-python3-cffi-backend_1.15.0-1build2_amd64.deb ...
Unpacking python3-cffi-backend:amd64 (1.15.0-1build2) ...
Selecting previously unselected package python3-py.
Preparing to unpack .../92-python3-py_1.10.0-1_all.deb ...
Unpacking python3-py (1.10.0-1) ...
Selecting previously unselected package python3-zmq.
Preparing to unpack .../93-python3-zmq_22.3.0-1build1_amd64.deb ...
Unpacking python3-zmq (22.3.0-1build1) ...
Setting up media-types (7.0.0) ...
Setting up gcc-11-base:amd64 (11.2.0-19ubuntu1) ...
Setting up lto-disabled-list (24) ...
Setting up libsodium23:amd64 (1.0.18-1build2) ...
Setting up bsdextrautils (2.37.2-4ubuntu3) ...
update-alternatives: using /usr/bin/write.ul to provide /usr/bin/write (write) in auto mode
update-alternatives: warning: skip creation of /usr/share/man/man1/write.1.gz because associated file /usr/share/man/man1/write.ul.1.gz (of link group write) doesn't exist
Setting up libmagic-mgc (1:5.41-3) ...
Setting up ncal (12.1.7+nmu3ubuntu2) ...
Setting up libglib2.0-0:amd64 (2.72.1-1) ...
No schema files found: doing nothing.
Setting up libpgm-5.3-0:amd64 (5.3.128~dfsg-2) ...
Setting up libsqlite3-0:amd64 (3.37.2-2) ...
Setting up libnorm1:amd64 (1.5.9+dfsg-2) ...
Setting up binutils-common:amd64 (2.38-3ubuntu1) ...
Setting up libmagic1:amd64 (1:5.41-3) ...
Setting up linux-libc-dev:amd64 (5.15.0-40.43) ...
Setting up libctf-nobfd0:amd64 (2.38-3ubuntu1) ...
Setting up file (1:5.41-3) ...
Setting up libgomp1:amd64 (12-20220319-1ubuntu1) ...
Setting up bzip2 (1.0.8-5build1) ...
Setting up libasan6:amd64 (11.2.0-19ubuntu1) ...
Setting up autotools-dev (20220109.1) ...
Setting up libtirpc-dev:amd64 (1.3.2-2build1) ...
Setting up libpfm4:amd64 (4.11.1+git32-gd0b85fb-1) ...
Setting up rpcsvc-proto (1.4.2-0ubuntu6) ...
Setting up libunwind-13:amd64 (1:13.0.1-2ubuntu2) ...
Setting up make (4.3-4.1build1) ...
Setting up libmpfr6:amd64 (4.1.0-3build3) ...
Setting up libsigsegv2:amd64 (2.13-1ubuntu3) ...
Setting up xz-utils (5.2.5-2ubuntu1) ...
update-alternatives: using /usr/bin/xz to provide /usr/bin/lzma (lzma) in auto mode
update-alternatives: warning: skip creation of /usr/share/man/man1/lzma.1.gz because associated file /usr/share/man/man1/xz.1.gz (of link group lzma) doesn't exist
update-alternatives: warning: skip creation of /usr/share/man/man1/unlzma.1.gz because associated file /usr/share/man/man1/unxz.1.gz (of link group lzma) doesn't exist
update-alternatives: warning: skip creation of /usr/share/man/man1/lzcat.1.gz because associated file /usr/share/man/man1/xzcat.1.gz (of link group lzma) doesn't exist
update-alternatives: warning: skip creation of /usr/share/man/man1/lzmore.1.gz because associated file /usr/share/man/man1/xzmore.1.gz (of link group lzma) doesn't exist
update-alternatives: warning: skip creation of /usr/share/man/man1/lzless.1.gz because associated file /usr/share/man/man1/xzless.1.gz (of link group lzma) doesn't exist
update-alternatives: warning: skip creation of /usr/share/man/man1/lzdiff.1.gz because associated file /usr/share/man/man1/xzdiff.1.gz (of link group lzma) doesn't exist
update-alternatives: warning: skip creation of /usr/share/man/man1/lzcmp.1.gz because associated file /usr/share/man/man1/xzcmp.1.gz (of link group lzma) doesn't exist
update-alternatives: warning: skip creation of /usr/share/man/man1/lzgrep.1.gz because associated file /usr/share/man/man1/xzgrep.1.gz (of link group lzma) doesn't exist
update-alternatives: warning: skip creation of /usr/share/man/man1/lzegrep.1.gz because associated file /usr/share/man/man1/xzegrep.1.gz (of link group lzma) doesn't exist
update-alternatives: warning: skip creation of /usr/share/man/man1/lzfgrep.1.gz because associated file /usr/share/man/man1/xzfgrep.1.gz (of link group lzma) doesn't exist
Setting up libquadmath0:amd64 (12-20220319-1ubuntu1) ...
Setting up bsdmainutils (12.1.7+nmu3ubuntu2) ...
Setting up libmpc3:amd64 (1.2.1-2build1) ...
Setting up libatomic1:amd64 (12-20220319-1ubuntu1) ...
Setting up libgc1:amd64 (1:8.0.6-1.1build1) ...
Setting up libdpkg-perl (1.21.1ubuntu2.1) ...
Setting up libubsan1:amd64 (12-20220319-1ubuntu1) ...
Setting up libnsl-dev:amd64 (1.3.0-2build2) ...
Setting up libcrypt-dev:amd64 (1:4.4.27-1) ...
Setting up libmpdec3:amd64 (2.5.1-2build2) ...
Setting up libc6-i386 (2.35-0ubuntu3) ...
Setting up libcurl4:amd64 (7.81.0-1ubuntu1.3) ...
Setting up curl (7.81.0-1ubuntu1.3) ...
Setting up libbinutils:amd64 (2.38-3ubuntu1) ...
Setting up libisl23:amd64 (0.24-2build1) ...
Setting up libunwind-13-dev:amd64 (1:13.0.1-2ubuntu2) ...
Setting up libc-dev-bin (2.35-0ubuntu3) ...
Setting up readline-common (8.1.2-1) ...
Setting up libcc1-0:amd64 (12-20220319-1ubuntu1) ...
Setting up liblsan0:amd64 (12-20220319-1ubuntu1) ...
Setting up libitm1:amd64 (12-20220319-1ubuntu1) ...
Setting up libc++abi1-13:amd64 (1:13.0.1-2ubuntu2) ...
Setting up libpopt0:amd64 (1.18-3build1) ...
Setting up libicu70:amd64 (70.1-2) ...
Setting up libhiredis0.14:amd64 (0.14.1-2) ...
Setting up libtsan0:amd64 (11.2.0-19ubuntu1) ...
Setting up libctf0:amd64 (2.38-3ubuntu1) ...
Setting up cpp-11 (11.2.0-19ubuntu1) ...
Setting up libzmq5:amd64 (4.3.4-2) ...
Setting up libreadline8:amd64 (8.1.2-1) ...
Setting up ccache (4.5.1-1) ...
Updating symlinks in /usr/lib/ccache ...
Setting up m4 (1.4.18-5ubuntu2) ...
Setting up libc++1-13:amd64 (1:13.0.1-2ubuntu2) ...
Setting up libobjc4:amd64 (12-20220319-1ubuntu1) ...
Setting up libc++abi-13-dev:amd64 (1:13.0.1-2ubuntu2) ...
Setting up libpython3.10-stdlib:amd64 (3.10.4-3) ...
Setting up lib32gcc-s1 (12-20220319-1ubuntu1) ...
Setting up lib32stdc++6 (12-20220319-1ubuntu1) ...
Setting up pkg-config (0.29.2-1ubuntu3) ...
Setting up libc++-13-dev:amd64 (1:13.0.1-2ubuntu2) ...
Setting up autoconf (2.71-2) ...
Setting up libgcc-11-dev:amd64 (11.2.0-19ubuntu1) ...
Setting up cpp (4:11.2.0-1ubuntu1) ...
Setting up bison (2:3.8.2+dfsg-1build1) ...
update-alternatives: using /usr/bin/bison.yacc to provide /usr/bin/yacc (yacc) in auto mode
update-alternatives: warning: skip creation of /usr/share/man/man1/yacc.1.gz because associated file /usr/share/man/man1/bison.yacc.1.gz (of link group yacc) doesn't exist
Setting up libc6-dev:amd64 (2.35-0ubuntu3) ...
Setting up libxml2:amd64 (2.9.13+dfsg-1ubuntu0.1) ...
Setting up rsync (3.2.3-8ubuntu3) ...
invoke-rc.d: could not determine current runlevel
invoke-rc.d: policy-rc.d denied execution of start.
Setting up libpython3-stdlib:amd64 (3.10.4-0ubuntu2) ...
Setting up binutils-x86-64-linux-gnu (2.38-3ubuntu1) ...
Setting up automake (1:1.16.5-1.3) ...
update-alternatives: using /usr/bin/automake-1.16 to provide /usr/bin/automake (automake) in auto mode
update-alternatives: warning: skip creation of /usr/share/man/man1/automake.1.gz because associated file /usr/share/man/man1/automake-1.16.1.gz (of link group automake) doesn't exist
update-alternatives: warning: skip creation of /usr/share/man/man1/aclocal.1.gz because associated file /usr/share/man/man1/aclocal-1.16.1.gz (of link group automake) doesn't exist
Setting up python3.10 (3.10.4-3) ...
Setting up libobjc-11-dev:amd64 (11.2.0-19ubuntu1) ...
Setting up python3 (3.10.4-0ubuntu2) ...
Setting up binutils (2.38-3ubuntu1) ...
Setting up dpkg-dev (1.21.1ubuntu2.1) ...
Setting up libllvm13:amd64 (1:13.0.1-2ubuntu2) ...
Setting up libstdc++-11-dev:amd64 (11.2.0-19ubuntu1) ...
Setting up gcc-11 (11.2.0-19ubuntu1) ...
Setting up llvm-13-runtime (1:13.0.1-2ubuntu2) ...
Setting up libclang-common-13-dev (1:13.0.1-2ubuntu2) ...
Setting up python3-cffi-backend:amd64 (1.15.0-1build2) ...
Setting up python3-pkg-resources (59.6.0-1.2) ...
Setting up python3-py (1.10.0-1) ...
Setting up libtool (2.4.6-15build2) ...
Setting up g++-11 (11.2.0-19ubuntu1) ...
Setting up gcc (4:11.2.0-1ubuntu1) ...
Setting up llvm-13-linker-tools (1:13.0.1-2ubuntu2) ...
Setting up libclang1-13 (1:13.0.1-2ubuntu2) ...
Setting up python3-zmq (22.3.0-1build1) ...
Setting up libclang-cpp13 (1:13.0.1-2ubuntu2) ...
Setting up g++ (4:11.2.0-1ubuntu1) ...
update-alternatives: using /usr/bin/g++ to provide /usr/bin/c++ (c++) in auto mode
update-alternatives: warning: skip creation of /usr/share/man/man1/c++.1.gz because associated file /usr/share/man/man1/g++.1.gz (of link group c++) doesn't exist
Setting up build-essential (12.9ubuntu3) ...
Setting up clang-13 (1:13.0.1-2ubuntu2) ...
Setting up llvm-13 (1:13.0.1-2ubuntu2) ...
Processing triggers for libc-bin (2.35-0ubuntu3) ...
               total        used        free      shared  buff/cache   available
Mem:           125Gi        20Gi        24Gi       7.0Mi        80Gi       103Gi
Swap:             0B          0B          0B
Number of CPUs (nproc): 32
Byte Order: Little Endian
Free disk space:
Filesystem      Size  Used Avail Use% Mounted on
overlay         489G  100G  389G  21% /
tmpfs            64M     0   64M   0% /dev
tmpfs            63G     0   63G   0% /sys/fs/cgroup
/dev/sda1       489G  100G  389G  21% /tmp
tmpfs           117G     0  117G   0% /dev/shm
tmpfs            63G     0   63G   0% /proc/acpi
tmpfs            63G     0   63G   0% /proc/scsi
tmpfs            63G     0   63G   0% /sys/firmware
  % Total    % Received % Xferd  Average Speed   Time    Time     Time  Current
                                 Dload  Upload   Total   Spent    Left  Speed
  0     0    0     0    0     0      0      0 --:--:-- --:--:-- --:--:--     0  0     0    0     0    0     0      0      0 --:--:-- --:--:-- --:--:--     0
  0 9025k    0 45678    0     0  76895      0  0:02:00 --:--:--  0:02:00 76895100 9025k  100 9025k    0     0  9490k      0 --:--:-- --:--:-- --:--:-- 24.5M
make: Entering directory '/tmp/cirrus-ci-build/depends'
Fetching boost_1_77_0.tar.bz2 from https://boostorg.jfrog.io/artifactory/main/release/1.77.0/source/
  % Total    % Received % Xferd  Average Speed   Time    Time     Time  Current
                                 Dload  Upload   Total   Spent    Left  Speed
  0     0    0     0    0     0      0      0 --:--:-- --:--:-- --:--:--     0  0     0    0     0    0     0      0      0 --:--:-- --:--:-- --:--:--     0
  0     0    0     0    0     0      0      0 --:--:-- --:--:-- --:--:--     0  2  105M    2 2653k    0     0  1611k      0  0:01:06  0:00:01  0:01:05 2778k 34  105M   34 36.5M    0     0  13.8M      0  0:00:07  0:00:02  0:00:05 18.7M 73  105M   73 76.9M    0     0  21.1M      0  0:00:04  0:00:03  0:00:01 26.0M100  105M  100  105M    0     0  23.5M      0  0:00:04  0:00:04 --:--:-- 27.8M
/tmp/cirrus-ci-build/depends/work/download/boost-1.77.0/boost_1_77_0.tar.bz2.temp: OK
Extracting boost...
/tmp/cirrus-ci-build/depends/sources/boost_1_77_0.tar.bz2: OK
Preprocessing boost...
Configuring boost...
Building boost...
Staging boost...
Postprocessing boost...
Caching boost...
Fetching libevent-2.1.12-stable.tar.gz from https://github.com/libevent/libevent/releases/download/release-2.1.12-stable/
  % Total    % Received % Xferd  Average Speed   Time    Time     Time  Current
                                 Dload  Upload   Total   Spent    Left  Speed
  0     0    0     0    0     0      0      0 --:--:-- --:--:-- --:--:--     0  0     0    0     0    0     0      0      0 --:--:-- --:--:-- --:--:--     0
100 1075k  100 1075k    0     0  1997k      0 --:--:-- --:--:-- --:--:-- 1997k
/tmp/cirrus-ci-build/depends/work/download/libevent-2.1.12-stable/libevent-2.1.12-stable.tar.gz.temp: OK
Extracting libevent...
/tmp/cirrus-ci-build/depends/sources/libevent-2.1.12-stable.tar.gz: OK
Preprocessing libevent...
Configuring libevent...
Building libevent...
Staging libevent...
Postprocessing libevent...
Caching libevent...
Fetching freetype-2.11.0.tar.xz from https://download.savannah.gnu.org/releases/freetype
  % Total    % Received % Xferd  Average Speed   Time    Time     Time  Current
                                 Dload  Upload   Total   Spent    Left  Speed
  0     0    0     0    0     0      0      0 --:--:-- --:--:-- --:--:--     0  0     0    0     0    0     0      0      0 --:--:-- --:--:-- --:--:--     0
  4 2203k    4 98304    0     0   123k      0  0:00:17 --:--:--  0:00:17  123k100 2203k  100 2203k    0     0  2243k      0 --:--:-- --:--:-- --:--:-- 10.0M
/tmp/cirrus-ci-build/depends/work/download/freetype-2.11.0/freetype-2.11.0.tar.xz.temp: OK
Extracting freetype...
/tmp/cirrus-ci-build/depends/sources/freetype-2.11.0.tar.xz: OK
Preprocessing freetype...
Configuring freetype...
Building freetype...
Staging freetype...
Postprocessing freetype...
Caching freetype...
Fetching expat-2.4.1.tar.xz from https://github.com/libexpat/libexpat/releases/download/R_2_4_1/
  % Total    % Received % Xferd  Average Speed   Time    Time     Time  Current
                                 Dload  Upload   Total   Spent    Left  Speed
  0     0    0     0    0     0      0      0 --:--:-- --:--:-- --:--:--     0  0     0    0     0    0     0      0      0 --:--:-- --:--:-- --:--:--     0
  0  434k    0     0    0     0      0      0 --:--:-- --:--:-- --:--:--     0100  434k  100  434k    0     0  1070k      0 --:--:-- --:--:-- --:--:-- 6121k
/tmp/cirrus-ci-build/depends/work/download/expat-2.4.1/expat-2.4.1.tar.xz.temp: OK
Extracting expat...
/tmp/cirrus-ci-build/depends/sources/expat-2.4.1.tar.xz: OK
Preprocessing expat...
Configuring expat...
Building expat...
Staging expat...
Postprocessing expat...
Caching expat...
Fetching fontconfig-2.12.6.tar.bz2 from https://www.freedesktop.org/software/fontconfig/release/
  % Total    % Received % Xferd  Average Speed   Time    Time     Time  Current
                                 Dload  Upload   Total   Spent    Left  Speed
  0     0    0     0    0     0      0      0 --:--:-- --:--:-- --:--:--     0  0     0    0     0    0     0      0      0 --:--:-- --:--:-- --:--:--     0100 1586k  100 1586k    0     0   971k      0  0:00:01  0:00:01 --:--:--  972k
/tmp/cirrus-ci-build/depends/work/download/fontconfig-2.12.6/fontconfig-2.12.6.tar.bz2.temp: OK
Extracting fontconfig...
/tmp/cirrus-ci-build/depends/sources/fontconfig-2.12.6.tar.bz2: OK
Preprocessing fontconfig...
Configuring fontconfig...
Building fontconfig...
Staging fontconfig...
Postprocessing fontconfig...
Caching fontconfig...
Fetching xcb-proto-1.14.1.tar.xz from https://xorg.freedesktop.org/archive/individual/proto
  % Total    % Received % Xferd  Average Speed   Time    Time     Time  Current
                                 Dload  Upload   Total   Spent    Left  Speed
  0     0    0     0    0     0      0      0 --:--:-- --:--:-- --:--:--     0  0     0    0     0    0     0      0      0 --:--:-- --:--:-- --:--:--     0100  140k  100  140k    0     0   319k      0 --:--:-- --:--:-- --:--:--  319k
/tmp/cirrus-ci-build/depends/work/download/xcb_proto-1.14.1/xcb-proto-1.14.1.tar.xz.temp: OK
Extracting xcb_proto...
/tmp/cirrus-ci-build/depends/sources/xcb-proto-1.14.1.tar.xz: OK
Preprocessing xcb_proto...
Configuring xcb_proto...
Building xcb_proto...
Staging xcb_proto...
Postprocessing xcb_proto...
Caching xcb_proto...
Fetching xproto-7.0.31.tar.bz2 from https://xorg.freedesktop.org/releases/individual/proto
  % Total    % Received % Xferd  Average Speed   Time    Time     Time  Current
                                 Dload  Upload   Total   Spent    Left  Speed
  0     0    0     0    0     0      0      0 --:--:-- --:--:-- --:--:--     0  0     0    0     0    0     0      0      0 --:--:-- --:--:-- --:--:--     0  0     0    0     0    0     0      0      0 --:--:--  0:00:01 --:--:--     0100  293k  100  293k    0     0   192k      0  0:00:01  0:00:01 --:--:--  192k
/tmp/cirrus-ci-build/depends/work/download/xproto-7.0.31/xproto-7.0.31.tar.bz2.temp: OK
Extracting xproto...
/tmp/cirrus-ci-build/depends/sources/xproto-7.0.31.tar.bz2: OK
Preprocessing xproto...
Configuring xproto...
Building xproto...
Staging xproto...
Postprocessing xproto...
Caching xproto...
Fetching libXau-1.0.9.tar.bz2 from https://xorg.freedesktop.org/releases/individual/lib/
  % Total    % Received % Xferd  Average Speed   Time    Time     Time  Current
                                 Dload  Upload   Total   Spent    Left  Speed
  0     0    0     0    0     0      0      0 --:--:-- --:--:-- --:--:--     0100  315k  100  315k    0     0   738k      0 --:--:-- --:--:-- --:--:--  739k
/tmp/cirrus-ci-build/depends/work/download/libXau-1.0.9/libXau-1.0.9.tar.bz2.temp: OK
Extracting libXau...
/tmp/cirrus-ci-build/depends/sources/libXau-1.0.9.tar.bz2: OK
Preprocessing libXau...
Configuring libXau...
Building libXau...
Staging libXau...
Postprocessing libXau...
Caching libXau...
Fetching libxcb-1.14.tar.xz from https://xcb.freedesktop.org/dist
  % Total    % Received % Xferd  Average Speed   Time    Time     Time  Current
                                 Dload  Upload   Total   Spent    Left  Speed
  0     0    0     0    0     0      0      0 --:--:-- --:--:-- --:--:--     0100  429k  100  429k    0     0   908k      0 --:--:-- --:--:-- --:--:--  909k
/tmp/cirrus-ci-build/depends/work/download/libxcb-1.14/libxcb-1.14.tar.xz.temp: OK
Extracting libxcb...
/tmp/cirrus-ci-build/depends/sources/libxcb-1.14.tar.xz: OK
Preprocessing libxcb...
Configuring libxcb...
Building libxcb...
Staging libxcb...
Postprocessing libxcb...
Caching libxcb...
Fetching libxkbcommon-0.8.4.tar.xz from https://xkbcommon.org/download/
  % Total    % Received % Xferd  Average Speed   Time    Time     Time  Current
                                 Dload  Upload   Total   Spent    Left  Speed
  0     0    0     0    0     0      0      0 --:--:-- --:--:-- --:--:--     0  0  633k    0     0    0     0      0      0 --:--:-- --:--:-- --:--:--     0100  633k  100  633k    0     0   573k      0  0:00:01  0:00:01 --:--:--  573k
/tmp/cirrus-ci-build/depends/work/download/libxkbcommon-0.8.4/libxkbcommon-0.8.4.tar.xz.temp: OK
Extracting libxkbcommon...
/tmp/cirrus-ci-build/depends/sources/libxkbcommon-0.8.4.tar.xz: OK
Preprocessing libxkbcommon...
Configuring libxkbcommon...
Building libxkbcommon...
Staging libxkbcommon...
Postprocessing libxkbcommon...
Caching libxkbcommon...
Fetching xcb-util-0.4.0.tar.bz2 from https://xcb.freedesktop.org/dist
  % Total    % Received % Xferd  Average Speed   Time    Time     Time  Current
                                 Dload  Upload   Total   Spent    Left  Speed
  0     0    0     0    0     0      0      0 --:--:-- --:--:-- --:--:--     0  0     0    0     0    0     0      0      0 --:--:-- --:--:-- --:--:--     0100  290k  100  290k    0     0   795k      0 --:--:-- --:--:-- --:--:--  795k
/tmp/cirrus-ci-build/depends/work/download/libxcb_util-0.4.0/xcb-util-0.4.0.tar.bz2.temp: OK
Extracting libxcb_util...
/tmp/cirrus-ci-build/depends/sources/xcb-util-0.4.0.tar.bz2: OK
Preprocessing libxcb_util...
Configuring libxcb_util...
Building libxcb_util...
Staging libxcb_util...
Postprocessing libxcb_util...
Caching libxcb_util...
Fetching xcb-util-renderutil-0.3.9.tar.bz2 from https://xcb.freedesktop.org/dist
  % Total    % Received % Xferd  Average Speed   Time    Time     Time  Current
                                 Dload  Upload   Total   Spent    Left  Speed
  0     0    0     0    0     0      0      0 --:--:-- --:--:-- --:--:--     0100  286k  100  286k    0     0   610k      0 --:--:-- --:--:-- --:--:--  611k
/tmp/cirrus-ci-build/depends/work/download/libxcb_util_render-0.3.9/xcb-util-renderutil-0.3.9.tar.bz2.temp: OK
Extracting libxcb_util_render...
/tmp/cirrus-ci-build/depends/sources/xcb-util-renderutil-0.3.9.tar.bz2: OK
Preprocessing libxcb_util_render...
Configuring libxcb_util_render...
Building libxcb_util_render...
Staging libxcb_util_render...
Postprocessing libxcb_util_render...
Caching libxcb_util_render...
Fetching xcb-util-keysyms-0.4.0.tar.bz2 from https://xcb.freedesktop.org/dist
  % Total    % Received % Xferd  Average Speed   Time    Time     Time  Current
                                 Dload  Upload   Total   Spent    Left  Speed
  0     0    0     0    0     0      0      0 --:--:-- --:--:-- --:--:--     0100  283k  100  283k    0     0   781k      0 --:--:-- --:--:-- --:--:--  782k
/tmp/cirrus-ci-build/depends/work/download/libxcb_util_keysyms-0.4.0/xcb-util-keysyms-0.4.0.tar.bz2.temp: OK
Extracting libxcb_util_keysyms...
/tmp/cirrus-ci-build/depends/sources/xcb-util-keysyms-0.4.0.tar.bz2: OK
Preprocessing libxcb_util_keysyms...
Configuring libxcb_util_keysyms...
Building libxcb_util_keysyms...
Staging libxcb_util_keysyms...
Postprocessing libxcb_util_keysyms...
Caching libxcb_util_keysyms...
Fetching xcb-util-image-0.4.0.tar.bz2 from https://xcb.freedesktop.org/dist
  % Total    % Received % Xferd  Average Speed   Time    Time     Time  Current
                                 Dload  Upload   Total   Spent    Left  Speed
  0     0    0     0    0     0      0      0 --:--:-- --:--:-- --:--:--     0100  320k  100  320k    0     0   593k      0 --:--:-- --:--:-- --:--:--  594k
/tmp/cirrus-ci-build/depends/work/download/libxcb_util_image-0.4.0/xcb-util-image-0.4.0.tar.bz2.temp: OK
Extracting libxcb_util_image...
/tmp/cirrus-ci-build/depends/sources/xcb-util-image-0.4.0.tar.bz2: OK
Preprocessing libxcb_util_image...
Configuring libxcb_util_image...
Building libxcb_util_image...
Staging libxcb_util_image...
Postprocessing libxcb_util_image...
Caching libxcb_util_image...
Fetching xcb-util-wm-0.4.1.tar.bz2 from https://xcb.freedesktop.org/dist
  % Total    % Received % Xferd  Average Speed   Time    Time     Time  Current
                                 Dload  Upload   Total   Spent    Left  Speed
  0     0    0     0    0     0      0      0 --:--:-- --:--:-- --:--:--     0  0     0    0     0    0     0      0      0 --:--:-- --:--:-- --:--:--     0100  314k  100  314k    0     0   710k      0 --:--:-- --:--:-- --:--:--  709k
/tmp/cirrus-ci-build/depends/work/download/libxcb_util_wm-0.4.1/xcb-util-wm-0.4.1.tar.bz2.temp: OK
Extracting libxcb_util_wm...
/tmp/cirrus-ci-build/depends/sources/xcb-util-wm-0.4.1.tar.bz2: OK
Preprocessing libxcb_util_wm...
Configuring libxcb_util_wm...
Building libxcb_util_wm...
Staging libxcb_util_wm...
Postprocessing libxcb_util_wm...
Caching libxcb_util_wm...
Fetching qtbase-everywhere-opensource-src-5.15.3.tar.xz from https://download.qt.io/official_releases/qt/5.15/5.15.3/submodules
  % Total    % Received % Xferd  Average Speed   Time    Time     Time  Current
                                 Dload  Upload   Total   Spent    Left  Speed
  0     0    0     0    0     0      0      0 --:--:-- --:--:-- --:--:--     0  0     0    0     0    0     0      0      0 --:--:-- --:--:-- --:--:--     0100   295  100   295    0     0    407      0 --:--:-- --:--:-- --:--:--   406
  4 47.8M    4 2112k    0     0  1811k      0  0:00:27  0:00:01  0:00:26 1811k100 47.8M  100 47.8M    0     0  27.2M      0  0:00:01  0:00:01 --:--:-- 77.3M
/tmp/cirrus-ci-build/depends/work/download/qt-5.15.3/qtbase-everywhere-opensource-src-5.15.3.tar.xz.temp: OK
Fetching qttranslations-everywhere-opensource-src-5.15.3.tar.xz from https://download.qt.io/official_releases/qt/5.15/5.15.3/submodules
  % Total    % Received % Xferd  Average Speed   Time    Time     Time  Current
                                 Dload  Upload   Total   Spent    Left  Speed
  0     0    0     0    0     0      0      0 --:--:-- --:--:-- --:--:--     0  0     0    0     0    0     0      0      0 --:--:-- --:--:-- --:--:--     0100   303  100   303    0     0    531      0 --:--:-- --:--:-- --:--:--   531
100 1579k  100 1579k    0     0  1724k      0 --:--:-- --:--:-- --:--:-- 1724k
/tmp/cirrus-ci-build/depends/work/download/qt-5.15.3/qttranslations-everywhere-opensource-src-5.15.3.tar.xz.temp: OK
Fetching qttools-everywhere-opensource-src-5.15.3.tar.xz from https://download.qt.io/official_releases/qt/5.15/5.15.3/submodules
  % Total    % Received % Xferd  Average Speed   Time    Time     Time  Current
                                 Dload  Upload   Total   Spent    Left  Speed
  0     0    0     0    0     0      0      0 --:--:-- --:--:-- --:--:--     0  0     0    0     0    0     0      0      0 --:--:-- --:--:-- --:--:--     0100   296  100   296    0     0    516      0 --:--:-- --:--:-- --:--:--   515
100 8688k  100 8688k    0     0  7409k      0  0:00:01  0:00:01 --:--:-- 7409k
/tmp/cirrus-ci-build/depends/work/download/qt-5.15.3/qttools-everywhere-opensource-src-5.15.3.tar.xz.temp: OK
Extracting qt...
/tmp/cirrus-ci-build/depends/sources/qtbase-everywhere-opensource-src-5.15.3.tar.xz: OK
/tmp/cirrus-ci-build/depends/sources/qttranslations-everywhere-opensource-src-5.15.3.tar.xz: OK
/tmp/cirrus-ci-build/depends/sources/qttools-everywhere-opensource-src-5.15.3.tar.xz: OK
Preprocessing qt...
Configuring qt...
Building qt...
patching file qtbase/configure
patching file qtbase/mkspecs/features/qt_module.prf
patching file qtbase/src/plugins/platforms/android/androidjnimain.cpp
patching file qtbase/src/plugins/platforms/xcb/qxcbcursor.cpp
patching file qtbase/configure.json
patching file qtbase/configure.pri
patching file qtbase/mkspecs/common/macx.conf
patching file qtbase/mkspecs/features/mac/default_post.prf
patching file qtbase/mkspecs/features/toolchain.prf
patching file qtbase/src/tools/moc/main.cpp
patching file qtbase/src/corelib/text/qbytearraymatcher.h
patching file qtbase/src/corelib/tools/qoffsetstringarray_p.h
patching file qtbase/src/plugins/platforms/cocoa/qiosurfacegraphicsbuffer.h
patching file qtbase/mkspecs/features/android/default_pre.prf
patching file qtbase/src/tools/rcc/rcc.cpp
patching file qtbase/src/gui/text/qplatformfontdatabase.cpp
patching file qtbase/src/gui/text/qplatformfontdatabase.h
patching file qtbase/src/platformsupport/fontdatabases/mac/qfontengine_coretext.mm
patching file qtbase/src/platformsupport/fontdatabases/mac/qfontengine_coretext_p.h
patching file qtbase/src/platformsupport/fontdatabases/windows/qwindowsfontdatabase.cpp
patching file qtbase/src/platformsupport/fontdatabases/windows/qwindowsfontdatabase_p.h
patching file qtbase/src/platformsupport/themes/genericunix/qgenericunixthemes.cpp
Creating qmake...
gmake[1]: Entering directory '/tmp/cirrus-ci-build/depends/work/build/x86_64-pc-linux-gnu/qt/5.15.3-f2910c50388/qtbase/qmake'
gmake[1]: Leaving directory '/tmp/cirrus-ci-build/depends/work/build/x86_64-pc-linux-gnu/qt/5.15.3-f2910c50388/qtbase/qmake'
Info: creating super cache file /tmp/cirrus-ci-build/depends/work/build/x86_64-pc-linux-gnu/qt/5.15.3-f2910c50388/.qmake.super
Info: creating cache file /tmp/cirrus-ci-build/depends/work/build/x86_64-pc-linux-gnu/qt/5.15.3-f2910c50388/.qmake.cache
Info: creating stash file /tmp/cirrus-ci-build/depends/work/build/x86_64-pc-linux-gnu/qt/5.15.3-f2910c50388/.qmake.stash
Command line: -bindir /tmp/cirrus-ci-build/depends/x86_64-pc-linux-gnu/native/bin -c++std c++17 -confirm-license -hostprefix /tmp/cirrus-ci-build/depends/x86_64-pc-linux-gnu/native -ltcg -no-compile-examples -no-cups -no-egl -no-eglfs -no-evdev -no-gif -no-glib -no-icu -no-ico -no-iconv -no-kms -no-linuxfb -no-libjpeg -no-libproxy -no-libudev -no-mtdev -no-openssl -no-openvg -no-reduce-relocations -no-schannel -no-sctp -no-securetransport -no-sql-db2 -no-sql-ibase -no-sql-oci -no-sql-tds -no-sql-mysql -no-sql-odbc -no-sql-psql -no-sql-sqlite -no-sql-sqlite2 -no-system-proxies -no-use-gold-linker -no-zstd -nomake examples -nomake tests -nomake tools -opensource -pkg-config -prefix /tmp/cirrus-ci-build/depends/x86_64-pc-linux-gnu -qt-libpng -qt-pcre -qt-harfbuzz -qt-zlib -static -v -no-feature-bearermanagement -no-feature-colordialog -no-feature-commandlineparser -no-feature-concurrent -no-feature-dial -no-feature-fontcombobox -no-feature-ftp -no-feature-http -no-feature-image_heuristic_mask -no-feature-keysequenceedit -no-feature-lcdnumber -no-feature-networkdiskcache -no-feature-networkproxy -no-feature-pdf -no-feature-printdialog -no-feature-printer -no-feature-printpreviewdialog -no-feature-printpreviewwidget -no-feature-sessionmanager -no-feature-socks5 -no-feature-sql -no-feature-sqlmodel -no-feature-statemachine -no-feature-syntaxhighlighter -no-feature-textbrowser -no-feature-textmarkdownwriter -no-feature-textodfwriter -no-feature-topleveldomain -no-feature-udpsocket -no-feature-undocommand -no-feature-undogroup -no-feature-undostack -no-feature-undoview -no-feature-vnc -no-feature-wizard -no-feature-xml -release -silent -xcb -no-xcb-xlib -no-feature-xlib -system-freetype -fontconfig -no-opengl -no-feature-vulkan -dbus-runtime -xplatform linux-clang-libc++

This is the Qt Open Source Edition.

You have already accepted the terms of the Open Source license.

Running configuration tests...
Checking for machine tuple... 
+ clang++-13 -stdlib=libc++ -dumpmachine
> x86_64-pc-linux-gnu
test config.qtbase.tests.machineTuple succeeded
Checking for valid makespec... 
+ cd /tmp/cirrus-ci-build/depends/work/build/x86_64-pc-linux-gnu/qt/5.15.3-f2910c50388/config.tests/verifyspec && /tmp/cirrus-ci-build/depends/work/build/x86_64-pc-linux-gnu/qt/5.15.3-f2910c50388/qtbase/bin/qmake "CONFIG -= qt debug_and_release app_bundle lib_bundle" "CONFIG += static warn_off console single_arch" -early "CONFIG += cross_compile" /tmp/cirrus-ci-build/depends/work/build/x86_64-pc-linux-gnu/qt/5.15.3-f2910c50388/qtbase/config.tests/verifyspec
+ cd /tmp/cirrus-ci-build/depends/work/build/x86_64-pc-linux-gnu/qt/5.15.3-f2910c50388/config.tests/verifyspec && MAKEFLAGS= /usr/bin/gmake
> gmake[1]: Entering directory '/tmp/cirrus-ci-build/depends/work/build/x86_64-pc-linux-gnu/qt/5.15.3-f2910c50388/config.tests/verifyspec'
> clang++-13 -stdlib=libc++ -c -pipe -pipe -std=c++17 -O2 -I/tmp/cirrus-ci-build/depends/x86_64-pc-linux-gnu/include -stdlib=libc++ -O2 -w -fPIC  -I/tmp/cirrus-ci-build/depends/work/build/x86_64-pc-linux-gnu/qt/5.15.3-f2910c50388/qtbase/config.tests/verifyspec -I. -I/tmp/cirrus-ci-build/depends/work/build/x86_64-pc-linux-gnu/qt/5.15.3-f2910c50388/qtbase/mkspecs/linux-clang-libc++ -o verifyspec.o /tmp/cirrus-ci-build/depends/work/build/x86_64-pc-linux-gnu/qt/5.15.3-f2910c50388/qtbase/config.tests/verifyspec/verifyspec.cpp
> clang++-13 -stdlib=libc++ -L/tmp/cirrus-ci-build/depends/x86_64-pc-linux-gnu/lib -ccc-gcc-name g++ -stdlib=libc++ -o verifyspec verifyspec.o      
> gmake[1]: Leaving directory '/tmp/cirrus-ci-build/depends/work/build/x86_64-pc-linux-gnu/qt/5.15.3-f2910c50388/config.tests/verifyspec'
test config.qtbase.tests.verifyspec succeeded
Checking for target architecture... 
+ cd /tmp/cirrus-ci-build/depends/work/build/x86_64-pc-linux-gnu/qt/5.15.3-f2910c50388/config.tests/arch && /tmp/cirrus-ci-build/depends/work/build/x86_64-pc-linux-gnu/qt/5.15.3-f2910c50388/qtbase/bin/qmake "CONFIG -= qt debug_and_release app_bundle lib_bundle" "CONFIG += static warn_off console single_arch" -early "CONFIG += cross_compile" /tmp/cirrus-ci-build/depends/work/build/x86_64-pc-linux-gnu/qt/5.15.3-f2910c50388/qtbase/config.tests/arch
+ cd /tmp/cirrus-ci-build/depends/work/build/x86_64-pc-linux-gnu/qt/5.15.3-f2910c50388/config.tests/arch && MAKEFLAGS= /usr/bin/gmake
> gmake[1]: Entering directory '/tmp/cirrus-ci-build/depends/work/build/x86_64-pc-linux-gnu/qt/5.15.3-f2910c50388/config.tests/arch'
> clang++-13 -stdlib=libc++ -c -pipe -pipe -std=c++17 -O2 -I/tmp/cirrus-ci-build/depends/x86_64-pc-linux-gnu/include -stdlib=libc++ -O2 -w -fPIC  -I/tmp/cirrus-ci-build/depends/work/build/x86_64-pc-linux-gnu/qt/5.15.3-f2910c50388/qtbase/config.tests/arch -I. -I/tmp/cirrus-ci-build/depends/work/build/x86_64-pc-linux-gnu/qt/5.15.3-f2910c50388/qtbase/mkspecs/linux-clang-libc++ -o arch.o /tmp/cirrus-ci-build/depends/work/build/x86_64-pc-linux-gnu/qt/5.15.3-f2910c50388/qtbase/config.tests/arch/arch.cpp
> clang++-13 -stdlib=libc++ -L/tmp/cirrus-ci-build/depends/x86_64-pc-linux-gnu/lib -ccc-gcc-name g++ -stdlib=libc++ -o arch arch.o      
> gmake[1]: Leaving directory '/tmp/cirrus-ci-build/depends/work/build/x86_64-pc-linux-gnu/qt/5.15.3-f2910c50388/config.tests/arch'
Detected architecture: x86_64 (mmx sse sse2)
test config.qtbase.tests.architecture gave result x86_64
Checking for host architecture... 
+ cd /tmp/cirrus-ci-build/depends/work/build/x86_64-pc-linux-gnu/qt/5.15.3-f2910c50388/config.tests/arch && /tmp/cirrus-ci-build/depends/work/build/x86_64-pc-linux-gnu/qt/5.15.3-f2910c50388/qtbase/bin/qmake "CONFIG -= qt debug_and_release app_bundle lib_bundle" "CONFIG += static warn_off console single_arch" -early "CONFIG += cross_compile" /tmp/cirrus-ci-build/depends/work/build/x86_64-pc-linux-gnu/qt/5.15.3-f2910c50388/qtbase/config.tests/arch/arch_host.pro
+ cd /tmp/cirrus-ci-build/depends/work/build/x86_64-pc-linux-gnu/qt/5.15.3-f2910c50388/config.tests/arch && MAKEFLAGS= /usr/bin/gmake clean && MAKEFLAGS= /usr/bin/gmake
> gmake[1]: Entering directory '/tmp/cirrus-ci-build/depends/work/build/x86_64-pc-linux-gnu/qt/5.15.3-f2910c50388/config.tests/arch'
> rm -f arch.o
> rm -f *~ core *.core
> gmake[1]: Leaving directory '/tmp/cirrus-ci-build/depends/work/build/x86_64-pc-linux-gnu/qt/5.15.3-f2910c50388/config.tests/arch'
> gmake[1]: Entering directory '/tmp/cirrus-ci-build/depends/work/build/x86_64-pc-linux-gnu/qt/5.15.3-f2910c50388/config.tests/arch'
> g++ -c -pipe -O2 -w -fPIC  -I/tmp/cirrus-ci-build/depends/work/build/x86_64-pc-linux-gnu/qt/5.15.3-f2910c50388/qtbase/config.tests/arch -I. -I/tmp/cirrus-ci-build/depends/work/build/x86_64-pc-linux-gnu/qt/5.15.3-f2910c50388/qtbase/mkspecs/linux-g++ -o arch.o /tmp/cirrus-ci-build/depends/work/build/x86_64-pc-linux-gnu/qt/5.15.3-f2910c50388/qtbase/config.tests/arch/arch.cpp
> g++ -Wl,-O1 -o arch_host arch.o      
> gmake[1]: Leaving directory '/tmp/cirrus-ci-build/depends/work/build/x86_64-pc-linux-gnu/qt/5.15.3-f2910c50388/config.tests/arch'
Detected architecture: x86_64 (mmx sse sse2)
test config.qtbase.tests.host_architecture gave result x86_64
Checking for SSE2 instructions... 
+ cd /tmp/cirrus-ci-build/depends/work/build/x86_64-pc-linux-gnu/qt/5.15.3-f2910c50388/config.tests/x86_simd && /tmp/cirrus-ci-build/depends/work/build/x86_64-pc-linux-gnu/qt/5.15.3-f2910c50388/qtbase/bin/qmake "CONFIG -= qt debug_and_release app_bundle lib_bundle" "CONFIG += static warn_off console single_arch" -early "CONFIG += cross_compile" CONFIG+=add_cflags DEFINES+=NO_ATTRIBUTE SIMD=sse2 /tmp/cirrus-ci-build/depends/work/build/x86_64-pc-linux-gnu/qt/5.15.3-f2910c50388/qtbase/config.tests/x86_simd
+ cd /tmp/cirrus-ci-build/depends/work/build/x86_64-pc-linux-gnu/qt/5.15.3-f2910c50388/config.tests/x86_simd && MAKEFLAGS= /usr/bin/gmake
> gmake[1]: Entering directory '/tmp/cirrus-ci-build/depends/work/build/x86_64-pc-linux-gnu/qt/5.15.3-f2910c50388/config.tests/x86_simd'
> clang++-13 -stdlib=libc++ -c -pipe -pipe -std=c++17 -O2 -I/tmp/cirrus-ci-build/depends/x86_64-pc-linux-gnu/include -stdlib=libc++ -msse2 -O2 -w -fPIC -DNO_ATTRIBUTE -DQT_COMPILER_SUPPORTS_SSE2 -I/tmp/cirrus-ci-build/depends/work/build/x86_64-pc-linux-gnu/qt/5.15.3-f2910c50388/qtbase/config.tests/x86_simd -I. -I/tmp/cirrus-ci-build/depends/work/build/x86_64-pc-linux-gnu/qt/5.15.3-f2910c50388/qtbase/mkspecs/linux-clang-libc++ -o main.o /tmp/cirrus-ci-build/depends/work/build/x86_64-pc-linux-gnu/qt/5.15.3-f2910c50388/qtbase/config.tests/x86_simd/main.cpp
> clang++-13 -stdlib=libc++ -L/tmp/cirrus-ci-build/depends/x86_64-pc-linux-gnu/lib -ccc-gcc-name g++ -stdlib=libc++ -o x86_simd main.o      
> gmake[1]: Leaving directory '/tmp/cirrus-ci-build/depends/work/build/x86_64-pc-linux-gnu/qt/5.15.3-f2910c50388/config.tests/x86_simd'
test config.qtbase.tests.sse2 succeeded
Checking for AES new instructions... 
+ cd /tmp/cirrus-ci-build/depends/work/build/x86_64-pc-linux-gnu/qt/5.15.3-f2910c50388/config.tests/x86_simd && /tmp/cirrus-ci-build/depends/work/build/x86_64-pc-linux-gnu/qt/5.15.3-f2910c50388/qtbase/bin/qmake "CONFIG -= qt debug_and_release app_bundle lib_bundle" "CONFIG += static warn_off console single_arch" -early "CONFIG += cross_compile" CONFIG+=add_cflags DEFINES+=NO_ATTRIBUTE SIMD=aesni /tmp/cirrus-ci-build/depends/work/build/x86_64-pc-linux-gnu/qt/5.15.3-f2910c50388/qtbase/config.tests/x86_simd
+ cd /tmp/cirrus-ci-build/depends/work/build/x86_64-pc-linux-gnu/qt/5.15.3-f2910c50388/config.tests/x86_simd && MAKEFLAGS= /usr/bin/gmake clean && MAKEFLAGS= /usr/bin/gmake
> gmake[1]: Entering directory '/tmp/cirrus-ci-build/depends/work/build/x86_64-pc-linux-gnu/qt/5.15.3-f2910c50388/config.tests/x86_simd'
> rm -f main.o
> rm -f *~ core *.core
> gmake[1]: Leaving directory '/tmp/cirrus-ci-build/depends/work/build/x86_64-pc-linux-gnu/qt/5.15.3-f2910c50388/config.tests/x86_simd'
> gmake[1]: Entering directory '/tmp/cirrus-ci-build/depends/work/build/x86_64-pc-linux-gnu/qt/5.15.3-f2910c50388/config.tests/x86_simd'
> clang++-13 -stdlib=libc++ -c -pipe -pipe -std=c++17 -O2 -I/tmp/cirrus-ci-build/depends/x86_64-pc-linux-gnu/include -stdlib=libc++ -maes -O2 -w -fPIC -DNO_ATTRIBUTE -DQT_COMPILER_SUPPORTS_AESNI -I/tmp/cirrus-ci-build/depends/work/build/x86_64-pc-linux-gnu/qt/5.15.3-f2910c50388/qtbase/config.tests/x86_simd -I. -I/tmp/cirrus-ci-build/depends/work/build/x86_64-pc-linux-gnu/qt/5.15.3-f2910c50388/qtbase/mkspecs/linux-clang-libc++ -o main.o /tmp/cirrus-ci-build/depends/work/build/x86_64-pc-linux-gnu/qt/5.15.3-f2910c50388/qtbase/config.tests/x86_simd/main.cpp
> clang++-13 -stdlib=libc++ -L/tmp/cirrus-ci-build/depends/x86_64-pc-linux-gnu/lib -ccc-gcc-name g++ -stdlib=libc++ -o x86_simd main.o      
> gmake[1]: Leaving directory '/tmp/cirrus-ci-build/depends/work/build/x86_64-pc-linux-gnu/qt/5.15.3-f2910c50388/config.tests/x86_simd'
test config.qtbase.tests.aesni succeeded
Checking for alloca() in alloca.h... 
+ cd /tmp/cirrus-ci-build/depends/work/build/x86_64-pc-linux-gnu/qt/5.15.3-f2910c50388/config.tests/alloca_h && /tmp/cirrus-ci-build/depends/work/build/x86_64-pc-linux-gnu/qt/5.15.3-f2910c50388/qtbase/bin/qmake "CONFIG -= qt debug_and_release app_bundle lib_bundle" "CONFIG += static warn_off console single_arch" -early "CONFIG += cross_compile" /tmp/cirrus-ci-build/depends/work/build/x86_64-pc-linux-gnu/qt/5.15.3-f2910c50388/config.tests/alloca_h
+ cd /tmp/cirrus-ci-build/depends/work/build/x86_64-pc-linux-gnu/qt/5.15.3-f2910c50388/config.tests/alloca_h && MAKEFLAGS= /usr/bin/gmake
> gmake[1]: Entering directory '/tmp/cirrus-ci-build/depends/work/build/x86_64-pc-linux-gnu/qt/5.15.3-f2910c50388/config.tests/alloca_h'
> clang++-13 -stdlib=libc++ -c -pipe -pipe -std=c++17 -O2 -I/tmp/cirrus-ci-build/depends/x86_64-pc-linux-gnu/include -stdlib=libc++ -O2 -w -fPIC  -I. -I/tmp/cirrus-ci-build/depends/work/build/x86_64-pc-linux-gnu/qt/5.15.3-f2910c50388/qtbase/mkspecs/linux-clang-libc++ -o main.o main.cpp
> clang++-13 -stdlib=libc++ -L/tmp/cirrus-ci-build/depends/x86_64-pc-linux-gnu/lib -ccc-gcc-name g++ -stdlib=libc++ -o alloca_h main.o      
> gmake[1]: Leaving directory '/tmp/cirrus-ci-build/depends/work/build/x86_64-pc-linux-gnu/qt/5.15.3-f2910c50388/config.tests/alloca_h'
test config.qtbase.tests.alloca_h succeeded
Checking for SSE3 instructions... 
+ cd /tmp/cirrus-ci-build/depends/work/build/x86_64-pc-linux-gnu/qt/5.15.3-f2910c50388/config.tests/x86_simd && /tmp/cirrus-ci-build/depends/work/build/x86_64-pc-linux-gnu/qt/5.15.3-f2910c50388/qtbase/bin/qmake "CONFIG -= qt debug_and_release app_bundle lib_bundle" "CONFIG += static warn_off console single_arch" -early "CONFIG += cross_compile" CONFIG+=add_cflags DEFINES+=NO_ATTRIBUTE SIMD=sse3 /tmp/cirrus-ci-build/depends/work/build/x86_64-pc-linux-gnu/qt/5.15.3-f2910c50388/qtbase/config.tests/x86_simd
+ cd /tmp/cirrus-ci-build/depends/work/build/x86_64-pc-linux-gnu/qt/5.15.3-f2910c50388/config.tests/x86_simd && MAKEFLAGS= /usr/bin/gmake clean && MAKEFLAGS= /usr/bin/gmake
> gmake[1]: Entering directory '/tmp/cirrus-ci-build/depends/work/build/x86_64-pc-linux-gnu/qt/5.15.3-f2910c50388/config.tests/x86_simd'
> rm -f main.o
> rm -f *~ core *.core
> gmake[1]: Leaving directory '/tmp/cirrus-ci-build/depends/work/build/x86_64-pc-linux-gnu/qt/5.15.3-f2910c50388/config.tests/x86_simd'
> gmake[1]: Entering directory '/tmp/cirrus-ci-build/depends/work/build/x86_64-pc-linux-gnu/qt/5.15.3-f2910c50388/config.tests/x86_simd'
> clang++-13 -stdlib=libc++ -c -pipe -pipe -std=c++17 -O2 -I/tmp/cirrus-ci-build/depends/x86_64-pc-linux-gnu/include -stdlib=libc++ -msse3 -O2 -w -fPIC -DNO_ATTRIBUTE -DQT_COMPILER_SUPPORTS_SSE3 -I/tmp/cirrus-ci-build/depends/work/build/x86_64-pc-linux-gnu/qt/5.15.3-f2910c50388/qtbase/config.tests/x86_simd -I. -I/tmp/cirrus-ci-build/depends/work/build/x86_64-pc-linux-gnu/qt/5.15.3-f2910c50388/qtbase/mkspecs/linux-clang-libc++ -o main.o /tmp/cirrus-ci-build/depends/work/build/x86_64-pc-linux-gnu/qt/5.15.3-f2910c50388/qtbase/config.tests/x86_simd/main.cpp
> clang++-13 -stdlib=libc++ -L/tmp/cirrus-ci-build/depends/x86_64-pc-linux-gnu/lib -ccc-gcc-name g++ -stdlib=libc++ -o x86_simd main.o      
> gmake[1]: Leaving directory '/tmp/cirrus-ci-build/depends/work/build/x86_64-pc-linux-gnu/qt/5.15.3-f2910c50388/config.tests/x86_simd'
test config.qtbase.tests.sse3 succeeded
Checking for SSSE3 instructions... 
+ cd /tmp/cirrus-ci-build/depends/work/build/x86_64-pc-linux-gnu/qt/5.15.3-f2910c50388/config.tests/x86_simd && /tmp/cirrus-ci-build/depends/work/build/x86_64-pc-linux-gnu/qt/5.15.3-f2910c50388/qtbase/bin/qmake "CONFIG -= qt debug_and_release app_bundle lib_bundle" "CONFIG += static warn_off console single_arch" -early "CONFIG += cross_compile" CONFIG+=add_cflags DEFINES+=NO_ATTRIBUTE SIMD=ssse3 /tmp/cirrus-ci-build/depends/work/build/x86_64-pc-linux-gnu/qt/5.15.3-f2910c50388/qtbase/config.tests/x86_simd
+ cd /tmp/cirrus-ci-build/depends/work/build/x86_64-pc-linux-gnu/qt/5.15.3-f2910c50388/config.tests/x86_simd && MAKEFLAGS= /usr/bin/gmake clean && MAKEFLAGS= /usr/bin/gmake
> gmake[1]: Entering directory '/tmp/cirrus-ci-build/depends/work/build/x86_64-pc-linux-gnu/qt/5.15.3-f2910c50388/config.tests/x86_simd'
> rm -f main.o
> rm -f *~ core *.core
> gmake[1]: Leaving directory '/tmp/cirrus-ci-build/depends/work/build/x86_64-pc-linux-gnu/qt/5.15.3-f2910c50388/config.tests/x86_simd'
> gmake[1]: Entering directory '/tmp/cirrus-ci-build/depends/work/build/x86_64-pc-linux-gnu/qt/5.15.3-f2910c50388/config.tests/x86_simd'
> clang++-13 -stdlib=libc++ -c -pipe -pipe -std=c++17 -O2 -I/tmp/cirrus-ci-build/depends/x86_64-pc-linux-gnu/include -stdlib=libc++ -mssse3 -O2 -w -fPIC -DNO_ATTRIBUTE -DQT_COMPILER_SUPPORTS_SSSE3 -I/tmp/cirrus-ci-build/depends/work/build/x86_64-pc-linux-gnu/qt/5.15.3-f2910c50388/qtbase/config.tests/x86_simd -I. -I/tmp/cirrus-ci-build/depends/work/build/x86_64-pc-linux-gnu/qt/5.15.3-f2910c50388/qtbase/mkspecs/linux-clang-libc++ -o main.o /tmp/cirrus-ci-build/depends/work/build/x86_64-pc-linux-gnu/qt/5.15.3-f2910c50388/qtbase/config.tests/x86_simd/main.cpp
> clang++-13 -stdlib=libc++ -L/tmp/cirrus-ci-build/depends/x86_64-pc-linux-gnu/lib -ccc-gcc-name g++ -stdlib=libc++ -o x86_simd main.o      
> gmake[1]: Leaving directory '/tmp/cirrus-ci-build/depends/work/build/x86_64-pc-linux-gnu/qt/5.15.3-f2910c50388/config.tests/x86_simd'
test config.qtbase.tests.ssse3 succeeded
Checking for SSE4.1 instructions... 
+ cd /tmp/cirrus-ci-build/depends/work/build/x86_64-pc-linux-gnu/qt/5.15.3-f2910c50388/config.tests/x86_simd && /tmp/cirrus-ci-build/depends/work/build/x86_64-pc-linux-gnu/qt/5.15.3-f2910c50388/qtbase/bin/qmake "CONFIG -= qt debug_and_release app_bundle lib_bundle" "CONFIG += static warn_off console single_arch" -early "CONFIG += cross_compile" CONFIG+=add_cflags DEFINES+=NO_ATTRIBUTE SIMD=sse4_1 /tmp/cirrus-ci-build/depends/work/build/x86_64-pc-linux-gnu/qt/5.15.3-f2910c50388/qtbase/config.tests/x86_simd
+ cd /tmp/cirrus-ci-build/depends/work/build/x86_64-pc-linux-gnu/qt/5.15.3-f2910c50388/config.tests/x86_simd && MAKEFLAGS= /usr/bin/gmake clean && MAKEFLAGS= /usr/bin/gmake
> gmake[1]: Entering directory '/tmp/cirrus-ci-build/depends/work/build/x86_64-pc-linux-gnu/qt/5.15.3-f2910c50388/config.tests/x86_simd'
> rm -f main.o
> rm -f *~ core *.core
> gmake[1]: Leaving directory '/tmp/cirrus-ci-build/depends/work/build/x86_64-pc-linux-gnu/qt/5.15.3-f2910c50388/config.tests/x86_simd'
> gmake[1]: Entering directory '/tmp/cirrus-ci-build/depends/work/build/x86_64-pc-linux-gnu/qt/5.15.3-f2910c50388/config.tests/x86_simd'
> clang++-13 -stdlib=libc++ -c -pipe -pipe -std=c++17 -O2 -I/tmp/cirrus-ci-build/depends/x86_64-pc-linux-gnu/include -stdlib=libc++ -msse4.1 -O2 -w -fPIC -DNO_ATTRIBUTE -DQT_COMPILER_SUPPORTS_SSE4_1 -I/tmp/cirrus-ci-build/depends/work/build/x86_64-pc-linux-gnu/qt/5.15.3-f2910c50388/qtbase/config.tests/x86_simd -I. -I/tmp/cirrus-ci-build/depends/work/build/x86_64-pc-linux-gnu/qt/5.15.3-f2910c50388/qtbase/mkspecs/linux-clang-libc++ -o main.o /tmp/cirrus-ci-build/depends/work/build/x86_64-pc-linux-gnu/qt/5.15.3-f2910c50388/qtbase/config.tests/x86_simd/main.cpp
> clang++-13 -stdlib=libc++ -L/tmp/cirrus-ci-build/depends/x86_64-pc-linux-gnu/lib -ccc-gcc-name g++ -stdlib=libc++ -o x86_simd main.o      
> gmake[1]: Leaving directory '/tmp/cirrus-ci-build/depends/work/build/x86_64-pc-linux-gnu/qt/5.15.3-f2910c50388/config.tests/x86_simd'
test config.qtbase.tests.sse4_1 succeeded
Checking for SSE4.2 instructions... 
+ cd /tmp/cirrus-ci-build/depends/work/build/x86_64-pc-linux-gnu/qt/5.15.3-f2910c50388/config.tests/x86_simd && /tmp/cirrus-ci-build/depends/work/build/x86_64-pc-linux-gnu/qt/5.15.3-f2910c50388/qtbase/bin/qmake "CONFIG -= qt debug_and_release app_bundle lib_bundle" "CONFIG += static warn_off console single_arch" -early "CONFIG += cross_compile" CONFIG+=add_cflags DEFINES+=NO_ATTRIBUTE SIMD=sse4_2 /tmp/cirrus-ci-build/depends/work/build/x86_64-pc-linux-gnu/qt/5.15.3-f2910c50388/qtbase/config.tests/x86_simd
+ cd /tmp/cirrus-ci-build/depends/work/build/x86_64-pc-linux-gnu/qt/5.15.3-f2910c50388/config.tests/x86_simd && MAKEFLAGS= /usr/bin/gmake clean && MAKEFLAGS= /usr/bin/gmake
> gmake[1]: Entering directory '/tmp/cirrus-ci-build/depends/work/build/x86_64-pc-linux-gnu/qt/5.15.3-f2910c50388/config.tests/x86_simd'
> rm -f main.o
> rm -f *~ core *.core
> gmake[1]: Leaving directory '/tmp/cirrus-ci-build/depends/work/build/x86_64-pc-linux-gnu/qt/5.15.3-f2910c50388/config.tests/x86_simd'
> gmake[1]: Entering directory '/tmp/cirrus-ci-build/depends/work/build/x86_64-pc-linux-gnu/qt/5.15.3-f2910c50388/config.tests/x86_simd'
> clang++-13 -stdlib=libc++ -c -pipe -pipe -std=c++17 -O2 -I/tmp/cirrus-ci-build/depends/x86_64-pc-linux-gnu/include -stdlib=libc++ -msse4.2 -O2 -w -fPIC -DNO_ATTRIBUTE -DQT_COMPILER_SUPPORTS_SSE4_2 -I/tmp/cirrus-ci-build/depends/work/build/x86_64-pc-linux-gnu/qt/5.15.3-f2910c50388/qtbase/config.tests/x86_simd -I. -I/tmp/cirrus-ci-build/depends/work/build/x86_64-pc-linux-gnu/qt/5.15.3-f2910c50388/qtbase/mkspecs/linux-clang-libc++ -o main.o /tmp/cirrus-ci-build/depends/work/build/x86_64-pc-linux-gnu/qt/5.15.3-f2910c50388/qtbase/config.tests/x86_simd/main.cpp
> clang++-13 -stdlib=libc++ -L/tmp/cirrus-ci-build/depends/x86_64-pc-linux-gnu/lib -ccc-gcc-name g++ -stdlib=libc++ -o x86_simd main.o      
> gmake[1]: Leaving directory '/tmp/cirrus-ci-build/depends/work/build/x86_64-pc-linux-gnu/qt/5.15.3-f2910c50388/config.tests/x86_simd'
test config.qtbase.tests.sse4_2 succeeded
Checking for AVX instructions... 
+ cd /tmp/cirrus-ci-build/depends/work/build/x86_64-pc-linux-gnu/qt/5.15.3-f2910c50388/config.tests/x86_simd && /tmp/cirrus-ci-build/depends/work/build/x86_64-pc-linux-gnu/qt/5.15.3-f2910c50388/qtbase/bin/qmake "CONFIG -= qt debug_and_release app_bundle lib_bundle" "CONFIG += static warn_off console single_arch" -early "CONFIG += cross_compile" CONFIG+=add_cflags DEFINES+=NO_ATTRIBUTE SIMD=avx /tmp/cirrus-ci-build/depends/work/build/x86_64-pc-linux-gnu/qt/5.15.3-f2910c50388/qtbase/config.tests/x86_simd
+ cd /tmp/cirrus-ci-build/depends/work/build/x86_64-pc-linux-gnu/qt/5.15.3-f2910c50388/config.tests/x86_simd && MAKEFLAGS= /usr/bin/gmake clean && MAKEFLAGS= /usr/bin/gmake
> gmake[1]: Entering directory '/tmp/cirrus-ci-build/depends/work/build/x86_64-pc-linux-gnu/qt/5.15.3-f2910c50388/config.tests/x86_simd'
> rm -f main.o
> rm -f *~ core *.core
> gmake[1]: Leaving directory '/tmp/cirrus-ci-build/depends/work/build/x86_64-pc-linux-gnu/qt/5.15.3-f2910c50388/config.tests/x86_simd'
> gmake[1]: Entering directory '/tmp/cirrus-ci-build/depends/work/build/x86_64-pc-linux-gnu/qt/5.15.3-f2910c50388/config.tests/x86_simd'
> clang++-13 -stdlib=libc++ -c -pipe -pipe -std=c++17 -O2 -I/tmp/cirrus-ci-build/depends/x86_64-pc-linux-gnu/include -stdlib=libc++ -mavx -O2 -w -fPIC -DNO_ATTRIBUTE -DQT_COMPILER_SUPPORTS_AVX -I/tmp/cirrus-ci-build/depends/work/build/x86_64-pc-linux-gnu/qt/5.15.3-f2910c50388/qtbase/config.tests/x86_simd -I. -I/tmp/cirrus-ci-build/depends/work/build/x86_64-pc-linux-gnu/qt/5.15.3-f2910c50388/qtbase/mkspecs/linux-clang-libc++ -o main.o /tmp/cirrus-ci-build/depends/work/build/x86_64-pc-linux-gnu/qt/5.15.3-f2910c50388/qtbase/config.tests/x86_simd/main.cpp
> clang++-13 -stdlib=libc++ -L/tmp/cirrus-ci-build/depends/x86_64-pc-linux-gnu/lib -ccc-gcc-name g++ -stdlib=libc++ -o x86_simd main.o      
> gmake[1]: Leaving directory '/tmp/cirrus-ci-build/depends/work/build/x86_64-pc-linux-gnu/qt/5.15.3-f2910c50388/config.tests/x86_simd'
test config.qtbase.tests.avx succeeded
Checking for AVX2 instructions... 
+ cd /tmp/cirrus-ci-build/depends/work/build/x86_64-pc-linux-gnu/qt/5.15.3-f2910c50388/config.tests/x86_simd && /tmp/cirrus-ci-build/depends/work/build/x86_64-pc-linux-gnu/qt/5.15.3-f2910c50388/qtbase/bin/qmake "CONFIG -= qt debug_and_release app_bundle lib_bundle" "CONFIG += static warn_off console single_arch" -early "CONFIG += cross_compile" CONFIG+=add_cflags DEFINES+=NO_ATTRIBUTE SIMD=avx2 /tmp/cirrus-ci-build/depends/work/build/x86_64-pc-linux-gnu/qt/5.15.3-f2910c50388/qtbase/config.tests/x86_simd
+ cd /tmp/cirrus-ci-build/depends/work/build/x86_64-pc-linux-gnu/qt/5.15.3-f2910c50388/config.tests/x86_simd && MAKEFLAGS= /usr/bin/gmake clean && MAKEFLAGS= /usr/bin/gmake
> gmake[1]: Entering directory '/tmp/cirrus-ci-build/depends/work/build/x86_64-pc-linux-gnu/qt/5.15.3-f2910c50388/config.tests/x86_simd'
> rm -f main.o
> rm -f *~ core *.core
> gmake[1]: Leaving directory '/tmp/cirrus-ci-build/depends/work/build/x86_64-pc-linux-gnu/qt/5.15.3-f2910c50388/config.tests/x86_simd'
> gmake[1]: Entering directory '/tmp/cirrus-ci-build/depends/work/build/x86_64-pc-linux-gnu/qt/5.15.3-f2910c50388/config.tests/x86_simd'
> clang++-13 -stdlib=libc++ -c -pipe -pipe -std=c++17 -O2 -I/tmp/cirrus-ci-build/depends/x86_64-pc-linux-gnu/include -stdlib=libc++ -mavx2 -O2 -w -fPIC -DNO_ATTRIBUTE -DQT_COMPILER_SUPPORTS_AVX2 -I/tmp/cirrus-ci-build/depends/work/build/x86_64-pc-linux-gnu/qt/5.15.3-f2910c50388/qtbase/config.tests/x86_simd -I. -I/tmp/cirrus-ci-build/depends/work/build/x86_64-pc-linux-gnu/qt/5.15.3-f2910c50388/qtbase/mkspecs/linux-clang-libc++ -o main.o /tmp/cirrus-ci-build/depends/work/build/x86_64-pc-linux-gnu/qt/5.15.3-f2910c50388/qtbase/config.tests/x86_simd/main.cpp
> clang++-13 -stdlib=libc++ -L/tmp/cirrus-ci-build/depends/x86_64-pc-linux-gnu/lib -ccc-gcc-name g++ -stdlib=libc++ -o x86_simd main.o      
> gmake[1]: Leaving directory '/tmp/cirrus-ci-build/depends/work/build/x86_64-pc-linux-gnu/qt/5.15.3-f2910c50388/config.tests/x86_simd'
test config.qtbase.tests.avx2 succeeded
Checking for AVX512 F instructions... 
+ cd /tmp/cirrus-ci-build/depends/work/build/x86_64-pc-linux-gnu/qt/5.15.3-f2910c50388/config.tests/x86_simd && /tmp/cirrus-ci-build/depends/work/build/x86_64-pc-linux-gnu/qt/5.15.3-f2910c50388/qtbase/bin/qmake "CONFIG -= qt debug_and_release app_bundle lib_bundle" "CONFIG += static warn_off console single_arch" -early "CONFIG += cross_compile" CONFIG+=add_cflags DEFINES+=NO_ATTRIBUTE SIMD=avx512f /tmp/cirrus-ci-build/depends/work/build/x86_64-pc-linux-gnu/qt/5.15.3-f2910c50388/qtbase/config.tests/x86_simd
+ cd /tmp/cirrus-ci-build/depends/work/build/x86_64-pc-linux-gnu/qt/5.15.3-f2910c50388/config.tests/x86_simd && MAKEFLAGS= /usr/bin/gmake clean && MAKEFLAGS= /usr/bin/gmake
> gmake[1]: Entering directory '/tmp/cirrus-ci-build/depends/work/build/x86_64-pc-linux-gnu/qt/5.15.3-f2910c50388/config.tests/x86_simd'
> rm -f main.o
> rm -f *~ core *.core
> gmake[1]: Leaving directory '/tmp/cirrus-ci-build/depends/work/build/x86_64-pc-linux-gnu/qt/5.15.3-f2910c50388/config.tests/x86_simd'
> gmake[1]: Entering directory '/tmp/cirrus-ci-build/depends/work/build/x86_64-pc-linux-gnu/qt/5.15.3-f2910c50388/config.tests/x86_simd'
> clang++-13 -stdlib=libc++ -c -pipe -pipe -std=c++17 -O2 -I/tmp/cirrus-ci-build/depends/x86_64-pc-linux-gnu/include -stdlib=libc++ -mavx512f -O2 -w -fPIC -DNO_ATTRIBUTE -DQT_COMPILER_SUPPORTS_AVX512F -I/tmp/cirrus-ci-build/depends/work/build/x86_64-pc-linux-gnu/qt/5.15.3-f2910c50388/qtbase/config.tests/x86_simd -I. -I/tmp/cirrus-ci-build/depends/work/build/x86_64-pc-linux-gnu/qt/5.15.3-f2910c50388/qtbase/mkspecs/linux-clang-libc++ -o main.o /tmp/cirrus-ci-build/depends/work/build/x86_64-pc-linux-gnu/qt/5.15.3-f2910c50388/qtbase/config.tests/x86_simd/main.cpp
> clang++-13 -stdlib=libc++ -L/tmp/cirrus-ci-build/depends/x86_64-pc-linux-gnu/lib -ccc-gcc-name g++ -stdlib=libc++ -o x86_simd main.o      
> gmake[1]: Leaving directory '/tmp/cirrus-ci-build/depends/work/build/x86_64-pc-linux-gnu/qt/5.15.3-f2910c50388/config.tests/x86_simd'
test config.qtbase.tests.avx512f succeeded
Checking for AVX512 BW instructions... 
+ cd /tmp/cirrus-ci-build/depends/work/build/x86_64-pc-linux-gnu/qt/5.15.3-f2910c50388/config.tests/x86_simd && /tmp/cirrus-ci-build/depends/work/build/x86_64-pc-linux-gnu/qt/5.15.3-f2910c50388/qtbase/bin/qmake "CONFIG -= qt debug_and_release app_bundle lib_bundle" "CONFIG += static warn_off console single_arch" -early "CONFIG += cross_compile" CONFIG+=add_cflags DEFINES+=NO_ATTRIBUTE SIMD=avx512bw /tmp/cirrus-ci-build/depends/work/build/x86_64-pc-linux-gnu/qt/5.15.3-f2910c50388/qtbase/config.tests/x86_simd
+ cd /tmp/cirrus-ci-build/depends/work/build/x86_64-pc-linux-gnu/qt/5.15.3-f2910c50388/config.tests/x86_simd && MAKEFLAGS= /usr/bin/gmake clean && MAKEFLAGS= /usr/bin/gmake
> gmake[1]: Entering directory '/tmp/cirrus-ci-build/depends/work/build/x86_64-pc-linux-gnu/qt/5.15.3-f2910c50388/config.tests/x86_simd'
> rm -f main.o
> rm -f *~ core *.core
> gmake[1]: Leaving directory '/tmp/cirrus-ci-build/depends/work/build/x86_64-pc-linux-gnu/qt/5.15.3-f2910c50388/config.tests/x86_simd'
> gmake[1]: Entering directory '/tmp/cirrus-ci-build/depends/work/build/x86_64-pc-linux-gnu/qt/5.15.3-f2910c50388/config.tests/x86_simd'
> clang++-13 -stdlib=libc++ -c -pipe -pipe -std=c++17 -O2 -I/tmp/cirrus-ci-build/depends/x86_64-pc-linux-gnu/include -stdlib=libc++ -mavx512bw -O2 -w -fPIC -DNO_ATTRIBUTE -DQT_COMPILER_SUPPORTS_AVX512BW -I/tmp/cirrus-ci-build/depends/work/build/x86_64-pc-linux-gnu/qt/5.15.3-f2910c50388/qtbase/config.tests/x86_simd -I. -I/tmp/cirrus-ci-build/depends/work/build/x86_64-pc-linux-gnu/qt/5.15.3-f2910c50388/qtbase/mkspecs/linux-clang-libc++ -o main.o /tmp/cirrus-ci-build/depends/work/build/x86_64-pc-linux-gnu/qt/5.15.3-f2910c50388/qtbase/config.tests/x86_simd/main.cpp
> clang++-13 -stdlib=libc++ -L/tmp/cirrus-ci-build/depends/x86_64-pc-linux-gnu/lib -ccc-gcc-name g++ -stdlib=libc++ -o x86_simd main.o      
> gmake[1]: Leaving directory '/tmp/cirrus-ci-build/depends/work/build/x86_64-pc-linux-gnu/qt/5.15.3-f2910c50388/config.tests/x86_simd'
test config.qtbase.tests.avx512bw succeeded
Checking for AVX512 CD instructions... 
+ cd /tmp/cirrus-ci-build/depends/work/build/x86_64-pc-linux-gnu/qt/5.15.3-f2910c50388/config.tests/x86_simd && /tmp/cirrus-ci-build/depends/work/build/x86_64-pc-linux-gnu/qt/5.15.3-f2910c50388/qtbase/bin/qmake "CONFIG -= qt debug_and_release app_bundle lib_bundle" "CONFIG += static warn_off console single_arch" -early "CONFIG += cross_compile" CONFIG+=add_cflags DEFINES+=NO_ATTRIBUTE SIMD=avx512cd /tmp/cirrus-ci-build/depends/work/build/x86_64-pc-linux-gnu/qt/5.15.3-f2910c50388/qtbase/config.tests/x86_simd
+ cd /tmp/cirrus-ci-build/depends/work/build/x86_64-pc-linux-gnu/qt/5.15.3-f2910c50388/config.tests/x86_simd && MAKEFLAGS= /usr/bin/gmake clean && MAKEFLAGS= /usr/bin/gmake
> gmake[1]: Entering directory '/tmp/cirrus-ci-build/depends/work/build/x86_64-pc-linux-gnu/qt/5.15.3-f2910c50388/config.tests/x86_simd'
> rm -f main.o
> rm -f *~ core *.core
> gmake[1]: Leaving directory '/tmp/cirrus-ci-build/depends/work/build/x86_64-pc-linux-gnu/qt/5.15.3-f2910c50388/config.tests/x86_simd'
> gmake[1]: Entering directory '/tmp/cirrus-ci-build/depends/work/build/x86_64-pc-linux-gnu/qt/5.15.3-f2910c50388/config.tests/x86_simd'
> clang++-13 -stdlib=libc++ -c -pipe -pipe -std=c++17 -O2 -I/tmp/cirrus-ci-build/depends/x86_64-pc-linux-gnu/include -stdlib=libc++ -mavx512cd -O2 -w -fPIC -DNO_ATTRIBUTE -DQT_COMPILER_SUPPORTS_AVX512CD -I/tmp/cirrus-ci-build/depends/work/build/x86_64-pc-linux-gnu/qt/5.15.3-f2910c50388/qtbase/config.tests/x86_simd -I. -I/tmp/cirrus-ci-build/depends/work/build/x86_64-pc-linux-gnu/qt/5.15.3-f2910c50388/qtbase/mkspecs/linux-clang-libc++ -o main.o /tmp/cirrus-ci-build/depends/work/build/x86_64-pc-linux-gnu/qt/5.15.3-f2910c50388/qtbase/config.tests/x86_simd/main.cpp
> clang++-13 -stdlib=libc++ -L/tmp/cirrus-ci-build/depends/x86_64-pc-linux-gnu/lib -ccc-gcc-name g++ -stdlib=libc++ -o x86_simd main.o      
> gmake[1]: Leaving directory '/tmp/cirrus-ci-build/depends/work/build/x86_64-pc-linux-gnu/qt/5.15.3-f2910c50388/config.tests/x86_simd'
test config.qtbase.tests.avx512cd succeeded
Checking for AVX512 DQ instructions... 
+ cd /tmp/cirrus-ci-build/depends/work/build/x86_64-pc-linux-gnu/qt/5.15.3-f2910c50388/config.tests/x86_simd && /tmp/cirrus-ci-build/depends/work/build/x86_64-pc-linux-gnu/qt/5.15.3-f2910c50388/qtbase/bin/qmake "CONFIG -= qt debug_and_release app_bundle lib_bundle" "CONFIG += static warn_off console single_arch" -early "CONFIG += cross_compile" CONFIG+=add_cflags DEFINES+=NO_ATTRIBUTE SIMD=avx512dq /tmp/cirrus-ci-build/depends/work/build/x86_64-pc-linux-gnu/qt/5.15.3-f2910c50388/qtbase/config.tests/x86_simd
+ cd /tmp/cirrus-ci-build/depends/work/build/x86_64-pc-linux-gnu/qt/5.15.3-f2910c50388/config.tests/x86_simd && MAKEFLAGS= /usr/bin/gmake clean && MAKEFLAGS= /usr/bin/gmake
> gmake[1]: Entering directory '/tmp/cirrus-ci-build/depends/work/build/x86_64-pc-linux-gnu/qt/5.15.3-f2910c50388/config.tests/x86_simd'
> rm -f main.o
> rm -f *~ core *.core
> gmake[1]: Leaving directory '/tmp/cirrus-ci-build/depends/work/build/x86_64-pc-linux-gnu/qt/5.15.3-f2910c50388/config.tests/x86_simd'
> gmake[1]: Entering directory '/tmp/cirrus-ci-build/depends/work/build/x86_64-pc-linux-gnu/qt/5.15.3-f2910c50388/config.tests/x86_simd'
> clang++-13 -stdlib=libc++ -c -pipe -pipe -std=c++17 -O2 -I/tmp/cirrus-ci-build/depends/x86_64-pc-linux-gnu/include -stdlib=libc++ -mavx512dq -O2 -w -fPIC -DNO_ATTRIBUTE -DQT_COMPILER_SUPPORTS_AVX512DQ -I/tmp/cirrus-ci-build/depends/work/build/x86_64-pc-linux-gnu/qt/5.15.3-f2910c50388/qtbase/config.tests/x86_simd -I. -I/tmp/cirrus-ci-build/depends/work/build/x86_64-pc-linux-gnu/qt/5.15.3-f2910c50388/qtbase/mkspecs/linux-clang-libc++ -o main.o /tmp/cirrus-ci-build/depends/work/build/x86_64-pc-linux-gnu/qt/5.15.3-f2910c50388/qtbase/config.tests/x86_simd/main.cpp
> clang++-13 -stdlib=libc++ -L/tmp/cirrus-ci-build/depends/x86_64-pc-linux-gnu/lib -ccc-gcc-name g++ -stdlib=libc++ -o x86_simd main.o      
> gmake[1]: Leaving directory '/tmp/cirrus-ci-build/depends/work/build/x86_64-pc-linux-gnu/qt/5.15.3-f2910c50388/config.tests/x86_simd'
test config.qtbase.tests.avx512dq succeeded
Checking for AVX512 ER instructions... 
+ cd /tmp/cirrus-ci-build/depends/work/build/x86_64-pc-linux-gnu/qt/5.15.3-f2910c50388/config.tests/x86_simd && /tmp/cirrus-ci-build/depends/work/build/x86_64-pc-linux-gnu/qt/5.15.3-f2910c50388/qtbase/bin/qmake "CONFIG -= qt debug_and_release app_bundle lib_bundle" "CONFIG += static warn_off console single_arch" -early "CONFIG += cross_compile" CONFIG+=add_cflags DEFINES+=NO_ATTRIBUTE SIMD=avx512er /tmp/cirrus-ci-build/depends/work/build/x86_64-pc-linux-gnu/qt/5.15.3-f2910c50388/qtbase/config.tests/x86_simd
+ cd /tmp/cirrus-ci-build/depends/work/build/x86_64-pc-linux-gnu/qt/5.15.3-f2910c50388/config.tests/x86_simd && MAKEFLAGS= /usr/bin/gmake clean && MAKEFLAGS= /usr/bin/gmake
> gmake[1]: Entering directory '/tmp/cirrus-ci-build/depends/work/build/x86_64-pc-linux-gnu/qt/5.15.3-f2910c50388/config.tests/x86_simd'
> rm -f main.o
> rm -f *~ core *.core
> gmake[1]: Leaving directory '/tmp/cirrus-ci-build/depends/work/build/x86_64-pc-linux-gnu/qt/5.15.3-f2910c50388/config.tests/x86_simd'
> gmake[1]: Entering directory '/tmp/cirrus-ci-build/depends/work/build/x86_64-pc-linux-gnu/qt/5.15.3-f2910c50388/config.tests/x86_simd'
> clang++-13 -stdlib=libc++ -c -pipe -pipe -std=c++17 -O2 -I/tmp/cirrus-ci-build/depends/x86_64-pc-linux-gnu/include -stdlib=libc++ -mavx512er -O2 -w -fPIC -DNO_ATTRIBUTE -DQT_COMPILER_SUPPORTS_AVX512ER -I/tmp/cirrus-ci-build/depends/work/build/x86_64-pc-linux-gnu/qt/5.15.3-f2910c50388/qtbase/config.tests/x86_simd -I. -I/tmp/cirrus-ci-build/depends/work/build/x86_64-pc-linux-gnu/qt/5.15.3-f2910c50388/qtbase/mkspecs/linux-clang-libc++ -o main.o /tmp/cirrus-ci-build/depends/work/build/x86_64-pc-linux-gnu/qt/5.15.3-f2910c50388/qtbase/config.tests/x86_simd/main.cpp
> clang++-13 -stdlib=libc++ -L/tmp/cirrus-ci-build/depends/x86_64-pc-linux-gnu/lib -ccc-gcc-name g++ -stdlib=libc++ -o x86_simd main.o      
> gmake[1]: Leaving directory '/tmp/cirrus-ci-build/depends/work/build/x86_64-pc-linux-gnu/qt/5.15.3-f2910c50388/config.tests/x86_simd'
test config.qtbase.tests.avx512er succeeded
Checking for AVX512 IFMA instructions... 
+ cd /tmp/cirrus-ci-build/depends/work/build/x86_64-pc-linux-gnu/qt/5.15.3-f2910c50388/config.tests/x86_simd && /tmp/cirrus-ci-build/depends/work/build/x86_64-pc-linux-gnu/qt/5.15.3-f2910c50388/qtbase/bin/qmake "CONFIG -= qt debug_and_release app_bundle lib_bundle" "CONFIG += static warn_off console single_arch" -early "CONFIG += cross_compile" CONFIG+=add_cflags DEFINES+=NO_ATTRIBUTE SIMD=avx512ifma /tmp/cirrus-ci-build/depends/work/build/x86_64-pc-linux-gnu/qt/5.15.3-f2910c50388/qtbase/config.tests/x86_simd
+ cd /tmp/cirrus-ci-build/depends/work/build/x86_64-pc-linux-gnu/qt/5.15.3-f2910c50388/config.tests/x86_simd && MAKEFLAGS= /usr/bin/gmake clean && MAKEFLAGS= /usr/bin/gmake
> gmake[1]: Entering directory '/tmp/cirrus-ci-build/depends/work/build/x86_64-pc-linux-gnu/qt/5.15.3-f2910c50388/config.tests/x86_simd'
> rm -f main.o
> rm -f *~ core *.core
> gmake[1]: Leaving directory '/tmp/cirrus-ci-build/depends/work/build/x86_64-pc-linux-gnu/qt/5.15.3-f2910c50388/config.tests/x86_simd'
> gmake[1]: Entering directory '/tmp/cirrus-ci-build/depends/work/build/x86_64-pc-linux-gnu/qt/5.15.3-f2910c50388/config.tests/x86_simd'
> clang++-13 -stdlib=libc++ -c -pipe -pipe -std=c++17 -O2 -I/tmp/cirrus-ci-build/depends/x86_64-pc-linux-gnu/include -stdlib=libc++ -mavx512ifma -mavx512ifma -O2 -w -fPIC -DNO_ATTRIBUTE -DQT_COMPILER_SUPPORTS_AVX512IFMA -I/tmp/cirrus-ci-build/depends/work/build/x86_64-pc-linux-gnu/qt/5.15.3-f2910c50388/qtbase/config.tests/x86_simd -I. -I/tmp/cirrus-ci-build/depends/work/build/x86_64-pc-linux-gnu/qt/5.15.3-f2910c50388/qtbase/mkspecs/linux-clang-libc++ -o main.o /tmp/cirrus-ci-build/depends/work/build/x86_64-pc-linux-gnu/qt/5.15.3-f2910c50388/qtbase/config.tests/x86_simd/main.cpp
> clang++-13 -stdlib=libc++ -L/tmp/cirrus-ci-build/depends/x86_64-pc-linux-gnu/lib -ccc-gcc-name g++ -stdlib=libc++ -o x86_simd main.o      
> gmake[1]: Leaving directory '/tmp/cirrus-ci-build/depends/work/build/x86_64-pc-linux-gnu/qt/5.15.3-f2910c50388/config.tests/x86_simd'
test config.qtbase.tests.avx512ifma succeeded
Checking for AVX512 PF instructions... 
+ cd /tmp/cirrus-ci-build/depends/work/build/x86_64-pc-linux-gnu/qt/5.15.3-f2910c50388/config.tests/x86_simd && /tmp/cirrus-ci-build/depends/work/build/x86_64-pc-linux-gnu/qt/5.15.3-f2910c50388/qtbase/bin/qmake "CONFIG -= qt debug_and_release app_bundle lib_bundle" "CONFIG += static warn_off console single_arch" -early "CONFIG += cross_compile" CONFIG+=add_cflags DEFINES+=NO_ATTRIBUTE SIMD=avx512pf /tmp/cirrus-ci-build/depends/work/build/x86_64-pc-linux-gnu/qt/5.15.3-f2910c50388/qtbase/config.tests/x86_simd
+ cd /tmp/cirrus-ci-build/depends/work/build/x86_64-pc-linux-gnu/qt/5.15.3-f2910c50388/config.tests/x86_simd && MAKEFLAGS= /usr/bin/gmake clean && MAKEFLAGS= /usr/bin/gmake
> gmake[1]: Entering directory '/tmp/cirrus-ci-build/depends/work/build/x86_64-pc-linux-gnu/qt/5.15.3-f2910c50388/config.tests/x86_simd'
> rm -f main.o
> rm -f *~ core *.core
> gmake[1]: Leaving directory '/tmp/cirrus-ci-build/depends/work/build/x86_64-pc-linux-gnu/qt/5.15.3-f2910c50388/config.tests/x86_simd'
> gmake[1]: Entering directory '/tmp/cirrus-ci-build/depends/work/build/x86_64-pc-linux-gnu/qt/5.15.3-f2910c50388/config.tests/x86_simd'
> clang++-13 -stdlib=libc++ -c -pipe -pipe -std=c++17 -O2 -I/tmp/cirrus-ci-build/depends/x86_64-pc-linux-gnu/include -stdlib=libc++ -mavx512pf -O2 -w -fPIC -DNO_ATTRIBUTE -DQT_COMPILER_SUPPORTS_AVX512PF -I/tmp/cirrus-ci-build/depends/work/build/x86_64-pc-linux-gnu/qt/5.15.3-f2910c50388/qtbase/config.tests/x86_simd -I. -I/tmp/cirrus-ci-build/depends/work/build/x86_64-pc-linux-gnu/qt/5.15.3-f2910c50388/qtbase/mkspecs/linux-clang-libc++ -o main.o /tmp/cirrus-ci-build/depends/work/build/x86_64-pc-linux-gnu/qt/5.15.3-f2910c50388/qtbase/config.tests/x86_simd/main.cpp
> clang++-13 -stdlib=libc++ -L/tmp/cirrus-ci-build/depends/x86_64-pc-linux-gnu/lib -ccc-gcc-name g++ -stdlib=libc++ -o x86_simd main.o      
> gmake[1]: Leaving directory '/tmp/cirrus-ci-build/depends/work/build/x86_64-pc-linux-gnu/qt/5.15.3-f2910c50388/config.tests/x86_simd'
test config.qtbase.tests.avx512pf succeeded
Checking for AVX512 VBMI instructions... 
+ cd /tmp/cirrus-ci-build/depends/work/build/x86_64-pc-linux-gnu/qt/5.15.3-f2910c50388/config.tests/x86_simd && /tmp/cirrus-ci-build/depends/work/build/x86_64-pc-linux-gnu/qt/5.15.3-f2910c50388/qtbase/bin/qmake "CONFIG -= qt debug_and_release app_bundle lib_bundle" "CONFIG += static warn_off console single_arch" -early "CONFIG += cross_compile" CONFIG+=add_cflags DEFINES+=NO_ATTRIBUTE SIMD=avx512vbmi /tmp/cirrus-ci-build/depends/work/build/x86_64-pc-linux-gnu/qt/5.15.3-f2910c50388/qtbase/config.tests/x86_simd
+ cd /tmp/cirrus-ci-build/depends/work/build/x86_64-pc-linux-gnu/qt/5.15.3-f2910c50388/config.tests/x86_simd && MAKEFLAGS= /usr/bin/gmake clean && MAKEFLAGS= /usr/bin/gmake
> gmake[1]: Entering directory '/tmp/cirrus-ci-build/depends/work/build/x86_64-pc-linux-gnu/qt/5.15.3-f2910c50388/config.tests/x86_simd'
> rm -f main.o
> rm -f *~ core *.core
> gmake[1]: Leaving directory '/tmp/cirrus-ci-build/depends/work/build/x86_64-pc-linux-gnu/qt/5.15.3-f2910c50388/config.tests/x86_simd'
> gmake[1]: Entering directory '/tmp/cirrus-ci-build/depends/work/build/x86_64-pc-linux-gnu/qt/5.15.3-f2910c50388/config.tests/x86_simd'
> clang++-13 -stdlib=libc++ -c -pipe -pipe -std=c++17 -O2 -I/tmp/cirrus-ci-build/depends/x86_64-pc-linux-gnu/include -stdlib=libc++ -mavx512vbmi -mavx512vbmi -O2 -w -fPIC -DNO_ATTRIBUTE -DQT_COMPILER_SUPPORTS_AVX512VBMI -I/tmp/cirrus-ci-build/depends/work/build/x86_64-pc-linux-gnu/qt/5.15.3-f2910c50388/qtbase/config.tests/x86_simd -I. -I/tmp/cirrus-ci-build/depends/work/build/x86_64-pc-linux-gnu/qt/5.15.3-f2910c50388/qtbase/mkspecs/linux-clang-libc++ -o main.o /tmp/cirrus-ci-build/depends/work/build/x86_64-pc-linux-gnu/qt/5.15.3-f2910c50388/qtbase/config.tests/x86_simd/main.cpp
> clang++-13 -stdlib=libc++ -L/tmp/cirrus-ci-build/depends/x86_64-pc-linux-gnu/lib -ccc-gcc-name g++ -stdlib=libc++ -o x86_simd main.o      
> gmake[1]: Leaving directory '/tmp/cirrus-ci-build/depends/work/build/x86_64-pc-linux-gnu/qt/5.15.3-f2910c50388/config.tests/x86_simd'
test config.qtbase.tests.avx512vbmi succeeded
Checking for AVX512 VL instructions... 
+ cd /tmp/cirrus-ci-build/depends/work/build/x86_64-pc-linux-gnu/qt/5.15.3-f2910c50388/config.tests/x86_simd && /tmp/cirrus-ci-build/depends/work/build/x86_64-pc-linux-gnu/qt/5.15.3-f2910c50388/qtbase/bin/qmake "CONFIG -= qt debug_and_release app_bundle lib_bundle" "CONFIG += static warn_off console single_arch" -early "CONFIG += cross_compile" CONFIG+=add_cflags DEFINES+=NO_ATTRIBUTE SIMD=avx512vl /tmp/cirrus-ci-build/depends/work/build/x86_64-pc-linux-gnu/qt/5.15.3-f2910c50388/qtbase/config.tests/x86_simd
+ cd /tmp/cirrus-ci-build/depends/work/build/x86_64-pc-linux-gnu/qt/5.15.3-f2910c50388/config.tests/x86_simd && MAKEFLAGS= /usr/bin/gmake clean && MAKEFLAGS= /usr/bin/gmake
> gmake[1]: Entering directory '/tmp/cirrus-ci-build/depends/work/build/x86_64-pc-linux-gnu/qt/5.15.3-f2910c50388/config.tests/x86_simd'
> rm -f main.o
> rm -f *~ core *.core
> gmake[1]: Leaving directory '/tmp/cirrus-ci-build/depends/work/build/x86_64-pc-linux-gnu/qt/5.15.3-f2910c50388/config.tests/x86_simd'
> gmake[1]: Entering directory '/tmp/cirrus-ci-build/depends/work/build/x86_64-pc-linux-gnu/qt/5.15.3-f2910c50388/config.tests/x86_simd'
> clang++-13 -stdlib=libc++ -c -pipe -pipe -std=c++17 -O2 -I/tmp/cirrus-ci-build/depends/x86_64-pc-linux-gnu/include -stdlib=libc++ -mavx512vl -O2 -w -fPIC -DNO_ATTRIBUTE -DQT_COMPILER_SUPPORTS_AVX512VL -I/tmp/cirrus-ci-build/depends/work/build/x86_64-pc-linux-gnu/qt/5.15.3-f2910c50388/qtbase/config.tests/x86_simd -I. -I/tmp/cirrus-ci-build/depends/work/build/x86_64-pc-linux-gnu/qt/5.15.3-f2910c50388/qtbase/mkspecs/linux-clang-libc++ -o main.o /tmp/cirrus-ci-build/depends/work/build/x86_64-pc-linux-gnu/qt/5.15.3-f2910c50388/qtbase/config.tests/x86_simd/main.cpp
> clang++-13 -stdlib=libc++ -L/tmp/cirrus-ci-build/depends/x86_64-pc-linux-gnu/lib -ccc-gcc-name g++ -stdlib=libc++ -o x86_simd main.o      
> gmake[1]: Leaving directory '/tmp/cirrus-ci-build/depends/work/build/x86_64-pc-linux-gnu/qt/5.15.3-f2910c50388/config.tests/x86_simd'
test config.qtbase.tests.avx512vl succeeded
Checking for C++14 support... 
+ cd /tmp/cirrus-ci-build/depends/work/build/x86_64-pc-linux-gnu/qt/5.15.3-f2910c50388/config.tests/cxx14 && /tmp/cirrus-ci-build/depends/work/build/x86_64-pc-linux-gnu/qt/5.15.3-f2910c50388/qtbase/bin/qmake "CONFIG -= qt debug_and_release app_bundle lib_bundle" "CONFIG += static warn_off console single_arch" -early "CONFIG += cross_compile" /tmp/cirrus-ci-build/depends/work/build/x86_64-pc-linux-gnu/qt/5.15.3-f2910c50388/config.tests/cxx14
+ cd /tmp/cirrus-ci-build/depends/work/build/x86_64-pc-linux-gnu/qt/5.15.3-f2910c50388/config.tests/cxx14 && MAKEFLAGS= /usr/bin/gmake
> gmake[1]: Entering directory '/tmp/cirrus-ci-build/depends/work/build/x86_64-pc-linux-gnu/qt/5.15.3-f2910c50388/config.tests/cxx14'
> clang++-13 -stdlib=libc++ -c -pipe -pipe -std=c++17 -O2 -I/tmp/cirrus-ci-build/depends/x86_64-pc-linux-gnu/include -stdlib=libc++ -O2 -std=gnu++1y -w -fPIC  -I. -I/tmp/cirrus-ci-build/depends/work/build/x86_64-pc-linux-gnu/qt/5.15.3-f2910c50388/qtbase/mkspecs/linux-clang-libc++ -o main.o main.cpp
> clang++-13 -stdlib=libc++ -L/tmp/cirrus-ci-build/depends/x86_64-pc-linux-gnu/lib -ccc-gcc-name g++ -stdlib=libc++ -o cxx14 main.o      
> gmake[1]: Leaving directory '/tmp/cirrus-ci-build/depends/work/build/x86_64-pc-linux-gnu/qt/5.15.3-f2910c50388/config.tests/cxx14'
test config.qtbase.tests.cxx14 succeeded
Checking for C++17 support... 
+ cd /tmp/cirrus-ci-build/depends/work/build/x86_64-pc-linux-gnu/qt/5.15.3-f2910c50388/config.tests/cxx17 && /tmp/cirrus-ci-build/depends/work/build/x86_64-pc-linux-gnu/qt/5.15.3-f2910c50388/qtbase/bin/qmake "CONFIG -= qt debug_and_release app_bundle lib_bundle" "CONFIG += static warn_off console single_arch" -early "CONFIG += cross_compile" /tmp/cirrus-ci-build/depends/work/build/x86_64-pc-linux-gnu/qt/5.15.3-f2910c50388/config.tests/cxx17
+ cd /tmp/cirrus-ci-build/depends/work/build/x86_64-pc-linux-gnu/qt/5.15.3-f2910c50388/config.tests/cxx17 && MAKEFLAGS= /usr/bin/gmake
> gmake[1]: Entering directory '/tmp/cirrus-ci-build/depends/work/build/x86_64-pc-linux-gnu/qt/5.15.3-f2910c50388/config.tests/cxx17'
> clang++-13 -stdlib=libc++ -c -pipe -pipe -std=c++17 -O2 -I/tmp/cirrus-ci-build/depends/x86_64-pc-linux-gnu/include -stdlib=libc++ -O2 -std=gnu++1z -w -fPIC  -I. -I/tmp/cirrus-ci-build/depends/work/build/x86_64-pc-linux-gnu/qt/5.15.3-f2910c50388/qtbase/mkspecs/linux-clang-libc++ -o main.o main.cpp
> clang++-13 -stdlib=libc++ -L/tmp/cirrus-ci-build/depends/x86_64-pc-linux-gnu/lib -ccc-gcc-name g++ -stdlib=libc++ -o cxx17 main.o      
> gmake[1]: Leaving directory '/tmp/cirrus-ci-build/depends/work/build/x86_64-pc-linux-gnu/qt/5.15.3-f2910c50388/config.tests/cxx17'
test config.qtbase.tests.cxx17 succeeded
Checking for C99 support... 
+ cd /tmp/cirrus-ci-build/depends/work/build/x86_64-pc-linux-gnu/qt/5.15.3-f2910c50388/config.tests/c99 && /tmp/cirrus-ci-build/depends/work/build/x86_64-pc-linux-gnu/qt/5.15.3-f2910c50388/qtbase/bin/qmake "CONFIG -= qt debug_and_release app_bundle lib_bundle" "CONFIG += static warn_off console single_arch" -early "CONFIG += cross_compile" /tmp/cirrus-ci-build/depends/work/build/x86_64-pc-linux-gnu/qt/5.15.3-f2910c50388/config.tests/c99
+ cd /tmp/cirrus-ci-build/depends/work/build/x86_64-pc-linux-gnu/qt/5.15.3-f2910c50388/config.tests/c99 && MAKEFLAGS= /usr/bin/gmake
> gmake[1]: Entering directory '/tmp/cirrus-ci-build/depends/work/build/x86_64-pc-linux-gnu/qt/5.15.3-f2910c50388/config.tests/c99'
> clang-13 -c -pipe -pipe -std=c11 -O2 -I/tmp/cirrus-ci-build/depends/x86_64-pc-linux-gnu/include -O2 -std=gnu99 -w -fPIC  -I. -I/tmp/cirrus-ci-build/depends/work/build/x86_64-pc-linux-gnu/qt/5.15.3-f2910c50388/qtbase/mkspecs/linux-clang-libc++ -o main.o main.c
> clang++-13 -stdlib=libc++ -L/tmp/cirrus-ci-build/depends/x86_64-pc-linux-gnu/lib -ccc-gcc-name g++ -stdlib=libc++ -o c99 main.o      
> gmake[1]: Leaving directory '/tmp/cirrus-ci-build/depends/work/build/x86_64-pc-linux-gnu/qt/5.15.3-f2910c50388/config.tests/c99'
test config.qtbase.tests.c99 succeeded
Checking for C11 support... 
+ cd /tmp/cirrus-ci-build/depends/work/build/x86_64-pc-linux-gnu/qt/5.15.3-f2910c50388/config.tests/c11 && /tmp/cirrus-ci-build/depends/work/build/x86_64-pc-linux-gnu/qt/5.15.3-f2910c50388/qtbase/bin/qmake "CONFIG -= qt debug_and_release app_bundle lib_bundle" "CONFIG += static warn_off console single_arch" -early "CONFIG += cross_compile" /tmp/cirrus-ci-build/depends/work/build/x86_64-pc-linux-gnu/qt/5.15.3-f2910c50388/config.tests/c11
+ cd /tmp/cirrus-ci-build/depends/work/build/x86_64-pc-linux-gnu/qt/5.15.3-f2910c50388/config.tests/c11 && MAKEFLAGS= /usr/bin/gmake
> gmake[1]: Entering directory '/tmp/cirrus-ci-build/depends/work/build/x86_64-pc-linux-gnu/qt/5.15.3-f2910c50388/config.tests/c11'
> clang-13 -c -pipe -pipe -std=c11 -O2 -I/tmp/cirrus-ci-build/depends/x86_64-pc-linux-gnu/include -O2 -std=gnu11 -w -fPIC  -I. -I/tmp/cirrus-ci-build/depends/work/build/x86_64-pc-linux-gnu/qt/5.15.3-f2910c50388/qtbase/mkspecs/linux-clang-libc++ -o main.o main.c
> clang++-13 -stdlib=libc++ -L/tmp/cirrus-ci-build/depends/x86_64-pc-linux-gnu/lib -ccc-gcc-name g++ -stdlib=libc++ -o c11 main.o      
> gmake[1]: Leaving directory '/tmp/cirrus-ci-build/depends/work/build/x86_64-pc-linux-gnu/qt/5.15.3-f2910c50388/config.tests/c11'
test config.qtbase.tests.c11 succeeded
Checking for pkg-config... 
Found pkg-config from path: /usr/bin/pkg-config
test config.qtbase.tests.pkg-config succeeded
Global lib dirs: [] [/usr/lib/llvm-13/lib/clang/13.0.1 /usr/lib/gcc/x86_64-linux-gnu/11 /usr/lib64 /lib/x86_64-linux-gnu /lib64 /usr/lib/x86_64-linux-gnu /usr/lib/llvm-13/lib /lib /usr/lib]
Global inc dirs: [] [/tmp/cirrus-ci-build/depends/x86_64-pc-linux-gnu/include /usr/lib/llvm-13/include/c++/v1 /usr/lib/llvm-13/lib/clang/13.0.1/include /usr/local/include /usr/include/x86_64-linux-gnu /usr/include]
Checking for dlopen()... 
Trying source 0 (type inline) of library libdl ...
+ cd /tmp/cirrus-ci-build/depends/work/build/x86_64-pc-linux-gnu/qt/5.15.3-f2910c50388/config.tests/libdl && PKG_CONFIG_SYSROOT_DIR=/ PKG_CONFIG_LIBDIR=/tmp/cirrus-ci-build/depends/x86_64-pc-linux-gnu/lib/pkgconfig /tmp/cirrus-ci-build/depends/work/build/x86_64-pc-linux-gnu/qt/5.15.3-f2910c50388/qtbase/bin/qmake "CONFIG -= qt debug_and_release app_bundle lib_bundle" "CONFIG += static warn_off console single_arch" -early "CONFIG += cross_compile" 'QMAKE_USE += libdl' 'QMAKE_LIBS_LIBDL = ' /tmp/cirrus-ci-build/depends/work/build/x86_64-pc-linux-gnu/qt/5.15.3-f2910c50388/config.tests/libdl
+ cd /tmp/cirrus-ci-build/depends/work/build/x86_64-pc-linux-gnu/qt/5.15.3-f2910c50388/config.tests/libdl && MAKEFLAGS= /usr/bin/gmake
> gmake[1]: Entering directory '/tmp/cirrus-ci-build/depends/work/build/x86_64-pc-linux-gnu/qt/5.15.3-f2910c50388/config.tests/libdl'
> clang++-13 -stdlib=libc++ -c -pipe -pipe -std=c++17 -O2 -I/tmp/cirrus-ci-build/depends/x86_64-pc-linux-gnu/include -stdlib=libc++ -O2 -w -fPIC  -I. -I/tmp/cirrus-ci-build/depends/work/build/x86_64-pc-linux-gnu/qt/5.15.3-f2910c50388/qtbase/mkspecs/linux-clang-libc++ -o main.o main.cpp
> clang++-13 -stdlib=libc++ -L/tmp/cirrus-ci-build/depends/x86_64-pc-linux-gnu/lib -ccc-gcc-name g++ -stdlib=libc++ -o libdl main.o      
> gmake[1]: Leaving directory '/tmp/cirrus-ci-build/depends/work/build/x86_64-pc-linux-gnu/qt/5.15.3-f2910c50388/config.tests/libdl'
 => source accepted.
test config.qtbase.libraries.libdl succeeded
Checking for new dtags support... 
+ cd /tmp/cirrus-ci-build/depends/work/build/x86_64-pc-linux-gnu/qt/5.15.3-f2910c50388/config.tests && clang++-13 -stdlib=libc++ -pipe -pipe -std=c++17 -O2 -I/tmp/cirrus-ci-build/depends/x86_64-pc-linux-gnu/include -stdlib=libc++ -Wl,--enable-new-dtags -o conftest-out conftest.cpp
test config.qtbase.tests.enable_new_dtags succeeded
Checking for F16C instructions... 
+ cd /tmp/cirrus-ci-build/depends/work/build/x86_64-pc-linux-gnu/qt/5.15.3-f2910c50388/config.tests/x86_simd && PKG_CONFIG_SYSROOT_DIR=/ PKG_CONFIG_LIBDIR=/tmp/cirrus-ci-build/depends/x86_64-pc-linux-gnu/lib/pkgconfig /tmp/cirrus-ci-build/depends/work/build/x86_64-pc-linux-gnu/qt/5.15.3-f2910c50388/qtbase/bin/qmake "CONFIG -= qt debug_and_release app_bundle lib_bundle" "CONFIG += static warn_off console single_arch" -early "CONFIG += cross_compile" CONFIG+=add_cflags DEFINES+=NO_ATTRIBUTE SIMD=f16c /tmp/cirrus-ci-build/depends/work/build/x86_64-pc-linux-gnu/qt/5.15.3-f2910c50388/qtbase/config.tests/x86_simd
+ cd /tmp/cirrus-ci-build/depends/work/build/x86_64-pc-linux-gnu/qt/5.15.3-f2910c50388/config.tests/x86_simd && MAKEFLAGS= /usr/bin/gmake clean && MAKEFLAGS= /usr/bin/gmake
> gmake[1]: Entering directory '/tmp/cirrus-ci-build/depends/work/build/x86_64-pc-linux-gnu/qt/5.15.3-f2910c50388/config.tests/x86_simd'
> rm -f main.o
> rm -f *~ core *.core
> gmake[1]: Leaving directory '/tmp/cirrus-ci-build/depends/work/build/x86_64-pc-linux-gnu/qt/5.15.3-f2910c50388/config.tests/x86_simd'
> gmake[1]: Entering directory '/tmp/cirrus-ci-build/depends/work/build/x86_64-pc-linux-gnu/qt/5.15.3-f2910c50388/config.tests/x86_simd'
> clang++-13 -stdlib=libc++ -c -pipe -pipe -std=c++17 -O2 -I/tmp/cirrus-ci-build/depends/x86_64-pc-linux-gnu/include -stdlib=libc++ -mf16c -O2 -w -fPIC -DNO_ATTRIBUTE -DQT_COMPILER_SUPPORTS_F16C -I/tmp/cirrus-ci-build/depends/work/build/x86_64-pc-linux-gnu/qt/5.15.3-f2910c50388/qtbase/config.tests/x86_simd -I. -I/tmp/cirrus-ci-build/depends/work/build/x86_64-pc-linux-gnu/qt/5.15.3-f2910c50388/qtbase/mkspecs/linux-clang-libc++ -o main.o /tmp/cirrus-ci-build/depends/work/build/x86_64-pc-linux-gnu/qt/5.15.3-f2910c50388/qtbase/config.tests/x86_simd/main.cpp
> clang++-13 -stdlib=libc++ -L/tmp/cirrus-ci-build/depends/x86_64-pc-linux-gnu/lib -ccc-gcc-name g++ -stdlib=libc++ -o x86_simd main.o      
> gmake[1]: Leaving directory '/tmp/cirrus-ci-build/depends/work/build/x86_64-pc-linux-gnu/qt/5.15.3-f2910c50388/config.tests/x86_simd'
test config.qtbase.tests.f16c succeeded
Checking for support for split sections and linker garbage collection... 
+ cd /tmp/cirrus-ci-build/depends/work/build/x86_64-pc-linux-gnu/qt/5.15.3-f2910c50388/config.tests/gc_binaries && PKG_CONFIG_SYSROOT_DIR=/ PKG_CONFIG_LIBDIR=/tmp/cirrus-ci-build/depends/x86_64-pc-linux-gnu/lib/pkgconfig /tmp/cirrus-ci-build/depends/work/build/x86_64-pc-linux-gnu/qt/5.15.3-f2910c50388/qtbase/bin/qmake "CONFIG -= qt debug_and_release app_bundle lib_bundle" "CONFIG += static warn_off console single_arch" -early "CONFIG += cross_compile" /tmp/cirrus-ci-build/depends/work/build/x86_64-pc-linux-gnu/qt/5.15.3-f2910c50388/config.tests/gc_binaries
+ cd /tmp/cirrus-ci-build/depends/work/build/x86_64-pc-linux-gnu/qt/5.15.3-f2910c50388/config.tests/gc_binaries && MAKEFLAGS= /usr/bin/gmake
> gmake[1]: Entering directory '/tmp/cirrus-ci-build/depends/work/build/x86_64-pc-linux-gnu/qt/5.15.3-f2910c50388/config.tests/gc_binaries'
> clang++-13 -stdlib=libc++ -c -pipe -pipe -std=c++17 -O2 -I/tmp/cirrus-ci-build/depends/x86_64-pc-linux-gnu/include -stdlib=libc++ -O2 -w -fPIC  -I. -I/tmp/cirrus-ci-build/depends/work/build/x86_64-pc-linux-gnu/qt/5.15.3-f2910c50388/qtbase/mkspecs/linux-clang-libc++ -o main.o main.cpp
> clang++-13 -stdlib=libc++ -L/tmp/cirrus-ci-build/depends/x86_64-pc-linux-gnu/lib -ccc-gcc-name g++ -stdlib=libc++ -o gc_binaries main.o      
> gmake[1]: Leaving directory '/tmp/cirrus-ci-build/depends/work/build/x86_64-pc-linux-gnu/qt/5.15.3-f2910c50388/config.tests/gc_binaries'
test config.qtbase.tests.gc_binaries succeeded
Checking for D-Bus >= 1.2 (host)... 
Trying source 0 (type pkgConfig) of library host_dbus ...
+ /usr/bin/pkg-config --exists --silence-errors dbus-1 '>=' 1.2
pkg-config did not find package.
  => source produced no result.
Trying source 1 (type inline) of library host_dbus ...
 => source accepted.
test config.qtbase.libraries.host_dbus succeeded
Checking for Support for Intel Control-flow Enforcement Technology... 
+ cd /tmp/cirrus-ci-build/depends/work/build/x86_64-pc-linux-gnu/qt/5.15.3-f2910c50388/config.tests/intelcet && PKG_CONFIG_SYSROOT_DIR=/ PKG_CONFIG_LIBDIR=/tmp/cirrus-ci-build/depends/x86_64-pc-linux-gnu/lib/pkgconfig /tmp/cirrus-ci-build/depends/work/build/x86_64-pc-linux-gnu/qt/5.15.3-f2910c50388/qtbase/bin/qmake "CONFIG -= qt debug_and_release app_bundle lib_bundle" "CONFIG += static warn_off console single_arch" -early "CONFIG += cross_compile" /tmp/cirrus-ci-build/depends/work/build/x86_64-pc-linux-gnu/qt/5.15.3-f2910c50388/config.tests/intelcet
+ cd /tmp/cirrus-ci-build/depends/work/build/x86_64-pc-linux-gnu/qt/5.15.3-f2910c50388/config.tests/intelcet && MAKEFLAGS= /usr/bin/gmake
> gmake[1]: Entering directory '/tmp/cirrus-ci-build/depends/work/build/x86_64-pc-linux-gnu/qt/5.15.3-f2910c50388/config.tests/intelcet'
> clang++-13 -stdlib=libc++ -c -pipe -pipe -std=c++17 -O2 -I/tmp/cirrus-ci-build/depends/x86_64-pc-linux-gnu/include -stdlib=libc++ -O2 -w -fPIC  -I. -I/tmp/cirrus-ci-build/depends/work/build/x86_64-pc-linux-gnu/qt/5.15.3-f2910c50388/qtbase/mkspecs/linux-clang-libc++ -o main.o main.cpp
> main.cpp:7:8: error: Intel CET not available
>     #  error Intel CET not available
>        ^
> 1 error generated.
> gmake[1]: *** [Makefile:169: main.o] Error 1
> gmake[1]: Leaving directory '/tmp/cirrus-ci-build/depends/work/build/x86_64-pc-linux-gnu/qt/5.15.3-f2910c50388/config.tests/intelcet'
test config.qtbase.tests.intelcet FAILED
Checking for POSIX fallocate()... 
+ cd /tmp/cirrus-ci-build/depends/work/build/x86_64-pc-linux-gnu/qt/5.15.3-f2910c50388/config.tests/posix_fallocate && PKG_CONFIG_SYSROOT_DIR=/ PKG_CONFIG_LIBDIR=/tmp/cirrus-ci-build/depends/x86_64-pc-linux-gnu/lib/pkgconfig /tmp/cirrus-ci-build/depends/work/build/x86_64-pc-linux-gnu/qt/5.15.3-f2910c50388/qtbase/bin/qmake "CONFIG -= qt debug_and_release app_bundle lib_bundle" "CONFIG += static warn_off console single_arch" -early "CONFIG += cross_compile" /tmp/cirrus-ci-build/depends/work/build/x86_64-pc-linux-gnu/qt/5.15.3-f2910c50388/config.tests/posix_fallocate
+ cd /tmp/cirrus-ci-build/depends/work/build/x86_64-pc-linux-gnu/qt/5.15.3-f2910c50388/config.tests/posix_fallocate && MAKEFLAGS= /usr/bin/gmake
> gmake[1]: Entering directory '/tmp/cirrus-ci-build/depends/work/build/x86_64-pc-linux-gnu/qt/5.15.3-f2910c50388/config.tests/posix_fallocate'
> clang++-13 -stdlib=libc++ -c -pipe -pipe -std=c++17 -O2 -I/tmp/cirrus-ci-build/depends/x86_64-pc-linux-gnu/include -stdlib=libc++ -O2 -w -fPIC  -I. -I/tmp/cirrus-ci-build/depends/work/build/x86_64-pc-linux-gnu/qt/5.15.3-f2910c50388/qtbase/mkspecs/linux-clang-libc++ -o main.o main.cpp
> clang++-13 -stdlib=libc++ -L/tmp/cirrus-ci-build/depends/x86_64-pc-linux-gnu/lib -ccc-gcc-name g++ -stdlib=libc++ -o posix_fallocate main.o      
> gmake[1]: Leaving directory '/tmp/cirrus-ci-build/depends/work/build/x86_64-pc-linux-gnu/qt/5.15.3-f2910c50388/config.tests/posix_fallocate'
test config.qtbase.tests.posix_fallocate succeeded
Checking for precompiled header support... 
+ cd /tmp/cirrus-ci-build/depends/work/build/x86_64-pc-linux-gnu/qt/5.15.3-f2910c50388/config.tests/precompile_header && PKG_CONFIG_SYSROOT_DIR=/ PKG_CONFIG_LIBDIR=/tmp/cirrus-ci-build/depends/x86_64-pc-linux-gnu/lib/pkgconfig /tmp/cirrus-ci-build/depends/work/build/x86_64-pc-linux-gnu/qt/5.15.3-f2910c50388/qtbase/bin/qmake "CONFIG -= qt debug_and_release app_bundle lib_bundle" "CONFIG += static warn_off console single_arch" -early "CONFIG += cross_compile" /tmp/cirrus-ci-build/depends/work/build/x86_64-pc-linux-gnu/qt/5.15.3-f2910c50388/config.tests/precompile_header
+ cd /tmp/cirrus-ci-build/depends/work/build/x86_64-pc-linux-gnu/qt/5.15.3-f2910c50388/config.tests/precompile_header && MAKEFLAGS= /usr/bin/gmake
> gmake[1]: Entering directory '/tmp/cirrus-ci-build/depends/work/build/x86_64-pc-linux-gnu/qt/5.15.3-f2910c50388/config.tests/precompile_header'
> clang++-13 -stdlib=libc++ -pipe -pipe -std=c++17 -O2 -I/tmp/cirrus-ci-build/depends/x86_64-pc-linux-gnu/include -stdlib=libc++ -O2 -w -fPIC  -I. -I/tmp/cirrus-ci-build/depends/work/build/x86_64-pc-linux-gnu/qt/5.15.3-f2910c50388/qtbase/mkspecs/linux-clang-libc++ -x c++-header -c header.h -o .pch/precompile_header.pch/c++.pch
> clang++-13 -stdlib=libc++ -c -Xclang -include-pch -Xclang .pch/precompile_header.pch/c++.pch -pipe -pipe -std=c++17 -O2 -I/tmp/cirrus-ci-build/depends/x86_64-pc-linux-gnu/include -stdlib=libc++ -O2 -w -fPIC  -I. -I/tmp/cirrus-ci-build/depends/work/build/x86_64-pc-linux-gnu/qt/5.15.3-f2910c50388/qtbase/mkspecs/linux-clang-libc++ -o main.o main.cpp
> clang++-13 -stdlib=libc++ -L/tmp/cirrus-ci-build/depends/x86_64-pc-linux-gnu/lib -ccc-gcc-name g++ -stdlib=libc++ -o precompile_header main.o      
> gmake[1]: Leaving directory '/tmp/cirrus-ci-build/depends/work/build/x86_64-pc-linux-gnu/qt/5.15.3-f2910c50388/config.tests/precompile_header'
test config.qtbase.tests.precompile_header succeeded
Checking for RDRAND instruction... 
+ cd /tmp/cirrus-ci-build/depends/work/build/x86_64-pc-linux-gnu/qt/5.15.3-f2910c50388/config.tests/x86_simd && PKG_CONFIG_SYSROOT_DIR=/ PKG_CONFIG_LIBDIR=/tmp/cirrus-ci-build/depends/x86_64-pc-linux-gnu/lib/pkgconfig /tmp/cirrus-ci-build/depends/work/build/x86_64-pc-linux-gnu/qt/5.15.3-f2910c50388/qtbase/bin/qmake "CONFIG -= qt debug_and_release app_bundle lib_bundle" "CONFIG += static warn_off console single_arch" -early "CONFIG += cross_compile" CONFIG+=add_cflags DEFINES+=NO_ATTRIBUTE SIMD=rdrnd /tmp/cirrus-ci-build/depends/work/build/x86_64-pc-linux-gnu/qt/5.15.3-f2910c50388/qtbase/config.tests/x86_simd
+ cd /tmp/cirrus-ci-build/depends/work/build/x86_64-pc-linux-gnu/qt/5.15.3-f2910c50388/config.tests/x86_simd && MAKEFLAGS= /usr/bin/gmake clean && MAKEFLAGS= /usr/bin/gmake
> gmake[1]: Entering directory '/tmp/cirrus-ci-build/depends/work/build/x86_64-pc-linux-gnu/qt/5.15.3-f2910c50388/config.tests/x86_simd'
> rm -f main.o
> rm -f *~ core *.core
> gmake[1]: Leaving directory '/tmp/cirrus-ci-build/depends/work/build/x86_64-pc-linux-gnu/qt/5.15.3-f2910c50388/config.tests/x86_simd'
> gmake[1]: Entering directory '/tmp/cirrus-ci-build/depends/work/build/x86_64-pc-linux-gnu/qt/5.15.3-f2910c50388/config.tests/x86_simd'
> clang++-13 -stdlib=libc++ -c -pipe -pipe -std=c++17 -O2 -I/tmp/cirrus-ci-build/depends/x86_64-pc-linux-gnu/include -stdlib=libc++ -mrdrnd -O2 -w -fPIC -DNO_ATTRIBUTE -DQT_COMPILER_SUPPORTS_RDRND -I/tmp/cirrus-ci-build/depends/work/build/x86_64-pc-linux-gnu/qt/5.15.3-f2910c50388/qtbase/config.tests/x86_simd -I. -I/tmp/cirrus-ci-build/depends/work/build/x86_64-pc-linux-gnu/qt/5.15.3-f2910c50388/qtbase/mkspecs/linux-clang-libc++ -o main.o /tmp/cirrus-ci-build/depends/work/build/x86_64-pc-linux-gnu/qt/5.15.3-f2910c50388/qtbase/config.tests/x86_simd/main.cpp
> clang++-13 -stdlib=libc++ -L/tmp/cirrus-ci-build/depends/x86_64-pc-linux-gnu/lib -ccc-gcc-name g++ -stdlib=libc++ -o x86_simd main.o      
> gmake[1]: Leaving directory '/tmp/cirrus-ci-build/depends/work/build/x86_64-pc-linux-gnu/qt/5.15.3-f2910c50388/config.tests/x86_simd'
test config.qtbase.tests.rdrnd succeeded
Checking for RDSEED instruction... 
+ cd /tmp/cirrus-ci-build/depends/work/build/x86_64-pc-linux-gnu/qt/5.15.3-f2910c50388/config.tests/x86_simd && PKG_CONFIG_SYSROOT_DIR=/ PKG_CONFIG_LIBDIR=/tmp/cirrus-ci-build/depends/x86_64-pc-linux-gnu/lib/pkgconfig /tmp/cirrus-ci-build/depends/work/build/x86_64-pc-linux-gnu/qt/5.15.3-f2910c50388/qtbase/bin/qmake "CONFIG -= qt debug_and_release app_bundle lib_bundle" "CONFIG += static warn_off console single_arch" -early "CONFIG += cross_compile" CONFIG+=add_cflags DEFINES+=NO_ATTRIBUTE SIMD=rdseed /tmp/cirrus-ci-build/depends/work/build/x86_64-pc-linux-gnu/qt/5.15.3-f2910c50388/qtbase/config.tests/x86_simd
+ cd /tmp/cirrus-ci-build/depends/work/build/x86_64-pc-linux-gnu/qt/5.15.3-f2910c50388/config.tests/x86_simd && MAKEFLAGS= /usr/bin/gmake clean && MAKEFLAGS= /usr/bin/gmake
> gmake[1]: Entering directory '/tmp/cirrus-ci-build/depends/work/build/x86_64-pc-linux-gnu/qt/5.15.3-f2910c50388/config.tests/x86_simd'
> rm -f main.o
> rm -f *~ core *.core
> gmake[1]: Leaving directory '/tmp/cirrus-ci-build/depends/work/build/x86_64-pc-linux-gnu/qt/5.15.3-f2910c50388/config.tests/x86_simd'
> gmake[1]: Entering directory '/tmp/cirrus-ci-build/depends/work/build/x86_64-pc-linux-gnu/qt/5.15.3-f2910c50388/config.tests/x86_simd'
> clang++-13 -stdlib=libc++ -c -pipe -pipe -std=c++17 -O2 -I/tmp/cirrus-ci-build/depends/x86_64-pc-linux-gnu/include -stdlib=libc++ -mrdseed -O2 -w -fPIC -DNO_ATTRIBUTE -DQT_COMPILER_SUPPORTS_RDSEED -I/tmp/cirrus-ci-build/depends/work/build/x86_64-pc-linux-gnu/qt/5.15.3-f2910c50388/qtbase/config.tests/x86_simd -I. -I/tmp/cirrus-ci-build/depends/work/build/x86_64-pc-linux-gnu/qt/5.15.3-f2910c50388/qtbase/mkspecs/linux-clang-libc++ -o main.o /tmp/cirrus-ci-build/depends/work/build/x86_64-pc-linux-gnu/qt/5.15.3-f2910c50388/qtbase/config.tests/x86_simd/main.cpp
> clang++-13 -stdlib=libc++ -L/tmp/cirrus-ci-build/depends/x86_64-pc-linux-gnu/lib -ccc-gcc-name g++ -stdlib=libc++ -o x86_simd main.o      
> gmake[1]: Leaving directory '/tmp/cirrus-ci-build/depends/work/build/x86_64-pc-linux-gnu/qt/5.15.3-f2910c50388/config.tests/x86_simd'
test config.qtbase.tests.rdseed succeeded
Checking for symbol visibility support... 
+ cd /tmp/cirrus-ci-build/depends/work/build/x86_64-pc-linux-gnu/qt/5.15.3-f2910c50388/config.tests/reduce_exports && PKG_CONFIG_SYSROOT_DIR=/ PKG_CONFIG_LIBDIR=/tmp/cirrus-ci-build/depends/x86_64-pc-linux-gnu/lib/pkgconfig /tmp/cirrus-ci-build/depends/work/build/x86_64-pc-linux-gnu/qt/5.15.3-f2910c50388/qtbase/bin/qmake "CONFIG -= qt debug_and_release app_bundle lib_bundle" "CONFIG += static warn_off console single_arch" -early "CONFIG += cross_compile" /tmp/cirrus-ci-build/depends/work/build/x86_64-pc-linux-gnu/qt/5.15.3-f2910c50388/config.tests/reduce_exports
+ cd /tmp/cirrus-ci-build/depends/work/build/x86_64-pc-linux-gnu/qt/5.15.3-f2910c50388/config.tests/reduce_exports && MAKEFLAGS= /usr/bin/gmake
> gmake[1]: Entering directory '/tmp/cirrus-ci-build/depends/work/build/x86_64-pc-linux-gnu/qt/5.15.3-f2910c50388/config.tests/reduce_exports'
> clang++-13 -stdlib=libc++ -c -pipe -pipe -std=c++17 -O2 -I/tmp/cirrus-ci-build/depends/x86_64-pc-linux-gnu/include -stdlib=libc++ -O2 -fvisibility=hidden -fvisibility-inlines-hidden -w -fPIC  -I. -I/tmp/cirrus-ci-build/depends/work/build/x86_64-pc-linux-gnu/qt/5.15.3-f2910c50388/qtbase/mkspecs/linux-clang-libc++ -o main.o main.cpp
> rm -f libreduce_exports.so.1.0.0 libreduce_exports.so libreduce_exports.so.1 libreduce_exports.so.1.0
> clang++-13 -stdlib=libc++ -L/tmp/cirrus-ci-build/depends/x86_64-pc-linux-gnu/lib -ccc-gcc-name g++ -stdlib=libc++ -shared -Wl,-soname,libreduce_exports.so.1 -o libreduce_exports.so.1.0.0 main.o      
> ln -s libreduce_exports.so.1.0.0 libreduce_exports.so
> ln -s libreduce_exports.so.1.0.0 libreduce_exports.so.1
> ln -s libreduce_exports.so.1.0.0 libreduce_exports.so.1.0
> gmake[1]: Leaving directory '/tmp/cirrus-ci-build/depends/work/build/x86_64-pc-linux-gnu/qt/5.15.3-f2910c50388/config.tests/reduce_exports'
test config.qtbase.tests.reduce_exports succeeded
Checking for SHA new instructions... 
+ cd /tmp/cirrus-ci-build/depends/work/build/x86_64-pc-linux-gnu/qt/5.15.3-f2910c50388/config.tests/x86_simd && PKG_CONFIG_SYSROOT_DIR=/ PKG_CONFIG_LIBDIR=/tmp/cirrus-ci-build/depends/x86_64-pc-linux-gnu/lib/pkgconfig /tmp/cirrus-ci-build/depends/work/build/x86_64-pc-linux-gnu/qt/5.15.3-f2910c50388/qtbase/bin/qmake "CONFIG -= qt debug_and_release app_bundle lib_bundle" "CONFIG += static warn_off console single_arch" -early "CONFIG += cross_compile" CONFIG+=add_cflags DEFINES+=NO_ATTRIBUTE SIMD=shani /tmp/cirrus-ci-build/depends/work/build/x86_64-pc-linux-gnu/qt/5.15.3-f2910c50388/qtbase/config.tests/x86_simd
+ cd /tmp/cirrus-ci-build/depends/work/build/x86_64-pc-linux-gnu/qt/5.15.3-f2910c50388/config.tests/x86_simd && MAKEFLAGS= /usr/bin/gmake clean && MAKEFLAGS= /usr/bin/gmake
> gmake[1]: Entering directory '/tmp/cirrus-ci-build/depends/work/build/x86_64-pc-linux-gnu/qt/5.15.3-f2910c50388/config.tests/x86_simd'
> rm -f main.o
> rm -f *~ core *.core
> gmake[1]: Leaving directory '/tmp/cirrus-ci-build/depends/work/build/x86_64-pc-linux-gnu/qt/5.15.3-f2910c50388/config.tests/x86_simd'
> gmake[1]: Entering directory '/tmp/cirrus-ci-build/depends/work/build/x86_64-pc-linux-gnu/qt/5.15.3-f2910c50388/config.tests/x86_simd'
> clang++-13 -stdlib=libc++ -c -pipe -pipe -std=c++17 -O2 -I/tmp/cirrus-ci-build/depends/x86_64-pc-linux-gnu/include -stdlib=libc++ -msha -O2 -w -fPIC -DNO_ATTRIBUTE -DQT_COMPILER_SUPPORTS_SHANI -I/tmp/cirrus-ci-build/depends/work/build/x86_64-pc-linux-gnu/qt/5.15.3-f2910c50388/qtbase/config.tests/x86_simd -I. -I/tmp/cirrus-ci-build/depends/work/build/x86_64-pc-linux-gnu/qt/5.15.3-f2910c50388/qtbase/mkspecs/linux-clang-libc++ -o main.o /tmp/cirrus-ci-build/depends/work/build/x86_64-pc-linux-gnu/qt/5.15.3-f2910c50388/qtbase/config.tests/x86_simd/main.cpp
> clang++-13 -stdlib=libc++ -L/tmp/cirrus-ci-build/depends/x86_64-pc-linux-gnu/lib -ccc-gcc-name g++ -stdlib=libc++ -o x86_simd main.o      
> gmake[1]: Leaving directory '/tmp/cirrus-ci-build/depends/work/build/x86_64-pc-linux-gnu/qt/5.15.3-f2910c50388/config.tests/x86_simd'
test config.qtbase.tests.shani succeeded
Checking for Signaling NaN for doubles... 
+ cd /tmp/cirrus-ci-build/depends/work/build/x86_64-pc-linux-gnu/qt/5.15.3-f2910c50388/config.tests/signaling_nan && PKG_CONFIG_SYSROOT_DIR=/ PKG_CONFIG_LIBDIR=/tmp/cirrus-ci-build/depends/x86_64-pc-linux-gnu/lib/pkgconfig /tmp/cirrus-ci-build/depends/work/build/x86_64-pc-linux-gnu/qt/5.15.3-f2910c50388/qtbase/bin/qmake "CONFIG -= qt debug_and_release app_bundle lib_bundle" "CONFIG += static warn_off console single_arch" -early "CONFIG += cross_compile" /tmp/cirrus-ci-build/depends/work/build/x86_64-pc-linux-gnu/qt/5.15.3-f2910c50388/config.tests/signaling_nan
+ cd /tmp/cirrus-ci-build/depends/work/build/x86_64-pc-linux-gnu/qt/5.15.3-f2910c50388/config.tests/signaling_nan && MAKEFLAGS= /usr/bin/gmake
> gmake[1]: Entering directory '/tmp/cirrus-ci-build/depends/work/build/x86_64-pc-linux-gnu/qt/5.15.3-f2910c50388/config.tests/signaling_nan'
> clang++-13 -stdlib=libc++ -c -pipe -pipe -std=c++17 -O2 -I/tmp/cirrus-ci-build/depends/x86_64-pc-linux-gnu/include -stdlib=libc++ -O2 -w -fPIC  -I. -I/tmp/cirrus-ci-build/depends/work/build/x86_64-pc-linux-gnu/qt/5.15.3-f2910c50388/qtbase/mkspecs/linux-clang-libc++ -o main.o main.cpp
> clang++-13 -stdlib=libc++ -L/tmp/cirrus-ci-build/depends/x86_64-pc-linux-gnu/lib -ccc-gcc-name g++ -stdlib=libc++ -o signaling_nan main.o      
> gmake[1]: Leaving directory '/tmp/cirrus-ci-build/depends/work/build/x86_64-pc-linux-gnu/qt/5.15.3-f2910c50388/config.tests/signaling_nan'
test config.qtbase.tests.signaling_nan succeeded
Checking for STL compatibility... 
+ cd /tmp/cirrus-ci-build/depends/work/build/x86_64-pc-linux-gnu/qt/5.15.3-f2910c50388/config.tests/stl && PKG_CONFIG_SYSROOT_DIR=/ PKG_CONFIG_LIBDIR=/tmp/cirrus-ci-build/depends/x86_64-pc-linux-gnu/lib/pkgconfig /tmp/cirrus-ci-build/depends/work/build/x86_64-pc-linux-gnu/qt/5.15.3-f2910c50388/qtbase/bin/qmake "CONFIG -= qt debug_and_release app_bundle lib_bundle" "CONFIG += static warn_off console single_arch" -early "CONFIG += cross_compile" /tmp/cirrus-ci-build/depends/work/build/x86_64-pc-linux-gnu/qt/5.15.3-f2910c50388/qtbase/config.tests/stl
+ cd /tmp/cirrus-ci-build/depends/work/build/x86_64-pc-linux-gnu/qt/5.15.3-f2910c50388/config.tests/stl && MAKEFLAGS= /usr/bin/gmake
> gmake[1]: Entering directory '/tmp/cirrus-ci-build/depends/work/build/x86_64-pc-linux-gnu/qt/5.15.3-f2910c50388/config.tests/stl'
> clang++-13 -stdlib=libc++ -c -pipe -pipe -std=c++17 -O2 -I/tmp/cirrus-ci-build/depends/x86_64-pc-linux-gnu/include -stdlib=libc++ -O2 -w -fPIC  -I/tmp/cirrus-ci-build/depends/work/build/x86_64-pc-linux-gnu/qt/5.15.3-f2910c50388/qtbase/config.tests/stl -I. -I/tmp/cirrus-ci-build/depends/work/build/x86_64-pc-linux-gnu/qt/5.15.3-f2910c50388/qtbase/mkspecs/linux-clang-libc++ -o stltest.o /tmp/cirrus-ci-build/depends/work/build/x86_64-pc-linux-gnu/qt/5.15.3-f2910c50388/qtbase/config.tests/stl/stltest.cpp
> clang++-13 -stdlib=libc++ -L/tmp/cirrus-ci-build/depends/x86_64-pc-linux-gnu/lib -ccc-gcc-name g++ -stdlib=libc++ -o stl stltest.o      
> gmake[1]: Leaving directory '/tmp/cirrus-ci-build/depends/work/build/x86_64-pc-linux-gnu/qt/5.15.3-f2910c50388/config.tests/stl'
test config.qtbase.tests.stl succeeded
Checking for Intrinsics without -mXXX argument... 
+ cd /tmp/cirrus-ci-build/depends/work/build/x86_64-pc-linux-gnu/qt/5.15.3-f2910c50388/config.tests/x86_simd && PKG_CONFIG_SYSROOT_DIR=/ PKG_CONFIG_LIBDIR=/tmp/cirrus-ci-build/depends/x86_64-pc-linux-gnu/lib/pkgconfig /tmp/cirrus-ci-build/depends/work/build/x86_64-pc-linux-gnu/qt/5.15.3-f2910c50388/qtbase/bin/qmake "CONFIG -= qt debug_and_release app_bundle lib_bundle" "CONFIG += static warn_off console single_arch" -early "CONFIG += cross_compile" 'SIMD=aesni avx avx2 avx512bw avx512cd avx512dq avx512er avx512f avx512ifma avx512pf avx512vbmi avx512vl f16c rdrnd rdseed shani sse2 sse3 sse4_1 sse4_2 ssse3' /tmp/cirrus-ci-build/depends/work/build/x86_64-pc-linux-gnu/qt/5.15.3-f2910c50388/qtbase/config.tests/x86_simd
+ cd /tmp/cirrus-ci-build/depends/work/build/x86_64-pc-linux-gnu/qt/5.15.3-f2910c50388/config.tests/x86_simd && MAKEFLAGS= /usr/bin/gmake clean && MAKEFLAGS= /usr/bin/gmake
> gmake[1]: Entering directory '/tmp/cirrus-ci-build/depends/work/build/x86_64-pc-linux-gnu/qt/5.15.3-f2910c50388/config.tests/x86_simd'
> rm -f main.o
> rm -f *~ core *.core
> gmake[1]: Leaving directory '/tmp/cirrus-ci-build/depends/work/build/x86_64-pc-linux-gnu/qt/5.15.3-f2910c50388/config.tests/x86_simd'
> gmake[1]: Entering directory '/tmp/cirrus-ci-build/depends/work/build/x86_64-pc-linux-gnu/qt/5.15.3-f2910c50388/config.tests/x86_simd'
> clang++-13 -stdlib=libc++ -c -pipe -pipe -std=c++17 -O2 -I/tmp/cirrus-ci-build/depends/x86_64-pc-linux-gnu/include -stdlib=libc++ -O2 -w -fPIC -DQT_COMPILER_SUPPORTS_AESNI -DQT_COMPILER_SUPPORTS_AVX -DQT_COMPILER_SUPPORTS_AVX2 -DQT_COMPILER_SUPPORTS_AVX512BW -DQT_COMPILER_SUPPORTS_AVX512CD -DQT_COMPILER_SUPPORTS_AVX512DQ -DQT_COMPILER_SUPPORTS_AVX512ER -DQT_COMPILER_SUPPORTS_AVX512F -DQT_COMPILER_SUPPORTS_AVX512IFMA -DQT_COMPILER_SUPPORTS_AVX512PF -DQT_COMPILER_SUPPORTS_AVX512VBMI -DQT_COMPILER_SUPPORTS_AVX512VL -DQT_COMPILER_SUPPORTS_F16C -DQT_COMPILER_SUPPORTS_RDRND -DQT_COMPILER_SUPPORTS_RDSEED -DQT_COMPILER_SUPPORTS_SHANI -DQT_COMPILER_SUPPORTS_SSE2 -DQT_COMPILER_SUPPORTS_SSE3 -DQT_COMPILER_SUPPORTS_SSE4_1 -DQT_COMPILER_SUPPORTS_SSE4_2 -DQT_COMPILER_SUPPORTS_SSSE3 -I/tmp/cirrus-ci-build/depends/work/build/x86_64-pc-linux-gnu/qt/5.15.3-f2910c50388/qtbase/config.tests/x86_simd -I. -I/tmp/cirrus-ci-build/depends/work/build/x86_64-pc-linux-gnu/qt/5.15.3-f2910c50388/qtbase/mkspecs/linux-clang-libc++ -o main.o /tmp/cirrus-ci-build/depends/work/build/x86_64-pc-linux-gnu/qt/5.15.3-f2910c50388/qtbase/config.tests/x86_simd/main.cpp
> clang++-13 -stdlib=libc++ -L/tmp/cirrus-ci-build/depends/x86_64-pc-linux-gnu/lib -ccc-gcc-name g++ -stdlib=libc++ -o x86_simd main.o      
> gmake[1]: Leaving directory '/tmp/cirrus-ci-build/depends/work/build/x86_64-pc-linux-gnu/qt/5.15.3-f2910c50388/config.tests/x86_simd'
test config.qtbase.tests.x86SimdAlways succeeded
Checking for clock_gettime()... 
Trying source 0 (type inline) of library librt ...
+ cd /tmp/cirrus-ci-build/depends/work/build/x86_64-pc-linux-gnu/qt/5.15.3-f2910c50388/config.tests/librt && PKG_CONFIG_SYSROOT_DIR=/ PKG_CONFIG_LIBDIR=/tmp/cirrus-ci-build/depends/x86_64-pc-linux-gnu/lib/pkgconfig /tmp/cirrus-ci-build/depends/work/build/x86_64-pc-linux-gnu/qt/5.15.3-f2910c50388/qtbase/bin/qmake "CONFIG -= qt debug_and_release app_bundle lib_bundle" "CONFIG += static warn_off console single_arch" -early "CONFIG += cross_compile" 'QMAKE_USE += librt' 'QMAKE_LIBS_LIBRT = ' /tmp/cirrus-ci-build/depends/work/build/x86_64-pc-linux-gnu/qt/5.15.3-f2910c50388/config.tests/librt
+ cd /tmp/cirrus-ci-build/depends/work/build/x86_64-pc-linux-gnu/qt/5.15.3-f2910c50388/config.tests/librt && MAKEFLAGS= /usr/bin/gmake
> gmake[1]: Entering directory '/tmp/cirrus-ci-build/depends/work/build/x86_64-pc-linux-gnu/qt/5.15.3-f2910c50388/config.tests/librt'
> clang++-13 -stdlib=libc++ -c -pipe -pipe -std=c++17 -O2 -I/tmp/cirrus-ci-build/depends/x86_64-pc-linux-gnu/include -stdlib=libc++ -O2 -w -fPIC  -I. -I/tmp/cirrus-ci-build/depends/work/build/x86_64-pc-linux-gnu/qt/5.15.3-f2910c50388/qtbase/mkspecs/linux-clang-libc++ -o main.o main.cpp
> clang++-13 -stdlib=libc++ -L/tmp/cirrus-ci-build/depends/x86_64-pc-linux-gnu/lib -ccc-gcc-name g++ -stdlib=libc++ -o librt main.o      
> gmake[1]: Leaving directory '/tmp/cirrus-ci-build/depends/work/build/x86_64-pc-linux-gnu/qt/5.15.3-f2910c50388/config.tests/librt'
 => source accepted.
test config.qtbase_corelib.libraries.librt succeeded
Checking for POSIX monotonic clock... 
+ cd /tmp/cirrus-ci-build/depends/work/build/x86_64-pc-linux-gnu/qt/5.15.3-f2910c50388/config.tests/clock-monotonic && PKG_CONFIG_SYSROOT_DIR=/ PKG_CONFIG_LIBDIR=/tmp/cirrus-ci-build/depends/x86_64-pc-linux-gnu/lib/pkgconfig /tmp/cirrus-ci-build/depends/work/build/x86_64-pc-linux-gnu/qt/5.15.3-f2910c50388/qtbase/bin/qmake "CONFIG -= qt debug_and_release app_bundle lib_bundle" "CONFIG += static warn_off console single_arch" -early "CONFIG += cross_compile" 'QMAKE_USE += librt' 'QMAKE_LIBS_LIBRT = ' /tmp/cirrus-ci-build/depends/work/build/x86_64-pc-linux-gnu/qt/5.15.3-f2910c50388/config.tests/clock-monotonic
+ cd /tmp/cirrus-ci-build/depends/work/build/x86_64-pc-linux-gnu/qt/5.15.3-f2910c50388/config.tests/clock-monotonic && MAKEFLAGS= /usr/bin/gmake
> gmake[1]: Entering directory '/tmp/cirrus-ci-build/depends/work/build/x86_64-pc-linux-gnu/qt/5.15.3-f2910c50388/config.tests/clock-monotonic'
> clang++-13 -stdlib=libc++ -c -pipe -pipe -std=c++17 -O2 -I/tmp/cirrus-ci-build/depends/x86_64-pc-linux-gnu/include -stdlib=libc++ -O2 -w -fPIC  -I. -I/tmp/cirrus-ci-build/depends/work/build/x86_64-pc-linux-gnu/qt/5.15.3-f2910c50388/qtbase/mkspecs/linux-clang-libc++ -o main.o main.cpp
> clang++-13 -stdlib=libc++ -L/tmp/cirrus-ci-build/depends/x86_64-pc-linux-gnu/lib -ccc-gcc-name g++ -stdlib=libc++ -o clock-monotonic main.o      
> gmake[1]: Leaving directory '/tmp/cirrus-ci-build/depends/work/build/x86_64-pc-linux-gnu/qt/5.15.3-f2910c50388/config.tests/clock-monotonic'
test config.qtbase_corelib.tests.clock-monotonic succeeded
Checking for C++11 <future>... 
+ cd /tmp/cirrus-ci-build/depends/work/build/x86_64-pc-linux-gnu/qt/5.15.3-f2910c50388/config.tests/cxx11_future && PKG_CONFIG_SYSROOT_DIR=/ PKG_CONFIG_LIBDIR=/tmp/cirrus-ci-build/depends/x86_64-pc-linux-gnu/lib/pkgconfig /tmp/cirrus-ci-build/depends/work/build/x86_64-pc-linux-gnu/qt/5.15.3-f2910c50388/qtbase/bin/qmake "CONFIG -= qt debug_and_release app_bundle lib_bundle" "CONFIG += static warn_off console single_arch" -early "CONFIG += cross_compile" /tmp/cirrus-ci-build/depends/work/build/x86_64-pc-linux-gnu/qt/5.15.3-f2910c50388/config.tests/cxx11_future
+ cd /tmp/cirrus-ci-build/depends/work/build/x86_64-pc-linux-gnu/qt/5.15.3-f2910c50388/config.tests/cxx11_future && MAKEFLAGS= /usr/bin/gmake
> gmake[1]: Entering directory '/tmp/cirrus-ci-build/depends/work/build/x86_64-pc-linux-gnu/qt/5.15.3-f2910c50388/config.tests/cxx11_future'
> clang++-13 -stdlib=libc++ -c -pipe -pipe -std=c++17 -O2 -I/tmp/cirrus-ci-build/depends/x86_64-pc-linux-gnu/include -stdlib=libc++ -O2 -w -fPIC  -I. -I/tmp/cirrus-ci-build/depends/work/build/x86_64-pc-linux-gnu/qt/5.15.3-f2910c50388/qtbase/mkspecs/linux-clang-libc++ -o main.o main.cpp
> clang++-13 -stdlib=libc++ -L/tmp/cirrus-ci-build/depends/x86_64-pc-linux-gnu/lib -ccc-gcc-name g++ -stdlib=libc++ -o cxx11_future main.o   -lpthread   
> gmake[1]: Leaving directory '/tmp/cirrus-ci-build/depends/work/build/x86_64-pc-linux-gnu/qt/5.15.3-f2910c50388/config.tests/cxx11_future'
test config.qtbase_corelib.tests.cxx11_future succeeded
Checking for eventfd... 
+ cd /tmp/cirrus-ci-build/depends/work/build/x86_64-pc-linux-gnu/qt/5.15.3-f2910c50388/config.tests/eventfd && PKG_CONFIG_SYSROOT_DIR=/ PKG_CONFIG_LIBDIR=/tmp/cirrus-ci-build/depends/x86_64-pc-linux-gnu/lib/pkgconfig /tmp/cirrus-ci-build/depends/work/build/x86_64-pc-linux-gnu/qt/5.15.3-f2910c50388/qtbase/bin/qmake "CONFIG -= qt debug_and_release app_bundle lib_bundle" "CONFIG += static warn_off console single_arch" -early "CONFIG += cross_compile" /tmp/cirrus-ci-build/depends/work/build/x86_64-pc-linux-gnu/qt/5.15.3-f2910c50388/config.tests/eventfd
+ cd /tmp/cirrus-ci-build/depends/work/build/x86_64-pc-linux-gnu/qt/5.15.3-f2910c50388/config.tests/eventfd && MAKEFLAGS= /usr/bin/gmake
> gmake[1]: Entering directory '/tmp/cirrus-ci-build/depends/work/build/x86_64-pc-linux-gnu/qt/5.15.3-f2910c50388/config.tests/eventfd'
> clang++-13 -stdlib=libc++ -c -pipe -pipe -std=c++17 -O2 -I/tmp/cirrus-ci-build/depends/x86_64-pc-linux-gnu/include -stdlib=libc++ -O2 -w -fPIC  -I. -I/tmp/cirrus-ci-build/depends/work/build/x86_64-pc-linux-gnu/qt/5.15.3-f2910c50388/qtbase/mkspecs/linux-clang-libc++ -o main.o main.cpp
> clang++-13 -stdlib=libc++ -L/tmp/cirrus-ci-build/depends/x86_64-pc-linux-gnu/lib -ccc-gcc-name g++ -stdlib=libc++ -o eventfd main.o      
> gmake[1]: Leaving directory '/tmp/cirrus-ci-build/depends/work/build/x86_64-pc-linux-gnu/qt/5.15.3-f2910c50388/config.tests/eventfd'
test config.qtbase_corelib.tests.eventfd succeeded
Checking for futimens()... 
+ cd /tmp/cirrus-ci-build/depends/work/build/x86_64-pc-linux-gnu/qt/5.15.3-f2910c50388/config.tests/futimens && PKG_CONFIG_SYSROOT_DIR=/ PKG_CONFIG_LIBDIR=/tmp/cirrus-ci-build/depends/x86_64-pc-linux-gnu/lib/pkgconfig /tmp/cirrus-ci-build/depends/work/build/x86_64-pc-linux-gnu/qt/5.15.3-f2910c50388/qtbase/bin/qmake "CONFIG -= qt debug_and_release app_bundle lib_bundle" "CONFIG += static warn_off console single_arch" -early "CONFIG += cross_compile" /tmp/cirrus-ci-build/depends/work/build/x86_64-pc-linux-gnu/qt/5.15.3-f2910c50388/config.tests/futimens
+ cd /tmp/cirrus-ci-build/depends/work/build/x86_64-pc-linux-gnu/qt/5.15.3-f2910c50388/config.tests/futimens && MAKEFLAGS= /usr/bin/gmake
> gmake[1]: Entering directory '/tmp/cirrus-ci-build/depends/work/build/x86_64-pc-linux-gnu/qt/5.15.3-f2910c50388/config.tests/futimens'
> clang++-13 -stdlib=libc++ -c -pipe -pipe -std=c++17 -O2 -I/tmp/cirrus-ci-build/depends/x86_64-pc-linux-gnu/include -stdlib=libc++ -O2 -Wall -Wextra -fPIC  -I. -I/tmp/cirrus-ci-build/depends/work/build/x86_64-pc-linux-gnu/qt/5.15.3-f2910c50388/qtbase/mkspecs/linux-clang-libc++ -o main.o main.cpp
> clang++-13 -stdlib=libc++ -L/tmp/cirrus-ci-build/depends/x86_64-pc-linux-gnu/lib -ccc-gcc-name g++ -stdlib=libc++ -o futimens main.o      
> gmake[1]: Leaving directory '/tmp/cirrus-ci-build/depends/work/build/x86_64-pc-linux-gnu/qt/5.15.3-f2910c50388/config.tests/futimens'
test config.qtbase_corelib.tests.futimens succeeded
Checking for getauxval()... 
+ cd /tmp/cirrus-ci-build/depends/work/build/x86_64-pc-linux-gnu/qt/5.15.3-f2910c50388/config.tests/getauxval && PKG_CONFIG_SYSROOT_DIR=/ PKG_CONFIG_LIBDIR=/tmp/cirrus-ci-build/depends/x86_64-pc-linux-gnu/lib/pkgconfig /tmp/cirrus-ci-build/depends/work/build/x86_64-pc-linux-gnu/qt/5.15.3-f2910c50388/qtbase/bin/qmake "CONFIG -= qt debug_and_release app_bundle lib_bundle" "CONFIG += static warn_off console single_arch" -early "CONFIG += cross_compile" /tmp/cirrus-ci-build/depends/work/build/x86_64-pc-linux-gnu/qt/5.15.3-f2910c50388/config.tests/getauxval
+ cd /tmp/cirrus-ci-build/depends/work/build/x86_64-pc-linux-gnu/qt/5.15.3-f2910c50388/config.tests/getauxval && MAKEFLAGS= /usr/bin/gmake
> gmake[1]: Entering directory '/tmp/cirrus-ci-build/depends/work/build/x86_64-pc-linux-gnu/qt/5.15.3-f2910c50388/config.tests/getauxval'
> clang++-13 -stdlib=libc++ -c -pipe -pipe -std=c++17 -O2 -I/tmp/cirrus-ci-build/depends/x86_64-pc-linux-gnu/include -stdlib=libc++ -O2 -w -fPIC  -I. -I/tmp/cirrus-ci-build/depends/work/build/x86_64-pc-linux-gnu/qt/5.15.3-f2910c50388/qtbase/mkspecs/linux-clang-libc++ -o main.o main.cpp
> clang++-13 -stdlib=libc++ -L/tmp/cirrus-ci-build/depends/x86_64-pc-linux-gnu/lib -ccc-gcc-name g++ -stdlib=libc++ -o getauxval main.o      
> gmake[1]: Leaving directory '/tmp/cirrus-ci-build/depends/work/build/x86_64-pc-linux-gnu/qt/5.15.3-f2910c50388/config.tests/getauxval'
test config.qtbase_corelib.tests.getauxval succeeded
Checking for getentropy()... 
+ cd /tmp/cirrus-ci-build/depends/work/build/x86_64-pc-linux-gnu/qt/5.15.3-f2910c50388/config.tests/getentropy && PKG_CONFIG_SYSROOT_DIR=/ PKG_CONFIG_LIBDIR=/tmp/cirrus-ci-build/depends/x86_64-pc-linux-gnu/lib/pkgconfig /tmp/cirrus-ci-build/depends/work/build/x86_64-pc-linux-gnu/qt/5.15.3-f2910c50388/qtbase/bin/qmake "CONFIG -= qt debug_and_release app_bundle lib_bundle" "CONFIG += static warn_off console single_arch" -early "CONFIG += cross_compile" /tmp/cirrus-ci-build/depends/work/build/x86_64-pc-linux-gnu/qt/5.15.3-f2910c50388/config.tests/getentropy
+ cd /tmp/cirrus-ci-build/depends/work/build/x86_64-pc-linux-gnu/qt/5.15.3-f2910c50388/config.tests/getentropy && MAKEFLAGS= /usr/bin/gmake
> gmake[1]: Entering directory '/tmp/cirrus-ci-build/depends/work/build/x86_64-pc-linux-gnu/qt/5.15.3-f2910c50388/config.tests/getentropy'
> clang++-13 -stdlib=libc++ -c -pipe -pipe -std=c++17 -O2 -I/tmp/cirrus-ci-build/depends/x86_64-pc-linux-gnu/include -stdlib=libc++ -O2 -w -fPIC  -I. -I/tmp/cirrus-ci-build/depends/work/build/x86_64-pc-linux-gnu/qt/5.15.3-f2910c50388/qtbase/mkspecs/linux-clang-libc++ -o main.o main.cpp
> clang++-13 -stdlib=libc++ -L/tmp/cirrus-ci-build/depends/x86_64-pc-linux-gnu/lib -ccc-gcc-name g++ -stdlib=libc++ -o getentropy main.o      
> gmake[1]: Leaving directory '/tmp/cirrus-ci-build/depends/work/build/x86_64-pc-linux-gnu/qt/5.15.3-f2910c50388/config.tests/getentropy'
test config.qtbase_corelib.tests.getentropy succeeded
Checking for GNU libc... 
+ cd /tmp/cirrus-ci-build/depends/work/build/x86_64-pc-linux-gnu/qt/5.15.3-f2910c50388/config.tests/glibc && PKG_CONFIG_SYSROOT_DIR=/ PKG_CONFIG_LIBDIR=/tmp/cirrus-ci-build/depends/x86_64-pc-linux-gnu/lib/pkgconfig /tmp/cirrus-ci-build/depends/work/build/x86_64-pc-linux-gnu/qt/5.15.3-f2910c50388/qtbase/bin/qmake "CONFIG -= qt debug_and_release app_bundle lib_bundle" "CONFIG += static warn_off console single_arch" -early "CONFIG += cross_compile" /tmp/cirrus-ci-build/depends/work/build/x86_64-pc-linux-gnu/qt/5.15.3-f2910c50388/config.tests/glibc
+ cd /tmp/cirrus-ci-build/depends/work/build/x86_64-pc-linux-gnu/qt/5.15.3-f2910c50388/config.tests/glibc && MAKEFLAGS= /usr/bin/gmake
> gmake[1]: Entering directory '/tmp/cirrus-ci-build/depends/work/build/x86_64-pc-linux-gnu/qt/5.15.3-f2910c50388/config.tests/glibc'
> clang++-13 -stdlib=libc++ -c -pipe -pipe -std=c++17 -O2 -I/tmp/cirrus-ci-build/depends/x86_64-pc-linux-gnu/include -stdlib=libc++ -O2 -w -fPIC  -I. -I/tmp/cirrus-ci-build/depends/work/build/x86_64-pc-linux-gnu/qt/5.15.3-f2910c50388/qtbase/mkspecs/linux-clang-libc++ -o main.o main.cpp
> clang++-13 -stdlib=libc++ -L/tmp/cirrus-ci-build/depends/x86_64-pc-linux-gnu/lib -ccc-gcc-name g++ -stdlib=libc++ -o glibc main.o      
> gmake[1]: Leaving directory '/tmp/cirrus-ci-build/depends/work/build/x86_64-pc-linux-gnu/qt/5.15.3-f2910c50388/config.tests/glibc'
test config.qtbase_corelib.tests.glibc succeeded
Checking for inotify... 
+ cd /tmp/cirrus-ci-build/depends/work/build/x86_64-pc-linux-gnu/qt/5.15.3-f2910c50388/config.tests/inotify && PKG_CONFIG_SYSROOT_DIR=/ PKG_CONFIG_LIBDIR=/tmp/cirrus-ci-build/depends/x86_64-pc-linux-gnu/lib/pkgconfig /tmp/cirrus-ci-build/depends/work/build/x86_64-pc-linux-gnu/qt/5.15.3-f2910c50388/qtbase/bin/qmake "CONFIG -= qt debug_and_release app_bundle lib_bundle" "CONFIG += static warn_off console single_arch" -early "CONFIG += cross_compile" /tmp/cirrus-ci-build/depends/work/build/x86_64-pc-linux-gnu/qt/5.15.3-f2910c50388/config.tests/inotify
+ cd /tmp/cirrus-ci-build/depends/work/build/x86_64-pc-linux-gnu/qt/5.15.3-f2910c50388/config.tests/inotify && MAKEFLAGS= /usr/bin/gmake
> gmake[1]: Entering directory '/tmp/cirrus-ci-build/depends/work/build/x86_64-pc-linux-gnu/qt/5.15.3-f2910c50388/config.tests/inotify'
> clang++-13 -stdlib=libc++ -c -pipe -pipe -std=c++17 -O2 -I/tmp/cirrus-ci-build/depends/x86_64-pc-linux-gnu/include -stdlib=libc++ -O2 -w -fPIC  -I. -I/tmp/cirrus-ci-build/depends/work/build/x86_64-pc-linux-gnu/qt/5.15.3-f2910c50388/qtbase/mkspecs/linux-clang-libc++ -o main.o main.cpp
> clang++-13 -stdlib=libc++ -L/tmp/cirrus-ci-build/depends/x86_64-pc-linux-gnu/lib -ccc-gcc-name g++ -stdlib=libc++ -o inotify main.o      
> gmake[1]: Leaving directory '/tmp/cirrus-ci-build/depends/work/build/x86_64-pc-linux-gnu/qt/5.15.3-f2910c50388/config.tests/inotify'
test config.qtbase_corelib.tests.inotify succeeded
Checking for SysV IPC... 
+ cd /tmp/cirrus-ci-build/depends/work/build/x86_64-pc-linux-gnu/qt/5.15.3-f2910c50388/config.tests/ipc_sysv && PKG_CONFIG_SYSROOT_DIR=/ PKG_CONFIG_LIBDIR=/tmp/cirrus-ci-build/depends/x86_64-pc-linux-gnu/lib/pkgconfig /tmp/cirrus-ci-build/depends/work/build/x86_64-pc-linux-gnu/qt/5.15.3-f2910c50388/qtbase/bin/qmake "CONFIG -= qt debug_and_release app_bundle lib_bundle" "CONFIG += static warn_off console single_arch" -early "CONFIG += cross_compile" /tmp/cirrus-ci-build/depends/work/build/x86_64-pc-linux-gnu/qt/5.15.3-f2910c50388/config.tests/ipc_sysv
+ cd /tmp/cirrus-ci-build/depends/work/build/x86_64-pc-linux-gnu/qt/5.15.3-f2910c50388/config.tests/ipc_sysv && MAKEFLAGS= /usr/bin/gmake
> gmake[1]: Entering directory '/tmp/cirrus-ci-build/depends/work/build/x86_64-pc-linux-gnu/qt/5.15.3-f2910c50388/config.tests/ipc_sysv'
> clang++-13 -stdlib=libc++ -c -pipe -pipe -std=c++17 -O2 -I/tmp/cirrus-ci-build/depends/x86_64-pc-linux-gnu/include -stdlib=libc++ -O2 -w -fPIC  -I. -I/tmp/cirrus-ci-build/depends/work/build/x86_64-pc-linux-gnu/qt/5.15.3-f2910c50388/qtbase/mkspecs/linux-clang-libc++ -o main.o main.cpp
> clang++-13 -stdlib=libc++ -L/tmp/cirrus-ci-build/depends/x86_64-pc-linux-gnu/lib -ccc-gcc-name g++ -stdlib=libc++ -o ipc_sysv main.o      
> gmake[1]: Leaving directory '/tmp/cirrus-ci-build/depends/work/build/x86_64-pc-linux-gnu/qt/5.15.3-f2910c50388/config.tests/ipc_sysv'
test config.qtbase_corelib.tests.ipc_sysv succeeded
Checking for linkat()... 
+ cd /tmp/cirrus-ci-build/depends/work/build/x86_64-pc-linux-gnu/qt/5.15.3-f2910c50388/config.tests/linkat && PKG_CONFIG_SYSROOT_DIR=/ PKG_CONFIG_LIBDIR=/tmp/cirrus-ci-build/depends/x86_64-pc-linux-gnu/lib/pkgconfig /tmp/cirrus-ci-build/depends/work/build/x86_64-pc-linux-gnu/qt/5.15.3-f2910c50388/qtbase/bin/qmake "CONFIG -= qt debug_and_release app_bundle lib_bundle" "CONFIG += static warn_off console single_arch" -early "CONFIG += cross_compile" /tmp/cirrus-ci-build/depends/work/build/x86_64-pc-linux-gnu/qt/5.15.3-f2910c50388/config.tests/linkat
+ cd /tmp/cirrus-ci-build/depends/work/build/x86_64-pc-linux-gnu/qt/5.15.3-f2910c50388/config.tests/linkat && MAKEFLAGS= /usr/bin/gmake
> gmake[1]: Entering directory '/tmp/cirrus-ci-build/depends/work/build/x86_64-pc-linux-gnu/qt/5.15.3-f2910c50388/config.tests/linkat'
> clang++-13 -stdlib=libc++ -c -pipe -pipe -std=c++17 -O2 -I/tmp/cirrus-ci-build/depends/x86_64-pc-linux-gnu/include -stdlib=libc++ -O2 -w -fPIC  -I. -I/tmp/cirrus-ci-build/depends/work/build/x86_64-pc-linux-gnu/qt/5.15.3-f2910c50388/qtbase/mkspecs/linux-clang-libc++ -o main.o main.cpp
> clang++-13 -stdlib=libc++ -L/tmp/cirrus-ci-build/depends/x86_64-pc-linux-gnu/lib -ccc-gcc-name g++ -stdlib=libc++ -o linkat main.o      
> gmake[1]: Leaving directory '/tmp/cirrus-ci-build/depends/work/build/x86_64-pc-linux-gnu/qt/5.15.3-f2910c50388/config.tests/linkat'
test config.qtbase_corelib.tests.linkat succeeded
Checking for ppoll()... 
+ cd /tmp/cirrus-ci-build/depends/work/build/x86_64-pc-linux-gnu/qt/5.15.3-f2910c50388/config.tests/ppoll && PKG_CONFIG_SYSROOT_DIR=/ PKG_CONFIG_LIBDIR=/tmp/cirrus-ci-build/depends/x86_64-pc-linux-gnu/lib/pkgconfig /tmp/cirrus-ci-build/depends/work/build/x86_64-pc-linux-gnu/qt/5.15.3-f2910c50388/qtbase/bin/qmake "CONFIG -= qt debug_and_release app_bundle lib_bundle" "CONFIG += static warn_off console single_arch" -early "CONFIG += cross_compile" /tmp/cirrus-ci-build/depends/work/build/x86_64-pc-linux-gnu/qt/5.15.3-f2910c50388/config.tests/ppoll
+ cd /tmp/cirrus-ci-build/depends/work/build/x86_64-pc-linux-gnu/qt/5.15.3-f2910c50388/config.tests/ppoll && MAKEFLAGS= /usr/bin/gmake
> gmake[1]: Entering directory '/tmp/cirrus-ci-build/depends/work/build/x86_64-pc-linux-gnu/qt/5.15.3-f2910c50388/config.tests/ppoll'
> clang++-13 -stdlib=libc++ -c -pipe -pipe -std=c++17 -O2 -I/tmp/cirrus-ci-build/depends/x86_64-pc-linux-gnu/include -stdlib=libc++ -O2 -w -fPIC  -I. -I/tmp/cirrus-ci-build/depends/work/build/x86_64-pc-linux-gnu/qt/5.15.3-f2910c50388/qtbase/mkspecs/linux-clang-libc++ -o main.o main.cpp
> clang++-13 -stdlib=libc++ -L/tmp/cirrus-ci-build/depends/x86_64-pc-linux-gnu/lib -ccc-gcc-name g++ -stdlib=libc++ -o ppoll main.o      
> gmake[1]: Leaving directory '/tmp/cirrus-ci-build/depends/work/build/x86_64-pc-linux-gnu/qt/5.15.3-f2910c50388/config.tests/ppoll'
test config.qtbase_corelib.tests.ppoll succeeded
Checking for renameat2()... 
+ cd /tmp/cirrus-ci-build/depends/work/build/x86_64-pc-linux-gnu/qt/5.15.3-f2910c50388/config.tests/renameat2 && PKG_CONFIG_SYSROOT_DIR=/ PKG_CONFIG_LIBDIR=/tmp/cirrus-ci-build/depends/x86_64-pc-linux-gnu/lib/pkgconfig /tmp/cirrus-ci-build/depends/work/build/x86_64-pc-linux-gnu/qt/5.15.3-f2910c50388/qtbase/bin/qmake "CONFIG -= qt debug_and_release app_bundle lib_bundle" "CONFIG += static warn_off console single_arch" -early "CONFIG += cross_compile" /tmp/cirrus-ci-build/depends/work/build/x86_64-pc-linux-gnu/qt/5.15.3-f2910c50388/config.tests/renameat2
+ cd /tmp/cirrus-ci-build/depends/work/build/x86_64-pc-linux-gnu/qt/5.15.3-f2910c50388/config.tests/renameat2 && MAKEFLAGS= /usr/bin/gmake
> gmake[1]: Entering directory '/tmp/cirrus-ci-build/depends/work/build/x86_64-pc-linux-gnu/qt/5.15.3-f2910c50388/config.tests/renameat2'
> clang++-13 -stdlib=libc++ -c -pipe -pipe -std=c++17 -O2 -I/tmp/cirrus-ci-build/depends/x86_64-pc-linux-gnu/include -stdlib=libc++ -O2 -w -fPIC  -I. -I/tmp/cirrus-ci-build/depends/work/build/x86_64-pc-linux-gnu/qt/5.15.3-f2910c50388/qtbase/mkspecs/linux-clang-libc++ -o main.o main.cpp
> clang++-13 -stdlib=libc++ -L/tmp/cirrus-ci-build/depends/x86_64-pc-linux-gnu/lib -ccc-gcc-name g++ -stdlib=libc++ -o renameat2 main.o      
> gmake[1]: Leaving directory '/tmp/cirrus-ci-build/depends/work/build/x86_64-pc-linux-gnu/qt/5.15.3-f2910c50388/config.tests/renameat2'
test config.qtbase_corelib.tests.renameat2 succeeded
Checking for slog2... 
Trying source 0 (type inline) of library slog2 ...
sys/slog2.h not found in [] and global paths.
  => source produced no result.
test config.qtbase_corelib.libraries.slog2 FAILED
Checking for statx() in libc... 
+ cd /tmp/cirrus-ci-build/depends/work/build/x86_64-pc-linux-gnu/qt/5.15.3-f2910c50388/config.tests/statx && PKG_CONFIG_SYSROOT_DIR=/ PKG_CONFIG_LIBDIR=/tmp/cirrus-ci-build/depends/x86_64-pc-linux-gnu/lib/pkgconfig /tmp/cirrus-ci-build/depends/work/build/x86_64-pc-linux-gnu/qt/5.15.3-f2910c50388/qtbase/bin/qmake "CONFIG -= qt debug_and_release app_bundle lib_bundle" "CONFIG += static warn_off console single_arch" -early "CONFIG += cross_compile" /tmp/cirrus-ci-build/depends/work/build/x86_64-pc-linux-gnu/qt/5.15.3-f2910c50388/config.tests/statx
+ cd /tmp/cirrus-ci-build/depends/work/build/x86_64-pc-linux-gnu/qt/5.15.3-f2910c50388/config.tests/statx && MAKEFLAGS= /usr/bin/gmake
> gmake[1]: Entering directory '/tmp/cirrus-ci-build/depends/work/build/x86_64-pc-linux-gnu/qt/5.15.3-f2910c50388/config.tests/statx'
> clang++-13 -stdlib=libc++ -c -pipe -pipe -std=c++17 -O2 -I/tmp/cirrus-ci-build/depends/x86_64-pc-linux-gnu/include -stdlib=libc++ -O2 -w -fPIC  -I. -I/tmp/cirrus-ci-build/depends/work/build/x86_64-pc-linux-gnu/qt/5.15.3-f2910c50388/qtbase/mkspecs/linux-clang-libc++ -o main.o main.cpp
> clang++-13 -stdlib=libc++ -L/tmp/cirrus-ci-build/depends/x86_64-pc-linux-gnu/lib -ccc-gcc-name g++ -stdlib=libc++ -o statx main.o      
> gmake[1]: Leaving directory '/tmp/cirrus-ci-build/depends/work/build/x86_64-pc-linux-gnu/qt/5.15.3-f2910c50388/config.tests/statx'
test config.qtbase_corelib.tests.statx succeeded
Checking for 64 bit atomics... 
Trying source 0 (type inline) of library libatomic ...
+ cd /tmp/cirrus-ci-build/depends/work/build/x86_64-pc-linux-gnu/qt/5.15.3-f2910c50388/config.tests/libatomic && PKG_CONFIG_SYSROOT_DIR=/ PKG_CONFIG_LIBDIR=/tmp/cirrus-ci-build/depends/x86_64-pc-linux-gnu/lib/pkgconfig /tmp/cirrus-ci-build/depends/work/build/x86_64-pc-linux-gnu/qt/5.15.3-f2910c50388/qtbase/bin/qmake "CONFIG -= qt debug_and_release app_bundle lib_bundle" "CONFIG += static warn_off console single_arch" -early "CONFIG += cross_compile" 'QMAKE_USE += libatomic' 'QMAKE_LIBS_LIBATOMIC = ' /tmp/cirrus-ci-build/depends/work/build/x86_64-pc-linux-gnu/qt/5.15.3-f2910c50388/config.tests/libatomic
+ cd /tmp/cirrus-ci-build/depends/work/build/x86_64-pc-linux-gnu/qt/5.15.3-f2910c50388/config.tests/libatomic && MAKEFLAGS= /usr/bin/gmake
> gmake[1]: Entering directory '/tmp/cirrus-ci-build/depends/work/build/x86_64-pc-linux-gnu/qt/5.15.3-f2910c50388/config.tests/libatomic'
> clang++-13 -stdlib=libc++ -c -pipe -pipe -std=c++17 -O2 -I/tmp/cirrus-ci-build/depends/x86_64-pc-linux-gnu/include -stdlib=libc++ -O2 -std=gnu++11 -w -fPIC  -I. -I/tmp/cirrus-ci-build/depends/work/build/x86_64-pc-linux-gnu/qt/5.15.3-f2910c50388/qtbase/mkspecs/linux-clang-libc++ -o main.o main.cpp
> clang++-13 -stdlib=libc++ -L/tmp/cirrus-ci-build/depends/x86_64-pc-linux-gnu/lib -ccc-gcc-name g++ -stdlib=libc++ -o libatomic main.o      
> gmake[1]: Leaving directory '/tmp/cirrus-ci-build/depends/work/build/x86_64-pc-linux-gnu/qt/5.15.3-f2910c50388/config.tests/libatomic'
 => source accepted.
test config.qtbase_corelib.libraries.libatomic succeeded
Checking for DoubleConversion... 
Trying source 0 (type inline) of library doubleconversion ...
double-conversion/double-conversion.h not found in [] and global paths.
  => source produced no result.
test config.qtbase_corelib.libraries.doubleconversion FAILED
Checking for O_CLOEXEC... 
+ cd /tmp/cirrus-ci-build/depends/work/build/x86_64-pc-linux-gnu/qt/5.15.3-f2910c50388/config.tests/cloexec && PKG_CONFIG_SYSROOT_DIR=/ PKG_CONFIG_LIBDIR=/tmp/cirrus-ci-build/depends/x86_64-pc-linux-gnu/lib/pkgconfig /tmp/cirrus-ci-build/depends/work/build/x86_64-pc-linux-gnu/qt/5.15.3-f2910c50388/qtbase/bin/qmake "CONFIG -= qt debug_and_release app_bundle lib_bundle" "CONFIG += static warn_off console single_arch" -early "CONFIG += cross_compile" /tmp/cirrus-ci-build/depends/work/build/x86_64-pc-linux-gnu/qt/5.15.3-f2910c50388/config.tests/cloexec
+ cd /tmp/cirrus-ci-build/depends/work/build/x86_64-pc-linux-gnu/qt/5.15.3-f2910c50388/config.tests/cloexec && MAKEFLAGS= /usr/bin/gmake
> gmake[1]: Entering directory '/tmp/cirrus-ci-build/depends/work/build/x86_64-pc-linux-gnu/qt/5.15.3-f2910c50388/config.tests/cloexec'
> clang++-13 -stdlib=libc++ -c -pipe -pipe -std=c++17 -O2 -I/tmp/cirrus-ci-build/depends/x86_64-pc-linux-gnu/include -stdlib=libc++ -O2 -w -fPIC  -I. -I/tmp/cirrus-ci-build/depends/work/build/x86_64-pc-linux-gnu/qt/5.15.3-f2910c50388/qtbase/mkspecs/linux-clang-libc++ -o main.o main.cpp
> clang++-13 -stdlib=libc++ -L/tmp/cirrus-ci-build/depends/x86_64-pc-linux-gnu/lib -ccc-gcc-name g++ -stdlib=libc++ -o cloexec main.o      
> gmake[1]: Leaving directory '/tmp/cirrus-ci-build/depends/work/build/x86_64-pc-linux-gnu/qt/5.15.3-f2910c50388/config.tests/cloexec'
test config.qtbase_corelib.tests.cloexec succeeded
Checking for C++11 <random>... 
+ cd /tmp/cirrus-ci-build/depends/work/build/x86_64-pc-linux-gnu/qt/5.15.3-f2910c50388/config.tests/cxx11_random && PKG_CONFIG_SYSROOT_DIR=/ PKG_CONFIG_LIBDIR=/tmp/cirrus-ci-build/depends/x86_64-pc-linux-gnu/lib/pkgconfig /tmp/cirrus-ci-build/depends/work/build/x86_64-pc-linux-gnu/qt/5.15.3-f2910c50388/qtbase/bin/qmake "CONFIG -= qt debug_and_release app_bundle lib_bundle" "CONFIG += static warn_off console single_arch" -early "CONFIG += cross_compile" /tmp/cirrus-ci-build/depends/work/build/x86_64-pc-linux-gnu/qt/5.15.3-f2910c50388/config.tests/cxx11_random
+ cd /tmp/cirrus-ci-build/depends/work/build/x86_64-pc-linux-gnu/qt/5.15.3-f2910c50388/config.tests/cxx11_random && MAKEFLAGS= /usr/bin/gmake
> gmake[1]: Entering directory '/tmp/cirrus-ci-build/depends/work/build/x86_64-pc-linux-gnu/qt/5.15.3-f2910c50388/config.tests/cxx11_random'
> clang++-13 -stdlib=libc++ -c -pipe -pipe -std=c++17 -O2 -I/tmp/cirrus-ci-build/depends/x86_64-pc-linux-gnu/include -stdlib=libc++ -O2 -w -fPIC  -I. -I/tmp/cirrus-ci-build/depends/work/build/x86_64-pc-linux-gnu/qt/5.15.3-f2910c50388/qtbase/mkspecs/linux-clang-libc++ -o main.o main.cpp
> clang++-13 -stdlib=libc++ -L/tmp/cirrus-ci-build/depends/x86_64-pc-linux-gnu/lib -ccc-gcc-name g++ -stdlib=libc++ -o cxx11_random main.o      
> gmake[1]: Leaving directory '/tmp/cirrus-ci-build/depends/work/build/x86_64-pc-linux-gnu/qt/5.15.3-f2910c50388/config.tests/cxx11_random'
test config.qtbase_corelib.tests.cxx11_random succeeded
Checking for working std::atomic for function pointers... 
+ cd /tmp/cirrus-ci-build/depends/work/build/x86_64-pc-linux-gnu/qt/5.15.3-f2910c50388/config.tests/atomicfptr && PKG_CONFIG_SYSROOT_DIR=/ PKG_CONFIG_LIBDIR=/tmp/cirrus-ci-build/depends/x86_64-pc-linux-gnu/lib/pkgconfig /tmp/cirrus-ci-build/depends/work/build/x86_64-pc-linux-gnu/qt/5.15.3-f2910c50388/qtbase/bin/qmake "CONFIG -= qt debug_and_release app_bundle lib_bundle" "CONFIG += static warn_off console single_arch" -early "CONFIG += cross_compile" /tmp/cirrus-ci-build/depends/work/build/x86_64-pc-linux-gnu/qt/5.15.3-f2910c50388/config.tests/atomicfptr
+ cd /tmp/cirrus-ci-build/depends/work/build/x86_64-pc-linux-gnu/qt/5.15.3-f2910c50388/config.tests/atomicfptr && MAKEFLAGS= /usr/bin/gmake
> gmake[1]: Entering directory '/tmp/cirrus-ci-build/depends/work/build/x86_64-pc-linux-gnu/qt/5.15.3-f2910c50388/config.tests/atomicfptr'
> clang++-13 -stdlib=libc++ -c -pipe -pipe -std=c++17 -O2 -I/tmp/cirrus-ci-build/depends/x86_64-pc-linux-gnu/include -stdlib=libc++ -O2 -std=gnu++11 -w -fPIC  -I. -I/tmp/cirrus-ci-build/depends/work/build/x86_64-pc-linux-gnu/qt/5.15.3-f2910c50388/qtbase/mkspecs/linux-clang-libc++ -o main.o main.cpp
> clang++-13 -stdlib=libc++ -L/tmp/cirrus-ci-build/depends/x86_64-pc-linux-gnu/lib -ccc-gcc-name g++ -stdlib=libc++ -o atomicfptr main.o      
> gmake[1]: Leaving directory '/tmp/cirrus-ci-build/depends/work/build/x86_64-pc-linux-gnu/qt/5.15.3-f2910c50388/config.tests/atomicfptr'
test config.qtbase_corelib.tests.atomicfptr succeeded
Trying source 0 (type makeSpec) of library network ...
 => source accepted.
Checking for getifaddrs()... 
+ cd /tmp/cirrus-ci-build/depends/work/build/x86_64-pc-linux-gnu/qt/5.15.3-f2910c50388/config.tests/getifaddrs && PKG_CONFIG_SYSROOT_DIR=/ PKG_CONFIG_LIBDIR=/tmp/cirrus-ci-build/depends/x86_64-pc-linux-gnu/lib/pkgconfig /tmp/cirrus-ci-build/depends/work/build/x86_64-pc-linux-gnu/qt/5.15.3-f2910c50388/qtbase/bin/qmake "CONFIG -= qt debug_and_release app_bundle lib_bundle" "CONFIG += static warn_off console single_arch" -early "CONFIG += cross_compile" 'QMAKE_USE += network' 'QMAKE_LIBS_NETWORK = ' /tmp/cirrus-ci-build/depends/work/build/x86_64-pc-linux-gnu/qt/5.15.3-f2910c50388/config.tests/getifaddrs
+ cd /tmp/cirrus-ci-build/depends/work/build/x86_64-pc-linux-gnu/qt/5.15.3-f2910c50388/config.tests/getifaddrs && MAKEFLAGS= /usr/bin/gmake
> gmake[1]: Entering directory '/tmp/cirrus-ci-build/depends/work/build/x86_64-pc-linux-gnu/qt/5.15.3-f2910c50388/config.tests/getifaddrs'
> clang++-13 -stdlib=libc++ -c -pipe -pipe -std=c++17 -O2 -I/tmp/cirrus-ci-build/depends/x86_64-pc-linux-gnu/include -stdlib=libc++ -O2 -w -fPIC  -I. -I/tmp/cirrus-ci-build/depends/work/build/x86_64-pc-linux-gnu/qt/5.15.3-f2910c50388/qtbase/mkspecs/linux-clang-libc++ -o main.o main.cpp
> clang++-13 -stdlib=libc++ -L/tmp/cirrus-ci-build/depends/x86_64-pc-linux-gnu/lib -ccc-gcc-name g++ -stdlib=libc++ -o getifaddrs main.o      
> gmake[1]: Leaving directory '/tmp/cirrus-ci-build/depends/work/build/x86_64-pc-linux-gnu/qt/5.15.3-f2910c50388/config.tests/getifaddrs'
test config.qtbase_network.tests.getifaddrs succeeded
Checking for KRB5 GSSAPI Support... 
Trying source 0 (type inline) of library gssapi ...
  => source failed condition 'config.darwin'.
Trying source 1 (type pkgConfig) of library gssapi ...
+ PKG_CONFIG_SYSROOT_DIR=/ PKG_CONFIG_LIBDIR=/tmp/cirrus-ci-build/depends/x86_64-pc-linux-gnu/lib/pkgconfig /usr/bin/pkg-config --exists --silence-errors krb5-gssapi
pkg-config did not find package.
  => source produced no result.
Trying source 2 (type inline) of library gssapi ...
+ cd /tmp/cirrus-ci-build/depends/work/build/x86_64-pc-linux-gnu/qt/5.15.3-f2910c50388/config.tests/gssapi && PKG_CONFIG_SYSROOT_DIR=/ PKG_CONFIG_LIBDIR=/tmp/cirrus-ci-build/depends/x86_64-pc-linux-gnu/lib/pkgconfig /tmp/cirrus-ci-build/depends/work/build/x86_64-pc-linux-gnu/qt/5.15.3-f2910c50388/qtbase/bin/qmake "CONFIG -= qt debug_and_release app_bundle lib_bundle" "CONFIG += static warn_off console single_arch" -early "CONFIG += cross_compile" 'QMAKE_USE += gssapi' 'QMAKE_LIBS_GSSAPI = -lgssapi_krb5' /tmp/cirrus-ci-build/depends/work/build/x86_64-pc-linux-gnu/qt/5.15.3-f2910c50388/config.tests/gssapi
+ cd /tmp/cirrus-ci-build/depends/work/build/x86_64-pc-linux-gnu/qt/5.15.3-f2910c50388/config.tests/gssapi && MAKEFLAGS= /usr/bin/gmake
> gmake[1]: Entering directory '/tmp/cirrus-ci-build/depends/work/build/x86_64-pc-linux-gnu/qt/5.15.3-f2910c50388/config.tests/gssapi'
> clang++-13 -stdlib=libc++ -c -pipe -pipe -std=c++17 -O2 -I/tmp/cirrus-ci-build/depends/x86_64-pc-linux-gnu/include -stdlib=libc++ -O2 -w -fPIC  -I. -I/tmp/cirrus-ci-build/depends/work/build/x86_64-pc-linux-gnu/qt/5.15.3-f2910c50388/qtbase/mkspecs/linux-clang-libc++ -o main.o main.cpp
> main.cpp:8:12: fatal error: 'gssapi/gssapi.h' file not found
> #  include <gssapi/gssapi.h>
>            ^~~~~~~~~~~~~~~~~
> 1 error generated.
> gmake[1]: *** [Makefile:169: main.o] Error 1
> gmake[1]: Leaving directory '/tmp/cirrus-ci-build/depends/work/build/x86_64-pc-linux-gnu/qt/5.15.3-f2910c50388/config.tests/gssapi'
 => source failed verification.
test config.qtbase_network.libraries.gssapi FAILED
Checking for IPv6 ifname... 
+ cd /tmp/cirrus-ci-build/depends/work/build/x86_64-pc-linux-gnu/qt/5.15.3-f2910c50388/config.tests/ipv6ifname && PKG_CONFIG_SYSROOT_DIR=/ PKG_CONFIG_LIBDIR=/tmp/cirrus-ci-build/depends/x86_64-pc-linux-gnu/lib/pkgconfig /tmp/cirrus-ci-build/depends/work/build/x86_64-pc-linux-gnu/qt/5.15.3-f2910c50388/qtbase/bin/qmake "CONFIG -= qt debug_and_release app_bundle lib_bundle" "CONFIG += static warn_off console single_arch" -early "CONFIG += cross_compile" 'QMAKE_USE += network' 'QMAKE_LIBS_NETWORK = ' /tmp/cirrus-ci-build/depends/work/build/x86_64-pc-linux-gnu/qt/5.15.3-f2910c50388/config.tests/ipv6ifname
+ cd /tmp/cirrus-ci-build/depends/work/build/x86_64-pc-linux-gnu/qt/5.15.3-f2910c50388/config.tests/ipv6ifname && MAKEFLAGS= /usr/bin/gmake
> gmake[1]: Entering directory '/tmp/cirrus-ci-build/depends/work/build/x86_64-pc-linux-gnu/qt/5.15.3-f2910c50388/config.tests/ipv6ifname'
> clang++-13 -stdlib=libc++ -c -pipe -pipe -std=c++17 -O2 -I/tmp/cirrus-ci-build/depends/x86_64-pc-linux-gnu/include -stdlib=libc++ -O2 -w -fPIC  -I. -I/tmp/cirrus-ci-build/depends/work/build/x86_64-pc-linux-gnu/qt/5.15.3-f2910c50388/qtbase/mkspecs/linux-clang-libc++ -o main.o main.cpp
> clang++-13 -stdlib=libc++ -L/tmp/cirrus-ci-build/depends/x86_64-pc-linux-gnu/lib -ccc-gcc-name g++ -stdlib=libc++ -o ipv6ifname main.o      
> gmake[1]: Leaving directory '/tmp/cirrus-ci-build/depends/work/build/x86_64-pc-linux-gnu/qt/5.15.3-f2910c50388/config.tests/ipv6ifname'
test config.qtbase_network.tests.ipv6ifname succeeded
Checking for Linux AF_NETLINK sockets... 
+ cd /tmp/cirrus-ci-build/depends/work/build/x86_64-pc-linux-gnu/qt/5.15.3-f2910c50388/config.tests/linux-netlink && PKG_CONFIG_SYSROOT_DIR=/ PKG_CONFIG_LIBDIR=/tmp/cirrus-ci-build/depends/x86_64-pc-linux-gnu/lib/pkgconfig /tmp/cirrus-ci-build/depends/work/build/x86_64-pc-linux-gnu/qt/5.15.3-f2910c50388/qtbase/bin/qmake "CONFIG -= qt debug_and_release app_bundle lib_bundle" "CONFIG += static warn_off console single_arch" -early "CONFIG += cross_compile" /tmp/cirrus-ci-build/depends/work/build/x86_64-pc-linux-gnu/qt/5.15.3-f2910c50388/config.tests/linux-netlink
+ cd /tmp/cirrus-ci-build/depends/work/build/x86_64-pc-linux-gnu/qt/5.15.3-f2910c50388/config.tests/linux-netlink && MAKEFLAGS= /usr/bin/gmake
> gmake[1]: Entering directory '/tmp/cirrus-ci-build/depends/work/build/x86_64-pc-linux-gnu/qt/5.15.3-f2910c50388/config.tests/linux-netlink'
> clang++-13 -stdlib=libc++ -c -pipe -pipe -std=c++17 -O2 -I/tmp/cirrus-ci-build/depends/x86_64-pc-linux-gnu/include -stdlib=libc++ -O2 -w -fPIC  -I. -I/tmp/cirrus-ci-build/depends/work/build/x86_64-pc-linux-gnu/qt/5.15.3-f2910c50388/qtbase/mkspecs/linux-clang-libc++ -o main.o main.cpp
> clang++-13 -stdlib=libc++ -L/tmp/cirrus-ci-build/depends/x86_64-pc-linux-gnu/lib -ccc-gcc-name g++ -stdlib=libc++ -o linux-netlink main.o      
> gmake[1]: Leaving directory '/tmp/cirrus-ci-build/depends/work/build/x86_64-pc-linux-gnu/qt/5.15.3-f2910c50388/config.tests/linux-netlink'
test config.qtbase_network.tests.linux-netlink succeeded
Checking for XCB >= 1.11... 
Trying source 0 (type pkgConfig) of library xcb ...
+ PKG_CONFIG_SYSROOT_DIR=/ PKG_CONFIG_LIBDIR=/tmp/cirrus-ci-build/depends/x86_64-pc-linux-gnu/lib/pkgconfig /usr/bin/pkg-config --exists --silence-errors xcb '>=' 1.11
+ PKG_CONFIG_SYSROOT_DIR=/ PKG_CONFIG_LIBDIR=/tmp/cirrus-ci-build/depends/x86_64-pc-linux-gnu/lib/pkgconfig /usr/bin/pkg-config --modversion xcb '>=' 1.11
> 1.14
+ PKG_CONFIG_SYSROOT_DIR=/ PKG_CONFIG_LIBDIR=/tmp/cirrus-ci-build/depends/x86_64-pc-linux-gnu/lib/pkgconfig /usr/bin/pkg-config --libs-only-L xcb '>=' 1.11
> -L//tmp/cirrus-ci-build/depends/x86_64-pc-linux-gnu/lib
+ PKG_CONFIG_SYSROOT_DIR=/ PKG_CONFIG_LIBDIR=/tmp/cirrus-ci-build/depends/x86_64-pc-linux-gnu/lib/pkgconfig /usr/bin/pkg-config --libs-only-l xcb '>=' 1.11
> -lxcb
+ PKG_CONFIG_SYSROOT_DIR=/ PKG_CONFIG_LIBDIR=/tmp/cirrus-ci-build/depends/x86_64-pc-linux-gnu/lib/pkgconfig /usr/bin/pkg-config --cflags xcb '>=' 1.11
> -I//tmp/cirrus-ci-build/depends/x86_64-pc-linux-gnu/include
+ cd /tmp/cirrus-ci-build/depends/work/build/x86_64-pc-linux-gnu/qt/5.15.3-f2910c50388/config.tests/xcb && PKG_CONFIG_SYSROOT_DIR=/ PKG_CONFIG_LIBDIR=/tmp/cirrus-ci-build/depends/x86_64-pc-linux-gnu/lib/pkgconfig /tmp/cirrus-ci-build/depends/work/build/x86_64-pc-linux-gnu/qt/5.15.3-f2910c50388/qtbase/bin/qmake "CONFIG -= qt debug_and_release app_bundle lib_bundle" "CONFIG += static warn_off console single_arch" -early "CONFIG += cross_compile" 'QMAKE_USE += xcb' 'QMAKE_LIBS_XCB = -L//tmp/cirrus-ci-build/depends/x86_64-pc-linux-gnu/lib -lxcb' 'QMAKE_INCDIR_XCB = //tmp/cirrus-ci-build/depends/x86_64-pc-linux-gnu/include' /tmp/cirrus-ci-build/depends/work/build/x86_64-pc-linux-gnu/qt/5.15.3-f2910c50388/config.tests/xcb
+ cd /tmp/cirrus-ci-build/depends/work/build/x86_64-pc-linux-gnu/qt/5.15.3-f2910c50388/config.tests/xcb && MAKEFLAGS= /usr/bin/gmake
> gmake[1]: Entering directory '/tmp/cirrus-ci-build/depends/work/build/x86_64-pc-linux-gnu/qt/5.15.3-f2910c50388/config.tests/xcb'
> clang++-13 -stdlib=libc++ -c -pipe -pipe -std=c++17 -O2 -I/tmp/cirrus-ci-build/depends/x86_64-pc-linux-gnu/include -stdlib=libc++ -O2 -w -fPIC  -I. -I/tmp/cirrus-ci-build/depends/x86_64-pc-linux-gnu/include -I/tmp/cirrus-ci-build/depends/work/build/x86_64-pc-linux-gnu/qt/5.15.3-f2910c50388/qtbase/mkspecs/linux-clang-libc++ -o main.o main.cpp
> clang++-13 -stdlib=libc++ -L/tmp/cirrus-ci-build/depends/x86_64-pc-linux-gnu/lib -ccc-gcc-name g++ -stdlib=libc++ -o xcb main.o   -L//tmp/cirrus-ci-build/depends/x86_64-pc-linux-gnu/lib -lxcb   
> gmake[1]: Leaving directory '/tmp/cirrus-ci-build/depends/work/build/x86_64-pc-linux-gnu/qt/5.15.3-f2910c50388/config.tests/xcb'
 => source accepted.
test config.qtbase_gui.libraries.xcb succeeded
Checking for XCB ICCCM >= 0.3.9... 
Trying source 0 (type pkgConfig) of library xcb_icccm ...
+ PKG_CONFIG_SYSROOT_DIR=/ PKG_CONFIG_LIBDIR=/tmp/cirrus-ci-build/depends/x86_64-pc-linux-gnu/lib/pkgconfig /usr/bin/pkg-config --exists --silence-errors xcb-icccm '>=' 0.3.9
+ PKG_CONFIG_SYSROOT_DIR=/ PKG_CONFIG_LIBDIR=/tmp/cirrus-ci-build/depends/x86_64-pc-linux-gnu/lib/pkgconfig /usr/bin/pkg-config --modversion xcb-icccm '>=' 0.3.9
> 0.4.1
+ PKG_CONFIG_SYSROOT_DIR=/ PKG_CONFIG_LIBDIR=/tmp/cirrus-ci-build/depends/x86_64-pc-linux-gnu/lib/pkgconfig /usr/bin/pkg-config --libs-only-L xcb-icccm '>=' 0.3.9
> -L//tmp/cirrus-ci-build/depends/x86_64-pc-linux-gnu/lib
+ PKG_CONFIG_SYSROOT_DIR=/ PKG_CONFIG_LIBDIR=/tmp/cirrus-ci-build/depends/x86_64-pc-linux-gnu/lib/pkgconfig /usr/bin/pkg-config --libs-only-l xcb-icccm '>=' 0.3.9
> -lxcb-icccm -lxcb
+ PKG_CONFIG_SYSROOT_DIR=/ PKG_CONFIG_LIBDIR=/tmp/cirrus-ci-build/depends/x86_64-pc-linux-gnu/lib/pkgconfig /usr/bin/pkg-config --cflags xcb-icccm '>=' 0.3.9
> -I//tmp/cirrus-ci-build/depends/x86_64-pc-linux-gnu/include
 => source accepted.
test config.qtbase_gui.libraries.xcb_icccm succeeded
Checking for XCB SHM... 
Trying source 0 (type pkgConfig) of library xcb_shm ...
+ PKG_CONFIG_SYSROOT_DIR=/ PKG_CONFIG_LIBDIR=/tmp/cirrus-ci-build/depends/x86_64-pc-linux-gnu/lib/pkgconfig /usr/bin/pkg-config --exists --silence-errors xcb-shm
+ PKG_CONFIG_SYSROOT_DIR=/ PKG_CONFIG_LIBDIR=/tmp/cirrus-ci-build/depends/x86_64-pc-linux-gnu/lib/pkgconfig /usr/bin/pkg-config --modversion xcb-shm
> 1.14
+ PKG_CONFIG_SYSROOT_DIR=/ PKG_CONFIG_LIBDIR=/tmp/cirrus-ci-build/depends/x86_64-pc-linux-gnu/lib/pkgconfig /usr/bin/pkg-config --libs-only-L xcb-shm
> -L//tmp/cirrus-ci-build/depends/x86_64-pc-linux-gnu/lib
+ PKG_CONFIG_SYSROOT_DIR=/ PKG_CONFIG_LIBDIR=/tmp/cirrus-ci-build/depends/x86_64-pc-linux-gnu/lib/pkgconfig /usr/bin/pkg-config --libs-only-l xcb-shm
> -lxcb-shm
+ PKG_CONFIG_SYSROOT_DIR=/ PKG_CONFIG_LIBDIR=/tmp/cirrus-ci-build/depends/x86_64-pc-linux-gnu/lib/pkgconfig /usr/bin/pkg-config --cflags xcb-shm
> -I//tmp/cirrus-ci-build/depends/x86_64-pc-linux-gnu/include
 => source accepted.
test config.qtbase_gui.libraries.xcb_shm succeeded
Checking for XCB Image >= 0.3.9... 
Trying source 0 (type pkgConfig) of library xcb_image ...
+ PKG_CONFIG_SYSROOT_DIR=/ PKG_CONFIG_LIBDIR=/tmp/cirrus-ci-build/depends/x86_64-pc-linux-gnu/lib/pkgconfig /usr/bin/pkg-config --exists --silence-errors xcb-image '>=' 0.3.9
+ PKG_CONFIG_SYSROOT_DIR=/ PKG_CONFIG_LIBDIR=/tmp/cirrus-ci-build/depends/x86_64-pc-linux-gnu/lib/pkgconfig /usr/bin/pkg-config --modversion xcb-image '>=' 0.3.9
> 0.4.0
+ PKG_CONFIG_SYSROOT_DIR=/ PKG_CONFIG_LIBDIR=/tmp/cirrus-ci-build/depends/x86_64-pc-linux-gnu/lib/pkgconfig /usr/bin/pkg-config --libs-only-L xcb-image '>=' 0.3.9
> -L//tmp/cirrus-ci-build/depends/x86_64-pc-linux-gnu/lib
+ PKG_CONFIG_SYSROOT_DIR=/ PKG_CONFIG_LIBDIR=/tmp/cirrus-ci-build/depends/x86_64-pc-linux-gnu/lib/pkgconfig /usr/bin/pkg-config --libs-only-l xcb-image '>=' 0.3.9
> -lxcb-image -lxcb -lxcb-shm
+ PKG_CONFIG_SYSROOT_DIR=/ PKG_CONFIG_LIBDIR=/tmp/cirrus-ci-build/depends/x86_64-pc-linux-gnu/lib/pkgconfig /usr/bin/pkg-config --cflags xcb-image '>=' 0.3.9
> -I//tmp/cirrus-ci-build/depends/x86_64-pc-linux-gnu/include
 => source accepted.
test config.qtbase_gui.libraries.xcb_image succeeded
Checking for XCB Keysyms >= 0.3.9... 
Trying source 0 (type pkgConfig) of library xcb_keysyms ...
+ PKG_CONFIG_SYSROOT_DIR=/ PKG_CONFIG_LIBDIR=/tmp/cirrus-ci-build/depends/x86_64-pc-linux-gnu/lib/pkgconfig /usr/bin/pkg-config --exists --silence-errors xcb-keysyms '>=' 0.3.9
+ PKG_CONFIG_SYSROOT_DIR=/ PKG_CONFIG_LIBDIR=/tmp/cirrus-ci-build/depends/x86_64-pc-linux-gnu/lib/pkgconfig /usr/bin/pkg-config --modversion xcb-keysyms '>=' 0.3.9
> 0.4.0
+ PKG_CONFIG_SYSROOT_DIR=/ PKG_CONFIG_LIBDIR=/tmp/cirrus-ci-build/depends/x86_64-pc-linux-gnu/lib/pkgconfig /usr/bin/pkg-config --libs-only-L xcb-keysyms '>=' 0.3.9
> -L//tmp/cirrus-ci-build/depends/x86_64-pc-linux-gnu/lib
+ PKG_CONFIG_SYSROOT_DIR=/ PKG_CONFIG_LIBDIR=/tmp/cirrus-ci-build/depends/x86_64-pc-linux-gnu/lib/pkgconfig /usr/bin/pkg-config --libs-only-l xcb-keysyms '>=' 0.3.9
> -lxcb-keysyms -lxcb
+ PKG_CONFIG_SYSROOT_DIR=/ PKG_CONFIG_LIBDIR=/tmp/cirrus-ci-build/depends/x86_64-pc-linux-gnu/lib/pkgconfig /usr/bin/pkg-config --cflags xcb-keysyms '>=' 0.3.9
> -I//tmp/cirrus-ci-build/depends/x86_64-pc-linux-gnu/include
 => source accepted.
test config.qtbase_gui.libraries.xcb_keysyms succeeded
Checking for XCB RandR... 
Trying source 0 (type pkgConfig) of library xcb_randr ...
+ PKG_CONFIG_SYSROOT_DIR=/ PKG_CONFIG_LIBDIR=/tmp/cirrus-ci-build/depends/x86_64-pc-linux-gnu/lib/pkgconfig /usr/bin/pkg-config --exists --silence-errors xcb-randr
+ PKG_CONFIG_SYSROOT_DIR=/ PKG_CONFIG_LIBDIR=/tmp/cirrus-ci-build/depends/x86_64-pc-linux-gnu/lib/pkgconfig /usr/bin/pkg-config --modversion xcb-randr
> 1.14
+ PKG_CONFIG_SYSROOT_DIR=/ PKG_CONFIG_LIBDIR=/tmp/cirrus-ci-build/depends/x86_64-pc-linux-gnu/lib/pkgconfig /usr/bin/pkg-config --libs-only-L xcb-randr
> -L//tmp/cirrus-ci-build/depends/x86_64-pc-linux-gnu/lib
+ PKG_CONFIG_SYSROOT_DIR=/ PKG_CONFIG_LIBDIR=/tmp/cirrus-ci-build/depends/x86_64-pc-linux-gnu/lib/pkgconfig /usr/bin/pkg-config --libs-only-l xcb-randr
> -lxcb-randr
+ PKG_CONFIG_SYSROOT_DIR=/ PKG_CONFIG_LIBDIR=/tmp/cirrus-ci-build/depends/x86_64-pc-linux-gnu/lib/pkgconfig /usr/bin/pkg-config --cflags xcb-randr
> -I//tmp/cirrus-ci-build/depends/x86_64-pc-linux-gnu/include
 => source accepted.
test config.qtbase_gui.libraries.xcb_randr succeeded
Checking for XCB XRender... 
Trying source 0 (type pkgConfig) of library xcb_render ...
+ PKG_CONFIG_SYSROOT_DIR=/ PKG_CONFIG_LIBDIR=/tmp/cirrus-ci-build/depends/x86_64-pc-linux-gnu/lib/pkgconfig /usr/bin/pkg-config --exists --silence-errors xcb-render
+ PKG_CONFIG_SYSROOT_DIR=/ PKG_CONFIG_LIBDIR=/tmp/cirrus-ci-build/depends/x86_64-pc-linux-gnu/lib/pkgconfig /usr/bin/pkg-config --modversion xcb-render
> 1.14
+ PKG_CONFIG_SYSROOT_DIR=/ PKG_CONFIG_LIBDIR=/tmp/cirrus-ci-build/depends/x86_64-pc-linux-gnu/lib/pkgconfig /usr/bin/pkg-config --libs-only-L xcb-render
> -L//tmp/cirrus-ci-build/depends/x86_64-pc-linux-gnu/lib
+ PKG_CONFIG_SYSROOT_DIR=/ PKG_CONFIG_LIBDIR=/tmp/cirrus-ci-build/depends/x86_64-pc-linux-gnu/lib/pkgconfig /usr/bin/pkg-config --libs-only-l xcb-render
> -lxcb-render
+ PKG_CONFIG_SYSROOT_DIR=/ PKG_CONFIG_LIBDIR=/tmp/cirrus-ci-build/depends/x86_64-pc-linux-gnu/lib/pkgconfig /usr/bin/pkg-config --cflags xcb-render
> -I//tmp/cirrus-ci-build/depends/x86_64-pc-linux-gnu/include
 => source accepted.
test config.qtbase_gui.libraries.xcb_render succeeded
Checking for XCB Renderutil >= 0.3.9... 
Trying source 0 (type pkgConfig) of library xcb_renderutil ...
+ PKG_CONFIG_SYSROOT_DIR=/ PKG_CONFIG_LIBDIR=/tmp/cirrus-ci-build/depends/x86_64-pc-linux-gnu/lib/pkgconfig /usr/bin/pkg-config --exists --silence-errors xcb-renderutil '>=' 0.3.9
+ PKG_CONFIG_SYSROOT_DIR=/ PKG_CONFIG_LIBDIR=/tmp/cirrus-ci-build/depends/x86_64-pc-linux-gnu/lib/pkgconfig /usr/bin/pkg-config --modversion xcb-renderutil '>=' 0.3.9
> 0.3.9
+ PKG_CONFIG_SYSROOT_DIR=/ PKG_CONFIG_LIBDIR=/tmp/cirrus-ci-build/depends/x86_64-pc-linux-gnu/lib/pkgconfig /usr/bin/pkg-config --libs-only-L xcb-renderutil '>=' 0.3.9
> -L//tmp/cirrus-ci-build/depends/x86_64-pc-linux-gnu/lib
+ PKG_CONFIG_SYSROOT_DIR=/ PKG_CONFIG_LIBDIR=/tmp/cirrus-ci-build/depends/x86_64-pc-linux-gnu/lib/pkgconfig /usr/bin/pkg-config --libs-only-l xcb-renderutil '>=' 0.3.9
> -lxcb-render-util -lxcb -lxcb-render
+ PKG_CONFIG_SYSROOT_DIR=/ PKG_CONFIG_LIBDIR=/tmp/cirrus-ci-build/depends/x86_64-pc-linux-gnu/lib/pkgconfig /usr/bin/pkg-config --cflags xcb-renderutil '>=' 0.3.9
> -I//tmp/cirrus-ci-build/depends/x86_64-pc-linux-gnu/include
 => source accepted.
test config.qtbase_gui.libraries.xcb_renderutil succeeded
Checking for XCB Shape... 
Trying source 0 (type pkgConfig) of library xcb_shape ...
+ PKG_CONFIG_SYSROOT_DIR=/ PKG_CONFIG_LIBDIR=/tmp/cirrus-ci-build/depends/x86_64-pc-linux-gnu/lib/pkgconfig /usr/bin/pkg-config --exists --silence-errors xcb-shape
+ PKG_CONFIG_SYSROOT_DIR=/ PKG_CONFIG_LIBDIR=/tmp/cirrus-ci-build/depends/x86_64-pc-linux-gnu/lib/pkgconfig /usr/bin/pkg-config --modversion xcb-shape
> 1.14
+ PKG_CONFIG_SYSROOT_DIR=/ PKG_CONFIG_LIBDIR=/tmp/cirrus-ci-build/depends/x86_64-pc-linux-gnu/lib/pkgconfig /usr/bin/pkg-config --libs-only-L xcb-shape
> -L//tmp/cirrus-ci-build/depends/x86_64-pc-linux-gnu/lib
+ PKG_CONFIG_SYSROOT_DIR=/ PKG_CONFIG_LIBDIR=/tmp/cirrus-ci-build/depends/x86_64-pc-linux-gnu/lib/pkgconfig /usr/bin/pkg-config --libs-only-l xcb-shape
> -lxcb-shape
+ PKG_CONFIG_SYSROOT_DIR=/ PKG_CONFIG_LIBDIR=/tmp/cirrus-ci-build/depends/x86_64-pc-linux-gnu/lib/pkgconfig /usr/bin/pkg-config --cflags xcb-shape
> -I//tmp/cirrus-ci-build/depends/x86_64-pc-linux-gnu/include
 => source accepted.
test config.qtbase_gui.libraries.xcb_shape succeeded
Checking for XCB Sync... 
Trying source 0 (type pkgConfig) of library xcb_sync ...
+ PKG_CONFIG_SYSROOT_DIR=/ PKG_CONFIG_LIBDIR=/tmp/cirrus-ci-build/depends/x86_64-pc-linux-gnu/lib/pkgconfig /usr/bin/pkg-config --exists --silence-errors xcb-sync
+ PKG_CONFIG_SYSROOT_DIR=/ PKG_CONFIG_LIBDIR=/tmp/cirrus-ci-build/depends/x86_64-pc-linux-gnu/lib/pkgconfig /usr/bin/pkg-config --modversion xcb-sync
> 1.14
+ PKG_CONFIG_SYSROOT_DIR=/ PKG_CONFIG_LIBDIR=/tmp/cirrus-ci-build/depends/x86_64-pc-linux-gnu/lib/pkgconfig /usr/bin/pkg-config --libs-only-L xcb-sync
> -L//tmp/cirrus-ci-build/depends/x86_64-pc-linux-gnu/lib
+ PKG_CONFIG_SYSROOT_DIR=/ PKG_CONFIG_LIBDIR=/tmp/cirrus-ci-build/depends/x86_64-pc-linux-gnu/lib/pkgconfig /usr/bin/pkg-config --libs-only-l xcb-sync
> -lxcb-sync
+ PKG_CONFIG_SYSROOT_DIR=/ PKG_CONFIG_LIBDIR=/tmp/cirrus-ci-build/depends/x86_64-pc-linux-gnu/lib/pkgconfig /usr/bin/pkg-config --cflags xcb-sync
> -I//tmp/cirrus-ci-build/depends/x86_64-pc-linux-gnu/include
 => source accepted.
test config.qtbase_gui.libraries.xcb_sync succeeded
Checking for XCB Xfixes... 
Trying source 0 (type pkgConfig) of library xcb_xfixes ...
+ PKG_CONFIG_SYSROOT_DIR=/ PKG_CONFIG_LIBDIR=/tmp/cirrus-ci-build/depends/x86_64-pc-linux-gnu/lib/pkgconfig /usr/bin/pkg-config --exists --silence-errors xcb-xfixes
+ PKG_CONFIG_SYSROOT_DIR=/ PKG_CONFIG_LIBDIR=/tmp/cirrus-ci-build/depends/x86_64-pc-linux-gnu/lib/pkgconfig /usr/bin/pkg-config --modversion xcb-xfixes
> 1.14
+ PKG_CONFIG_SYSROOT_DIR=/ PKG_CONFIG_LIBDIR=/tmp/cirrus-ci-build/depends/x86_64-pc-linux-gnu/lib/pkgconfig /usr/bin/pkg-config --libs-only-L xcb-xfixes
> -L//tmp/cirrus-ci-build/depends/x86_64-pc-linux-gnu/lib
+ PKG_CONFIG_SYSROOT_DIR=/ PKG_CONFIG_LIBDIR=/tmp/cirrus-ci-build/depends/x86_64-pc-linux-gnu/lib/pkgconfig /usr/bin/pkg-config --libs-only-l xcb-xfixes
> -lxcb-xfixes
+ PKG_CONFIG_SYSROOT_DIR=/ PKG_CONFIG_LIBDIR=/tmp/cirrus-ci-build/depends/x86_64-pc-linux-gnu/lib/pkgconfig /usr/bin/pkg-config --cflags xcb-xfixes
> -I//tmp/cirrus-ci-build/depends/x86_64-pc-linux-gnu/include
 => source accepted.
test config.qtbase_gui.libraries.xcb_xfixes succeeded
Checking for XCB Xinerama... 
Trying source 0 (type pkgConfig) of library xcb_xinerama ...
+ PKG_CONFIG_SYSROOT_DIR=/ PKG_CONFIG_LIBDIR=/tmp/cirrus-ci-build/depends/x86_64-pc-linux-gnu/lib/pkgconfig /usr/bin/pkg-config --exists --silence-errors xcb-xinerama
+ PKG_CONFIG_SYSROOT_DIR=/ PKG_CONFIG_LIBDIR=/tmp/cirrus-ci-build/depends/x86_64-pc-linux-gnu/lib/pkgconfig /usr/bin/pkg-config --modversion xcb-xinerama
> 1.14
+ PKG_CONFIG_SYSROOT_DIR=/ PKG_CONFIG_LIBDIR=/tmp/cirrus-ci-build/depends/x86_64-pc-linux-gnu/lib/pkgconfig /usr/bin/pkg-config --libs-only-L xcb-xinerama
> -L//tmp/cirrus-ci-build/depends/x86_64-pc-linux-gnu/lib
+ PKG_CONFIG_SYSROOT_DIR=/ PKG_CONFIG_LIBDIR=/tmp/cirrus-ci-build/depends/x86_64-pc-linux-gnu/lib/pkgconfig /usr/bin/pkg-config --libs-only-l xcb-xinerama
> -lxcb-xinerama
+ PKG_CONFIG_SYSROOT_DIR=/ PKG_CONFIG_LIBDIR=/tmp/cirrus-ci-build/depends/x86_64-pc-linux-gnu/lib/pkgconfig /usr/bin/pkg-config --cflags xcb-xinerama
> -I//tmp/cirrus-ci-build/depends/x86_64-pc-linux-gnu/include
 => source accepted.
test config.qtbase_gui.libraries.xcb_xinerama succeeded
Checking for XCB XKB... 
Trying source 0 (type pkgConfig) of library xcb_xkb ...
+ PKG_CONFIG_SYSROOT_DIR=/ PKG_CONFIG_LIBDIR=/tmp/cirrus-ci-build/depends/x86_64-pc-linux-gnu/lib/pkgconfig /usr/bin/pkg-config --exists --silence-errors xcb-xkb
+ PKG_CONFIG_SYSROOT_DIR=/ PKG_CONFIG_LIBDIR=/tmp/cirrus-ci-build/depends/x86_64-pc-linux-gnu/lib/pkgconfig /usr/bin/pkg-config --modversion xcb-xkb
> 1.14
+ PKG_CONFIG_SYSROOT_DIR=/ PKG_CONFIG_LIBDIR=/tmp/cirrus-ci-build/depends/x86_64-pc-linux-gnu/lib/pkgconfig /usr/bin/pkg-config --libs-only-L xcb-xkb
> -L//tmp/cirrus-ci-build/depends/x86_64-pc-linux-gnu/lib
+ PKG_CONFIG_SYSROOT_DIR=/ PKG_CONFIG_LIBDIR=/tmp/cirrus-ci-build/depends/x86_64-pc-linux-gnu/lib/pkgconfig /usr/bin/pkg-config --libs-only-l xcb-xkb
> -lxcb-xkb
+ PKG_CONFIG_SYSROOT_DIR=/ PKG_CONFIG_LIBDIR=/tmp/cirrus-ci-build/depends/x86_64-pc-linux-gnu/lib/pkgconfig /usr/bin/pkg-config --cflags xcb-xkb
> -I//tmp/cirrus-ci-build/depends/x86_64-pc-linux-gnu/include
 => source accepted.
test config.qtbase_gui.libraries.xcb_xkb succeeded
Checking for XCB (extensions)... 
+ cd /tmp/cirrus-ci-build/depends/work/build/x86_64-pc-linux-gnu/qt/5.15.3-f2910c50388/config.tests/xcb_syslibs && PKG_CONFIG_SYSROOT_DIR=/ PKG_CONFIG_LIBDIR=/tmp/cirrus-ci-build/depends/x86_64-pc-linux-gnu/lib/pkgconfig /tmp/cirrus-ci-build/depends/work/build/x86_64-pc-linux-gnu/qt/5.15.3-f2910c50388/qtbase/bin/qmake "CONFIG -= qt debug_and_release app_bundle lib_bundle" "CONFIG += static warn_off console single_arch" -early "CONFIG += cross_compile" 'QMAKE_USE += xcb_icccm xcb_image xcb_keysyms xcb_randr xcb_render xcb_renderutil xcb_shape xcb_shm xcb_sync xcb_xfixes xcb_xinerama xcb_xkb xcb' 'QMAKE_LIBS_XCB = -L//tmp/cirrus-ci-build/depends/x86_64-pc-linux-gnu/lib -lxcb' 'QMAKE_INCDIR_XCB = //tmp/cirrus-ci-build/depends/x86_64-pc-linux-gnu/include' 'QMAKE_LIBS_XCB_XKB = -lxcb-xkb' 'QMAKE_DEPENDS_XCB_XKB_CC = XCB' 'QMAKE_DEPENDS_XCB_XKB_LD = XCB' 'QMAKE_LIBS_XCB_XINERAMA = -lxcb-xinerama' 'QMAKE_DEPENDS_XCB_XINERAMA_CC = XCB' 'QMAKE_DEPENDS_XCB_XINERAMA_LD = XCB' 'QMAKE_LIBS_XCB_XFIXES = -lxcb-xfixes' 'QMAKE_DEPENDS_XCB_XFIXES_CC = XCB' 'QMAKE_DEPENDS_XCB_XFIXES_LD = XCB' 'QMAKE_LIBS_XCB_SYNC = -lxcb-sync' 'QMAKE_DEPENDS_XCB_SYNC_CC = XCB' 'QMAKE_DEPENDS_XCB_SYNC_LD = XCB' 'QMAKE_LIBS_XCB_SHM = -lxcb-shm' 'QMAKE_DEPENDS_XCB_SHM_CC = XCB' 'QMAKE_DEPENDS_XCB_SHM_LD = XCB' 'QMAKE_LIBS_XCB_SHAPE = -lxcb-shape' 'QMAKE_DEPENDS_XCB_SHAPE_CC = XCB' 'QMAKE_DEPENDS_XCB_SHAPE_LD = XCB' 'QMAKE_LIBS_XCB_RENDERUTIL = -lxcb-render-util' 'QMAKE_DEPENDS_XCB_RENDERUTIL_CC = XCB XCB_RENDER' 'QMAKE_DEPENDS_XCB_RENDERUTIL_LD = XCB XCB_RENDER' 'QMAKE_LIBS_XCB_RENDER = -lxcb-render' 'QMAKE_DEPENDS_XCB_RENDER_CC = XCB' 'QMAKE_DEPENDS_XCB_RENDER_LD = XCB' 'QMAKE_LIBS_XCB_RANDR = -lxcb-randr' 'QMAKE_DEPENDS_XCB_RANDR_CC = XCB' 'QMAKE_DEPENDS_XCB_RANDR_LD = XCB' 'QMAKE_LIBS_XCB_KEYSYMS = -lxcb-keysyms' 'QMAKE_DEPENDS_XCB_KEYSYMS_CC = XCB' 'QMAKE_DEPENDS_XCB_KEYSYMS_LD = XCB' 'QMAKE_LIBS_XCB_IMAGE = -lxcb-image' 'QMAKE_DEPENDS_XCB_IMAGE_CC = XCB_SHM XCB' 'QMAKE_DEPENDS_XCB_IMAGE_LD = XCB_SHM XCB' 'QMAKE_LIBS_XCB_ICCCM = -lxcb-icccm' 'QMAKE_DEPENDS_XCB_ICCCM_CC = XCB' 'QMAKE_DEPENDS_XCB_ICCCM_LD = XCB' /tmp/cirrus-ci-build/depends/work/build/x86_64-pc-linux-gnu/qt/5.15.3-f2910c50388/config.tests/xcb_syslibs
+ cd /tmp/cirrus-ci-build/depends/work/build/x86_64-pc-linux-gnu/qt/5.15.3-f2910c50388/config.tests/xcb_syslibs && MAKEFLAGS= /usr/bin/gmake
> gmake[1]: Entering directory '/tmp/cirrus-ci-build/depends/work/build/x86_64-pc-linux-gnu/qt/5.15.3-f2910c50388/config.tests/xcb_syslibs'
> clang++-13 -stdlib=libc++ -c -pipe -pipe -std=c++17 -O2 -I/tmp/cirrus-ci-build/depends/x86_64-pc-linux-gnu/include -stdlib=libc++ -O2 -w -fPIC  -I. -I/tmp/cirrus-ci-build/depends/x86_64-pc-linux-gnu/include -I/tmp/cirrus-ci-build/depends/work/build/x86_64-pc-linux-gnu/qt/5.15.3-f2910c50388/qtbase/mkspecs/linux-clang-libc++ -o main.o main.cpp
> clang++-13 -stdlib=libc++ -L/tmp/cirrus-ci-build/depends/x86_64-pc-linux-gnu/lib -ccc-gcc-name g++ -stdlib=libc++ -o xcb_syslibs main.o   -lxcb-icccm -lxcb-image -lxcb-shm -lxcb-keysyms -lxcb-randr -lxcb-render-util -lxcb-render -lxcb-shape -lxcb-sync -lxcb-xfixes -lxcb-xinerama -lxcb-xkb -L//tmp/cirrus-ci-build/depends/x86_64-pc-linux-gnu/lib -lxcb   
> gmake[1]: Leaving directory '/tmp/cirrus-ci-build/depends/work/build/x86_64-pc-linux-gnu/qt/5.15.3-f2910c50388/config.tests/xcb_syslibs'
test config.qtbase_gui.tests.xcb_syslibs succeeded
Checking for xkbcommon >= 0.5.0... 
Trying source 0 (type pkgConfig) of library xkbcommon ...
+ PKG_CONFIG_SYSROOT_DIR=/ PKG_CONFIG_LIBDIR=/tmp/cirrus-ci-build/depends/x86_64-pc-linux-gnu/lib/pkgconfig /usr/bin/pkg-config --exists --silence-errors xkbcommon '>=' 0.5.0
+ PKG_CONFIG_SYSROOT_DIR=/ PKG_CONFIG_LIBDIR=/tmp/cirrus-ci-build/depends/x86_64-pc-linux-gnu/lib/pkgconfig /usr/bin/pkg-config --modversion xkbcommon '>=' 0.5.0
> 0.8.4
+ PKG_CONFIG_SYSROOT_DIR=/ PKG_CONFIG_LIBDIR=/tmp/cirrus-ci-build/depends/x86_64-pc-linux-gnu/lib/pkgconfig /usr/bin/pkg-config --libs-only-L xkbcommon '>=' 0.5.0
> -L//tmp/cirrus-ci-build/depends/x86_64-pc-linux-gnu/lib
+ PKG_CONFIG_SYSROOT_DIR=/ PKG_CONFIG_LIBDIR=/tmp/cirrus-ci-build/depends/x86_64-pc-linux-gnu/lib/pkgconfig /usr/bin/pkg-config --libs-only-l xkbcommon '>=' 0.5.0
> -lxkbcommon
+ PKG_CONFIG_SYSROOT_DIR=/ PKG_CONFIG_LIBDIR=/tmp/cirrus-ci-build/depends/x86_64-pc-linux-gnu/lib/pkgconfig /usr/bin/pkg-config --cflags xkbcommon '>=' 0.5.0
> -I//tmp/cirrus-ci-build/depends/x86_64-pc-linux-gnu/include
+ cd /tmp/cirrus-ci-build/depends/work/build/x86_64-pc-linux-gnu/qt/5.15.3-f2910c50388/config.tests/xkbcommon && PKG_CONFIG_SYSROOT_DIR=/ PKG_CONFIG_LIBDIR=/tmp/cirrus-ci-build/depends/x86_64-pc-linux-gnu/lib/pkgconfig /tmp/cirrus-ci-build/depends/work/build/x86_64-pc-linux-gnu/qt/5.15.3-f2910c50388/qtbase/bin/qmake "CONFIG -= qt debug_and_release app_bundle lib_bundle" "CONFIG += static warn_off console single_arch" -early "CONFIG += cross_compile" 'QMAKE_USE += xkbcommon' 'QMAKE_LIBS_XKBCOMMON = -L//tmp/cirrus-ci-build/depends/x86_64-pc-linux-gnu/lib -lxkbcommon' 'QMAKE_INCDIR_XKBCOMMON = //tmp/cirrus-ci-build/depends/x86_64-pc-linux-gnu/include' /tmp/cirrus-ci-build/depends/work/build/x86_64-pc-linux-gnu/qt/5.15.3-f2910c50388/config.tests/xkbcommon
+ cd /tmp/cirrus-ci-build/depends/work/build/x86_64-pc-linux-gnu/qt/5.15.3-f2910c50388/config.tests/xkbcommon && MAKEFLAGS= /usr/bin/gmake
> gmake[1]: Entering directory '/tmp/cirrus-ci-build/depends/work/build/x86_64-pc-linux-gnu/qt/5.15.3-f2910c50388/config.tests/xkbcommon'
> clang++-13 -stdlib=libc++ -c -pipe -pipe -std=c++17 -O2 -I/tmp/cirrus-ci-build/depends/x86_64-pc-linux-gnu/include -stdlib=libc++ -O2 -w -fPIC  -I. -I/tmp/cirrus-ci-build/depends/x86_64-pc-linux-gnu/include -I/tmp/cirrus-ci-build/depends/work/build/x86_64-pc-linux-gnu/qt/5.15.3-f2910c50388/qtbase/mkspecs/linux-clang-libc++ -o main.o main.cpp
> clang++-13 -stdlib=libc++ -L/tmp/cirrus-ci-build/depends/x86_64-pc-linux-gnu/lib -ccc-gcc-name g++ -stdlib=libc++ -o xkbcommon main.o   -L//tmp/cirrus-ci-build/depends/x86_64-pc-linux-gnu/lib -lxkbcommon   
> gmake[1]: Leaving directory '/tmp/cirrus-ci-build/depends/work/build/x86_64-pc-linux-gnu/qt/5.15.3-f2910c50388/config.tests/xkbcommon'
 => source accepted.
test config.qtbase_gui.libraries.xkbcommon succeeded
Checking for xkbcommon-x11... 
Trying source 0 (type pkgConfig) of library xkbcommon_x11 ...
+ PKG_CONFIG_SYSROOT_DIR=/ PKG_CONFIG_LIBDIR=/tmp/cirrus-ci-build/depends/x86_64-pc-linux-gnu/lib/pkgconfig /usr/bin/pkg-config --exists --silence-errors xkbcommon-x11
+ PKG_CONFIG_SYSROOT_DIR=/ PKG_CONFIG_LIBDIR=/tmp/cirrus-ci-build/depends/x86_64-pc-linux-gnu/lib/pkgconfig /usr/bin/pkg-config --modversion xkbcommon-x11
> 0.8.4
+ PKG_CONFIG_SYSROOT_DIR=/ PKG_CONFIG_LIBDIR=/tmp/cirrus-ci-build/depends/x86_64-pc-linux-gnu/lib/pkgconfig /usr/bin/pkg-config --libs-only-L xkbcommon-x11
> -L//tmp/cirrus-ci-build/depends/x86_64-pc-linux-gnu/lib
+ PKG_CONFIG_SYSROOT_DIR=/ PKG_CONFIG_LIBDIR=/tmp/cirrus-ci-build/depends/x86_64-pc-linux-gnu/lib/pkgconfig /usr/bin/pkg-config --libs-only-l xkbcommon-x11
> -lxkbcommon-x11 -lxkbcommon
+ PKG_CONFIG_SYSROOT_DIR=/ PKG_CONFIG_LIBDIR=/tmp/cirrus-ci-build/depends/x86_64-pc-linux-gnu/lib/pkgconfig /usr/bin/pkg-config --cflags xkbcommon-x11
> -I//tmp/cirrus-ci-build/depends/x86_64-pc-linux-gnu/include
+ cd /tmp/cirrus-ci-build/depends/work/build/x86_64-pc-linux-gnu/qt/5.15.3-f2910c50388/config.tests/xkbcommon_x11 && PKG_CONFIG_SYSROOT_DIR=/ PKG_CONFIG_LIBDIR=/tmp/cirrus-ci-build/depends/x86_64-pc-linux-gnu/lib/pkgconfig /tmp/cirrus-ci-build/depends/work/build/x86_64-pc-linux-gnu/qt/5.15.3-f2910c50388/qtbase/bin/qmake "CONFIG -= qt debug_and_release app_bundle lib_bundle" "CONFIG += static warn_off console single_arch" -early "CONFIG += cross_compile" 'QMAKE_USE += xkbcommon_x11' 'QMAKE_LIBS_XKBCOMMON_X11 = -L//tmp/cirrus-ci-build/depends/x86_64-pc-linux-gnu/lib -lxkbcommon-x11 -lxkbcommon' 'QMAKE_INCDIR_XKBCOMMON_X11 = //tmp/cirrus-ci-build/depends/x86_64-pc-linux-gnu/include' /tmp/cirrus-ci-build/depends/work/build/x86_64-pc-linux-gnu/qt/5.15.3-f2910c50388/config.tests/xkbcommon_x11
+ cd /tmp/cirrus-ci-build/depends/work/build/x86_64-pc-linux-gnu/qt/5.15.3-f2910c50388/config.tests/xkbcommon_x11 && MAKEFLAGS= /usr/bin/gmake
> gmake[1]: Entering directory '/tmp/cirrus-ci-build/depends/work/build/x86_64-pc-linux-gnu/qt/5.15.3-f2910c50388/config.tests/xkbcommon_x11'
> clang++-13 -stdlib=libc++ -c -pipe -pipe -std=c++17 -O2 -I/tmp/cirrus-ci-build/depends/x86_64-pc-linux-gnu/include -stdlib=libc++ -O2 -w -fPIC  -I. -I/tmp/cirrus-ci-build/depends/x86_64-pc-linux-gnu/include -I/tmp/cirrus-ci-build/depends/work/build/x86_64-pc-linux-gnu/qt/5.15.3-f2910c50388/qtbase/mkspecs/linux-clang-libc++ -o main.o main.cpp
> clang++-13 -stdlib=libc++ -L/tmp/cirrus-ci-build/depends/x86_64-pc-linux-gnu/lib -ccc-gcc-name g++ -stdlib=libc++ -o xkbcommon_x11 main.o   -L//tmp/cirrus-ci-build/depends/x86_64-pc-linux-gnu/lib -lxkbcommon-x11 -lxkbcommon   
> gmake[1]: Leaving directory '/tmp/cirrus-ci-build/depends/work/build/x86_64-pc-linux-gnu/qt/5.15.3-f2910c50388/config.tests/xkbcommon_x11'
 => source accepted.
test config.qtbase_gui.libraries.xkbcommon_x11 succeeded
Checking for atspi... 
Trying source 0 (type pkgConfig) of library atspi ...
+ PKG_CONFIG_SYSROOT_DIR=/ PKG_CONFIG_LIBDIR=/tmp/cirrus-ci-build/depends/x86_64-pc-linux-gnu/lib/pkgconfig /usr/bin/pkg-config --exists --silence-errors atspi-2
pkg-config did not find package.
  => source produced no result.
test config.qtbase_gui.libraries.atspi FAILED
Checking for KMS... 
Trying source 0 (type pkgConfig) of library drm ...
+ PKG_CONFIG_SYSROOT_DIR=/ PKG_CONFIG_LIBDIR=/tmp/cirrus-ci-build/depends/x86_64-pc-linux-gnu/lib/pkgconfig /usr/bin/pkg-config --exists --silence-errors libdrm
pkg-config did not find package.
  => source produced no result.
Trying source 1 (type inline) of library drm ...
xf86drmMode.h not found in [] and global paths.
xf86drm.h not found in [] and global paths.
  => source produced no result.
Trying source 2 (type inline) of library drm ...
  => source failed condition 'config.integrity'.
test config.qtbase_gui.libraries.drm FAILED
Checking for FreeType... 
Trying source 0 (type pkgConfig) of library freetype ...
+ PKG_CONFIG_SYSROOT_DIR=/ PKG_CONFIG_LIBDIR=/tmp/cirrus-ci-build/depends/x86_64-pc-linux-gnu/lib/pkgconfig /usr/bin/pkg-config --exists --silence-errors freetype2
+ PKG_CONFIG_SYSROOT_DIR=/ PKG_CONFIG_LIBDIR=/tmp/cirrus-ci-build/depends/x86_64-pc-linux-gnu/lib/pkgconfig /usr/bin/pkg-config --modversion freetype2
> 24.0.18
+ PKG_CONFIG_SYSROOT_DIR=/ PKG_CONFIG_LIBDIR=/tmp/cirrus-ci-build/depends/x86_64-pc-linux-gnu/lib/pkgconfig /usr/bin/pkg-config --libs-only-L freetype2
> -L//tmp/cirrus-ci-build/depends/x86_64-pc-linux-gnu/lib
+ PKG_CONFIG_SYSROOT_DIR=/ PKG_CONFIG_LIBDIR=/tmp/cirrus-ci-build/depends/x86_64-pc-linux-gnu/lib/pkgconfig /usr/bin/pkg-config --libs-only-l freetype2
> -lfreetype
+ PKG_CONFIG_SYSROOT_DIR=/ PKG_CONFIG_LIBDIR=/tmp/cirrus-ci-build/depends/x86_64-pc-linux-gnu/lib/pkgconfig /usr/bin/pkg-config --cflags freetype2
> -I//tmp/cirrus-ci-build/depends/x86_64-pc-linux-gnu/include/freetype2
+ cd /tmp/cirrus-ci-build/depends/work/build/x86_64-pc-linux-gnu/qt/5.15.3-f2910c50388/config.tests/freetype && PKG_CONFIG_SYSROOT_DIR=/ PKG_CONFIG_LIBDIR=/tmp/cirrus-ci-build/depends/x86_64-pc-linux-gnu/lib/pkgconfig /tmp/cirrus-ci-build/depends/work/build/x86_64-pc-linux-gnu/qt/5.15.3-f2910c50388/qtbase/bin/qmake "CONFIG -= qt debug_and_release app_bundle lib_bundle" "CONFIG += static warn_off console single_arch" -early "CONFIG += cross_compile" 'QMAKE_USE += freetype' 'QMAKE_LIBS_FREETYPE = -L//tmp/cirrus-ci-build/depends/x86_64-pc-linux-gnu/lib -lfreetype' 'QMAKE_INCDIR_FREETYPE = //tmp/cirrus-ci-build/depends/x86_64-pc-linux-gnu/include/freetype2' /tmp/cirrus-ci-build/depends/work/build/x86_64-pc-linux-gnu/qt/5.15.3-f2910c50388/config.tests/freetype
+ cd /tmp/cirrus-ci-build/depends/work/build/x86_64-pc-linux-gnu/qt/5.15.3-f2910c50388/config.tests/freetype && MAKEFLAGS= /usr/bin/gmake
> gmake[1]: Entering directory '/tmp/cirrus-ci-build/depends/work/build/x86_64-pc-linux-gnu/qt/5.15.3-f2910c50388/config.tests/freetype'
> clang++-13 -stdlib=libc++ -c -pipe -pipe -std=c++17 -O2 -I/tmp/cirrus-ci-build/depends/x86_64-pc-linux-gnu/include -stdlib=libc++ -O2 -w -fPIC  -I. -I/tmp/cirrus-ci-build/depends/x86_64-pc-linux-gnu/include/freetype2 -I/tmp/cirrus-ci-build/depends/work/build/x86_64-pc-linux-gnu/qt/5.15.3-f2910c50388/qtbase/mkspecs/linux-clang-libc++ -o main.o main.cpp
> clang++-13 -stdlib=libc++ -L/tmp/cirrus-ci-build/depends/x86_64-pc-linux-gnu/lib -ccc-gcc-name g++ -stdlib=libc++ -o freetype main.o   -L//tmp/cirrus-ci-build/depends/x86_64-pc-linux-gnu/lib -lfreetype   
> gmake[1]: Leaving directory '/tmp/cirrus-ci-build/depends/work/build/x86_64-pc-linux-gnu/qt/5.15.3-f2910c50388/config.tests/freetype'
 => source accepted.
test config.qtbase_gui.libraries.freetype succeeded
Checking for Fontconfig... 
Trying source 0 (type pkgConfig) of library fontconfig ...
+ PKG_CONFIG_SYSROOT_DIR=/ PKG_CONFIG_LIBDIR=/tmp/cirrus-ci-build/depends/x86_64-pc-linux-gnu/lib/pkgconfig /usr/bin/pkg-config --exists --silence-errors fontconfig
+ PKG_CONFIG_SYSROOT_DIR=/ PKG_CONFIG_LIBDIR=/tmp/cirrus-ci-build/depends/x86_64-pc-linux-gnu/lib/pkgconfig /usr/bin/pkg-config --modversion fontconfig
> 2.12.6
+ PKG_CONFIG_SYSROOT_DIR=/ PKG_CONFIG_LIBDIR=/tmp/cirrus-ci-build/depends/x86_64-pc-linux-gnu/lib/pkgconfig /usr/bin/pkg-config --libs-only-L fontconfig
> -L//tmp/cirrus-ci-build/depends/x86_64-pc-linux-gnu/lib
+ PKG_CONFIG_SYSROOT_DIR=/ PKG_CONFIG_LIBDIR=/tmp/cirrus-ci-build/depends/x86_64-pc-linux-gnu/lib/pkgconfig /usr/bin/pkg-config --libs-only-l fontconfig
> -lfontconfig -lfreetype
+ PKG_CONFIG_SYSROOT_DIR=/ PKG_CONFIG_LIBDIR=/tmp/cirrus-ci-build/depends/x86_64-pc-linux-gnu/lib/pkgconfig /usr/bin/pkg-config --cflags fontconfig
> -I//tmp/cirrus-ci-build/depends/x86_64-pc-linux-gnu/include -I//tmp/cirrus-ci-build/depends/x86_64-pc-linux-gnu/include/freetype2 -I//tmp/cirrus-ci-build/depends/x86_64-pc-linux-gnu/include -I//tmp/cirrus-ci-build/depends/x86_64-pc-linux-gnu/include/freetype2
+ cd /tmp/cirrus-ci-build/depends/work/build/x86_64-pc-linux-gnu/qt/5.15.3-f2910c50388/config.tests/fontconfig && PKG_CONFIG_SYSROOT_DIR=/ PKG_CONFIG_LIBDIR=/tmp/cirrus-ci-build/depends/x86_64-pc-linux-gnu/lib/pkgconfig /tmp/cirrus-ci-build/depends/work/build/x86_64-pc-linux-gnu/qt/5.15.3-f2910c50388/qtbase/bin/qmake "CONFIG -= qt debug_and_release app_bundle lib_bundle" "CONFIG += static warn_off console single_arch" -early "CONFIG += cross_compile" 'QMAKE_USE += fontconfig' 'QMAKE_LIBS_FONTCONFIG = -lfontconfig' 'QMAKE_INCDIR_FONTCONFIG = //tmp/cirrus-ci-build/depends/x86_64-pc-linux-gnu/include //tmp/cirrus-ci-build/depends/x86_64-pc-linux-gnu/include' 'QMAKE_DEPENDS_FONTCONFIG_CC = FREETYPE' 'QMAKE_DEPENDS_FONTCONFIG_LD = FREETYPE' 'QMAKE_LIBS_FREETYPE = -L//tmp/cirrus-ci-build/depends/x86_64-pc-linux-gnu/lib -lfreetype' 'QMAKE_INCDIR_FREETYPE = //tmp/cirrus-ci-build/depends/x86_64-pc-linux-gnu/include/freetype2' /tmp/cirrus-ci-build/depends/work/build/x86_64-pc-linux-gnu/qt/5.15.3-f2910c50388/config.tests/fontconfig
+ cd /tmp/cirrus-ci-build/depends/work/build/x86_64-pc-linux-gnu/qt/5.15.3-f2910c50388/config.tests/fontconfig && MAKEFLAGS= /usr/bin/gmake
> gmake[1]: Entering directory '/tmp/cirrus-ci-build/depends/work/build/x86_64-pc-linux-gnu/qt/5.15.3-f2910c50388/config.tests/fontconfig'
> clang++-13 -stdlib=libc++ -c -pipe -pipe -std=c++17 -O2 -I/tmp/cirrus-ci-build/depends/x86_64-pc-linux-gnu/include -stdlib=libc++ -O2 -w -fPIC  -I. -I/tmp/cirrus-ci-build/depends/x86_64-pc-linux-gnu/include -I/tmp/cirrus-ci-build/depends/x86_64-pc-linux-gnu/include -I/tmp/cirrus-ci-build/depends/x86_64-pc-linux-gnu/include/freetype2 -I/tmp/cirrus-ci-build/depends/work/build/x86_64-pc-linux-gnu/qt/5.15.3-f2910c50388/qtbase/mkspecs/linux-clang-libc++ -o main.o main.cpp
> clang++-13 -stdlib=libc++ -L/tmp/cirrus-ci-build/depends/x86_64-pc-linux-gnu/lib -ccc-gcc-name g++ -stdlib=libc++ -o fontconfig main.o   -lfontconfig -L//tmp/cirrus-ci-build/depends/x86_64-pc-linux-gnu/lib -lfreetype   
> gmake[1]: Leaving directory '/tmp/cirrus-ci-build/depends/work/build/x86_64-pc-linux-gnu/qt/5.15.3-f2910c50388/config.tests/fontconfig'
 => source accepted.
test config.qtbase_gui.libraries.fontconfig succeeded
Checking for GBM... 
Trying source 0 (type pkgConfig) of library gbm ...
+ PKG_CONFIG_SYSROOT_DIR=/ PKG_CONFIG_LIBDIR=/tmp/cirrus-ci-build/depends/x86_64-pc-linux-gnu/lib/pkgconfig /usr/bin/pkg-config --exists --silence-errors gbm
pkg-config did not find package.
  => source produced no result.
test config.qtbase_gui.libraries.gbm FAILED
Checking for default QPA platform... 
test config.qtbase_gui.tests.qpa_default_platform gave result xcb
Checking for libmd4c... 
Trying source 0 (type pkgConfig) of library libmd4c ...
+ PKG_CONFIG_SYSROOT_DIR=/ PKG_CONFIG_LIBDIR=/tmp/cirrus-ci-build/depends/x86_64-pc-linux-gnu/lib/pkgconfig /usr/bin/pkg-config --exists --silence-errors md4c
pkg-config did not find package.
  => source produced no result.
Trying source 1 (type inline) of library libmd4c ...
md4c.h not found in [] and global paths.
  => source produced no result.
test config.qtbase_gui.libraries.libmd4c FAILED
Checking for XCB XInput... 
Trying source 0 (type pkgConfig) of library xcb_xinput ...
+ PKG_CONFIG_SYSROOT_DIR=/ PKG_CONFIG_LIBDIR=/tmp/cirrus-ci-build/depends/x86_64-pc-linux-gnu/lib/pkgconfig /usr/bin/pkg-config --exists --silence-errors xcb-xinput '>=' 1.12
pkg-config did not find package.
  => source produced no result.
Trying source 1 (type inline) of library xcb_xinput ...
+ cd /tmp/cirrus-ci-build/depends/work/build/x86_64-pc-linux-gnu/qt/5.15.3-f2910c50388/config.tests/xcb_xinput && PKG_CONFIG_SYSROOT_DIR=/ PKG_CONFIG_LIBDIR=/tmp/cirrus-ci-build/depends/x86_64-pc-linux-gnu/lib/pkgconfig /tmp/cirrus-ci-build/depends/work/build/x86_64-pc-linux-gnu/qt/5.15.3-f2910c50388/qtbase/bin/qmake "CONFIG -= qt debug_and_release app_bundle lib_bundle" "CONFIG += static warn_off console single_arch" -early "CONFIG += cross_compile" 'QMAKE_USE += xcb_xinput' 'QMAKE_LIBS_XCB_XINPUT = -lxcb-xinput' 'QMAKE_DEPENDS_XCB_XINPUT_CC = XCB' 'QMAKE_DEPENDS_XCB_XINPUT_LD = XCB' 'QMAKE_LIBS_XCB = -L//tmp/cirrus-ci-build/depends/x86_64-pc-linux-gnu/lib -lxcb' 'QMAKE_INCDIR_XCB = //tmp/cirrus-ci-build/depends/x86_64-pc-linux-gnu/include' /tmp/cirrus-ci-build/depends/work/build/x86_64-pc-linux-gnu/qt/5.15.3-f2910c50388/config.tests/xcb_xinput
+ cd /tmp/cirrus-ci-build/depends/work/build/x86_64-pc-linux-gnu/qt/5.15.3-f2910c50388/config.tests/xcb_xinput && MAKEFLAGS= /usr/bin/gmake
> gmake[1]: Entering directory '/tmp/cirrus-ci-build/depends/work/build/x86_64-pc-linux-gnu/qt/5.15.3-f2910c50388/config.tests/xcb_xinput'
> clang++-13 -stdlib=libc++ -c -pipe -pipe -std=c++17 -O2 -I/tmp/cirrus-ci-build/depends/x86_64-pc-linux-gnu/include -stdlib=libc++ -O2 -w -fPIC  -I. -I/tmp/cirrus-ci-build/depends/x86_64-pc-linux-gnu/include -I/tmp/cirrus-ci-build/depends/work/build/x86_64-pc-linux-gnu/qt/5.15.3-f2910c50388/qtbase/mkspecs/linux-clang-libc++ -o main.o main.cpp
> clang++-13 -stdlib=libc++ -L/tmp/cirrus-ci-build/depends/x86_64-pc-linux-gnu/lib -ccc-gcc-name g++ -stdlib=libc++ -o xcb_xinput main.o   -lxcb-xinput -L//tmp/cirrus-ci-build/depends/x86_64-pc-linux-gnu/lib -lxcb   
> /usr/bin/ld: cannot find -lxcb-xinput: No such file or directory
> clang: error: linker command failed with exit code 1 (use -v to see invocation)
> gmake[1]: *** [Makefile:67: xcb_xinput] Error 1
> gmake[1]: Leaving directory '/tmp/cirrus-ci-build/depends/work/build/x86_64-pc-linux-gnu/qt/5.15.3-f2910c50388/config.tests/xcb_xinput'
 => source failed verification.
test config.qtbase_gui.libraries.xcb_xinput FAILED
Checking for tslib... 
Trying source 0 (type inline) of library tslib ...
tslib.h not found in [] and global paths.
  => source produced no result.
test config.qtbase_gui.libraries.tslib FAILED
Checking for X11 prefix... 
+ PKG_CONFIG_SYSROOT_DIR=/ PKG_CONFIG_LIBDIR=/tmp/cirrus-ci-build/depends/x86_64-pc-linux-gnu/lib/pkgconfig /usr/bin/pkg-config --exists --silence-errors x11
test config.qtbase_gui.tests.x11prefix gave result /usr
Checking for libclang... 
test config.qttools_qdoc.tests.libclang FAILED
Done running configuration tests.

Configure summary:

Building on: linux-g++ (x86_64, CPU features: mmx sse sse2)
Building for: linux-clang-libc++ (x86_64, CPU features: mmx sse sse2)
Target compiler: clang 13.0.1
Configuration: cross_compile sse2 aesni sse3 ssse3 sse4_1 sse4_2 avx avx2 avx512f avx512bw avx512cd avx512dq avx512er avx512ifma avx512pf avx512vbmi avx512vl enable_new_dtags f16c largefile ltcg precompile_header rdrnd rdseed shani silent x86SimdAlways release c++11 c++14 c++17 c++1z dbus reduce_exports static stl
Build options:
  Mode ................................... release
  Optimize release build for size ........ no
  Building shared libraries .............. no
  Using C standard ....................... C11
  Using C++ standard ..................... C++17
  Using ccache ........................... no
  Using new DTAGS ........................ yes
  Relocatable ............................ no
  Using precompiled headers .............. yes
  Using LTCG ............................. yes
  Target compiler supports:
    SSE .................................. SSE2 SSE3 SSSE3 SSE4.1 SSE4.2
    AVX .................................. AVX AVX2
    AVX512 ............................... F ER CD PF DQ BW VL IFMA VBMI
    Other x86 ............................ AES F16C RDRAND SHA
    Intrinsics without -mXXX option ...... yes
  Build parts ............................ libs
Qt modules and options:
  Qt Concurrent .......................... no
  Qt D-Bus ............................... yes
  Qt D-Bus directly linked to libdbus .... no
  Qt Gui ................................. yes
  Qt Network ............................. yes
  Qt Sql ................................. no
  Qt Testlib ............................. yes
  Qt Widgets ............................. yes
  Qt Xml ................................. no
Support enabled for:
  Using pkg-config ....................... yes
  udev ................................... no
  Using system zlib ...................... no
  Zstandard support ...................... no
Qt Core:
  DoubleConversion ....................... yes
    Using system DoubleConversion ........ no
  GLib ................................... no
  iconv .................................. no
  ICU .................................... no
  Built-in copy of the MIME database ..... yes
  Tracing backend ........................ <none>
  Logging backends:
    journald ............................. no
    syslog ............................... no
    slog2 ................................ no
  PCRE2 .................................. yes
    Using system PCRE2 ................... no
Qt Network:
  getifaddrs() ........................... yes
  IPv6 ifname ............................ yes
  libproxy ............................... no
  Linux AF_NETLINK ....................... yes
  OpenSSL ................................ no
    Qt directly linked to OpenSSL ........ no
  OpenSSL 1.1 ............................ no
  DTLS ................................... no
  OCSP-stapling .......................... no
  SCTP ................................... no
  Use system proxies ..................... no
  GSSAPI ................................. no
Qt Gui:
  Accessibility .......................... yes
  FreeType ............................... yes
    Using system FreeType ................ yes
  HarfBuzz ............................... yes
    Using system HarfBuzz ................ no
  Fontconfig ............................. yes
  Image formats:
    GIF .................................. no
    ICO .................................. no
    JPEG ................................. no
      Using system libjpeg ............... no
    PNG .................................. yes
      Using system libpng ................ no
  Text formats:
    HtmlParser ........................... yes
    CssParser ............................ yes
    OdfWriter ............................ no
    MarkdownReader ....................... yes
      Using system libmd4c ............... no
    MarkdownWriter ....................... no
  EGL .................................... no
  OpenVG ................................. no
  OpenGL:
    Desktop OpenGL ....................... no
    OpenGL ES 2.0 ........................ no
    OpenGL ES 3.0 ........................ no
    OpenGL ES 3.1 ........................ no
    OpenGL ES 3.2 ........................ no
  Vulkan ................................. no
  Session Management ..................... no
Features used by QPA backends:
  evdev .................................. no
  libinput ............................... no
  INTEGRITY HID .......................... no
  mtdev .................................. no
  tslib .................................. no
  xkbcommon .............................. yes
  X11 specific:
    XLib ................................. no
    XCB Xlib ............................. no
    EGL on X11 ........................... no
    xkbcommon-x11 ........................ yes
QPA backends:
  DirectFB ............................... no
  EGLFS .................................. no
  LinuxFB ................................ no
  VNC .................................... no
  XCB:
    Using system-provided xcb-xinput ..... no
    Native painting (experimental) ....... no
    GL integrations:
      GLX Plugin ......................... no
      EGL-X11 Plugin ..................... no
Qt Sql:
  SQL item models ........................ no
Qt Widgets:
  GTK+ ................................... no
  Styles ................................. Fusion Windows
Qt PrintSupport:
  CUPS ................................... no
Qt Sql Drivers:
  DB2 (IBM) .............................. no
  InterBase .............................. no
  MySql .................................. no
  OCI (Oracle) ........................... no
  ODBC ................................... no
  PostgreSQL ............................. no
  SQLite2 ................................ no
  SQLite ................................. no
    Using system provided SQLite ......... no
  TDS (Sybase) ........................... no
Qt Testlib:
  Tester for item models ................. yes
Qt Tools:
  Qt Assistant ........................... yes
  Qt Designer ............................ yes
  Qt Distance Field Generator ............ yes
  kmap2qmap .............................. yes
  Qt Linguist ............................ yes
  Mac Deployment Tool .................... no
  makeqpf ................................ yes
  pixeltool .............................. yes
  qdbus .................................. yes
  qev .................................... yes
  Qt Attributions Scanner ................ yes
  qtdiag ................................. yes
  qtpaths ................................ yes
  qtplugininfo ........................... yes
  Windows deployment tool ................ no
  WinRT Runner Tool ...................... no
Qt Tools:
  QDoc ................................... no

Note: Also available for Linux: linux-clang linux-icc

Note: Using static linking will disable the use of dynamically
loaded plugins. Make sure to import all needed static plugins,
or compile needed modules into the library.

Note: Disabling X11 Accessibility Bridge: D-Bus or AT-SPI is missing.

WARNING: QDoc will not be compiled, probably because libclang could not be located. This means that you cannot build the Qt documentation.

Either ensure that llvm-config is in your PATH environment variable, or set LLVM_INSTALL_DIR to the location of your llvm installation.
On Linux systems, you may be able to install libclang by installing the libclang-dev or libclang-devel package, depending on your distribution.
On macOS, you can use Homebrew's llvm package.
On Windows, you must set LLVM_INSTALL_DIR to the installation path.

Qt is now configured for building. Just run 'gmake'.
Once everything is built, you must run 'gmake install'.
Qt will be installed into '/tmp/cirrus-ci-build/depends/x86_64-pc-linux-gnu'.

Prior to reconfiguration, make sure you remove any leftovers from
the previous build.

make[1]: Entering directory '/tmp/cirrus-ci-build/depends/work/build/x86_64-pc-linux-gnu/qt/5.15.3-f2910c50388'
cd qtbase/ && ( test -e Makefile || /tmp/cirrus-ci-build/depends/work/build/x86_64-pc-linux-gnu/qt/5.15.3-f2910c50388/qtbase/bin/qmake -o Makefile /tmp/cirrus-ci-build/depends/work/build/x86_64-pc-linux-gnu/qt/5.15.3-f2910c50388/qtbase/qtbase.pro ) && make -f Makefile 
Info: creating cache file /tmp/cirrus-ci-build/depends/work/build/x86_64-pc-linux-gnu/qt/5.15.3-f2910c50388/qtbase/.qmake.cache
make[2]: Entering directory '/tmp/cirrus-ci-build/depends/work/build/x86_64-pc-linux-gnu/qt/5.15.3-f2910c50388/qtbase'
cd src/ && ( test -e Makefile || /tmp/cirrus-ci-build/depends/work/build/x86_64-pc-linux-gnu/qt/5.15.3-f2910c50388/qtbase/bin/qmake -o Makefile /tmp/cirrus-ci-build/depends/work/build/x86_64-pc-linux-gnu/qt/5.15.3-f2910c50388/qtbase/src/src.pro ) && make -f Makefile 
cd qmake/ && ( test -e Makefile.qmake-aux || /tmp/cirrus-ci-build/depends/work/build/x86_64-pc-linux-gnu/qt/5.15.3-f2910c50388/qtbase/bin/qmake -o Makefile.qmake-aux /tmp/cirrus-ci-build/depends/work/build/x86_64-pc-linux-gnu/qt/5.15.3-f2910c50388/qtbase/qmake/qmake-aux.pro ) && make -f Makefile.qmake-aux 
cd doc/ && ( test -e Makefile || /tmp/cirrus-ci-build/depends/work/build/x86_64-pc-linux-gnu/qt/5.15.3-f2910c50388/qtbase/bin/qmake -o Makefile /tmp/cirrus-ci-build/depends/work/build/x86_64-pc-linux-gnu/qt/5.15.3-f2910c50388/qtbase/doc/doc.pro ) && make -f Makefile 
make[3]: Entering directory '/tmp/cirrus-ci-build/depends/work/build/x86_64-pc-linux-gnu/qt/5.15.3-f2910c50388/qtbase/qmake'
make binary
make[3]: Entering directory '/tmp/cirrus-ci-build/depends/work/build/x86_64-pc-linux-gnu/qt/5.15.3-f2910c50388/qtbase/doc'
make[3]: Nothing to be done for 'first'.
make[3]: Leaving directory '/tmp/cirrus-ci-build/depends/work/build/x86_64-pc-linux-gnu/qt/5.15.3-f2910c50388/qtbase/doc'
make[4]: Entering directory '/tmp/cirrus-ci-build/depends/work/build/x86_64-pc-linux-gnu/qt/5.15.3-f2910c50388/qtbase/qmake'
make[3]: Entering directory '/tmp/cirrus-ci-build/depends/work/build/x86_64-pc-linux-gnu/qt/5.15.3-f2910c50388/qtbase/src'
cd corelib/ && ( test -e Makefile.qtzlib || /tmp/cirrus-ci-build/depends/work/build/x86_64-pc-linux-gnu/qt/5.15.3-f2910c50388/qtbase/bin/qmake -o Makefile.qtzlib /tmp/cirrus-ci-build/depends/work/build/x86_64-pc-linux-gnu/qt/5.15.3-f2910c50388/qtbase/src/corelib/qtzlib.pro ) && make -f Makefile.qtzlib 
cd tools/bootstrap/ && ( test -e Makefile || /tmp/cirrus-ci-build/depends/work/build/x86_64-pc-linux-gnu/qt/5.15.3-f2910c50388/qtbase/bin/qmake -o Makefile /tmp/cirrus-ci-build/depends/work/build/x86_64-pc-linux-gnu/qt/5.15.3-f2910c50388/qtbase/src/tools/bootstrap/bootstrap.pro ) && make -f Makefile 
cd 3rdparty/pcre2/ && ( test -e Makefile || /tmp/cirrus-ci-build/depends/work/build/x86_64-pc-linux-gnu/qt/5.15.3-f2910c50388/qtbase/bin/qmake -o Makefile /tmp/cirrus-ci-build/depends/work/build/x86_64-pc-linux-gnu/qt/5.15.3-f2910c50388/qtbase/src/3rdparty/pcre2/pcre2.pro ) && make -f Makefile 
make[4]: Entering directory '/tmp/cirrus-ci-build/depends/work/build/x86_64-pc-linux-gnu/qt/5.15.3-f2910c50388/qtbase/src/corelib'
make[4]: Nothing to be done for 'first'.
make[4]: Leaving directory '/tmp/cirrus-ci-build/depends/work/build/x86_64-pc-linux-gnu/qt/5.15.3-f2910c50388/qtbase/src/corelib'
make[4]: Entering directory '/tmp/cirrus-ci-build/depends/work/build/x86_64-pc-linux-gnu/qt/5.15.3-f2910c50388/qtbase/src/3rdparty/pcre2'
compiling src/pcre2_auto_possess.c
compiling src/pcre2_chartables.c
compiling src/pcre2_compile.c
compiling src/pcre2_config.c
compiling src/pcre2_context.c
compiling src/pcre2_dfa_match.c
compiling src/pcre2_error.c
compiling src/pcre2_extuni.c
compiling src/pcre2_find_bracket.c
compiling src/pcre2_jit_compile.c
compiling src/pcre2_maketables.c
compiling src/pcre2_match.c
compiling src/pcre2_match_data.c
compiling src/pcre2_newline.c
compiling src/pcre2_ord2utf.c
compiling src/pcre2_pattern_info.c
compiling src/pcre2_script_run.c
compiling src/pcre2_serialize.c
compiling src/pcre2_string_utils.c
compiling src/pcre2_study.c
compiling src/pcre2_substitute.c
compiling src/pcre2_substring.c
compiling src/pcre2_tables.c
compiling src/pcre2_ucd.c
compiling src/pcre2_valid_utf.c
compiling src/pcre2_xclass.c
make[4]: Entering directory '/tmp/cirrus-ci-build/depends/work/build/x86_64-pc-linux-gnu/qt/5.15.3-f2910c50388/qtbase/src/tools/bootstrap'
compiling ../../corelib/codecs/qlatincodec.cpp
compiling ../../corelib/codecs/qtextcodec.cpp
compiling ../../corelib/codecs/qutfcodec.cpp
compiling ../../corelib/global/qendian.cpp
compiling ../../corelib/global/qglobal.cpp
compiling ../../corelib/global/qlogging.cpp
compiling ../../corelib/global/qmalloc.cpp
compiling ../../corelib/global/qnumeric.cpp
compiling ../../corelib/global/qoperatingsystemversion.cpp
compiling ../../corelib/global/qrandom.cpp
compiling ../../corelib/io/qabstractfileengine.cpp
compiling ../../corelib/io/qbuffer.cpp
compiling ../../corelib/io/qdebug.cpp
compiling ../../corelib/io/qdir.cpp
compiling ../../corelib/io/qdiriterator.cpp
compiling ../../corelib/io/qfile.cpp
make[4]: Leaving directory '/tmp/cirrus-ci-build/depends/work/build/x86_64-pc-linux-gnu/qt/5.15.3-f2910c50388/qtbase/qmake'
make[3]: Leaving directory '/tmp/cirrus-ci-build/depends/work/build/x86_64-pc-linux-gnu/qt/5.15.3-f2910c50388/qtbase/qmake'
compiling ../../corelib/io/qfileinfo.cpp
compiling ../../corelib/io/qfilesystementry.cpp
compiling ../../corelib/io/qfilesystemengine.cpp
compiling ../../corelib/io/qfsfileengine.cpp
compiling ../../corelib/io/qfsfileengine_iterator.cpp
compiling ../../corelib/io/qiodevice.cpp
compiling ../../corelib/io/qipaddress.cpp
compiling ../../corelib/io/qfiledevice.cpp
compiling ../../corelib/io/qresource.cpp
compiling ../../corelib/io/qtemporarydir.cpp
compiling ../../corelib/io/qtemporaryfile.cpp
compiling ../../corelib/io/qsavefile.cpp
compiling ../../corelib/io/qstandardpaths.cpp
compiling ../../corelib/io/qloggingcategory.cpp
compiling ../../corelib/io/qloggingregistry.cpp
compiling ../../corelib/io/qurl.cpp
compiling ../../corelib/io/qurlidna.cpp
compiling ../../corelib/io/qurlquery.cpp
compiling ../../corelib/io/qurlrecode.cpp
compiling ../../corelib/kernel/qcoreapplication.cpp
compiling ../../corelib/kernel/qcoreglobaldata.cpp
compiling ../../corelib/kernel/qmetatype.cpp
compiling ../../corelib/kernel/qvariant.cpp
compiling ../../corelib/kernel/qsystemerror.cpp
compiling ../../corelib/kernel/qsharedmemory.cpp
compiling ../../corelib/kernel/qsystemsemaphore.cpp
compiling ../../corelib/plugin/quuid.cpp
compiling ../../corelib/serialization/qcborcommon.cpp
compiling ../../corelib/serialization/qcborstreamwriter.cpp
rm -f ../../../lib/libqtpcre2.a
llvm-ar cqs ../../../lib/libqtpcre2.a .obj/pcre2_auto_possess.o .obj/pcre2_chartables.o .obj/pcre2_compile.o .obj/pcre2_config.o .obj/pcre2_context.o .obj/pcre2_dfa_match.o .obj/pcre2_error.o .obj/pcre2_extuni.o .obj/pcre2_find_bracket.o .obj/pcre2_jit_compile.o .obj/pcre2_maketables.o .obj/pcre2_match.o .obj/pcre2_match_data.o .obj/pcre2_newline.o .obj/pcre2_ord2utf.o .obj/pcre2_pattern_info.o .obj/pcre2_script_run.o .obj/pcre2_serialize.o .obj/pcre2_string_utils.o .obj/pcre2_study.o .obj/pcre2_substitute.o .obj/pcre2_substring.o .obj/pcre2_tables.o .obj/pcre2_ucd.o .obj/pcre2_valid_utf.o .obj/pcre2_xclass.o
make[4]: llvm-ar: No such file or directory
make[4]: *** [Makefile:191: ../../../lib/libqtpcre2.a] Error 127
make[4]: Leaving directory '/tmp/cirrus-ci-build/depends/work/build/x86_64-pc-linux-gnu/qt/5.15.3-f2910c50388/qtbase/src/3rdparty/pcre2'
make[3]: *** [Makefile:194: sub-3rdparty-pcre2-make_first] Error 2
make[3]: *** Waiting for unfinished jobs....
compiling ../../corelib/serialization/qcborvalue.cpp
compiling ../../corelib/serialization/qdatastream.cpp
compiling ../../corelib/serialization/qjsoncbor.cpp
compiling ../../corelib/serialization/qjsondocument.cpp
compiling ../../corelib/serialization/qjsonobject.cpp
compiling ../../corelib/serialization/qjsonarray.cpp
compiling ../../corelib/serialization/qjsonvalue.cpp
compiling ../../corelib/serialization/qjsonparser.cpp
compiling ../../corelib/serialization/qjsonwriter.cpp
compiling ../../corelib/serialization/qtextstream.cpp
compiling ../../corelib/serialization/qxmlutils.cpp
compiling ../../corelib/serialization/qxmlstream.cpp
compiling ../../corelib/text/qbytearray.cpp
compiling ../../corelib/text/qbytearraylist.cpp
compiling ../../corelib/text/qbytearraymatcher.cpp
compiling ../../corelib/text/qlocale.cpp
compiling ../../corelib/text/qlocale_tools.cpp
compiling ../../corelib/text/qregexp.cpp
compiling ../../corelib/text/qstring.cpp
compiling ../../corelib/text/qstringbuilder.cpp
compiling ../../corelib/text/qstring_compat.cpp
compiling ../../corelib/text/qstringlist.cpp
compiling ../../corelib/text/qstringview.cpp
compiling ../../corelib/text/qvsnprintf.cpp
compiling ../../corelib/time/qcalendar.cpp
compiling ../../corelib/time/qdatetime.cpp
compiling ../../corelib/time/qgregoriancalendar.cpp
compiling ../../corelib/time/qromancalendar.cpp
compiling ../../corelib/tools/qarraydata.cpp
compiling ../../corelib/tools/qbitarray.cpp
compiling ../../corelib/tools/qcommandlineparser.cpp
compiling ../../corelib/tools/qcommandlineoption.cpp
compiling ../../corelib/tools/qcryptographichash.cpp
compiling ../../corelib/tools/qhash.cpp
compiling ../../corelib/tools/qlist.cpp
compiling ../../corelib/tools/qmap.cpp
compiling ../../corelib/tools/qringbuffer.cpp
compiling ../../corelib/tools/qpoint.cpp
compiling ../../corelib/tools/qrect.cpp
compiling ../../corelib/tools/qsize.cpp
compiling ../../corelib/tools/qline.cpp
compiling ../../corelib/tools/qversionnumber.cpp
compiling ../../xml/dom/qdom.cpp
compiling ../../xml/sax/qxml.cpp
compiling ../../corelib/kernel/qcore_unix.cpp
compiling ../../corelib/kernel/qsharedmemory_posix.cpp
compiling ../../corelib/kernel/qsharedmemory_systemv.cpp
compiling ../../corelib/kernel/qsharedmemory_unix.cpp
compiling ../../corelib/kernel/qsystemsemaphore_posix.cpp
compiling ../../corelib/kernel/qsystemsemaphore_systemv.cpp
compiling ../../corelib/kernel/qsystemsemaphore_unix.cpp
compiling ../../corelib/io/qfilesystemengine_unix.cpp
compiling ../../corelib/io/qfilesystemiterator_unix.cpp
compiling ../../corelib/io/qfsfileengine_unix.cpp
compiling ../../corelib/io/qstandardpaths_unix.cpp
compiling ../../3rdparty/zlib/src/adler32.c
compiling ../../3rdparty/zlib/src/compress.c
compiling ../../3rdparty/zlib/src/crc32.c
compiling ../../3rdparty/zlib/src/deflate.c
compiling ../../3rdparty/zlib/src/gzclose.c
compiling ../../3rdparty/zlib/src/gzlib.c
compiling ../../3rdparty/zlib/src/gzread.c
compiling ../../3rdparty/zlib/src/gzwrite.c
compiling ../../3rdparty/zlib/src/infback.c
compiling ../../3rdparty/zlib/src/inffast.c
compiling ../../3rdparty/zlib/src/inflate.c
compiling ../../3rdparty/zlib/src/inftrees.c
compiling ../../3rdparty/zlib/src/trees.c
../../3rdparty/zlib/src/infback.c: In function z_inflateBack:
../../3rdparty/zlib/src/infback.c:479:25: warning: this statement may fall through [-Wimplicit-fallthrough=]
  479 |             state->mode = LEN;
      |             ~~~~~~~~~~~~^~~~~
../../3rdparty/zlib/src/infback.c:481:9: note: here
  481 |         case LEN:
      |         ^~~~
compiling ../../3rdparty/zlib/src/uncompr.c
compiling ../../3rdparty/zlib/src/zutil.c
../../3rdparty/zlib/src/inflate.c: In function z_inflate:
../../3rdparty/zlib/src/inflate.c:742:25: warning: this statement may fall through [-Wimplicit-fallthrough=]
  742 |             state->mode = EXLEN;
      |             ~~~~~~~~~~~~^~~~~~~
../../3rdparty/zlib/src/inflate.c:743:9: note: here
  743 |         case EXLEN:
      |         ^~~~
../../3rdparty/zlib/src/inflate.c:755:25: warning: this statement may fall through [-Wimplicit-fallthrough=]
  755 |             state->mode = EXTRA;
      |             ~~~~~~~~~~~~^~~~~~~
../../3rdparty/zlib/src/inflate.c:756:9: note: here
  756 |         case EXTRA:
      |         ^~~~
../../3rdparty/zlib/src/inflate.c:777:25: warning: this statement may fall through [-Wimplicit-fallthrough=]
  777 |             state->mode = NAME;
      |             ~~~~~~~~~~~~^~~~~~
../../3rdparty/zlib/src/inflate.c:778:9: note: here
  778 |         case NAME:
      |         ^~~~
../../3rdparty/zlib/src/inflate.c:798:25: warning: this statement may fall through [-Wimplicit-fallthrough=]
  798 |             state->mode = COMMENT;
      |             ~~~~~~~~~~~~^~~~~~~~~
../../3rdparty/zlib/src/inflate.c:799:9: note: here
  799 |         case COMMENT:
      |         ^~~~
../../3rdparty/zlib/src/inflate.c:818:25: warning: this statement may fall through [-Wimplicit-fallthrough=]
  818 |             state->mode = HCRC;
      |             ~~~~~~~~~~~~^~~~~~
../../3rdparty/zlib/src/inflate.c:819:9: note: here
  819 |         case HCRC:
      |         ^~~~
../../3rdparty/zlib/src/inflate.c:841:25: warning: this statement may fall through [-Wimplicit-fallthrough=]
  841 |             state->mode = DICT;
      |             ~~~~~~~~~~~~^~~~~~
../../3rdparty/zlib/src/inflate.c:842:9: note: here
  842 |         case DICT:
      |         ^~~~
../../3rdparty/zlib/src/inflate.c:848:25: warning: this statement may fall through [-Wimplicit-fallthrough=]
  848 |             state->mode = TYPE;
      |             ~~~~~~~~~~~~^~~~~~
../../3rdparty/zlib/src/inflate.c:849:9: note: here
  849 |         case TYPE:
      |         ^~~~
../../3rdparty/zlib/src/inflate.c:850:16: warning: this statement may fall through [-Wimplicit-fallthrough=]
  850 |             if (flush == Z_BLOCK || flush == Z_TREES) goto inf_leave;
      |                ^
../../3rdparty/zlib/src/inflate.c:851:9: note: here
  851 |         case TYPEDO:
      |         ^~~~
../../3rdparty/zlib/src/inflate.c:900:16: warning: this statement may fall through [-Wimplicit-fallthrough=]
  900 |             if (flush == Z_TREES) goto inf_leave;
      |                ^
../../3rdparty/zlib/src/inflate.c:901:9: note: here
  901 |         case COPY_:
      |         ^~~~
../../3rdparty/zlib/src/inflate.c:902:25: warning: this statement may fall through [-Wimplicit-fallthrough=]
  902 |             state->mode = COPY;
      |             ~~~~~~~~~~~~^~~~~~
../../3rdparty/zlib/src/inflate.c:903:9: note: here
  903 |         case COPY:
      |         ^~~~
../../3rdparty/zlib/src/inflate.c:1041:16: warning: this statement may fall through [-Wimplicit-fallthrough=]
 1041 |             if (flush == Z_TREES) goto inf_leave;
      |                ^
../../3rdparty/zlib/src/inflate.c:1042:9: note: here
 1042 |         case LEN_:
      |         ^~~~
../../3rdparty/zlib/src/inflate.c:1043:25: warning: this statement may fall through [-Wimplicit-fallthrough=]
 1043 |             state->mode = LEN;
      |             ~~~~~~~~~~~~^~~~~
../../3rdparty/zlib/src/inflate.c:1044:9: note: here
 1044 |         case LEN:
      |         ^~~~
../../3rdparty/zlib/src/inflate.c:1092:25: warning: this statement may fall through [-Wimplicit-fallthrough=]
 1092 |             state->mode = LENEXT;
      |             ~~~~~~~~~~~~^~~~~~~~
../../3rdparty/zlib/src/inflate.c:1093:9: note: here
 1093 |         case LENEXT:
      |         ^~~~
../../3rdparty/zlib/src/inflate.c:1102:25: warning: this statement may fall through [-Wimplicit-fallthrough=]
 1102 |             state->mode = DIST;
      |             ~~~~~~~~~~~~^~~~~~
../../3rdparty/zlib/src/inflate.c:1103:9: note: here
 1103 |         case DIST:
      |         ^~~~
../../3rdparty/zlib/src/inflate.c:1129:25: warning: this statement may fall through [-Wimplicit-fallthrough=]
 1129 |             state->mode = DISTEXT;
      |             ~~~~~~~~~~~~^~~~~~~~~
../../3rdparty/zlib/src/inflate.c:1130:9: note: here
 1130 |         case DISTEXT:
      |         ^~~~
../../3rdparty/zlib/src/inflate.c:1145:25: warning: this statement may fall through [-Wimplicit-fallthrough=]
 1145 |             state->mode = MATCH;
      |             ~~~~~~~~~~~~^~~~~~~
../../3rdparty/zlib/src/inflate.c:1146:9: note: here
 1146 |         case MATCH:
      |         ^~~~
../../3rdparty/zlib/src/inflate.c:1220:25: warning: this statement may fall through [-Wimplicit-fallthrough=]
 1220 |             state->mode = LENGTH;
      |             ~~~~~~~~~~~~^~~~~~~~
../../3rdparty/zlib/src/inflate.c:1221:9: note: here
 1221 |         case LENGTH:
      |         ^~~~
../../3rdparty/zlib/src/inflate.c:1233:25: warning: this statement may fall through [-Wimplicit-fallthrough=]
 1233 |             state->mode = DONE;
      |             ~~~~~~~~~~~~^~~~~~
../../3rdparty/zlib/src/inflate.c:1234:9: note: here
 1234 |         case DONE:
      |         ^~~~
rm -f ../../../lib/libQt5Bootstrap.a
gcc-ar cqs ../../../lib/libQt5Bootstrap.a .obj/qlatincodec.o .obj/qtextcodec.o .obj/qutfcodec.o .obj/qendian.o .obj/qglobal.o .obj/qlogging.o .obj/qmalloc.o .obj/qnumeric.o .obj/qoperatingsystemversion.o .obj/qrandom.o .obj/qabstractfileengine.o .obj/qbuffer.o .obj/qdebug.o .obj/qdir.o .obj/qdiriterator.o .obj/qfile.o .obj/qfileinfo.o .obj/qfilesystementry.o .obj/qfilesystemengine.o .obj/qfsfileengine.o .obj/qfsfileengine_iterator.o .obj/qiodevice.o .obj/qipaddress.o .obj/qfiledevice.o .obj/qresource.o .obj/qtemporarydir.o .obj/qtemporaryfile.o .obj/qsavefile.o .obj/qstandardpaths.o .obj/qloggingcategory.o .obj/qloggingregistry.o .obj/qurl.o .obj/qurlidna.o .obj/qurlquery.o .obj/qurlrecode.o .obj/qcoreapplication.o .obj/qcoreglobaldata.o .obj/qmetatype.o .obj/qvariant.o .obj/qsystemerror.o .obj/qsharedmemory.o .obj/qsystemsemaphore.o .obj/quuid.o .obj/qcborcommon.o .obj/qcborstreamwriter.o .obj/qcborvalue.o .obj/qdatastream.o .obj/qjsoncbor.o .obj/qjsondocument.o .obj/qjsonobject.o .obj/qjsonarray.o .obj/qjsonvalue.o .obj/qjsonparser.o .obj/qjsonwriter.o .obj/qtextstream.o .obj/qxmlutils.o .obj/qxmlstream.o .obj/qbytearray.o .obj/qbytearraylist.o .obj/qbytearraymatcher.o .obj/qlocale.o .obj/qlocale_tools.o .obj/qregexp.o .obj/qstring.o .obj/qstringbuilder.o .obj/qstring_compat.o .obj/qstringlist.o .obj/qstringview.o .obj/qvsnprintf.o .obj/qcalendar.o .obj/qdatetime.o .obj/qgregoriancalendar.o .obj/qromancalendar.o .obj/qarraydata.o .obj/qbitarray.o .obj/qcommandlineparser.o .obj/qcommandlineoption.o .obj/qcryptographichash.o .obj/qhash.o .obj/qlist.o .obj/qmap.o .obj/qringbuffer.o .obj/qpoint.o .obj/qrect.o .obj/qsize.o .obj/qline.o .obj/qversionnumber.o .obj/qdom.o .obj/qxml.o .obj/qcore_unix.o .obj/qsharedmemory_posix.o .obj/qsharedmemory_systemv.o .obj/qsharedmemory_unix.o .obj/qsystemsemaphore_posix.o .obj/qsystemsemaphore_systemv.o .obj/qsystemsemaphore_unix.o .obj/qfilesystemengine_unix.o .obj/qfilesystemiterator_unix.o .obj/qfsfileengine_unix.o .obj/qstandardpaths_unix.o .obj/adler32.o .obj/compress.o .obj/crc32.o .obj/deflate.o .obj/gzclose.o .obj/gzlib.o .obj/gzread.o .obj/gzwrite.o .obj/infback.o .obj/inffast.o .obj/inflate.o .obj/inftrees.o .obj/trees.o .obj/uncompr.o .obj/zutil.o
make[4]: Leaving directory '/tmp/cirrus-ci-build/depends/work/build/x86_64-pc-linux-gnu/qt/5.15.3-f2910c50388/qtbase/src/tools/bootstrap'
make[3]: Leaving directory '/tmp/cirrus-ci-build/depends/work/build/x86_64-pc-linux-gnu/qt/5.15.3-f2910c50388/qtbase/src'
make[2]: *** [Makefile:51: sub-src-make_first] Error 2
make[2]: Leaving directory '/tmp/cirrus-ci-build/depends/work/build/x86_64-pc-linux-gnu/qt/5.15.3-f2910c50388/qtbase'
make[1]: *** [Makefile:49: sub-qtbase-make_first] Error 2
make[1]: Leaving directory '/tmp/cirrus-ci-build/depends/work/build/x86_64-pc-linux-gnu/qt/5.15.3-f2910c50388'
make: *** [funcs.mk:288: /tmp/cirrus-ci-build/depends/work/build/x86_64-pc-linux-gnu/qt/5.15.3-f2910c50388/./.stamp_built] Error 1
make: Leaving directory '/tmp/cirrus-ci-build/depends'

Exit status: 2        