./ci/test_run_all.sh
Setting specific values in env
Fallback to default values in env (if not yet set)
CCACHE_TEMPDIR=/tmp/.ccache-temp
BASE_OUTDIR=/tmp/cirrus-ci-build/ci/scratch/out/x86_64-pc-linux-gnu
TSAN_OPTIONS=suppressions=/tmp/cirrus-ci-build/test/sanitizer_suppressions/tsan:halt_on_error=1:log_path=/tmp/cirrus-ci-build/ci/scratch/sanitizer-output/tsan
CCACHE_SIZE=200M
CCACHE_DIR=/tmp/ccache_dir
BASE_BUILD_DIR=/tmp/cirrus-ci-build/ci/scratch/build
BASE_ROOT_DIR=/tmp/cirrus-ci-build
CCACHE_COMPRESS=1
ASAN_OPTIONS=detect_stack_use_after_return=1:check_initialization_order=1:strict_init_order=1
LSAN_OPTIONS=suppressions=/tmp/cirrus-ci-build/test/sanitizer_suppressions/lsan
BOOST_TEST_RANDOM=1
BITCOIN_CONFIG=-DWITH_USDT=ON -DWITH_ZMQ=ON -DWITH_GUI=Qt5 -DCMAKE_CXX_FLAGS='-DARENA_DEBUG -DDEBUG_LOCKORDER' -DSANITIZERS=address,integer,undefined -DCMAKE_C_COMPILER=clang -DCMAKE_CXX_COMPILER=clang++
UBSAN_OPTIONS=suppressions=/tmp/cirrus-ci-build/test/sanitizer_suppressions/ubsan:print_stacktrace=1:halt_on_error=1:report_error_type=1
BASE_SCRATCH_DIR=/tmp/cirrus-ci-build/ci/scratch
CCACHE_NOHASHDIR=1
LC_ALL=C.UTF-8
PREVIOUS_RELEASES_DIR=/tmp/cirrus-ci-build/releases/x86_64-pc-linux-gnu
DEBIAN_FRONTEND=noninteractive
Running on host system without docker wrapper
Hit:1 http://us-central1.gce.archive.ubuntu.com/ubuntu jammy InRelease
Hit:2 http://us-central1.gce.archive.ubuntu.com/ubuntu jammy-updates InRelease
Hit:3 http://us-central1.gce.archive.ubuntu.com/ubuntu jammy-backports InRelease
Hit:4 http://security.ubuntu.com/ubuntu jammy-security InRelease
Get:5 https://ppa.launchpadcontent.net/hadret/bpfcc/ubuntu jammy InRelease [18.0 kB]
Get:6 https://ppa.launchpadcontent.net/hadret/bpfcc/ubuntu jammy/main amd64 Packages [1352 B]
Get:7 https://ppa.launchpadcontent.net/hadret/bpfcc/ubuntu jammy/main Translation-en [752 B]
Fetched 20.1 kB in 2s (11.6 kB/s)
Reading package lists...
Repository: 'deb https://ppa.launchpadcontent.net/hadret/bpfcc/ubuntu/ jammy main'
Description:
Port of latest version of bpfcc-tools to Ubuntu 18.04+.
More info: https://launchpad.net/~hadret/+archive/ubuntu/bpfcc
Adding repository.
Adding deb entry to /etc/apt/sources.list.d/hadret-ubuntu-bpfcc-jammy.list
Adding disabled deb-src entry to /etc/apt/sources.list.d/hadret-ubuntu-bpfcc-jammy.list
Adding key to /etc/apt/trusted.gpg.d/hadret-ubuntu-bpfcc.gpg with fingerprint 653E787EDDE4B371F4355E0CFABAB50747FE03C1
Hit:1 http://us-central1.gce.archive.ubuntu.com/ubuntu jammy InRelease
Hit:2 http://us-central1.gce.archive.ubuntu.com/ubuntu jammy-updates InRelease
Hit:3 http://us-central1.gce.archive.ubuntu.com/ubuntu jammy-backports InRelease
Hit:4 http://security.ubuntu.com/ubuntu jammy-security InRelease
Hit:5 https://ppa.launchpadcontent.net/hadret/bpfcc/ubuntu jammy InRelease
Reading package lists...
Reading package lists...
Building dependency tree...
Reading state information...
Skipping ca-certificates, it is already installed and upgrade is not set.
ca-certificates set to manually installed.
Skipping procps, it is already installed and upgrade is not set.
procps set to manually installed.
Skipping curl, it is already installed and upgrade is not set.
curl set to manually installed.
Skipping git, it is already installed and upgrade is not set.
Skipping python3, it is already installed and upgrade is not set.
python3 set to manually installed.
Skipping rsync, it is already installed and upgrade is not set.
rsync set to manually installed.
The following packages were automatically installed and are no longer required:
  libatasmart4 libblockdev-fs2 libblockdev-loop2 libblockdev-part-err2
  libblockdev-part2 libblockdev-swap2 libblockdev-utils2 libblockdev2
  libmbim-glib4 libmbim-proxy libmm-glib0 libnspr4 libnss3 libnuma1
  libparted-fs-resize0 libqmi-glib5 libqmi-proxy libtcl8.6 libudisks2-0 tcl
  tcl8.6 usb-modeswitch usb-modeswitch-data
Use 'apt autoremove' to remove them.
The following additional packages will be installed:
  autoconf bzip2 clang-14 cmake-data comerr-dev cpp cpp-11 dh-elpa-helper
  dpkg-dev emacsen-common fontconfig fontconfig-config fonts-dejavu-core g++
  g++-11 gcc gcc-11 gcc-11-base icu-devtools ieee-data krb5-multidev
  lib32gcc-s1 lib32stdc++6 libarchive13 libasan6 libatomic1 libavahi-client3
  libavahi-common-data libavahi-common3 libboost1.74-dev libbpfcc libbsd-dev
  libc-dev-bin libc6-dev libc6-i386 libcc1-0 libclang-common-14-dev
  libclang-cpp12 libclang-cpp14 libclang1-14 libcrypt-dev libcups2 libdb5.3++
  libdb5.3-dev libdouble-conversion3 libdpkg-perl libdrm-amdgpu1
  libdrm-nouveau2 libdrm-radeon1 libegl-dev libegl-mesa0 libegl1 libevdev2
  libevent-2.1-7 libevent-extra-2.1-7 libevent-openssl-2.1-7
  libevent-pthreads-2.1-7 libfontconfig1 libgbm1 libgc1 libgcc-11-dev
  libgl-dev libgl1 libgl1-mesa-dri libglapi-mesa libglu1-mesa libglu1-mesa-dev
  libglvnd0 libglx-dev libglx-mesa0 libglx0 libgomp1 libgraphite2-3 libgssrpc4
  libgstreamer-plugins-base1.0-0 libgudev-1.0-0 libharfbuzz0b libhiredis0.14
  libhyphen0 libice6 libicu-dev libinput-bin libinput10 libisl23 libitm1
  libjpeg-turbo8 libjpeg8 libjsoncpp25 libkadm5clnt-mit12 libkadm5srv-mit12
  libkdb5-10 libkrb5-dev libllvm12 libllvm13 libllvm14 liblsan0 libmd-dev
  libmd4c0 libminiupnpc17 libmpc3 libmtdev1 libnatpmp1 libnorm-dev libnorm1
  libnsl-dev libobjc-11-dev libobjc4 libopengl0 liborc-0.4-0 libpcre2-16-0
  libpfm4 libpgm-5.3-0 libpgm-dev libpthread-stubs0-dev libqrencode4
  libqt5concurrent5 libqt5core5a libqt5dbus5 libqt5designer5
  libqt5designercomponents5 libqt5gui5 libqt5help5 libqt5network5
  libqt5positioning5 libqt5printsupport5 libqt5qml5 libqt5qmlmodels5
  libqt5quick5 libqt5quickwidgets5 libqt5sensors5 libqt5sql5 libqt5sql5-sqlite
  libqt5test5 libqt5webchannel5 libqt5webkit5 libqt5widgets5 libqt5xml5
  libquadmath0 librhash0 libsensors-config libsensors5 libsm6 libsodium-dev
  libstdc++-11-dev libtirpc-dev libtsan0 libubsan1 libvulkan-dev libvulkan1
  libwacom-common libwacom9 libwayland-client0 libwayland-server0 libwebp7
  libwoff1 libx11-dev libx11-xcb1 libxau-dev libxcb-dri2-0 libxcb-dri3-0
  libxcb-glx0 libxcb-icccm4 libxcb-image0 libxcb-keysyms1 libxcb-present0
  libxcb-randr0 libxcb-render-util0 libxcb-render0 libxcb-shape0 libxcb-shm0
  libxcb-sync1 libxcb-util1 libxcb-xfixes0 libxcb-xinerama0 libxcb-xinput0
  libxcb-xkb1 libxcb1-dev libxdmcp-dev libxext-dev libxfixes3
  libxkbcommon-x11-0 libxkbcommon0 libxml2-dev libxrender1 libxshmfence1
  libxxf86vm1 libzmq5 linux-libc-dev llvm-14 llvm-14-linker-tools
  llvm-14-runtime llvm-runtime lto-disabled-list m4 make ncal python3-bpfcc
  python3-netaddr python3-py qdoc-qt5 qhelpgenerator-qt5 qt5-assistant
  qt5-qmake qt5-qmake-bin qtattributionsscanner-qt5 qtbase5-dev-tools
  qtchooser rpcsvc-proto x11-common x11proto-dev xorg-sgml-doctools xtrans-dev
Suggested packages:
  autoconf-archive gnu-standards autoconf-doc gettext bison-doc calendar whois
  vacation mailutils bzip2-doc distcc | icecc clang-14-doc cmake-doc
  ninja-build cmake-format doc-base cpp-doc gcc-11-locales debian-keyring
  g++-multilib g++-11-multilib gcc-11-doc gcc-multilib manpages-dev flex gdb
  gcc-doc gcc-11-multilib krb5-doc lrzip libboost-doc libboost1.74-doc
  libboost-atomic1.74-dev libboost-chrono1.74-dev libboost-container1.74-dev
  libboost-context1.74-dev libboost-contract1.74-dev
  libboost-coroutine1.74-dev libboost-date-time1.74-dev
  libboost-exception1.74-dev libboost-fiber1.74-dev
  libboost-filesystem1.74-dev libboost-graph1.74-dev
  libboost-graph-parallel1.74-dev libboost-iostreams1.74-dev
  libboost-locale1.74-dev libboost-log1.74-dev libboost-math1.74-dev
  libboost-mpi1.74-dev libboost-mpi-python1.74-dev libboost-numpy1.74-dev
  libboost-program-options1.74-dev libboost-python1.74-dev
  libboost-random1.74-dev libboost-regex1.74-dev
  libboost-serialization1.74-dev libboost-stacktrace1.74-dev
  libboost-system1.74-dev libboost-test1.74-dev libboost-thread1.74-dev
  libboost-timer1.74-dev libboost-type-erasure1.74-dev libboost-wave1.74-dev
  libboost1.74-tools-dev libmpfrc++-dev libntl-dev libboost-nowide1.74-dev
  glibc-doc cups-common db5.3-doc bzr krb5-user libvisual-0.4-plugins icu-doc
  minissdpd natpmpc libnorm-doc libthai0 qt5-image-formats-plugins qtwayland5
  qt5-qmltooling-plugins lm-sensors sqlite3-doc libstdc++-11-doc libtool-doc
  gfortran | fortran95-compiler gcj-jdk libx11-doc libxcb-doc libxext-doc
  llvm-14-doc m4-doc make-doc ipython3 python-netaddr-docs subversion
  python3-pytest qt5-doc default-libmysqlclient-dev firebird-dev libpq-dev
  unixodbc-dev
Recommended packages:
  llvm-14-dev fakeroot libalgorithm-merge-perl manpages-dev libc-devtools
  libfile-fcntllock-perl libgl1-amber-dri gstreamer1.0-plugins-base
  qttranslations5-l10n libqt5svg5 qt5-gtk-platformtheme geoclue-2.0
  libltdl-dev mesa-vulkan-drivers | vulkan-icd libwacom-bin binfmt-support
  libqt5opengl5-dev
The following NEW packages will be installed:
  autoconf automake autotools-dev bison bpfcc-tools bsdmainutils
  build-essential bzip2 ccache clang clang-14 cmake cmake-data comerr-dev cpp
  cpp-11 dh-elpa-helper dpkg-dev emacsen-common fontconfig fontconfig-config
  fonts-dejavu-core g++ g++-11 gcc gcc-11 gcc-11-base icu-devtools ieee-data
  krb5-multidev lib32gcc-s1 lib32stdc++6 libarchive13 libasan6 libatomic1
  libavahi-client3 libavahi-common-data libavahi-common3 libboost-dev
  libboost1.74-dev libbpfcc libbsd-dev libc-dev-bin libc6-dev libc6-i386
  libcc1-0 libclang-common-14-dev libclang-cpp12 libclang-cpp14 libclang1-14
  libcrypt-dev libcups2 libdb5.3++ libdb5.3++-dev libdb5.3-dev
  libdouble-conversion3 libdpkg-perl libdrm-amdgpu1 libdrm-nouveau2
  libdrm-radeon1 libegl-dev libegl-mesa0 libegl1 libevdev2 libevent-2.1-7
  libevent-dev libevent-extra-2.1-7 libevent-openssl-2.1-7
  libevent-pthreads-2.1-7 libfontconfig1 libgbm1 libgc1 libgcc-11-dev
  libgl-dev libgl1 libgl1-mesa-dri libglapi-mesa libglu1-mesa libglu1-mesa-dev
  libglvnd0 libglx-dev libglx-mesa0 libglx0 libgomp1 libgraphite2-3 libgssrpc4
  libgstreamer-plugins-base1.0-0 libgudev-1.0-0 libharfbuzz0b libhiredis0.14
  libhyphen0 libice6 libicu-dev libinput-bin libinput10 libisl23 libitm1
  libjpeg-turbo8 libjpeg8 libjsoncpp25 libkadm5clnt-mit12 libkadm5srv-mit12
  libkdb5-10 libkrb5-dev libllvm12 libllvm13 libllvm14 liblsan0 libmd-dev
  libmd4c0 libminiupnpc-dev libminiupnpc17 libmpc3 libmtdev1 libnatpmp-dev
  libnatpmp1 libnorm-dev libnorm1 libnsl-dev libobjc-11-dev libobjc4
  libopengl0 liborc-0.4-0 libpcre2-16-0 libpfm4 libpgm-5.3-0 libpgm-dev
  libpthread-stubs0-dev libqrencode-dev libqrencode4 libqt5concurrent5
  libqt5core5a libqt5dbus5 libqt5designer5 libqt5designercomponents5
  libqt5gui5 libqt5help5 libqt5network5 libqt5positioning5 libqt5printsupport5
  libqt5qml5 libqt5qmlmodels5 libqt5quick5 libqt5quickwidgets5 libqt5sensors5
  libqt5sql5 libqt5sql5-sqlite libqt5test5 libqt5webchannel5 libqt5webkit5
  libqt5widgets5 libqt5xml5 libquadmath0 librhash0 libsensors-config
  libsensors5 libsm6 libsodium-dev libsqlite3-dev libstdc++-11-dev
  libtirpc-dev libtool libtsan0 libubsan1 libvulkan-dev libvulkan1
  libwacom-common libwacom9 libwayland-client0 libwayland-server0 libwebp7
  libwoff1 libx11-dev libx11-xcb1 libxau-dev libxcb-dri2-0 libxcb-dri3-0
  libxcb-glx0 libxcb-icccm4 libxcb-image0 libxcb-keysyms1 libxcb-present0
  libxcb-randr0 libxcb-render-util0 libxcb-render0 libxcb-shape0 libxcb-shm0
  libxcb-sync1 libxcb-util1 libxcb-xfixes0 libxcb-xinerama0 libxcb-xinput0
  libxcb-xkb1 libxcb1-dev libxdmcp-dev libxext-dev libxfixes3
  libxkbcommon-x11-0 libxkbcommon0 libxml2-dev libxrender1 libxshmfence1
  libxxf86vm1 libzmq3-dev libzmq5 linux-libc-dev llvm llvm-14
  llvm-14-linker-tools llvm-14-runtime llvm-runtime lto-disabled-list m4 make
  ncal pkg-config python3-bpfcc python3-netaddr python3-py python3-zmq
  qdoc-qt5 qhelpgenerator-qt5 qt5-assistant qt5-qmake qt5-qmake-bin
  qtattributionsscanner-qt5 qtbase5-dev qtbase5-dev-tools qtchooser
  qttools5-dev qttools5-dev-tools rpcsvc-proto systemtap-sdt-dev x11-common
  x11proto-dev xorg-sgml-doctools xtrans-dev
0 upgraded, 237 newly installed, 0 to remove and 4 not upgraded.
Need to get 276 MB of archives.
After this operation, 1281 MB of additional disk space will be used.
Get:1 http://us-central1.gce.archive.ubuntu.com/ubuntu jammy/main amd64 liborc-0.4-0 amd64 1:0.4.32-2 [228 kB]
Get:2 http://us-central1.gce.archive.ubuntu.com/ubuntu jammy/main amd64 libgstreamer-plugins-base1.0-0 amd64 1.20.1-1 [847 kB]
Get:3 http://us-central1.gce.archive.ubuntu.com/ubuntu jammy/main amd64 libhyphen0 amd64 2.8.8-7build2 [28.2 kB]
Get:4 http://us-central1.gce.archive.ubuntu.com/ubuntu jammy/main amd64 libjpeg-turbo8 amd64 2.1.2-0ubuntu1 [134 kB]
Get:5 http://us-central1.gce.archive.ubuntu.com/ubuntu jammy/main amd64 libjpeg8 amd64 8c-2ubuntu10 [2264 B]
Get:6 http://us-central1.gce.archive.ubuntu.com/ubuntu jammy/universe amd64 libdouble-conversion3 amd64 3.1.7-4 [39.0 kB]
Get:7 http://us-central1.gce.archive.ubuntu.com/ubuntu jammy-updates/main amd64 libpcre2-16-0 amd64 10.39-3ubuntu0.1 [203 kB]
Get:8 http://us-central1.gce.archive.ubuntu.com/ubuntu jammy-updates/universe amd64 libqt5core5a amd64 5.15.3+dfsg-2ubuntu0.2 [2006 kB]
Get:9 http://us-central1.gce.archive.ubuntu.com/ubuntu jammy/main amd64 fonts-dejavu-core all 2.37-2build1 [1041 kB]
Get:10 http://us-central1.gce.archive.ubuntu.com/ubuntu jammy/main amd64 fontconfig-config all 2.13.1-4.2ubuntu5 [29.1 kB]
Get:11 http://us-central1.gce.archive.ubuntu.com/ubuntu jammy/main amd64 libfontconfig1 amd64 2.13.1-4.2ubuntu5 [131 kB]
Get:12 http://us-central1.gce.archive.ubuntu.com/ubuntu jammy/main amd64 fontconfig amd64 2.13.1-4.2ubuntu5 [177 kB]
Get:13 http://us-central1.gce.archive.ubuntu.com/ubuntu jammy/main amd64 libglvnd0 amd64 1.4.0-1 [73.6 kB]
Get:14 http://us-central1.gce.archive.ubuntu.com/ubuntu jammy-updates/main amd64 libwayland-server0 amd64 1.20.0-1ubuntu0.1 [34.3 kB]
Get:15 http://us-central1.gce.archive.ubuntu.com/ubuntu jammy-updates/main amd64 libgbm1 amd64 22.0.5-0ubuntu0.1 [32.6 kB]
Get:16 http://us-central1.gce.archive.ubuntu.com/ubuntu jammy-updates/main amd64 libglapi-mesa amd64 22.0.5-0ubuntu0.1 [35.3 kB]
Get:17 http://us-central1.gce.archive.ubuntu.com/ubuntu jammy-updates/main amd64 libwayland-client0 amd64 1.20.0-1ubuntu0.1 [25.9 kB]
Get:18 http://us-central1.gce.archive.ubuntu.com/ubuntu jammy/main amd64 libx11-xcb1 amd64 2:1.7.5-1 [7790 B]
Get:19 http://us-central1.gce.archive.ubuntu.com/ubuntu jammy/main amd64 libxcb-dri2-0 amd64 1.14-3ubuntu3 [7206 B]
Get:20 http://us-central1.gce.archive.ubuntu.com/ubuntu jammy/main amd64 libxcb-dri3-0 amd64 1.14-3ubuntu3 [6968 B]
Get:21 http://us-central1.gce.archive.ubuntu.com/ubuntu jammy/main amd64 libxcb-present0 amd64 1.14-3ubuntu3 [5734 B]
Get:22 http://us-central1.gce.archive.ubuntu.com/ubuntu jammy/main amd64 libxcb-sync1 amd64 1.14-3ubuntu3 [9416 B]
Get:23 http://us-central1.gce.archive.ubuntu.com/ubuntu jammy/main amd64 libxcb-xfixes0 amd64 1.14-3ubuntu3 [9996 B]
Get:24 http://us-central1.gce.archive.ubuntu.com/ubuntu jammy/main amd64 libxshmfence1 amd64 1.3-1build4 [5394 B]
Get:25 http://us-central1.gce.archive.ubuntu.com/ubuntu jammy-updates/main amd64 libegl-mesa0 amd64 22.0.5-0ubuntu0.1 [112 kB]
Get:26 http://us-central1.gce.archive.ubuntu.com/ubuntu jammy/main amd64 libegl1 amd64 1.4.0-1 [28.6 kB]
Get:27 http://us-central1.gce.archive.ubuntu.com/ubuntu jammy/main amd64 libxcb-glx0 amd64 1.14-3ubuntu3 [25.9 kB]
Get:28 http://us-central1.gce.archive.ubuntu.com/ubuntu jammy/main amd64 libxcb-shm0 amd64 1.14-3ubuntu3 [5780 B]
Get:29 http://us-central1.gce.archive.ubuntu.com/ubuntu jammy/main amd64 libxfixes3 amd64 1:6.0.0-1 [11.7 kB]
Get:30 http://us-central1.gce.archive.ubuntu.com/ubuntu jammy/main amd64 libxxf86vm1 amd64 1:1.1.4-1build3 [10.4 kB]
Get:31 http://us-central1.gce.archive.ubuntu.com/ubuntu jammy/main amd64 libdrm-amdgpu1 amd64 2.4.110-1ubuntu1 [20.0 kB]
Get:32 http://us-central1.gce.archive.ubuntu.com/ubuntu jammy/main amd64 libdrm-nouveau2 amd64 2.4.110-1ubuntu1 [17.4 kB]
Get:33 http://us-central1.gce.archive.ubuntu.com/ubuntu jammy/main amd64 libdrm-radeon1 amd64 2.4.110-1ubuntu1 [21.5 kB]
Get:34 http://us-central1.gce.archive.ubuntu.com/ubuntu jammy-updates/main amd64 libllvm13 amd64 1:13.0.1-2ubuntu2.1 [22.2 MB]
Get:35 https://ppa.launchpadcontent.net/hadret/bpfcc/ubuntu jammy/main amd64 libbpfcc amd64 0.25.0-0+jammy1 [784 kB]
Get:36 https://ppa.launchpadcontent.net/hadret/bpfcc/ubuntu jammy/main amd64 python3-bpfcc all 0.25.0-0+jammy1 [46.2 kB]
Get:37 http://us-central1.gce.archive.ubuntu.com/ubuntu jammy/main amd64 libsensors-config all 1:3.6.0-7ubuntu1 [5274 B]
Get:38 http://us-central1.gce.archive.ubuntu.com/ubuntu jammy/main amd64 libsensors5 amd64 1:3.6.0-7ubuntu1 [26.3 kB]
Get:39 http://us-central1.gce.archive.ubuntu.com/ubuntu jammy/main amd64 libvulkan1 amd64 1.3.204.1-2 [128 kB]
Get:40 http://us-central1.gce.archive.ubuntu.com/ubuntu jammy-updates/main amd64 libgl1-mesa-dri amd64 22.0.5-0ubuntu0.1 [7471 kB]
Get:41 http://us-central1.gce.archive.ubuntu.com/ubuntu jammy-updates/main amd64 libglx-mesa0 amd64 22.0.5-0ubuntu0.1 [156 kB]
Get:42 http://us-central1.gce.archive.ubuntu.com/ubuntu jammy/main amd64 libglx0 amd64 1.4.0-1 [41.0 kB]
Get:43 http://us-central1.gce.archive.ubuntu.com/ubuntu jammy/main amd64 libgl1 amd64 1.4.0-1 [110 kB]
Get:44 http://us-central1.gce.archive.ubuntu.com/ubuntu jammy/main amd64 libgraphite2-3 amd64 1.3.14-1build2 [71.3 kB]
Get:45 http://us-central1.gce.archive.ubuntu.com/ubuntu jammy-updates/main amd64 libharfbuzz0b amd64 2.7.4-1ubuntu3.1 [352 kB]
Get:46 http://us-central1.gce.archive.ubuntu.com/ubuntu jammy/main amd64 x11-common all 1:7.7+23ubuntu2 [23.4 kB]
Get:47 http://us-central1.gce.archive.ubuntu.com/ubuntu jammy/main amd64 libice6 amd64 2:1.0.10-1build2 [42.6 kB]
Get:48 http://us-central1.gce.archive.ubuntu.com/ubuntu jammy/main amd64 libevdev2 amd64 1.12.1+dfsg-1 [39.5 kB]
Get:49 http://us-central1.gce.archive.ubuntu.com/ubuntu jammy/main amd64 libmtdev1 amd64 1.1.6-1build4 [14.5 kB]
Get:50 http://us-central1.gce.archive.ubuntu.com/ubuntu jammy/main amd64 libgudev-1.0-0 amd64 1:237-2build1 [16.3 kB]
Get:51 http://us-central1.gce.archive.ubuntu.com/ubuntu jammy/main amd64 libwacom-common all 2.2.0-1 [54.3 kB]
Get:52 http://us-central1.gce.archive.ubuntu.com/ubuntu jammy/main amd64 libwacom9 amd64 2.2.0-1 [22.0 kB]
Get:53 http://us-central1.gce.archive.ubuntu.com/ubuntu jammy-updates/main amd64 libinput-bin amd64 1.20.0-1ubuntu0.1 [19.9 kB]
Get:54 http://us-central1.gce.archive.ubuntu.com/ubuntu jammy-updates/main amd64 libinput10 amd64 1.20.0-1ubuntu0.1 [131 kB]
Get:55 https://ppa.launchpadcontent.net/hadret/bpfcc/ubuntu jammy/main amd64 bpfcc-tools all 0.25.0-0+jammy1 [710 kB]
Get:56 http://us-central1.gce.archive.ubuntu.com/ubuntu jammy/universe amd64 libmd4c0 amd64 0.4.8-1 [42.0 kB]
Get:57 http://us-central1.gce.archive.ubuntu.com/ubuntu jammy-updates/universe amd64 libqt5dbus5 amd64 5.15.3+dfsg-2ubuntu0.2 [222 kB]
Get:58 http://us-central1.gce.archive.ubuntu.com/ubuntu jammy-updates/universe amd64 libqt5network5 amd64 5.15.3+dfsg-2ubuntu0.2 [731 kB]
Get:59 http://us-central1.gce.archive.ubuntu.com/ubuntu jammy/main amd64 libsm6 amd64 2:1.2.3-1build2 [16.7 kB]
Get:60 http://us-central1.gce.archive.ubuntu.com/ubuntu jammy/main amd64 libxcb-icccm4 amd64 0.4.1-1.1build2 [11.5 kB]
Get:61 http://us-central1.gce.archive.ubuntu.com/ubuntu jammy/main amd64 libxcb-util1 amd64 0.4.0-1build2 [11.4 kB]
Get:62 http://us-central1.gce.archive.ubuntu.com/ubuntu jammy/main amd64 libxcb-image0 amd64 0.4.0-2 [11.5 kB]
Get:63 http://us-central1.gce.archive.ubuntu.com/ubuntu jammy/main amd64 libxcb-keysyms1 amd64 0.4.0-1build3 [8746 B]
Get:64 http://us-central1.gce.archive.ubuntu.com/ubuntu jammy/main amd64 libxcb-randr0 amd64 1.14-3ubuntu3 [18.3 kB]
Get:65 http://us-central1.gce.archive.ubuntu.com/ubuntu jammy/main amd64 libxcb-render0 amd64 1.14-3ubuntu3 [16.4 kB]
Get:66 http://us-central1.gce.archive.ubuntu.com/ubuntu jammy/main amd64 libxcb-render-util0 amd64 0.3.9-1build3 [10.3 kB]
Get:67 http://us-central1.gce.archive.ubuntu.com/ubuntu jammy/main amd64 libxcb-shape0 amd64 1.14-3ubuntu3 [6158 B]
Get:68 http://us-central1.gce.archive.ubuntu.com/ubuntu jammy/main amd64 libxcb-xinerama0 amd64 1.14-3ubuntu3 [5414 B]
Get:69 http://us-central1.gce.archive.ubuntu.com/ubuntu jammy/main amd64 libxcb-xinput0 amd64 1.14-3ubuntu3 [34.3 kB]
Get:70 http://us-central1.gce.archive.ubuntu.com/ubuntu jammy/main amd64 libxcb-xkb1 amd64 1.14-3ubuntu3 [32.8 kB]
Get:71 http://us-central1.gce.archive.ubuntu.com/ubuntu jammy/main amd64 libxkbcommon0 amd64 1.4.0-1 [125 kB]
Get:72 http://us-central1.gce.archive.ubuntu.com/ubuntu jammy/main amd64 libxkbcommon-x11-0 amd64 1.4.0-1 [14.4 kB]
Get:73 http://us-central1.gce.archive.ubuntu.com/ubuntu jammy/main amd64 libxrender1 amd64 1:0.9.10-1build4 [19.7 kB]
Get:74 http://us-central1.gce.archive.ubuntu.com/ubuntu jammy-updates/universe amd64 libqt5gui5 amd64 5.15.3+dfsg-2ubuntu0.2 [3722 kB]
Get:75 http://us-central1.gce.archive.ubuntu.com/ubuntu jammy/universe amd64 libqt5positioning5 amd64 5.15.3+dfsg-3 [223 kB]
Get:76 http://us-central1.gce.archive.ubuntu.com/ubuntu jammy/main amd64 libavahi-common-data amd64 0.8-5ubuntu5 [23.9 kB]
Get:77 http://us-central1.gce.archive.ubuntu.com/ubuntu jammy/main amd64 libavahi-common3 amd64 0.8-5ubuntu5 [23.7 kB]
Get:78 http://us-central1.gce.archive.ubuntu.com/ubuntu jammy/main amd64 libavahi-client3 amd64 0.8-5ubuntu5 [28.1 kB]
Get:79 http://us-central1.gce.archive.ubuntu.com/ubuntu jammy-updates/main amd64 libcups2 amd64 2.4.1op1-1ubuntu4.1 [264 kB]
Get:80 http://us-central1.gce.archive.ubuntu.com/ubuntu jammy-updates/universe amd64 libqt5widgets5 amd64 5.15.3+dfsg-2ubuntu0.2 [2561 kB]
Get:81 http://us-central1.gce.archive.ubuntu.com/ubuntu jammy-updates/universe amd64 libqt5printsupport5 amd64 5.15.3+dfsg-2ubuntu0.2 [214 kB]
Get:82 http://us-central1.gce.archive.ubuntu.com/ubuntu jammy/universe amd64 libqt5qml5 amd64 5.15.3+dfsg-1 [1472 kB]
Get:83 http://us-central1.gce.archive.ubuntu.com/ubuntu jammy/universe amd64 libqt5qmlmodels5 amd64 5.15.3+dfsg-1 [205 kB]
Get:84 http://us-central1.gce.archive.ubuntu.com/ubuntu jammy/universe amd64 libqt5quick5 amd64 5.15.3+dfsg-1 [1748 kB]
Get:85 http://us-central1.gce.archive.ubuntu.com/ubuntu jammy/universe amd64 libqt5sensors5 amd64 5.15.3-1 [123 kB]
Get:86 http://us-central1.gce.archive.ubuntu.com/ubuntu jammy/universe amd64 libqt5webchannel5 amd64 5.15.3-1 [62.9 kB]
Get:87 http://us-central1.gce.archive.ubuntu.com/ubuntu jammy/main amd64 libwebp7 amd64 1.2.2-2 [206 kB]
Get:88 http://us-central1.gce.archive.ubuntu.com/ubuntu jammy/main amd64 libwoff1 amd64 1.0.2-1build4 [45.2 kB]
Get:89 http://us-central1.gce.archive.ubuntu.com/ubuntu jammy/universe amd64 libqt5webkit5 amd64 5.212.0~alpha4-15ubuntu1 [12.8 MB]
Get:90 http://us-central1.gce.archive.ubuntu.com/ubuntu jammy/main amd64 m4 amd64 1.4.18-5ubuntu2 [199 kB]
Get:91 http://us-central1.gce.archive.ubuntu.com/ubuntu jammy/main amd64 autoconf all 2.71-2 [338 kB]
Get:92 http://us-central1.gce.archive.ubuntu.com/ubuntu jammy/main amd64 autotools-dev all 20220109.1 [44.9 kB]
Get:93 http://us-central1.gce.archive.ubuntu.com/ubuntu jammy/main amd64 automake all 1:1.16.5-1.3 [558 kB]
Get:94 http://us-central1.gce.archive.ubuntu.com/ubuntu jammy/main amd64 bison amd64 2:3.8.2+dfsg-1build1 [748 kB]
Get:95 http://us-central1.gce.archive.ubuntu.com/ubuntu jammy/universe amd64 libllvm12 amd64 1:12.0.1-19ubuntu3 [21.3 MB]
Get:96 http://us-central1.gce.archive.ubuntu.com/ubuntu jammy/universe amd64 libclang-cpp12 amd64 1:12.0.1-19ubuntu3 [10.9 MB]
Get:97 http://us-central1.gce.archive.ubuntu.com/ubuntu jammy/main amd64 ieee-data all 20210605.1 [1887 kB]
Get:98 http://us-central1.gce.archive.ubuntu.com/ubuntu jammy/main amd64 python3-netaddr all 0.8.0-2 [309 kB]
Get:99 http://us-central1.gce.archive.ubuntu.com/ubuntu jammy/universe amd64 ncal amd64 12.1.7+nmu3ubuntu2 [20.2 kB]
Get:100 http://us-central1.gce.archive.ubuntu.com/ubuntu jammy/universe amd64 bsdmainutils all 12.1.7+nmu3ubuntu2 [3170 B]
Get:101 http://us-central1.gce.archive.ubuntu.com/ubuntu jammy-updates/main amd64 libc-dev-bin amd64 2.35-0ubuntu3.1 [20.4 kB]
Get:102 http://us-central1.gce.archive.ubuntu.com/ubuntu jammy-updates/main amd64 linux-libc-dev amd64 5.15.0-53.59 [1344 kB]
Get:103 http://us-central1.gce.archive.ubuntu.com/ubuntu jammy/main amd64 libcrypt-dev amd64 1:4.4.27-1 [112 kB]
Get:104 http://us-central1.gce.archive.ubuntu.com/ubuntu jammy/main amd64 rpcsvc-proto amd64 1.4.2-0ubuntu6 [68.5 kB]
Get:105 http://us-central1.gce.archive.ubuntu.com/ubuntu jammy-updates/main amd64 libtirpc-dev amd64 1.3.2-2ubuntu0.1 [192 kB]
Get:106 http://us-central1.gce.archive.ubuntu.com/ubuntu jammy/main amd64 libnsl-dev amd64 1.3.0-2build2 [71.3 kB]
Get:107 http://us-central1.gce.archive.ubuntu.com/ubuntu jammy-updates/main amd64 libc6-dev amd64 2.35-0ubuntu3.1 [2099 kB]
Get:108 http://us-central1.gce.archive.ubuntu.com/ubuntu jammy-updates/main amd64 gcc-11-base amd64 11.3.0-1ubuntu1~22.04 [20.8 kB]
Get:109 http://us-central1.gce.archive.ubuntu.com/ubuntu jammy/main amd64 libisl23 amd64 0.24-2build1 [727 kB]
Get:110 http://us-central1.gce.archive.ubuntu.com/ubuntu jammy/main amd64 libmpc3 amd64 1.2.1-2build1 [46.9 kB]
Get:111 http://us-central1.gce.archive.ubuntu.com/ubuntu jammy-updates/main amd64 cpp-11 amd64 11.3.0-1ubuntu1~22.04 [9967 kB]
Get:112 http://us-central1.gce.archive.ubuntu.com/ubuntu jammy/main amd64 cpp amd64 4:11.2.0-1ubuntu1 [27.7 kB]
Get:113 http://us-central1.gce.archive.ubuntu.com/ubuntu jammy-updates/main amd64 libcc1-0 amd64 12.1.0-2ubuntu1~22.04 [47.4 kB]
Get:114 http://us-central1.gce.archive.ubuntu.com/ubuntu jammy-updates/main amd64 libgomp1 amd64 12.1.0-2ubuntu1~22.04 [126 kB]
Get:115 http://us-central1.gce.archive.ubuntu.com/ubuntu jammy-updates/main amd64 libitm1 amd64 12.1.0-2ubuntu1~22.04 [30.2 kB]
Get:116 http://us-central1.gce.archive.ubuntu.com/ubuntu jammy-updates/main amd64 libatomic1 amd64 12.1.0-2ubuntu1~22.04 [10.4 kB]
Get:117 http://us-central1.gce.archive.ubuntu.com/ubuntu jammy-updates/main amd64 libasan6 amd64 11.3.0-1ubuntu1~22.04 [2284 kB]
Get:118 http://us-central1.gce.archive.ubuntu.com/ubuntu jammy-updates/main amd64 liblsan0 amd64 12.1.0-2ubuntu1~22.04 [1069 kB]
Get:119 http://us-central1.gce.archive.ubuntu.com/ubuntu jammy-updates/main amd64 libtsan0 amd64 11.3.0-1ubuntu1~22.04 [2262 kB]
Get:120 http://us-central1.gce.archive.ubuntu.com/ubuntu jammy-updates/main amd64 libubsan1 amd64 12.1.0-2ubuntu1~22.04 [976 kB]
Get:121 http://us-central1.gce.archive.ubuntu.com/ubuntu jammy-updates/main amd64 libquadmath0 amd64 12.1.0-2ubuntu1~22.04 [154 kB]
Get:122 http://us-central1.gce.archive.ubuntu.com/ubuntu jammy-updates/main amd64 libgcc-11-dev amd64 11.3.0-1ubuntu1~22.04 [2517 kB]
Get:123 http://us-central1.gce.archive.ubuntu.com/ubuntu jammy-updates/main amd64 gcc-11 amd64 11.3.0-1ubuntu1~22.04 [20.1 MB]
Get:124 http://us-central1.gce.archive.ubuntu.com/ubuntu jammy/main amd64 gcc amd64 4:11.2.0-1ubuntu1 [5112 B]
Get:125 http://us-central1.gce.archive.ubuntu.com/ubuntu jammy-updates/main amd64 libstdc++-11-dev amd64 11.3.0-1ubuntu1~22.04 [2087 kB]
Get:126 http://us-central1.gce.archive.ubuntu.com/ubuntu jammy-updates/main amd64 g++-11 amd64 11.3.0-1ubuntu1~22.04 [11.4 MB]
Get:127 http://us-central1.gce.archive.ubuntu.com/ubuntu jammy/main amd64 g++ amd64 4:11.2.0-1ubuntu1 [1412 B]
Get:128 http://us-central1.gce.archive.ubuntu.com/ubuntu jammy/main amd64 make amd64 4.3-4.1build1 [180 kB]
Get:129 http://us-central1.gce.archive.ubuntu.com/ubuntu jammy-updates/main amd64 libdpkg-perl all 1.21.1ubuntu2.1 [237 kB]
Get:130 http://us-central1.gce.archive.ubuntu.com/ubuntu jammy/main amd64 bzip2 amd64 1.0.8-5build1 [34.8 kB]
Get:131 http://us-central1.gce.archive.ubuntu.com/ubuntu jammy/main amd64 lto-disabled-list all 24 [12.5 kB]
Get:132 http://us-central1.gce.archive.ubuntu.com/ubuntu jammy-updates/main amd64 dpkg-dev all 1.21.1ubuntu2.1 [922 kB]
Get:133 http://us-central1.gce.archive.ubuntu.com/ubuntu jammy/main amd64 build-essential amd64 12.9ubuntu3 [4744 B]
Get:134 http://us-central1.gce.archive.ubuntu.com/ubuntu jammy/universe amd64 libhiredis0.14 amd64 0.14.1-2 [32.8 kB]
Get:135 http://us-central1.gce.archive.ubuntu.com/ubuntu jammy/universe amd64 ccache amd64 4.5.1-1 [495 kB]
Get:136 http://us-central1.gce.archive.ubuntu.com/ubuntu jammy/main amd64 libllvm14 amd64 1:14.0.0-1ubuntu1 [24.0 MB]
Get:137 http://us-central1.gce.archive.ubuntu.com/ubuntu jammy/universe amd64 libclang-cpp14 amd64 1:14.0.0-1ubuntu1 [12.1 MB]
Get:138 http://us-central1.gce.archive.ubuntu.com/ubuntu jammy/main amd64 libgc1 amd64 1:8.0.6-1.1build1 [96.8 kB]
Get:139 http://us-central1.gce.archive.ubuntu.com/ubuntu jammy-updates/universe amd64 libobjc4 amd64 12.1.0-2ubuntu1~22.04 [48.7 kB]
Get:140 http://us-central1.gce.archive.ubuntu.com/ubuntu jammy-updates/universe amd64 libobjc-11-dev amd64 11.3.0-1ubuntu1~22.04 [196 kB]
Get:141 http://us-central1.gce.archive.ubuntu.com/ubuntu jammy-updates/main amd64 libc6-i386 amd64 2.35-0ubuntu3.1 [2837 kB]
Get:142 http://us-central1.gce.archive.ubuntu.com/ubuntu jammy-updates/main amd64 lib32gcc-s1 amd64 12.1.0-2ubuntu1~22.04 [64.5 kB]
Get:143 http://us-central1.gce.archive.ubuntu.com/ubuntu jammy-updates/main amd64 lib32stdc++6 amd64 12.1.0-2ubuntu1~22.04 [737 kB]
Get:144 http://us-central1.gce.archive.ubuntu.com/ubuntu jammy/universe amd64 libclang-common-14-dev amd64 1:14.0.0-1ubuntu1 [5976 kB]
Get:145 http://us-central1.gce.archive.ubuntu.com/ubuntu jammy/universe amd64 llvm-14-linker-tools amd64 1:14.0.0-1ubuntu1 [1353 kB]
Get:146 http://us-central1.gce.archive.ubuntu.com/ubuntu jammy/universe amd64 libclang1-14 amd64 1:14.0.0-1ubuntu1 [6796 kB]
Get:147 http://us-central1.gce.archive.ubuntu.com/ubuntu jammy/universe amd64 clang-14 amd64 1:14.0.0-1ubuntu1 [81.2 kB]
Get:148 http://us-central1.gce.archive.ubuntu.com/ubuntu jammy/universe amd64 clang amd64 1:14.0-55~exp2 [3558 B]
Get:149 http://us-central1.gce.archive.ubuntu.com/ubuntu jammy/main amd64 libarchive13 amd64 3.6.0-1ubuntu1 [368 kB]
Get:150 http://us-central1.gce.archive.ubuntu.com/ubuntu jammy/main amd64 libjsoncpp25 amd64 1.9.5-3 [80.0 kB]
Get:151 http://us-central1.gce.archive.ubuntu.com/ubuntu jammy/main amd64 librhash0 amd64 1.4.2-1ubuntu1 [125 kB]
Get:152 http://us-central1.gce.archive.ubuntu.com/ubuntu jammy/main amd64 dh-elpa-helper all 2.0.9ubuntu1 [7610 B]
Get:153 http://us-central1.gce.archive.ubuntu.com/ubuntu jammy/main amd64 emacsen-common all 3.0.4 [14.9 kB]
Get:154 http://us-central1.gce.archive.ubuntu.com/ubuntu jammy-updates/main amd64 cmake-data all 3.22.1-1ubuntu1.22.04.1 [1913 kB]
Get:155 http://us-central1.gce.archive.ubuntu.com/ubuntu jammy-updates/main amd64 cmake amd64 3.22.1-1ubuntu1.22.04.1 [5013 kB]
Get:156 http://us-central1.gce.archive.ubuntu.com/ubuntu jammy/main amd64 icu-devtools amd64 70.1-2 [197 kB]
Get:157 http://us-central1.gce.archive.ubuntu.com/ubuntu jammy/main amd64 libgssrpc4 amd64 1.19.2-2 [58.4 kB]
Get:158 http://us-central1.gce.archive.ubuntu.com/ubuntu jammy/main amd64 libkdb5-10 amd64 1.19.2-2 [40.5 kB]
Get:159 http://us-central1.gce.archive.ubuntu.com/ubuntu jammy/main amd64 libkadm5srv-mit12 amd64 1.19.2-2 [54.8 kB]
Get:160 http://us-central1.gce.archive.ubuntu.com/ubuntu jammy/main amd64 libkadm5clnt-mit12 amd64 1.19.2-2 [41.8 kB]
Get:161 http://us-central1.gce.archive.ubuntu.com/ubuntu jammy-updates/main amd64 comerr-dev amd64 2.1-1.46.5-2ubuntu1.1 [41.0 kB]
Get:162 http://us-central1.gce.archive.ubuntu.com/ubuntu jammy/main amd64 krb5-multidev amd64 1.19.2-2 [125 kB]
Get:163 http://us-central1.gce.archive.ubuntu.com/ubuntu jammy/main amd64 libboost1.74-dev amd64 1.74.0-14ubuntu3 [9609 kB]
Get:164 http://us-central1.gce.archive.ubuntu.com/ubuntu jammy/main amd64 libboost-dev amd64 1.74.0.3ubuntu7 [3490 B]
Get:165 http://us-central1.gce.archive.ubuntu.com/ubuntu jammy/main amd64 libmd-dev amd64 1.0.4-1build1 [40.0 kB]
Get:166 http://us-central1.gce.archive.ubuntu.com/ubuntu jammy/main amd64 libbsd-dev amd64 0.11.5-1 [168 kB]
Get:167 http://us-central1.gce.archive.ubuntu.com/ubuntu jammy/main amd64 libdb5.3++ amd64 5.3.28+dfsg1-0.8ubuntu3 [757 kB]
Get:168 http://us-central1.gce.archive.ubuntu.com/ubuntu jammy/main amd64 xorg-sgml-doctools all 1:1.11-1.1 [10.9 kB]
Get:169 http://us-central1.gce.archive.ubuntu.com/ubuntu jammy/main amd64 x11proto-dev all 2021.5-1 [604 kB]
Get:170 http://us-central1.gce.archive.ubuntu.com/ubuntu jammy/main amd64 libxau-dev amd64 1:1.0.9-1build5 [9724 B]
Get:171 http://us-central1.gce.archive.ubuntu.com/ubuntu jammy/main amd64 libxdmcp-dev amd64 1:1.1.3-0ubuntu5 [26.5 kB]
Get:172 http://us-central1.gce.archive.ubuntu.com/ubuntu jammy/main amd64 xtrans-dev all 1.4.0-1 [68.9 kB]
Get:173 http://us-central1.gce.archive.ubuntu.com/ubuntu jammy/main amd64 libpthread-stubs0-dev amd64 0.4-1build2 [5516 B]
Get:174 http://us-central1.gce.archive.ubuntu.com/ubuntu jammy/main amd64 libxcb1-dev amd64 1.14-3ubuntu3 [86.5 kB]
Get:175 http://us-central1.gce.archive.ubuntu.com/ubuntu jammy/main amd64 libx11-dev amd64 2:1.7.5-1 [744 kB]
Get:176 http://us-central1.gce.archive.ubuntu.com/ubuntu jammy/main amd64 libglx-dev amd64 1.4.0-1 [14.1 kB]
Get:177 http://us-central1.gce.archive.ubuntu.com/ubuntu jammy/main amd64 libgl-dev amd64 1.4.0-1 [101 kB]
Get:178 http://us-central1.gce.archive.ubuntu.com/ubuntu jammy/main amd64 libegl-dev amd64 1.4.0-1 [18.0 kB]
Get:179 http://us-central1.gce.archive.ubuntu.com/ubuntu jammy/main amd64 libevent-2.1-7 amd64 2.1.12-stable-1build3 [148 kB]
Get:180 http://us-central1.gce.archive.ubuntu.com/ubuntu jammy/main amd64 libevent-extra-2.1-7 amd64 2.1.12-stable-1build3 [65.4 kB]
Get:181 http://us-central1.gce.archive.ubuntu.com/ubuntu jammy/main amd64 libevent-pthreads-2.1-7 amd64 2.1.12-stable-1build3 [7642 B]
Get:182 http://us-central1.gce.archive.ubuntu.com/ubuntu jammy/main amd64 libevent-openssl-2.1-7 amd64 2.1.12-stable-1build3 [15.8 kB]
Get:183 http://us-central1.gce.archive.ubuntu.com/ubuntu jammy/main amd64 libevent-dev amd64 2.1.12-stable-1build3 [278 kB]
Get:184 http://us-central1.gce.archive.ubuntu.com/ubuntu jammy/main amd64 libopengl0 amd64 1.4.0-1 [36.5 kB]
Get:185 http://us-central1.gce.archive.ubuntu.com/ubuntu jammy/main amd64 libglu1-mesa amd64 9.0.2-1 [145 kB]
Get:186 http://us-central1.gce.archive.ubuntu.com/ubuntu jammy/main amd64 libglu1-mesa-dev amd64 9.0.2-1 [231 kB]
Get:187 http://us-central1.gce.archive.ubuntu.com/ubuntu jammy/main amd64 libicu-dev amd64 70.1-2 [11.6 MB]
Get:188 http://us-central1.gce.archive.ubuntu.com/ubuntu jammy/main amd64 libminiupnpc17 amd64 2.2.3-1build1 [27.7 kB]
Get:189 http://us-central1.gce.archive.ubuntu.com/ubuntu jammy/main amd64 libminiupnpc-dev amd64 2.2.3-1build1 [36.4 kB]
Get:190 http://us-central1.gce.archive.ubuntu.com/ubuntu jammy/main amd64 libnatpmp1 amd64 20150609-7.1build2 [7716 B]
Get:191 http://us-central1.gce.archive.ubuntu.com/ubuntu jammy/main amd64 libnatpmp-dev amd64 20150609-7.1build2 [7272 B]
Get:192 http://us-central1.gce.archive.ubuntu.com/ubuntu jammy/universe amd64 libnorm1 amd64 1.5.9+dfsg-2 [221 kB]
Get:193 http://us-central1.gce.archive.ubuntu.com/ubuntu jammy-updates/main amd64 libxml2-dev amd64 2.9.13+dfsg-1ubuntu0.1 [803 kB]
Get:194 http://us-central1.gce.archive.ubuntu.com/ubuntu jammy/universe amd64 libnorm-dev amd64 1.5.9+dfsg-2 [389 kB]
Get:195 http://us-central1.gce.archive.ubuntu.com/ubuntu jammy/universe amd64 libpgm-5.3-0 amd64 5.3.128~dfsg-2 [161 kB]
Get:196 http://us-central1.gce.archive.ubuntu.com/ubuntu jammy/universe amd64 libpgm-dev amd64 5.3.128~dfsg-2 [193 kB]
Get:197 http://us-central1.gce.archive.ubuntu.com/ubuntu jammy/universe amd64 libqrencode4 amd64 4.1.1-1 [24.0 kB]
Get:198 http://us-central1.gce.archive.ubuntu.com/ubuntu jammy/universe amd64 libqrencode-dev amd64 4.1.1-1 [6616 B]
Get:199 http://us-central1.gce.archive.ubuntu.com/ubuntu jammy-updates/universe amd64 libqt5concurrent5 amd64 5.15.3+dfsg-2ubuntu0.2 [36.3 kB]
Get:200 http://us-central1.gce.archive.ubuntu.com/ubuntu jammy-updates/universe amd64 libqt5xml5 amd64 5.15.3+dfsg-2ubuntu0.2 [124 kB]
Get:201 http://us-central1.gce.archive.ubuntu.com/ubuntu jammy/universe amd64 libqt5designer5 amd64 5.15.3-1 [2832 kB]
Get:202 http://us-central1.gce.archive.ubuntu.com/ubuntu jammy/universe amd64 libqt5designercomponents5 amd64 5.15.3-1 [796 kB]
Get:203 http://us-central1.gce.archive.ubuntu.com/ubuntu jammy-updates/universe amd64 libqt5sql5 amd64 5.15.3+dfsg-2ubuntu0.2 [123 kB]
Get:204 http://us-central1.gce.archive.ubuntu.com/ubuntu jammy/universe amd64 libqt5help5 amd64 5.15.3-1 [162 kB]
Get:205 http://us-central1.gce.archive.ubuntu.com/ubuntu jammy/universe amd64 libqt5quickwidgets5 amd64 5.15.3+dfsg-1 [39.9 kB]
Get:206 http://us-central1.gce.archive.ubuntu.com/ubuntu jammy-updates/universe amd64 libqt5sql5-sqlite amd64 5.15.3+dfsg-2ubuntu0.2 [53.0 kB]
Get:207 http://us-central1.gce.archive.ubuntu.com/ubuntu jammy-updates/universe amd64 libqt5test5 amd64 5.15.3+dfsg-2ubuntu0.2 [152 kB]
Get:208 http://us-central1.gce.archive.ubuntu.com/ubuntu jammy/main amd64 libsodium-dev amd64 1.0.18-1build2 [185 kB]
Get:209 http://us-central1.gce.archive.ubuntu.com/ubuntu jammy-updates/main amd64 libsqlite3-dev amd64 3.37.2-2ubuntu0.1 [846 kB]
Get:210 http://us-central1.gce.archive.ubuntu.com/ubuntu jammy/main amd64 libtool all 2.4.6-15build2 [164 kB]
Get:211 http://us-central1.gce.archive.ubuntu.com/ubuntu jammy/main amd64 libvulkan-dev amd64 1.3.204.1-2 [892 kB]
Get:212 http://us-central1.gce.archive.ubuntu.com/ubuntu jammy/main amd64 libxext-dev amd64 2:1.3.4-1build1 [84.7 kB]
Get:213 http://us-central1.gce.archive.ubuntu.com/ubuntu jammy/universe amd64 libzmq5 amd64 4.3.4-2 [256 kB]
Get:214 http://us-central1.gce.archive.ubuntu.com/ubuntu jammy/main amd64 libkrb5-dev amd64 1.19.2-2 [12.0 kB]
Get:215 http://us-central1.gce.archive.ubuntu.com/ubuntu jammy/universe amd64 libzmq3-dev amd64 4.3.4-2 [530 kB]
Get:216 http://us-central1.gce.archive.ubuntu.com/ubuntu jammy/universe amd64 llvm-14-runtime amd64 1:14.0.0-1ubuntu1 [484 kB]
Get:217 http://us-central1.gce.archive.ubuntu.com/ubuntu jammy/universe amd64 llvm-runtime amd64 1:14.0-55~exp2 [3204 B]
Get:218 http://us-central1.gce.archive.ubuntu.com/ubuntu jammy/main amd64 libpfm4 amd64 4.11.1+git32-gd0b85fb-1 [278 kB]
Get:219 http://us-central1.gce.archive.ubuntu.com/ubuntu jammy/universe amd64 llvm-14 amd64 1:14.0.0-1ubuntu1 [12.7 MB]
Get:220 http://us-central1.gce.archive.ubuntu.com/ubuntu jammy/universe amd64 llvm amd64 1:14.0-55~exp2 [3758 B]
Get:221 http://us-central1.gce.archive.ubuntu.com/ubuntu jammy/main amd64 pkg-config amd64 0.29.2-1ubuntu3 [48.2 kB]
Get:222 http://us-central1.gce.archive.ubuntu.com/ubuntu jammy/universe amd64 python3-py all 1.10.0-1 [71.9 kB]
Get:223 http://us-central1.gce.archive.ubuntu.com/ubuntu jammy/universe amd64 python3-zmq amd64 22.3.0-1build1 [283 kB]
Get:224 http://us-central1.gce.archive.ubuntu.com/ubuntu jammy/universe amd64 qtchooser amd64 66-2build1 [24.7 kB]
Get:225 http://us-central1.gce.archive.ubuntu.com/ubuntu jammy/universe amd64 qdoc-qt5 amd64 5.15.3-1 [632 kB]
Get:226 http://us-central1.gce.archive.ubuntu.com/ubuntu jammy/universe amd64 qhelpgenerator-qt5 amd64 5.15.3-1 [60.7 kB]
Get:227 http://us-central1.gce.archive.ubuntu.com/ubuntu jammy/universe amd64 qt5-assistant amd64 5.15.3-1 [373 kB]
Get:228 http://us-central1.gce.archive.ubuntu.com/ubuntu jammy-updates/universe amd64 qt5-qmake-bin amd64 5.15.3+dfsg-2ubuntu0.2 [1126 kB]
Get:229 http://us-central1.gce.archive.ubuntu.com/ubuntu jammy-updates/universe amd64 qt5-qmake amd64 5.15.3+dfsg-2ubuntu0.2 [208 kB]
Get:230 http://us-central1.gce.archive.ubuntu.com/ubuntu jammy/universe amd64 qtattributionsscanner-qt5 amd64 5.15.3-1 [32.5 kB]
Get:231 http://us-central1.gce.archive.ubuntu.com/ubuntu jammy-updates/universe amd64 qtbase5-dev-tools amd64 5.15.3+dfsg-2ubuntu0.2 [819 kB]
Get:232 http://us-central1.gce.archive.ubuntu.com/ubuntu jammy-updates/universe amd64 qtbase5-dev amd64 5.15.3+dfsg-2ubuntu0.2 [1135 kB]
Get:233 http://us-central1.gce.archive.ubuntu.com/ubuntu jammy/universe amd64 qttools5-dev-tools amd64 5.15.3-1 [1129 kB]
Get:234 http://us-central1.gce.archive.ubuntu.com/ubuntu jammy/universe amd64 qttools5-dev amd64 5.15.3-1 [203 kB]
Get:235 http://us-central1.gce.archive.ubuntu.com/ubuntu jammy/universe amd64 systemtap-sdt-dev amd64 4.6-2 [17.6 kB]
Get:236 http://us-central1.gce.archive.ubuntu.com/ubuntu jammy/main amd64 libdb5.3-dev amd64 5.3.28+dfsg1-0.8ubuntu3 [830 kB]
Get:237 http://us-central1.gce.archive.ubuntu.com/ubuntu jammy/main amd64 libdb5.3++-dev amd64 5.3.28+dfsg1-0.8ubuntu3 [853 kB]
Fetched 276 MB in 9s (30.5 MB/s)
Selecting previously unselected package liborc-0.4-0:amd64.
(Reading database ... (Reading database ... 5%(Reading database ... 10%(Reading database ... 15%(Reading database ... 20%(Reading database ... 25%(Reading database ... 30%(Reading database ... 35%(Reading database ... 40%(Reading database ... 45%(Reading database ... 50%(Reading database ... 55%(Reading database ... 60%(Reading database ... 65%(Reading database ... 70%(Reading database ... 75%(Reading database ... 80%(Reading database ... 85%(Reading database ... 90%(Reading database ... 95%(Reading database ... 100%(Reading database ... 64152 files and directories currently installed.)
Preparing to unpack .../000-liborc-0.4-0_1%3a0.4.32-2_amd64.deb ...
Unpacking liborc-0.4-0:amd64 (1:0.4.32-2) ...
Selecting previously unselected package libgstreamer-plugins-base1.0-0:amd64.
Preparing to unpack .../001-libgstreamer-plugins-base1.0-0_1.20.1-1_amd64.deb ...
Unpacking libgstreamer-plugins-base1.0-0:amd64 (1.20.1-1) ...
Selecting previously unselected package libhyphen0:amd64.
Preparing to unpack .../002-libhyphen0_2.8.8-7build2_amd64.deb ...
Unpacking libhyphen0:amd64 (2.8.8-7build2) ...
Selecting previously unselected package libjpeg-turbo8:amd64.
Preparing to unpack .../003-libjpeg-turbo8_2.1.2-0ubuntu1_amd64.deb ...
Unpacking libjpeg-turbo8:amd64 (2.1.2-0ubuntu1) ...
Selecting previously unselected package libjpeg8:amd64.
Preparing to unpack .../004-libjpeg8_8c-2ubuntu10_amd64.deb ...
Unpacking libjpeg8:amd64 (8c-2ubuntu10) ...
Selecting previously unselected package libdouble-conversion3:amd64.
Preparing to unpack .../005-libdouble-conversion3_3.1.7-4_amd64.deb ...
Unpacking libdouble-conversion3:amd64 (3.1.7-4) ...
Selecting previously unselected package libpcre2-16-0:amd64.
Preparing to unpack .../006-libpcre2-16-0_10.39-3ubuntu0.1_amd64.deb ...
Unpacking libpcre2-16-0:amd64 (10.39-3ubuntu0.1) ...
Selecting previously unselected package libqt5core5a:amd64.
Preparing to unpack .../007-libqt5core5a_5.15.3+dfsg-2ubuntu0.2_amd64.deb ...
Unpacking libqt5core5a:amd64 (5.15.3+dfsg-2ubuntu0.2) ...
Selecting previously unselected package fonts-dejavu-core.
Preparing to unpack .../008-fonts-dejavu-core_2.37-2build1_all.deb ...
Unpacking fonts-dejavu-core (2.37-2build1) ...
Selecting previously unselected package fontconfig-config.
Preparing to unpack .../009-fontconfig-config_2.13.1-4.2ubuntu5_all.deb ...
Unpacking fontconfig-config (2.13.1-4.2ubuntu5) ...
Selecting previously unselected package libfontconfig1:amd64.
Preparing to unpack .../010-libfontconfig1_2.13.1-4.2ubuntu5_amd64.deb ...
Unpacking libfontconfig1:amd64 (2.13.1-4.2ubuntu5) ...
Selecting previously unselected package fontconfig.
Preparing to unpack .../011-fontconfig_2.13.1-4.2ubuntu5_amd64.deb ...
Unpacking fontconfig (2.13.1-4.2ubuntu5) ...
Selecting previously unselected package libglvnd0:amd64.
Preparing to unpack .../012-libglvnd0_1.4.0-1_amd64.deb ...
Unpacking libglvnd0:amd64 (1.4.0-1) ...
Selecting previously unselected package libwayland-server0:amd64.
Preparing to unpack .../013-libwayland-server0_1.20.0-1ubuntu0.1_amd64.deb ...
Unpacking libwayland-server0:amd64 (1.20.0-1ubuntu0.1) ...
Selecting previously unselected package libgbm1:amd64.
Preparing to unpack .../014-libgbm1_22.0.5-0ubuntu0.1_amd64.deb ...
Unpacking libgbm1:amd64 (22.0.5-0ubuntu0.1) ...
Selecting previously unselected package libglapi-mesa:amd64.
Preparing to unpack .../015-libglapi-mesa_22.0.5-0ubuntu0.1_amd64.deb ...
Unpacking libglapi-mesa:amd64 (22.0.5-0ubuntu0.1) ...
Selecting previously unselected package libwayland-client0:amd64.
Preparing to unpack .../016-libwayland-client0_1.20.0-1ubuntu0.1_amd64.deb ...
Unpacking libwayland-client0:amd64 (1.20.0-1ubuntu0.1) ...
Selecting previously unselected package libx11-xcb1:amd64.
Preparing to unpack .../017-libx11-xcb1_2%3a1.7.5-1_amd64.deb ...
Unpacking libx11-xcb1:amd64 (2:1.7.5-1) ...
Selecting previously unselected package libxcb-dri2-0:amd64.
Preparing to unpack .../018-libxcb-dri2-0_1.14-3ubuntu3_amd64.deb ...
Unpacking libxcb-dri2-0:amd64 (1.14-3ubuntu3) ...
Selecting previously unselected package libxcb-dri3-0:amd64.
Preparing to unpack .../019-libxcb-dri3-0_1.14-3ubuntu3_amd64.deb ...
Unpacking libxcb-dri3-0:amd64 (1.14-3ubuntu3) ...
Selecting previously unselected package libxcb-present0:amd64.
Preparing to unpack .../020-libxcb-present0_1.14-3ubuntu3_amd64.deb ...
Unpacking libxcb-present0:amd64 (1.14-3ubuntu3) ...
Selecting previously unselected package libxcb-sync1:amd64.
Preparing to unpack .../021-libxcb-sync1_1.14-3ubuntu3_amd64.deb ...
Unpacking libxcb-sync1:amd64 (1.14-3ubuntu3) ...
Selecting previously unselected package libxcb-xfixes0:amd64.
Preparing to unpack .../022-libxcb-xfixes0_1.14-3ubuntu3_amd64.deb ...
Unpacking libxcb-xfixes0:amd64 (1.14-3ubuntu3) ...
Selecting previously unselected package libxshmfence1:amd64.
Preparing to unpack .../023-libxshmfence1_1.3-1build4_amd64.deb ...
Unpacking libxshmfence1:amd64 (1.3-1build4) ...
Selecting previously unselected package libegl-mesa0:amd64.
Preparing to unpack .../024-libegl-mesa0_22.0.5-0ubuntu0.1_amd64.deb ...
Unpacking libegl-mesa0:amd64 (22.0.5-0ubuntu0.1) ...
Selecting previously unselected package libegl1:amd64.
Preparing to unpack .../025-libegl1_1.4.0-1_amd64.deb ...
Unpacking libegl1:amd64 (1.4.0-1) ...
Selecting previously unselected package libxcb-glx0:amd64.
Preparing to unpack .../026-libxcb-glx0_1.14-3ubuntu3_amd64.deb ...
Unpacking libxcb-glx0:amd64 (1.14-3ubuntu3) ...
Selecting previously unselected package libxcb-shm0:amd64.
Preparing to unpack .../027-libxcb-shm0_1.14-3ubuntu3_amd64.deb ...
Unpacking libxcb-shm0:amd64 (1.14-3ubuntu3) ...
Selecting previously unselected package libxfixes3:amd64.
Preparing to unpack .../028-libxfixes3_1%3a6.0.0-1_amd64.deb ...
Unpacking libxfixes3:amd64 (1:6.0.0-1) ...
Selecting previously unselected package libxxf86vm1:amd64.
Preparing to unpack .../029-libxxf86vm1_1%3a1.1.4-1build3_amd64.deb ...
Unpacking libxxf86vm1:amd64 (1:1.1.4-1build3) ...
Selecting previously unselected package libdrm-amdgpu1:amd64.
Preparing to unpack .../030-libdrm-amdgpu1_2.4.110-1ubuntu1_amd64.deb ...
Unpacking libdrm-amdgpu1:amd64 (2.4.110-1ubuntu1) ...
Selecting previously unselected package libdrm-nouveau2:amd64.
Preparing to unpack .../031-libdrm-nouveau2_2.4.110-1ubuntu1_amd64.deb ...
Unpacking libdrm-nouveau2:amd64 (2.4.110-1ubuntu1) ...
Selecting previously unselected package libdrm-radeon1:amd64.
Preparing to unpack .../032-libdrm-radeon1_2.4.110-1ubuntu1_amd64.deb ...
Unpacking libdrm-radeon1:amd64 (2.4.110-1ubuntu1) ...
Selecting previously unselected package libllvm13:amd64.
Preparing to unpack .../033-libllvm13_1%3a13.0.1-2ubuntu2.1_amd64.deb ...
Unpacking libllvm13:amd64 (1:13.0.1-2ubuntu2.1) ...
Selecting previously unselected package libsensors-config.
Preparing to unpack .../034-libsensors-config_1%3a3.6.0-7ubuntu1_all.deb ...
Unpacking libsensors-config (1:3.6.0-7ubuntu1) ...
Selecting previously unselected package libsensors5:amd64.
Preparing to unpack .../035-libsensors5_1%3a3.6.0-7ubuntu1_amd64.deb ...
Unpacking libsensors5:amd64 (1:3.6.0-7ubuntu1) ...
Selecting previously unselected package libvulkan1:amd64.
Preparing to unpack .../036-libvulkan1_1.3.204.1-2_amd64.deb ...
Unpacking libvulkan1:amd64 (1.3.204.1-2) ...
Selecting previously unselected package libgl1-mesa-dri:amd64.
Preparing to unpack .../037-libgl1-mesa-dri_22.0.5-0ubuntu0.1_amd64.deb ...
Unpacking libgl1-mesa-dri:amd64 (22.0.5-0ubuntu0.1) ...
Selecting previously unselected package libglx-mesa0:amd64.
Preparing to unpack .../038-libglx-mesa0_22.0.5-0ubuntu0.1_amd64.deb ...
Unpacking libglx-mesa0:amd64 (22.0.5-0ubuntu0.1) ...
Selecting previously unselected package libglx0:amd64.
Preparing to unpack .../039-libglx0_1.4.0-1_amd64.deb ...
Unpacking libglx0:amd64 (1.4.0-1) ...
Selecting previously unselected package libgl1:amd64.
Preparing to unpack .../040-libgl1_1.4.0-1_amd64.deb ...
Unpacking libgl1:amd64 (1.4.0-1) ...
Selecting previously unselected package libgraphite2-3:amd64.
Preparing to unpack .../041-libgraphite2-3_1.3.14-1build2_amd64.deb ...
Unpacking libgraphite2-3:amd64 (1.3.14-1build2) ...
Selecting previously unselected package libharfbuzz0b:amd64.
Preparing to unpack .../042-libharfbuzz0b_2.7.4-1ubuntu3.1_amd64.deb ...
Unpacking libharfbuzz0b:amd64 (2.7.4-1ubuntu3.1) ...
Selecting previously unselected package x11-common.
Preparing to unpack .../043-x11-common_1%3a7.7+23ubuntu2_all.deb ...
Unpacking x11-common (1:7.7+23ubuntu2) ...
Selecting previously unselected package libice6:amd64.
Preparing to unpack .../044-libice6_2%3a1.0.10-1build2_amd64.deb ...
Unpacking libice6:amd64 (2:1.0.10-1build2) ...
Selecting previously unselected package libevdev2:amd64.
Preparing to unpack .../045-libevdev2_1.12.1+dfsg-1_amd64.deb ...
Unpacking libevdev2:amd64 (1.12.1+dfsg-1) ...
Selecting previously unselected package libmtdev1:amd64.
Preparing to unpack .../046-libmtdev1_1.1.6-1build4_amd64.deb ...
Unpacking libmtdev1:amd64 (1.1.6-1build4) ...
Selecting previously unselected package libgudev-1.0-0:amd64.
Preparing to unpack .../047-libgudev-1.0-0_1%3a237-2build1_amd64.deb ...
Unpacking libgudev-1.0-0:amd64 (1:237-2build1) ...
Selecting previously unselected package libwacom-common.
Preparing to unpack .../048-libwacom-common_2.2.0-1_all.deb ...
Unpacking libwacom-common (2.2.0-1) ...
Selecting previously unselected package libwacom9:amd64.
Preparing to unpack .../049-libwacom9_2.2.0-1_amd64.deb ...
Unpacking libwacom9:amd64 (2.2.0-1) ...
Selecting previously unselected package libinput-bin.
Preparing to unpack .../050-libinput-bin_1.20.0-1ubuntu0.1_amd64.deb ...
Unpacking libinput-bin (1.20.0-1ubuntu0.1) ...
Selecting previously unselected package libinput10:amd64.
Preparing to unpack .../051-libinput10_1.20.0-1ubuntu0.1_amd64.deb ...
Unpacking libinput10:amd64 (1.20.0-1ubuntu0.1) ...
Selecting previously unselected package libmd4c0:amd64.
Preparing to unpack .../052-libmd4c0_0.4.8-1_amd64.deb ...
Unpacking libmd4c0:amd64 (0.4.8-1) ...
Selecting previously unselected package libqt5dbus5:amd64.
Preparing to unpack .../053-libqt5dbus5_5.15.3+dfsg-2ubuntu0.2_amd64.deb ...
Unpacking libqt5dbus5:amd64 (5.15.3+dfsg-2ubuntu0.2) ...
Selecting previously unselected package libqt5network5:amd64.
Preparing to unpack .../054-libqt5network5_5.15.3+dfsg-2ubuntu0.2_amd64.deb ...
Unpacking libqt5network5:amd64 (5.15.3+dfsg-2ubuntu0.2) ...
Selecting previously unselected package libsm6:amd64.
Preparing to unpack .../055-libsm6_2%3a1.2.3-1build2_amd64.deb ...
Unpacking libsm6:amd64 (2:1.2.3-1build2) ...
Selecting previously unselected package libxcb-icccm4:amd64.
Preparing to unpack .../056-libxcb-icccm4_0.4.1-1.1build2_amd64.deb ...
Unpacking libxcb-icccm4:amd64 (0.4.1-1.1build2) ...
Selecting previously unselected package libxcb-util1:amd64.
Preparing to unpack .../057-libxcb-util1_0.4.0-1build2_amd64.deb ...
Unpacking libxcb-util1:amd64 (0.4.0-1build2) ...
Selecting previously unselected package libxcb-image0:amd64.
Preparing to unpack .../058-libxcb-image0_0.4.0-2_amd64.deb ...
Unpacking libxcb-image0:amd64 (0.4.0-2) ...
Selecting previously unselected package libxcb-keysyms1:amd64.
Preparing to unpack .../059-libxcb-keysyms1_0.4.0-1build3_amd64.deb ...
Unpacking libxcb-keysyms1:amd64 (0.4.0-1build3) ...
Selecting previously unselected package libxcb-randr0:amd64.
Preparing to unpack .../060-libxcb-randr0_1.14-3ubuntu3_amd64.deb ...
Unpacking libxcb-randr0:amd64 (1.14-3ubuntu3) ...
Selecting previously unselected package libxcb-render0:amd64.
Preparing to unpack .../061-libxcb-render0_1.14-3ubuntu3_amd64.deb ...
Unpacking libxcb-render0:amd64 (1.14-3ubuntu3) ...
Selecting previously unselected package libxcb-render-util0:amd64.
Preparing to unpack .../062-libxcb-render-util0_0.3.9-1build3_amd64.deb ...
Unpacking libxcb-render-util0:amd64 (0.3.9-1build3) ...
Selecting previously unselected package libxcb-shape0:amd64.
Preparing to unpack .../063-libxcb-shape0_1.14-3ubuntu3_amd64.deb ...
Unpacking libxcb-shape0:amd64 (1.14-3ubuntu3) ...
Selecting previously unselected package libxcb-xinerama0:amd64.
Preparing to unpack .../064-libxcb-xinerama0_1.14-3ubuntu3_amd64.deb ...
Unpacking libxcb-xinerama0:amd64 (1.14-3ubuntu3) ...
Selecting previously unselected package libxcb-xinput0:amd64.
Preparing to unpack .../065-libxcb-xinput0_1.14-3ubuntu3_amd64.deb ...
Unpacking libxcb-xinput0:amd64 (1.14-3ubuntu3) ...
Selecting previously unselected package libxcb-xkb1:amd64.
Preparing to unpack .../066-libxcb-xkb1_1.14-3ubuntu3_amd64.deb ...
Unpacking libxcb-xkb1:amd64 (1.14-3ubuntu3) ...
Selecting previously unselected package libxkbcommon0:amd64.
Preparing to unpack .../067-libxkbcommon0_1.4.0-1_amd64.deb ...
Unpacking libxkbcommon0:amd64 (1.4.0-1) ...
Selecting previously unselected package libxkbcommon-x11-0:amd64.
Preparing to unpack .../068-libxkbcommon-x11-0_1.4.0-1_amd64.deb ...
Unpacking libxkbcommon-x11-0:amd64 (1.4.0-1) ...
Selecting previously unselected package libxrender1:amd64.
Preparing to unpack .../069-libxrender1_1%3a0.9.10-1build4_amd64.deb ...
Unpacking libxrender1:amd64 (1:0.9.10-1build4) ...
Selecting previously unselected package libqt5gui5:amd64.
Preparing to unpack .../070-libqt5gui5_5.15.3+dfsg-2ubuntu0.2_amd64.deb ...
Unpacking libqt5gui5:amd64 (5.15.3+dfsg-2ubuntu0.2) ...
Selecting previously unselected package libqt5positioning5:amd64.
Preparing to unpack .../071-libqt5positioning5_5.15.3+dfsg-3_amd64.deb ...
Unpacking libqt5positioning5:amd64 (5.15.3+dfsg-3) ...
Selecting previously unselected package libavahi-common-data:amd64.
Preparing to unpack .../072-libavahi-common-data_0.8-5ubuntu5_amd64.deb ...
Unpacking libavahi-common-data:amd64 (0.8-5ubuntu5) ...
Selecting previously unselected package libavahi-common3:amd64.
Preparing to unpack .../073-libavahi-common3_0.8-5ubuntu5_amd64.deb ...
Unpacking libavahi-common3:amd64 (0.8-5ubuntu5) ...
Selecting previously unselected package libavahi-client3:amd64.
Preparing to unpack .../074-libavahi-client3_0.8-5ubuntu5_amd64.deb ...
Unpacking libavahi-client3:amd64 (0.8-5ubuntu5) ...
Selecting previously unselected package libcups2:amd64.
Preparing to unpack .../075-libcups2_2.4.1op1-1ubuntu4.1_amd64.deb ...
Unpacking libcups2:amd64 (2.4.1op1-1ubuntu4.1) ...
Selecting previously unselected package libqt5widgets5:amd64.
Preparing to unpack .../076-libqt5widgets5_5.15.3+dfsg-2ubuntu0.2_amd64.deb ...
Unpacking libqt5widgets5:amd64 (5.15.3+dfsg-2ubuntu0.2) ...
Selecting previously unselected package libqt5printsupport5:amd64.
Preparing to unpack .../077-libqt5printsupport5_5.15.3+dfsg-2ubuntu0.2_amd64.deb ...
Unpacking libqt5printsupport5:amd64 (5.15.3+dfsg-2ubuntu0.2) ...
Selecting previously unselected package libqt5qml5:amd64.
Preparing to unpack .../078-libqt5qml5_5.15.3+dfsg-1_amd64.deb ...
Unpacking libqt5qml5:amd64 (5.15.3+dfsg-1) ...
Selecting previously unselected package libqt5qmlmodels5:amd64.
Preparing to unpack .../079-libqt5qmlmodels5_5.15.3+dfsg-1_amd64.deb ...
Unpacking libqt5qmlmodels5:amd64 (5.15.3+dfsg-1) ...
Selecting previously unselected package libqt5quick5:amd64.
Preparing to unpack .../080-libqt5quick5_5.15.3+dfsg-1_amd64.deb ...
Unpacking libqt5quick5:amd64 (5.15.3+dfsg-1) ...
Selecting previously unselected package libqt5sensors5:amd64.
Preparing to unpack .../081-libqt5sensors5_5.15.3-1_amd64.deb ...
Unpacking libqt5sensors5:amd64 (5.15.3-1) ...
Selecting previously unselected package libqt5webchannel5:amd64.
Preparing to unpack .../082-libqt5webchannel5_5.15.3-1_amd64.deb ...
Unpacking libqt5webchannel5:amd64 (5.15.3-1) ...
Selecting previously unselected package libwebp7:amd64.
Preparing to unpack .../083-libwebp7_1.2.2-2_amd64.deb ...
Unpacking libwebp7:amd64 (1.2.2-2) ...
Selecting previously unselected package libwoff1:amd64.
Preparing to unpack .../084-libwoff1_1.0.2-1build4_amd64.deb ...
Unpacking libwoff1:amd64 (1.0.2-1build4) ...
Selecting previously unselected package libqt5webkit5:amd64.
Preparing to unpack .../085-libqt5webkit5_5.212.0~alpha4-15ubuntu1_amd64.deb ...
Unpacking libqt5webkit5:amd64 (5.212.0~alpha4-15ubuntu1) ...
Selecting previously unselected package m4.
Preparing to unpack .../086-m4_1.4.18-5ubuntu2_amd64.deb ...
Unpacking m4 (1.4.18-5ubuntu2) ...
Selecting previously unselected package autoconf.
Preparing to unpack .../087-autoconf_2.71-2_all.deb ...
Unpacking autoconf (2.71-2) ...
Selecting previously unselected package autotools-dev.
Preparing to unpack .../088-autotools-dev_20220109.1_all.deb ...
Unpacking autotools-dev (20220109.1) ...
Selecting previously unselected package automake.
Preparing to unpack .../089-automake_1%3a1.16.5-1.3_all.deb ...
Unpacking automake (1:1.16.5-1.3) ...
Selecting previously unselected package bison.
Preparing to unpack .../090-bison_2%3a3.8.2+dfsg-1build1_amd64.deb ...
Unpacking bison (2:3.8.2+dfsg-1build1) ...
Selecting previously unselected package libllvm12:amd64.
Preparing to unpack .../091-libllvm12_1%3a12.0.1-19ubuntu3_amd64.deb ...
Unpacking libllvm12:amd64 (1:12.0.1-19ubuntu3) ...
Selecting previously unselected package libclang-cpp12.
Preparing to unpack .../092-libclang-cpp12_1%3a12.0.1-19ubuntu3_amd64.deb ...
Unpacking libclang-cpp12 (1:12.0.1-19ubuntu3) ...
Selecting previously unselected package libbpfcc.
Preparing to unpack .../093-libbpfcc_0.25.0-0+jammy1_amd64.deb ...
Unpacking libbpfcc (0.25.0-0+jammy1) ...
Selecting previously unselected package python3-bpfcc.
Preparing to unpack .../094-python3-bpfcc_0.25.0-0+jammy1_all.deb ...
Unpacking python3-bpfcc (0.25.0-0+jammy1) ...
Selecting previously unselected package ieee-data.
Preparing to unpack .../095-ieee-data_20210605.1_all.deb ...
Unpacking ieee-data (20210605.1) ...
Selecting previously unselected package python3-netaddr.
Preparing to unpack .../096-python3-netaddr_0.8.0-2_all.deb ...
Unpacking python3-netaddr (0.8.0-2) ...
Selecting previously unselected package bpfcc-tools.
Preparing to unpack .../097-bpfcc-tools_0.25.0-0+jammy1_all.deb ...
Unpacking bpfcc-tools (0.25.0-0+jammy1) ...
Selecting previously unselected package ncal.
Preparing to unpack .../098-ncal_12.1.7+nmu3ubuntu2_amd64.deb ...
Unpacking ncal (12.1.7+nmu3ubuntu2) ...
Selecting previously unselected package bsdmainutils.
Preparing to unpack .../099-bsdmainutils_12.1.7+nmu3ubuntu2_all.deb ...
Unpacking bsdmainutils (12.1.7+nmu3ubuntu2) ...
Selecting previously unselected package libc-dev-bin.
Preparing to unpack .../100-libc-dev-bin_2.35-0ubuntu3.1_amd64.deb ...
Unpacking libc-dev-bin (2.35-0ubuntu3.1) ...
Selecting previously unselected package linux-libc-dev:amd64.
Preparing to unpack .../101-linux-libc-dev_5.15.0-53.59_amd64.deb ...
Unpacking linux-libc-dev:amd64 (5.15.0-53.59) ...
Selecting previously unselected package libcrypt-dev:amd64.
Preparing to unpack .../102-libcrypt-dev_1%3a4.4.27-1_amd64.deb ...
Unpacking libcrypt-dev:amd64 (1:4.4.27-1) ...
Selecting previously unselected package rpcsvc-proto.
Preparing to unpack .../103-rpcsvc-proto_1.4.2-0ubuntu6_amd64.deb ...
Unpacking rpcsvc-proto (1.4.2-0ubuntu6) ...
Selecting previously unselected package libtirpc-dev:amd64.
Preparing to unpack .../104-libtirpc-dev_1.3.2-2ubuntu0.1_amd64.deb ...
Unpacking libtirpc-dev:amd64 (1.3.2-2ubuntu0.1) ...
Selecting previously unselected package libnsl-dev:amd64.
Preparing to unpack .../105-libnsl-dev_1.3.0-2build2_amd64.deb ...
Unpacking libnsl-dev:amd64 (1.3.0-2build2) ...
Selecting previously unselected package libc6-dev:amd64.
Preparing to unpack .../106-libc6-dev_2.35-0ubuntu3.1_amd64.deb ...
Unpacking libc6-dev:amd64 (2.35-0ubuntu3.1) ...
Selecting previously unselected package gcc-11-base:amd64.
Preparing to unpack .../107-gcc-11-base_11.3.0-1ubuntu1~22.04_amd64.deb ...
Unpacking gcc-11-base:amd64 (11.3.0-1ubuntu1~22.04) ...
Selecting previously unselected package libisl23:amd64.
Preparing to unpack .../108-libisl23_0.24-2build1_amd64.deb ...
Unpacking libisl23:amd64 (0.24-2build1) ...
Selecting previously unselected package libmpc3:amd64.
Preparing to unpack .../109-libmpc3_1.2.1-2build1_amd64.deb ...
Unpacking libmpc3:amd64 (1.2.1-2build1) ...
Selecting previously unselected package cpp-11.
Preparing to unpack .../110-cpp-11_11.3.0-1ubuntu1~22.04_amd64.deb ...
Unpacking cpp-11 (11.3.0-1ubuntu1~22.04) ...
Selecting previously unselected package cpp.
Preparing to unpack .../111-cpp_4%3a11.2.0-1ubuntu1_amd64.deb ...
Unpacking cpp (4:11.2.0-1ubuntu1) ...
Selecting previously unselected package libcc1-0:amd64.
Preparing to unpack .../112-libcc1-0_12.1.0-2ubuntu1~22.04_amd64.deb ...
Unpacking libcc1-0:amd64 (12.1.0-2ubuntu1~22.04) ...
Selecting previously unselected package libgomp1:amd64.
Preparing to unpack .../113-libgomp1_12.1.0-2ubuntu1~22.04_amd64.deb ...
Unpacking libgomp1:amd64 (12.1.0-2ubuntu1~22.04) ...
Selecting previously unselected package libitm1:amd64.
Preparing to unpack .../114-libitm1_12.1.0-2ubuntu1~22.04_amd64.deb ...
Unpacking libitm1:amd64 (12.1.0-2ubuntu1~22.04) ...
Selecting previously unselected package libatomic1:amd64.
Preparing to unpack .../115-libatomic1_12.1.0-2ubuntu1~22.04_amd64.deb ...
Unpacking libatomic1:amd64 (12.1.0-2ubuntu1~22.04) ...
Selecting previously unselected package libasan6:amd64.
Preparing to unpack .../116-libasan6_11.3.0-1ubuntu1~22.04_amd64.deb ...
Unpacking libasan6:amd64 (11.3.0-1ubuntu1~22.04) ...
Selecting previously unselected package liblsan0:amd64.
Preparing to unpack .../117-liblsan0_12.1.0-2ubuntu1~22.04_amd64.deb ...
Unpacking liblsan0:amd64 (12.1.0-2ubuntu1~22.04) ...
Selecting previously unselected package libtsan0:amd64.
Preparing to unpack .../118-libtsan0_11.3.0-1ubuntu1~22.04_amd64.deb ...
Unpacking libtsan0:amd64 (11.3.0-1ubuntu1~22.04) ...
Selecting previously unselected package libubsan1:amd64.
Preparing to unpack .../119-libubsan1_12.1.0-2ubuntu1~22.04_amd64.deb ...
Unpacking libubsan1:amd64 (12.1.0-2ubuntu1~22.04) ...
Selecting previously unselected package libquadmath0:amd64.
Preparing to unpack .../120-libquadmath0_12.1.0-2ubuntu1~22.04_amd64.deb ...
Unpacking libquadmath0:amd64 (12.1.0-2ubuntu1~22.04) ...
Selecting previously unselected package libgcc-11-dev:amd64.
Preparing to unpack .../121-libgcc-11-dev_11.3.0-1ubuntu1~22.04_amd64.deb ...
Unpacking libgcc-11-dev:amd64 (11.3.0-1ubuntu1~22.04) ...
Selecting previously unselected package gcc-11.
Preparing to unpack .../122-gcc-11_11.3.0-1ubuntu1~22.04_amd64.deb ...
Unpacking gcc-11 (11.3.0-1ubuntu1~22.04) ...
Selecting previously unselected package gcc.
Preparing to unpack .../123-gcc_4%3a11.2.0-1ubuntu1_amd64.deb ...
Unpacking gcc (4:11.2.0-1ubuntu1) ...
Selecting previously unselected package libstdc++-11-dev:amd64.
Preparing to unpack .../124-libstdc++-11-dev_11.3.0-1ubuntu1~22.04_amd64.deb ...
Unpacking libstdc++-11-dev:amd64 (11.3.0-1ubuntu1~22.04) ...
Selecting previously unselected package g++-11.
Preparing to unpack .../125-g++-11_11.3.0-1ubuntu1~22.04_amd64.deb ...
Unpacking g++-11 (11.3.0-1ubuntu1~22.04) ...
Selecting previously unselected package g++.
Preparing to unpack .../126-g++_4%3a11.2.0-1ubuntu1_amd64.deb ...
Unpacking g++ (4:11.2.0-1ubuntu1) ...
Selecting previously unselected package make.
Preparing to unpack .../127-make_4.3-4.1build1_amd64.deb ...
Unpacking make (4.3-4.1build1) ...
Selecting previously unselected package libdpkg-perl.
Preparing to unpack .../128-libdpkg-perl_1.21.1ubuntu2.1_all.deb ...
Unpacking libdpkg-perl (1.21.1ubuntu2.1) ...
Selecting previously unselected package bzip2.
Preparing to unpack .../129-bzip2_1.0.8-5build1_amd64.deb ...
Unpacking bzip2 (1.0.8-5build1) ...
Selecting previously unselected package lto-disabled-list.
Preparing to unpack .../130-lto-disabled-list_24_all.deb ...
Unpacking lto-disabled-list (24) ...
Selecting previously unselected package dpkg-dev.
Preparing to unpack .../131-dpkg-dev_1.21.1ubuntu2.1_all.deb ...
Unpacking dpkg-dev (1.21.1ubuntu2.1) ...
Selecting previously unselected package build-essential.
Preparing to unpack .../132-build-essential_12.9ubuntu3_amd64.deb ...
Unpacking build-essential (12.9ubuntu3) ...
Selecting previously unselected package libhiredis0.14:amd64.
Preparing to unpack .../133-libhiredis0.14_0.14.1-2_amd64.deb ...
Unpacking libhiredis0.14:amd64 (0.14.1-2) ...
Selecting previously unselected package ccache.
Preparing to unpack .../134-ccache_4.5.1-1_amd64.deb ...
Unpacking ccache (4.5.1-1) ...
Selecting previously unselected package libllvm14:amd64.
Preparing to unpack .../135-libllvm14_1%3a14.0.0-1ubuntu1_amd64.deb ...
Unpacking libllvm14:amd64 (1:14.0.0-1ubuntu1) ...
Selecting previously unselected package libclang-cpp14.
Preparing to unpack .../136-libclang-cpp14_1%3a14.0.0-1ubuntu1_amd64.deb ...
Unpacking libclang-cpp14 (1:14.0.0-1ubuntu1) ...
Selecting previously unselected package libgc1:amd64.
Preparing to unpack .../137-libgc1_1%3a8.0.6-1.1build1_amd64.deb ...
Unpacking libgc1:amd64 (1:8.0.6-1.1build1) ...
Selecting previously unselected package libobjc4:amd64.
Preparing to unpack .../138-libobjc4_12.1.0-2ubuntu1~22.04_amd64.deb ...
Unpacking libobjc4:amd64 (12.1.0-2ubuntu1~22.04) ...
Selecting previously unselected package libobjc-11-dev:amd64.
Preparing to unpack .../139-libobjc-11-dev_11.3.0-1ubuntu1~22.04_amd64.deb ...
Unpacking libobjc-11-dev:amd64 (11.3.0-1ubuntu1~22.04) ...
Selecting previously unselected package libc6-i386.
Preparing to unpack .../140-libc6-i386_2.35-0ubuntu3.1_amd64.deb ...
Unpacking libc6-i386 (2.35-0ubuntu3.1) ...
Selecting previously unselected package lib32gcc-s1.
Preparing to unpack .../141-lib32gcc-s1_12.1.0-2ubuntu1~22.04_amd64.deb ...
Unpacking lib32gcc-s1 (12.1.0-2ubuntu1~22.04) ...
Selecting previously unselected package lib32stdc++6.
Preparing to unpack .../142-lib32stdc++6_12.1.0-2ubuntu1~22.04_amd64.deb ...
Unpacking lib32stdc++6 (12.1.0-2ubuntu1~22.04) ...
Selecting previously unselected package libclang-common-14-dev.
Preparing to unpack .../143-libclang-common-14-dev_1%3a14.0.0-1ubuntu1_amd64.deb ...
Unpacking libclang-common-14-dev (1:14.0.0-1ubuntu1) ...
Selecting previously unselected package llvm-14-linker-tools.
Preparing to unpack .../144-llvm-14-linker-tools_1%3a14.0.0-1ubuntu1_amd64.deb ...
Unpacking llvm-14-linker-tools (1:14.0.0-1ubuntu1) ...
Selecting previously unselected package libclang1-14.
Preparing to unpack .../145-libclang1-14_1%3a14.0.0-1ubuntu1_amd64.deb ...
Unpacking libclang1-14 (1:14.0.0-1ubuntu1) ...
Selecting previously unselected package clang-14.
Preparing to unpack .../146-clang-14_1%3a14.0.0-1ubuntu1_amd64.deb ...
Unpacking clang-14 (1:14.0.0-1ubuntu1) ...
Selecting previously unselected package clang.
Preparing to unpack .../147-clang_1%3a14.0-55~exp2_amd64.deb ...
Unpacking clang (1:14.0-55~exp2) ...
Selecting previously unselected package libarchive13:amd64.
Preparing to unpack .../148-libarchive13_3.6.0-1ubuntu1_amd64.deb ...
Unpacking libarchive13:amd64 (3.6.0-1ubuntu1) ...
Selecting previously unselected package libjsoncpp25:amd64.
Preparing to unpack .../149-libjsoncpp25_1.9.5-3_amd64.deb ...
Unpacking libjsoncpp25:amd64 (1.9.5-3) ...
Selecting previously unselected package librhash0:amd64.
Preparing to unpack .../150-librhash0_1.4.2-1ubuntu1_amd64.deb ...
Unpacking librhash0:amd64 (1.4.2-1ubuntu1) ...
Selecting previously unselected package dh-elpa-helper.
Preparing to unpack .../151-dh-elpa-helper_2.0.9ubuntu1_all.deb ...
Unpacking dh-elpa-helper (2.0.9ubuntu1) ...
Selecting previously unselected package emacsen-common.
Preparing to unpack .../152-emacsen-common_3.0.4_all.deb ...
Unpacking emacsen-common (3.0.4) ...
Selecting previously unselected package cmake-data.
Preparing to unpack .../153-cmake-data_3.22.1-1ubuntu1.22.04.1_all.deb ...
Unpacking cmake-data (3.22.1-1ubuntu1.22.04.1) ...
Selecting previously unselected package cmake.
Preparing to unpack .../154-cmake_3.22.1-1ubuntu1.22.04.1_amd64.deb ...
Unpacking cmake (3.22.1-1ubuntu1.22.04.1) ...
Selecting previously unselected package icu-devtools.
Preparing to unpack .../155-icu-devtools_70.1-2_amd64.deb ...
Unpacking icu-devtools (70.1-2) ...
Selecting previously unselected package libgssrpc4:amd64.
Preparing to unpack .../156-libgssrpc4_1.19.2-2_amd64.deb ...
Unpacking libgssrpc4:amd64 (1.19.2-2) ...
Selecting previously unselected package libkdb5-10:amd64.
Preparing to unpack .../157-libkdb5-10_1.19.2-2_amd64.deb ...
Unpacking libkdb5-10:amd64 (1.19.2-2) ...
Selecting previously unselected package libkadm5srv-mit12:amd64.
Preparing to unpack .../158-libkadm5srv-mit12_1.19.2-2_amd64.deb ...
Unpacking libkadm5srv-mit12:amd64 (1.19.2-2) ...
Selecting previously unselected package libkadm5clnt-mit12:amd64.
Preparing to unpack .../159-libkadm5clnt-mit12_1.19.2-2_amd64.deb ...
Unpacking libkadm5clnt-mit12:amd64 (1.19.2-2) ...
Selecting previously unselected package comerr-dev:amd64.
Preparing to unpack .../160-comerr-dev_2.1-1.46.5-2ubuntu1.1_amd64.deb ...
Unpacking comerr-dev:amd64 (2.1-1.46.5-2ubuntu1.1) ...
Selecting previously unselected package krb5-multidev:amd64.
Preparing to unpack .../161-krb5-multidev_1.19.2-2_amd64.deb ...
Unpacking krb5-multidev:amd64 (1.19.2-2) ...
Selecting previously unselected package libboost1.74-dev:amd64.
Preparing to unpack .../162-libboost1.74-dev_1.74.0-14ubuntu3_amd64.deb ...
Unpacking libboost1.74-dev:amd64 (1.74.0-14ubuntu3) ...
Selecting previously unselected package libboost-dev:amd64.
Preparing to unpack .../163-libboost-dev_1.74.0.3ubuntu7_amd64.deb ...
Unpacking libboost-dev:amd64 (1.74.0.3ubuntu7) ...
Selecting previously unselected package libmd-dev:amd64.
Preparing to unpack .../164-libmd-dev_1.0.4-1build1_amd64.deb ...
Unpacking libmd-dev:amd64 (1.0.4-1build1) ...
Selecting previously unselected package libbsd-dev:amd64.
Preparing to unpack .../165-libbsd-dev_0.11.5-1_amd64.deb ...
Unpacking libbsd-dev:amd64 (0.11.5-1) ...
Selecting previously unselected package libdb5.3++:amd64.
Preparing to unpack .../166-libdb5.3++_5.3.28+dfsg1-0.8ubuntu3_amd64.deb ...
Unpacking libdb5.3++:amd64 (5.3.28+dfsg1-0.8ubuntu3) ...
Selecting previously unselected package xorg-sgml-doctools.
Preparing to unpack .../167-xorg-sgml-doctools_1%3a1.11-1.1_all.deb ...
Unpacking xorg-sgml-doctools (1:1.11-1.1) ...
Selecting previously unselected package x11proto-dev.
Preparing to unpack .../168-x11proto-dev_2021.5-1_all.deb ...
Unpacking x11proto-dev (2021.5-1) ...
Selecting previously unselected package libxau-dev:amd64.
Preparing to unpack .../169-libxau-dev_1%3a1.0.9-1build5_amd64.deb ...
Unpacking libxau-dev:amd64 (1:1.0.9-1build5) ...
Selecting previously unselected package libxdmcp-dev:amd64.
Preparing to unpack .../170-libxdmcp-dev_1%3a1.1.3-0ubuntu5_amd64.deb ...
Unpacking libxdmcp-dev:amd64 (1:1.1.3-0ubuntu5) ...
Selecting previously unselected package xtrans-dev.
Preparing to unpack .../171-xtrans-dev_1.4.0-1_all.deb ...
Unpacking xtrans-dev (1.4.0-1) ...
Selecting previously unselected package libpthread-stubs0-dev:amd64.
Preparing to unpack .../172-libpthread-stubs0-dev_0.4-1build2_amd64.deb ...
Unpacking libpthread-stubs0-dev:amd64 (0.4-1build2) ...
Selecting previously unselected package libxcb1-dev:amd64.
Preparing to unpack .../173-libxcb1-dev_1.14-3ubuntu3_amd64.deb ...
Unpacking libxcb1-dev:amd64 (1.14-3ubuntu3) ...
Selecting previously unselected package libx11-dev:amd64.
Preparing to unpack .../174-libx11-dev_2%3a1.7.5-1_amd64.deb ...
Unpacking libx11-dev:amd64 (2:1.7.5-1) ...
Selecting previously unselected package libglx-dev:amd64.
Preparing to unpack .../175-libglx-dev_1.4.0-1_amd64.deb ...
Unpacking libglx-dev:amd64 (1.4.0-1) ...
Selecting previously unselected package libgl-dev:amd64.
Preparing to unpack .../176-libgl-dev_1.4.0-1_amd64.deb ...
Unpacking libgl-dev:amd64 (1.4.0-1) ...
Selecting previously unselected package libegl-dev:amd64.
Preparing to unpack .../177-libegl-dev_1.4.0-1_amd64.deb ...
Unpacking libegl-dev:amd64 (1.4.0-1) ...
Selecting previously unselected package libevent-2.1-7:amd64.
Preparing to unpack .../178-libevent-2.1-7_2.1.12-stable-1build3_amd64.deb ...
Unpacking libevent-2.1-7:amd64 (2.1.12-stable-1build3) ...
Selecting previously unselected package libevent-extra-2.1-7:amd64.
Preparing to unpack .../179-libevent-extra-2.1-7_2.1.12-stable-1build3_amd64.deb ...
Unpacking libevent-extra-2.1-7:amd64 (2.1.12-stable-1build3) ...
Selecting previously unselected package libevent-pthreads-2.1-7:amd64.
Preparing to unpack .../180-libevent-pthreads-2.1-7_2.1.12-stable-1build3_amd64.deb ...
Unpacking libevent-pthreads-2.1-7:amd64 (2.1.12-stable-1build3) ...
Selecting previously unselected package libevent-openssl-2.1-7:amd64.
Preparing to unpack .../181-libevent-openssl-2.1-7_2.1.12-stable-1build3_amd64.deb ...
Unpacking libevent-openssl-2.1-7:amd64 (2.1.12-stable-1build3) ...
Selecting previously unselected package libevent-dev.
Preparing to unpack .../182-libevent-dev_2.1.12-stable-1build3_amd64.deb ...
Unpacking libevent-dev (2.1.12-stable-1build3) ...
Selecting previously unselected package libopengl0:amd64.
Preparing to unpack .../183-libopengl0_1.4.0-1_amd64.deb ...
Unpacking libopengl0:amd64 (1.4.0-1) ...
Selecting previously unselected package libglu1-mesa:amd64.
Preparing to unpack .../184-libglu1-mesa_9.0.2-1_amd64.deb ...
Unpacking libglu1-mesa:amd64 (9.0.2-1) ...
Selecting previously unselected package libglu1-mesa-dev:amd64.
Preparing to unpack .../185-libglu1-mesa-dev_9.0.2-1_amd64.deb ...
Unpacking libglu1-mesa-dev:amd64 (9.0.2-1) ...
Selecting previously unselected package libicu-dev:amd64.
Preparing to unpack .../186-libicu-dev_70.1-2_amd64.deb ...
Unpacking libicu-dev:amd64 (70.1-2) ...
Selecting previously unselected package libminiupnpc17:amd64.
Preparing to unpack .../187-libminiupnpc17_2.2.3-1build1_amd64.deb ...
Unpacking libminiupnpc17:amd64 (2.2.3-1build1) ...
Selecting previously unselected package libminiupnpc-dev:amd64.
Preparing to unpack .../188-libminiupnpc-dev_2.2.3-1build1_amd64.deb ...
Unpacking libminiupnpc-dev:amd64 (2.2.3-1build1) ...
Selecting previously unselected package libnatpmp1:amd64.
Preparing to unpack .../189-libnatpmp1_20150609-7.1build2_amd64.deb ...
Unpacking libnatpmp1:amd64 (20150609-7.1build2) ...
Selecting previously unselected package libnatpmp-dev:amd64.
Preparing to unpack .../190-libnatpmp-dev_20150609-7.1build2_amd64.deb ...
Unpacking libnatpmp-dev:amd64 (20150609-7.1build2) ...
Selecting previously unselected package libnorm1:amd64.
Preparing to unpack .../191-libnorm1_1.5.9+dfsg-2_amd64.deb ...
Unpacking libnorm1:amd64 (1.5.9+dfsg-2) ...
Selecting previously unselected package libxml2-dev:amd64.
Preparing to unpack .../192-libxml2-dev_2.9.13+dfsg-1ubuntu0.1_amd64.deb ...
Unpacking libxml2-dev:amd64 (2.9.13+dfsg-1ubuntu0.1) ...
Selecting previously unselected package libnorm-dev:amd64.
Preparing to unpack .../193-libnorm-dev_1.5.9+dfsg-2_amd64.deb ...
Unpacking libnorm-dev:amd64 (1.5.9+dfsg-2) ...
Selecting previously unselected package libpgm-5.3-0:amd64.
Preparing to unpack .../194-libpgm-5.3-0_5.3.128~dfsg-2_amd64.deb ...
Unpacking libpgm-5.3-0:amd64 (5.3.128~dfsg-2) ...
Selecting previously unselected package libpgm-dev:amd64.
Preparing to unpack .../195-libpgm-dev_5.3.128~dfsg-2_amd64.deb ...
Unpacking libpgm-dev:amd64 (5.3.128~dfsg-2) ...
Selecting previously unselected package libqrencode4:amd64.
Preparing to unpack .../196-libqrencode4_4.1.1-1_amd64.deb ...
Unpacking libqrencode4:amd64 (4.1.1-1) ...
Selecting previously unselected package libqrencode-dev:amd64.
Preparing to unpack .../197-libqrencode-dev_4.1.1-1_amd64.deb ...
Unpacking libqrencode-dev:amd64 (4.1.1-1) ...
Selecting previously unselected package libqt5concurrent5:amd64.
Preparing to unpack .../198-libqt5concurrent5_5.15.3+dfsg-2ubuntu0.2_amd64.deb ...
Unpacking libqt5concurrent5:amd64 (5.15.3+dfsg-2ubuntu0.2) ...
Selecting previously unselected package libqt5xml5:amd64.
Preparing to unpack .../199-libqt5xml5_5.15.3+dfsg-2ubuntu0.2_amd64.deb ...
Unpacking libqt5xml5:amd64 (5.15.3+dfsg-2ubuntu0.2) ...
Selecting previously unselected package libqt5designer5:amd64.
Preparing to unpack .../200-libqt5designer5_5.15.3-1_amd64.deb ...
Unpacking libqt5designer5:amd64 (5.15.3-1) ...
Selecting previously unselected package libqt5designercomponents5:amd64.
Preparing to unpack .../201-libqt5designercomponents5_5.15.3-1_amd64.deb ...
Unpacking libqt5designercomponents5:amd64 (5.15.3-1) ...
Selecting previously unselected package libqt5sql5:amd64.
Preparing to unpack .../202-libqt5sql5_5.15.3+dfsg-2ubuntu0.2_amd64.deb ...
Unpacking libqt5sql5:amd64 (5.15.3+dfsg-2ubuntu0.2) ...
Selecting previously unselected package libqt5help5:amd64.
Preparing to unpack .../203-libqt5help5_5.15.3-1_amd64.deb ...
Unpacking libqt5help5:amd64 (5.15.3-1) ...
Selecting previously unselected package libqt5quickwidgets5:amd64.
Preparing to unpack .../204-libqt5quickwidgets5_5.15.3+dfsg-1_amd64.deb ...
Unpacking libqt5quickwidgets5:amd64 (5.15.3+dfsg-1) ...
Selecting previously unselected package libqt5sql5-sqlite:amd64.
Preparing to unpack .../205-libqt5sql5-sqlite_5.15.3+dfsg-2ubuntu0.2_amd64.deb ...
Unpacking libqt5sql5-sqlite:amd64 (5.15.3+dfsg-2ubuntu0.2) ...
Selecting previously unselected package libqt5test5:amd64.
Preparing to unpack .../206-libqt5test5_5.15.3+dfsg-2ubuntu0.2_amd64.deb ...
Unpacking libqt5test5:amd64 (5.15.3+dfsg-2ubuntu0.2) ...
Selecting previously unselected package libsodium-dev:amd64.
Preparing to unpack .../207-libsodium-dev_1.0.18-1build2_amd64.deb ...
Unpacking libsodium-dev:amd64 (1.0.18-1build2) ...
Selecting previously unselected package libsqlite3-dev:amd64.
Preparing to unpack .../208-libsqlite3-dev_3.37.2-2ubuntu0.1_amd64.deb ...
Unpacking libsqlite3-dev:amd64 (3.37.2-2ubuntu0.1) ...
Selecting previously unselected package libtool.
Preparing to unpack .../209-libtool_2.4.6-15build2_all.deb ...
Unpacking libtool (2.4.6-15build2) ...
Selecting previously unselected package libvulkan-dev:amd64.
Preparing to unpack .../210-libvulkan-dev_1.3.204.1-2_amd64.deb ...
Unpacking libvulkan-dev:amd64 (1.3.204.1-2) ...
Selecting previously unselected package libxext-dev:amd64.
Preparing to unpack .../211-libxext-dev_2%3a1.3.4-1build1_amd64.deb ...
Unpacking libxext-dev:amd64 (2:1.3.4-1build1) ...
Selecting previously unselected package libzmq5:amd64.
Preparing to unpack .../212-libzmq5_4.3.4-2_amd64.deb ...
Unpacking libzmq5:amd64 (4.3.4-2) ...
Selecting previously unselected package libkrb5-dev:amd64.
Preparing to unpack .../213-libkrb5-dev_1.19.2-2_amd64.deb ...
Unpacking libkrb5-dev:amd64 (1.19.2-2) ...
Selecting previously unselected package libzmq3-dev:amd64.
Preparing to unpack .../214-libzmq3-dev_4.3.4-2_amd64.deb ...
Unpacking libzmq3-dev:amd64 (4.3.4-2) ...
Selecting previously unselected package llvm-14-runtime.
Preparing to unpack .../215-llvm-14-runtime_1%3a14.0.0-1ubuntu1_amd64.deb ...
Unpacking llvm-14-runtime (1:14.0.0-1ubuntu1) ...
Selecting previously unselected package llvm-runtime:amd64.
Preparing to unpack .../216-llvm-runtime_1%3a14.0-55~exp2_amd64.deb ...
Unpacking llvm-runtime:amd64 (1:14.0-55~exp2) ...
Selecting previously unselected package libpfm4:amd64.
Preparing to unpack .../217-libpfm4_4.11.1+git32-gd0b85fb-1_amd64.deb ...
Unpacking libpfm4:amd64 (4.11.1+git32-gd0b85fb-1) ...
Selecting previously unselected package llvm-14.
Preparing to unpack .../218-llvm-14_1%3a14.0.0-1ubuntu1_amd64.deb ...
Unpacking llvm-14 (1:14.0.0-1ubuntu1) ...
Selecting previously unselected package llvm.
Preparing to unpack .../219-llvm_1%3a14.0-55~exp2_amd64.deb ...
Unpacking llvm (1:14.0-55~exp2) ...
Selecting previously unselected package pkg-config.
Preparing to unpack .../220-pkg-config_0.29.2-1ubuntu3_amd64.deb ...
Unpacking pkg-config (0.29.2-1ubuntu3) ...
Selecting previously unselected package python3-py.
Preparing to unpack .../221-python3-py_1.10.0-1_all.deb ...
Unpacking python3-py (1.10.0-1) ...
Selecting previously unselected package python3-zmq.
Preparing to unpack .../222-python3-zmq_22.3.0-1build1_amd64.deb ...
Unpacking python3-zmq (22.3.0-1build1) ...
Selecting previously unselected package qtchooser.
Preparing to unpack .../223-qtchooser_66-2build1_amd64.deb ...
Unpacking qtchooser (66-2build1) ...
Selecting previously unselected package qdoc-qt5.
Preparing to unpack .../224-qdoc-qt5_5.15.3-1_amd64.deb ...
Unpacking qdoc-qt5 (5.15.3-1) ...
Selecting previously unselected package qhelpgenerator-qt5.
Preparing to unpack .../225-qhelpgenerator-qt5_5.15.3-1_amd64.deb ...
Unpacking qhelpgenerator-qt5 (5.15.3-1) ...
Selecting previously unselected package qt5-assistant.
Preparing to unpack .../226-qt5-assistant_5.15.3-1_amd64.deb ...
Unpacking qt5-assistant (5.15.3-1) ...
Selecting previously unselected package qt5-qmake-bin.
Preparing to unpack .../227-qt5-qmake-bin_5.15.3+dfsg-2ubuntu0.2_amd64.deb ...
Unpacking qt5-qmake-bin (5.15.3+dfsg-2ubuntu0.2) ...
Selecting previously unselected package qt5-qmake:amd64.
Preparing to unpack .../228-qt5-qmake_5.15.3+dfsg-2ubuntu0.2_amd64.deb ...
Unpacking qt5-qmake:amd64 (5.15.3+dfsg-2ubuntu0.2) ...
Selecting previously unselected package qtattributionsscanner-qt5.
Preparing to unpack .../229-qtattributionsscanner-qt5_5.15.3-1_amd64.deb ...
Unpacking qtattributionsscanner-qt5 (5.15.3-1) ...
Selecting previously unselected package qtbase5-dev-tools.
Preparing to unpack .../230-qtbase5-dev-tools_5.15.3+dfsg-2ubuntu0.2_amd64.deb ...
Unpacking qtbase5-dev-tools (5.15.3+dfsg-2ubuntu0.2) ...
Selecting previously unselected package qtbase5-dev:amd64.
Preparing to unpack .../231-qtbase5-dev_5.15.3+dfsg-2ubuntu0.2_amd64.deb ...
Unpacking qtbase5-dev:amd64 (5.15.3+dfsg-2ubuntu0.2) ...
Selecting previously unselected package qttools5-dev-tools.
Preparing to unpack .../232-qttools5-dev-tools_5.15.3-1_amd64.deb ...
Unpacking qttools5-dev-tools (5.15.3-1) ...
Selecting previously unselected package qttools5-dev:amd64.
Preparing to unpack .../233-qttools5-dev_5.15.3-1_amd64.deb ...
Unpacking qttools5-dev:amd64 (5.15.3-1) ...
Selecting previously unselected package systemtap-sdt-dev:amd64.
Preparing to unpack .../234-systemtap-sdt-dev_4.6-2_amd64.deb ...
Unpacking systemtap-sdt-dev:amd64 (4.6-2) ...
Selecting previously unselected package libdb5.3-dev.
Preparing to unpack .../235-libdb5.3-dev_5.3.28+dfsg1-0.8ubuntu3_amd64.deb ...
Unpacking libdb5.3-dev (5.3.28+dfsg1-0.8ubuntu3) ...
Selecting previously unselected package libdb5.3++-dev.
Preparing to unpack .../236-libdb5.3++-dev_5.3.28+dfsg1-0.8ubuntu3_amd64.deb ...
Unpacking libdb5.3++-dev (5.3.28+dfsg1-0.8ubuntu3) ...
Setting up libgraphite2-3:amd64 (1.3.14-1build2) ...
Setting up libxcb-dri3-0:amd64 (1.14-3ubuntu3) ...
Setting up gcc-11-base:amd64 (11.3.0-1ubuntu1~22.04) ...
Setting up libwayland-server0:amd64 (1.20.0-1ubuntu0.1) ...
Setting up libx11-xcb1:amd64 (2:1.7.5-1) ...
Setting up libdouble-conversion3:amd64 (3.1.7-4) ...
Setting up libevent-extra-2.1-7:amd64 (2.1.12-stable-1build3) ...
Setting up lto-disabled-list (24) ...
Setting up libdrm-nouveau2:amd64 (2.4.110-1ubuntu1) ...
Setting up libxcb-xfixes0:amd64 (1.14-3ubuntu3) ...
Setting up libxcb-xinput0:amd64 (1.14-3ubuntu3) ...
Setting up libwoff1:amd64 (1.0.2-1build4) ...
Setting up libqrencode4:amd64 (4.1.1-1) ...
Setting up libxrender1:amd64 (1:0.9.10-1build4) ...
Setting up python3-py (1.10.0-1) ...
Setting up libhyphen0:amd64 (2.8.8-7build2) ...
Setting up libgbm1:amd64 (22.0.5-0ubuntu0.1) ...
Setting up ncal (12.1.7+nmu3ubuntu2) ...
Setting up libarchive13:amd64 (3.6.0-1ubuntu1) ...
Setting up libxcb-render0:amd64 (1.14-3ubuntu3) ...
Setting up libdrm-radeon1:amd64 (2.4.110-1ubuntu1) ...
Setting up libglvnd0:amd64 (1.4.0-1) ...
Setting up libpgm-5.3-0:amd64 (5.3.128~dfsg-2) ...
Setting up libxcb-glx0:amd64 (1.14-3ubuntu3) ...
Setting up libdb5.3++:amd64 (5.3.28+dfsg1-0.8ubuntu3) ...
Setting up libnorm1:amd64 (1.5.9+dfsg-2) ...
Setting up libxcb-keysyms1:amd64 (0.4.0-1build3) ...
Setting up libnatpmp1:amd64 (20150609-7.1build2) ...
Setting up libxcb-shape0:amd64 (1.14-3ubuntu3) ...
Setting up x11-common (1:7.7+23ubuntu2) ...
Setting up libsensors-config (1:3.6.0-7ubuntu1) ...
Setting up linux-libc-dev:amd64 (5.15.0-53.59) ...
Setting up libevent-openssl-2.1-7:amd64 (2.1.12-stable-1build3) ...
Setting up m4 (1.4.18-5ubuntu2) ...
Setting up libxcb-render-util0:amd64 (0.3.9-1build3) ...
Setting up libnatpmp-dev:amd64 (20150609-7.1build2) ...
Setting up libxcb-shm0:amd64 (1.14-3ubuntu3) ...
Setting up libxcb-icccm4:amd64 (0.4.1-1.1build2) ...
Setting up libgomp1:amd64 (12.1.0-2ubuntu1~22.04) ...
Setting up bzip2 (1.0.8-5build1) ...
Setting up libminiupnpc17:amd64 (2.2.3-1build1) ...
Setting up libpthread-stubs0-dev:amd64 (0.4-1build2) ...
Setting up libpcre2-16-0:amd64 (10.39-3ubuntu0.1) ...
Setting up libopengl0:amd64 (1.4.0-1) ...
Setting up libasan6:amd64 (11.3.0-1ubuntu1~22.04) ...
Setting up libxcb-util1:amd64 (0.4.0-1build2) ...
Setting up libxxf86vm1:amd64 (1:1.1.4-1build3) ...
Setting up libxcb-xkb1:amd64 (1.14-3ubuntu3) ...
Setting up libxcb-image0:amd64 (0.4.0-2) ...
Setting up libxcb-present0:amd64 (1.14-3ubuntu3) ...
Setting up libgssrpc4:amd64 (1.19.2-2) ...
Setting up xtrans-dev (1.4.0-1) ...
Setting up autotools-dev (20220109.1) ...
Setting up libxcb-xinerama0:amd64 (1.14-3ubuntu3) ...
Setting up libtirpc-dev:amd64 (1.3.2-2ubuntu0.1) ...
Setting up libpfm4:amd64 (4.11.1+git32-gd0b85fb-1) ...
Setting up rpcsvc-proto (1.4.2-0ubuntu6) ...
Setting up emacsen-common (3.0.4) ...
Setting up qt5-qmake-bin (5.15.3+dfsg-2ubuntu0.2) ...
Setting up systemtap-sdt-dev:amd64 (4.6-2) ...
Setting up make (4.3-4.1build1) ...
Setting up libxfixes3:amd64 (1:6.0.0-1) ...
Setting up libxcb-sync1:amd64 (1.14-3ubuntu3) ...
Setting up dh-elpa-helper (2.0.9ubuntu1) ...
Setting up libpgm-dev:amd64 (5.3.128~dfsg-2) ...
Setting up libavahi-common-data:amd64 (0.8-5ubuntu5) ...
Setting up libllvm12:amd64 (1:12.0.1-19ubuntu3) ...
Setting up libquadmath0:amd64 (12.1.0-2ubuntu1~22.04) ...
Setting up bsdmainutils (12.1.7+nmu3ubuntu2) ...
Setting up libmpc3:amd64 (1.2.1-2build1) ...
Setting up libatomic1:amd64 (12.1.0-2ubuntu1~22.04) ...
Setting up libevent-2.1-7:amd64 (2.1.12-stable-1build3) ...
Setting up liborc-0.4-0:amd64 (1:0.4.32-2) ...
Setting up libjsoncpp25:amd64 (1.9.5-3) ...
Setting up icu-devtools (70.1-2) ...
Setting up fonts-dejavu-core (2.37-2build1) ...
Setting up libllvm13:amd64 (1:13.0.1-2ubuntu2.1) ...
Setting up libsensors5:amd64 (1:3.6.0-7ubuntu1) ...
Setting up libsodium-dev:amd64 (1.0.18-1build2) ...
Setting up libjpeg-turbo8:amd64 (2.1.2-0ubuntu1) ...
Setting up libqt5core5a:amd64 (5.15.3+dfsg-2ubuntu0.2) ...
Setting up libgc1:amd64 (1:8.0.6-1.1build1) ...
Setting up libglapi-mesa:amd64 (22.0.5-0ubuntu0.1) ...
Setting up libdpkg-perl (1.21.1ubuntu2.1) ...
Setting up libmtdev1:amd64 (1.1.6-1build4) ...
Setting up libvulkan1:amd64 (1.3.204.1-2) ...
Setting up autoconf (2.71-2) ...
Setting up libwebp7:amd64 (1.2.2-2) ...
Setting up libubsan1:amd64 (12.1.0-2ubuntu1~22.04) ...
Setting up libxcb-dri2-0:amd64 (1.14-3ubuntu3) ...
Setting up libllvm14:amd64 (1:14.0.0-1ubuntu1) ...
Setting up ieee-data (20210605.1) ...
Setting up libnsl-dev:amd64 (1.3.0-2build2) ...
Setting up libxshmfence1:amd64 (1.3-1build4) ...
Setting up libqt5dbus5:amd64 (5.15.3+dfsg-2ubuntu0.2) ...
Setting up librhash0:amd64 (1.4.2-1ubuntu1) ...
Setting up libdb5.3-dev (5.3.28+dfsg1-0.8ubuntu3) ...
Setting up libcrypt-dev:amd64 (1:4.4.27-1) ...
Setting up libxcb-randr0:amd64 (1.14-3ubuntu3) ...
Setting up libmd-dev:amd64 (1.0.4-1build1) ...
Setting up bison (2:3.8.2+dfsg-1build1) ...
update-alternatives: using /usr/bin/bison.yacc to provide /usr/bin/yacc (yacc) in auto mode
Setting up libqrencode-dev:amd64 (4.1.1-1) ...
Setting up libmd4c0:amd64 (0.4.8-1) ...
Setting up libc6-i386 (2.35-0ubuntu3.1) ...
Setting up libharfbuzz0b:amd64 (2.7.4-1ubuntu3.1) ...
Setting up xorg-sgml-doctools (1:1.11-1.1) ...
Setting up cmake-data (3.22.1-1ubuntu1.22.04.1) ...
Setting up libglu1-mesa:amd64 (9.0.2-1) ...
Setting up libqt5sensors5:amd64 (5.15.3-1) ...
Setting up libisl23:amd64 (0.24-2build1) ...
Setting up libminiupnpc-dev:amd64 (2.2.3-1build1) ...
Setting up libc-dev-bin (2.35-0ubuntu3.1) ...
Setting up llvm-14-linker-tools (1:14.0.0-1ubuntu1) ...
Setting up libqt5test5:amd64 (5.15.3+dfsg-2ubuntu0.2) ...
Setting up libevdev2:amd64 (1.12.1+dfsg-1) ...
Setting up libqt5concurrent5:amd64 (5.15.3+dfsg-2ubuntu0.2) ...
Setting up libbsd-dev:amd64 (0.11.5-1) ...
Setting up libcc1-0:amd64 (12.1.0-2ubuntu1~22.04) ...
Setting up libgudev-1.0-0:amd64 (1:237-2build1) ...
Setting up liblsan0:amd64 (12.1.0-2ubuntu1~22.04) ...
Setting up qtchooser (66-2build1) ...
Setting up libitm1:amd64 (12.1.0-2ubuntu1~22.04) ...
Setting up libdb5.3++-dev (5.3.28+dfsg1-0.8ubuntu3) ...
Setting up libkadm5clnt-mit12:amd64 (1.19.2-2) ...
Setting up libevent-pthreads-2.1-7:amd64 (2.1.12-stable-1build3) ...
Setting up libdrm-amdgpu1:amd64 (2.4.110-1ubuntu1) ...
Setting up libhiredis0.14:amd64 (0.14.1-2) ...
Setting up libwacom-common (2.2.0-1) ...
Setting up libtsan0:amd64 (11.3.0-1ubuntu1~22.04) ...
Setting up libxkbcommon0:amd64 (1.4.0-1) ...
Setting up libwayland-client0:amd64 (1.20.0-1ubuntu0.1) ...
Setting up libjpeg8:amd64 (8c-2ubuntu10) ...
Setting up automake (1:1.16.5-1.3) ...
update-alternatives: using /usr/bin/automake-1.16 to provide /usr/bin/automake (automake) in auto mode
Setting up x11proto-dev (2021.5-1) ...
Setting up cpp-11 (11.3.0-1ubuntu1~22.04) ...
Setting up libice6:amd64 (2:1.0.10-1build2) ...
Setting up libvulkan-dev:amd64 (1.3.204.1-2) ...
Setting up libkdb5-10:amd64 (1.19.2-2) ...
Setting up libzmq5:amd64 (4.3.4-2) ...
Setting up libxau-dev:amd64 (1:1.0.9-1build5) ...
Setting up qt5-qmake:amd64 (5.15.3+dfsg-2ubuntu0.2) ...
Setting up libwacom9:amd64 (2.2.0-1) ...
Setting up fontconfig-config (2.13.1-4.2ubuntu5) ...
Setting up libqt5positioning5:amd64 (5.15.3+dfsg-3) ...
Setting up ccache (4.5.1-1) ...
Updating symlinks in /usr/lib/ccache ...
Setting up libgl1-mesa-dri:amd64 (22.0.5-0ubuntu0.1) ...
Setting up libavahi-common3:amd64 (0.8-5ubuntu5) ...
Setting up libclang1-14 (1:14.0.0-1ubuntu1) ...
Setting up libgstreamer-plugins-base1.0-0:amd64 (1.20.1-1) ...
Setting up libobjc4:amd64 (12.1.0-2ubuntu1~22.04) ...
Setting up libqt5network5:amd64 (5.15.3+dfsg-2ubuntu0.2) ...
Setting up dpkg-dev (1.21.1ubuntu2.1) ...
Setting up libinput-bin (1.20.0-1ubuntu0.1) ...
Setting up libqt5sql5:amd64 (5.15.3+dfsg-2ubuntu0.2) ...
Setting up qtbase5-dev-tools (5.15.3+dfsg-2ubuntu0.2) ...
Setting up libxdmcp-dev:amd64 (1:1.1.3-0ubuntu5) ...
Setting up libqt5xml5:amd64 (5.15.3+dfsg-2ubuntu0.2) ...
Setting up libegl-mesa0:amd64 (22.0.5-0ubuntu0.1) ...
Setting up libclang-cpp12 (1:12.0.1-19ubuntu3) ...
Setting up llvm-14-runtime (1:14.0.0-1ubuntu1) ...
Setting up lib32gcc-s1 (12.1.0-2ubuntu1~22.04) ...
Setting up lib32stdc++6 (12.1.0-2ubuntu1~22.04) ...
Setting up libqt5qml5:amd64 (5.15.3+dfsg-1) ...
Setting up python3-zmq (22.3.0-1build1) ...
Setting up llvm-runtime:amd64 (1:14.0-55~exp2) ...
Setting up libxkbcommon-x11-0:amd64 (1.4.0-1) ...
Setting up qtattributionsscanner-qt5 (5.15.3-1) ...
Setting up libevent-dev (2.1.12-stable-1build3) ...
Setting up libclang-common-14-dev (1:14.0.0-1ubuntu1) ...
Setting up pkg-config (0.29.2-1ubuntu3) ...
Setting up libclang-cpp14 (1:14.0.0-1ubuntu1) ...
Setting up libqt5webchannel5:amd64 (5.15.3-1) ...
Setting up libgcc-11-dev:amd64 (11.3.0-1ubuntu1~22.04) ...
Setting up python3-netaddr (0.8.0-2) ...
Setting up gcc-11 (11.3.0-1ubuntu1~22.04) ...
Setting up cpp (4:11.2.0-1ubuntu1) ...
Setting up libkadm5srv-mit12:amd64 (1.19.2-2) ...
Setting up libegl1:amd64 (1.4.0-1) ...
Setting up cmake (3.22.1-1ubuntu1.22.04.1) ...
Setting up libc6-dev:amd64 (2.35-0ubuntu3.1) ...
Setting up libfontconfig1:amd64 (2.13.1-4.2ubuntu5) ...
Setting up libbpfcc (0.25.0-0+jammy1) ...
Setting up libsm6:amd64 (2:1.2.3-1build2) ...
Setting up python3-bpfcc (0.25.0-0+jammy1) ...
Setting up libicu-dev:amd64 (70.1-2) ...
Setting up libavahi-client3:amd64 (0.8-5ubuntu5) ...
Setting up llvm-14 (1:14.0.0-1ubuntu1) ...
Setting up libinput10:amd64 (1.20.0-1ubuntu0.1) ...
Setting up fontconfig (2.13.1-4.2ubuntu5) ...
Regenerating fonts cache... done.
Setting up libqt5qmlmodels5:amd64 (5.15.3+dfsg-1) ...
Setting up libglx-mesa0:amd64 (22.0.5-0ubuntu0.1) ...
Setting up libxcb1-dev:amd64 (1.14-3ubuntu3) ...
Setting up libqt5sql5-sqlite:amd64 (5.15.3+dfsg-2ubuntu0.2) ...
Setting up libglx0:amd64 (1.4.0-1) ...
Setting up libtool (2.4.6-15build2) ...
Setting up qdoc-qt5 (5.15.3-1) ...
Setting up libx11-dev:amd64 (2:1.7.5-1) ...
Setting up libobjc-11-dev:amd64 (11.3.0-1ubuntu1~22.04) ...
Setting up gcc (4:11.2.0-1ubuntu1) ...
Setting up libxml2-dev:amd64 (2.9.13+dfsg-1ubuntu0.1) ...
Setting up libgl1:amd64 (1.4.0-1) ...
Setting up libsqlite3-dev:amd64 (3.37.2-2ubuntu0.1) ...
Setting up bpfcc-tools (0.25.0-0+jammy1) ...
Setting up comerr-dev:amd64 (2.1-1.46.5-2ubuntu1.1) ...
Setting up llvm (1:14.0-55~exp2) ...
Setting up libxext-dev:amd64 (2:1.3.4-1build1) ...
Setting up libstdc++-11-dev:amd64 (11.3.0-1ubuntu1~22.04) ...
Setting up libcups2:amd64 (2.4.1op1-1ubuntu4.1) ...
Setting up libglx-dev:amd64 (1.4.0-1) ...
Setting up libgl-dev:amd64 (1.4.0-1) ...
Setting up krb5-multidev:amd64 (1.19.2-2) ...
Setting up libboost1.74-dev:amd64 (1.74.0-14ubuntu3) ...
Setting up clang-14 (1:14.0.0-1ubuntu1) ...
Setting up libegl-dev:amd64 (1.4.0-1) ...
Setting up g++-11 (11.3.0-1ubuntu1~22.04) ...
Setting up libqt5gui5:amd64 (5.15.3+dfsg-2ubuntu0.2) ...
Setting up libnorm-dev:amd64 (1.5.9+dfsg-2) ...
Setting up libqt5widgets5:amd64 (5.15.3+dfsg-2ubuntu0.2) ...
Setting up libqt5help5:amd64 (5.15.3-1) ...
Setting up libqt5printsupport5:amd64 (5.15.3+dfsg-2ubuntu0.2) ...
Setting up libkrb5-dev:amd64 (1.19.2-2) ...
Setting up clang (1:14.0-55~exp2) ...
Setting up libglu1-mesa-dev:amd64 (9.0.2-1) ...
Setting up qtbase5-dev:amd64 (5.15.3+dfsg-2ubuntu0.2) ...
Setting up g++ (4:11.2.0-1ubuntu1) ...
update-alternatives: using /usr/bin/g++ to provide /usr/bin/c++ (c++) in auto mode
Setting up build-essential (12.9ubuntu3) ...
Setting up libzmq3-dev:amd64 (4.3.4-2) ...
Setting up libboost-dev:amd64 (1.74.0.3ubuntu7) ...
Setting up libqt5quick5:amd64 (5.15.3+dfsg-1) ...
Setting up libqt5designer5:amd64 (5.15.3-1) ...
Setting up qhelpgenerator-qt5 (5.15.3-1) ...
Setting up libqt5webkit5:amd64 (5.212.0~alpha4-15ubuntu1) ...
Setting up libqt5designercomponents5:amd64 (5.15.3-1) ...
Setting up libqt5quickwidgets5:amd64 (5.15.3+dfsg-1) ...
Setting up qt5-assistant (5.15.3-1) ...
Setting up qttools5-dev-tools (5.15.3-1) ...
Setting up qttools5-dev:amd64 (5.15.3-1) ...
Processing triggers for install-info (6.8-4build1) ...
Processing triggers for libc-bin (2.35-0ubuntu3.1) ...
Processing triggers for man-db (2.10.2-1) ...
Processing triggers for udev (249.11-0ubuntu3.6) ...
NEEDRESTART-VER: 3.5
NEEDRESTART-KCUR: 5.15.0-1022-gcp
NEEDRESTART-KEXP: 5.15.0-1022-gcp
NEEDRESTART-KSTA: 1
               total        used        free      shared  buff/cache   available
Mem:            15Gi       344Mi        12Gi       0.0Ki       2.6Gi        14Gi
Swap:             0B          0B          0B
Number of CPUs (nproc): 4
Byte Order: Little Endian
Free disk space:
Filesystem      Size  Used Avail Use% Mounted on
/dev/root       9.6G  3.9G  5.7G  41% /
tmpfs           7.9G     0  7.9G   0% /dev/shm
tmpfs           3.2G  936K  3.2G   1% /run
tmpfs           5.0M     0  5.0M   0% /run/lock
/dev/sda15      105M  5.3M  100M   5% /boot/efi
  % Total    % Received % Xferd  Average Speed   Time    Time     Time  Current
                                 Dload  Upload   Total   Spent    Left  Speed
  0     0    0     0    0     0      0      0 --:--:-- --:--:-- --:--:--     0  0     0    0     0    0     0      0      0 --:--:-- --:--:-- --:--:--     0
 73 9026k   73 6625k    0     0  9551k      0 --:--:-- --:--:-- --:--:-- 9551k100 9026k  100 9026k    0     0  11.8M      0 --:--:-- --:--:-- --:--:-- 45.0M
Statistics zeroed
Set cache size limit to 200.0 MB
-- The CXX compiler identification is Clang 14.0.0
-- The C compiler identification is Clang 14.0.0
-- The ASM compiler identification is Clang with GNU-like command-line
-- Found assembler: /usr/bin/clang
-- Detecting CXX compiler ABI info
-- Detecting CXX compiler ABI info - done
-- Check for working CXX compiler: /usr/bin/clang++ - skipped
-- Detecting CXX compile features
-- Detecting CXX compile features - done
-- Detecting C compiler ABI info
-- Detecting C compiler ABI info - done
-- Check for working C compiler: /usr/bin/clang - skipped
-- Detecting C compile features
-- Detecting C compile features - done
-- Performing Test C_SUPPORTS_O0
-- Performing Test C_SUPPORTS_O0 - Success
-- Performing Test C_SUPPORTS_G3
-- Performing Test C_SUPPORTS_G3 - Success
-- Performing Test CXX_SUPPORTS_O0
-- Performing Test CXX_SUPPORTS_O0 - Success
-- Performing Test CXX_SUPPORTS_G3
-- Performing Test CXX_SUPPORTS_G3 - Success
-- Performing Test CXX_SUPPORTS_FTRAPV
-- Performing Test CXX_SUPPORTS_FTRAPV - Success
-- Performing Test C_SUPPORTS_O2
-- Performing Test C_SUPPORTS_O2 - Success
-- Performing Test C_SUPPORTS_G
-- Performing Test C_SUPPORTS_G - Success
-- Performing Test CXX_SUPPORTS_O2
-- Performing Test CXX_SUPPORTS_O2 - Success
-- Performing Test CXX_SUPPORTS_G
-- Performing Test CXX_SUPPORTS_G - Success
-- Setting build type to "Release" as none was specified
-- Performing Test CXX_SUPPORTS_WSTACK_PROTECTOR
-- Performing Test CXX_SUPPORTS_WSTACK_PROTECTOR - Success
-- Performing Test CXX_SUPPORTS_FSTACK_PROTECTOR_ALL
-- Performing Test CXX_SUPPORTS_FSTACK_PROTECTOR_ALL - Success
-- Performing Test CXX_SUPPORTS_FCF_PROTECTION_FULL
-- Performing Test CXX_SUPPORTS_FCF_PROTECTION_FULL - Success
-- Performing Test CXX_SUPPORTS_FSTACK_CLASH_PROTECTION
-- Performing Test CXX_SUPPORTS_FSTACK_CLASH_PROTECTION - Success
-- Performing Test LINKER_SUPPORTS_WL___ENABLE_RELOC_SECTION
-- Performing Test LINKER_SUPPORTS_WL___ENABLE_RELOC_SECTION - Failed
-- Performing Test LINKER_SUPPORTS_WL___DYNAMICBASE
-- Performing Test LINKER_SUPPORTS_WL___DYNAMICBASE - Failed
-- Performing Test LINKER_SUPPORTS_WL___NXCOMPAT
-- Performing Test LINKER_SUPPORTS_WL___NXCOMPAT - Failed
-- Performing Test LINKER_SUPPORTS_WL___HIGH_ENTROPY_VA
-- Performing Test LINKER_SUPPORTS_WL___HIGH_ENTROPY_VA - Failed
-- Performing Test LINKER_SUPPORTS_WL__Z_RELRO
-- Performing Test LINKER_SUPPORTS_WL__Z_RELRO - Success
-- Performing Test LINKER_SUPPORTS_WL__Z_NOW
-- Performing Test LINKER_SUPPORTS_WL__Z_NOW - Success
-- Performing Test LINKER_SUPPORTS_WL__Z_SEPARATE_CODE
-- Performing Test LINKER_SUPPORTS_WL__Z_SEPARATE_CODE - Success
-- Performing Test CXX_SUPPORTS_WERROR
-- Performing Test CXX_SUPPORTS_WERROR - Success
-- Performing Test CXX_SUPPORTS_WERROR_RETURN_TYPE
-- Performing Test CXX_SUPPORTS_WERROR_RETURN_TYPE - Success
-- Looking for C++ include byteswap.h
-- Looking for C++ include byteswap.h - found
-- Looking for C++ include endian.h
-- Looking for C++ include endian.h - found
-- Looking for C++ include stdio.h
-- Looking for C++ include stdio.h - found
-- Looking for C++ include stdlib.h
-- Looking for C++ include stdlib.h - found
-- Looking for C++ include string.h
-- Looking for C++ include string.h - found
-- Looking for C++ include strings.h
-- Looking for C++ include strings.h - found
-- Looking for C++ include sys/endian.h
-- Looking for C++ include sys/endian.h - not found
-- Looking for C++ include sys/prctl.h
-- Looking for C++ include sys/prctl.h - found
-- Looking for C++ include sys/resources.h
-- Looking for C++ include sys/resources.h - not found
-- Looking for C++ include sys/select.h
-- Looking for C++ include sys/select.h - found
-- Looking for C++ include sys/stat.h
-- Looking for C++ include sys/stat.h - found
-- Looking for C++ include sys/sysctl.h
-- Looking for C++ include sys/sysctl.h - not found
-- Looking for C++ include sys/types.h
-- Looking for C++ include sys/types.h - found
-- Looking for C++ include sys/vmmeter.h
-- Looking for C++ include sys/vmmeter.h - not found
-- Looking for C++ include unistd.h
-- Looking for C++ include unistd.h - found
-- Looking for C++ include vm/vm_param.h
-- Looking for C++ include vm/vm_param.h - not found
-- Looking for bswap_16
-- Looking for bswap_16 - found
-- Looking for bswap_32
-- Looking for bswap_32 - found
-- Looking for bswap_64
-- Looking for bswap_64 - found
-- Looking for be16toh
-- Looking for be16toh - found
-- Looking for be32toh
-- Looking for be32toh - found
-- Looking for be64toh
-- Looking for be64toh - found
-- Looking for htobe16
-- Looking for htobe16 - found
-- Looking for htobe32
-- Looking for htobe32 - found
-- Looking for htobe64
-- Looking for htobe64 - found
-- Looking for htole16
-- Looking for htole16 - found
-- Looking for htole32
-- Looking for htole32 - found
-- Looking for htole64
-- Looking for htole64 - found
-- Looking for le16toh
-- Looking for le16toh - found
-- Looking for le32toh
-- Looking for le32toh - found
-- Looking for le64toh
-- Looking for le64toh - found
-- Looking for fdatasync
-- Looking for fdatasync - found
-- Looking for fork
-- Looking for fork - found
-- Looking for pipe2
-- Looking for pipe2 - found
-- Looking for setsid
-- Looking for setsid - found
-- Performing Test HAVE_GMTIME_R
-- Performing Test HAVE_GMTIME_R - Success
-- Performing Test HAVE_SYSTEM
-- Performing Test HAVE_SYSTEM - Success
-- Performing Test STRERROR_R_CHAR_P
-- Performing Test STRERROR_R_CHAR_P - Success
-- Performing Test HAVE_DEFAULT_VISIBILITY_ATTRIBUTE
-- Performing Test HAVE_DEFAULT_VISIBILITY_ATTRIBUTE - Success
-- Performing Test HAVE_CLMUL
-- Performing Test HAVE_CLMUL - Success
-- Performing Test HAVE_CLZ
-- Performing Test HAVE_CLZ - Success
-- Performing Test STD_FILESYSTEM_WORKS_WITHOUT_LINK
-- Performing Test STD_FILESYSTEM_WORKS_WITHOUT_LINK - Success
-- Looking for pthread.h
-- Looking for pthread.h - found
-- Performing Test CMAKE_HAVE_LIBC_PTHREAD
-- Performing Test CMAKE_HAVE_LIBC_PTHREAD - Success
-- Found Threads: TRUE  
-- Found Boost: /usr/include (found suitable version "1.74.0", minimum required is "1.64.0")  
-- Found PkgConfig: /usr/bin/pkg-config (found version "0.29.2") 
-- Checking for module 'libevent>=2.1.8'
--   Found libevent, version 2.1.12-stable
-- Checking for module 'libevent_pthreads>=2.1.8'
--   Found libevent_pthreads, version 2.1.12-stable
-- Performing Test CXX_SUPPORTS_FSANITIZE_ADDRESS_INTEGER_UNDEFINED
-- Performing Test CXX_SUPPORTS_FSANITIZE_ADDRESS_INTEGER_UNDEFINED - Success
-- Performing Test LINKER_SUPPORTS_FSANITIZE_ADDRESS_INTEGER_UNDEFINED
-- Performing Test LINKER_SUPPORTS_FSANITIZE_ADDRESS_INTEGER_UNDEFINED - Success
CMake Warning at CMakeLists.txt:383 (message):
  Specifying -DSANITIZERS forces -DWITH_SECCOMP=OFF since the sanitizers
  introduce use of syscalls not allowed by the bitcoind syscall sandbox
  (-sandbox=<mode>).


-- Checking for module 'sqlite3>=3.7.17'
--   Found sqlite3, version 3.37.2
-- Found BerkeleyDB: /usr/lib/x86_64-linux-gnu/libdb_cxx.so (found suitable version "5.3", minimum required is "4.8") 
CMake Warning at cmake/optional.cmake:55 (message):
  Found Berkeley DB (BDB) other than 4.8.
Call Stack (most recent call first):
  CMakeLists.txt:389 (include)


CMake Warning at cmake/optional.cmake:57 (message):
  BDB (legacy) wallets opened by this build would not be portable!

  If this is intended, pass "-DWARN_INCOMPATIBLE_BDB=OFF".

  Passing "-DWITH_BDB=OFF" will suppress this warning.

Call Stack (most recent call first):
  CMakeLists.txt:389 (include)


-- Found NATPMP: /usr/lib/x86_64-linux-gnu/libnatpmp.so  
-- Found MiniUPnPc: /usr/lib/x86_64-linux-gnu/libminiupnpc.so  
-- Checking for module 'libzmq>=4'
--   Found libzmq, version 4.3.4
-- Performing Test HAVE_USDT_H
-- Performing Test HAVE_USDT_H - Success
-- Checking for module 'libqrencode'
--   Found libqrencode, version 4.1.1
-- Performing Test HAVE_BOOST_PROCESS_H
-- Performing Test HAVE_BOOST_PROCESS_H - Success
-- Performing Test CRC32C_HAVE_NO_DEPRECATED
-- Performing Test CRC32C_HAVE_NO_DEPRECATED - Success
-- Performing Test CRC32C_HAVE_NO_SIGN_COMPARE
-- Performing Test CRC32C_HAVE_NO_SIGN_COMPARE - Success
-- Performing Test CRC32C_HAVE_NO_UNUSED_PARAMETER
-- Performing Test CRC32C_HAVE_NO_UNUSED_PARAMETER - Success
-- Performing Test CRC32C_HAVE_NO_MISSING_FIELD_INITIALIZERS
-- Performing Test CRC32C_HAVE_NO_MISSING_FIELD_INITIALIZERS - Success
-- Performing Test HAVE_BUILTIN_PREFETCH
-- Performing Test HAVE_BUILTIN_PREFETCH - Success
-- Performing Test HAVE_MM_PREFETCH
-- Performing Test HAVE_MM_PREFETCH - Success
-- Performing Test HAVE_SSE42
-- Performing Test HAVE_SSE42 - Success
-- Performing Test HAVE_ARM64_CRC32C
-- Performing Test HAVE_ARM64_CRC32C - Failed
-- Performing Test HAVE_STRONG_GETAUXVAL
-- Performing Test HAVE_STRONG_GETAUXVAL - Failed
-- Performing Test HAVE_WEAK_GETAUXVAL
-- Performing Test HAVE_WEAK_GETAUXVAL - Success
-- Looking for F_FULLFSYNC
-- Looking for F_FULLFSYNC - not found
-- Looking for O_CLOEXEC
-- Looking for O_CLOEXEC - found
-- Performing Test HAVE_CXX17_HAS_INCLUDE
-- Performing Test HAVE_CXX17_HAS_INCLUDE - Success
-- Performing Test HAVE_SSE41
-- Performing Test HAVE_SSE41 - Success
-- Performing Test HAVE_AVX2
-- Performing Test HAVE_AVX2 - Success
-- Performing Test HAVE_X86_SHANI
-- Performing Test HAVE_X86_SHANI - Success
-- Performing Test HAVE_ARM_SHANI
-- Performing Test HAVE_ARM_SHANI - Failed
-- Found Qt: /usr/lib/x86_64-linux-gnu/cmake/Qt5 (found suitable version "5.15.3", minimum required is "5.11.3")


Configure summary
=================
Executables:
  bitcoind ............................ ON
  bitcoin-cli ......................... ON
  bitcoin-tx .......................... ON
  bitcoin-util ........................ ON
  bitcoin-chainstate (experimental) ... OFF
  bitcoin-wallet ...................... ON
Libraries:
  build shared ........................ ON
  build static ........................ ON
  libbitcoinconsensus ................. ON
  libbitcoinkernel (experimental) ..... OFF
Wallet support:
  SQLite, descriptor wallets .......... ON
  Berkeley DB, legacy wallets ......... ON
Optional packages:
  GUI ................................. Qt5
  QR code (GUI) ....................... ON
  external signer ..................... ON
  NAT-PMP ............................. ON
  UPnP ................................ ON
  ZeroMQ .............................. ON
  USDT tracing ........................ ON
  experimental syscall sandbox ........ OFF
Tests:
  test_bitcoin ........................ ON
  bench_bitcoin ....................... ON

Cross compiling ....................... FALSE
Preprocessor defined macros ........... 
C compiler ............................ /usr/bin/clang
CFLAGS ................................ 
C++ compiler .......................... /usr/bin/clang++
CXXFLAGS .............................. -DARENA_DEBUG -DDEBUG_LOCKORDER
Common compile options ................ -Wstack-protector -fstack-protector-all -fcf-protection=full -fstack-clash-protection -Werror -fsanitize=address,integer,undefined
Common link options ................... -Wl,-z,relro -Wl,-z,now -Wl,-z,separate-code -fsanitize=address,integer,undefined
Build type:
 - CMAKE_BUILD_TYPE ................... Release
 - CFLAGS ............................. -O2 -g
 - CXXFLAGS ........................... -O2 -g
 - LDFLAGS for executables ............ 
 - LDFLAGS for shared libraries ....... 
Use assembly routines ................. ON
Treat compiler warnings as errors ..... ON
Use ccache for compiling .............. ON


-- Configuring done
-- Generating done
-- Build files have been written to: /tmp/cirrus-ci-build/ci/scratch/build
[  0%] Building CXX object src/univalue/CMakeFiles/univalue.dir/lib/univalue.cpp.o
[  0%] Building C object CMakeFiles/secp256k1.dir/src/secp256k1/src/secp256k1.c.o
[  0%] Building CXX object src/crypto/CMakeFiles/bitcoin_crypto.dir/sha256_sse4.cpp.o
[  0%] Building CXX object src/CMakeFiles/bitcoin_consensus.dir/arith_uint256.cpp.o
[  0%] Building CXX object src/univalue/CMakeFiles/univalue.dir/lib/univalue_get.cpp.o
[  0%] Building CXX object src/univalue/CMakeFiles/univalue.dir/lib/univalue_read.cpp.o
[  0%] Building CXX object src/crypto/CMakeFiles/bitcoin_crypto.dir/sha256_sse41.cpp.o
[  0%] Building CXX object src/crypto/CMakeFiles/bitcoin_crypto.dir/sha256_avx2.cpp.o
[  0%] Building CXX object src/crypto/CMakeFiles/bitcoin_crypto.dir/sha256_x86_shani.cpp.o
[  0%] Building CXX object src/crypto/CMakeFiles/bitcoin_crypto.dir/aes.cpp.o
[  0%] Building CXX object src/crypto/CMakeFiles/bitcoin_crypto.dir/chacha_poly_aead.cpp.o
[  1%] Building CXX object src/crypto/CMakeFiles/bitcoin_crypto.dir/chacha20.cpp.o
[  1%] Building CXX object src/crypto/CMakeFiles/bitcoin_crypto.dir/hkdf_sha256_32.cpp.o
[  1%] Building CXX object src/crypto/CMakeFiles/bitcoin_crypto.dir/hmac_sha256.cpp.o
[  1%] Building CXX object src/CMakeFiles/bitcoin_consensus.dir/consensus/merkle.cpp.o
[  1%] Building CXX object src/CMakeFiles/bitcoin_consensus.dir/consensus/tx_check.cpp.o
[  1%] Building CXX object src/crypto/CMakeFiles/bitcoin_crypto.dir/hmac_sha512.cpp.o
[  1%] Building CXX object src/crypto/CMakeFiles/bitcoin_crypto.dir/poly1305.cpp.o
[  1%] Building CXX object src/crypto/CMakeFiles/bitcoin_crypto.dir/muhash.cpp.o
[  1%] Building CXX object src/crypto/CMakeFiles/bitcoin_crypto.dir/ripemd160.cpp.o
[  2%] Building CXX object src/crypto/CMakeFiles/bitcoin_crypto.dir/sha1.cpp.o
[  2%] Building CXX object src/crypto/CMakeFiles/bitcoin_crypto.dir/sha256.cpp.o
[  2%] Building CXX object src/crypto/CMakeFiles/bitcoin_crypto.dir/sha3.cpp.o
[  2%] Building CXX object src/crypto/CMakeFiles/bitcoin_crypto.dir/sha512.cpp.o
[  2%] Building CXX object src/crypto/CMakeFiles/bitcoin_crypto.dir/siphash.cpp.o
[  2%] Built target bitcoin_crypto
[  2%] Building CXX object CMakeFiles/minisketch.dir/src/minisketch/src/minisketch.cpp.o
[  2%] Building CXX object src/univalue/CMakeFiles/univalue.dir/lib/univalue_write.cpp.o
[  3%] Linking CXX static library libunivalue.a
[  3%] Built target univalue
[  3%] Building CXX object src/crc32c/CMakeFiles/crc32c_sse42.dir/src/crc32c_sse42.cc.o
[  3%] Building CXX object CMakeFiles/minisketch.dir/src/minisketch/src/fields/generic_1byte.cpp.o
[  3%] Building CXX object CMakeFiles/minisketch.dir/src/minisketch/src/fields/generic_2bytes.cpp.o
[  3%] Building CXX object CMakeFiles/minisketch.dir/src/minisketch/src/fields/generic_3bytes.cpp.o
[  4%] Building CXX object CMakeFiles/minisketch.dir/src/minisketch/src/fields/generic_4bytes.cpp.o
[  4%] Built target crc32c_sse42
[  4%] Building CXX object src/crc32c/CMakeFiles/crc32c_arm64.dir/src/crc32c_arm64.cc.o
[  4%] Built target crc32c_arm64
[  4%] Building CXX object src/CMakeFiles/rpc_client.dir/rpc/client.cpp.o
[  4%] Linking CXX static library librpc_client.a
[  4%] Built target rpc_client
[  4%] Building C object CMakeFiles/secp256k1.dir/src/secp256k1/src/precomputed_ecmult.c.o
[  4%] Building CXX object src/util/CMakeFiles/bitcoin_util.dir/asmap.cpp.o
[  4%] Building CXX object src/util/CMakeFiles/bitcoin_util.dir/bip32.cpp.o
[  5%] Building CXX object src/util/CMakeFiles/bitcoin_util.dir/bytevectorhash.cpp.o
[  5%] Building CXX object src/util/CMakeFiles/bitcoin_util.dir/check.cpp.o
[  5%] Building CXX object src/CMakeFiles/bitcoin_consensus.dir/hash.cpp.o
[  5%] Building CXX object src/CMakeFiles/bitcoin_consensus.dir/primitives/block.cpp.o
[  6%] Building CXX object src/CMakeFiles/bitcoin_consensus.dir/primitives/transaction.cpp.o
[  6%] Building CXX object src/CMakeFiles/bitcoin_consensus.dir/pubkey.cpp.o
[  6%] Building CXX object CMakeFiles/minisketch.dir/src/minisketch/src/fields/generic_5bytes.cpp.o
[  6%] Building CXX object CMakeFiles/minisketch.dir/src/minisketch/src/fields/generic_6bytes.cpp.o
[  6%] Building CXX object CMakeFiles/minisketch.dir/src/minisketch/src/fields/generic_7bytes.cpp.o
[  6%] Building CXX object CMakeFiles/minisketch.dir/src/minisketch/src/fields/generic_8bytes.cpp.o
[  6%] Building CXX object CMakeFiles/minisketch.dir/src/minisketch/src/fields/clmul_1byte.cpp.o
[  7%] Building CXX object CMakeFiles/minisketch.dir/src/minisketch/src/fields/clmul_2bytes.cpp.o
[  7%] Building CXX object src/util/CMakeFiles/bitcoin_util.dir/error.cpp.o
[  7%] Building CXX object CMakeFiles/minisketch.dir/src/minisketch/src/fields/clmul_3bytes.cpp.o
[  7%] Building CXX object CMakeFiles/minisketch.dir/src/minisketch/src/fields/clmul_4bytes.cpp.o
[  7%] Building C object CMakeFiles/secp256k1.dir/src/secp256k1/src/precomputed_ecmult_gen.c.o
[  7%] Building CXX object src/CMakeFiles/bitcoin_consensus.dir/script/interpreter.cpp.o
[  7%] Building CXX object src/CMakeFiles/bitcoin_consensus.dir/script/script.cpp.o
[  7%] Building CXX object src/CMakeFiles/bitcoin_consensus.dir/script/script_error.cpp.o
[  7%] Building CXX object src/CMakeFiles/bitcoin_consensus.dir/uint256.cpp.o
[  8%] Building CXX object src/CMakeFiles/bitcoin_consensus.dir/util/strencodings.cpp.o
[  8%] Linking C static library libsecp256k1.a
[  8%] Built target secp256k1
[  8%] Building CXX object src/crc32c/CMakeFiles/crc32c.dir/src/crc32c_portable.cc.o
[  8%] Building CXX object src/crc32c/CMakeFiles/crc32c.dir/src/crc32c.cc.o
[  9%] Linking CXX static library libcrc32c.a
[  9%] Built target crc32c
[ 10%] Building CXX object src/script/CMakeFiles/bitcoinconsensus.dir/bitcoinconsensus.cpp.o
[ 10%] Building CXX object src/script/CMakeFiles/bitcoinconsensus.dir/__/support/cleanse.cpp.o
[ 10%] Building CXX object src/script/CMakeFiles/bitcoinconsensus.dir/interpreter.cpp.o
[ 10%] Building CXX object src/script/CMakeFiles/bitcoinconsensus.dir/script.cpp.o
[ 10%] Building CXX object src/script/CMakeFiles/bitcoinconsensus.dir/script_error.cpp.o
[ 10%] Building CXX object src/script/CMakeFiles/bitcoinconsensus.dir/__/arith_uint256.cpp.o
[ 10%] Building CXX object src/util/CMakeFiles/bitcoin_util.dir/fees.cpp.o
[ 10%] Building CXX object CMakeFiles/minisketch.dir/src/minisketch/src/fields/clmul_5bytes.cpp.o
[ 10%] Building CXX object CMakeFiles/minisketch.dir/src/minisketch/src/fields/clmul_6bytes.cpp.o
[ 10%] Building CXX object CMakeFiles/minisketch.dir/src/minisketch/src/fields/clmul_7bytes.cpp.o
[ 10%] Building CXX object CMakeFiles/minisketch.dir/src/minisketch/src/fields/clmul_8bytes.cpp.o
[ 11%] Linking CXX static library libminisketch.a
[ 11%] Building CXX object src/script/CMakeFiles/bitcoinconsensus.dir/__/consensus/merkle.cpp.o
[ 11%] Built target minisketch
[ 12%] Building CXX object src/script/CMakeFiles/bitcoinconsensus.dir/__/consensus/tx_check.cpp.o
[ 12%] Building CXX object src/script/CMakeFiles/bitcoinconsensus_static.dir/bitcoinconsensus.cpp.o
[ 12%] Building CXX object src/script/CMakeFiles/bitcoinconsensus.dir/__/hash.cpp.o
[ 12%] Building CXX object src/script/CMakeFiles/bitcoinconsensus.dir/__/primitives/block.cpp.o
[ 12%] Building CXX object src/script/CMakeFiles/bitcoinconsensus.dir/__/primitives/transaction.cpp.o
[ 12%] Built target bitcoin_consensus
[ 12%] Building CXX object src/leveldb/CMakeFiles/leveldb.dir/db/builder.cc.o
[ 12%] Building CXX object src/leveldb/CMakeFiles/leveldb.dir/db/c.cc.o
[ 12%] Building CXX object src/leveldb/CMakeFiles/leveldb.dir/db/db_impl.cc.o
[ 12%] Building CXX object src/util/CMakeFiles/bitcoin_util.dir/getuniquepath.cpp.o
[ 12%] Building CXX object src/util/CMakeFiles/bitcoin_util.dir/hasher.cpp.o
[ 12%] Building CXX object src/util/CMakeFiles/bitcoin_util.dir/message.cpp.o
[ 13%] Building CXX object src/util/CMakeFiles/bitcoin_util.dir/moneystr.cpp.o
[ 13%] Building CXX object src/util/CMakeFiles/bitcoin_util.dir/rbf.cpp.o
[ 13%] Building CXX object src/util/CMakeFiles/bitcoin_util.dir/readwritefile.cpp.o
[ 13%] Building CXX object src/util/CMakeFiles/bitcoin_util.dir/settings.cpp.o
[ 13%] Building CXX object src/util/CMakeFiles/bitcoin_util.dir/serfloat.cpp.o
[ 13%] Building CXX object src/util/CMakeFiles/bitcoin_util.dir/sock.cpp.o
[ 13%] Building CXX object src/util/CMakeFiles/bitcoin_util.dir/spanparsing.cpp.o
[ 14%] Building CXX object src/util/CMakeFiles/bitcoin_util.dir/strencodings.cpp.o
[ 14%] Building CXX object src/util/CMakeFiles/bitcoin_util.dir/string.cpp.o
[ 14%] Building CXX object src/script/CMakeFiles/bitcoinconsensus_static.dir/__/support/cleanse.cpp.o
[ 14%] Building CXX object src/script/CMakeFiles/bitcoinconsensus_static.dir/interpreter.cpp.o
[ 14%] Building CXX object src/script/CMakeFiles/bitcoinconsensus.dir/__/pubkey.cpp.o
[ 14%] Building CXX object src/script/CMakeFiles/bitcoinconsensus.dir/__/uint256.cpp.o
[ 15%] Building CXX object src/script/CMakeFiles/bitcoinconsensus.dir/__/util/strencodings.cpp.o
[ 15%] Building CXX object src/leveldb/CMakeFiles/leveldb.dir/db/db_iter.cc.o
[ 16%] Building CXX object src/leveldb/CMakeFiles/leveldb.dir/db/dbformat.cc.o
[ 16%] Linking CXX shared library libbitcoinconsensus.so
[ 16%] Building CXX object src/leveldb/CMakeFiles/leveldb.dir/db/dumpfile.cc.o
[ 16%] Building CXX object src/leveldb/CMakeFiles/leveldb.dir/db/filename.cc.o
[ 16%] Built target bitcoinconsensus
[ 16%] Building CXX object src/leveldb/CMakeFiles/leveldb.dir/db/log_reader.cc.o
[ 16%] Building CXX object src/leveldb/CMakeFiles/leveldb.dir/db/log_writer.cc.o
[ 16%] Building CXX object src/leveldb/CMakeFiles/leveldb.dir/db/memtable.cc.o
[ 16%] Building CXX object src/leveldb/CMakeFiles/leveldb.dir/db/repair.cc.o
[ 16%] Building CXX object src/script/CMakeFiles/bitcoinconsensus_static.dir/script.cpp.o
[ 16%] Building CXX object src/script/CMakeFiles/bitcoinconsensus_static.dir/script_error.cpp.o
[ 17%] Building CXX object src/script/CMakeFiles/bitcoinconsensus_static.dir/__/arith_uint256.cpp.o
[ 17%] Building CXX object src/script/CMakeFiles/bitcoinconsensus_static.dir/__/consensus/merkle.cpp.o
[ 17%] Building CXX object src/script/CMakeFiles/bitcoinconsensus_static.dir/__/consensus/tx_check.cpp.o
[ 17%] Building CXX object src/script/CMakeFiles/bitcoinconsensus_static.dir/__/hash.cpp.o
[ 18%] Building CXX object src/leveldb/CMakeFiles/leveldb.dir/db/table_cache.cc.o
[ 18%] Building CXX object src/script/CMakeFiles/bitcoinconsensus_static.dir/__/primitives/block.cpp.o
[ 18%] Building CXX object src/leveldb/CMakeFiles/leveldb.dir/db/version_edit.cc.o
[ 18%] Building CXX object src/leveldb/CMakeFiles/leveldb.dir/db/version_set.cc.o
[ 18%] Building CXX object src/leveldb/CMakeFiles/leveldb.dir/db/write_batch.cc.o
[ 18%] Building CXX object src/leveldb/CMakeFiles/leveldb.dir/table/block_builder.cc.o
[ 18%] Building CXX object src/leveldb/CMakeFiles/leveldb.dir/table/block.cc.o
[ 19%] Building CXX object src/leveldb/CMakeFiles/leveldb.dir/table/filter_block.cc.o
[ 19%] Building CXX object src/leveldb/CMakeFiles/leveldb.dir/table/format.cc.o
[ 19%] Building CXX object src/leveldb/CMakeFiles/leveldb.dir/table/iterator.cc.o
[ 19%] Building CXX object src/leveldb/CMakeFiles/leveldb.dir/table/merger.cc.o
[ 19%] Building CXX object src/leveldb/CMakeFiles/leveldb.dir/table/table_builder.cc.o
[ 19%] Building CXX object src/leveldb/CMakeFiles/leveldb.dir/table/table.cc.o
[ 19%] Building CXX object src/leveldb/CMakeFiles/leveldb.dir/table/two_level_iterator.cc.o
[ 20%] Building CXX object src/leveldb/CMakeFiles/leveldb.dir/util/arena.cc.o
[ 20%] Building CXX object src/leveldb/CMakeFiles/leveldb.dir/util/bloom.cc.o
[ 20%] Building CXX object src/leveldb/CMakeFiles/leveldb.dir/util/cache.cc.o
[ 20%] Building CXX object src/leveldb/CMakeFiles/leveldb.dir/util/coding.cc.o
[ 20%] Building CXX object src/leveldb/CMakeFiles/leveldb.dir/util/comparator.cc.o
[ 20%] Building CXX object src/leveldb/CMakeFiles/leveldb.dir/util/crc32c.cc.o
[ 20%] Building CXX object src/script/CMakeFiles/bitcoinconsensus_static.dir/__/primitives/transaction.cpp.o
[ 20%] Building CXX object src/script/CMakeFiles/bitcoinconsensus_static.dir/__/pubkey.cpp.o
[ 21%] Building CXX object src/script/CMakeFiles/bitcoinconsensus_static.dir/__/uint256.cpp.o
[ 21%] Building CXX object src/script/CMakeFiles/bitcoinconsensus_static.dir/__/util/strencodings.cpp.o
[ 21%] Building CXX object src/leveldb/CMakeFiles/leveldb.dir/util/env.cc.o
[ 22%] Building CXX object src/leveldb/CMakeFiles/leveldb.dir/util/filter_policy.cc.o
[ 22%] Building CXX object src/util/CMakeFiles/bitcoin_util.dir/syscall_sandbox.cpp.o
[ 22%] Building CXX object src/leveldb/CMakeFiles/leveldb.dir/util/hash.cc.o
[ 22%] Building CXX object src/util/CMakeFiles/bitcoin_util.dir/syserror.cpp.o
[ 22%] Building CXX object src/util/CMakeFiles/bitcoin_util.dir/system.cpp.o
[ 22%] Building CXX object src/leveldb/CMakeFiles/leveldb.dir/util/logging.cc.o
[ 22%] Building CXX object src/leveldb/CMakeFiles/leveldb.dir/util/options.cc.o
[ 22%] Building CXX object src/leveldb/CMakeFiles/leveldb.dir/util/status.cc.o
[ 22%] Building CXX object src/leveldb/CMakeFiles/leveldb.dir/util/env_posix.cc.o
[ 22%] Building CXX object src/leveldb/CMakeFiles/leveldb.dir/helpers/memenv/memenv.cc.o
[ 23%] Linking CXX static library libleveldb.a
[ 23%] Built target leveldb
[ 23%] Building CXX object src/zmq/CMakeFiles/bitcoin_zmq.dir/zmqabstractnotifier.cpp.o
[ 23%] Building CXX object src/zmq/CMakeFiles/bitcoin_zmq.dir/zmqnotificationinterface.cpp.o
[ 23%] Building CXX object src/zmq/CMakeFiles/bitcoin_zmq.dir/zmqpublishnotifier.cpp.o
[ 23%] Building CXX object src/util/CMakeFiles/bitcoin_util.dir/thread.cpp.o
[ 23%] Building CXX object src/util/CMakeFiles/bitcoin_util.dir/threadinterrupt.cpp.o
[ 24%] Building CXX object src/util/CMakeFiles/bitcoin_util.dir/threadnames.cpp.o
[ 24%] Building CXX object src/util/CMakeFiles/bitcoin_util.dir/time.cpp.o
[ 24%] Building CXX object src/util/CMakeFiles/bitcoin_util.dir/tokenpipe.cpp.o
[ 24%] Building CXX object src/util/CMakeFiles/bitcoin_util.dir/__/chainparamsbase.cpp.o
[ 24%] Building CXX object src/util/CMakeFiles/bitcoin_util.dir/__/clientversion.cpp.o
[ 24%] Building CXX object src/util/CMakeFiles/bitcoin_util.dir/__/fs.cpp.o
[ 25%] Building CXX object src/util/CMakeFiles/bitcoin_util.dir/__/interfaces/echo.cpp.o
[ 25%] Linking CXX static library libbitcoinconsensus.a
[ 25%] Built target bitcoinconsensus_static
[ 25%] Building CXX object src/util/CMakeFiles/bitcoin_util.dir/__/interfaces/handler.cpp.o
[ 25%] Building CXX object src/util/CMakeFiles/bitcoin_util.dir/__/interfaces/init.cpp.o
[ 25%] Building CXX object src/util/CMakeFiles/bitcoin_util.dir/__/logging.cpp.o
[ 25%] Building CXX object src/util/CMakeFiles/bitcoin_util.dir/__/random.cpp.o
[ 25%] Building CXX object src/util/CMakeFiles/bitcoin_util.dir/__/randomenv.cpp.o
[ 25%] Building CXX object src/util/CMakeFiles/bitcoin_util.dir/__/rpc/request.cpp.o
[ 26%] Building CXX object src/util/CMakeFiles/bitcoin_util.dir/__/support/cleanse.cpp.o
[ 26%] Building CXX object src/util/CMakeFiles/bitcoin_util.dir/__/support/lockedpool.cpp.o
[ 26%] Building CXX object src/util/CMakeFiles/bitcoin_util.dir/__/sync.cpp.o
[ 26%] Building CXX object src/zmq/CMakeFiles/bitcoin_zmq.dir/zmqrpc.cpp.o
[ 26%] Building CXX object src/zmq/CMakeFiles/bitcoin_zmq.dir/zmqutil.cpp.o
[ 26%] Linking CXX static library libbitcoin_zmq.a
[ 26%] Built target bitcoin_zmq
[ 26%] Linking CXX static library libbitcoin_util.a
[ 26%] Built target bitcoin_util
[ 26%] Building CXX object src/CMakeFiles/bitcoin_common.dir/bech32.cpp.o
[ 26%] Building CXX object src/CMakeFiles/bitcoin_common.dir/chainparams.cpp.o
[ 26%] Building CXX object src/CMakeFiles/bitcoin_common.dir/coins.cpp.o
[ 27%] Building CXX object src/CMakeFiles/bitcoin_common.dir/base58.cpp.o
[ 27%] Building CXX object src/CMakeFiles/bitcoin_common.dir/common/bloom.cpp.o
[ 27%] Building CXX object src/CMakeFiles/bitcoin_common.dir/common/run_command.cpp.o
[ 27%] Building CXX object src/CMakeFiles/bitcoin_common.dir/compressor.cpp.o
[ 27%] Building CXX object src/CMakeFiles/bitcoin_common.dir/core_write.cpp.o
[ 28%] Building CXX object src/CMakeFiles/bitcoin_common.dir/core_read.cpp.o
[ 28%] Building CXX object src/CMakeFiles/bitcoin_common.dir/deploymentinfo.cpp.o
[ 28%] Building CXX object src/CMakeFiles/bitcoin_common.dir/external_signer.cpp.o
[ 28%] Building CXX object src/CMakeFiles/bitcoin_common.dir/init/common.cpp.o
[ 28%] Building CXX object src/CMakeFiles/bitcoin_common.dir/key.cpp.o
[ 29%] Building CXX object src/CMakeFiles/bitcoin_common.dir/key_io.cpp.o
[ 29%] Building CXX object src/CMakeFiles/bitcoin_common.dir/merkleblock.cpp.o
[ 29%] Building CXX object src/CMakeFiles/bitcoin_common.dir/net_types.cpp.o
[ 29%] Building CXX object src/CMakeFiles/bitcoin_common.dir/netaddress.cpp.o
[ 29%] Building CXX object src/CMakeFiles/bitcoin_common.dir/netbase.cpp.o
[ 29%] Building CXX object src/CMakeFiles/bitcoin_common.dir/net_permissions.cpp.o
[ 29%] Building CXX object src/CMakeFiles/bitcoin_common.dir/outputtype.cpp.o
[ 30%] Building CXX object src/CMakeFiles/bitcoin_common.dir/policy/feerate.cpp.o
[ 30%] Building CXX object src/CMakeFiles/bitcoin_common.dir/policy/policy.cpp.o
[ 30%] Building CXX object src/CMakeFiles/bitcoin_common.dir/protocol.cpp.o
[ 30%] Building CXX object src/CMakeFiles/bitcoin_common.dir/psbt.cpp.o
[ 30%] Building CXX object src/CMakeFiles/bitcoin_common.dir/rpc/rawtransaction_util.cpp.o
[ 30%] Building CXX object src/CMakeFiles/bitcoin_common.dir/rpc/external_signer.cpp.o
[ 30%] Building CXX object src/CMakeFiles/bitcoin_common.dir/rpc/util.cpp.o
[ 31%] Building CXX object src/CMakeFiles/bitcoin_common.dir/scheduler.cpp.o
[ 31%] Building CXX object src/CMakeFiles/bitcoin_common.dir/script/descriptor.cpp.o
[ 31%] Building CXX object src/CMakeFiles/bitcoin_common.dir/script/miniscript.cpp.o
[ 31%] Building CXX object src/CMakeFiles/bitcoin_common.dir/script/sign.cpp.o
[ 31%] Building CXX object src/CMakeFiles/bitcoin_common.dir/script/signingprovider.cpp.o
[ 31%] Building CXX object src/CMakeFiles/bitcoin_common.dir/script/standard.cpp.o
[ 31%] Building CXX object src/CMakeFiles/bitcoin_common.dir/warnings.cpp.o
[ 32%] Building CXX object src/CMakeFiles/bitcoin_common.dir/common/url.cpp.o
[ 32%] Linking CXX static library libbitcoin_common.a
[ 32%] Built target bitcoin_common
[ 32%] Building CXX object src/CMakeFiles/bitcoin-tx.dir/bitcoin-tx.cpp.o
[ 32%] Building CXX object src/wallet/CMakeFiles/bitcoin_wallet.dir/coincontrol.cpp.o
[ 32%] Building CXX object src/CMakeFiles/bitcoin-cli.dir/bitcoin-cli.cpp.o
[ 32%] Building CXX object src/CMakeFiles/bitcoin-util.dir/bitcoin-util.cpp.o
[ 33%] Building CXX object src/CMakeFiles/bitcoin-cli.dir/compat/stdin.cpp.o
[ 33%] Linking CXX executable bitcoin-tx
[ 33%] Linking CXX executable bitcoin-util
[ 34%] Linking CXX executable bitcoin-cli
[ 34%] Built target bitcoin-util
[ 34%] Building CXX object src/wallet/CMakeFiles/bitcoin_wallet.dir/coinselection.cpp.o
[ 34%] Built target bitcoin-cli
[ 34%] Building CXX object src/wallet/CMakeFiles/bitcoin_wallet.dir/context.cpp.o
[ 35%] Building CXX object src/wallet/CMakeFiles/bitcoin_wallet.dir/crypter.cpp.o
[ 35%] Building CXX object src/wallet/CMakeFiles/bitcoin_wallet.dir/db.cpp.o
[ 35%] Building CXX object src/wallet/CMakeFiles/bitcoin_wallet.dir/dump.cpp.o
[ 35%] Building CXX object src/wallet/CMakeFiles/bitcoin_wallet.dir/external_signer_scriptpubkeyman.cpp.o
[ 35%] Building CXX object src/wallet/CMakeFiles/bitcoin_wallet.dir/feebumper.cpp.o
[ 35%] Built target bitcoin-tx
[ 35%] Building CXX object src/wallet/CMakeFiles/bitcoin_wallet.dir/fees.cpp.o
[ 35%] Building CXX object src/wallet/CMakeFiles/bitcoin_wallet.dir/interfaces.cpp.o
[ 36%] Building CXX object src/wallet/CMakeFiles/bitcoin_wallet.dir/load.cpp.o
[ 36%] Building CXX object src/wallet/CMakeFiles/bitcoin_wallet.dir/receive.cpp.o
[ 36%] Building CXX object src/wallet/CMakeFiles/bitcoin_wallet.dir/rpc/addresses.cpp.o
[ 36%] Building CXX object src/wallet/CMakeFiles/bitcoin_wallet.dir/rpc/backup.cpp.o
[ 36%] Building CXX object src/wallet/CMakeFiles/bitcoin_wallet.dir/rpc/coins.cpp.o
[ 36%] Building CXX object src/wallet/CMakeFiles/bitcoin_wallet.dir/rpc/encrypt.cpp.o
[ 36%] Building CXX object src/wallet/CMakeFiles/bitcoin_wallet.dir/rpc/spend.cpp.o
[ 37%] Building CXX object src/wallet/CMakeFiles/bitcoin_wallet.dir/rpc/signmessage.cpp.o
[ 37%] Building CXX object src/wallet/CMakeFiles/bitcoin_wallet.dir/rpc/transactions.cpp.o
[ 37%] Building CXX object src/wallet/CMakeFiles/bitcoin_wallet.dir/rpc/util.cpp.o
[ 37%] Building CXX object src/wallet/CMakeFiles/bitcoin_wallet.dir/rpc/wallet.cpp.o
[ 37%] Building CXX object src/wallet/CMakeFiles/bitcoin_wallet.dir/scriptpubkeyman.cpp.o
[ 37%] Building CXX object src/wallet/CMakeFiles/bitcoin_wallet.dir/spend.cpp.o
[ 38%] Building CXX object src/wallet/CMakeFiles/bitcoin_wallet.dir/transaction.cpp.o
[ 38%] Building CXX object src/wallet/CMakeFiles/bitcoin_wallet.dir/wallet.cpp.o
[ 38%] Building CXX object src/wallet/CMakeFiles/bitcoin_wallet.dir/walletdb.cpp.o
[ 38%] Building CXX object src/wallet/CMakeFiles/bitcoin_wallet.dir/walletutil.cpp.o
[ 38%] Building CXX object src/wallet/CMakeFiles/bitcoin_wallet.dir/sqlite.cpp.o
[ 38%] Building CXX object src/wallet/CMakeFiles/bitcoin_wallet.dir/bdb.cpp.o
[ 38%] Building CXX object src/wallet/CMakeFiles/bitcoin_wallet.dir/salvage.cpp.o
[ 39%] Linking CXX static library libbitcoin_wallet.a
[ 39%] Built target bitcoin_wallet
[ 39%] Building CXX object src/CMakeFiles/bitcoin-wallet.dir/bitcoin-wallet.cpp.o
[ 39%] Building CXX object src/CMakeFiles/bitcoin-wallet.dir/init/bitcoin-wallet.cpp.o
[ 39%] Automatic MOC and UIC for target bitcoinqt
[ 39%] Building CXX object src/CMakeFiles/bitcoin_node.dir/addrdb.cpp.o
[ 39%] Building CXX object src/CMakeFiles/bitcoin-wallet.dir/wallet/wallettool.cpp.o
[ 39%] Building CXX object src/CMakeFiles/bitcoin_node.dir/addrman.cpp.o
[ 40%] Building CXX object src/CMakeFiles/bitcoin_node.dir/banman.cpp.o
[ 40%] Building CXX object src/CMakeFiles/bitcoin_node.dir/blockencodings.cpp.o
[ 40%] Building CXX object src/CMakeFiles/bitcoin_node.dir/blockfilter.cpp.o
[ 40%] Building CXX object src/CMakeFiles/bitcoin_node.dir/chain.cpp.o
[ 40%] Building CXX object src/CMakeFiles/bitcoin_node.dir/consensus/tx_verify.cpp.o
[ 40%] Building CXX object src/CMakeFiles/bitcoin_node.dir/dbwrapper.cpp.o
[ 40%] Building CXX object src/CMakeFiles/bitcoin_node.dir/deploymentstatus.cpp.o
[ 41%] Building CXX object src/CMakeFiles/bitcoin_node.dir/flatfile.cpp.o
[ 41%] Building CXX object src/CMakeFiles/bitcoin_node.dir/headerssync.cpp.o
[ 41%] Building CXX object src/CMakeFiles/bitcoin_node.dir/httprpc.cpp.o
[ 41%] Building CXX object src/CMakeFiles/bitcoin_node.dir/httpserver.cpp.o
[ 41%] Building CXX object src/CMakeFiles/bitcoin_node.dir/i2p.cpp.o
[ 41%] Building CXX object src/CMakeFiles/bitcoin_node.dir/index/base.cpp.o
[ 42%] Building CXX object src/CMakeFiles/bitcoin_node.dir/index/blockfilterindex.cpp.o
[ 42%] Linking CXX executable bitcoin-wallet
[ 42%] Built target bitcoinqt_autogen
[ 42%] Generating ../../../../../src/qt/locale/bitcoin_zu.qm
Updating '/tmp/cirrus-ci-build/src/qt/locale/bitcoin_zu.qm'...
    Generated 19 translation(s) (0 finished and 19 unfinished)
    Ignored 11 untranslated source text(s)
[ 42%] Automatic RCC for bitcoin.qrc
[ 43%] Generating ../../../../../src/qt/locale/bitcoin_fr.qm
Updating '/tmp/cirrus-ci-build/src/qt/locale/bitcoin_fr.qm'...
    Generated 1053 translation(s) (0 finished and 1053 unfinished)
[ 43%] Generating ../../../../../src/qt/locale/bitcoin_si.qm
Updating '/tmp/cirrus-ci-build/src/qt/locale/bitcoin_si.qm'...
    Generated 249 translation(s) (0 finished and 249 unfinished)
    Ignored 11 untranslated source text(s)
[ 43%] Generating ../../../../../src/qt/locale/bitcoin_bn.qm
Updating '/tmp/cirrus-ci-build/src/qt/locale/bitcoin_bn.qm'...
    Generated 83 translation(s) (0 finished and 83 unfinished)
    Ignored 11 untranslated source text(s)
[ 44%] Generating ../../../../../src/qt/locale/bitcoin_sk.qm
[ 44%] Built target bitcoin-wallet
Updating '/tmp/cirrus-ci-build/src/qt/locale/bitcoin_sk.qm'...
    Generated 1004 translation(s) (0 finished and 1004 unfinished)
    Ignored 11 untranslated source text(s)
[ 44%] Generating ../../../../../src/qt/locale/bitcoin_sl.qm
[ 44%] Generating ../../../../../src/qt/locale/bitcoin_sn.qm
Updating '/tmp/cirrus-ci-build/src/qt/locale/bitcoin_sl.qm'...
Updating '/tmp/cirrus-ci-build/src/qt/locale/bitcoin_sn.qm'...
    Generated 47 translation(s) (0 finished and 47 unfinished)
    Ignored 11 untranslated source text(s)
    Generated 1031 translation(s) (0 finished and 1031 unfinished)
[ 44%] Generating ../../../../../src/qt/locale/bitcoin_ka.qm
[ 45%] Generating ../../../../../src/qt/locale/bitcoin_bs.qm
Updating '/tmp/cirrus-ci-build/src/qt/locale/bitcoin_ka.qm'...
    Generated 463 translation(s) (0 finished and 463 unfinished)
    Ignored 11 untranslated source text(s)
Updating '/tmp/cirrus-ci-build/src/qt/locale/bitcoin_bs.qm'...
    Generated 372 translation(s) (0 finished and 372 unfinished)
    Ignored 11 untranslated source text(s)
[ 45%] Generating ../../../../../src/qt/locale/bitcoin_sq.qm
[ 45%] Generating ../../../../../src/qt/locale/bitcoin_sr.qm
Updating '/tmp/cirrus-ci-build/src/qt/locale/bitcoin_sq.qm'...
    Generated 159 translation(s) (0 finished and 159 unfinished)
    Ignored 11 untranslated source text(s)
Updating '/tmp/cirrus-ci-build/src/qt/locale/bitcoin_sr.qm'...
    Generated 795 translation(s) (0 finished and 795 unfinished)
    Ignored 11 untranslated source text(s)
[ 45%] Generating ../../../../../src/qt/locale/bitcoin_ga.qm
[ 45%] Generating ../../../../../src/qt/locale/bitcoin_sv.qm
Updating '/tmp/cirrus-ci-build/src/qt/locale/bitcoin_ga.qm'...
    Generated 837 translation(s) (0 finished and 837 unfinished)
    Ignored 11 untranslated source text(s)
Updating '/tmp/cirrus-ci-build/src/qt/locale/bitcoin_sv.qm'...
    Generated 864 translation(s) (0 finished and 864 unfinished)
    Ignored 11 untranslated source text(s)
[ 46%] Generating ../../../../../src/qt/locale/bitcoin_sw.qm
Updating '/tmp/cirrus-ci-build/src/qt/locale/bitcoin_sw.qm'...
    Generated 13 translation(s) (0 finished and 13 unfinished)
    Ignored 11 untranslated source text(s)
[ 47%] Generating ../../../../../src/qt/locale/bitcoin_kk.qm
Updating '/tmp/cirrus-ci-build/src/qt/locale/bitcoin_kk.qm'...
[ 47%] Generating ../../../../../src/qt/locale/bitcoin_gd.qm
    Generated 184 translation(s) (0 finished and 184 unfinished)
    Ignored 11 untranslated source text(s)
Updating '/tmp/cirrus-ci-build/src/qt/locale/bitcoin_gd.qm'...
    Generated 19 translation(s) (0 finished and 19 unfinished)
    Ignored 11 untranslated source text(s)
[ 47%] Generating ../../../../../src/qt/locale/bitcoin_kl.qm
Updating '/tmp/cirrus-ci-build/src/qt/locale/bitcoin_kl.qm'...
[ 47%] Generating ../../../../../src/qt/locale/bitcoin_km.qm
    Generated 48 translation(s) (0 finished and 48 unfinished)
    Ignored 11 untranslated source text(s)
Updating '/tmp/cirrus-ci-build/src/qt/locale/bitcoin_km.qm'...
[ 47%] Generating ../../../../../src/qt/locale/bitcoin_ko.qm
    Generated 487 translation(s) (0 finished and 487 unfinished)
    Ignored 11 untranslated source text(s)
[ 47%] Generating ../../../../../src/qt/locale/bitcoin_ca.qm
Updating '/tmp/cirrus-ci-build/src/qt/locale/bitcoin_ko.qm'...
    Generated 970 translation(s) (0 finished and 970 unfinished)
    Ignored 11 untranslated source text(s)
Updating '/tmp/cirrus-ci-build/src/qt/locale/bitcoin_ca.qm'...
    Generated 987 translation(s) (0 finished and 987 unfinished)
    Ignored 11 untranslated source text(s)
[ 47%] Generating ../../../../../src/qt/locale/bitcoin_pt_BR.qm
[ 47%] Generating ../../../../../src/qt/locale/bitcoin_ta.qm
Updating '/tmp/cirrus-ci-build/src/qt/locale/bitcoin_pt_BR.qm'...
    Generated 911 translation(s) (0 finished and 911 unfinished)
    Ignored 11 untranslated source text(s)
Updating '/tmp/cirrus-ci-build/src/qt/locale/bitcoin_ta.qm'...
    Generated 724 translation(s) (0 finished and 724 unfinished)
    Ignored 11 untranslated source text(s)
[ 47%] Generating ../../../../../src/qt/locale/bitcoin_gl.qm
[ 47%] Generating ../../../../../src/qt/locale/bitcoin_te.qm
Updating '/tmp/cirrus-ci-build/src/qt/locale/bitcoin_gl.qm'...
    Generated 386 translation(s) (0 finished and 386 unfinished)
    Ignored 11 untranslated source text(s)
Updating '/tmp/cirrus-ci-build/src/qt/locale/bitcoin_te.qm'...
    Generated 118 translation(s) (0 finished and 118 unfinished)
    Ignored 11 untranslated source text(s)
[ 47%] Generating ../../../../../src/qt/locale/bitcoin_zh_CN.qm
[ 47%] Generating ../../../../../src/qt/locale/bitcoin_ky.qm
Updating '/tmp/cirrus-ci-build/src/qt/locale/bitcoin_ky.qm'...
    Generated 56 translation(s) (0 finished and 56 unfinished)
    Ignored 11 untranslated source text(s)
Updating '/tmp/cirrus-ci-build/src/qt/locale/bitcoin_zh_CN.qm'...
    Generated 1016 translation(s) (0 finished and 1016 unfinished)
    Ignored 11 untranslated source text(s)
[ 47%] Generating ../../../../../src/qt/locale/bitcoin_th.qm
[ 47%] Generating ../../../../../src/qt/locale/bitcoin_gu.qm
Updating '/tmp/cirrus-ci-build/src/qt/locale/bitcoin_th.qm'...
    Generated 319 translation(s) (0 finished and 319 unfinished)
    Ignored 3 untranslated source text(s)
Updating '/tmp/cirrus-ci-build/src/qt/locale/bitcoin_gu.qm'...
    Generated 51 translation(s) (0 finished and 51 unfinished)
    Ignored 11 untranslated source text(s)
[ 48%] Generating ../../../../../src/qt/locale/bitcoin_la.qm
[ 48%] Generating ../../../../../src/qt/locale/bitcoin_cs.qm
Updating '/tmp/cirrus-ci-build/src/qt/locale/bitcoin_la.qm'...
    Generated 290 translation(s) (0 finished and 290 unfinished)
    Ignored 11 untranslated source text(s)
Updating '/tmp/cirrus-ci-build/src/qt/locale/bitcoin_cs.qm'...
    Generated 1002 translation(s) (0 finished and 1002 unfinished)
    Ignored 11 untranslated source text(s)
[ 48%] Generating ../../../../../src/qt/locale/bitcoin_zh_TW.qm
[ 48%] Generating ../../../../../src/qt/locale/bitcoin_szl.qm
Updating '/tmp/cirrus-ci-build/src/qt/locale/bitcoin_zh_TW.qm'...
    Generated 823 translation(s) (0 finished and 823 unfinished)
    Ignored 11 untranslated source text(s)
Updating '/tmp/cirrus-ci-build/src/qt/locale/bitcoin_szl.qm'...
    Generated 378 translation(s) (0 finished and 378 unfinished)
    Ignored 11 untranslated source text(s)
[ 48%] Generating ../../../../../src/qt/locale/bitcoin_tr.qm
[ 49%] Generating ../../../../../src/qt/locale/bitcoin_pl.qm
Updating '/tmp/cirrus-ci-build/src/qt/locale/bitcoin_tr.qm'...
    Generated 858 translation(s) (0 finished and 858 unfinished)
    Ignored 5 untranslated source text(s)
Updating '/tmp/cirrus-ci-build/src/qt/locale/bitcoin_pl.qm'...
    Generated 857 translation(s) (0 finished and 857 unfinished)
    Ignored 11 untranslated source text(s)
[ 49%] Generating ../../../../../src/qt/locale/bitcoin_ku_IQ.qm
[ 49%] Generating ../../../../../src/qt/locale/bitcoin_cy.qm
Updating '/tmp/cirrus-ci-build/src/qt/locale/bitcoin_ku_IQ.qm'...
    Generated 156 translation(s) (0 finished and 156 unfinished)
    Ignored 11 untranslated source text(s)
Updating '/tmp/cirrus-ci-build/src/qt/locale/bitcoin_cy.qm'...
    Generated 198 translation(s) (0 finished and 198 unfinished)
    Ignored 11 untranslated source text(s)
[ 49%] Generating ../../../../../src/qt/locale/bitcoin_he.qm
[ 49%] Generating ../../../../../src/qt/locale/bitcoin_zh_HK.qm
Updating '/tmp/cirrus-ci-build/src/qt/locale/bitcoin_he.qm'...
Updating '/tmp/cirrus-ci-build/src/qt/locale/bitcoin_zh_HK.qm'...
    Generated 129 translation(s) (0 finished and 129 unfinished)
    Ignored 11 untranslated source text(s)
    Generated 859 translation(s) (0 finished and 859 unfinished)
    Ignored 11 untranslated source text(s)
[ 49%] Generating ../../../../../src/qt/locale/bitcoin_es_CL.qm
[ 49%] Generating ../../../../../src/qt/locale/bitcoin_pt.qm
Updating '/tmp/cirrus-ci-build/src/qt/locale/bitcoin_es_CL.qm'...
    Generated 633 translation(s) (0 finished and 633 unfinished)
    Ignored 11 untranslated source text(s)
Updating '/tmp/cirrus-ci-build/src/qt/locale/bitcoin_pt.qm'...
    Generated 981 translation(s) (0 finished and 981 unfinished)
    Ignored 11 untranslated source text(s)
[ 49%] Generating ../../../../../src/qt/locale/bitcoin_da.qm
[ 49%] Generating ../../../../../src/qt/locale/bitcoin_pam.qm
Updating '/tmp/cirrus-ci-build/src/qt/locale/bitcoin_da.qm'...
    Generated 861 translation(s) (0 finished and 861 unfinished)
    Ignored 11 untranslated source text(s)
Updating '/tmp/cirrus-ci-build/src/qt/locale/bitcoin_pam.qm'...
    Generated 238 translation(s) (0 finished and 238 unfinished)
    Ignored 11 untranslated source text(s)
[ 49%] Generating ../../../../../src/qt/locale/bitcoin_de.qm
[ 49%] Generating ../../../../../src/qt/locale/bitcoin_es_CO.qm
Updating '/tmp/cirrus-ci-build/src/qt/locale/bitcoin_es_CO.qm'...
    Generated 672 translation(s) (0 finished and 672 unfinished)
    Ignored 11 untranslated source text(s)
Updating '/tmp/cirrus-ci-build/src/qt/locale/bitcoin_de.qm'...
    Generated 1019 translation(s) (0 finished and 1019 unfinished)
    Ignored 11 untranslated source text(s)
[ 49%] Generating ../../../../../src/qt/locale/bitcoin_lt.qm
[ 49%] Generating ../../../../../src/qt/locale/bitcoin_lv.qm
Updating '/tmp/cirrus-ci-build/src/qt/locale/bitcoin_lt.qm'...
Updating '/tmp/cirrus-ci-build/src/qt/locale/bitcoin_lv.qm'...
    Generated 264 translation(s) (0 finished and 264 unfinished)
    Ignored 11 untranslated source text(s)
    Generated 693 translation(s) (0 finished and 693 unfinished)
    Ignored 11 untranslated source text(s)
[ 50%] Generating ../../../../../src/qt/locale/bitcoin_ug.qm
[ 51%] Generating ../../../../../src/qt/locale/bitcoin_hr.qm
Updating '/tmp/cirrus-ci-build/src/qt/locale/bitcoin_ug.qm'...
    Generated 44 translation(s) (0 finished and 44 unfinished)
    Ignored 11 untranslated source text(s)
Updating '/tmp/cirrus-ci-build/src/qt/locale/bitcoin_hr.qm'...
    Generated 762 translation(s) (0 finished and 762 unfinished)
    Ignored 11 untranslated source text(s)
[ 51%] Generating ../../../../../src/qt/locale/bitcoin_yo.qm
Updating '/tmp/cirrus-ci-build/src/qt/locale/bitcoin_yo.qm'...
    Generated 19 translation(s) (0 finished and 19 unfinished)
    Ignored 11 untranslated source text(s)
[ 51%] Generating ../../../../../src/qt/locale/bitcoin_hu.qm
[ 51%] Generating ../../../../../src/qt/locale/bitcoin_uk.qm
Updating '/tmp/cirrus-ci-build/src/qt/locale/bitcoin_hu.qm'...
    Generated 1055 translation(s) (0 finished and 1055 unfinished)
    Ignored 11 untranslated source text(s)
Updating '/tmp/cirrus-ci-build/src/qt/locale/bitcoin_uk.qm'...
    Generated 1081 translation(s) (0 finished and 1081 unfinished)
[ 51%] Generating ../../../../../src/qt/locale/bitcoin_ur.qm
Updating '/tmp/cirrus-ci-build/src/qt/locale/bitcoin_ur.qm'...
[ 51%] Generating ../../../../../src/qt/locale/bitcoin_gl_ES.qm
    Generated 134 translation(s) (0 finished and 134 unfinished)
    Ignored 11 untranslated source text(s)
Updating '/tmp/cirrus-ci-build/src/qt/locale/bitcoin_gl_ES.qm'...
    Generated 216 translation(s) (0 finished and 216 unfinished)
    Ignored 11 untranslated source text(s)
[ 51%] Generating ../../../../../src/qt/locale/bitcoin_sr@latin.qm
[ 51%] Generating ../../../../../src/qt/locale/bitcoin_mk.qm
Updating '/tmp/cirrus-ci-build/src/qt/locale/bitcoin_sr@latin.qm'...
    Generated 173 translation(s) (0 finished and 173 unfinished)
    Ignored 11 untranslated source text(s)
Updating '/tmp/cirrus-ci-build/src/qt/locale/bitcoin_mk.qm'...
    Generated 105 translation(s) (0 finished and 105 unfinished)
    Ignored 11 untranslated source text(s)
[ 51%] Generating ../../../../../src/qt/locale/bitcoin_id.qm
[ 51%] Generating ../../../../../src/qt/locale/bitcoin_ml.qm
Updating '/tmp/cirrus-ci-build/src/qt/locale/bitcoin_ml.qm'...
    Generated 287 translation(s) (0 finished and 287 unfinished)
    Ignored 11 untranslated source text(s)
Updating '/tmp/cirrus-ci-build/src/qt/locale/bitcoin_id.qm'...
    Generated 974 translation(s) (0 finished and 974 unfinished)
    Ignored 11 untranslated source text(s)
[ 51%] Generating ../../../../../src/qt/locale/bitcoin_mn.qm
[ 51%] Generating ../../../../../src/qt/locale/bitcoin_mr_IN.qm
Updating '/tmp/cirrus-ci-build/src/qt/locale/bitcoin_mn.qm'...
    Generated 211 translation(s) (0 finished and 211 unfinished)
    Ignored 11 untranslated source text(s)
Updating '/tmp/cirrus-ci-build/src/qt/locale/bitcoin_mr_IN.qm'...
    Generated 37 translation(s) (0 finished and 37 unfinished)
    Ignored 11 untranslated source text(s)
[ 51%] Generating ../../../../../src/qt/locale/bitcoin_es_DO.qm
[ 51%] Generating ../../../../../src/qt/locale/bitcoin_zh.qm
Updating '/tmp/cirrus-ci-build/src/qt/locale/bitcoin_es_DO.qm'...
    Generated 402 translation(s) (0 finished and 402 unfinished)
    Ignored 11 untranslated source text(s)
Updating '/tmp/cirrus-ci-build/src/qt/locale/bitcoin_zh.qm'...
    Generated 30 translation(s) (0 finished and 30 unfinished)
    Ignored 11 untranslated source text(s)
[ 52%] Generating ../../../../../src/qt/locale/bitcoin_ms.qm
[ 52%] Generating ../../../../../src/qt/locale/bitcoin_uz@Cyrl.qm
Updating '/tmp/cirrus-ci-build/src/qt/locale/bitcoin_ms.qm'...
    Generated 102 translation(s) (0 finished and 102 unfinished)
    Ignored 11 untranslated source text(s)
Updating '/tmp/cirrus-ci-build/src/qt/locale/bitcoin_uz@Cyrl.qm'...
    Generated 378 translation(s) (0 finished and 378 unfinished)
    Ignored 11 untranslated source text(s)
[ 52%] Generating ../../../../../src/qt/locale/bitcoin_my.qm
[ 52%] Generating ../../../../../src/qt/locale/bitcoin_is.qm
Updating '/tmp/cirrus-ci-build/src/qt/locale/bitcoin_my.qm'...
    Generated 43 translation(s) (0 finished and 43 unfinished)
    Ignored 11 untranslated source text(s)
Updating '/tmp/cirrus-ci-build/src/qt/locale/bitcoin_is.qm'...
    Generated 168 translation(s) (0 finished and 168 unfinished)
    Ignored 11 untranslated source text(s)
[ 53%] Generating ../../../../../src/qt/locale/bitcoin_el.qm
[ 53%] Generating ../../../../../src/qt/locale/bitcoin_vi.qm
Updating '/tmp/cirrus-ci-build/src/qt/locale/bitcoin_el.qm'...
    Generated 945 translation(s) (0 finished and 945 unfinished)
    Ignored 11 untranslated source text(s)
Updating '/tmp/cirrus-ci-build/src/qt/locale/bitcoin_vi.qm'...
    Generated 573 translation(s) (0 finished and 573 unfinished)
    Ignored 11 untranslated source text(s)
[ 53%] Generating ../../../../../src/qt/locale/bitcoin_it.qm
[ 53%] Generating ../../../../../src/qt/locale/bitcoin_en.qm
Updating '/tmp/cirrus-ci-build/src/qt/locale/bitcoin_it.qm'...
    Generated 1032 translation(s) (0 finished and 1032 unfinished)
    Ignored 11 untranslated source text(s)
Updating '/tmp/cirrus-ci-build/src/qt/locale/bitcoin_en.qm'...
    Generated 161 translation(s) (131 finished and 30 unfinished)
    Ignored 988 untranslated source text(s)
[ 53%] Generating ../../../../../src/qt/locale/bitcoin_eo.qm
[ 53%] Generating ../../../../../src/qt/locale/bitcoin_nb.qm
Updating '/tmp/cirrus-ci-build/src/qt/locale/bitcoin_eo.qm'...
    Generated 488 translation(s) (0 finished and 488 unfinished)
    Ignored 11 untranslated source text(s)
Updating '/tmp/cirrus-ci-build/src/qt/locale/bitcoin_nb.qm'...
    Generated 956 translation(s) (0 finished and 956 unfinished)
    Ignored 11 untranslated source text(s)
[ 53%] Generating ../../../../../src/qt/locale/bitcoin_es.qm
Updating '/tmp/cirrus-ci-build/src/qt/locale/bitcoin_es.qm'...
[ 53%] Generating ../../../../../src/qt/locale/bitcoin_et.qm
    Generated 577 translation(s) (0 finished and 577 unfinished)
    Ignored 11 untranslated source text(s)
Updating '/tmp/cirrus-ci-build/src/qt/locale/bitcoin_et.qm'...
    Generated 413 translation(s) (0 finished and 413 unfinished)
    Ignored 11 untranslated source text(s)
[ 53%] Generating ../../../../../src/qt/locale/bitcoin_am.qm
Updating '/tmp/cirrus-ci-build/src/qt/locale/bitcoin_am.qm'...
    Generated 132 translation(s) (0 finished and 132 unfinished)
    Ignored 11 untranslated source text(s)
[ 53%] Generating ../../../../../src/qt/locale/bitcoin_eu.qm
Updating '/tmp/cirrus-ci-build/src/qt/locale/bitcoin_eu.qm'...
[ 53%] Generating ../../../../../src/qt/locale/bitcoin_ne.qm
    Generated 344 translation(s) (0 finished and 344 unfinished)
    Ignored 11 untranslated source text(s)
Updating '/tmp/cirrus-ci-build/src/qt/locale/bitcoin_ne.qm'...
    Generated 78 translation(s) (0 finished and 78 unfinished)
    Ignored 11 untranslated source text(s)
[ 53%] Generating ../../../../../src/qt/locale/bitcoin_ro.qm
[ 53%] Generating ../../../../../src/qt/locale/bitcoin_ja.qm
Updating '/tmp/cirrus-ci-build/src/qt/locale/bitcoin_ro.qm'...
    Generated 756 translation(s) (0 finished and 756 unfinished)
    Ignored 11 untranslated source text(s)
Updating '/tmp/cirrus-ci-build/src/qt/locale/bitcoin_ja.qm'...
    Generated 1071 translation(s) (0 finished and 1071 unfinished)
[ 53%] Generating ../../../../../src/qt/locale/bitcoin_ar.qm
[ 53%] Generating ../../../../../src/qt/locale/bitcoin_es_VE.qm
Updating '/tmp/cirrus-ci-build/src/qt/locale/bitcoin_ar.qm'...
    Generated 946 translation(s) (0 finished and 946 unfinished)
    Ignored 11 untranslated source text(s)
Updating '/tmp/cirrus-ci-build/src/qt/locale/bitcoin_es_VE.qm'...
    Generated 327 translation(s) (0 finished and 327 unfinished)
    Ignored 11 untranslated source text(s)
[ 53%] Generating ../../../../../src/qt/locale/bitcoin_uz@Latn.qm
[ 54%] Generating ../../../../../src/qt/locale/bitcoin_zh-Hans.qm
Updating '/tmp/cirrus-ci-build/src/qt/locale/bitcoin_uz@Latn.qm'...
    Generated 14 translation(s) (0 finished and 14 unfinished)
    Ignored 11 untranslated source text(s)
Updating '/tmp/cirrus-ci-build/src/qt/locale/bitcoin_zh-Hans.qm'...
    Generated 57 translation(s) (0 finished and 57 unfinished)
    Ignored 11 untranslated source text(s)
[ 55%] Generating ../../../../../src/qt/locale/bitcoin_es_MX.qm
[ 55%] Generating ../../../../../src/qt/locale/bitcoin_nl.qm
Updating '/tmp/cirrus-ci-build/src/qt/locale/bitcoin_es_MX.qm'...
    Generated 548 translation(s) (0 finished and 548 unfinished)
    Ignored 11 untranslated source text(s)
Updating '/tmp/cirrus-ci-build/src/qt/locale/bitcoin_nl.qm'...
    Generated 1014 translation(s) (0 finished and 1014 unfinished)
    Ignored 11 untranslated source text(s)
[ 55%] Generating ../../../../../src/qt/locale/bitcoin_ru.qm
[ 55%] Generating ../../../../../src/qt/locale/bitcoin_no.qm
Updating '/tmp/cirrus-ci-build/src/qt/locale/bitcoin_ru.qm'...
Updating '/tmp/cirrus-ci-build/src/qt/locale/bitcoin_no.qm'...
    Generated 25 translation(s) (0 finished and 25 unfinished)
    Ignored 11 untranslated source text(s)
    Generated 985 translation(s) (0 finished and 985 unfinished)
    Ignored 11 untranslated source text(s)
[ 55%] Generating ../../../../../src/qt/locale/bitcoin_fa.qm
[ 55%] Generating ../../../../../src/qt/locale/bitcoin_az.qm
Updating '/tmp/cirrus-ci-build/src/qt/locale/bitcoin_az.qm'...
    Generated 78 translation(s) (0 finished and 78 unfinished)
    Ignored 11 untranslated source text(s)
Updating '/tmp/cirrus-ci-build/src/qt/locale/bitcoin_fa.qm'...
    Generated 879 translation(s) (0 finished and 879 unfinished)
    Ignored 11 untranslated source text(s)
[ 55%] Generating ../../../../../src/qt/locale/bitcoin_fil.qm
[ 55%] Generating ../../../../../src/qt/locale/bitcoin_fi.qm
Updating '/tmp/cirrus-ci-build/src/qt/locale/bitcoin_fil.qm'...
    Generated 711 translation(s) (0 finished and 711 unfinished)
    Ignored 11 untranslated source text(s)
Updating '/tmp/cirrus-ci-build/src/qt/locale/bitcoin_fi.qm'...
    Generated 964 translation(s) (0 finished and 964 unfinished)
    Ignored 11 untranslated source text(s)
[ 55%] Generating ../../../../../src/qt/locale/bitcoin_be.qm
[ 55%] Generating ../../../../../src/qt/locale/bitcoin_sc.qm
Updating '/tmp/cirrus-ci-build/src/qt/locale/bitcoin_be.qm'...
    Generated 237 translation(s) (0 finished and 237 unfinished)
    Ignored 11 untranslated source text(s)
Updating '/tmp/cirrus-ci-build/src/qt/locale/bitcoin_sc.qm'...
    Generated 15 translation(s) (0 finished and 15 unfinished)
    Ignored 11 untranslated source text(s)
[ 55%] Generating ../../../../../src/qt/locale/bitcoin_bg.qm
[ 55%] Building CXX object src/CMakeFiles/bitcoin_node.dir/index/coinstatsindex.cpp.o
Updating '/tmp/cirrus-ci-build/src/qt/locale/bitcoin_bg.qm'...
    Generated 571 translation(s) (0 finished and 571 unfinished)
    Ignored 11 untranslated source text(s)
[ 56%] Automatic RCC for bitcoin_locale.qrc
[ 56%] Building CXX object src/CMakeFiles/bitcoin_node.dir/index/txindex.cpp.o
[ 56%] Building CXX object src/CMakeFiles/bitcoin_node.dir/init.cpp.o
[ 56%] Building CXX object src/qt/CMakeFiles/bitcoinqt.dir/bitcoinqt_autogen/mocs_compilation.cpp.o
[ 57%] Building CXX object src/qt/CMakeFiles/bitcoinqt.dir/bantablemodel.cpp.o
[ 57%] Building CXX object src/qt/CMakeFiles/bitcoinqt.dir/bitcoin.cpp.o
[ 57%] Building CXX object src/qt/CMakeFiles/bitcoinqt.dir/bitcoinaddressvalidator.cpp.o
[ 57%] Building CXX object src/qt/CMakeFiles/bitcoinqt.dir/bitcoinamountfield.cpp.o
[ 57%] Building CXX object src/qt/CMakeFiles/bitcoinqt.dir/bitcoingui.cpp.o
[ 57%] Building CXX object src/qt/CMakeFiles/bitcoinqt.dir/bitcoinunits.cpp.o
[ 57%] Building CXX object src/qt/CMakeFiles/bitcoinqt.dir/clientmodel.cpp.o
[ 57%] Building CXX object src/CMakeFiles/bitcoin_node.dir/kernel/chain.cpp.o
[ 57%] Building CXX object src/CMakeFiles/bitcoin_node.dir/kernel/checks.cpp.o
[ 57%] Building CXX object src/CMakeFiles/bitcoin_node.dir/kernel/coinstats.cpp.o
[ 58%] Building CXX object src/CMakeFiles/bitcoin_node.dir/kernel/context.cpp.o
[ 58%] Building CXX object src/CMakeFiles/bitcoin_node.dir/kernel/mempool_persist.cpp.o
[ 58%] Building CXX object src/CMakeFiles/bitcoin_node.dir/mapport.cpp.o
[ 58%] Building CXX object src/CMakeFiles/bitcoin_node.dir/net.cpp.o
[ 58%] Building CXX object src/CMakeFiles/bitcoin_node.dir/netgroup.cpp.o
[ 58%] Building CXX object src/CMakeFiles/bitcoin_node.dir/net_processing.cpp.o
[ 58%] Building CXX object src/CMakeFiles/bitcoin_node.dir/node/blockstorage.cpp.o
[ 59%] Building CXX object src/qt/CMakeFiles/bitcoinqt.dir/csvmodelwriter.cpp.o
[ 59%] Building CXX object src/qt/CMakeFiles/bitcoinqt.dir/guiutil.cpp.o
[ 59%] Building CXX object src/qt/CMakeFiles/bitcoinqt.dir/initexecutor.cpp.o
[ 59%] Building CXX object src/qt/CMakeFiles/bitcoinqt.dir/intro.cpp.o
[ 59%] Building CXX object src/qt/CMakeFiles/bitcoinqt.dir/modaloverlay.cpp.o
[ 59%] Building CXX object src/qt/CMakeFiles/bitcoinqt.dir/networkstyle.cpp.o
[ 60%] Building CXX object src/qt/CMakeFiles/bitcoinqt.dir/notificator.cpp.o
[ 60%] Building CXX object src/qt/CMakeFiles/bitcoinqt.dir/optionsdialog.cpp.o
[ 60%] Building CXX object src/qt/CMakeFiles/bitcoinqt.dir/optionsmodel.cpp.o
[ 60%] Building CXX object src/qt/CMakeFiles/bitcoinqt.dir/peertablemodel.cpp.o
[ 60%] Building CXX object src/qt/CMakeFiles/bitcoinqt.dir/peertablesortproxy.cpp.o
[ 60%] Building CXX object src/qt/CMakeFiles/bitcoinqt.dir/platformstyle.cpp.o
[ 60%] Building CXX object src/qt/CMakeFiles/bitcoinqt.dir/qvalidatedlineedit.cpp.o
[ 61%] Building CXX object src/qt/CMakeFiles/bitcoinqt.dir/qvaluecombobox.cpp.o
[ 61%] Building CXX object src/qt/CMakeFiles/bitcoinqt.dir/rpcconsole.cpp.o
[ 61%] Building CXX object src/qt/CMakeFiles/bitcoinqt.dir/splashscreen.cpp.o
[ 61%] Building CXX object src/qt/CMakeFiles/bitcoinqt.dir/trafficgraphwidget.cpp.o
[ 61%] Building CXX object src/qt/CMakeFiles/bitcoinqt.dir/utilitydialog.cpp.o
[ 61%] Building CXX object src/qt/CMakeFiles/bitcoinqt.dir/addressbookpage.cpp.o
[ 61%] Building CXX object src/qt/CMakeFiles/bitcoinqt.dir/addresstablemodel.cpp.o
[ 62%] Building CXX object src/qt/CMakeFiles/bitcoinqt.dir/askpassphrasedialog.cpp.o
[ 62%] Building CXX object src/qt/CMakeFiles/bitcoinqt.dir/coincontroldialog.cpp.o
[ 62%] Building CXX object src/qt/CMakeFiles/bitcoinqt.dir/coincontroltreewidget.cpp.o
[ 62%] Building CXX object src/qt/CMakeFiles/bitcoinqt.dir/createwalletdialog.cpp.o
[ 62%] Building CXX object src/qt/CMakeFiles/bitcoinqt.dir/editaddressdialog.cpp.o
[ 62%] Building CXX object src/qt/CMakeFiles/bitcoinqt.dir/openuridialog.cpp.o
[ 62%] Building CXX object src/qt/CMakeFiles/bitcoinqt.dir/overviewpage.cpp.o
[ 63%] Building CXX object src/qt/CMakeFiles/bitcoinqt.dir/paymentserver.cpp.o
[ 63%] Building CXX object src/qt/CMakeFiles/bitcoinqt.dir/psbtoperationsdialog.cpp.o
[ 63%] Building CXX object src/qt/CMakeFiles/bitcoinqt.dir/qrimagewidget.cpp.o
[ 63%] Building CXX object src/qt/CMakeFiles/bitcoinqt.dir/receivecoinsdialog.cpp.o
[ 63%] Building CXX object src/qt/CMakeFiles/bitcoinqt.dir/receiverequestdialog.cpp.o
[ 63%] Building CXX object src/qt/CMakeFiles/bitcoinqt.dir/recentrequeststablemodel.cpp.o
[ 63%] Building CXX object src/qt/CMakeFiles/bitcoinqt.dir/sendcoinsdialog.cpp.o
[ 64%] Building CXX object src/qt/CMakeFiles/bitcoinqt.dir/sendcoinsentry.cpp.o
[ 64%] Building CXX object src/qt/CMakeFiles/bitcoinqt.dir/signverifymessagedialog.cpp.o
[ 64%] Building CXX object src/qt/CMakeFiles/bitcoinqt.dir/transactiondesc.cpp.o
[ 64%] Building CXX object src/qt/CMakeFiles/bitcoinqt.dir/transactiondescdialog.cpp.o
[ 64%] Building CXX object src/qt/CMakeFiles/bitcoinqt.dir/transactionfilterproxy.cpp.o
[ 64%] Building CXX object src/qt/CMakeFiles/bitcoinqt.dir/transactionoverviewwidget.cpp.o
[ 65%] Building CXX object src/qt/CMakeFiles/bitcoinqt.dir/transactionrecord.cpp.o
[ 66%] Building CXX object src/CMakeFiles/bitcoin_node.dir/node/caches.cpp.o
[ 66%] Building CXX object src/qt/CMakeFiles/bitcoinqt.dir/transactiontablemodel.cpp.o
[ 66%] Building CXX object src/CMakeFiles/bitcoin_node.dir/node/chainstate.cpp.o
[ 66%] Building CXX object src/qt/CMakeFiles/bitcoinqt.dir/transactionview.cpp.o
[ 66%] Building CXX object src/qt/CMakeFiles/bitcoinqt.dir/walletcontroller.cpp.o
[ 66%] Building CXX object src/qt/CMakeFiles/bitcoinqt.dir/walletframe.cpp.o
[ 66%] Building CXX object src/CMakeFiles/bitcoin_node.dir/node/chainstatemanager_args.cpp.o
[ 66%] Building CXX object src/CMakeFiles/bitcoin_node.dir/node/coin.cpp.o
[ 66%] Building CXX object src/CMakeFiles/bitcoin_node.dir/node/connection_types.cpp.o
[ 66%] Building CXX object src/CMakeFiles/bitcoin_node.dir/node/context.cpp.o
[ 66%] Building CXX object src/CMakeFiles/bitcoin_node.dir/node/eviction.cpp.o
[ 67%] Building CXX object src/CMakeFiles/bitcoin_node.dir/node/interface_ui.cpp.o
[ 67%] Building CXX object src/CMakeFiles/bitcoin_node.dir/node/interfaces.cpp.o
[ 67%] Building CXX object src/CMakeFiles/bitcoin_node.dir/node/mempool_args.cpp.o
[ 67%] Building CXX object src/CMakeFiles/bitcoin_node.dir/node/mempool_persist_args.cpp.o
[ 67%] Building CXX object src/CMakeFiles/bitcoin_node.dir/node/miner.cpp.o
[ 67%] Building CXX object src/CMakeFiles/bitcoin_node.dir/node/minisketchwrapper.cpp.o
[ 68%] Building CXX object src/CMakeFiles/bitcoin_node.dir/node/psbt.cpp.o
[ 68%] Building CXX object src/CMakeFiles/bitcoin_node.dir/node/transaction.cpp.o
[ 68%] Building CXX object src/CMakeFiles/bitcoin_node.dir/node/txreconciliation.cpp.o
[ 68%] Building CXX object src/CMakeFiles/bitcoin_node.dir/node/utxo_snapshot.cpp.o
[ 68%] Building CXX object src/CMakeFiles/bitcoin_node.dir/node/validation_cache_args.cpp.o
[ 68%] Building CXX object src/CMakeFiles/bitcoin_node.dir/noui.cpp.o
[ 68%] Building CXX object src/CMakeFiles/bitcoin_node.dir/policy/fees.cpp.o
[ 69%] Building CXX object src/CMakeFiles/bitcoin_node.dir/policy/fees_args.cpp.o
[ 69%] Building CXX object src/CMakeFiles/bitcoin_node.dir/policy/packages.cpp.o
[ 69%] Building CXX object src/CMakeFiles/bitcoin_node.dir/policy/rbf.cpp.o
[ 69%] Building CXX object src/CMakeFiles/bitcoin_node.dir/policy/settings.cpp.o
[ 69%] Building CXX object src/CMakeFiles/bitcoin_node.dir/pow.cpp.o
[ 69%] Building CXX object src/CMakeFiles/bitcoin_node.dir/rest.cpp.o
[ 69%] Building CXX object src/CMakeFiles/bitcoin_node.dir/rpc/blockchain.cpp.o
[ 70%] Building CXX object src/CMakeFiles/bitcoin_node.dir/rpc/fees.cpp.o
[ 70%] Building CXX object src/CMakeFiles/bitcoin_node.dir/rpc/mempool.cpp.o
[ 70%] Building CXX object src/CMakeFiles/bitcoin_node.dir/rpc/mining.cpp.o
[ 70%] Building CXX object src/CMakeFiles/bitcoin_node.dir/rpc/net.cpp.o
[ 70%] Building CXX object src/CMakeFiles/bitcoin_node.dir/rpc/node.cpp.o
[ 70%] Building CXX object src/CMakeFiles/bitcoin_node.dir/rpc/output_script.cpp.o
[ 70%] Building CXX object src/CMakeFiles/bitcoin_node.dir/rpc/rawtransaction.cpp.o
[ 71%] Building CXX object src/CMakeFiles/bitcoin_node.dir/rpc/server.cpp.o
[ 71%] Building CXX object src/CMakeFiles/bitcoin_node.dir/rpc/server_util.cpp.o
[ 71%] Building CXX object src/CMakeFiles/bitcoin_node.dir/rpc/signmessage.cpp.o
[ 71%] Building CXX object src/CMakeFiles/bitcoin_node.dir/rpc/txoutproof.cpp.o
[ 71%] Building CXX object src/CMakeFiles/bitcoin_node.dir/script/sigcache.cpp.o
[ 71%] Building CXX object src/CMakeFiles/bitcoin_node.dir/shutdown.cpp.o
[ 71%] Building CXX object src/CMakeFiles/bitcoin_node.dir/signet.cpp.o
[ 72%] Building CXX object src/CMakeFiles/bitcoin_node.dir/timedata.cpp.o
[ 72%] Building CXX object src/CMakeFiles/bitcoin_node.dir/torcontrol.cpp.o
[ 72%] Building CXX object src/CMakeFiles/bitcoin_node.dir/txdb.cpp.o
[ 72%] Building CXX object src/CMakeFiles/bitcoin_node.dir/txmempool.cpp.o
[ 72%] Building CXX object src/CMakeFiles/bitcoin_node.dir/txorphanage.cpp.o
[ 72%] Building CXX object src/CMakeFiles/bitcoin_node.dir/txrequest.cpp.o
[ 73%] Building CXX object src/CMakeFiles/bitcoin_node.dir/validation.cpp.o
[ 73%] Building CXX object src/CMakeFiles/bitcoin_node.dir/validationinterface.cpp.o
[ 73%] Building CXX object src/CMakeFiles/bitcoin_node.dir/versionbits.cpp.o
[ 73%] Building CXX object src/CMakeFiles/bitcoin_node.dir/wallet/init.cpp.o
[ 73%] Building CXX object src/qt/CMakeFiles/bitcoinqt.dir/walletmodel.cpp.o
[ 73%] Building CXX object src/qt/CMakeFiles/bitcoinqt.dir/walletmodeltransaction.cpp.o
[ 74%] Building CXX object src/qt/CMakeFiles/bitcoinqt.dir/walletview.cpp.o
[ 74%] Building CXX object src/qt/CMakeFiles/bitcoinqt.dir/bitcoinqt_autogen/EWIEGA46WW/qrc_bitcoin.cpp.o
[ 74%] Building CXX object src/qt/CMakeFiles/bitcoinqt.dir/bitcoinqt_autogen/EWIEGA46WW/qrc_bitcoin_locale.cpp.o
[ 74%] Linking CXX static library libbitcoinqt.a
[ 74%] Built target bitcoinqt
[ 74%] Linking CXX static library libbitcoin_node.a
[ 74%] Built target bitcoin_node
[ 74%] Automatic MOC and UIC for target bitcoin-qt
[ 74%] Building CXX object src/CMakeFiles/bitcoind.dir/bitcoind.cpp.o
[ 74%] Building CXX object src/CMakeFiles/bitcoind.dir/init/bitcoind.cpp.o
[ 74%] Building CXX object src/test/util/CMakeFiles/test_util.dir/blockfilter.cpp.o
[ 74%] Building CXX object src/test/util/CMakeFiles/test_util.dir/logging.cpp.o
[ 74%] Built target bitcoin-qt_autogen
[ 74%] Building CXX object src/test/util/CMakeFiles/test_util.dir/mining.cpp.o
[ 74%] Building CXX object src/qt/CMakeFiles/bitcoin-qt.dir/bitcoin-qt_autogen/mocs_compilation.cpp.o
[ 74%] Building CXX object src/qt/CMakeFiles/bitcoin-qt.dir/main.cpp.o
[ 75%] Building CXX object src/test/util/CMakeFiles/test_util.dir/net.cpp.o
[ 75%] Building CXX object src/qt/CMakeFiles/bitcoin-qt.dir/__/init/bitcoin-qt.cpp.o
[ 75%] Linking CXX executable bitcoin-qt
[ 75%] Building CXX object src/test/util/CMakeFiles/test_util.dir/script.cpp.o
[ 75%] Building CXX object src/test/util/CMakeFiles/test_util.dir/setup_common.cpp.o
[ 75%] Building CXX object src/test/util/CMakeFiles/test_util.dir/str.cpp.o
[ 75%] Building CXX object src/test/util/CMakeFiles/test_util.dir/transaction_utils.cpp.o
[ 75%] Building CXX object src/test/util/CMakeFiles/test_util.dir/txmempool.cpp.o
[ 75%] Building CXX object src/test/util/CMakeFiles/test_util.dir/validation.cpp.o
[ 76%] Building CXX object src/test/util/CMakeFiles/test_util.dir/wallet.cpp.o
[ 76%] Linking CXX static library libtest_util.a
[ 76%] Linking CXX executable bitcoind
[ 76%] Built target test_util
[ 76%] Generating data/block413567.raw.h
[ 76%] Generating data/tx_valid.json.h
[ 77%] Generating data/asmap.raw.h
[ 77%] Generating data/base58_encode_decode.json.h
[ 77%] Generating data/bip341_wallet_vectors.json.h
[ 77%] Built target bitcoin-qt
[ 77%] Generating data/blockfilters.json.h
[ 77%] Generating data/key_io_invalid.json.h
[ 77%] Generating data/key_io_valid.json.h
[ 77%] Generating data/script_tests.json.h
[ 78%] Generating data/sighash.json.h
[ 78%] Built target bitcoind
[ 78%] Generating data/tx_invalid.json.h
[ 78%] Building CXX object src/test/CMakeFiles/test_bitcoin.dir/allocator_tests.cpp.o
[ 78%] Building CXX object src/test/CMakeFiles/test_bitcoin.dir/compilerbug_tests.cpp.o
[ 78%] Building CXX object src/test/CMakeFiles/test_bitcoin.dir/addrman_tests.cpp.o
[ 79%] Building CXX object src/test/CMakeFiles/test_bitcoin.dir/amount_tests.cpp.o
[ 79%] Building CXX object src/test/CMakeFiles/test_bitcoin.dir/arith_uint256_tests.cpp.o
[ 79%] Building CXX object src/test/CMakeFiles/test_bitcoin.dir/banman_tests.cpp.o
[ 79%] Building CXX object src/test/CMakeFiles/test_bitcoin.dir/base32_tests.cpp.o
[ 79%] Building CXX object src/test/CMakeFiles/test_bitcoin.dir/base58_tests.cpp.o
[ 79%] Building CXX object src/test/CMakeFiles/test_bitcoin.dir/base64_tests.cpp.o
[ 79%] Building CXX object src/test/CMakeFiles/test_bitcoin.dir/bech32_tests.cpp.o
[ 80%] Building CXX object src/test/CMakeFiles/test_bitcoin.dir/bip32_tests.cpp.o
[ 80%] Building CXX object src/test/CMakeFiles/test_bitcoin.dir/blockchain_tests.cpp.o
[ 80%] Building CXX object src/test/CMakeFiles/test_bitcoin.dir/blockencodings_tests.cpp.o
[ 80%] Building CXX object src/test/CMakeFiles/test_bitcoin.dir/blockfilter_index_tests.cpp.o
[ 80%] Building CXX object src/test/CMakeFiles/test_bitcoin.dir/blockfilter_tests.cpp.o
[ 80%] Building CXX object src/test/CMakeFiles/test_bitcoin.dir/bloom_tests.cpp.o
[ 80%] Building CXX object src/test/CMakeFiles/test_bitcoin.dir/bswap_tests.cpp.o
[ 81%] Building CXX object src/test/CMakeFiles/test_bitcoin.dir/checkqueue_tests.cpp.o
[ 81%] Building CXX object src/test/CMakeFiles/test_bitcoin.dir/coinstatsindex_tests.cpp.o
[ 81%] Building CXX object src/test/CMakeFiles/test_bitcoin.dir/coins_tests.cpp.o
[ 81%] Building CXX object src/test/CMakeFiles/test_bitcoin.dir/compress_tests.cpp.o
[ 81%] Building CXX object src/test/CMakeFiles/test_bitcoin.dir/crypto_tests.cpp.o
[ 81%] Building CXX object src/test/CMakeFiles/test_bitcoin.dir/cuckoocache_tests.cpp.o
[ 81%] Building CXX object src/test/CMakeFiles/test_bitcoin.dir/dbwrapper_tests.cpp.o
[ 82%] Building CXX object src/test/CMakeFiles/test_bitcoin.dir/denialofservice_tests.cpp.o
[ 82%] Building CXX object src/test/CMakeFiles/test_bitcoin.dir/descriptor_tests.cpp.o
[ 82%] Building CXX object src/test/CMakeFiles/test_bitcoin.dir/flatfile_tests.cpp.o
[ 82%] Building CXX object src/test/CMakeFiles/test_bitcoin.dir/fs_tests.cpp.o
[ 82%] Building CXX object src/test/CMakeFiles/test_bitcoin.dir/getarg_tests.cpp.o
[ 82%] Building CXX object src/test/CMakeFiles/test_bitcoin.dir/hash_tests.cpp.o
[ 82%] Building CXX object src/test/CMakeFiles/test_bitcoin.dir/headers_sync_chainwork_tests.cpp.o
[ 82%] Building CXX object src/bench/CMakeFiles/bench_bitcoin.dir/addrman.cpp.o
[ 82%] Building CXX object src/bench/CMakeFiles/bench_bitcoin.dir/base58.cpp.o
[ 82%] Building CXX object src/bench/CMakeFiles/bench_bitcoin.dir/bech32.cpp.o
[ 82%] Building CXX object src/bench/CMakeFiles/bench_bitcoin.dir/bench.cpp.o
[ 82%] Building CXX object src/bench/CMakeFiles/bench_bitcoin.dir/bench_bitcoin.cpp.o
[ 83%] Building CXX object src/test/CMakeFiles/test_bitcoin.dir/httpserver_tests.cpp.o
[ 83%] Building CXX object src/test/CMakeFiles/test_bitcoin.dir/i2p_tests.cpp.o
[ 83%] Building CXX object src/test/CMakeFiles/test_bitcoin.dir/interfaces_tests.cpp.o
[ 83%] Building CXX object src/test/CMakeFiles/test_bitcoin.dir/key_io_tests.cpp.o
[ 83%] Building CXX object src/test/CMakeFiles/test_bitcoin.dir/key_tests.cpp.o
[ 83%] Building CXX object src/test/CMakeFiles/test_bitcoin.dir/logging_tests.cpp.o
[ 84%] Building CXX object src/test/CMakeFiles/test_bitcoin.dir/main.cpp.o
[ 85%] Building CXX object src/bench/CMakeFiles/bench_bitcoin.dir/block_assemble.cpp.o
[ 85%] Building CXX object src/test/CMakeFiles/test_bitcoin.dir/mempool_tests.cpp.o
[ 85%] Building CXX object src/test/CMakeFiles/test_bitcoin.dir/merkleblock_tests.cpp.o
[ 85%] Building CXX object src/test/CMakeFiles/test_bitcoin.dir/merkle_tests.cpp.o
[ 85%] Building CXX object src/test/CMakeFiles/test_bitcoin.dir/miner_tests.cpp.o
[ 85%] Building CXX object src/test/CMakeFiles/test_bitcoin.dir/miniscript_tests.cpp.o
[ 85%] Building CXX object src/test/CMakeFiles/test_bitcoin.dir/minisketch_tests.cpp.o
[ 86%] Building CXX object src/test/CMakeFiles/test_bitcoin.dir/multisig_tests.cpp.o
[ 86%] Building CXX object src/test/CMakeFiles/test_bitcoin.dir/netbase_tests.cpp.o
[ 86%] Building CXX object src/test/CMakeFiles/test_bitcoin.dir/net_peer_eviction_tests.cpp.o
[ 86%] Building CXX object src/test/CMakeFiles/test_bitcoin.dir/net_tests.cpp.o
[ 86%] Building CXX object src/test/CMakeFiles/test_bitcoin.dir/orphanage_tests.cpp.o
[ 86%] Building CXX object src/test/CMakeFiles/test_bitcoin.dir/pmt_tests.cpp.o
[ 86%] Building CXX object src/test/CMakeFiles/test_bitcoin.dir/policyestimator_tests.cpp.o
[ 87%] Building CXX object src/test/CMakeFiles/test_bitcoin.dir/policy_fee_tests.cpp.o
[ 87%] Building CXX object src/test/CMakeFiles/test_bitcoin.dir/pow_tests.cpp.o
[ 87%] Building CXX object src/test/CMakeFiles/test_bitcoin.dir/prevector_tests.cpp.o
[ 87%] Building CXX object src/test/CMakeFiles/test_bitcoin.dir/raii_event_tests.cpp.o
[ 87%] Building CXX object src/test/CMakeFiles/test_bitcoin.dir/random_tests.cpp.o
[ 87%] Building CXX object src/test/CMakeFiles/test_bitcoin.dir/rbf_tests.cpp.o
[ 87%] Building CXX object src/test/CMakeFiles/test_bitcoin.dir/rest_tests.cpp.o
[ 88%] Building CXX object src/test/CMakeFiles/test_bitcoin.dir/result_tests.cpp.o
[ 88%] Building CXX object src/test/CMakeFiles/test_bitcoin.dir/reverselock_tests.cpp.o
[ 88%] Building CXX object src/test/CMakeFiles/test_bitcoin.dir/rpc_tests.cpp.o
[ 88%] Building CXX object src/bench/CMakeFiles/bench_bitcoin.dir/ccoins_caching.cpp.o
[ 88%] Building CXX object src/bench/CMakeFiles/bench_bitcoin.dir/chacha20.cpp.o
[ 88%] Building CXX object src/bench/CMakeFiles/bench_bitcoin.dir/chacha_poly_aead.cpp.o
[ 88%] Building CXX object src/bench/CMakeFiles/bench_bitcoin.dir/checkblock.cpp.o
[ 88%] Building CXX object src/bench/CMakeFiles/bench_bitcoin.dir/checkqueue.cpp.o
[ 88%] Building CXX object src/bench/CMakeFiles/bench_bitcoin.dir/crypto_hash.cpp.o
[ 89%] Building CXX object src/bench/CMakeFiles/bench_bitcoin.dir/data.cpp.o
[ 89%] Building CXX object src/test/CMakeFiles/test_bitcoin.dir/sanity_tests.cpp.o
[ 89%] Building CXX object src/test/CMakeFiles/test_bitcoin.dir/scheduler_tests.cpp.o
[ 89%] Building CXX object src/bench/CMakeFiles/bench_bitcoin.dir/descriptors.cpp.o
[ 89%] Building CXX object src/bench/CMakeFiles/bench_bitcoin.dir/duplicate_inputs.cpp.o
[ 89%] Building CXX object src/bench/CMakeFiles/bench_bitcoin.dir/examples.cpp.o
[ 89%] Building CXX object src/bench/CMakeFiles/bench_bitcoin.dir/gcs_filter.cpp.o
[ 89%] Building CXX object src/bench/CMakeFiles/bench_bitcoin.dir/hashpadding.cpp.o
[ 89%] Building CXX object src/bench/CMakeFiles/bench_bitcoin.dir/lockedpool.cpp.o
[ 90%] Building CXX object src/bench/CMakeFiles/bench_bitcoin.dir/logging.cpp.o
[ 90%] Building CXX object src/bench/CMakeFiles/bench_bitcoin.dir/mempool_eviction.cpp.o
[ 90%] Building CXX object src/test/CMakeFiles/test_bitcoin.dir/scriptnum_tests.cpp.o
[ 90%] Building CXX object src/bench/CMakeFiles/bench_bitcoin.dir/mempool_stress.cpp.o
[ 90%] Building CXX object src/bench/CMakeFiles/bench_bitcoin.dir/merkle_root.cpp.o
[ 90%] Building CXX object src/bench/CMakeFiles/bench_bitcoin.dir/nanobench.cpp.o
[ 90%] Building CXX object src/bench/CMakeFiles/bench_bitcoin.dir/peer_eviction.cpp.o
[ 90%] Building CXX object src/test/CMakeFiles/test_bitcoin.dir/script_p2sh_tests.cpp.o
[ 90%] Building CXX object src/bench/CMakeFiles/bench_bitcoin.dir/poly1305.cpp.o
[ 91%] Building CXX object src/bench/CMakeFiles/bench_bitcoin.dir/prevector.cpp.o
[ 91%] Building CXX object src/bench/CMakeFiles/bench_bitcoin.dir/rollingbloom.cpp.o
[ 91%] Building CXX object src/bench/CMakeFiles/bench_bitcoin.dir/rpc_blockchain.cpp.o
[ 92%] Building CXX object src/test/CMakeFiles/test_bitcoin.dir/script_parse_tests.cpp.o
[ 92%] Building CXX object src/test/CMakeFiles/test_bitcoin.dir/script_segwit_tests.cpp.o
[ 92%] Building CXX object src/test/CMakeFiles/test_bitcoin.dir/script_standard_tests.cpp.o
[ 92%] Building CXX object src/bench/CMakeFiles/bench_bitcoin.dir/rpc_mempool.cpp.o
[ 92%] Building CXX object src/bench/CMakeFiles/bench_bitcoin.dir/strencodings.cpp.o
[ 92%] Building CXX object src/bench/CMakeFiles/bench_bitcoin.dir/util_time.cpp.o
[ 93%] Building CXX object src/bench/CMakeFiles/bench_bitcoin.dir/verify_script.cpp.o
[ 93%] Building CXX object src/bench/CMakeFiles/bench_bitcoin.dir/coin_selection.cpp.o
[ 93%] Building CXX object src/bench/CMakeFiles/bench_bitcoin.dir/wallet_balance.cpp.o
[ 93%] Building CXX object src/bench/CMakeFiles/bench_bitcoin.dir/wallet_loading.cpp.o
[ 93%] Building CXX object src/test/CMakeFiles/test_bitcoin.dir/script_tests.cpp.o
[ 93%] Building CXX object src/test/CMakeFiles/test_bitcoin.dir/serfloat_tests.cpp.o
[ 93%] Building CXX object src/test/CMakeFiles/test_bitcoin.dir/serialize_tests.cpp.o
[ 94%] Building CXX object src/test/CMakeFiles/test_bitcoin.dir/settings_tests.cpp.o
[ 94%] Linking CXX executable bench_bitcoin
[ 94%] Built target bench_bitcoin
[ 94%] Building CXX object src/test/CMakeFiles/test_bitcoin.dir/sighash_tests.cpp.o
[ 94%] Building CXX object src/test/CMakeFiles/test_bitcoin.dir/sigopcount_tests.cpp.o
[ 94%] Building CXX object src/test/CMakeFiles/test_bitcoin.dir/skiplist_tests.cpp.o
[ 94%] Building CXX object src/test/CMakeFiles/test_bitcoin.dir/sock_tests.cpp.o
[ 94%] Building CXX object src/test/CMakeFiles/test_bitcoin.dir/streams_tests.cpp.o
[ 94%] Building CXX object src/test/CMakeFiles/test_bitcoin.dir/sync_tests.cpp.o
[ 95%] Building CXX object src/test/CMakeFiles/test_bitcoin.dir/system_tests.cpp.o
[ 95%] Building CXX object src/test/CMakeFiles/test_bitcoin.dir/timedata_tests.cpp.o
[ 95%] Building CXX object src/test/CMakeFiles/test_bitcoin.dir/torcontrol_tests.cpp.o
[ 95%] Building CXX object src/test/CMakeFiles/test_bitcoin.dir/transaction_tests.cpp.o
[ 95%] Building CXX object src/test/CMakeFiles/test_bitcoin.dir/txindex_tests.cpp.o
[ 95%] Building CXX object src/test/CMakeFiles/test_bitcoin.dir/txpackage_tests.cpp.o
[ 95%] Building CXX object src/test/CMakeFiles/test_bitcoin.dir/txreconciliation_tests.cpp.o
[ 96%] Building CXX object src/test/CMakeFiles/test_bitcoin.dir/txrequest_tests.cpp.o
[ 96%] Building CXX object src/test/CMakeFiles/test_bitcoin.dir/txvalidationcache_tests.cpp.o
[ 96%] Building CXX object src/test/CMakeFiles/test_bitcoin.dir/txvalidation_tests.cpp.o
[ 96%] Building CXX object src/test/CMakeFiles/test_bitcoin.dir/uint256_tests.cpp.o
[ 96%] Building CXX object src/test/CMakeFiles/test_bitcoin.dir/util_tests.cpp.o
[ 96%] Building CXX object src/test/CMakeFiles/test_bitcoin.dir/util_threadnames_tests.cpp.o
[ 96%] Building CXX object src/test/CMakeFiles/test_bitcoin.dir/validation_block_tests.cpp.o
[ 97%] Building CXX object src/test/CMakeFiles/test_bitcoin.dir/validation_chainstatemanager_tests.cpp.o
[ 97%] Building CXX object src/test/CMakeFiles/test_bitcoin.dir/validation_chainstate_tests.cpp.o
[ 97%] Building CXX object src/test/CMakeFiles/test_bitcoin.dir/validation_flush_tests.cpp.o
[ 97%] Building CXX object src/test/CMakeFiles/test_bitcoin.dir/validationinterface_tests.cpp.o
[ 97%] Building CXX object src/test/CMakeFiles/test_bitcoin.dir/validation_tests.cpp.o
[ 97%] Building CXX object src/test/CMakeFiles/test_bitcoin.dir/versionbits_tests.cpp.o
[ 97%] Building CXX object src/test/CMakeFiles/test_bitcoin.dir/__/wallet/test/availablecoins_tests.cpp.o
[ 98%] Building CXX object src/test/CMakeFiles/test_bitcoin.dir/__/wallet/test/coinselector_tests.cpp.o
[ 98%] Building CXX object src/test/CMakeFiles/test_bitcoin.dir/__/wallet/test/init_test_fixture.cpp.o
[ 98%] Building CXX object src/test/CMakeFiles/test_bitcoin.dir/__/wallet/test/init_tests.cpp.o
[ 98%] Building CXX object src/test/CMakeFiles/test_bitcoin.dir/__/wallet/test/ismine_tests.cpp.o
[ 98%] Building CXX object src/test/CMakeFiles/test_bitcoin.dir/__/wallet/test/psbt_wallet_tests.cpp.o
[ 98%] Building CXX object src/test/CMakeFiles/test_bitcoin.dir/__/wallet/test/rpc_util_tests.cpp.o
[ 99%] Building CXX object src/test/CMakeFiles/test_bitcoin.dir/__/wallet/test/scriptpubkeyman_tests.cpp.o
[ 99%] Building CXX object src/test/CMakeFiles/test_bitcoin.dir/__/wallet/test/spend_tests.cpp.o
[ 99%] Building CXX object src/test/CMakeFiles/test_bitcoin.dir/__/wallet/test/util.cpp.o
[ 99%] Building CXX object src/test/CMakeFiles/test_bitcoin.dir/__/wallet/test/wallet_crypto_tests.cpp.o
[ 99%] Building CXX object src/test/CMakeFiles/test_bitcoin.dir/__/wallet/test/wallet_test_fixture.cpp.o
[ 99%] Building CXX object src/test/CMakeFiles/test_bitcoin.dir/__/wallet/test/wallet_tests.cpp.o
[ 99%] Building CXX object src/test/CMakeFiles/test_bitcoin.dir/__/wallet/test/wallet_transaction_tests.cpp.o
[100%] Building CXX object src/test/CMakeFiles/test_bitcoin.dir/__/wallet/test/walletdb_tests.cpp.o
[100%] Building CXX object src/test/CMakeFiles/test_bitcoin.dir/__/wallet/test/walletload_tests.cpp.o
[100%] Building CXX object src/test/CMakeFiles/test_bitcoin.dir/__/wallet/test/db_tests.cpp.o
[100%] Linking CXX executable test_bitcoin
[100%] Built target test_bitcoin
Install the project...
-- Install configuration: "Release"
-- Installing: /tmp/cirrus-ci-build/ci/scratch/out/x86_64-pc-linux-gnu/bin/bitcoin-wallet
-- Installing: /tmp/cirrus-ci-build/ci/scratch/out/x86_64-pc-linux-gnu/bin/bitcoind
-- Installing: /tmp/cirrus-ci-build/ci/scratch/out/x86_64-pc-linux-gnu/bin/bitcoin-cli
-- Installing: /tmp/cirrus-ci-build/ci/scratch/out/x86_64-pc-linux-gnu/bin/bitcoin-tx
-- Installing: /tmp/cirrus-ci-build/ci/scratch/out/x86_64-pc-linux-gnu/bin/bitcoin-util
-- Installing: /tmp/cirrus-ci-build/ci/scratch/out/x86_64-pc-linux-gnu/share/man/man1
-- Installing: /tmp/cirrus-ci-build/ci/scratch/out/x86_64-pc-linux-gnu/share/man/man1/bitcoin-util.1
-- Installing: /tmp/cirrus-ci-build/ci/scratch/out/x86_64-pc-linux-gnu/share/man/man1/bitcoind.1
-- Installing: /tmp/cirrus-ci-build/ci/scratch/out/x86_64-pc-linux-gnu/share/man/man1/bitcoin-cli.1
-- Installing: /tmp/cirrus-ci-build/ci/scratch/out/x86_64-pc-linux-gnu/share/man/man1/bitcoin-tx.1
-- Installing: /tmp/cirrus-ci-build/ci/scratch/out/x86_64-pc-linux-gnu/share/man/man1/bitcoin-wallet.1
-- Installing: /tmp/cirrus-ci-build/ci/scratch/out/x86_64-pc-linux-gnu/share/man/man1/bitcoin-qt.1
-- Installing: /tmp/cirrus-ci-build/ci/scratch/out/x86_64-pc-linux-gnu/lib/libbitcoinconsensus.so.0.0.0
-- Installing: /tmp/cirrus-ci-build/ci/scratch/out/x86_64-pc-linux-gnu/lib/libbitcoinconsensus.so.0
-- Installing: /tmp/cirrus-ci-build/ci/scratch/out/x86_64-pc-linux-gnu/lib/libbitcoinconsensus.so
-- Installing: /tmp/cirrus-ci-build/ci/scratch/out/x86_64-pc-linux-gnu/lib/libbitcoinconsensus.a
-- Installing: /tmp/cirrus-ci-build/ci/scratch/out/x86_64-pc-linux-gnu/include/bitcoinconsensus.h
-- Installing: /tmp/cirrus-ci-build/ci/scratch/out/x86_64-pc-linux-gnu/lib/pkgconfig/libbitcoinconsensus.pc
-- Installing: /tmp/cirrus-ci-build/ci/scratch/out/x86_64-pc-linux-gnu/bin/bitcoin-qt
-- Installing: /tmp/cirrus-ci-build/ci/scratch/out/x86_64-pc-linux-gnu/bin/test_bitcoin
-- Installing: /tmp/cirrus-ci-build/ci/scratch/out/x86_64-pc-linux-gnu/bin/bench_bitcoin
ccache version 4.5.1
Summary:
  Hits:             419 /  526 (79.66 %)
    Direct:         328 /  526 (62.36 %)
    Preprocessed:    91 /  198 (45.96 %)
  Misses:           107
    Direct:         198
    Preprocessed:   107
Primary storage:
  Hits:             829 / 1134 (73.10 %)
  Misses:           305
  Cache size (GB): 0.18 / 0.20 (90.97 %)
  Cleanups:          10

Use the -v/--verbose option for more details.
4.0K	/tmp/cirrus-ci-build/depends/SDKs/
28K	/tmp/cirrus-ci-build/depends/builders/
40K	/tmp/cirrus-ci-build/depends/hosts/
148K	/tmp/cirrus-ci-build/depends/packages/
132K	/tmp/cirrus-ci-build/depends/patches/
4.0K	/tmp/cirrus-ci-build/depends/sdk-sources/
4.0K	/tmp/cirrus-ci-build/releases/x86_64-pc-linux-gnu
Consolidate compiler generated dependencies of target univalue
[  1%] Built target univalue
Consolidate compiler generated dependencies of target bitcoin_crypto
[  4%] Built target bitcoin_crypto
Consolidate compiler generated dependencies of target bitcoin_util
[ 12%] Built target bitcoin_util
Consolidate compiler generated dependencies of target secp256k1
[ 12%] Built target secp256k1
Consolidate compiler generated dependencies of target bitcoin_consensus
[ 15%] Built target bitcoin_consensus
Consolidate compiler generated dependencies of target bitcoin_common
[ 23%] Built target bitcoin_common
Consolidate compiler generated dependencies of target bitcoin_wallet
[ 30%] Built target bitcoin_wallet
Consolidate compiler generated dependencies of target minisketch
[ 34%] Built target minisketch
Consolidate compiler generated dependencies of target crc32c_sse42
[ 34%] Built target crc32c_sse42
Consolidate compiler generated dependencies of target crc32c_arm64
[ 34%] Built target crc32c_arm64
Consolidate compiler generated dependencies of target crc32c
[ 36%] Built target crc32c
Consolidate compiler generated dependencies of target leveldb
[ 44%] Built target leveldb
Consolidate compiler generated dependencies of target bitcoin_zmq
[ 44%] Built target bitcoin_zmq
Consolidate compiler generated dependencies of target bitcoin_node
[ 61%] Built target bitcoin_node
Consolidate compiler generated dependencies of target test_util
[ 63%] Built target test_util
Consolidate compiler generated dependencies of target bitcoinconsensus_static
[ 66%] Built target bitcoinconsensus_static
Consolidate compiler generated dependencies of target bench_bitcoin
[ 73%] Built target bench_bitcoin
Consolidate compiler generated dependencies of target rpc_client
[ 73%] Built target rpc_client
Consolidate compiler generated dependencies of target test_bitcoin
[100%] Built target test_bitcoin
Running with --sanity-check option, benchmark results will be useless.
Warning, results might be unstable:
* CPU governor is '' but should be 'performance'
* Turbo is enabled, CPU frequency will fluctuate

Recommendations
* Use 'pyperf system tune' before benchmarking. See https://github.com/psf/pyperf

|               ns/op |                op/s |    err% |     total | benchmark
|--------------------:|--------------------:|--------:|----------:|:----------
|      384,949,541.00 |                2.60 |    0.0% |      0.38 | `AddrManAdd`
|      752,167,451.00 |                1.33 |    0.0% |      0.75 | `AddrManAddThenGood`
|        3,339,331.00 |              299.46 |    0.0% |      0.00 | `AddrManGetAddr`
|           24,290.00 |           41,169.21 |    0.0% |      0.00 | `AddrManSelect`
|        5,973,150.00 |              167.42 |    0.0% |      0.01 | `AssembleBlock`

|             ns/byte |              byte/s |    err% |     total | benchmark
|--------------------:|--------------------:|--------:|----------:|:----------
|              586.56 |        1,704,848.16 |    0.0% |      0.00 | `Base58CheckEncode`
|              261.76 |        3,820,224.72 |    0.0% |      0.00 | `Base58Decode`
|              299.69 |        3,336,809.18 |    0.0% |      0.00 | `Base58Encode`
|               97.69 |       10,236,220.47 |    0.0% |      0.00 | `Bech32Decode`
|              158.75 |        6,299,212.60 |    0.0% |      0.00 | `Bech32Encode`

|               ns/op |                op/s |    err% |     total | benchmark
|--------------------:|--------------------:|--------:|----------:|:----------
|            7,040.00 |          142,045.45 |    0.0% |      0.00 | `BenchLockedPool`
|              380.00 |        2,631,578.95 |    0.0% |      0.00 | `BenchTimeDeprecated`
|              280.00 |        3,571,428.57 |    0.0% |      0.00 | `BenchTimeMillis`
|              180.00 |        5,555,555.56 |    0.0% |      0.00 | `BenchTimeMillisSys`
|              250.00 |        4,000,000.00 |    0.0% |      0.00 | `BenchTimeMock`
|      447,377,084.00 |                2.24 |    0.0% |      0.45 | `BlockToJsonVerbose`
|      220,815,492.00 |                4.53 |    0.0% |      0.22 | `BlockToJsonVerboseWrite`
|        3,438,780.00 |              290.80 |    0.0% |      0.00 | `BnBExhaustion`

|              ns/job |               job/s |    err% |     total | benchmark
|--------------------:|--------------------:|--------:|----------:|:----------
|            1,217.73 |          821,198.30 |    0.0% |      0.00 | `CCheckQueueSpeedPrevectorJob`

|               ns/op |                op/s |    err% |     total | benchmark
|--------------------:|--------------------:|--------:|----------:|:----------
|           15,400.00 |           64,935.06 |    0.0% |      0.00 | `CCoinsCaching`

|             ns/byte |              byte/s |    err% |     total | benchmark
|--------------------:|--------------------:|--------:|----------:|:----------
|              133.01 |        7,518,429.86 |    0.0% |      0.14 | `CHACHA20_1MB`
|              160.31 |        6,237,816.76 |    0.0% |      0.00 | `CHACHA20_256BYTES`
|              162.50 |        6,153,846.15 |    0.0% |      0.00 | `CHACHA20_64BYTES`
|              267.53 |        3,737,841.95 |    0.0% |      0.28 | `CHACHA20_POLY1305_AEAD_1MB_ENCRYPT_DECRYPT`
|              133.21 |        7,507,060.60 |    0.0% |      0.14 | `CHACHA20_POLY1305_AEAD_1MB_ONLY_ENCRYPT`
|              359.14 |        2,784,424.62 |    0.0% |      0.00 | `CHACHA20_POLY1305_AEAD_256BYTES_ENCRYPT_DECRYPT`
|              180.94 |        5,526,770.29 |    0.0% |      0.00 | `CHACHA20_POLY1305_AEAD_256BYTES_ONLY_ENCRYPT`
|              807.34 |        1,238,629.77 |    0.0% |      0.00 | `CHACHA20_POLY1305_AEAD_64BYTES_ENCRYPT_DECRYPT`
|              310.16 |        3,224,181.36 |    0.0% |      0.00 | `CHACHA20_POLY1305_AEAD_64BYTES_ONLY_ENCRYPT`

|               ns/op |                op/s |    err% |     total | benchmark
|--------------------:|--------------------:|--------:|----------:|:----------
|       10,480,951.00 |               95.41 |    0.0% |      0.01 | `CoinSelection`
|    1,791,764,528.00 |                0.56 |    0.0% |      1.79 | `ComplexMemPool`

|            ns/block |             block/s |    err% |     total | benchmark
|--------------------:|--------------------:|--------:|----------:|:----------
|       21,829,771.00 |               45.81 |    0.0% |      0.02 | `DeserializeAndCheckBlockTest`
|       15,563,221.00 |               64.25 |    0.0% |      0.02 | `DeserializeBlockTest`

|               ns/op |                op/s |    err% |     total | benchmark
|--------------------:|--------------------:|--------:|----------:|:----------
|       23,160,741.00 |               43.18 |    0.0% |      0.02 | `DuplicateInputs`
|          213,920.00 |            4,674.64 |    0.0% |      0.00 | `EvictionProtection0Networks250Candidates`
|          229,410.00 |            4,359.01 |    0.0% |      0.00 | `EvictionProtection1Networks250Candidates`
|          360,240.00 |            2,775.93 |    0.0% |      0.00 | `EvictionProtection2Networks250Candidates`
|           75,180.00 |           13,301.41 |    0.0% |      0.00 | `EvictionProtection3Networks050Candidates`
|          182,200.00 |            5,488.47 |    0.0% |      0.00 | `EvictionProtection3Networks100Candidates`
|          365,580.00 |            2,735.38 |    0.0% |      0.00 | `EvictionProtection3Networks250Candidates`
|      403,018,572.00 |                2.48 |    0.0% |      0.40 | `ExpandDescriptor`
|           14,800.00 |           67,567.57 |    0.0% |      0.00 | `FastRandom_1bit`
|            9,840.00 |          101,626.02 |    0.0% |      0.00 | `FastRandom_32bit`
|          640,650.00 |            1,560.91 |    0.0% |      0.00 | `GCSBlockFilterGetHash`
|      167,286,480.00 |                5.98 |    0.0% |      0.17 | `GCSFilterConstruct`
|        8,735,640.00 |              114.47 |    0.0% |      0.01 | `GCSFilterDecode`
|           80,670.00 |           12,396.18 |    0.0% |      0.00 | `GCSFilterDecodeSkipCheck`
|        1,051,630.00 |              950.90 |    0.0% |      0.00 | `GCSFilterMatch`

|             ns/byte |              byte/s |    err% |     total | benchmark
|--------------------:|--------------------:|--------:|----------:|:----------
|                3.72 |      268,727,143.19 |    0.0% |      0.00 | `HASH_1MB`
|                8.75 |      114,285,714.29 |    0.0% |      0.00 | `HASH_256BYTES`
|               20.16 |       49,612,403.10 |    0.0% |      0.00 | `HASH_64BYTES`
|                5.13 |      195,075,922.37 |    0.0% |      0.01 | `HexStrBench`

|               ns/op |                op/s |    err% |     total | benchmark
|--------------------:|--------------------:|--------:|----------:|:----------
|            1,470.00 |          680,272.11 |    0.0% |      0.00 | `LoggingNoCategory`
|            3,480.00 |          287,356.32 |    0.0% |      0.00 | `LoggingNoFile`
|           29,430.00 |           33,978.93 |    0.0% |      0.00 | `LoggingNoThreadNames`
|           28,890.00 |           34,614.05 |    0.0% |      0.00 | `LoggingYoCategory`
|           30,940.00 |           32,320.62 |    0.0% |      0.00 | `LoggingYoThreadNames`
|      419,885,403.00 |                2.38 |    0.0% |      0.42 | `MempoolCheck`
|          774,520.00 |            1,291.12 |    0.0% |      0.00 | `MempoolEviction`

|             ns/leaf |              leaf/s |    err% |     total | benchmark
|--------------------:|--------------------:|--------:|----------:|:----------
|              783.17 |        1,276,867.81 |    0.0% |      0.01 | `MerkleRoot`

|               ns/op |                op/s |    err% |     total | benchmark
|--------------------:|--------------------:|--------:|----------:|:----------
|           78,970.00 |           12,663.04 |    0.0% |      0.00 | `MuHash`
|           18,290.00 |           54,674.69 |    0.0% |      0.00 | `MuHashDiv`
|           18,110.00 |           55,218.11 |    0.0% |      0.00 | `MuHashMul`
|           67,540.00 |           14,806.04 |    0.0% |      0.00 | `MuHashPrecompute`

|             ns/byte |              byte/s |    err% |     total | benchmark
|--------------------:|--------------------:|--------:|----------:|:----------
|                1.43 |      699,470,348.88 |    0.0% |      0.00 | `POLY1305_1MB`
|                2.89 |      345,945,945.95 |    0.0% |      0.00 | `POLY1305_256BYTES`
|                5.31 |      188,235,294.12 |    0.0% |      0.00 | `POLY1305_64BYTES`

|               ns/op |                op/s |    err% |     total | benchmark
|--------------------:|--------------------:|--------:|----------:|:----------
|              750.00 |        1,333,333.33 |    0.0% |      0.00 | `PrePadded`
|            1,320.00 |          757,575.76 |    0.0% |      0.00 | `PrevectorClearNontrivial`
|              895.00 |        1,117,318.44 |    0.0% |      0.00 | `PrevectorClearTrivial`
|            3,202.84 |          312,222.80 |    0.0% |      0.00 | `PrevectorDeserializeNontrivial`
|              205.09 |        4,875,908.14 |    0.0% |      0.00 | `PrevectorDeserializeTrivial`
|            1,730.00 |          578,034.68 |    0.0% |      0.00 | `PrevectorDestructorNontrivial`
|              585.00 |        1,709,401.71 |    0.0% |      0.00 | `PrevectorDestructorTrivial`
|              235.00 |        4,255,319.15 |    0.0% |      0.00 | `PrevectorResizeNontrivial`
|              165.00 |        6,060,606.06 |    0.0% |      0.00 | `PrevectorResizeTrivial`

|             ns/byte |              byte/s |    err% |     total | benchmark
|--------------------:|--------------------:|--------:|----------:|:----------
|              141.25 |        7,079,745.91 |    0.0% |      0.14 | `RIPEMD160`

|               ns/op |                op/s |    err% |     total | benchmark
|--------------------:|--------------------:|--------:|----------:|:----------
|            2,289.00 |          436,872.00 |    0.0% |      0.00 | `RegularPadded`
|           27,369.00 |           36,537.69 |    0.0% |      0.00 | `RollingBloom`
|          181,720.00 |            5,502.97 |    0.0% |      0.00 | `RollingBloomReset`
|       52,592,232.00 |               19.01 |    0.0% |      0.05 | `RpcMempool`

|             ns/byte |              byte/s |    err% |     total | benchmark
|--------------------:|--------------------:|--------:|----------:|:----------
|               74.01 |       13,511,128.25 |    0.0% |      0.07 | `SHA1`
|                3.71 |      269,284,108.20 |    0.0% |      0.00 | `SHA256`
|               11.32 |       88,303,218.94 |    0.0% |      0.00 | `SHA256D64_1024`
|               22.81 |       43,835,616.44 |    0.0% |      0.00 | `SHA256_32b`
|               96.65 |       10,346,386.14 |    0.0% |      0.10 | `SHA3_256_1M`
|               99.62 |       10,037,674.81 |    0.0% |      0.10 | `SHA512`

|               ns/op |                op/s |    err% |     total | benchmark
|--------------------:|--------------------:|--------:|----------:|:----------
|            3,690.00 |          271,002.71 |    0.0% |      0.00 | `SipHash_32b`
|            6,170.00 |          162,074.55 |    0.0% |      0.00 | `Trig`
|          400,930.00 |            2,494.20 |    0.0% |      0.00 | `VerifyNestedIfScript`
|          278,110.00 |            3,595.70 |    0.0% |      0.00 | `VerifyScriptBench`
|          309,480.00 |            3,231.23 |    0.0% |      0.00 | `WalletBalanceClean`
|        5,833,308.00 |              171.43 |    0.0% |      0.01 | `WalletBalanceDirty`
|          330,000.00 |            3,030.30 |    0.0% |      0.00 | `WalletBalanceMine`
|            3,610.00 |          277,008.31 |    0.0% |      0.00 | `WalletBalanceWatch`
|    1,824,022,268.00 |                0.55 |    0.2% |      9.12 | `WalletLoadingDescriptors`
|      563,981,002.00 |                1.77 |    0.4% |      2.83 | `WalletLoadingLegacy`
Internal ctest changing into directory: /tmp/cirrus-ci-build/ci/scratch/build/src/test
Test project /tmp/cirrus-ci-build/ci/scratch/build/src/test
        Start   1: addrman_tests:addrman_tests.cpp
        Start   2: allocator_tests:allocator_tests.cpp
        Start   3: amount_tests:amount_tests.cpp
        Start   4: arith_uint256_tests:arith_uint256_tests.cpp
  1/110 Test   #3: amount_tests:amount_tests.cpp ...............................................   Passed    0.19 sec
        Start   5: banman_tests:banman_tests.cpp
  2/110 Test   #4: arith_uint256_tests:arith_uint256_tests.cpp .................................   Passed    0.21 sec
        Start   6: base32_tests:base32_tests.cpp
  3/110 Test   #2: allocator_tests:allocator_tests.cpp .........................................   Passed    0.21 sec
        Start   7: base58_tests:base58_tests.cpp
  4/110 Test   #6: base32_tests:base32_tests.cpp ...............................................   Passed    0.19 sec
        Start   8: base64_tests:base64_tests.cpp
  5/110 Test   #5: banman_tests:banman_tests.cpp ...............................................   Passed    0.22 sec
        Start   9: bech32_tests:bech32_tests.cpp
  6/110 Test   #8: base64_tests:base64_tests.cpp ...............................................   Passed    0.19 sec
        Start  10: bip32_tests:bip32_tests.cpp
  7/110 Test   #9: bech32_tests:bech32_tests.cpp ...............................................   Passed    0.20 sec
        Start  11: blockchain_tests:blockchain_tests.cpp
  8/110 Test   #7: base58_tests:base58_tests.cpp ...............................................   Passed    0.47 sec
        Start  12: blockencodings_tests:blockencodings_tests.cpp
  9/110 Test  #11: blockchain_tests:blockchain_tests.cpp .......................................   Passed    0.24 sec
        Start  13: blockfilter_index_tests:blockfilter_index_tests.cpp
 10/110 Test   #1: addrman_tests:addrman_tests.cpp .............................................   Passed    0.91 sec
        Start  14: blockfilter_tests:blockfilter_tests.cpp
 11/110 Test  #10: bip32_tests:bip32_tests.cpp .................................................   Passed    0.32 sec
        Start  15: bloom_tests:bloom_tests.cpp
 12/110 Test  #12: blockencodings_tests:blockencodings_tests.cpp ...............................   Passed    0.39 sec
        Start  16: bswap_tests:bswap_tests.cpp
 13/110 Test  #14: blockfilter_tests:blockfilter_tests.cpp .....................................   Passed    0.24 sec
        Start  17: checkqueue_tests:checkqueue_tests.cpp
 14/110 Test  #16: bswap_tests:bswap_tests.cpp .................................................   Passed    0.20 sec
        Start  18: coinstatsindex_tests:coinstatsindex_tests.cpp
 15/110 Test  #15: bloom_tests:bloom_tests.cpp .................................................   Passed    0.37 sec
        Start  19: coins_tests:coins_tests.cpp
 16/110 Test  #13: blockfilter_index_tests:blockfilter_index_tests.cpp .........................   Passed    0.68 sec
        Start  20: compress_tests:compress_tests.cpp
 17/110 Test  #20: compress_tests:compress_tests.cpp ...........................................   Passed    0.69 sec
        Start  21: crypto_tests:crypto_tests.cpp
 18/110 Test  #18: coinstatsindex_tests:coinstatsindex_tests.cpp ...............................   Passed   14.25 sec
        Start  22: cuckoocache_tests:cuckoocache_tests.cpp
 19/110 Test  #22: cuckoocache_tests:cuckoocache_tests.cpp .....................................   Passed   12.09 sec
        Start  23: dbwrapper_tests:dbwrapper_tests.cpp
 20/110 Test  #23: dbwrapper_tests:dbwrapper_tests.cpp .........................................   Passed    0.31 sec
        Start  24: denialofservice_tests:denialofservice_tests.cpp
 21/110 Test  #24: denialofservice_tests:denialofservice_tests.cpp .............................   Passed    0.37 sec
        Start  25: descriptor_tests:descriptor_tests.cpp
 22/110 Test  #25: descriptor_tests:descriptor_tests.cpp .......................................   Passed    0.94 sec
        Start  26: flatfile_tests:flatfile_tests.cpp
 23/110 Test  #26: flatfile_tests:flatfile_tests.cpp ...........................................   Passed    0.24 sec
        Start  27: fs_tests:fs_tests.cpp
 24/110 Test  #27: fs_tests:fs_tests.cpp .......................................................   Passed    0.24 sec
        Start  28: getarg_tests:getarg_tests.cpp
 25/110 Test  #17: checkqueue_tests:checkqueue_tests.cpp .......................................   Passed   28.58 sec
        Start  29: hash_tests:hash_tests.cpp
 26/110 Test  #29: hash_tests:hash_tests.cpp ...................................................   Passed    0.20 sec
        Start  30: headers_sync_chainwork_tests:headers_sync_chainwork_tests.cpp
 27/110 Test  #28: getarg_tests:getarg_tests.cpp ...............................................   Passed    0.26 sec
        Start  31: httpserver_tests:httpserver_tests.cpp
 28/110 Test  #31: httpserver_tests:httpserver_tests.cpp .......................................   Passed    0.22 sec
        Start  32: i2p_tests:i2p_tests.cpp
 29/110 Test  #30: headers_sync_chainwork_tests:headers_sync_chainwork_tests.cpp ...............   Passed    0.48 sec
        Start  33: interfaces_tests:interfaces_tests.cpp
 30/110 Test  #32: i2p_tests:i2p_tests.cpp .....................................................   Passed    0.22 sec
        Start  34: key_io_tests:key_io_tests.cpp
 31/110 Test  #34: key_io_tests:key_io_tests.cpp ...............................................   Passed    0.27 sec
        Start  35: key_tests:key_tests.cpp
 32/110 Test  #35: key_tests:key_tests.cpp .....................................................   Passed    0.32 sec
        Start  36: logging_tests:logging_tests.cpp
 33/110 Test  #36: logging_tests:logging_tests.cpp .............................................   Passed    0.24 sec
        Start  37: mempool_tests:mempool_tests.cpp
 34/110 Test  #37: mempool_tests:mempool_tests.cpp .............................................   Passed    0.37 sec
        Start  38: merkleblock_tests:merkleblock_tests.cpp
 35/110 Test  #38: merkleblock_tests:merkleblock_tests.cpp .....................................   Passed    0.20 sec
        Start  39: merkle_tests:merkle_tests.cpp
 36/110 Test  #33: interfaces_tests:interfaces_tests.cpp .......................................   Passed    1.73 sec
        Start  40: miner_tests:miner_tests.cpp
 37/110 Test  #39: merkle_tests:merkle_tests.cpp ...............................................   Passed    1.33 sec
        Start  41: miniscript_tests:miniscript_tests.cpp
 38/110 Test  #41: miniscript_tests:miniscript_tests.cpp .......................................   Passed    0.25 sec
        Start  42: minisketch_tests:minisketch_tests.cpp
 39/110 Test  #42: minisketch_tests:minisketch_tests.cpp .......................................   Passed    0.24 sec
        Start  43: multisig_tests:multisig_tests.cpp
 40/110 Test  #43: multisig_tests:multisig_tests.cpp ...........................................   Passed    0.25 sec
        Start  44: netbase_tests:netbase_tests.cpp
 41/110 Test  #44: netbase_tests:netbase_tests.cpp .............................................   Passed    0.28 sec
        Start  45: net_peer_eviction_tests:net_peer_eviction_tests.cpp
 42/110 Test  #45: net_peer_eviction_tests:net_peer_eviction_tests.cpp .........................   Passed    1.07 sec
        Start  46: net_tests:net_tests.cpp
 43/110 Test  #46: net_tests:net_tests.cpp .....................................................   Passed    0.57 sec
        Start  47: orphanage_tests:orphanage_tests.cpp
 44/110 Test  #47: orphanage_tests:orphanage_tests.cpp .........................................   Passed    0.36 sec
        Start  48: pmt_tests:pmt_tests.cpp
 45/110 Test  #48: pmt_tests:pmt_tests.cpp .....................................................   Passed    0.64 sec
        Start  49: policyestimator_tests:policyestimator_tests.cpp
 46/110 Test  #49: policyestimator_tests:policyestimator_tests.cpp .............................   Passed    1.62 sec
        Start  50: policy_fee_tests:policy_fee_tests.cpp
 47/110 Test  #50: policy_fee_tests:policy_fee_tests.cpp .......................................   Passed    0.20 sec
        Start  51: pow_tests:pow_tests.cpp
 48/110 Test  #51: pow_tests:pow_tests.cpp .....................................................   Passed    0.28 sec
        Start  52: prevector_tests:prevector_tests.cpp
 49/110 Test  #52: prevector_tests:prevector_tests.cpp .........................................   Passed    2.41 sec
        Start  53: raii_event_tests:raii_event_tests.cpp
 50/110 Test  #53: raii_event_tests:raii_event_tests.cpp .......................................   Passed    0.22 sec
        Start  54: random_tests:random_tests.cpp
 51/110 Test  #54: random_tests:random_tests.cpp ...............................................   Passed    0.46 sec
        Start  55: rbf_tests:rbf_tests.cpp
 52/110 Test  #55: rbf_tests:rbf_tests.cpp .....................................................   Passed    0.48 sec
        Start  56: rest_tests:rest_tests.cpp
 53/110 Test  #56: rest_tests:rest_tests.cpp ...................................................   Passed    0.22 sec
        Start  57: result_tests:result_tests.cpp
 54/110 Test  #57: result_tests:result_tests.cpp ...............................................   Passed    0.19 sec
        Start  58: reverselock_tests:reverselock_tests.cpp
 55/110 Test  #58: reverselock_tests:reverselock_tests.cpp .....................................   Passed    0.20 sec
        Start  59: rpc_tests:rpc_tests.cpp
 56/110 Test  #59: rpc_tests:rpc_tests.cpp .....................................................   Passed    0.51 sec
        Start  60: sanity_tests:sanity_tests.cpp
 57/110 Test  #21: crypto_tests:crypto_tests.cpp ...............................................   Passed   41.58 sec
        Start  61: scheduler_tests:scheduler_tests.cpp
 58/110 Test  #60: sanity_tests:sanity_tests.cpp ...............................................   Passed    0.22 sec
        Start  62: scriptnum_tests:scriptnum_tests.cpp
 59/110 Test  #61: scheduler_tests:scheduler_tests.cpp .........................................   Passed    0.23 sec
        Start  63: script_p2sh_tests:script_p2sh_tests.cpp
 60/110 Test  #62: scriptnum_tests:scriptnum_tests.cpp .........................................   Passed    0.29 sec
        Start  64: script_parse_tests:script_parse_tests.cpp
 61/110 Test  #63: script_p2sh_tests:script_p2sh_tests.cpp .....................................   Passed    0.26 sec
        Start  65: script_segwit_tests:script_segwit_tests.cpp
 62/110 Test  #64: script_parse_tests:script_parse_tests.cpp ...................................   Passed    0.19 sec
        Start  66: script_standard_tests:script_standard_tests.cpp
 63/110 Test  #66: script_standard_tests:script_standard_tests.cpp .............................   Passed    0.25 sec
        Start  67: script_tests:script_tests.cpp
 64/110 Test  #65: script_segwit_tests:script_segwit_tests.cpp .................................   Passed    0.26 sec
        Start  68: serfloat_tests:serfloat_tests.cpp
 65/110 Test  #40: miner_tests:miner_tests.cpp .................................................   Passed   13.61 sec
        Start  69: serialize_tests:serialize_tests.cpp
 66/110 Test  #69: serialize_tests:serialize_tests.cpp .........................................   Passed    0.45 sec
        Start  70: settings_tests:settings_tests.cpp
 67/110 Test  #70: settings_tests:settings_tests.cpp ...........................................   Passed    0.27 sec
        Start  71: sighash_tests:sighash_tests.cpp
 68/110 Test  #68: serfloat_tests:serfloat_tests.cpp ...........................................   Passed    2.53 sec
        Start  72: sigopcount_tests:sigopcount_tests.cpp
 69/110 Test  #72: sigopcount_tests:sigopcount_tests.cpp .......................................   Passed    0.23 sec
        Start  73: skiplist_tests:skiplist_tests.cpp
 70/110 Test  #73: skiplist_tests:skiplist_tests.cpp ...........................................   Passed    1.26 sec
        Start  74: sock_tests:sock_tests.cpp
 71/110 Test  #74: sock_tests:sock_tests.cpp ...................................................   Passed    0.24 sec
        Start  75: streams_tests:streams_tests.cpp
 72/110 Test  #71: sighash_tests:sighash_tests.cpp .............................................   Passed    2.48 sec
        Start  76: sync_tests:sync_tests.cpp
 73/110 Test  #75: streams_tests:streams_tests.cpp .............................................   Passed    0.30 sec
        Start  77: system_tests:system_tests.cpp
 74/110 Test  #76: sync_tests:sync_tests.cpp ...................................................   Passed    0.19 sec
        Start  78: timedata_tests:timedata_tests.cpp
 75/110 Test  #78: timedata_tests:timedata_tests.cpp ...........................................   Passed    0.24 sec
        Start  79: torcontrol_tests:torcontrol_tests.cpp
 76/110 Test  #77: system_tests:system_tests.cpp ...............................................   Passed    0.27 sec
        Start  80: transaction_tests:transaction_tests.cpp
 77/110 Test  #79: torcontrol_tests:torcontrol_tests.cpp .......................................   Passed    0.20 sec
        Start  81: txindex_tests:txindex_tests.cpp
 78/110 Test  #81: txindex_tests:txindex_tests.cpp .............................................   Passed    0.61 sec
        Start  82: txpackage_tests:txpackage_tests.cpp
 79/110 Test  #67: script_tests:script_tests.cpp ...............................................   Passed    6.08 sec
        Start  83: txreconciliation_tests:txreconciliation_tests.cpp
 80/110 Test  #83: txreconciliation_tests:txreconciliation_tests.cpp ...........................   Passed    0.24 sec
        Start  84: txrequest_tests:txrequest_tests.cpp
 81/110 Test  #82: txpackage_tests:txpackage_tests.cpp .........................................   Passed    1.78 sec
        Start  85: txvalidationcache_tests:txvalidationcache_tests.cpp
 82/110 Test  #80: transaction_tests:transaction_tests.cpp .....................................   Passed    8.52 sec
        Start  86: txvalidation_tests:txvalidation_tests.cpp
 83/110 Test  #86: txvalidation_tests:txvalidation_tests.cpp ...................................   Passed    0.49 sec
        Start  87: uint256_tests:uint256_tests.cpp
 84/110 Test  #87: uint256_tests:uint256_tests.cpp .............................................   Passed    0.20 sec
        Start  88: util_tests:util_tests.cpp
 85/110 Test  #88: util_tests:util_tests.cpp ...................................................   Passed    0.54 sec
        Start  89: util_threadnames_tests:util_threadnames_tests.cpp
 86/110 Test  #89: util_threadnames_tests:util_threadnames_tests.cpp ...........................   Passed    0.20 sec
        Start  90: validation_block_tests:validation_block_tests.cpp
 87/110 Test  #85: txvalidationcache_tests:txvalidationcache_tests.cpp .........................   Passed   12.99 sec
        Start  91: validation_chainstatemanager_tests:validation_chainstatemanager_tests.cpp
 88/110 Test  #90: validation_block_tests:validation_block_tests.cpp ...........................   Passed    6.34 sec
        Start  92: validation_chainstate_tests:validation_chainstate_tests.cpp
 89/110 Test  #92: validation_chainstate_tests:validation_chainstate_tests.cpp .................   Passed    0.62 sec
        Start  93: validation_flush_tests:validation_flush_tests.cpp
 90/110 Test  #93: validation_flush_tests:validation_flush_tests.cpp ...........................   Passed    0.28 sec
        Start  94: validationinterface_tests:validationinterface_tests.cpp
 91/110 Test  #91: validation_chainstatemanager_tests:validation_chainstatemanager_tests.cpp ...   Passed    2.18 sec
        Start  95: validation_tests:validation_tests.cpp
 92/110 Test  #95: validation_tests:validation_tests.cpp .......................................   Passed    0.44 sec
        Start  96: versionbits_tests:versionbits_tests.cpp
 93/110 Test  #94: validationinterface_tests:validationinterface_tests.cpp .....................   Passed    2.64 sec
        Start  97: availablecoins_tests:../wallet/test/availablecoins_tests.cpp
 94/110 Test  #84: txrequest_tests:txrequest_tests.cpp .........................................   Passed   18.39 sec
        Start  98: coinselector_tests:../wallet/test/coinselector_tests.cpp
 95/110 Test  #96: versionbits_tests:versionbits_tests.cpp .....................................   Passed    3.35 sec
        Start  99: init_tests:../wallet/test/init_tests.cpp
 96/110 Test  #99: init_tests:../wallet/test/init_tests.cpp ....................................   Passed    0.25 sec
        Start 100: ismine_tests:../wallet/test/ismine_tests.cpp
 97/110 Test  #97: availablecoins_tests:../wallet/test/availablecoins_tests.cpp ................   Passed    2.16 sec
        Start 101: psbt_wallet_tests:../wallet/test/psbt_wallet_tests.cpp
 98/110 Test #100: ismine_tests:../wallet/test/ismine_tests.cpp ................................   Passed    0.26 sec
        Start 102: wallet_util_tests:../wallet/test/rpc_util_tests.cpp
 99/110 Test #102: wallet_util_tests:../wallet/test/rpc_util_tests.cpp .........................   Passed    0.20 sec
        Start 103: scriptpubkeyman_tests:../wallet/test/scriptpubkeyman_tests.cpp
100/110 Test #103: scriptpubkeyman_tests:../wallet/test/scriptpubkeyman_tests.cpp ..............   Passed    0.22 sec
        Start 104: spend_tests:../wallet/test/spend_tests.cpp
101/110 Test #101: psbt_wallet_tests:../wallet/test/psbt_wallet_tests.cpp ......................   Passed    0.89 sec
        Start 105: wallet_crypto_tests:../wallet/test/wallet_crypto_tests.cpp
102/110 Test #104: spend_tests:../wallet/test/spend_tests.cpp ..................................   Passed    2.15 sec
        Start 106: wallet_tests:../wallet/test/wallet_tests.cpp
103/110 Test #106: wallet_tests:../wallet/test/wallet_tests.cpp ................................   Passed   15.68 sec
        Start 107: wallet_transaction_tests:../wallet/test/wallet_transaction_tests.cpp
104/110 Test #107: wallet_transaction_tests:../wallet/test/wallet_transaction_tests.cpp ........   Passed    0.27 sec
        Start 108: walletdb_tests:../wallet/test/walletdb_tests.cpp
105/110 Test #108: walletdb_tests:../wallet/test/walletdb_tests.cpp ............................   Passed    0.23 sec
        Start 109: walletload_tests:../wallet/test/walletload_tests.cpp
106/110 Test #109: walletload_tests:../wallet/test/walletload_tests.cpp ........................   Passed    0.26 sec
        Start 110: db_tests:../wallet/test/db_tests.cpp
107/110 Test #110: db_tests:../wallet/test/db_tests.cpp ........................................   Passed    0.24 sec
108/110 Test  #98: coinselector_tests:../wallet/test/coinselector_tests.cpp ....................   Passed   34.01 sec
109/110 Test #105: wallet_crypto_tests:../wallet/test/wallet_crypto_tests.cpp ..................   Passed   40.40 sec
110/110 Test  #19: coins_tests:coins_tests.cpp .................................................   Passed  116.55 sec

100% tests passed, 0 tests failed out of 110

Total Test time (real) = 117.84 sec
...
----------------------------------------------------------------------
Ran 3 tests in 0.003s

OK
[100%] Built target check
E
======================================================================
ERROR: test_framework (unittest.loader._FailedTest)
----------------------------------------------------------------------
ImportError: Failed to import test module: test_framework
Traceback (most recent call last):
  File "/usr/lib/python3.10/unittest/loader.py", line 154, in loadTestsFromName
    module = __import__(module_name)
ModuleNotFoundError: No module named 'test_framework'


----------------------------------------------------------------------
Ran 1 test in 0.000s

FAILED (errors=1)
Running Unit Tests for Test Framework Modules
