./ci/test_run_all.sh
Setting specific values in env
Fallback to default values in env (if not yet set)
2022-07-06 12:09:20.596 xcodebuild[4345:15100] Requested but did not find extension point with identifier Xcode.IDEKit.ExtensionSentinelHostApplications for extension Xcode.DebuggerFoundation.AppExtensionHosts.watchOS of plug-in com.apple.dt.IDEWatchSupportCore
2022-07-06 12:09:20.596 xcodebuild[4345:15100] Requested but did not find extension point with identifier Xcode.IDEKit.ExtensionPointIdentifierToBundleIdentifier for extension Xcode.DebuggerFoundation.AppExtensionToBundleIdentifierMap.watchOS of plug-in com.apple.dt.IDEWatchSupportCore
Collecting pip
  Downloading pip-22.1.2-py3-none-any.whl (2.1 MB)
Installing collected packages: pip
  Attempting uninstall: pip
    Found existing installation: pip 20.2.3
    Uninstalling pip-20.2.3:
      Successfully uninstalled pip-20.2.3
Successfully installed pip-22.1.2
Collecting zmq
  Downloading zmq-0.0.0.zip (2.2 kB)
  Preparing metadata (setup.py): started
  Preparing metadata (setup.py): finished with status 'done'
Collecting lief
  Downloading lief-0.12.1-cp38-cp38-macosx_10_14_x86_64.whl (3.3 MB)
     ━━━━━━━━━━━━━━━━━━━━━━━━━━━━━━━━━━━━━━━━ 3.3/3.3 MB 44.7 MB/s eta 0:00:00
Collecting pyzmq
  Downloading pyzmq-23.2.0-cp38-cp38-macosx_10_9_x86_64.whl (1.3 MB)
     ━━━━━━━━━━━━━━━━━━━━━━━━━━━━━━━━━━━━━━━━ 1.3/1.3 MB 31.4 MB/s eta 0:00:00
Building wheels for collected packages: zmq
  Building wheel for zmq (setup.py): started
  Building wheel for zmq (setup.py): finished with status 'done'
  Created wheel for zmq: filename=zmq-0.0.0-py3-none-any.whl size=1276 sha256=c77776ed712193a3b058ea10f1db52f5a3e1528babc93b37835f73a71702300a
  Stored in directory: /Users/admin/Library/Caches/pip/wheels/3d/9b/51/ce9258d99aa48f7d809437392742f760d9ce7537079f5be719
Successfully built zmq
Installing collected packages: pyzmq, lief, zmq
Successfully installed lief-0.12.1 pyzmq-23.2.0 zmq-0.0.0
BASE_OUTDIR=/private/var/folders/xx/vl5f934s6k927z1vyyl9cxth0000gn/T/cirrus-ci-build/ci/scratch/out/x86_64-apple-darwin
CCACHE_NOHASHDIR=1
UBSAN_OPTIONS=suppressions=/private/var/folders/xx/vl5f934s6k927z1vyyl9cxth0000gn/T/cirrus-ci-build/test/sanitizer_suppressions/ubsan:print_stacktrace=1:halt_on_error=1:report_error_type=1
CCACHE_SIZE=300M
BASE_ROOT_DIR=/private/var/folders/xx/vl5f934s6k927z1vyyl9cxth0000gn/T/cirrus-ci-build
TSAN_OPTIONS=suppressions=/private/var/folders/xx/vl5f934s6k927z1vyyl9cxth0000gn/T/cirrus-ci-build/test/sanitizer_suppressions/tsan:halt_on_error=1:log_path=/private/var/folders/xx/vl5f934s6k927z1vyyl9cxth0000gn/T/cirrus-ci-build/ci/scratch/sanitizer-output/tsan
LC_ALL=C.UTF-8
BASE_SCRATCH_DIR=/private/var/folders/xx/vl5f934s6k927z1vyyl9cxth0000gn/T/cirrus-ci-build/ci/scratch
ASAN_OPTIONS=detect_stack_use_after_return=1:check_initialization_order=1:strict_init_order=1
CCACHE_DIR=/tmp/ccache_dir
LSAN_OPTIONS=suppressions=/private/var/folders/xx/vl5f934s6k927z1vyyl9cxth0000gn/T/cirrus-ci-build/test/sanitizer_suppressions/lsan
CCACHE_COMPRESS=1
BITCOIN_CONFIG=--with-gui --enable-reduce-exports
BOOST_TEST_RANDOM=1
PREVIOUS_RELEASES_DIR=/private/var/folders/xx/vl5f934s6k927z1vyyl9cxth0000gn/T/cirrus-ci-build/releases/x86_64-apple-darwin
BASE_BUILD_DIR=/private/var/folders/xx/vl5f934s6k927z1vyyl9cxth0000gn/T/cirrus-ci-build/ci/scratch/build
CCACHE_TEMPDIR=/tmp/.ccache-temp
DEBIAN_FRONTEND=noninteractive
Running on host system without docker wrapper
PhysMem: 10G used (1701M wired), 14G unused.
Number of CPUs: 12
Free disk space:
Filesystem       Size   Used  Avail Capacity iused      ifree %iused  Mounted on
/dev/disk1s5s1  256Gi   14Gi  200Gi     7%  500632 2092314560    0%   /
devfs           183Ki  183Ki    0Bi   100%     632          0  100%   /dev
/dev/disk1s4    256Gi  1.0Mi  200Gi     1%       1 2092314560    0%   /System/Volumes/VM
/dev/disk1s2    256Gi  310Mi  200Gi     1%    1410 2092314560    0%   /System/Volumes/Preboot
/dev/disk1s6    256Gi  1.1Mi  200Gi     1%      34 2092314560    0%   /System/Volumes/Update
/dev/disk1s1    256Gi   41Gi  200Gi    17% 1172622 2092314560    0%   /System/Volumes/Data
map auto_home     0Bi    0Bi    0Bi   100%       0          0  100%   /System/Volumes/Data/home
/dev/disk1s5    256Gi   14Gi  200Gi     7%  500634 2092314560    0%   /System/Volumes/Update/mnt1
  % Total    % Received % Xferd  Average Speed   Time    Time     Time  Current
                                 Dload  Upload   Total   Spent    Left  Speed
  0     0    0     0    0     0      0      0 --:--:-- --:--:-- --:--:--     0  0     0    0     0    0     0      0      0 --:--:-- --:--:-- --:--:--     0  0     0    0     0    0     0      0      0 --:--:-- --:--:-- --:--:--     0
100 9025k  100 9025k    0     0  14.7M      0 --:--:-- --:--:-- --:--:-- 14.7M
Statistics zeroed
Set cache size limit to 300.0 MB
glibtoolize: putting auxiliary files in AC_CONFIG_AUX_DIR, 'build-aux'.
glibtoolize: copying file 'build-aux/ltmain.sh'
glibtoolize: putting macros in AC_CONFIG_MACRO_DIRS, 'build-aux/m4'.
glibtoolize: copying file 'build-aux/m4/libtool.m4'
glibtoolize: copying file 'build-aux/m4/ltoptions.m4'
glibtoolize: copying file 'build-aux/m4/ltsugar.m4'
glibtoolize: copying file 'build-aux/m4/ltversion.m4'
glibtoolize: copying file 'build-aux/m4/lt~obsolete.m4'
configure.ac:40: installing 'build-aux/ar-lib'
configure.ac:35: installing 'build-aux/compile'
configure.ac:24: installing 'build-aux/config.guess'
configure.ac:24: installing 'build-aux/config.sub'
configure.ac:30: installing 'build-aux/install-sh'
configure.ac:30: installing 'build-aux/missing'
Makefile.am: installing 'build-aux/depcomp'
parallel-tests: installing 'build-aux/test-driver'
glibtoolize: putting auxiliary files in AC_CONFIG_AUX_DIR, 'build-aux'.
glibtoolize: copying file 'build-aux/ltmain.sh'
glibtoolize: putting macros in AC_CONFIG_MACRO_DIRS, 'build-aux/m4'.
glibtoolize: copying file 'build-aux/m4/libtool.m4'
glibtoolize: copying file 'build-aux/m4/ltoptions.m4'
glibtoolize: copying file 'build-aux/m4/ltsugar.m4'
glibtoolize: copying file 'build-aux/m4/ltversion.m4'
glibtoolize: copying file 'build-aux/m4/lt~obsolete.m4'
configure.ac:108: installing 'build-aux/compile'
configure.ac:40: installing 'build-aux/config.guess'
configure.ac:40: installing 'build-aux/config.sub'
configure.ac:47: installing 'build-aux/install-sh'
configure.ac:47: installing 'build-aux/missing'
src/Makefile.bench.include:97: warning: %.raw.h was already defined in condition TRUE, which includes condition ENABLE_BENCH ...
src/Makefile.am:1072:   'src/Makefile.bench.include' included from here
src/Makefile.test.include:420: ... '%.raw.h' previously defined here
src/Makefile.am:1069:   'src/Makefile.test.include' included from here
src/Makefile.am: installing 'build-aux/depcomp'
parallel-tests: installing 'build-aux/test-driver'
configure: creating cache config.cache
checking for pkg-config... /usr/local/bin/pkg-config
checking pkg-config is at least version 0.9.0... yes
checking build system type... x86_64-apple-darwin21.4.0
checking host system type... x86_64-apple-darwin21.4.0
checking for a BSD-compatible install... /usr/bin/install -c
checking whether build environment is sane... yes
checking for a race-free mkdir -p... /private/var/folders/xx/vl5f934s6k927z1vyyl9cxth0000gn/T/cirrus-ci-build/build-aux/install-sh -c -d
checking for gawk... no
checking for mawk... no
checking for nawk... no
checking for awk... awk
checking whether make sets $(MAKE)... yes
checking whether make supports nested variables... yes
checking whether to enable maintainer-specific portions of Makefiles... yes
checking whether make supports nested variables... (cached) yes
checking for g++... g++
checking whether the C++ compiler works... yes
checking for C++ compiler default output file name... a.out
checking for suffix of executables... 
checking whether we are cross compiling... no
checking for suffix of object files... o
checking whether the compiler supports GNU C++... yes
checking whether g++ accepts -g... yes
checking for g++ option to enable C++11 features... none needed
checking whether make supports the include directive... yes (GNU style)
checking dependency style of g++... none
checking whether g++ supports C++17 features with -std=c++17... yes
checking whether std::atomic can be used without link library... yes
checking whether std::filesystem can be used without link library... yes
checking whether the compiler supports GNU Objective C++... yes
checking whether g++ -std=c++17 accepts -g... yes
checking dependency style of g++ -std=c++17... none
checking how to print strings... printf
checking for gcc... gcc
checking whether the compiler supports GNU C... yes
checking whether gcc accepts -g... yes
checking for gcc option to enable C11 features... none needed
checking whether gcc understands -c and -o together... yes
checking dependency style of gcc... none
checking for a sed that does not truncate output... /usr/bin/sed
checking for grep that handles long lines and -e... /usr/bin/grep
checking for egrep... /usr/bin/grep -E
checking for fgrep... /usr/bin/grep -F
checking for ld used by gcc... /Applications/Xcode-13.3.0.app/Contents/Developer/Toolchains/XcodeDefault.xctoolchain/usr/bin/ld
checking if the linker (/Applications/Xcode-13.3.0.app/Contents/Developer/Toolchains/XcodeDefault.xctoolchain/usr/bin/ld) is GNU ld... no
checking for BSD- or MS-compatible name lister (nm)... /usr/bin/nm -B
checking the name lister (/usr/bin/nm -B) interface... BSD nm
checking whether ln -s works... yes
checking the maximum length of command line arguments... 786432
checking how to convert x86_64-apple-darwin21.4.0 file names to x86_64-apple-darwin21.4.0 format... func_convert_file_noop
checking how to convert x86_64-apple-darwin21.4.0 file names to toolchain format... func_convert_file_noop
checking for /Applications/Xcode-13.3.0.app/Contents/Developer/Toolchains/XcodeDefault.xctoolchain/usr/bin/ld option to reload object files... -r
checking for objdump... objdump
checking how to recognize dependent libraries... pass_all
checking for dlltool... no
checking how to associate runtime and link libraries... printf %s\n
checking for ar... ar
checking for archiver @FILE support... no
checking for strip... strip
checking for ranlib... ranlib
checking command to parse /usr/bin/nm -B output from gcc object... ok
checking for sysroot... no
checking for a working dd... /bin/dd
checking how to truncate binary pipes... /bin/dd bs=4096 count=1
checking for mt... no
checking if : is a manifest tool... no
checking for dsymutil... dsymutil
checking for nmedit... nmedit
checking for lipo... lipo
checking for otool... otool
checking for otool64... no
checking for -single_module linker flag... yes
checking for -exported_symbols_list linker flag... yes
checking for -force_load linker flag... yes
checking for stdio.h... yes
checking for stdlib.h... yes
checking for string.h... yes
checking for inttypes.h... yes
checking for stdint.h... yes
checking for strings.h... yes
checking for sys/stat.h... yes
checking for sys/types.h... yes
checking for unistd.h... yes
checking for dlfcn.h... yes
checking for objdir... .libs
checking if gcc supports -fno-rtti -fno-exceptions... yes
checking for gcc option to produce PIC... -fno-common -DPIC
checking if gcc PIC flag -fno-common -DPIC works... yes
checking if gcc static flag -static works... no
checking if gcc supports -c -o file.o... yes
checking if gcc supports -c -o file.o... (cached) yes
checking whether the gcc linker (/Applications/Xcode-13.3.0.app/Contents/Developer/Toolchains/XcodeDefault.xctoolchain/usr/bin/ld) supports shared libraries... yes
checking dynamic linker characteristics... darwin21.4.0 dyld
checking how to hardcode library paths into programs... immediate
checking whether stripping libraries is possible... yes
checking if libtool supports shared libraries... yes
checking whether to build shared libraries... yes
checking whether to build static libraries... yes
checking how to run the C++ preprocessor... g++ -std=c++17 -E
checking for ld used by g++ -std=c++17... /Applications/Xcode-13.3.0.app/Contents/Developer/Toolchains/XcodeDefault.xctoolchain/usr/bin/ld
checking if the linker (/Applications/Xcode-13.3.0.app/Contents/Developer/Toolchains/XcodeDefault.xctoolchain/usr/bin/ld) is GNU ld... no
checking whether the g++ -std=c++17 linker (/Applications/Xcode-13.3.0.app/Contents/Developer/Toolchains/XcodeDefault.xctoolchain/usr/bin/ld) supports shared libraries... yes
checking for g++ -std=c++17 option to produce PIC... -fno-common -DPIC
checking if g++ -std=c++17 PIC flag -fno-common -DPIC works... yes
checking if g++ -std=c++17 static flag -static works... no
checking if g++ -std=c++17 supports -c -o file.o... yes
checking if g++ -std=c++17 supports -c -o file.o... (cached) yes
checking whether the g++ -std=c++17 linker (/Applications/Xcode-13.3.0.app/Contents/Developer/Toolchains/XcodeDefault.xctoolchain/usr/bin/ld) supports shared libraries... yes
checking dynamic linker characteristics... darwin21.4.0 dyld
checking how to hardcode library paths into programs... immediate
checking for ar... /usr/bin/ar
checking for gcov... /usr/bin/gcov
checking for llvm-cov... no
checking for lcov... no
checking for python3.6... no
checking for python3.7... no
checking for python3.8... no
checking for python3.9... no
checking for python3.10... no
checking for python3.11... no
checking for python3... /usr/bin/python3
checking for genhtml... no
checking for git... /usr/bin/git
checking for ccache... /usr/local/bin/ccache
checking for xgettext... /usr/local/bin/xgettext
checking for hexdump... /usr/bin/hexdump
checking for objcopy... no
checking for doxygen... no
checking whether C++ compiler accepts -Werror... yes
checking whether the linker accepts -Wl,-fatal_warnings... yes
checking whether C++ compiler accepts -Werror=return-type... yes
checking whether C++ compiler accepts -Wall... yes
checking whether C++ compiler accepts -Wextra... yes
checking whether C++ compiler accepts -Wgnu... yes
checking whether C++ compiler accepts -Wformat -Wformat-security... yes
checking whether C++ compiler accepts -Wvla... yes
checking whether C++ compiler accepts -Wshadow-field... yes
checking whether C++ compiler accepts -Wthread-safety... yes
checking whether C++ compiler accepts -Wloop-analysis... yes
checking whether C++ compiler accepts -Wredundant-decls... yes
checking whether C++ compiler accepts -Wunused-member-function... yes
checking whether C++ compiler accepts -Wdate-time... yes
checking whether C++ compiler accepts -Wconditional-uninitialized... yes
checking whether C++ compiler accepts -Wduplicated-branches... no
checking whether C++ compiler accepts -Wduplicated-cond... no
checking whether C++ compiler accepts -Wlogical-op... no
checking whether C++ compiler accepts -Woverloaded-virtual... yes
checking whether C++ compiler accepts -Wsuggest-override... yes
checking whether C++ compiler accepts -Wunreachable-code-loop-increment... yes
checking whether C++ compiler accepts -Wimplicit-fallthrough... yes
checking whether C++ compiler accepts -Wdocumentation... yes
checking whether C++ compiler accepts -Wunused-parameter... yes
checking whether C++ compiler accepts -Wself-assign... yes
checking whether C++ compiler accepts -fno-extended-identifiers... no
checking whether C++ compiler accepts -msse4.2... yes
checking whether C++ compiler accepts -msse4.1... yes
checking whether C++ compiler accepts -mavx -mavx2... yes
checking whether C++ compiler accepts -msse4 -msha... yes
checking whether C++ compiler accepts -mpclmul... yes
checking for SSE4.2 intrinsics... yes
checking for SSE4.1 intrinsics... yes
checking for AVX2 intrinsics... yes
checking for x86 SHA-NI intrinsics... yes
checking whether C++ compiler accepts -march=armv8-a+crc+crypto... no
checking whether C++ compiler accepts -march=armv8-a+crc+crypto... (cached) no
checking for ARMv8 CRC32 intrinsics... no
checking for ARMv8 SHA-NI intrinsics... no
checking for brew... brew
checking whether the linker accepts -Wl,-headerpad_max_install_names... yes
checking whether byte ordering is bigendian... no
checking how to run the C preprocessor... gcc -E
checking whether gcc is Clang... yes
checking whether pthreads work with "-pthread" and "-lpthread"... yes
checking whether Clang needs flag to prevent "argument unused" warning when linking with -pthread... no
checking for joinable pthread attribute... PTHREAD_CREATE_JOINABLE
checking whether more special flags are required for pthreads... no
checking for PTHREAD_PRIO_INHERIT... yes
checking for special C compiler options needed for large files... no
checking for _FILE_OFFSET_BITS value needed for large files... no
checking for g++ -std=c++17 options needed to detect all undeclared functions... none needed
checking whether strerror_r is declared... yes
checking whether strerror_r returns char *... no
checking for library containing clock_gettime... none required
checking whether C++ compiler accepts -fPIC... yes
checking whether C++ compiler accepts -fstack-reuse=none... no
checking whether C++ compiler accepts -Wstack-protector... yes
checking whether C++ compiler accepts -fstack-protector-all... yes
checking whether C++ compiler accepts -fcf-protection=full... yes
checking whether C++ compiler accepts -fstack-clash-protection... no
checking whether C++ preprocessor accepts -D_FORTIFY_SOURCE=2... yes
checking whether C++ preprocessor accepts -U_FORTIFY_SOURCE... yes
checking whether the linker accepts -Wl,--enable-reloc-section... no
checking whether the linker accepts -Wl,--dynamicbase... no
checking whether the linker accepts -Wl,--nxcompat... no
checking whether the linker accepts -Wl,--high-entropy-va... no
checking whether the linker accepts -Wl,-z,relro... no
checking whether the linker accepts -Wl,-z,now... no
checking whether the linker accepts -Wl,-z,separate-code... no
checking whether the linker accepts -fPIE -pie... no
checking whether the linker accepts -Wl,-dead_strip... yes
checking whether the linker accepts -Wl,-dead_strip_dylibs... yes
checking whether the linker accepts -Wl,-bind_at_load... yes
checking for endian.h... no
checking for sys/endian.h... no
checking for byteswap.h... no
checking for stdio.h... (cached) yes
checking for stdlib.h... (cached) yes
checking for unistd.h... (cached) yes
checking for strings.h... (cached) yes
checking for sys/types.h... (cached) yes
checking for sys/stat.h... (cached) yes
checking for sys/select.h... yes
checking for sys/prctl.h... no
checking for sys/sysctl.h... yes
checking for vm/vm_param.h... no
checking for sys/vmmeter.h... yes
checking for sys/resources.h... no
checking whether getifaddrs is declared... yes
checking whether ifaddrs funcs can be used without link library... yes
checking whether freeifaddrs is declared... yes
checking whether ifaddrs funcs can be used without link library... yes
checking whether fork is declared... yes
checking whether setsid is declared... yes
checking whether pipe2 is declared... no
checking for timingsafe_bcmp... yes
checking whether le16toh is declared... no
checking whether le32toh is declared... no
checking whether le64toh is declared... no
checking whether htole16 is declared... no
checking whether htole32 is declared... no
checking whether htole64 is declared... no
checking whether be16toh is declared... no
checking whether be32toh is declared... no
checking whether be64toh is declared... no
checking whether htobe16 is declared... no
checking whether htobe32 is declared... no
checking whether htobe64 is declared... no
checking whether bswap_16 is declared... no
checking whether bswap_32 is declared... no
checking whether bswap_64 is declared... no
checking for __builtin_clzl... yes
checking for __builtin_clzll... yes
checking for getmemoryinfo... no
checking for mallopt M_ARENA_MAX... no
checking for posix_fallocate... no
checking for default visibility attribute... yes
checking for dllexport attribute... no
checking for thread_local support... yes
checking for gmtime_r... yes
checking for Linux getrandom syscall... no
checking for getentropy via random.h... yes
checking for sysctl... yes
checking for sysctl KERN_ARND... no
checking for if type char equals int8_t... no
checking for fdatasync... no
checking for F_FULLFSYNC... yes
checking for O_CLOEXEC... yes
checking for __builtin_prefetch... yes
checking for _mm_prefetch... yes
checking for strong getauxval support in the system headers... no
checking for std::system... yes
checking for ::_wsystem... no
checking for Qt5Core >= 5.11.3... yes
checking for Qt5Gui >= 5.11.3... yes
checking for Qt5Widgets >= 5.11.3... yes
checking for Qt5Network >= 5.11.3... yes
checking for Qt5Test >= 5.11.3... yes
checking for Qt5DBus >= 5.11.3... yes
checking for static Qt... no
checking whether -fPIE can be used with this Qt config... yes
checking for moc-qt5... no
checking for moc5... no
checking for moc... /usr/local/Cellar/qt@5/5.15.2_2/bin/moc
checking for uic-qt5... no
checking for uic5... no
checking for uic... /usr/local/Cellar/qt@5/5.15.2_2/bin/uic
checking for rcc-qt5... no
checking for rcc5... no
checking for rcc... /usr/local/Cellar/qt@5/5.15.2_2/bin/rcc
checking for lrelease-qt5... no
checking for lrelease5... no
checking for lrelease... /usr/local/Cellar/qt@5/5.15.2_2/bin/lrelease
checking for lupdate-qt5... no
checking for lupdate5... no
checking for lupdate... /usr/local/Cellar/qt@5/5.15.2_2/bin/lupdate
checking for lconvert-qt5... no
checking for lconvert5... no
checking for lconvert... /usr/local/Cellar/qt@5/5.15.2_2/bin/lconvert
checking whether the linker accepts -framework Foundation -framework AppKit... yes
checking whether to build Bitcoin Core GUI... yes (Qt5)
checking whether main function is needed for fuzz binary... checking whether the linker accepts ... no
yes
checking for __builtin_mul_overflow... yes
checking for Berkeley DB C++ headers... no
configure: WARNING: libdb_cxx headers missing
configure: WARNING: Bitcoin Core requires this library for BDB (legacy) wallet support
configure: WARNING: Passing --without-bdb will suppress this warning
checking for sqlite3 >= 3.7.17... yes
checking whether to build wallet with support for sqlite... yes
checking whether Userspace, Statically Defined Tracing tracepoints are supported... checking for sys/sdt.h... yes
checking for dtrace... /usr/sbin/dtrace
checking for miniupnpc/miniupnpc.h... yes
checking for upnpDiscover in -lminiupnpc... yes
checking for miniupnpc/upnpcommands.h... yes
checking for upnpDiscover in -lminiupnpc... (cached) yes
checking for miniupnpc/upnperrors.h... yes
checking for upnpDiscover in -lminiupnpc... (cached) yes
checking whether miniUPnPc API version is supported... yes
checking for natpmp.h... yes
checking for initnatpmp in -lnatpmp... yes
checking for boostlib >= 1.64.0 (106400)... yes
checking whether Boost.Process can be used... yes
checking for seccomp-bpf (Linux x86-64)... no
checking whether C++ compiler accepts -fvisibility=hidden... yes
checking whether the linker accepts -Wl,--exclude-libs,ALL... no
checking for libevent >= 2.1.8... yes
checking for libevent_pthreads >= 2.1.8... yes
checking if evhttp_connection_get_peer expects const char**... no
checking for libqrencode... yes
checking for libzmq >= 4... yes
checking for libmultiprocess... no
checking whether to build bitcoind... yes
checking whether to build bitcoin-cli... yes
checking whether to build bitcoin-tx... yes
checking whether to build bitcoin-wallet... yes
checking whether to build bitcoin-util... yes
checking whether to build experimental bitcoin-chainstate... no
checking whether to build libraries... yes
checking if ccache should be used... yes
checking whether C compiler accepts -fdebug-prefix-map=A=B... yes
checking whether C preprocessor accepts -fmacro-prefix-map=A=B... yes
checking if wallet should be enabled... yes
checking whether to build with support for UPnP... yes
checking whether to build with UPnP enabled by default... no
checking whether to build with support for NAT-PMP... yes
checking whether to build with NAT-PMP enabled by default... no
checking whether to build GUI with support for D-Bus... yes
checking whether to build GUI with support for QR codes... yes
checking whether to build test_bitcoin-qt... yes
checking whether to build test_bitcoin... yes
checking whether to reduce exports... yes
configure: updating cache config.cache
checking that generated files are newer than configure... done
configure: creating ./config.status
config.status: creating libbitcoinconsensus.pc
config.status: creating Makefile
config.status: creating src/Makefile
config.status: creating doc/man/Makefile
config.status: creating share/setup.nsi
config.status: creating share/qt/Info.plist
config.status: creating test/config.ini
config.status: creating contrib/devtools/split-debug.sh
config.status: creating src/config/bitcoin-config.h
config.status: linking /private/var/folders/xx/vl5f934s6k927z1vyyl9cxth0000gn/T/cirrus-ci-build/contrib/devtools/security-check.py to contrib/devtools/security-check.py
config.status: linking /private/var/folders/xx/vl5f934s6k927z1vyyl9cxth0000gn/T/cirrus-ci-build/contrib/devtools/symbol-check.py to contrib/devtools/symbol-check.py
config.status: linking /private/var/folders/xx/vl5f934s6k927z1vyyl9cxth0000gn/T/cirrus-ci-build/contrib/devtools/test-security-check.py to contrib/devtools/test-security-check.py
config.status: linking /private/var/folders/xx/vl5f934s6k927z1vyyl9cxth0000gn/T/cirrus-ci-build/contrib/devtools/test-symbol-check.py to contrib/devtools/test-symbol-check.py
config.status: linking /private/var/folders/xx/vl5f934s6k927z1vyyl9cxth0000gn/T/cirrus-ci-build/contrib/devtools/iwyu/bitcoin.core.imp to contrib/devtools/iwyu/bitcoin.core.imp
config.status: linking /private/var/folders/xx/vl5f934s6k927z1vyyl9cxth0000gn/T/cirrus-ci-build/contrib/filter-lcov.py to contrib/filter-lcov.py
config.status: linking /private/var/folders/xx/vl5f934s6k927z1vyyl9cxth0000gn/T/cirrus-ci-build/contrib/macdeploy/background.tiff to contrib/macdeploy/background.tiff
config.status: linking /private/var/folders/xx/vl5f934s6k927z1vyyl9cxth0000gn/T/cirrus-ci-build/src/.bear-tidy-config to src/.bear-tidy-config
config.status: linking /private/var/folders/xx/vl5f934s6k927z1vyyl9cxth0000gn/T/cirrus-ci-build/src/.clang-tidy to src/.clang-tidy
config.status: linking /private/var/folders/xx/vl5f934s6k927z1vyyl9cxth0000gn/T/cirrus-ci-build/test/functional/test_runner.py to test/functional/test_runner.py
config.status: linking /private/var/folders/xx/vl5f934s6k927z1vyyl9cxth0000gn/T/cirrus-ci-build/test/fuzz/test_runner.py to test/fuzz/test_runner.py
config.status: linking /private/var/folders/xx/vl5f934s6k927z1vyyl9cxth0000gn/T/cirrus-ci-build/test/util/test_runner.py to test/util/test_runner.py
config.status: linking /private/var/folders/xx/vl5f934s6k927z1vyyl9cxth0000gn/T/cirrus-ci-build/test/util/rpcauth-test.py to test/util/rpcauth-test.py
config.status: executing depfiles commands
config.status: executing libtool commands
=== configuring in src/secp256k1 (/private/var/folders/xx/vl5f934s6k927z1vyyl9cxth0000gn/T/cirrus-ci-build/ci/scratch/build/src/secp256k1)
configure: running /bin/sh /private/var/folders/xx/vl5f934s6k927z1vyyl9cxth0000gn/T/cirrus-ci-build/src/secp256k1/configure --disable-option-checking '--prefix=/private/var/folders/xx/vl5f934s6k927z1vyyl9cxth0000gn/T/cirrus-ci-build/depends/x86_64-apple-darwin'  '--enable-suppress-external-warnings' '--disable-dependency-tracking' '--enable-werror' '--enable-external-signer' '--bindir=/private/var/folders/xx/vl5f934s6k927z1vyyl9cxth0000gn/T/cirrus-ci-build/ci/scratch/out/x86_64-apple-darwin/bin' '--libdir=/private/var/folders/xx/vl5f934s6k927z1vyyl9cxth0000gn/T/cirrus-ci-build/ci/scratch/out/x86_64-apple-darwin/lib' '--with-gui' '--enable-reduce-exports' '--disable-shared' '--with-pic' '--enable-benchmark=no' '--enable-module-recovery' '--enable-module-schnorrsig' --cache-file=../../config.cache --srcdir=/private/var/folders/xx/vl5f934s6k927z1vyyl9cxth0000gn/T/cirrus-ci-build/src/secp256k1
configure: loading cache ../../config.cache
checking build system type... (cached) x86_64-apple-darwin21.4.0
checking host system type... (cached) x86_64-apple-darwin21.4.0
checking for a BSD-compatible install... (cached) /usr/bin/install -c
checking whether build environment is sane... yes
checking for a race-free mkdir -p... /private/var/folders/xx/vl5f934s6k927z1vyyl9cxth0000gn/T/cirrus-ci-build/src/secp256k1/build-aux/install-sh -c -d
checking for gawk... (cached) awk
checking whether make sets $(MAKE)... (cached) yes
checking whether make supports nested variables... (cached) yes
checking whether make supports nested variables... (cached) yes
checking for gcc... (cached) gcc
checking whether the C compiler works... yes
checking for C compiler default output file name... a.out
checking for suffix of executables... 
checking whether we are cross compiling... no
checking for suffix of object files... (cached) o
checking whether the compiler supports GNU C... (cached) yes
checking whether gcc accepts -g... (cached) yes
checking for gcc option to enable C11 features... (cached) none needed
checking whether gcc understands -c and -o together... (cached) yes
checking whether make supports the include directive... yes (GNU style)
checking dependency style of gcc... (cached) none
checking dependency style of gcc... none
checking for ar... (cached) ar
checking the archiver (ar) interface... ar
checking how to print strings... printf
checking for a sed that does not truncate output... (cached) /usr/bin/sed
checking for grep that handles long lines and -e... (cached) /usr/bin/grep
checking for egrep... (cached) /usr/bin/grep -E
checking for fgrep... (cached) /usr/bin/grep -F
checking for ld used by gcc... (cached) /Applications/Xcode-13.3.0.app/Contents/Developer/Toolchains/XcodeDefault.xctoolchain/usr/bin/ld
checking if the linker (/Applications/Xcode-13.3.0.app/Contents/Developer/Toolchains/XcodeDefault.xctoolchain/usr/bin/ld) is GNU ld... (cached) no
checking for BSD- or MS-compatible name lister (nm)... (cached) /usr/bin/nm -B
checking the name lister (/usr/bin/nm -B) interface... (cached) BSD nm
checking whether ln -s works... yes
checking the maximum length of command line arguments... (cached) 786432
checking how to convert x86_64-apple-darwin21.4.0 file names to x86_64-apple-darwin21.4.0 format... (cached) func_convert_file_noop
checking how to convert x86_64-apple-darwin21.4.0 file names to toolchain format... (cached) func_convert_file_noop
checking for /Applications/Xcode-13.3.0.app/Contents/Developer/Toolchains/XcodeDefault.xctoolchain/usr/bin/ld option to reload object files... (cached) -r
checking for objdump... (cached) objdump
checking how to recognize dependent libraries... (cached) pass_all
checking for dlltool... no
checking how to associate runtime and link libraries... (cached) printf %s\n
checking for archiver @FILE support... (cached) no
checking for strip... (cached) strip
checking for ranlib... (cached) ranlib
checking command to parse /usr/bin/nm -B output from gcc object... (cached) ok
checking for sysroot... no
checking for a working dd... (cached) /bin/dd
checking how to truncate binary pipes... (cached) /bin/dd bs=4096 count=1
checking for mt... no
checking if : is a manifest tool... (cached) no
checking for dsymutil... (cached) dsymutil
checking for nmedit... (cached) nmedit
checking for lipo... (cached) lipo
checking for otool... (cached) otool
checking for otool64... no
checking for -single_module linker flag... (cached) yes
checking for -exported_symbols_list linker flag... (cached) yes
checking for -force_load linker flag... (cached) yes
checking for stdio.h... (cached) yes
checking for stdlib.h... (cached) yes
checking for string.h... (cached) yes
checking for inttypes.h... (cached) yes
checking for stdint.h... (cached) yes
checking for strings.h... (cached) yes
checking for sys/stat.h... (cached) yes
checking for sys/types.h... (cached) yes
checking for unistd.h... (cached) yes
checking for dlfcn.h... (cached) yes
checking for objdir... (cached) .libs
checking if gcc supports -fno-rtti -fno-exceptions... (cached) yes
checking for gcc option to produce PIC... (cached) -fno-common -DPIC
checking if gcc PIC flag -fno-common -DPIC works... (cached) yes
checking if gcc static flag -static works... (cached) no
checking if gcc supports -c -o file.o... (cached) yes
checking if gcc supports -c -o file.o... (cached) yes
checking whether the gcc linker (/Applications/Xcode-13.3.0.app/Contents/Developer/Toolchains/XcodeDefault.xctoolchain/usr/bin/ld) supports shared libraries... yes
checking dynamic linker characteristics... darwin21.4.0 dyld
checking how to hardcode library paths into programs... immediate
checking whether stripping libraries is possible... yes
checking if libtool supports shared libraries... yes
checking whether to build shared libraries... no
checking whether to build static libraries... yes
checking for brew... (cached) brew
checking if gcc supports -Werror=unknown-warning-option... yes
checking if gcc supports -std=c89 -pedantic -Wno-long-long -Wnested-externs -Wshadow -Wstrict-prototypes -Wundef... yes
checking if gcc supports -Wno-overlength-strings... yes
checking if gcc supports -Wall... yes
checking if gcc supports -Wno-unused-function... yes
checking if gcc supports -Wextra... yes
checking if gcc supports -Wcast-align... yes
checking if gcc supports -Wcast-align=strict... no
checking if gcc supports -Wconditional-uninitialized... yes
checking if gcc supports -fvisibility=hidden... yes
checking for x86_64 assembly availability... yes
configure: updating cache ../../config.cache
checking that generated files are newer than configure... done
configure: creating ./config.status
config.status: creating Makefile
config.status: creating libsecp256k1.pc
config.status: creating src/libsecp256k1-config.h
config.status: executing depfiles commands
config.status: executing libtool commands

Build Options:
  with external callbacks = no
  with benchmarks         = no
  with tests              = yes
  with coverage           = no
  with examples           = no
  module ecdh             = no
  module recovery         = yes
  module extrakeys        = yes
  module schnorrsig       = yes

  asm                     = x86_64
  ecmult window size      = 15
  ecmult gen prec. bits   = 4

  valgrind                = no
  CC                      = gcc
  CPPFLAGS                =  
  SECP_CFLAGS             = -O2  -std=c89 -pedantic -Wno-long-long -Wnested-externs -Wshadow -Wstrict-prototypes -Wundef -Wno-overlength-strings -Wall -Wno-unused-function -Wextra -Wcast-align -Wconditional-uninitialized -fvisibility=hidden 
  CFLAGS                  = -g -O2
  LDFLAGS                 = 

Options used to compile and link:
  external signer = yes
  multiprocess    = no
  with experimental syscall sandbox support = no
  with libs       = yes
  with wallet     = yes
    with sqlite   = yes
    with bdb      = no
  with gui / qt   = yes
    with qr       = yes
  with zmq        = yes
  with test       = yes
  with fuzz binary = yes
  with bench      = yes
  with upnp       = yes
  with natpmp     = yes
  use asm         = yes
  USDT tracing    = yes
  sanitizers      = 
  debug enabled   = no
  gprof enabled   = no
  werror          = yes
  LTO             = no

  target os       = darwin21.4.0
  build os        = darwin21.4.0

  CC              = /usr/local/bin/ccache gcc
  CFLAGS          = -pthread -g -O2
  CPPFLAGS        =  -fmacro-prefix-map=$(abs_top_srcdir)=.  -U_FORTIFY_SOURCE -D_FORTIFY_SOURCE=2  -DHAVE_BUILD_INFO -DMAC_OSX -DOBJC_OLD_DISPATCH_PROTOTYPES=0 -DPROVIDE_FUZZ_MAIN_FUNCTION 
  CXX             = /usr/local/bin/ccache g++ -std=c++17
  CXXFLAGS        =   -fdebug-prefix-map=$(abs_top_srcdir)=.  -Wstack-protector -fstack-protector-all -fcf-protection=full  -Wall -Wextra -Wgnu -Wformat -Wformat-security -Wvla -Wshadow-field -Wthread-safety -Wrange-loop-analysis -Wredundant-decls -Wunused-member-function -Wdate-time -Wconditional-uninitialized -Woverloaded-virtual -Wsuggest-override -Wunreachable-code-loop-increment -Wimplicit-fallthrough -Wdocumentation  -Wno-unused-parameter -Wno-self-assign -Werror   -fvisibility=hidden -g -O2
  LDFLAGS         =  -lpthread  -Wl,-bind_at_load   -Wl,-headerpad_max_install_names -Wl,-dead_strip -Wl,-dead_strip_dylibs 
  ARFLAGS         = cr

/Applications/Xcode-13.3.0.app/Contents/Developer/usr/bin/make  distdir-am
if test -d "bitcoin-x86_64-apple-darwin"; then find "bitcoin-x86_64-apple-darwin" -type d ! -perm -200 -exec chmod u+w {} ';' && rm -rf "bitcoin-x86_64-apple-darwin" || { sleep 5 && rm -rf "bitcoin-x86_64-apple-darwin"; }; else :; fi
test -d "bitcoin-x86_64-apple-darwin" || mkdir "bitcoin-x86_64-apple-darwin"
 (cd src && /Applications/Xcode-13.3.0.app/Contents/Developer/usr/bin/make  top_distdir=../bitcoin-x86_64-apple-darwin distdir=../bitcoin-x86_64-apple-darwin/src \
     am__remove_distdir=: am__skip_length_check=: am__skip_mode_fix=: distdir)
  GEN      util/probes.h
dtrace: failed to open header file 'util/probes.h': No such file or directory
make[2]: *** [util/probes.h] Error 1
make[1]: *** [distdir-am] Error 1
make: *** [distdir] Error 2

Exit status: 2                                                                                                                                                                