./ci/test_run_all.sh
Setting specific values in env
Fallback to default values in env (if not yet set)
Collecting zmq
  Downloading zmq-0.0.0.zip (2.2 kB)
  Preparing metadata (setup.py): started
  Preparing metadata (setup.py): finished with status 'done'
Collecting pyzmq
  Downloading pyzmq-23.2.0-cp39-cp39-macosx_10_15_universal2.whl (1.9 MB)
     ━━━━━━━━━━━━━━━━━━━━━━━━━━━━━━━━━━━━━━━━ 1.9/1.9 MB 18.7 MB/s eta 0:00:00
Building wheels for collected packages: zmq
  Building wheel for zmq (setup.py): started
  Building wheel for zmq (setup.py): finished with status 'done'
  Created wheel for zmq: filename=zmq-0.0.0-py3-none-any.whl size=1264 sha256=a7d3f39cf4151bf30a26e0da1cfacf76e5bafbc3b2072aa33c529bcf08d5e312
  Stored in directory: /Users/admin/Library/Caches/pip/wheels/5b/3b/c0/3521e7134b070e656ac26fea19d2110a88e351f0cb9b72e315
Successfully built zmq
Installing collected packages: pyzmq, zmq
Successfully installed pyzmq-23.2.0 zmq-0.0.0
WARNING: There was an error checking the latest version of pip.
BASE_OUTDIR=/private/var/folders/wh/z5_y2cv53sg24tzvtw_f_y1m0000gn/T/cirrus-ci-build/ci/scratch/out/x86_64-apple-darwin16
UBSAN_OPTIONS=suppressions=/private/var/folders/wh/z5_y2cv53sg24tzvtw_f_y1m0000gn/T/cirrus-ci-build/test/sanitizer_suppressions/ubsan:print_stacktrace=1:halt_on_error=1:report_error_type=1
CCACHE_SIZE=300M
BASE_ROOT_DIR=/private/var/folders/wh/z5_y2cv53sg24tzvtw_f_y1m0000gn/T/cirrus-ci-build
TSAN_OPTIONS=suppressions=/private/var/folders/wh/z5_y2cv53sg24tzvtw_f_y1m0000gn/T/cirrus-ci-build/test/sanitizer_suppressions/tsan:halt_on_error=1:log_path=/private/var/folders/wh/z5_y2cv53sg24tzvtw_f_y1m0000gn/T/cirrus-ci-build/ci/scratch/sanitizer-output/tsan
LC_ALL=C.UTF-8
BASE_SCRATCH_DIR=/private/var/folders/wh/z5_y2cv53sg24tzvtw_f_y1m0000gn/T/cirrus-ci-build/ci/scratch
ASAN_OPTIONS=detect_stack_use_after_return=1:check_initialization_order=1:strict_init_order=1
CCACHE_DIR=/tmp/ccache_dir
LSAN_OPTIONS=suppressions=/private/var/folders/wh/z5_y2cv53sg24tzvtw_f_y1m0000gn/T/cirrus-ci-build/test/sanitizer_suppressions/lsan
CCACHE_COMPRESS=1
BITCOIN_CONFIG=--with-gui --enable-reduce-exports --with-boost-process
BOOST_TEST_RANDOM=1
PREVIOUS_RELEASES_DIR=/private/var/folders/wh/z5_y2cv53sg24tzvtw_f_y1m0000gn/T/cirrus-ci-build/releases/x86_64-apple-darwin16
BASE_BUILD_DIR=/private/var/folders/wh/z5_y2cv53sg24tzvtw_f_y1m0000gn/T/cirrus-ci-build/ci/scratch/build
CCACHE_TEMPDIR=/tmp/.ccache-temp
DEBIAN_FRONTEND=noninteractive
Running on host system without docker wrapper
PhysMem: 11G used (1557M wired), 13G unused.
Number of CPUs: 12
Free disk space:
Filesystem      Size   Used  Avail Capacity iused      ifree %iused  Mounted on
/dev/disk1s5   256Gi   10Gi  186Gi     6%  488248 2680507192    0%   /
devfs          182Ki  182Ki    0Bi   100%     628          0  100%   /dev
/dev/disk1s1   256Gi   59Gi  186Gi    24%  910882 2680084558    0%   /System/Volumes/Data
/dev/disk1s4   256Gi  1.0Mi  186Gi     1%       1 2680995439    0%   /private/var/vm
map auto_home    0Bi    0Bi    0Bi   100%       0          0  100%   /System/Volumes/Data/home
Cloning into '/private/var/folders/wh/z5_y2cv53sg24tzvtw_f_y1m0000gn/T/cirrus-ci-build/ci/scratch/qa-assets'...
Updating files:   1% (4440/336815)Updating files:   2% (6737/336815)Updating files:   2% (7710/336815)Updating files:   3% (10105/336815)Updating files:   3% (11518/336815)Updating files:   4% (13473/336815)Updating files:   4% (15311/336815)Updating files:   5% (16841/336815)Updating files:   5% (19368/336815)Updating files:   6% (20209/336815)Updating files:   7% (23578/336815)Updating files:   7% (24401/336815)Updating files:   8% (26946/336815)Updating files:   8% (27386/336815)Updating files:   9% (30314/336815)Updating files:   9% (30841/336815)Updating files:  10% (33682/336815)Updating files:  10% (33842/336815)Updating files:  10% (36801/336815)Updating files:  11% (37050/336815)Updating files:  11% (39797/336815)Updating files:  12% (40418/336815)Updating files:  12% (43407/336815)Updating files:  13% (43786/336815)Updating files:  13% (44921/336815)Updating files:  14% (47155/336815)Updating files:  14% (48304/336815)Updating files:  15% (50523/336815)Updating files:  15% (52020/336815)Updating files:  16% (53891/336815)Updating files:  16% (54115/336815)Updating files:  16% (56977/336815)Updating files:  17% (57259/336815)Updating files:  17% (60143/336815)Updating files:  18% (60627/336815)Updating files:  18% (63886/336815)Updating files:  19% (63995/336815)Updating files:  20% (67363/336815)Updating files:  20% (69030/336815)Updating files:  21% (70732/336815)Updating files:  21% (73057/336815)Updating files:  22% (74100/336815)Updating files:  22% (77414/336815)Updating files:  23% (77468/336815)Updating files:  24% (80836/336815)Updating files:  24% (80932/336815)Updating files:  25% (84204/336815)Updating files:  25% (85166/336815)Updating files:  26% (87572/336815)Updating files:  26% (88919/336815)Updating files:  27% (90941/336815)Updating files:  27% (93137/336815)Updating files:  28% (94309/336815)Updating files:  28% (97171/336815)Updating files:  29% (97677/336815)Updating files:  29% (100678/336815)Updating files:  30% (101045/336815)Updating files:  30% (103970/336815)Updating files:  30% (104177/336815)Updating files:  31% (104413/336815)Updating files:  31% (106476/336815)Updating files:  32% (107781/336815)Updating files:  32% (109991/336815)Updating files:  33% (111149/336815)Updating files:  33% (112381/336815)Updating files:  34% (114518/336815)Updating files:  34% (115946/336815)Updating files:  35% (117886/336815)Updating files:  35% (118708/336815)Updating files:  35% (121224/336815)Updating files:  36% (121254/336815)Updating files:  36% (123660/336815)Updating files:  37% (124622/336815)Updating files:  37% (127460/336815)Updating files:  38% (127990/336815)Updating files:  39% (131358/336815)Updating files:  39% (131755/336815)Updating files:  40% (134726/336815)Updating files:  40% (135569/336815)Updating files:  41% (138095/336815)Updating files:  41% (138928/336815)Updating files:  42% (141463/336815)Updating files:  42% (142091/336815)Updating files:  43% (144831/336815)Updating files:  43% (145163/336815)Updating files:  44% (148199/336815)Updating files:  44% (148289/336815)Updating files:  44% (151292/336815)Updating files:  45% (151567/336815)Updating files:  46% (154935/336815)Updating files:  46% (154951/336815)Updating files:  46% (158253/336815)Updating files:  47% (158304/336815)Updating files:  47% (161530/336815)Updating files:  48% (161672/336815)Updating files:  48% (164957/336815)Updating files:  49% (165040/336815)Updating files:  49% (168046/336815)Updating files:  50% (168408/336815)Updating files:  50% (171512/336815)Updating files:  51% (171776/336815)Updating files:  51% (174191/336815)Updating files:  52% (175144/336815)Updating files:  52% (177570/336815)Updating files:  53% (178512/336815)Updating files:  53% (180801/336815)Updating files:  54% (181881/336815)Updating files:  54% (184329/336815)Updating files:  55% (185249/336815)Updating files:  55% (186418/336815)Updating files:  56% (188617/336815)Updating files:  56% (189399/336815)Updating files:  57% (191985/336815)Updating files:  57% (192676/336815)Updating files:  57% (193042/336815)Updating files:  58% (195353/336815)Updating files:  58% (195456/336815)Updating files:  59% (198721/336815)Updating files:  59% (198878/336815)Updating files:  59% (202059/336815)Updating files:  60% (202089/336815)Updating files:  61% (205458/336815)Updating files:  61% (206245/336815)Updating files:  62% (208826/336815)Updating files:  62% (209770/336815)Updating files:  63% (212194/336815)Updating files:  63% (213110/336815)Updating files:  64% (215562/336815)Updating files:  64% (215601/336815)Updating files:  64% (218251/336815)Updating files:  65% (218930/336815)Updating files:  65% (221706/336815)Updating files:  66% (222298/336815)Updating files:  67% (225667/336815)Updating files:  67% (227208/336815)Updating files:  68% (229035/336815)Updating files:  68% (231859/336815)Updating files:  69% (232403/336815)Updating files:  69% (235129/336815)Updating files:  70% (235771/336815)Updating files:  70% (238623/336815)Updating files:  71% (239139/336815)Updating files:  72% (242507/336815)Updating files:  72% (243176/336815)Updating files:  73% (245875/336815)Updating files:  73% (248275/336815)Updating files:  74% (249244/336815)Updating files:  75% (252612/336815)Updating files:  75% (253625/336815)Updating files:  76% (255980/336815)Updating files:  76% (256559/336815)Updating files:  77% (259348/336815)Updating files:  77% (260671/336815)Updating files:  78% (262716/336815)Updating files:  78% (264691/336815)Updating files:  79% (266084/336815)Updating files:  79% (269032/336815)Updating files:  80% (269452/336815)Updating files:  81% (272821/336815)Updating files:  81% (273262/336815)Updating files:  81% (275815/336815)Updating files:  82% (276189/336815)Updating files:  82% (277945/336815)Updating files:  83% (279557/336815)Updating files:  83% (281370/336815)Updating files:  84% (282925/336815)Updating files:  84% (285320/336815)Updating files:  85% (286293/336815)Updating files:  85% (289012/336815)Updating files:  86% (289661/336815)Updating files:  87% (293030/336815)Updating files:  87% (293534/336815)Updating files:  87% (293694/336815)Updating files:  87% (295811/336815)Updating files:  88% (296398/336815)Updating files:  88% (299565/336815)Updating files:  89% (299766/336815)Updating files:  89% (302362/336815)Updating files:  90% (303134/336815)Updating files:  91% (306502/336815)Updating files:  91% (307637/336815)Updating files:  92% (309870/336815)Updating files:  92% (311581/336815)Updating files:  93% (313238/336815)Updating files:  93% (314870/336815)Updating files:  94% (316607/336815)Updating files:  94% (318609/336815)Updating files:  95% (319975/336815)Updating files:  95% (323028/336815)Updating files:  96% (323343/336815)Updating files:  97% (326711/336815)Updating files:  97% (327340/336815)Updating files:  98% (330079/336815)Updating files:  98% (331291/336815)Updating files:  99% (333447/336815)Updating files:  99% (334704/336815)Updating files: 100% (336815/336815)Updating files: 100% (336815/336815), done.
Statistics zeroed
Set cache size limit to 300.0 MB

travis_fold:start:autogen
glibtoolize: putting auxiliary files in AC_CONFIG_AUX_DIR, 'build-aux'.
glibtoolize: copying file 'build-aux/ltmain.sh'
glibtoolize: putting macros in AC_CONFIG_MACRO_DIRS, 'build-aux/m4'.
glibtoolize: copying file 'build-aux/m4/libtool.m4'
glibtoolize: copying file 'build-aux/m4/ltoptions.m4'
glibtoolize: copying file 'build-aux/m4/ltsugar.m4'
glibtoolize: copying file 'build-aux/m4/ltversion.m4'
glibtoolize: copying file 'build-aux/m4/lt~obsolete.m4'
configure.ac:45: installing 'build-aux/compile'
configure.ac:45: installing 'build-aux/config.guess'
configure.ac:45: installing 'build-aux/config.sub'
configure.ac:28: installing 'build-aux/install-sh'
configure.ac:28: installing 'build-aux/missing'
Makefile.am: installing 'build-aux/depcomp'
parallel-tests: installing 'build-aux/test-driver'
glibtoolize: putting auxiliary files in AC_CONFIG_AUX_DIR, 'build-aux'.
glibtoolize: copying file 'build-aux/ltmain.sh'
glibtoolize: putting macros in AC_CONFIG_MACRO_DIRS, 'build-aux/m4'.
glibtoolize: copying file 'build-aux/m4/libtool.m4'
glibtoolize: copying file 'build-aux/m4/ltoptions.m4'
glibtoolize: copying file 'build-aux/m4/ltsugar.m4'
glibtoolize: copying file 'build-aux/m4/ltversion.m4'
glibtoolize: copying file 'build-aux/m4/lt~obsolete.m4'
configure.ac:29: warning: The macro `AC_PROG_CC_C89' is obsolete.
configure.ac:29: You should run autoupdate.
./lib/autoconf/c.m4:1652: AC_PROG_CC_C89 is expanded from...
configure.ac:29: the top level
configure.ac:15: installing 'build-aux/compile'
configure.ac:5: installing 'build-aux/config.guess'
configure.ac:5: installing 'build-aux/config.sub'
configure.ac:9: installing 'build-aux/install-sh'
configure.ac:9: installing 'build-aux/missing'
Makefile.am: installing 'build-aux/depcomp'
parallel-tests: installing 'build-aux/test-driver'
glibtoolize: putting auxiliary files in AC_CONFIG_AUX_DIR, 'build-aux'.
glibtoolize: copying file 'build-aux/ltmain.sh'
glibtoolize: putting macros in AC_CONFIG_MACRO_DIRS, 'build-aux/m4'.
glibtoolize: copying file 'build-aux/m4/libtool.m4'
glibtoolize: copying file 'build-aux/m4/ltoptions.m4'
glibtoolize: copying file 'build-aux/m4/ltsugar.m4'
glibtoolize: copying file 'build-aux/m4/ltversion.m4'
glibtoolize: copying file 'build-aux/m4/lt~obsolete.m4'
configure.ac:758: warning: $as_echo is obsolete; use AS_ECHO(["message"]) instead
lib/m4sugar/m4sh.m4:692: _AS_IF_ELSE is expanded from...
lib/m4sugar/m4sh.m4:699: AS_IF is expanded from...
./lib/autoconf/general.m4:2249: AC_CACHE_VAL is expanded from...
./lib/autoconf/general.m4:2270: AC_CACHE_CHECK is expanded from...
build-aux/m4/ax_pthread.m4:89: AX_PTHREAD is expanded from...
configure.ac:758: the top level
configure.ac:101: installing 'build-aux/compile'
configure.ac:35: installing 'build-aux/config.guess'
configure.ac:35: installing 'build-aux/config.sub'
configure.ac:45: installing 'build-aux/install-sh'
configure.ac:45: installing 'build-aux/missing'
src/Makefile.am: installing 'build-aux/depcomp'
parallel-tests: installing 'build-aux/test-driver'
travis_fold:end:autogen

travis_fold:start:configure
configure: creating cache config.cache
checking for pkg-config... /usr/local/bin/pkg-config
checking pkg-config is at least version 0.9.0... yes
checking build system type... x86_64-apple-darwin19.6.0
checking host system type... x86_64-apple-darwin19.6.0
checking for a BSD-compatible install... /usr/bin/install -c
checking whether build environment is sane... yes
checking for a race-free mkdir -p... /private/var/folders/wh/z5_y2cv53sg24tzvtw_f_y1m0000gn/T/cirrus-ci-build/build-aux/install-sh -c -d
checking for gawk... no
checking for mawk... no
checking for nawk... no
checking for awk... awk
checking whether make sets $(MAKE)... yes
checking whether make supports nested variables... yes
checking whether to enable maintainer-specific portions of Makefiles... yes
checking whether make supports nested variables... (cached) yes
checking for g++... g++
checking whether the C++ compiler works... yes
checking for C++ compiler default output file name... a.out
checking for suffix of executables... 
checking whether we are cross compiling... no
checking for suffix of object files... o
checking whether the compiler supports GNU C++... yes
checking whether g++ accepts -g... yes
checking for g++ option to enable C++11 features... none needed
checking whether make supports the include directive... yes (GNU style)
checking dependency style of g++... none
checking whether g++ supports C++11 features with -std=c++11... yes
checking whether std::atomic can be used without link library... yes
checking whether the compiler supports GNU Objective C++... yes
checking whether g++ -std=c++11 accepts -g... yes
checking dependency style of g++ -std=c++11... none
checking how to print strings... printf
checking for gcc... gcc
checking whether the compiler supports GNU C... yes
checking whether gcc accepts -g... yes
checking for gcc option to enable C11 features... none needed
checking whether gcc understands -c and -o together... yes
checking dependency style of gcc... none
checking for a sed that does not truncate output... /usr/bin/sed
checking for grep that handles long lines and -e... /usr/bin/grep
checking for egrep... /usr/bin/grep -E
checking for fgrep... /usr/bin/grep -F
checking for ld used by gcc... /Applications/Xcode-12.1.0.app/Contents/Developer/Toolchains/XcodeDefault.xctoolchain/usr/bin/ld
checking if the linker (/Applications/Xcode-12.1.0.app/Contents/Developer/Toolchains/XcodeDefault.xctoolchain/usr/bin/ld) is GNU ld... no
checking for BSD- or MS-compatible name lister (nm)... /usr/bin/nm -B
checking the name lister (/usr/bin/nm -B) interface... BSD nm
checking whether ln -s works... yes
checking the maximum length of command line arguments... 196608
checking how to convert x86_64-apple-darwin19.6.0 file names to x86_64-apple-darwin19.6.0 format... func_convert_file_noop
checking how to convert x86_64-apple-darwin19.6.0 file names to toolchain format... func_convert_file_noop
checking for /Applications/Xcode-12.1.0.app/Contents/Developer/Toolchains/XcodeDefault.xctoolchain/usr/bin/ld option to reload object files... -r
checking for file... file
checking for objdump... objdump
checking how to recognize dependent libraries... pass_all
checking for dlltool... no
checking how to associate runtime and link libraries... printf %s\n
checking for ar... ar
checking for archiver @FILE support... no
checking for strip... strip
checking for ranlib... ranlib
checking command to parse /usr/bin/nm -B output from gcc object... ok
checking for sysroot... no
checking for a working dd... /bin/dd
checking how to truncate binary pipes... /bin/dd bs=4096 count=1
checking for mt... no
checking if : is a manifest tool... no
checking for dsymutil... dsymutil
checking for nmedit... nmedit
checking for lipo... lipo
checking for otool... otool
checking for otool64... no
checking for -single_module linker flag... yes
checking for -exported_symbols_list linker flag... yes
checking for -force_load linker flag... yes
checking for stdio.h... yes
checking for stdlib.h... yes
checking for string.h... yes
checking for inttypes.h... yes
checking for stdint.h... yes
checking for strings.h... yes
checking for sys/stat.h... yes
checking for sys/types.h... yes
checking for unistd.h... yes
checking for dlfcn.h... yes
checking for objdir... .libs
checking if gcc supports -fno-rtti -fno-exceptions... yes
checking for gcc option to produce PIC... -fno-common -DPIC
checking if gcc PIC flag -fno-common -DPIC works... yes
checking if gcc static flag -static works... no
checking if gcc supports -c -o file.o... yes
checking if gcc supports -c -o file.o... (cached) yes
checking whether the gcc linker (/Applications/Xcode-12.1.0.app/Contents/Developer/Toolchains/XcodeDefault.xctoolchain/usr/bin/ld) supports shared libraries... yes
checking dynamic linker characteristics... darwin19.6.0 dyld
checking how to hardcode library paths into programs... immediate
checking whether stripping libraries is possible... yes
checking if libtool supports shared libraries... yes
checking whether to build shared libraries... yes
checking whether to build static libraries... yes
checking how to run the C++ preprocessor... g++ -std=c++11 -E
checking for ld used by g++ -std=c++11... /Applications/Xcode-12.1.0.app/Contents/Developer/Toolchains/XcodeDefault.xctoolchain/usr/bin/ld
checking if the linker (/Applications/Xcode-12.1.0.app/Contents/Developer/Toolchains/XcodeDefault.xctoolchain/usr/bin/ld) is GNU ld... no
checking whether the g++ -std=c++11 linker (/Applications/Xcode-12.1.0.app/Contents/Developer/Toolchains/XcodeDefault.xctoolchain/usr/bin/ld) supports shared libraries... yes
checking for g++ -std=c++11 option to produce PIC... -fno-common -DPIC
checking if g++ -std=c++11 PIC flag -fno-common -DPIC works... yes
checking if g++ -std=c++11 static flag -static works... no
checking if g++ -std=c++11 supports -c -o file.o... yes
checking if g++ -std=c++11 supports -c -o file.o... (cached) yes
checking whether the g++ -std=c++11 linker (/Applications/Xcode-12.1.0.app/Contents/Developer/Toolchains/XcodeDefault.xctoolchain/usr/bin/ld) supports shared libraries... yes
checking dynamic linker characteristics... darwin19.6.0 dyld
checking how to hardcode library paths into programs... immediate
checking for ar... /usr/bin/ar
checking for ranlib... /usr/bin/ranlib
checking for strip... /usr/bin/strip
checking for gcov... /usr/bin/gcov
checking for llvm-cov... no
checking for lcov... no
checking for python3.5... no
checking for python3.6... no
checking for python3.7... no
checking for python3.8... no
checking for python3... /usr/local/bin/python3
checking for genhtml... no
checking for git... /usr/bin/git
checking for ccache... /usr/local/bin/ccache
checking for xgettext... /usr/local/bin/xgettext
checking for hexdump... /usr/bin/hexdump
checking for readelf... no
checking for c++filt... /usr/bin/c++filt
checking for objcopy... no
checking for doxygen... no
checking whether C++ compiler accepts -Werror... yes
checking whether the linker accepts -Wl,-fatal_warnings... yes
checking whether C++ compiler accepts -Werror=gnu... yes
checking whether C++ compiler accepts -Werror=vla... yes
checking whether C++ compiler accepts -Werror=shadow-field... yes
checking whether C++ compiler accepts -Werror=switch... yes
checking whether C++ compiler accepts -Werror=thread-safety... yes
checking whether C++ compiler accepts -Werror=range-loop-analysis... yes
checking whether C++ compiler accepts -Werror=unused-variable... yes
checking whether C++ compiler accepts -Werror=date-time... yes
checking whether C++ compiler accepts -Werror=return-type... yes
checking whether C++ compiler accepts -Werror=conditional-uninitialized... yes
checking whether C++ compiler accepts -Werror=sign-compare... yes
checking whether C++ compiler accepts -Werror=suggest-override... no
checking whether C++ compiler accepts -Werror=unreachable-code-loop-increment... yes
checking whether C++ compiler accepts -Wall... yes
checking whether C++ compiler accepts -Wextra... yes
checking whether C++ compiler accepts -Wgnu... yes
checking whether C++ compiler accepts -Wformat -Wformat-security... yes
checking whether C++ compiler accepts -Wvla... yes
checking whether C++ compiler accepts -Wshadow-field... yes
checking whether C++ compiler accepts -Wswitch... yes
checking whether C++ compiler accepts -Wthread-safety... yes
checking whether C++ compiler accepts -Wrange-loop-analysis... yes
checking whether C++ compiler accepts -Wredundant-decls... yes
checking whether C++ compiler accepts -Wunused-variable... yes
checking whether C++ compiler accepts -Wdate-time... yes
checking whether C++ compiler accepts -Wconditional-uninitialized... yes
checking whether C++ compiler accepts -Wsign-compare... yes
checking whether C++ compiler accepts -Wduplicated-branches... no
checking whether C++ compiler accepts -Wduplicated-cond... no
checking whether C++ compiler accepts -Wlogical-op... no
checking whether C++ compiler accepts -Woverloaded-virtual... yes
checking whether C++ compiler accepts -Wsuggest-override... no
checking whether C++ compiler accepts -Wunreachable-code-loop-increment... yes
checking whether C++ compiler accepts -Wunused-parameter... yes
checking whether C++ compiler accepts -Wself-assign... yes
checking whether C++ compiler accepts -Wunused-local-typedef... yes
checking whether C++ compiler accepts -Wdeprecated-register... yes
checking whether C++ compiler accepts -Wimplicit-fallthrough... yes
checking whether C++ compiler accepts -Wdeprecated-copy... no
checking whether C++ compiler accepts -fno-extended-identifiers... no
checking whether C++ compiler accepts -msse4.2... yes
checking whether C++ compiler accepts -msse4.1... yes
checking whether C++ compiler accepts -mavx -mavx2... yes
checking whether C++ compiler accepts -msse4 -msha... yes
checking for SSE4.2 intrinsics... yes
checking for SSE4.1 intrinsics... yes
checking for AVX2 intrinsics... yes
checking for SHA-NI intrinsics... yes
checking whether C++ compiler accepts -march=armv8-a+crc+crypto... no
checking for AArch64 CRC32 intrinsics... no
checking for rsvg-convert... no
checking for rsvg... no
checking for brew... brew
Warning: Use berkeley-db@4 instead of deprecated berkeley-db4
checking whether the linker accepts -Wl,-headerpad_max_install_names... yes
checking whether byte ordering is bigendian... no
checking how to run the C preprocessor... gcc -E
checking whether gcc is Clang... yes
checking whether pthreads work with "-pthread" and "-lpthread"... yes
checking whether Clang needs flag to prevent "argument unused" warning when linking with -pthread... no
checking for joinable pthread attribute... PTHREAD_CREATE_JOINABLE
checking whether more special flags are required for pthreads... no
checking for PTHREAD_PRIO_INHERIT... yes
checking for special C compiler options needed for large files... no
checking for _FILE_OFFSET_BITS value needed for large files... no
checking for g++ -std=c++11 options needed to detect all undeclared functions... none needed
checking whether strerror_r is declared... yes
checking whether strerror_r returns char *... no
checking for __attribute__((visibility))... no
checking for __attribute__((dllexport))... no
checking for __attribute__((dllimport))... no
checking for library containing clock_gettime... none required
checking whether C++ compiler accepts -fPIC... yes
checking whether C++ compiler accepts -fstack-reuse=none... no
checking whether C++ compiler accepts -Wstack-protector... yes
checking whether C++ compiler accepts -fstack-protector-all... yes
checking whether C++ compiler accepts -fcf-protection=full... yes
checking whether C++ compiler accepts -fstack-clash-protection... no
checking whether C++ preprocessor accepts -D_FORTIFY_SOURCE=2... yes
checking whether C++ preprocessor accepts -U_FORTIFY_SOURCE... yes
checking whether the linker accepts -Wl,--dynamicbase... no
checking whether the linker accepts -Wl,--nxcompat... no
checking whether the linker accepts -Wl,--high-entropy-va... no
checking whether the linker accepts -Wl,-z,relro... no
checking whether the linker accepts -Wl,-z,now... no
checking whether the linker accepts -Wl,-z,separate-code... no
checking whether the linker accepts -fPIE -pie... no
checking whether the linker accepts -Wl,-dead_strip... yes
checking whether the linker accepts -Wl,-dead_strip_dylibs... yes
checking whether the linker accepts -Wl,-bind_at_load... yes
checking for endian.h... no
checking for sys/endian.h... no
checking for byteswap.h... no
checking for stdio.h... (cached) yes
checking for stdlib.h... (cached) yes
checking for unistd.h... (cached) yes
checking for strings.h... (cached) yes
checking for sys/types.h... (cached) yes
checking for sys/stat.h... (cached) yes
checking for sys/select.h... yes
checking for sys/prctl.h... no
checking for sys/sysctl.h... yes
checking for vm/vm_param.h... no
checking for sys/vmmeter.h... yes
checking for sys/resources.h... no
checking whether getifaddrs is declared... yes
checking whether ifaddrs funcs can be used without link library... yes
checking whether freeifaddrs is declared... yes
checking whether ifaddrs funcs can be used without link library... yes
checking whether strnlen is declared... yes
checking whether daemon is declared... yes
checking whether le16toh is declared... no
checking whether le32toh is declared... no
checking whether le64toh is declared... no
checking whether htole16 is declared... no
checking whether htole32 is declared... no
checking whether htole64 is declared... no
checking whether be16toh is declared... no
checking whether be32toh is declared... no
checking whether be64toh is declared... no
checking whether htobe16 is declared... no
checking whether htobe32 is declared... no
checking whether htobe64 is declared... no
checking whether bswap_16 is declared... no
checking whether bswap_32 is declared... no
checking whether bswap_64 is declared... no
checking for __builtin_clzl... yes
checking for __builtin_clzll... yes
checking for getmemoryinfo... no
checking for mallopt M_ARENA_MAX... no
checking for posix_fallocate... no
checking for visibility attribute... yes
checking for thread_local support... yes
checking for gmtime_r... yes
checking for Linux getrandom syscall... no
checking for getentropy... no
checking for getentropy via random.h... yes
checking for sysctl... yes
checking for sysctl KERN_ARND... no
checking for if type char equals int8_t... no
checking for fdatasync... no
checking for F_FULLFSYNC... yes
checking for O_CLOEXEC... yes
checking for __builtin_prefetch... yes
checking for _mm_prefetch... yes
checking for strong getauxval support in the system headers... no
checking for weak getauxval support in the compiler... yes
checking whether C++ compiler accepts -fvisibility=hidden... yes
checking for std::system... yes
checking for ::_wsystem... no
checking for Qt5Core >= 5.5.1... yes
checking for Qt5Gui >= 5.5.1... yes
checking for Qt5Widgets >= 5.5.1... yes
checking for Qt5Network >= 5.5.1... yes
checking for Qt5Test >= 5.5.1... yes
checking for Qt5DBus >= 5.5.1... yes
checking for static Qt... no
checking whether -fPIE can be used with this Qt config... yes
checking for moc-qt5... no
checking for moc5... no
checking for moc... /usr/local/Cellar/qt@5/5.15.5/bin/moc
checking for uic-qt5... no
checking for uic5... no
checking for uic... /usr/local/Cellar/qt@5/5.15.5/bin/uic
checking for rcc-qt5... no
checking for rcc5... no
checking for rcc... /usr/local/Cellar/qt@5/5.15.5/bin/rcc
checking for lrelease-qt5... no
checking for lrelease5... no
checking for lrelease... /usr/local/Cellar/qt@5/5.15.5/bin/lrelease
checking for lupdate-qt5... no
checking for lupdate5... no
checking for lupdate... /usr/local/Cellar/qt@5/5.15.5/bin/lupdate
checking whether the linker accepts -framework Foundation -framework ApplicationServices -framework AppKit... yes
checking whether to build Bitcoin Core GUI... yes (Qt5)
checking for sqlite3 >= 3.7.17... yes
checking whether to build wallet with support for sqlite... yes
checking for miniupnpc/miniwget.h... yes
checking for upnpDiscover in -lminiupnpc... yes
checking for miniupnpc/miniupnpc.h... yes
checking for upnpDiscover in -lminiupnpc... (cached) yes
checking for miniupnpc/upnpcommands.h... yes
checking for upnpDiscover in -lminiupnpc... (cached) yes
checking for miniupnpc/upnperrors.h... yes
checking for upnpDiscover in -lminiupnpc... (cached) yes
checking whether miniUPnPc API version is supported... yes
checking for boostlib >= 1.58.0 (105800)... yes
checking whether the Boost::System library is available... yes
checking for exit in -lboost_system... yes
checking whether the Boost::Filesystem library is available... yes
checking for exit in -lboost_filesystem... yes
checking whether the Boost::Thread library is available... yes
checking for exit in -lboost_thread-mt... yes
checking whether the Boost::Process library is available... no
checking whether the linker accepts -Wl,--exclude-libs,ALL... no
checking whether the Boost::Unit_Test_Framework library is available... yes
checking for dynamic linked boost test... yes
checking for libevent >= 2.0.21... yes
checking for libevent_pthreads >= 2.0.21... yes
checking for libqrencode... yes
checking for libzmq >= 4... yes
checking for libmultiprocess... no
checking whether to build bitcoind... yes
checking whether to build bitcoin-cli... yes
checking whether to build bitcoin-tx... yes
checking whether to build bitcoin-wallet... yes
checking whether to build libraries... yes
checking if ccache should be used... yes
checking if wallet should be enabled... yes
checking whether to build with support for UPnP... yes
checking whether to build with UPnP enabled by default... no
checking whether to build GUI with support for D-Bus... yes
checking whether to build GUI with support for QR codes... yes
checking whether to build test_bitcoin-qt... yes
checking whether to build test_bitcoin... yes
checking whether to reduce exports... yes
configure: updating cache config.cache
checking that generated files are newer than configure... done
configure: creating ./config.status
config.status: creating libbitcoinconsensus.pc
config.status: creating Makefile
config.status: creating src/Makefile
config.status: creating doc/man/Makefile
config.status: creating share/setup.nsi
config.status: creating share/qt/Info.plist
config.status: creating test/config.ini
config.status: creating contrib/devtools/split-debug.sh
config.status: creating src/config/bitcoin-config.h
config.status: linking /private/var/folders/wh/z5_y2cv53sg24tzvtw_f_y1m0000gn/T/cirrus-ci-build/contrib/devtools/security-check.py to contrib/devtools/security-check.py
config.status: linking /private/var/folders/wh/z5_y2cv53sg24tzvtw_f_y1m0000gn/T/cirrus-ci-build/contrib/devtools/test-security-check.py to contrib/devtools/test-security-check.py
config.status: linking /private/var/folders/wh/z5_y2cv53sg24tzvtw_f_y1m0000gn/T/cirrus-ci-build/contrib/filter-lcov.py to contrib/filter-lcov.py
config.status: linking /private/var/folders/wh/z5_y2cv53sg24tzvtw_f_y1m0000gn/T/cirrus-ci-build/test/functional/test_runner.py to test/functional/test_runner.py
config.status: linking /private/var/folders/wh/z5_y2cv53sg24tzvtw_f_y1m0000gn/T/cirrus-ci-build/test/fuzz/test_runner.py to test/fuzz/test_runner.py
config.status: linking /private/var/folders/wh/z5_y2cv53sg24tzvtw_f_y1m0000gn/T/cirrus-ci-build/test/util/bitcoin-util-test.py to test/util/bitcoin-util-test.py
config.status: linking /private/var/folders/wh/z5_y2cv53sg24tzvtw_f_y1m0000gn/T/cirrus-ci-build/test/util/rpcauth-test.py to test/util/rpcauth-test.py
config.status: executing depfiles commands
config.status: executing libtool commands
=== configuring in src/univalue (/private/var/folders/wh/z5_y2cv53sg24tzvtw_f_y1m0000gn/T/cirrus-ci-build/ci/scratch/build/src/univalue)
configure: running /bin/sh /private/var/folders/wh/z5_y2cv53sg24tzvtw_f_y1m0000gn/T/cirrus-ci-build/src/univalue/configure --disable-option-checking '--prefix=/private/var/folders/wh/z5_y2cv53sg24tzvtw_f_y1m0000gn/T/cirrus-ci-build/depends/x86_64-apple-darwin16'  '--enable-suppress-external-warnings' '--disable-dependency-tracking' '--bindir=/private/var/folders/wh/z5_y2cv53sg24tzvtw_f_y1m0000gn/T/cirrus-ci-build/ci/scratch/out/x86_64-apple-darwin16/bin' '--libdir=/private/var/folders/wh/z5_y2cv53sg24tzvtw_f_y1m0000gn/T/cirrus-ci-build/ci/scratch/out/x86_64-apple-darwin16/lib' '--enable-werror' '--with-gui' '--enable-reduce-exports' '--with-boost-process' '--disable-shared' '--with-pic' '--enable-benchmark=no' '--with-bignum=no' '--enable-module-recovery' '--enable-module-schnorrsig' '--enable-experimental' --cache-file=../../config.cache --srcdir=/private/var/folders/wh/z5_y2cv53sg24tzvtw_f_y1m0000gn/T/cirrus-ci-build/src/univalue
configure: loading cache ../../config.cache
checking whether make supports nested variables... (cached) yes
checking for a BSD-compatible install... (cached) /usr/bin/install -c
checking whether build environment is sane... yes
checking for a race-free mkdir -p... /private/var/folders/wh/z5_y2cv53sg24tzvtw_f_y1m0000gn/T/cirrus-ci-build/src/univalue/build-aux/install-sh -c -d
checking for gawk... (cached) awk
checking whether make sets $(MAKE)... (cached) yes
checking build system type... (cached) x86_64-apple-darwin19.6.0
checking host system type... (cached) x86_64-apple-darwin19.6.0
checking how to print strings... printf
checking whether make supports the include directive... yes (GNU style)
checking for gcc... (cached) gcc
checking whether the C compiler works... yes
checking for C compiler default output file name... a.out
checking for suffix of executables... 
checking whether we are cross compiling... no
checking for suffix of object files... (cached) o
checking whether the compiler supports GNU C... (cached) yes
checking whether gcc accepts -g... (cached) yes
checking for gcc option to enable C11 features... (cached) none needed
checking whether gcc understands -c and -o together... (cached) yes
checking dependency style of gcc... (cached) none
checking for a sed that does not truncate output... (cached) /usr/bin/sed
checking for grep that handles long lines and -e... (cached) /usr/bin/grep
checking for egrep... (cached) /usr/bin/grep -E
checking for fgrep... (cached) /usr/bin/grep -F
checking for ld used by gcc... (cached) /Applications/Xcode-12.1.0.app/Contents/Developer/Toolchains/XcodeDefault.xctoolchain/usr/bin/ld
checking if the linker (/Applications/Xcode-12.1.0.app/Contents/Developer/Toolchains/XcodeDefault.xctoolchain/usr/bin/ld) is GNU ld... (cached) no
checking for BSD- or MS-compatible name lister (nm)... (cached) /usr/bin/nm -B
checking the name lister (/usr/bin/nm -B) interface... (cached) BSD nm
checking whether ln -s works... yes
checking the maximum length of command line arguments... (cached) 196608
checking how to convert x86_64-apple-darwin19.6.0 file names to x86_64-apple-darwin19.6.0 format... (cached) func_convert_file_noop
checking how to convert x86_64-apple-darwin19.6.0 file names to toolchain format... (cached) func_convert_file_noop
checking for /Applications/Xcode-12.1.0.app/Contents/Developer/Toolchains/XcodeDefault.xctoolchain/usr/bin/ld option to reload object files... (cached) -r
checking for file... (cached) file
checking for objdump... (cached) objdump
checking how to recognize dependent libraries... (cached) pass_all
checking for dlltool... no
checking how to associate runtime and link libraries... (cached) printf %s\n
checking for ar... (cached) ar
checking for archiver @FILE support... (cached) no
checking for strip... (cached) strip
checking for ranlib... (cached) ranlib
checking command to parse /usr/bin/nm -B output from gcc object... (cached) ok
checking for sysroot... no
checking for a working dd... (cached) /bin/dd
checking how to truncate binary pipes... (cached) /bin/dd bs=4096 count=1
checking for mt... no
checking if : is a manifest tool... (cached) no
checking for dsymutil... (cached) dsymutil
checking for nmedit... (cached) nmedit
checking for lipo... (cached) lipo
checking for otool... (cached) otool
checking for otool64... no
checking for -single_module linker flag... (cached) yes
checking for -exported_symbols_list linker flag... (cached) yes
checking for -force_load linker flag... (cached) yes
checking for stdio.h... (cached) yes
checking for stdlib.h... (cached) yes
checking for string.h... (cached) yes
checking for inttypes.h... (cached) yes
checking for stdint.h... (cached) yes
checking for strings.h... (cached) yes
checking for sys/stat.h... (cached) yes
checking for sys/types.h... (cached) yes
checking for unistd.h... (cached) yes
checking for dlfcn.h... (cached) yes
checking for objdir... (cached) .libs
checking if gcc supports -fno-rtti -fno-exceptions... (cached) yes
checking for gcc option to produce PIC... (cached) -fno-common -DPIC
checking if gcc PIC flag -fno-common -DPIC works... (cached) yes
checking if gcc static flag -static works... (cached) no
checking if gcc supports -c -o file.o... (cached) yes
checking if gcc supports -c -o file.o... (cached) yes
checking whether the gcc linker (/Applications/Xcode-12.1.0.app/Contents/Developer/Toolchains/XcodeDefault.xctoolchain/usr/bin/ld) supports shared libraries... yes
checking dynamic linker characteristics... darwin19.6.0 dyld
checking how to hardcode library paths into programs... immediate
checking whether stripping libraries is possible... yes
checking if libtool supports shared libraries... yes
checking whether to build shared libraries... no
checking whether to build static libraries... yes
checking for g++... (cached) g++
checking whether the compiler supports GNU C++... (cached) yes
checking whether g++ accepts -g... (cached) yes
checking for g++ option to enable C++11 features... (cached) none needed
checking dependency style of g++... (cached) none
checking how to run the C++ preprocessor... (cached) g++ -std=c++11 -E
checking for ld used by g++... (cached) /Applications/Xcode-12.1.0.app/Contents/Developer/Toolchains/XcodeDefault.xctoolchain/usr/bin/ld
checking if the linker (/Applications/Xcode-12.1.0.app/Contents/Developer/Toolchains/XcodeDefault.xctoolchain/usr/bin/ld) is GNU ld... (cached) no
checking whether the g++ linker (/Applications/Xcode-12.1.0.app/Contents/Developer/Toolchains/XcodeDefault.xctoolchain/usr/bin/ld) supports shared libraries... yes
checking for g++ option to produce PIC... (cached) -fno-common -DPIC
checking if g++ PIC flag -fno-common -DPIC works... (cached) yes
checking if g++ static flag -static works... (cached) no
checking if g++ supports -c -o file.o... (cached) yes
checking if g++ supports -c -o file.o... (cached) yes
checking whether the g++ linker (/Applications/Xcode-12.1.0.app/Contents/Developer/Toolchains/XcodeDefault.xctoolchain/usr/bin/ld) supports shared libraries... yes
checking dynamic linker characteristics... darwin19.6.0 dyld
checking how to hardcode library paths into programs... immediate
checking that generated files are newer than configure... done
configure: creating ./config.status
config.status: creating Makefile
config.status: creating pc/libunivalue.pc
config.status: creating pc/libunivalue-uninstalled.pc
config.status: creating univalue-config.h
config.status: executing depfiles commands
config.status: executing libtool commands
=== configuring in src/secp256k1 (/private/var/folders/wh/z5_y2cv53sg24tzvtw_f_y1m0000gn/T/cirrus-ci-build/ci/scratch/build/src/secp256k1)
configure: running /bin/sh /private/var/folders/wh/z5_y2cv53sg24tzvtw_f_y1m0000gn/T/cirrus-ci-build/src/secp256k1/configure --disable-option-checking '--prefix=/private/var/folders/wh/z5_y2cv53sg24tzvtw_f_y1m0000gn/T/cirrus-ci-build/depends/x86_64-apple-darwin16'  '--enable-suppress-external-warnings' '--disable-dependency-tracking' '--bindir=/private/var/folders/wh/z5_y2cv53sg24tzvtw_f_y1m0000gn/T/cirrus-ci-build/ci/scratch/out/x86_64-apple-darwin16/bin' '--libdir=/private/var/folders/wh/z5_y2cv53sg24tzvtw_f_y1m0000gn/T/cirrus-ci-build/ci/scratch/out/x86_64-apple-darwin16/lib' '--enable-werror' '--with-gui' '--enable-reduce-exports' '--with-boost-process' '--disable-shared' '--with-pic' '--enable-benchmark=no' '--with-bignum=no' '--enable-module-recovery' '--enable-module-schnorrsig' '--enable-experimental' --cache-file=../../config.cache --srcdir=/private/var/folders/wh/z5_y2cv53sg24tzvtw_f_y1m0000gn/T/cirrus-ci-build/src/secp256k1
configure: loading cache ../../config.cache
checking build system type... (cached) x86_64-apple-darwin19.6.0
checking host system type... (cached) x86_64-apple-darwin19.6.0
checking for a BSD-compatible install... (cached) /usr/bin/install -c
checking whether build environment is sane... yes
checking for a race-free mkdir -p... /private/var/folders/wh/z5_y2cv53sg24tzvtw_f_y1m0000gn/T/cirrus-ci-build/src/secp256k1/build-aux/install-sh -c -d
checking for gawk... (cached) awk
checking whether make sets $(MAKE)... (cached) yes
checking whether make supports nested variables... (cached) yes
checking how to print strings... printf
checking whether make supports the include directive... yes (GNU style)
checking for gcc... (cached) gcc
checking whether the C compiler works... yes
checking for C compiler default output file name... a.out
checking for suffix of executables... 
checking whether we are cross compiling... no
checking for suffix of object files... (cached) o
checking whether the compiler supports GNU C... (cached) yes
checking whether gcc accepts -g... (cached) yes
checking for gcc option to enable C11 features... (cached) none needed
checking whether gcc understands -c and -o together... (cached) yes
checking dependency style of gcc... (cached) none
checking for a sed that does not truncate output... (cached) /usr/bin/sed
checking for grep that handles long lines and -e... (cached) /usr/bin/grep
checking for egrep... (cached) /usr/bin/grep -E
checking for fgrep... (cached) /usr/bin/grep -F
checking for ld used by gcc... (cached) /Applications/Xcode-12.1.0.app/Contents/Developer/Toolchains/XcodeDefault.xctoolchain/usr/bin/ld
checking if the linker (/Applications/Xcode-12.1.0.app/Contents/Developer/Toolchains/XcodeDefault.xctoolchain/usr/bin/ld) is GNU ld... (cached) no
checking for BSD- or MS-compatible name lister (nm)... (cached) /usr/bin/nm -B
checking the name lister (/usr/bin/nm -B) interface... (cached) BSD nm
checking whether ln -s works... yes
checking the maximum length of command line arguments... (cached) 196608
checking how to convert x86_64-apple-darwin19.6.0 file names to x86_64-apple-darwin19.6.0 format... (cached) func_convert_file_noop
checking how to convert x86_64-apple-darwin19.6.0 file names to toolchain format... (cached) func_convert_file_noop
checking for /Applications/Xcode-12.1.0.app/Contents/Developer/Toolchains/XcodeDefault.xctoolchain/usr/bin/ld option to reload object files... (cached) -r
checking for file... (cached) file
checking for objdump... (cached) objdump
checking how to recognize dependent libraries... (cached) pass_all
checking for dlltool... no
checking how to associate runtime and link libraries... (cached) printf %s\n
checking for ar... (cached) ar
checking for archiver @FILE support... (cached) no
checking for strip... (cached) strip
checking for ranlib... (cached) ranlib
checking command to parse /usr/bin/nm -B output from gcc object... (cached) ok
checking for sysroot... no
checking for a working dd... (cached) /bin/dd
checking how to truncate binary pipes... (cached) /bin/dd bs=4096 count=1
checking for mt... no
checking if : is a manifest tool... (cached) no
checking for dsymutil... (cached) dsymutil
checking for nmedit... (cached) nmedit
checking for lipo... (cached) lipo
checking for otool... (cached) otool
checking for otool64... no
checking for -single_module linker flag... (cached) yes
checking for -exported_symbols_list linker flag... (cached) yes
checking for -force_load linker flag... (cached) yes
checking for stdio.h... (cached) yes
checking for stdlib.h... (cached) yes
checking for string.h... (cached) yes
checking for inttypes.h... (cached) yes
checking for stdint.h... (cached) yes
checking for strings.h... (cached) yes
checking for sys/stat.h... (cached) yes
checking for sys/types.h... (cached) yes
checking for unistd.h... (cached) yes
checking for dlfcn.h... (cached) yes
checking for objdir... (cached) .libs
rm: conftest.dSYM: is a directory
checking if gcc supports -fno-rtti -fno-exceptions... (cached) yes
checking for gcc option to produce PIC... (cached) -fno-common -DPIC
checking if gcc PIC flag -fno-common -DPIC works... (cached) yes
checking if gcc static flag -static works... (cached) no
checking if gcc supports -c -o file.o... (cached) yes
checking if gcc supports -c -o file.o... (cached) yes
checking whether the gcc linker (/Applications/Xcode-12.1.0.app/Contents/Developer/Toolchains/XcodeDefault.xctoolchain/usr/bin/ld) supports shared libraries... yes
checking dynamic linker characteristics... darwin19.6.0 dyld
checking how to hardcode library paths into programs... immediate
checking whether stripping libraries is possible... yes
checking if libtool supports shared libraries... yes
checking whether to build shared libraries... no
checking whether to build static libraries... yes
checking whether make supports nested variables... (cached) yes
checking for pkg-config... (cached) /usr/local/bin/pkg-config
checking pkg-config is at least version 0.9.0... yes
checking for ar... (cached) /usr/bin/ar
checking for ranlib... (cached) /usr/bin/ranlib
checking for strip... (cached) /usr/bin/strip
checking how to run the C preprocessor... (cached) gcc -E
checking for gcc... gcc
checking whether the compiler supports GNU C... (cached) yes
checking whether gcc accepts -g... yes
checking for gcc option to enable C11 features... (cached) none needed
checking whether gcc understands -c and -o together... (cached) yes
checking dependency style of gcc... (cached) none
checking how to run the C preprocessor... gcc -E
checking dependency style of gcc... none
checking for brew... /usr/local/bin/brew
checking if gcc supports -std=c89 -pedantic -Wall -Wextra -Wcast-align -Wnested-externs -Wshadow -Wstrict-prototypes -Wundef -Wno-unused-function -Wno-long-long -Wno-overlength-strings... yes
checking if gcc supports -fvisibility=hidden... yes
checking for valgrind/memcheck.h... no
checking if native gcc supports -Wall -Wextra -Wno-unused-function... yes
checking for working native compiler: gcc... yes
checking for x86_64 assembly availability... yes
checking for libcrypto... no
checking for openssl/crypto.h... no
configure: ******
configure: WARNING: experimental build
configure: Experimental features do not have stable APIs or properties, and may not be safe for production use.
configure: Building extrakeys module: yes
configure: Building schnorrsig module: yes
configure: ******
configure: updating cache ../../config.cache
checking that generated files are newer than configure... done
configure: creating ./config.status
config.status: creating Makefile
config.status: creating libsecp256k1.pc
config.status: creating src/libsecp256k1-config.h
config.status: executing depfiles commands
config.status: executing libtool commands

Build Options:
  with ecmult precomp     = yes
  with external callbacks = no
  with benchmarks         = no
  with tests              = yes
  with openssl tests      = no
  with coverage           = no
  module ecdh             = no
  module recovery         = yes
  module extrakeys        = yes
  module schnorrsig       = yes

  asm                     = x86_64
  bignum                  = no
  ecmult window size      = 15
  ecmult gen prec. bits   = 4

  valgrind                = no
  CC                      = gcc
  CFLAGS                  = -O2 -fvisibility=hidden -std=c89 -pedantic -Wall -Wextra -Wcast-align -Wnested-externs -Wshadow -Wstrict-prototypes -Wundef -Wno-unused-function -Wno-long-long -Wno-overlength-strings -W -g
  CPPFLAGS                = 
  LDFLAGS                 = 


Options used to compile and link:
  boost process = no
  multiprocess  = no
  with wallet   = yes
    with sqlite = yes
  with gui / qt = yes
    with qr     = yes
  with zmq      = yes
  with test     = yes
    with fuzz   = no
  with bench    = yes
  with upnp     = yes
  use asm       = yes
  sanitizers    = 
  debug enabled = no
  gprof enabled = no
  werror        = yes

  target os     = darwin
  build os      = darwin19.6.0

  CC            = /usr/local/bin/ccache gcc
  CFLAGS        = -pthread -g -O2
  CPPFLAGS      =   -U_FORTIFY_SOURCE -D_FORTIFY_SOURCE=2  -DHAVE_BUILD_INFO -D__STDC_FORMAT_MACROS -DMAC_OSX -DOBJC_OLD_DISPATCH_PROTOTYPES=0
  CXX           = /usr/local/bin/ccache g++ -std=c++11
  CXXFLAGS      =   -Wstack-protector -fstack-protector-all -fcf-protection=full  -Wall -Wextra -Wgnu -Wformat -Wformat-security -Wvla -Wshadow-field -Wswitch -Wthread-safety -Wrange-loop-analysis -Wredundant-decls -Wunused-variable -Wdate-time -Wconditional-uninitialized -Wsign-compare -Woverloaded-virtual -Wunreachable-code-loop-increment  -Wno-unused-parameter -Wno-self-assign -Wno-unused-local-typedef -Wno-deprecated-register -Wno-implicit-fallthrough  -Werror=gnu -Werror=vla -Werror=shadow-field -Werror=switch -Werror=thread-safety -Werror=range-loop-analysis -Werror=unused-variable -Werror=date-time -Werror=return-type -Werror=conditional-uninitialized -Werror=sign-compare -Werror=unreachable-code-loop-increment  -g -O2 -fvisibility=hidden
  LDFLAGS       = -lpthread  -Wl,-bind_at_load   -Wl,-headerpad_max_install_names -Wl,-dead_strip -Wl,-dead_strip_dylibs
  ARFLAGS       = cr

travis_fold:end:configure

travis_fold:start:distdir
/Applications/Xcode-12.1.0.app/Contents/Developer/usr/bin/make  distdir-am
if test -d "bitcoin-x86_64-apple-darwin16"; then find "bitcoin-x86_64-apple-darwin16" -type d ! -perm -200 -exec chmod u+w {} ';' && rm -rf "bitcoin-x86_64-apple-darwin16" || { sleep 5 && rm -rf "bitcoin-x86_64-apple-darwin16"; }; else :; fi
test -d "bitcoin-x86_64-apple-darwin16" || mkdir "bitcoin-x86_64-apple-darwin16"
 (cd src && /Applications/Xcode-12.1.0.app/Contents/Developer/usr/bin/make  top_distdir=../bitcoin-x86_64-apple-darwin16 distdir=../bitcoin-x86_64-apple-darwin16/src \
     am__remove_distdir=: am__skip_length_check=: am__skip_mode_fix=: distdir)
/Applications/Xcode-12.1.0.app/Contents/Developer/usr/bin/make  distdir-am
Generated bench/data/block413567.raw.h
Generated test/data/script_tests.json.h
Generated test/data/base58_encode_decode.json.h
Generated test/data/blockfilters.json.h
Generated test/data/key_io_valid.json.h
Generated test/data/key_io_invalid.json.h
Generated test/data/sighash.json.h
Generated test/data/tx_invalid.json.h
Generated test/data/tx_valid.json.h
Generated test/data/asmap.raw.h
 (cd secp256k1 && /Applications/Xcode-12.1.0.app/Contents/Developer/usr/bin/make  top_distdir=../../bitcoin-x86_64-apple-darwin16 distdir=../../bitcoin-x86_64-apple-darwin16/src/secp256k1 \
     am__remove_distdir=: am__skip_length_check=: am__skip_mode_fix=: distdir)
/Applications/Xcode-12.1.0.app/Contents/Developer/usr/bin/make  distdir-am
:
test -d "../../bitcoin-x86_64-apple-darwin16/src/secp256k1" || mkdir "../../bitcoin-x86_64-apple-darwin16/src/secp256k1"
test -n ":" \
	|| find "../../bitcoin-x86_64-apple-darwin16/src/secp256k1" -type d ! -perm -755 \
		-exec chmod u+rwx,go+rx {} \; -o \
	  ! -type d ! -perm -444 -links 1 -exec chmod a+r {} \; -o \
	  ! -type d ! -perm -400 -exec chmod a+r {} \; -o \
	  ! -type d ! -perm -444 -exec /bin/sh /private/var/folders/wh/z5_y2cv53sg24tzvtw_f_y1m0000gn/T/cirrus-ci-build/src/secp256k1/build-aux/install-sh -c -m a+r {} {} \; \
	|| chmod -R a+r "../../bitcoin-x86_64-apple-darwin16/src/secp256k1"
 (cd univalue && /Applications/Xcode-12.1.0.app/Contents/Developer/usr/bin/make  top_distdir=../../bitcoin-x86_64-apple-darwin16 distdir=../../bitcoin-x86_64-apple-darwin16/src/univalue \
     am__remove_distdir=: am__skip_length_check=: am__skip_mode_fix=: distdir)
/Applications/Xcode-12.1.0.app/Contents/Developer/usr/bin/make  distdir-am
:
test -d "../../bitcoin-x86_64-apple-darwin16/src/univalue" || mkdir "../../bitcoin-x86_64-apple-darwin16/src/univalue"
test -n ":" \
	|| find "../../bitcoin-x86_64-apple-darwin16/src/univalue" -type d ! -perm -755 \
		-exec chmod u+rwx,go+rx {} \; -o \
	  ! -type d ! -perm -444 -links 1 -exec chmod a+r {} \; -o \
	  ! -type d ! -perm -400 -exec chmod a+r {} \; -o \
	  ! -type d ! -perm -444 -exec /bin/sh /private/var/folders/wh/z5_y2cv53sg24tzvtw_f_y1m0000gn/T/cirrus-ci-build/src/univalue/build-aux/install-sh -c -m a+r {} {} \; \
	|| chmod -R a+r "../../bitcoin-x86_64-apple-darwin16/src/univalue"
 (cd doc/man && /Applications/Xcode-12.1.0.app/Contents/Developer/usr/bin/make  top_distdir=../../bitcoin-x86_64-apple-darwin16 distdir=../../bitcoin-x86_64-apple-darwin16/doc/man \
     am__remove_distdir=: am__skip_length_check=: am__skip_mode_fix=: distdir)
/Applications/Xcode-12.1.0.app/Contents/Developer/usr/bin/make  distdir-am
/Applications/Xcode-12.1.0.app/Contents/Developer/usr/bin/make  \
	  top_distdir="bitcoin-x86_64-apple-darwin16" distdir="bitcoin-x86_64-apple-darwin16" \
	  dist-hook
/usr/bin/git archive --format=tar HEAD -- src/clientversion.cpp | ${TAR-tar} -C bitcoin-x86_64-apple-darwin16 -xf -
tar: Failed to set default locale
fatal: current working directory is untracked
test -n "" \
	|| find "bitcoin-x86_64-apple-darwin16" -type d ! -perm -755 \
		-exec chmod u+rwx,go+rx {} \; -o \
	  ! -type d ! -perm -444 -links 1 -exec chmod a+r {} \; -o \
	  ! -type d ! -perm -400 -exec chmod a+r {} \; -o \
	  ! -type d ! -perm -444 -exec /bin/sh /private/var/folders/wh/z5_y2cv53sg24tzvtw_f_y1m0000gn/T/cirrus-ci-build/build-aux/install-sh -c -m a+r {} {} \; \
	|| chmod -R a+r "bitcoin-x86_64-apple-darwin16"
travis_fold:end:distdir

travis_fold:start:configure
configure: loading cache ../config.cache
checking for pkg-config... (cached) /usr/local/bin/pkg-config
checking pkg-config is at least version 0.9.0... yes
checking build system type... (cached) x86_64-apple-darwin19.6.0
checking host system type... (cached) x86_64-apple-darwin19.6.0
checking for a BSD-compatible install... (cached) /usr/bin/install -c
checking whether build environment is sane... yes
checking for a race-free mkdir -p... ./build-aux/install-sh -c -d
checking for gawk... (cached) awk
checking whether make sets $(MAKE)... (cached) yes
checking whether make supports nested variables... (cached) yes
checking whether to enable maintainer-specific portions of Makefiles... yes
checking whether make supports nested variables... (cached) yes
checking for g++... (cached) g++
checking whether the C++ compiler works... yes
checking for C++ compiler default output file name... a.out
checking for suffix of executables... 
checking whether we are cross compiling... no
checking for suffix of object files... (cached) o
checking whether the compiler supports GNU C++... (cached) yes
checking whether g++ accepts -g... (cached) yes
checking for g++ option to enable C++11 features... (cached) none needed
checking whether make supports the include directive... yes (GNU style)
checking dependency style of g++... (cached) none
checking whether g++ supports C++11 features with -std=c++11... (cached) yes
checking whether std::atomic can be used without link library... yes
checking whether the compiler supports GNU Objective C++... (cached) yes
checking whether g++ -std=c++11 accepts -g... (cached) yes
checking dependency style of g++ -std=c++11... (cached) none
checking how to print strings... printf
checking for gcc... (cached) gcc
checking whether the compiler supports GNU C... (cached) yes
checking whether gcc accepts -g... (cached) yes
checking for gcc option to enable C11 features... (cached) none needed
checking whether gcc understands -c and -o together... (cached) yes
checking dependency style of gcc... (cached) none
checking for a sed that does not truncate output... (cached) /usr/bin/sed
checking for grep that handles long lines and -e... (cached) /usr/bin/grep
checking for egrep... (cached) /usr/bin/grep -E
checking for fgrep... (cached) /usr/bin/grep -F
checking for ld used by gcc... (cached) /Applications/Xcode-12.1.0.app/Contents/Developer/Toolchains/XcodeDefault.xctoolchain/usr/bin/ld
checking if the linker (/Applications/Xcode-12.1.0.app/Contents/Developer/Toolchains/XcodeDefault.xctoolchain/usr/bin/ld) is GNU ld... (cached) no
checking for BSD- or MS-compatible name lister (nm)... (cached) /usr/bin/nm -B
checking the name lister (/usr/bin/nm -B) interface... (cached) BSD nm
checking whether ln -s works... yes
checking the maximum length of command line arguments... (cached) 196608
checking how to convert x86_64-apple-darwin19.6.0 file names to x86_64-apple-darwin19.6.0 format... (cached) func_convert_file_noop
checking how to convert x86_64-apple-darwin19.6.0 file names to toolchain format... (cached) func_convert_file_noop
checking for /Applications/Xcode-12.1.0.app/Contents/Developer/Toolchains/XcodeDefault.xctoolchain/usr/bin/ld option to reload object files... (cached) -r
checking for file... (cached) file
checking for objdump... (cached) objdump
checking how to recognize dependent libraries... (cached) pass_all
checking for dlltool... no
checking how to associate runtime and link libraries... (cached) printf %s\n
checking for ar... (cached) ar
checking for archiver @FILE support... (cached) no
checking for strip... (cached) strip
checking for ranlib... (cached) ranlib
checking command to parse /usr/bin/nm -B output from gcc object... (cached) ok
checking for sysroot... no
checking for a working dd... (cached) /bin/dd
checking how to truncate binary pipes... (cached) /bin/dd bs=4096 count=1
checking for mt... no
checking if : is a manifest tool... (cached) no
checking for dsymutil... (cached) dsymutil
checking for nmedit... (cached) nmedit
checking for lipo... (cached) lipo
checking for otool... (cached) otool
checking for otool64... no
checking for -single_module linker flag... (cached) yes
checking for -exported_symbols_list linker flag... (cached) yes
checking for -force_load linker flag... (cached) yes
checking for stdio.h... (cached) yes
checking for stdlib.h... (cached) yes
checking for string.h... (cached) yes
checking for inttypes.h... (cached) yes
checking for stdint.h... (cached) yes
checking for strings.h... (cached) yes
checking for sys/stat.h... (cached) yes
checking for sys/types.h... (cached) yes
checking for unistd.h... (cached) yes
checking for dlfcn.h... (cached) yes
checking for objdir... (cached) .libs
checking if gcc supports -fno-rtti -fno-exceptions... (cached) yes
checking for gcc option to produce PIC... (cached) -fno-common -DPIC
checking if gcc PIC flag -fno-common -DPIC works... (cached) yes
checking if gcc static flag -static works... (cached) no
checking if gcc supports -c -o file.o... (cached) yes
checking if gcc supports -c -o file.o... (cached) yes
checking whether the gcc linker (/Applications/Xcode-12.1.0.app/Contents/Developer/Toolchains/XcodeDefault.xctoolchain/usr/bin/ld) supports shared libraries... yes
checking dynamic linker characteristics... darwin19.6.0 dyld
checking how to hardcode library paths into programs... immediate
checking whether stripping libraries is possible... yes
checking if libtool supports shared libraries... yes
checking whether to build shared libraries... yes
checking whether to build static libraries... yes
checking how to run the C++ preprocessor... (cached) g++ -std=c++11 -E
checking for ld used by g++ -std=c++11... (cached) /Applications/Xcode-12.1.0.app/Contents/Developer/Toolchains/XcodeDefault.xctoolchain/usr/bin/ld
checking if the linker (/Applications/Xcode-12.1.0.app/Contents/Developer/Toolchains/XcodeDefault.xctoolchain/usr/bin/ld) is GNU ld... (cached) no
checking whether the g++ -std=c++11 linker (/Applications/Xcode-12.1.0.app/Contents/Developer/Toolchains/XcodeDefault.xctoolchain/usr/bin/ld) supports shared libraries... yes
checking for g++ -std=c++11 option to produce PIC... (cached) -fno-common -DPIC
checking if g++ -std=c++11 PIC flag -fno-common -DPIC works... (cached) yes
checking if g++ -std=c++11 static flag -static works... (cached) no
checking if g++ -std=c++11 supports -c -o file.o... (cached) yes
checking if g++ -std=c++11 supports -c -o file.o... (cached) yes
checking whether the g++ -std=c++11 linker (/Applications/Xcode-12.1.0.app/Contents/Developer/Toolchains/XcodeDefault.xctoolchain/usr/bin/ld) supports shared libraries... yes
checking dynamic linker characteristics... darwin19.6.0 dyld
checking how to hardcode library paths into programs... immediate
checking for ar... (cached) /usr/bin/ar
checking for ranlib... (cached) /usr/bin/ranlib
checking for strip... (cached) /usr/bin/strip
checking for gcov... (cached) /usr/bin/gcov
checking for llvm-cov... no
checking for lcov... no
checking for python3.5... (cached) /usr/local/bin/python3
checking for genhtml... no
checking for git... (cached) /usr/bin/git
checking for ccache... (cached) /usr/local/bin/ccache
checking for xgettext... (cached) /usr/local/bin/xgettext
checking for hexdump... (cached) /usr/bin/hexdump
checking for readelf... no
checking for c++filt... (cached) /usr/bin/c++filt
checking for objcopy... no
checking for doxygen... no
checking whether C++ compiler accepts -Werror... (cached) yes
checking whether the linker accepts -Wl,-fatal_warnings... (cached) yes
checking whether C++ compiler accepts -Werror=gnu... (cached) yes
checking whether C++ compiler accepts -Werror=vla... (cached) yes
checking whether C++ compiler accepts -Werror=shadow-field... (cached) yes
checking whether C++ compiler accepts -Werror=switch... (cached) yes
checking whether C++ compiler accepts -Werror=thread-safety... (cached) yes
checking whether C++ compiler accepts -Werror=range-loop-analysis... (cached) yes
checking whether C++ compiler accepts -Werror=unused-variable... (cached) yes
checking whether C++ compiler accepts -Werror=date-time... (cached) yes
checking whether C++ compiler accepts -Werror=return-type... (cached) yes
checking whether C++ compiler accepts -Werror=conditional-uninitialized... (cached) yes
checking whether C++ compiler accepts -Werror=sign-compare... (cached) yes
checking whether C++ compiler accepts -Werror=suggest-override... (cached) no
checking whether C++ compiler accepts -Werror=unreachable-code-loop-increment... (cached) yes
checking whether C++ compiler accepts -Wall... (cached) yes
checking whether C++ compiler accepts -Wextra... (cached) yes
checking whether C++ compiler accepts -Wgnu... (cached) yes
checking whether C++ compiler accepts -Wformat -Wformat-security... (cached) yes
checking whether C++ compiler accepts -Wvla... (cached) yes
checking whether C++ compiler accepts -Wshadow-field... (cached) yes
checking whether C++ compiler accepts -Wswitch... (cached) yes
checking whether C++ compiler accepts -Wthread-safety... (cached) yes
checking whether C++ compiler accepts -Wrange-loop-analysis... (cached) yes
checking whether C++ compiler accepts -Wredundant-decls... (cached) yes
checking whether C++ compiler accepts -Wunused-variable... (cached) yes
checking whether C++ compiler accepts -Wdate-time... (cached) yes
checking whether C++ compiler accepts -Wconditional-uninitialized... (cached) yes
checking whether C++ compiler accepts -Wsign-compare... (cached) yes
checking whether C++ compiler accepts -Wduplicated-branches... (cached) no
checking whether C++ compiler accepts -Wduplicated-cond... (cached) no
checking whether C++ compiler accepts -Wlogical-op... (cached) no
checking whether C++ compiler accepts -Woverloaded-virtual... (cached) yes
checking whether C++ compiler accepts -Wsuggest-override... (cached) no
checking whether C++ compiler accepts -Wunreachable-code-loop-increment... (cached) yes
checking whether C++ compiler accepts -Wunused-parameter... (cached) yes
checking whether C++ compiler accepts -Wself-assign... (cached) yes
checking whether C++ compiler accepts -Wunused-local-typedef... (cached) yes
checking whether C++ compiler accepts -Wdeprecated-register... (cached) yes
checking whether C++ compiler accepts -Wimplicit-fallthrough... (cached) yes
checking whether C++ compiler accepts -Wdeprecated-copy... (cached) no
checking whether C++ compiler accepts -fno-extended-identifiers... (cached) no
checking whether C++ compiler accepts -msse4.2... (cached) yes
checking whether C++ compiler accepts -msse4.1... (cached) yes
checking whether C++ compiler accepts -mavx -mavx2... (cached) yes
checking whether C++ compiler accepts -msse4 -msha... (cached) yes
checking for SSE4.2 intrinsics... yes
checking for SSE4.1 intrinsics... yes
checking for AVX2 intrinsics... yes
checking for SHA-NI intrinsics... yes
checking whether C++ compiler accepts -march=armv8-a+crc+crypto... (cached) no
checking for AArch64 CRC32 intrinsics... no
checking for rsvg-convert... no
checking for rsvg... no
checking for brew... (cached) brew
Warning: Use berkeley-db@4 instead of deprecated berkeley-db4
checking whether the linker accepts -Wl,-headerpad_max_install_names... (cached) yes
checking whether byte ordering is bigendian... (cached) no
checking how to run the C preprocessor... (cached) gcc -E
checking whether gcc is Clang... (cached) yes
checking whether pthreads work with "-pthread" and "-lpthread"... yes
checking whether Clang needs flag to prevent "argument unused" warning when linking with -pthread... (cached) no
checking for joinable pthread attribute... (cached) PTHREAD_CREATE_JOINABLE
checking whether more special flags are required for pthreads... (cached) no
checking for PTHREAD_PRIO_INHERIT... (cached) yes
checking for special C compiler options needed for large files... (cached) no
checking for _FILE_OFFSET_BITS value needed for large files... (cached) no
checking for g++ -std=c++11 options needed to detect all undeclared functions... (cached) none needed
checking whether strerror_r is declared... (cached) yes
checking whether strerror_r returns char *... (cached) no
checking for __attribute__((visibility))... (cached) no
checking for __attribute__((dllexport))... (cached) no
checking for __attribute__((dllimport))... (cached) no
checking for library containing clock_gettime... (cached) none required
checking whether C++ compiler accepts -fPIC... (cached) yes
checking whether C++ compiler accepts -fstack-reuse=none... (cached) no
checking whether C++ compiler accepts -Wstack-protector... (cached) yes
checking whether C++ compiler accepts -fstack-protector-all... (cached) yes
checking whether C++ compiler accepts -fcf-protection=full... (cached) yes
checking whether C++ compiler accepts -fstack-clash-protection... (cached) no
checking whether C++ preprocessor accepts -D_FORTIFY_SOURCE=2... (cached) yes
checking whether C++ preprocessor accepts -U_FORTIFY_SOURCE... (cached) yes
checking whether the linker accepts -Wl,--dynamicbase... (cached) no
checking whether the linker accepts -Wl,--nxcompat... (cached) no
checking whether the linker accepts -Wl,--high-entropy-va... (cached) no
checking whether the linker accepts -Wl,-z,relro... (cached) no
checking whether the linker accepts -Wl,-z,now... (cached) no
checking whether the linker accepts -Wl,-z,separate-code... (cached) no
checking whether the linker accepts -fPIE -pie... (cached) no
checking whether the linker accepts -Wl,-dead_strip... (cached) yes
checking whether the linker accepts -Wl,-dead_strip_dylibs... (cached) yes
checking whether the linker accepts -Wl,-bind_at_load... (cached) yes
checking for endian.h... (cached) no
checking for sys/endian.h... (cached) no
checking for byteswap.h... (cached) no
checking for stdio.h... (cached) yes
checking for stdlib.h... (cached) yes
checking for unistd.h... (cached) yes
checking for strings.h... (cached) yes
checking for sys/types.h... (cached) yes
checking for sys/stat.h... (cached) yes
checking for sys/select.h... (cached) yes
checking for sys/prctl.h... (cached) no
checking for sys/sysctl.h... (cached) yes
checking for vm/vm_param.h... (cached) no
checking for sys/vmmeter.h... (cached) yes
checking for sys/resources.h... (cached) no
checking whether getifaddrs is declared... (cached) yes
checking whether ifaddrs funcs can be used without link library... yes
checking whether freeifaddrs is declared... (cached) yes
checking whether ifaddrs funcs can be used without link library... yes
checking whether strnlen is declared... (cached) yes
checking whether daemon is declared... (cached) yes
checking whether le16toh is declared... (cached) no
checking whether le32toh is declared... (cached) no
checking whether le64toh is declared... (cached) no
checking whether htole16 is declared... (cached) no
checking whether htole32 is declared... (cached) no
checking whether htole64 is declared... (cached) no
checking whether be16toh is declared... (cached) no
checking whether be32toh is declared... (cached) no
checking whether be64toh is declared... (cached) no
checking whether htobe16 is declared... (cached) no
checking whether htobe32 is declared... (cached) no
checking whether htobe64 is declared... (cached) no
checking whether bswap_16 is declared... (cached) no
checking whether bswap_32 is declared... (cached) no
checking whether bswap_64 is declared... (cached) no
checking for __builtin_clzl... yes
checking for __builtin_clzll... yes
checking for getmemoryinfo... no
checking for mallopt M_ARENA_MAX... no
checking for posix_fallocate... no
checking for visibility attribute... yes
checking for thread_local support... yes
checking for gmtime_r... yes
checking for Linux getrandom syscall... no
checking for getentropy... no
checking for getentropy via random.h... yes
checking for sysctl... yes
checking for sysctl KERN_ARND... no
checking for if type char equals int8_t... no
checking for fdatasync... no
checking for F_FULLFSYNC... yes
checking for O_CLOEXEC... yes
checking for __builtin_prefetch... yes
checking for _mm_prefetch... yes
checking for strong getauxval support in the system headers... no
checking for weak getauxval support in the compiler... yes
checking whether C++ compiler accepts -fvisibility=hidden... (cached) yes
checking for std::system... yes
checking for ::_wsystem... no
checking for Qt5Core >= 5.5.1... yes
checking for Qt5Gui >= 5.5.1... yes
checking for Qt5Widgets >= 5.5.1... yes
checking for Qt5Network >= 5.5.1... yes
checking for Qt5Test >= 5.5.1... yes
checking for Qt5DBus >= 5.5.1... yes
checking for static Qt... (cached) no
checking whether -fPIE can be used with this Qt config... yes
checking for moc-qt5... (cached) /usr/local/Cellar/qt@5/5.15.5/bin/moc
checking for uic-qt5... (cached) /usr/local/Cellar/qt@5/5.15.5/bin/uic
checking for rcc-qt5... (cached) /usr/local/Cellar/qt@5/5.15.5/bin/rcc
checking for lrelease-qt5... (cached) /usr/local/Cellar/qt@5/5.15.5/bin/lrelease
checking for lupdate-qt5... (cached) /usr/local/Cellar/qt@5/5.15.5/bin/lupdate
checking whether the linker accepts -framework Foundation -framework ApplicationServices -framework AppKit... (cached) yes
checking whether to build Bitcoin Core GUI... yes (Qt5)
checking for sqlite3 >= 3.7.17... yes
checking whether to build wallet with support for sqlite... yes
checking for miniupnpc/miniwget.h... (cached) yes
checking for upnpDiscover in -lminiupnpc... (cached) yes
checking for miniupnpc/miniupnpc.h... (cached) yes
checking for upnpDiscover in -lminiupnpc... (cached) yes
checking for miniupnpc/upnpcommands.h... (cached) yes
checking for upnpDiscover in -lminiupnpc... (cached) yes
checking for miniupnpc/upnperrors.h... (cached) yes
checking for upnpDiscover in -lminiupnpc... (cached) yes
checking whether miniUPnPc API version is supported... yes
checking for boostlib >= 1.58.0 (105800)... yes
checking whether the Boost::System library is available... (cached) yes
checking for exit in -lboost_system... (cached) yes
checking whether the Boost::Filesystem library is available... (cached) yes
checking for exit in -lboost_filesystem... (cached) yes
checking whether the Boost::Thread library is available... (cached) yes
checking for exit in -lboost_thread-mt... (cached) yes
checking whether the Boost::Process library is available... (cached) no
checking whether the linker accepts -Wl,--exclude-libs,ALL... (cached) no
checking whether the Boost::Unit_Test_Framework library is available... (cached) yes
checking for dynamic linked boost test... yes
checking for libevent >= 2.0.21... yes
checking for libevent_pthreads >= 2.0.21... yes
checking for libqrencode... yes
checking for libzmq >= 4... yes
checking for libmultiprocess... no
checking whether to build bitcoind... yes
checking whether to build bitcoin-cli... yes
checking whether to build bitcoin-tx... yes
checking whether to build bitcoin-wallet... yes
checking whether to build libraries... yes
checking if ccache should be used... yes
checking if wallet should be enabled... yes
checking whether to build with support for UPnP... yes
checking whether to build with UPnP enabled by default... no
checking whether to build GUI with support for D-Bus... yes
checking whether to build GUI with support for QR codes... yes
checking whether to build test_bitcoin-qt... yes
checking whether to build test_bitcoin... yes
checking whether to reduce exports... yes
checking that generated files are newer than configure... done
configure: creating ./config.status
config.status: creating libbitcoinconsensus.pc
config.status: creating Makefile
config.status: creating src/Makefile
config.status: creating doc/man/Makefile
config.status: creating share/setup.nsi
config.status: creating share/qt/Info.plist
config.status: creating test/config.ini
config.status: creating contrib/devtools/split-debug.sh
config.status: creating src/config/bitcoin-config.h
config.status: executing depfiles commands
config.status: executing libtool commands
=== configuring in src/univalue (/private/var/folders/wh/z5_y2cv53sg24tzvtw_f_y1m0000gn/T/cirrus-ci-build/ci/scratch/build/bitcoin-x86_64-apple-darwin16/src/univalue)
configure: running /bin/sh ./configure --disable-option-checking '--prefix=/private/var/folders/wh/z5_y2cv53sg24tzvtw_f_y1m0000gn/T/cirrus-ci-build/depends/x86_64-apple-darwin16'  '--enable-suppress-external-warnings' '--disable-dependency-tracking' '--bindir=/private/var/folders/wh/z5_y2cv53sg24tzvtw_f_y1m0000gn/T/cirrus-ci-build/ci/scratch/out/x86_64-apple-darwin16/bin' '--libdir=/private/var/folders/wh/z5_y2cv53sg24tzvtw_f_y1m0000gn/T/cirrus-ci-build/ci/scratch/out/x86_64-apple-darwin16/lib' '--enable-werror' '--with-gui' '--enable-reduce-exports' '--with-boost-process' '--disable-shared' '--with-pic' '--enable-benchmark=no' '--with-bignum=no' '--enable-module-recovery' '--enable-module-schnorrsig' '--enable-experimental' --cache-file=../../../config.cache --srcdir=.
configure: loading cache ../../../config.cache
checking whether make supports nested variables... (cached) yes
checking for a BSD-compatible install... (cached) /usr/bin/install -c
checking whether build environment is sane... yes
checking for a race-free mkdir -p... ./build-aux/install-sh -c -d
checking for gawk... (cached) awk
checking whether make sets $(MAKE)... (cached) yes
checking build system type... (cached) x86_64-apple-darwin19.6.0
checking host system type... (cached) x86_64-apple-darwin19.6.0
checking how to print strings... printf
checking whether make supports the include directive... yes (GNU style)
checking for gcc... (cached) gcc
checking whether the C compiler works... yes
checking for C compiler default output file name... a.out
checking for suffix of executables... 
checking whether we are cross compiling... no
checking for suffix of object files... (cached) o
checking whether the compiler supports GNU C... (cached) yes
checking whether gcc accepts -g... (cached) yes
checking for gcc option to enable C11 features... (cached) none needed
checking whether gcc understands -c and -o together... (cached) yes
checking dependency style of gcc... (cached) none
checking for a sed that does not truncate output... (cached) /usr/bin/sed
checking for grep that handles long lines and -e... (cached) /usr/bin/grep
checking for egrep... (cached) /usr/bin/grep -E
checking for fgrep... (cached) /usr/bin/grep -F
checking for ld used by gcc... (cached) /Applications/Xcode-12.1.0.app/Contents/Developer/Toolchains/XcodeDefault.xctoolchain/usr/bin/ld
checking if the linker (/Applications/Xcode-12.1.0.app/Contents/Developer/Toolchains/XcodeDefault.xctoolchain/usr/bin/ld) is GNU ld... (cached) no
checking for BSD- or MS-compatible name lister (nm)... (cached) /usr/bin/nm -B
checking the name lister (/usr/bin/nm -B) interface... (cached) BSD nm
checking whether ln -s works... yes
checking the maximum length of command line arguments... (cached) 196608
checking how to convert x86_64-apple-darwin19.6.0 file names to x86_64-apple-darwin19.6.0 format... (cached) func_convert_file_noop
checking how to convert x86_64-apple-darwin19.6.0 file names to toolchain format... (cached) func_convert_file_noop
checking for /Applications/Xcode-12.1.0.app/Contents/Developer/Toolchains/XcodeDefault.xctoolchain/usr/bin/ld option to reload object files... (cached) -r
checking for file... (cached) file
checking for objdump... (cached) objdump
checking how to recognize dependent libraries... (cached) pass_all
checking for dlltool... no
checking how to associate runtime and link libraries... (cached) printf %s\n
checking for ar... (cached) ar
checking for archiver @FILE support... (cached) no
checking for strip... (cached) strip
checking for ranlib... (cached) ranlib
checking command to parse /usr/bin/nm -B output from gcc object... (cached) ok
checking for sysroot... no
checking for a working dd... (cached) /bin/dd
checking how to truncate binary pipes... (cached) /bin/dd bs=4096 count=1
checking for mt... no
checking if : is a manifest tool... (cached) no
checking for dsymutil... (cached) dsymutil
checking for nmedit... (cached) nmedit
checking for lipo... (cached) lipo
checking for otool... (cached) otool
checking for otool64... no
checking for -single_module linker flag... (cached) yes
checking for -exported_symbols_list linker flag... (cached) yes
checking for -force_load linker flag... (cached) yes
checking for stdio.h... (cached) yes
checking for stdlib.h... (cached) yes
checking for string.h... (cached) yes
checking for inttypes.h... (cached) yes
checking for stdint.h... (cached) yes
checking for strings.h... (cached) yes
checking for sys/stat.h... (cached) yes
checking for sys/types.h... (cached) yes
checking for unistd.h... (cached) yes
checking for dlfcn.h... (cached) yes
checking for objdir... (cached) .libs
checking if gcc supports -fno-rtti -fno-exceptions... (cached) yes
checking for gcc option to produce PIC... (cached) -fno-common -DPIC
checking if gcc PIC flag -fno-common -DPIC works... (cached) yes
checking if gcc static flag -static works... (cached) no
checking if gcc supports -c -o file.o... (cached) yes
checking if gcc supports -c -o file.o... (cached) yes
checking whether the gcc linker (/Applications/Xcode-12.1.0.app/Contents/Developer/Toolchains/XcodeDefault.xctoolchain/usr/bin/ld) supports shared libraries... yes
checking dynamic linker characteristics... darwin19.6.0 dyld
checking how to hardcode library paths into programs... immediate
checking whether stripping libraries is possible... yes
checking if libtool supports shared libraries... yes
checking whether to build shared libraries... no
checking whether to build static libraries... yes
checking for g++... (cached) g++
checking whether the compiler supports GNU C++... (cached) yes
checking whether g++ accepts -g... (cached) yes
checking for g++ option to enable C++11 features... (cached) none needed
checking dependency style of g++... (cached) none
checking how to run the C++ preprocessor... (cached) g++ -std=c++11 -E
checking for ld used by g++... (cached) /Applications/Xcode-12.1.0.app/Contents/Developer/Toolchains/XcodeDefault.xctoolchain/usr/bin/ld
checking if the linker (/Applications/Xcode-12.1.0.app/Contents/Developer/Toolchains/XcodeDefault.xctoolchain/usr/bin/ld) is GNU ld... (cached) no
checking whether the g++ linker (/Applications/Xcode-12.1.0.app/Contents/Developer/Toolchains/XcodeDefault.xctoolchain/usr/bin/ld) supports shared libraries... yes
checking for g++ option to produce PIC... (cached) -fno-common -DPIC
checking if g++ PIC flag -fno-common -DPIC works... (cached) yes
checking if g++ static flag -static works... (cached) no
checking if g++ supports -c -o file.o... (cached) yes
checking if g++ supports -c -o file.o... (cached) yes
checking whether the g++ linker (/Applications/Xcode-12.1.0.app/Contents/Developer/Toolchains/XcodeDefault.xctoolchain/usr/bin/ld) supports shared libraries... yes
checking dynamic linker characteristics... darwin19.6.0 dyld
checking how to hardcode library paths into programs... immediate
checking that generated files are newer than configure... done
configure: creating ./config.status
config.status: creating Makefile
config.status: creating pc/libunivalue.pc
config.status: creating pc/libunivalue-uninstalled.pc
config.status: creating univalue-config.h
config.status: executing depfiles commands
config.status: executing libtool commands
=== configuring in src/secp256k1 (/private/var/folders/wh/z5_y2cv53sg24tzvtw_f_y1m0000gn/T/cirrus-ci-build/ci/scratch/build/bitcoin-x86_64-apple-darwin16/src/secp256k1)
configure: running /bin/sh ./configure --disable-option-checking '--prefix=/private/var/folders/wh/z5_y2cv53sg24tzvtw_f_y1m0000gn/T/cirrus-ci-build/depends/x86_64-apple-darwin16'  '--enable-suppress-external-warnings' '--disable-dependency-tracking' '--bindir=/private/var/folders/wh/z5_y2cv53sg24tzvtw_f_y1m0000gn/T/cirrus-ci-build/ci/scratch/out/x86_64-apple-darwin16/bin' '--libdir=/private/var/folders/wh/z5_y2cv53sg24tzvtw_f_y1m0000gn/T/cirrus-ci-build/ci/scratch/out/x86_64-apple-darwin16/lib' '--enable-werror' '--with-gui' '--enable-reduce-exports' '--with-boost-process' '--disable-shared' '--with-pic' '--enable-benchmark=no' '--with-bignum=no' '--enable-module-recovery' '--enable-module-schnorrsig' '--enable-experimental' --cache-file=../../../config.cache --srcdir=.
configure: loading cache ../../../config.cache
checking build system type... (cached) x86_64-apple-darwin19.6.0
checking host system type... (cached) x86_64-apple-darwin19.6.0
checking for a BSD-compatible install... (cached) /usr/bin/install -c
checking whether build environment is sane... yes
checking for a race-free mkdir -p... ./build-aux/install-sh -c -d
checking for gawk... (cached) awk
checking whether make sets $(MAKE)... (cached) yes
checking whether make supports nested variables... (cached) yes
checking how to print strings... printf
checking whether make supports the include directive... yes (GNU style)
checking for gcc... (cached) gcc
checking whether the C compiler works... yes
checking for C compiler default output file name... a.out
checking for suffix of executables... 
checking whether we are cross compiling... no
checking for suffix of object files... (cached) o
checking whether the compiler supports GNU C... (cached) yes
checking whether gcc accepts -g... (cached) yes
checking for gcc option to enable C11 features... (cached) none needed
checking whether gcc understands -c and -o together... (cached) yes
checking dependency style of gcc... (cached) none
checking for a sed that does not truncate output... (cached) /usr/bin/sed
checking for grep that handles long lines and -e... (cached) /usr/bin/grep
checking for egrep... (cached) /usr/bin/grep -E
checking for fgrep... (cached) /usr/bin/grep -F
checking for ld used by gcc... (cached) /Applications/Xcode-12.1.0.app/Contents/Developer/Toolchains/XcodeDefault.xctoolchain/usr/bin/ld
checking if the linker (/Applications/Xcode-12.1.0.app/Contents/Developer/Toolchains/XcodeDefault.xctoolchain/usr/bin/ld) is GNU ld... (cached) no
checking for BSD- or MS-compatible name lister (nm)... (cached) /usr/bin/nm -B
checking the name lister (/usr/bin/nm -B) interface... (cached) BSD nm
checking whether ln -s works... yes
checking the maximum length of command line arguments... (cached) 196608
checking how to convert x86_64-apple-darwin19.6.0 file names to x86_64-apple-darwin19.6.0 format... (cached) func_convert_file_noop
checking how to convert x86_64-apple-darwin19.6.0 file names to toolchain format... (cached) func_convert_file_noop
checking for /Applications/Xcode-12.1.0.app/Contents/Developer/Toolchains/XcodeDefault.xctoolchain/usr/bin/ld option to reload object files... (cached) -r
checking for file... (cached) file
checking for objdump... (cached) objdump
checking how to recognize dependent libraries... (cached) pass_all
checking for dlltool... no
checking how to associate runtime and link libraries... (cached) printf %s\n
checking for ar... (cached) ar
checking for archiver @FILE support... (cached) no
checking for strip... (cached) strip
checking for ranlib... (cached) ranlib
checking command to parse /usr/bin/nm -B output from gcc object... (cached) ok
checking for sysroot... no
checking for a working dd... (cached) /bin/dd
checking how to truncate binary pipes... (cached) /bin/dd bs=4096 count=1
checking for mt... no
checking if : is a manifest tool... (cached) no
checking for dsymutil... (cached) dsymutil
checking for nmedit... (cached) nmedit
checking for lipo... (cached) lipo
checking for otool... (cached) otool
checking for otool64... no
checking for -single_module linker flag... (cached) yes
checking for -exported_symbols_list linker flag... (cached) yes
checking for -force_load linker flag... (cached) yes
checking for stdio.h... (cached) yes
checking for stdlib.h... (cached) yes
checking for string.h... (cached) yes
checking for inttypes.h... (cached) yes
checking for stdint.h... (cached) yes
checking for strings.h... (cached) yes
checking for sys/stat.h... (cached) yes
checking for sys/types.h... (cached) yes
checking for unistd.h... (cached) yes
checking for dlfcn.h... (cached) yes
checking for objdir... (cached) .libs
rm: conftest.dSYM: is a directory
checking if gcc supports -fno-rtti -fno-exceptions... (cached) yes
checking for gcc option to produce PIC... (cached) -fno-common -DPIC
checking if gcc PIC flag -fno-common -DPIC works... (cached) yes
checking if gcc static flag -static works... (cached) no
checking if gcc supports -c -o file.o... (cached) yes
checking if gcc supports -c -o file.o... (cached) yes
checking whether the gcc linker (/Applications/Xcode-12.1.0.app/Contents/Developer/Toolchains/XcodeDefault.xctoolchain/usr/bin/ld) supports shared libraries... yes
checking dynamic linker characteristics... darwin19.6.0 dyld
checking how to hardcode library paths into programs... immediate
checking whether stripping libraries is possible... yes
checking if libtool supports shared libraries... yes
checking whether to build shared libraries... no
checking whether to build static libraries... yes
checking whether make supports nested variables... (cached) yes
checking for pkg-config... (cached) /usr/local/bin/pkg-config
checking pkg-config is at least version 0.9.0... yes
checking for ar... (cached) /usr/bin/ar
checking for ranlib... (cached) /usr/bin/ranlib
checking for strip... (cached) /usr/bin/strip
checking how to run the C preprocessor... (cached) gcc -E
checking for gcc... (cached) gcc
checking whether the compiler supports GNU C... (cached) yes
checking whether gcc accepts -g... (cached) yes
checking for gcc option to enable C11 features... (cached) none needed
checking whether gcc understands -c and -o together... (cached) yes
checking dependency style of gcc... (cached) none
checking how to run the C preprocessor... (cached) gcc -E
checking dependency style of gcc... (cached) none
checking for brew... (cached) /usr/local/bin/brew
checking if gcc supports -std=c89 -pedantic -Wall -Wextra -Wcast-align -Wnested-externs -Wshadow -Wstrict-prototypes -Wundef -Wno-unused-function -Wno-long-long -Wno-overlength-strings... yes
checking if gcc supports -fvisibility=hidden... yes
checking for valgrind/memcheck.h... (cached) no
checking if native gcc supports -Wall -Wextra -Wno-unused-function... yes
checking for working native compiler: gcc... yes
checking for x86_64 assembly availability... yes
checking for libcrypto... no
checking for openssl/crypto.h... (cached) no
configure: ******
configure: WARNING: experimental build
configure: Experimental features do not have stable APIs or properties, and may not be safe for production use.
configure: Building extrakeys module: yes
configure: Building schnorrsig module: yes
configure: ******
checking that generated files are newer than configure... done
configure: creating ./config.status
config.status: creating Makefile
config.status: creating libsecp256k1.pc
config.status: creating src/libsecp256k1-config.h
config.status: executing depfiles commands
config.status: executing libtool commands

Build Options:
  with ecmult precomp     = yes
  with external callbacks = no
  with benchmarks         = no
  with tests              = yes
  with openssl tests      = no
  with coverage           = no
  module ecdh             = no
  module recovery         = yes
  module extrakeys        = yes
  module schnorrsig       = yes

  asm                     = x86_64
  bignum                  = no
  ecmult window size      = 15
  ecmult gen prec. bits   = 4

  valgrind                = no
  CC                      = gcc
  CFLAGS                  = -O2 -fvisibility=hidden -std=c89 -pedantic -Wall -Wextra -Wcast-align -Wnested-externs -Wshadow -Wstrict-prototypes -Wundef -Wno-unused-function -Wno-long-long -Wno-overlength-strings -W -g
  CPPFLAGS                = 
  LDFLAGS                 = 


Options used to compile and link:
  boost process = no
  multiprocess  = no
  with wallet   = yes
    with sqlite = yes
  with gui / qt = yes
    with qr     = yes
  with zmq      = yes
  with test     = yes
    with fuzz   = no
  with bench    = yes
  with upnp     = yes
  use asm       = yes
  sanitizers    = 
  debug enabled = no
  gprof enabled = no
  werror        = yes

  target os     = darwin
  build os      = darwin19.6.0

  CC            = /usr/local/bin/ccache gcc
  CFLAGS        = -pthread -g -O2
  CPPFLAGS      =   -U_FORTIFY_SOURCE -D_FORTIFY_SOURCE=2  -DHAVE_BUILD_INFO -D__STDC_FORMAT_MACROS -DMAC_OSX -DOBJC_OLD_DISPATCH_PROTOTYPES=0
  CXX           = /usr/local/bin/ccache g++ -std=c++11
  CXXFLAGS      =   -Wstack-protector -fstack-protector-all -fcf-protection=full  -Wall -Wextra -Wgnu -Wformat -Wformat-security -Wvla -Wshadow-field -Wswitch -Wthread-safety -Wrange-loop-analysis -Wredundant-decls -Wunused-variable -Wdate-time -Wconditional-uninitialized -Wsign-compare -Woverloaded-virtual -Wunreachable-code-loop-increment  -Wno-unused-parameter -Wno-self-assign -Wno-unused-local-typedef -Wno-deprecated-register -Wno-implicit-fallthrough  -Werror=gnu -Werror=vla -Werror=shadow-field -Werror=switch -Werror=thread-safety -Werror=range-loop-analysis -Werror=unused-variable -Werror=date-time -Werror=return-type -Werror=conditional-uninitialized -Werror=sign-compare -Werror=unreachable-code-loop-increment  -g -O2 -fvisibility=hidden
  LDFLAGS       = -lpthread  -Wl,-bind_at_load   -Wl,-headerpad_max_install_names -Wl,-dead_strip -Wl,-dead_strip_dylibs
  ARFLAGS       = cr

travis_fold:end:configure

travis_fold:start:build
Making install in src
  CXX      bitcoind-bitcoind.o
  CXX      libbitcoin_server_a-addrdb.o
  CXX      libbitcoin_server_a-addrman.o
  CXX      libbitcoin_server_a-banman.o
  CXX      libbitcoin_server_a-blockencodings.o
  CXX      libbitcoin_server_a-blockfilter.o
  CXX      libbitcoin_server_a-chain.o
  CXX      libbitcoin_server_a-dbwrapper.o
  CXX      libbitcoin_server_a-flatfile.o
  CXX      libbitcoin_server_a-httprpc.o
  CXX      libbitcoin_server_a-httpserver.o
  CXX      libbitcoin_server_a-init.o
  CXX      libbitcoin_server_a-miner.o
  CXX      libbitcoin_server_a-net.o
  CXX      libbitcoin_server_a-net_processing.o
  CXX      libbitcoin_server_a-noui.o
  CXX      libbitcoin_server_a-pow.o
  CXX      libbitcoin_server_a-rest.o
  CXX      libbitcoin_server_a-shutdown.o
  CXX      libbitcoin_server_a-signet.o
  CXX      libbitcoin_server_a-timedata.o
  CXX      libbitcoin_server_a-torcontrol.o
  CXX      libbitcoin_server_a-txdb.o
  CXX      libbitcoin_server_a-txrequest.o
  CXX      libbitcoin_server_a-txmempool.o
  CXX      libbitcoin_server_a-validation.o
  CXX      libbitcoin_server_a-validationinterface.o
  CXX      libbitcoin_server_a-versionbits.o
  CXX      interfaces/libbitcoin_wallet_a-wallet.o
  CXX      wallet/libbitcoin_wallet_a-bdb.o
  CXX      wallet/libbitcoin_wallet_a-coincontrol.o
  CXX      wallet/libbitcoin_wallet_a-context.o
  CXX      wallet/libbitcoin_wallet_a-crypter.o
  CXX      wallet/libbitcoin_wallet_a-db.o
  CXX      wallet/libbitcoin_wallet_a-feebumper.o
  CXX      wallet/libbitcoin_wallet_a-fees.o
  CXX      wallet/libbitcoin_wallet_a-load.o
  CXX      wallet/libbitcoin_wallet_a-rpcdump.o
  CXX      wallet/libbitcoin_wallet_a-rpcwallet.o
  CXX      wallet/libbitcoin_wallet_a-salvage.o
  CXX      wallet/libbitcoin_wallet_a-scriptpubkeyman.o
  CXX      wallet/libbitcoin_wallet_a-wallet.o
  CXX      wallet/libbitcoin_wallet_a-walletdb.o
  CXX      wallet/libbitcoin_wallet_a-walletutil.o
  CXX      wallet/libbitcoin_wallet_a-coinselection.o
  CXX      wallet/libbitcoin_wallet_a-sqlite.o
  CXX      libbitcoin_common_a-base58.o
  CXX      libbitcoin_common_a-bech32.o
  CXX      libbitcoin_common_a-bloom.o
  CXX      libbitcoin_common_a-chainparams.o
  CXX      libbitcoin_common_a-coins.o
  CXX      libbitcoin_common_a-compressor.o
  CXX      libbitcoin_common_a-core_read.o
  CXX      libbitcoin_common_a-core_write.o
  CXX      libbitcoin_common_a-key.o
  CXX      libbitcoin_common_a-key_io.o
  CXX      libbitcoin_common_a-merkleblock.o
  CXX      libbitcoin_common_a-netaddress.o
  CXX      libbitcoin_common_a-netbase.o
  CXX      libbitcoin_common_a-net_permissions.o
  CXX      libbitcoin_common_a-outputtype.o
  CXX      policy/libbitcoin_common_a-feerate.o
  CXX      policy/libbitcoin_common_a-policy.o
  CXX      libbitcoin_common_a-protocol.o
  CXX      libbitcoin_common_a-psbt.o
  CXX      rpc/libbitcoin_common_a-rawtransaction_util.o
  CXX      rpc/libbitcoin_common_a-util.o
  CXX      libbitcoin_common_a-scheduler.o
  CXX      script/libbitcoin_common_a-descriptor.o
  CXX      script/libbitcoin_common_a-sign.o
  CXX      script/libbitcoin_common_a-signingprovider.o
  CXX      script/libbitcoin_common_a-standard.o
  CXX      libbitcoin_common_a-versionbitsinfo.o
  CXX      libbitcoin_common_a-warnings.o
  CXX      libbitcoin_util_a-chainparamsbase.o
  CXX      libbitcoin_util_a-fs.o
  CXX      interfaces/libbitcoin_util_a-handler.o
  CXX      libbitcoin_util_a-logging.o
  CXX      libbitcoin_util_a-random.o
  CXX      libbitcoin_util_a-randomenv.o
  CXX      rpc/libbitcoin_util_a-request.o
  CXX      support/libbitcoin_util_a-cleanse.o
  CXX      libbitcoin_util_a-sync.o
  CXX      libbitcoin_util_a-threadinterrupt.o
  CXX      lib/libunivalue_la-univalue.lo
  CXX      lib/libunivalue_la-univalue_get.lo
  CXX      lib/libunivalue_la-univalue_read.lo
  CXX      lib/libunivalue_la-univalue_write.lo
  CXX      libbitcoin_consensus_a-arith_uint256.o
  CXX      consensus/libbitcoin_consensus_a-merkle.o
  CXXLD    libunivalue.la
  CXX      consensus/libbitcoin_consensus_a-tx_check.o
  CXX      libbitcoin_consensus_a-hash.o
  CXX      libbitcoin_consensus_a-pubkey.o
  CXX      script/libbitcoin_consensus_a-bitcoinconsensus.o
  CXX      script/libbitcoin_consensus_a-interpreter.o
  CXX      script/libbitcoin_consensus_a-script.o
  CXX      script/libbitcoin_consensus_a-script_error.o
  CXX      libbitcoin_consensus_a-uint256.o
  CXX      util/libbitcoin_consensus_a-strencodings.o
  CXX      bitcoin_cli-bitcoin-cli.o
gcc -I. -I./src -Wall -Wextra -Wno-unused-function -g -O2 -c src/gen_context.c -o gen_context.o
  CXX      compat/libbitcoin_cli_a-stdin.o
  CXX      rpc/libbitcoin_cli_a-client.o
  CXX      bitcoin_tx-bitcoin-tx.o
  CXX      bitcoin_wallet-bitcoin-wallet.o
  CXX      wallet/libbitcoin_wallet_tool_a-wallettool.o
gcc -Wall -Wextra -Wno-unused-function -g -O2  gen_context.o -o gen_context
./gen_context
  CC       src/libsecp256k1_la-secp256k1.lo
  CCLD     libsecp256k1.la
Generated test/data/script_tests.json.h
Generated test/data/base58_encode_decode.json.h
Generated test/data/blockfilters.json.h
Generated test/data/key_io_valid.json.h
Generated test/data/key_io_invalid.json.h
Generated test/data/sighash.json.h
Generated test/data/tx_invalid.json.h
Generated test/data/asmap.raw.h
Generated test/data/tx_valid.json.h
  GEN      qt/forms/ui_addressbookpage.h
  GEN      qt/forms/ui_askpassphrasedialog.h
Generated bench/data/block413567.raw.h
  GEN      qt/forms/ui_coincontroldialog.h
  GEN      qt/forms/ui_createwalletdialog.h
  GEN      qt/forms/ui_editaddressdialog.h
  GEN      qt/forms/ui_helpmessagedialog.h
  GEN      qt/forms/ui_intro.h
  GEN      qt/forms/ui_modaloverlay.h
  GEN      qt/forms/ui_openuridialog.h
  GEN      qt/forms/ui_optionsdialog.h
  GEN      qt/forms/ui_overviewpage.h
  GEN      qt/forms/ui_psbtoperationsdialog.h
  GEN      qt/forms/ui_receivecoinsdialog.h
  GEN      qt/forms/ui_receiverequestdialog.h
  GEN      qt/forms/ui_debugwindow.h
  GEN      qt/forms/ui_sendcoinsdialog.h
  GEN      qt/forms/ui_sendcoinsentry.h
  GEN      qt/forms/ui_signverifymessagedialog.h
  GEN      qt/moc_addressbookpage.cpp
  GEN      qt/moc_addresstablemodel.cpp
  GEN      qt/forms/ui_transactiondescdialog.h
  GEN      qt/moc_askpassphrasedialog.cpp
  GEN      qt/moc_createwalletdialog.cpp
  GEN      qt/moc_bantablemodel.cpp
  GEN      qt/moc_bitcoinaddressvalidator.cpp
  GEN      qt/moc_bitcoinamountfield.cpp
  GEN      qt/moc_bitcoin.cpp
  GEN      qt/moc_bitcoingui.cpp
  GEN      qt/moc_bitcoinunits.cpp
  GEN      qt/moc_clientmodel.cpp
  GEN      qt/moc_coincontroldialog.cpp
  GEN      qt/moc_coincontroltreewidget.cpp
  GEN      qt/moc_csvmodelwriter.cpp
  GEN      qt/moc_editaddressdialog.cpp
  GEN      qt/moc_guiutil.cpp
  GEN      qt/moc_intro.cpp
  GEN      qt/moc_macdockiconhandler.cpp
  GEN      qt/moc_macnotificationhandler.cpp
  GEN      qt/moc_modaloverlay.cpp
  GEN      qt/moc_notificator.cpp
  GEN      qt/moc_openuridialog.cpp
  GEN      qt/moc_optionsdialog.cpp
  GEN      qt/moc_optionsmodel.cpp
  GEN      qt/moc_overviewpage.cpp
  GEN      qt/moc_peertablemodel.cpp
  GEN      qt/moc_paymentserver.cpp
  GEN      qt/moc_psbtoperationsdialog.cpp
  GEN      qt/moc_qrimagewidget.cpp
  GEN      qt/moc_qvalidatedlineedit.cpp
  GEN      qt/moc_qvaluecombobox.cpp
  GEN      qt/moc_receivecoinsdialog.cpp
  GEN      qt/moc_receiverequestdialog.cpp
  GEN      qt/moc_recentrequeststablemodel.cpp
  GEN      qt/moc_rpcconsole.cpp
  GEN      qt/moc_sendcoinsdialog.cpp
  GEN      qt/moc_sendcoinsentry.cpp
  GEN      qt/moc_signverifymessagedialog.cpp
  GEN      qt/moc_splashscreen.cpp
  GEN      qt/moc_trafficgraphwidget.cpp
  GEN      qt/moc_transactiondesc.cpp
  GEN      qt/moc_transactiondescdialog.cpp
  GEN      qt/moc_transactionfilterproxy.cpp
  GEN      qt/moc_transactionoverviewwidget.cpp
  GEN      qt/moc_transactiontablemodel.cpp
  GEN      qt/moc_transactionview.cpp
  GEN      qt/moc_utilitydialog.cpp
  GEN      qt/moc_walletcontroller.cpp
  GEN      qt/moc_walletframe.cpp
  GEN      qt/moc_walletmodel.cpp
  GEN      qt/moc_walletview.cpp
  GEN      qt/qrc_bitcoin.cpp
  GEN      qt/locale/bitcoin_af.qm
  GEN      qt/locale/bitcoin_am.qm
  GEN      qt/locale/bitcoin_ar.qm
  GEN      qt/locale/bitcoin_az.qm
  GEN      qt/locale/bitcoin_be.qm
  GEN      qt/locale/bitcoin_bg.qm
  GEN      qt/locale/bitcoin_bn.qm
  GEN      qt/locale/bitcoin_bs.qm
  GEN      qt/locale/bitcoin_ca.qm
  GEN      qt/locale/bitcoin_cs.qm
  GEN      qt/locale/bitcoin_cy.qm
  GEN      qt/locale/bitcoin_da.qm
Removed plural forms as the target language has less forms.
If this sounds wrong, possibly the target language is not set or recognized.
  GEN      qt/locale/bitcoin_de.qm
  GEN      qt/locale/bitcoin_el.qm
  GEN      qt/locale/bitcoin_en.qm
  GEN      qt/locale/bitcoin_en_GB.qm
  GEN      qt/locale/bitcoin_eo.qm
  GEN      qt/locale/bitcoin_es.qm
  GEN      qt/locale/bitcoin_es_CL.qm
  GEN      qt/locale/bitcoin_es_CO.qm
  GEN      qt/locale/bitcoin_es_DO.qm
  GEN      qt/locale/bitcoin_es_MX.qm
  GEN      qt/locale/bitcoin_es_VE.qm
  GEN      qt/locale/bitcoin_et.qm
  GEN      qt/locale/bitcoin_eu.qm
  GEN      qt/locale/bitcoin_fa.qm
Removed plural forms as the target language has less forms.
If this sounds wrong, possibly the target language is not set or recognized.
  GEN      qt/locale/bitcoin_fi.qm
  GEN      qt/locale/bitcoin_fil.qm
  GEN      qt/locale/bitcoin_fr.qm
  GEN      qt/locale/bitcoin_ga.qm
  GEN      qt/locale/bitcoin_gl.qm
  GEN      qt/locale/bitcoin_gl_ES.qm
Removed plural forms as the target language has less forms.
If this sounds wrong, possibly the target language is not set or recognized.
  GEN      qt/locale/bitcoin_gu.qm
  GEN      qt/locale/bitcoin_he.qm
  GEN      qt/locale/bitcoin_hi.qm
Removed plural forms as the target language has less forms.
If this sounds wrong, possibly the target language is not set or recognized.
  GEN      qt/locale/bitcoin_hr.qm
  GEN      qt/locale/bitcoin_hu.qm
  GEN      qt/locale/bitcoin_id.qm
Removed plural forms as the target language has less forms.
If this sounds wrong, possibly the target language is not set or recognized.
  GEN      qt/locale/bitcoin_is.qm
  GEN      qt/locale/bitcoin_it.qm
  GEN      qt/locale/bitcoin_ja.qm
  GEN      qt/locale/bitcoin_ka.qm
  GEN      qt/locale/bitcoin_kk.qm
  GEN      qt/locale/bitcoin_kl.qm
  GEN      qt/locale/bitcoin_km.qm
  GEN      qt/locale/bitcoin_ko.qm
  GEN      qt/locale/bitcoin_ku_IQ.qm
  GEN      qt/locale/bitcoin_ky.qm
  GEN      qt/locale/bitcoin_la.qm
  GEN      qt/locale/bitcoin_lt.qm
  GEN      qt/locale/bitcoin_lv.qm
Removed plural forms as the target language has less forms.
If this sounds wrong, possibly the target language is not set or recognized.
  GEN      qt/locale/bitcoin_mk.qm
  GEN      qt/locale/bitcoin_ml.qm
  GEN      qt/locale/bitcoin_mn.qm
  GEN      qt/locale/bitcoin_mr_IN.qm
  GEN      qt/locale/bitcoin_ms.qm
  GEN      qt/locale/bitcoin_my.qm
  GEN      qt/locale/bitcoin_nb.qm
  GEN      qt/locale/bitcoin_ne.qm
  GEN      qt/locale/bitcoin_nl.qm
  GEN      qt/locale/bitcoin_no.qm
  GEN      qt/locale/bitcoin_pam.qm
  GEN      qt/locale/bitcoin_pl.qm
  GEN      qt/locale/bitcoin_pt.qm
  GEN      qt/locale/bitcoin_pt_BR.qm
Removed plural forms as the target language has less forms.
If this sounds wrong, possibly the target language is not set or recognized.
  GEN      qt/locale/bitcoin_ro.qm
  GEN      qt/locale/bitcoin_ru.qm
  GEN      qt/locale/bitcoin_si.qm
Removed plural forms as the target language has less forms.
If this sounds wrong, possibly the target language is not set or recognized.
  GEN      qt/locale/bitcoin_sk.qm
  GEN      qt/locale/bitcoin_sl.qm
  GEN      qt/locale/bitcoin_sn.qm
Removed plural forms as the target language has less forms.
If this sounds wrong, possibly the target language is not set or recognized.
  GEN      qt/locale/bitcoin_sq.qm
  GEN      qt/locale/bitcoin_sr.qm
  GEN      qt/locale/bitcoin_sr@latin.qm
  GEN      qt/locale/bitcoin_sv.qm
  GEN      qt/locale/bitcoin_szl.qm
  GEN      qt/locale/bitcoin_ta.qm
Removed plural forms as the target language has less forms.
If this sounds wrong, possibly the target language is not set or recognized.
  GEN      qt/locale/bitcoin_te.qm
  GEN      qt/locale/bitcoin_th.qm
  GEN      qt/locale/bitcoin_tr.qm
Removed plural forms as the target language has less forms.
If this sounds wrong, possibly the target language is not set or recognized.
  GEN      qt/locale/bitcoin_ug.qm
  GEN      qt/locale/bitcoin_uk.qm
  GEN      qt/locale/bitcoin_ur.qm
Removed plural forms as the target language has less forms.
If this sounds wrong, possibly the target language is not set or recognized.
  GEN      qt/locale/bitcoin_uz@Cyrl.qm
  GEN      qt/locale/bitcoin_uz@Latn.qm
  GEN      qt/locale/bitcoin_vi.qm
  GEN      qt/locale/bitcoin_yo.qm
  GEN      qt/locale/bitcoin_zh-Hans.qm
  GEN      qt/locale/bitcoin_zh.qm
  GEN      qt/locale/bitcoin_zh_CN.qm
  GEN      qt/locale/bitcoin_zh_HK.qm
  GEN      qt/locale/bitcoin_zh_TW.qm
  GEN      qt/locale/bitcoin_zu.qm
  CXX      wallet/test/qt_test_test_bitcoin_qt-wallet_test_fixture.o
  GEN      qt/test/moc_apptests.cpp
  GEN      qt/test/moc_compattests.cpp
  GEN      qt/test/moc_rpcnestedtests.cpp
  GEN      qt/test/moc_uritests.cpp
  GEN      qt/test/moc_addressbooktests.cpp
  GEN      qt/test/moc_wallettests.cpp
  CXX      support/libbitcoinconsensus_la-cleanse.lo
  CXX      crypto/libbitcoinconsensus_la-aes.lo
  CXX      crypto/libbitcoinconsensus_la-chacha_poly_aead.lo
  CXX      crypto/libbitcoinconsensus_la-chacha20.lo
  CXX      crypto/libbitcoinconsensus_la-hkdf_sha256_32.lo
  CXX      crypto/libbitcoinconsensus_la-hmac_sha256.lo
  CXX      crypto/libbitcoinconsensus_la-hmac_sha512.lo
  CXX      crypto/libbitcoinconsensus_la-poly1305.lo
  CXX      crypto/libbitcoinconsensus_la-ripemd160.lo
  CXX      crypto/libbitcoinconsensus_la-sha1.lo
  CXX      crypto/libbitcoinconsensus_la-sha256.lo
  CXX      crypto/libbitcoinconsensus_la-sha3.lo
  CXX      crypto/libbitcoinconsensus_la-sha512.lo
  CXX      crypto/libbitcoinconsensus_la-siphash.lo
  CXX      crypto/libbitcoinconsensus_la-sha256_sse4.lo
  CXX      libbitcoinconsensus_la-arith_uint256.lo
  CXX      consensus/libbitcoinconsensus_la-merkle.lo
  CXX      consensus/libbitcoinconsensus_la-tx_check.lo
  CXX      libbitcoinconsensus_la-hash.lo
  CXX      primitives/libbitcoinconsensus_la-block.lo
  CXX      primitives/libbitcoinconsensus_la-transaction.lo
  CXX      libbitcoinconsensus_la-pubkey.lo
  CXX      script/libbitcoinconsensus_la-bitcoinconsensus.lo
  CXX      script/libbitcoinconsensus_la-interpreter.lo
  CXX      script/libbitcoinconsensus_la-script.lo
  CXX      script/libbitcoinconsensus_la-script_error.lo
  CXX      libbitcoinconsensus_la-uint256.lo
  CXX      util/libbitcoinconsensus_la-strencodings.lo
  CXX      consensus/libbitcoin_server_a-tx_verify.o
  CXX      index/libbitcoin_server_a-base.o
  CXX      index/libbitcoin_server_a-blockfilterindex.o
  CXX      index/libbitcoin_server_a-txindex.o
  CXX      interfaces/libbitcoin_server_a-chain.o
  CXX      interfaces/libbitcoin_server_a-node.o
  CXX      node/libbitcoin_server_a-coin.o
  CXX      node/libbitcoin_server_a-coinstats.o
  CXX      node/libbitcoin_server_a-context.o
  CXX      node/libbitcoin_server_a-psbt.o
  CXX      node/libbitcoin_server_a-transaction.o
  CXX      node/libbitcoin_server_a-ui_interface.o
  CXX      policy/libbitcoin_server_a-fees.o
  CXX      policy/libbitcoin_server_a-rbf.o
  CXX      policy/libbitcoin_server_a-settings.o
  CXX      rpc/libbitcoin_server_a-blockchain.o
  CXX      rpc/libbitcoin_server_a-mining.o
  CXX      rpc/libbitcoin_server_a-misc.o
  CXX      rpc/libbitcoin_server_a-net.o
  CXX      rpc/libbitcoin_server_a-rawtransaction.o
  CXX      rpc/libbitcoin_server_a-server.o
  CXX      script/libbitcoin_server_a-sigcache.o
  CXX      wallet/libbitcoin_server_a-init.o
  AR       libbitcoin_wallet.a
  AR       libbitcoin_common.a
  CXX      support/libbitcoin_util_a-lockedpool.o
  CXX      libbitcoin_util_a-clientversion.o
  CXX      compat/libbitcoin_util_a-glibc_sanity.o
  CXX      compat/libbitcoin_util_a-glibcxx_sanity.o
  CXX      compat/libbitcoin_util_a-strnlen.o
  CXX      util/libbitcoin_util_a-asmap.o
  CXX      util/libbitcoin_util_a-bip32.o
  CXX      util/libbitcoin_util_a-bytevectorhash.o
  CXX      util/libbitcoin_util_a-error.o
  CXX      util/libbitcoin_util_a-fees.o
  CXX      util/libbitcoin_util_a-system.o
  CXX      util/libbitcoin_util_a-message.o
  CXX      util/libbitcoin_util_a-moneystr.o
  CXX      util/libbitcoin_util_a-rbf.o
  CXX      util/libbitcoin_util_a-settings.o
  CXX      util/libbitcoin_util_a-threadnames.o
  CXX      util/libbitcoin_util_a-spanparsing.o
  CXX      util/libbitcoin_util_a-strencodings.o
  CXX      util/libbitcoin_util_a-string.o
  CXX      util/libbitcoin_util_a-time.o
  CXX      util/libbitcoin_util_a-url.o
  CXX      zmq/libbitcoin_zmq_a-zmqabstractnotifier.o
  CXX      zmq/libbitcoin_zmq_a-zmqnotificationinterface.o
  CXX      zmq/libbitcoin_zmq_a-zmqpublishnotifier.o
  CXX      zmq/libbitcoin_zmq_a-zmqrpc.o
  CXX      zmq/libbitcoin_zmq_a-zmqutil.o
  CXX      primitives/libbitcoin_consensus_a-block.o
  CXX      primitives/libbitcoin_consensus_a-transaction.o
  CXX      crypto/libbitcoin_crypto_base_a-aes.o
  CXX      crypto/libbitcoin_crypto_base_a-chacha_poly_aead.o
  CXX      crypto/libbitcoin_crypto_base_a-chacha20.o
  CXX      crypto/libbitcoin_crypto_base_a-hkdf_sha256_32.o
  CXX      crypto/libbitcoin_crypto_base_a-hmac_sha256.o
  CXX      crypto/libbitcoin_crypto_base_a-hmac_sha512.o
  CXX      crypto/libbitcoin_crypto_base_a-poly1305.o
  CXX      crypto/libbitcoin_crypto_base_a-ripemd160.o
  CXX      crypto/libbitcoin_crypto_base_a-sha1.o
  CXX      crypto/libbitcoin_crypto_base_a-sha256.o
  CXX      crypto/libbitcoin_crypto_base_a-sha3.o
  CXX      crypto/libbitcoin_crypto_base_a-sha512.o
  CXX      crypto/libbitcoin_crypto_base_a-siphash.o
  CXX      crypto/libbitcoin_crypto_base_a-sha256_sse4.o
  CXX      crypto/libbitcoin_crypto_sse41_a-sha256_sse41.o
  CXX      crypto/libbitcoin_crypto_avx2_a-sha256_avx2.o
  CXX      crypto/libbitcoin_crypto_shani_a-sha256_shani.o
  CXX      leveldb/db/libleveldb_a-builder.o
  CXX      leveldb/db/libleveldb_a-c.o
  CXX      leveldb/db/libleveldb_a-dbformat.o
  CXX      leveldb/db/libleveldb_a-db_impl.o
  CXX      leveldb/db/libleveldb_a-db_iter.o
  CXX      leveldb/db/libleveldb_a-dumpfile.o
  CXX      leveldb/db/libleveldb_a-filename.o
  CXX      leveldb/db/libleveldb_a-log_reader.o
  CXX      leveldb/db/libleveldb_a-log_writer.o
  CXX      leveldb/db/libleveldb_a-memtable.o
  CXX      leveldb/db/libleveldb_a-repair.o
  CXX      leveldb/db/libleveldb_a-table_cache.o
  CXX      leveldb/db/libleveldb_a-version_edit.o
  CXX      leveldb/db/libleveldb_a-version_set.o
  CXX      leveldb/db/libleveldb_a-write_batch.o
  CXX      leveldb/table/libleveldb_a-block_builder.o
  CXX      leveldb/table/libleveldb_a-block.o
  CXX      leveldb/table/libleveldb_a-filter_block.o
  CXX      leveldb/table/libleveldb_a-format.o
  CXX      leveldb/table/libleveldb_a-iterator.o
  CXX      leveldb/table/libleveldb_a-merger.o
  CXX      leveldb/table/libleveldb_a-table_builder.o
  CXX      leveldb/table/libleveldb_a-table.o
  CXX      leveldb/table/libleveldb_a-two_level_iterator.o
  CXX      leveldb/util/libleveldb_a-arena.o
  CXX      leveldb/util/libleveldb_a-bloom.o
  CXX      leveldb/util/libleveldb_a-cache.o
  CXX      leveldb/util/libleveldb_a-coding.o
  CXX      leveldb/util/libleveldb_a-comparator.o
  CXX      leveldb/util/libleveldb_a-crc32c.o
  CXX      leveldb/util/libleveldb_a-env.o
  CXX      leveldb/util/libleveldb_a-filter_policy.o
  CXX      leveldb/util/libleveldb_a-hash.o
  CXX      leveldb/util/libleveldb_a-histogram.o
  CXX      leveldb/util/libleveldb_a-logging.o
  CXX      leveldb/util/libleveldb_a-options.o
  CXX      leveldb/util/libleveldb_a-status.o
  CXX      leveldb/util/libleveldb_a-env_posix.o
  CXX      crc32c/src/libcrc32c_a-crc32c.o
  CXX      crc32c/src/libcrc32c_a-crc32c_portable.o
  CXX      crc32c/src/libcrc32c_sse42_a-crc32c_sse42.o
  CXX      leveldb/helpers/memenv/libmemenv_a-memenv.o
  AR       libbitcoin_cli.a
  CXX      test/test_bitcoin-main.o
  AR       libbitcoin_wallet_tool.a
  CXX      wallet/test/test_test_bitcoin-wallet_test_fixture.o
  CXX      wallet/test/test_test_bitcoin-init_test_fixture.o
  CXX      test/test_bitcoin-arith_uint256_tests.o
  CXX      test/test_bitcoin-addrman_tests.o
  CXX      test/test_bitcoin-amount_tests.o
  CXX      test/test_bitcoin-allocator_tests.o
  CXX      test/test_bitcoin-base32_tests.o
  CXX      test/test_bitcoin-base58_tests.o
  CXX      test/test_bitcoin-base64_tests.o
  CXX      test/test_bitcoin-bech32_tests.o
  CXX      test/test_bitcoin-bip32_tests.o
  CXX      test/test_bitcoin-blockchain_tests.o
  CXX      test/test_bitcoin-blockencodings_tests.o
  CXX      test/test_bitcoin-blockfilter_tests.o
  CXX      test/test_bitcoin-blockfilter_index_tests.o
  CXX      test/test_bitcoin-bloom_tests.o
  CXX      test/test_bitcoin-bswap_tests.o
  CXX      test/test_bitcoin-checkqueue_tests.o
  CXX      test/test_bitcoin-coins_tests.o
  CXX      test/test_bitcoin-compilerbug_tests.o
  CXX      test/test_bitcoin-compress_tests.o
  CXX      test/test_bitcoin-crypto_tests.o
  CXX      test/test_bitcoin-cuckoocache_tests.o
  CXX      test/test_bitcoin-denialofservice_tests.o
  CXX      test/test_bitcoin-descriptor_tests.o
  CXX      test/test_bitcoin-flatfile_tests.o
  CXX      test/test_bitcoin-fs_tests.o
  CXX      test/test_bitcoin-getarg_tests.o
  CXX      test/test_bitcoin-hash_tests.o
  CXX      test/test_bitcoin-interfaces_tests.o
  CXX      test/test_bitcoin-key_io_tests.o
  CXX      test/test_bitcoin-key_tests.o
  CXX      test/test_bitcoin-logging_tests.o
  CXX      test/test_bitcoin-dbwrapper_tests.o
  CXX      test/test_bitcoin-validation_tests.o
  CXX      test/test_bitcoin-mempool_tests.o
  CXX      test/test_bitcoin-merkle_tests.o
  CXX      test/test_bitcoin-merkleblock_tests.o
  CXX      test/test_bitcoin-miner_tests.o
  CXX      test/test_bitcoin-multisig_tests.o
  CXX      test/test_bitcoin-net_tests.o
  CXX      test/test_bitcoin-netbase_tests.o
  CXX      test/test_bitcoin-pmt_tests.o
  CXX      test/test_bitcoin-policy_fee_tests.o
  CXX      test/test_bitcoin-policyestimator_tests.o
  CXX      test/test_bitcoin-pow_tests.o
  CXX      test/test_bitcoin-prevector_tests.o
  CXX      test/test_bitcoin-raii_event_tests.o
  CXX      test/test_bitcoin-random_tests.o
  CXX      test/test_bitcoin-ref_tests.o
  CXX      test/test_bitcoin-reverselock_tests.o
  CXX      test/test_bitcoin-rpc_tests.o
  CXX      test/test_bitcoin-sanity_tests.o
  CXX      test/test_bitcoin-scheduler_tests.o
  CXX      test/test_bitcoin-script_p2sh_tests.o
  CXX      test/test_bitcoin-script_tests.o
  CXX      test/test_bitcoin-script_standard_tests.o
  CXX      test/test_bitcoin-scriptnum_tests.o
  CXX      test/test_bitcoin-serialize_tests.o
  CXX      test/test_bitcoin-settings_tests.o
  CXX      test/test_bitcoin-sighash_tests.o
  CXX      test/test_bitcoin-sigopcount_tests.o
  CXX      test/test_bitcoin-skiplist_tests.o
  CXX      test/test_bitcoin-streams_tests.o
  CXX      test/test_bitcoin-sync_tests.o
  CXX      test/test_bitcoin-system_tests.o
  CXX      test/test_bitcoin-util_threadnames_tests.o
  CXX      test/test_bitcoin-timedata_tests.o
  CXX      test/test_bitcoin-torcontrol_tests.o
  CXX      test/test_bitcoin-transaction_tests.o
  CXX      test/test_bitcoin-txindex_tests.o
  CXX      test/test_bitcoin-txrequest_tests.o
  CXX      test/test_bitcoin-txvalidation_tests.o
  CXX      test/test_bitcoin-txvalidationcache_tests.o
  CXX      test/test_bitcoin-uint256_tests.o
  CXX      test/test_bitcoin-util_tests.o
  CXX      test/test_bitcoin-validation_block_tests.o
  CXX      test/test_bitcoin-validation_chainstate_tests.o
  CXX      test/test_bitcoin-validation_chainstatemanager_tests.o
  CXX      test/test_bitcoin-validation_flush_tests.o
  CXX      test/test_bitcoin-validationinterface_tests.o
  CXX      test/test_bitcoin-versionbits_tests.o
  CXX      wallet/test/test_test_bitcoin-db_tests.o
  CXX      wallet/test/test_test_bitcoin-psbt_wallet_tests.o
  CXX      wallet/test/test_test_bitcoin-wallet_tests.o
  CXX      wallet/test/test_test_bitcoin-wallet_crypto_tests.o
  CXX      wallet/test/test_test_bitcoin-coinselector_tests.o
  CXX      wallet/test/test_test_bitcoin-init_tests.o
  CXX      wallet/test/test_test_bitcoin-ismine_tests.o
  CXX      wallet/test/test_test_bitcoin-scriptpubkeyman_tests.o
  CXX      test/util/libtest_util_a-blockfilter.o
  CXX      test/util/libtest_util_a-logging.o
  CXX      test/util/libtest_util_a-mining.o
  CXX      test/util/libtest_util_a-net.o
  CXX      test/util/libtest_util_a-setup_common.o
  CXX      test/util/libtest_util_a-str.o
  CXX      test/util/libtest_util_a-transaction_utils.o
  CXX      test/util/libtest_util_a-validation.o
  CXX      test/util/libtest_util_a-wallet.o
  CXX      bench/bench_bitcoin-addrman.o
  CXX      bench/bench_bitcoin-bench_bitcoin.o
  CXX      bench/bench_bitcoin-bench.o
  CXX      bench/bench_bitcoin-block_assemble.o
  CXX      bench/bench_bitcoin-checkblock.o
  CXX      bench/bench_bitcoin-checkqueue.o
  CXX      bench/bench_bitcoin-data.o
  CXX      bench/bench_bitcoin-duplicate_inputs.o
  CXX      bench/bench_bitcoin-examples.o
  CXX      bench/bench_bitcoin-rollingbloom.o
  CXX      bench/bench_bitcoin-chacha20.o
  CXX      bench/bench_bitcoin-chacha_poly_aead.o
  CXX      bench/bench_bitcoin-crypto_hash.o
  CXX      bench/bench_bitcoin-ccoins_caching.o
  CXX      bench/bench_bitcoin-gcs_filter.o
  CXX      bench/bench_bitcoin-hashpadding.o
  CXX      bench/bench_bitcoin-merkle_root.o
  CXX      bench/bench_bitcoin-mempool_eviction.o
  CXX      bench/bench_bitcoin-mempool_stress.o
  CXX      bench/bench_bitcoin-nanobench.o
  CXX      bench/bench_bitcoin-rpc_blockchain.o
  CXX      bench/bench_bitcoin-rpc_mempool.o
  CXX      bench/bench_bitcoin-util_time.o
  CXX      bench/bench_bitcoin-verify_script.o
  CXX      bench/bench_bitcoin-base58.o
  CXX      bench/bench_bitcoin-bech32.o
  CXX      bench/bench_bitcoin-lockedpool.o
  CXX      bench/bench_bitcoin-poly1305.o
  CXX      bench/bench_bitcoin-prevector.o
  CXX      bench/bench_bitcoin-coin_selection.o
  CXX      bench/bench_bitcoin-wallet_balance.o
  GEN      qt/bitcoinamountfield.moc
  GEN      qt/intro.moc
  GEN      qt/overviewpage.moc
  GEN      qt/rpcconsole.moc
  GEN      qt/qrc_bitcoin_locale.cpp
  CXX      qt/test/test_bitcoin_qt-apptests.o
  CXX      qt/test/test_bitcoin_qt-compattests.o
  CXX      qt/test/test_bitcoin_qt-rpcnestedtests.o
  CXX      qt/test/test_bitcoin_qt-test_main.o
  CXX      qt/test/test_bitcoin_qt-uritests.o
  CXX      qt/test/test_bitcoin_qt-util.o
  CXX      qt/test/test_bitcoin_qt-addressbooktests.o
  CXX      qt/test/test_bitcoin_qt-wallettests.o
  CXX      qt/test/test_bitcoin_qt-moc_apptests.o
  CXX      qt/test/test_bitcoin_qt-moc_compattests.o
  CXX      qt/test/test_bitcoin_qt-moc_rpcnestedtests.o
  CXX      qt/test/test_bitcoin_qt-moc_uritests.o
  CXX      qt/test/test_bitcoin_qt-moc_addressbooktests.o
  CXX      qt/test/test_bitcoin_qt-moc_wallettests.o
  CXXLD    libbitcoinconsensus.la
  AR       libbitcoin_server.a
  AR       libbitcoin_util.a
/Applications/Xcode-12.1.0.app/Contents/Developer/Toolchains/XcodeDefault.xctoolchain/usr/bin/ranlib: file: libbitcoin_util.a(libbitcoin_util_a-strnlen.o) has no symbols
/Applications/Xcode-12.1.0.app/Contents/Developer/Toolchains/XcodeDefault.xctoolchain/usr/bin/ranlib: file: libbitcoin_util.a(libbitcoin_util_a-sync.o) has no symbols
/Applications/Xcode-12.1.0.app/Contents/Developer/Toolchains/XcodeDefault.xctoolchain/usr/bin/ranlib: file: libbitcoin_util.a(libbitcoin_util_a-string.o) has no symbols
/Applications/Xcode-12.1.0.app/Contents/Developer/Toolchains/XcodeDefault.xctoolchain/usr/bin/ranlib: file: libbitcoin_util.a(libbitcoin_util_a-strnlen.o) has no symbols
/Applications/Xcode-12.1.0.app/Contents/Developer/Toolchains/XcodeDefault.xctoolchain/usr/bin/ranlib: file: libbitcoin_util.a(libbitcoin_util_a-sync.o) has no symbols
/Applications/Xcode-12.1.0.app/Contents/Developer/Toolchains/XcodeDefault.xctoolchain/usr/bin/ranlib: file: libbitcoin_util.a(libbitcoin_util_a-string.o) has no symbols
  AR       libbitcoin_zmq.a
  AR       libbitcoin_consensus.a
  AR       crypto/libbitcoin_crypto_base.a
  AR       crypto/libbitcoin_crypto_sse41.a
  AR       crypto/libbitcoin_crypto_avx2.a
  AR       crypto/libbitcoin_crypto_shani.a
  AR       leveldb/libleveldb.a
  AR       crc32c/libcrc32c.a
  AR       crc32c/libcrc32c_sse42.a
  AR       leveldb/libmemenv.a
  CXXLD    bitcoin-cli
  CXXLD    bitcoin-tx
  CXXLD    bitcoin-wallet
  AR       libtest_util.a
  CXX      qt/bitcoin_qt-main.o
  CXX      qt/libbitcoinqt_a-bantablemodel.o
  CXX      qt/libbitcoinqt_a-bitcoin.o
  CXX      qt/libbitcoinqt_a-bitcoinaddressvalidator.o
  CXX      qt/libbitcoinqt_a-bitcoinamountfield.o
  CXX      qt/libbitcoinqt_a-bitcoingui.o
  CXX      qt/libbitcoinqt_a-bitcoinunits.o
  CXX      qt/libbitcoinqt_a-clientmodel.o
  CXX      qt/libbitcoinqt_a-csvmodelwriter.o
  CXX      qt/libbitcoinqt_a-guiutil.o
qt/bitcoin.cpp:267:33: warning: 'QFlags' is deprecated: Use default constructor instead [-Wdeprecated-declarations]
    m_splash = new SplashScreen(nullptr, networkStyle);
                                ^
/usr/local/Cellar/qt@5/5.15.5/lib/QtCore.framework/Headers/qflags.h:123:5: note: 'QFlags' has been explicitly marked deprecated here
    QT_DEPRECATED_X("Use default constructor instead") Q_DECL_CONSTEXPR inline QFlags(Zero) noexcept : i(0) {}
    ^
/usr/local/Cellar/qt@5/5.15.5/lib/QtCore.framework/Headers/qglobal.h:294:33: note: expanded from macro 'QT_DEPRECATED_X'
#  define QT_DEPRECATED_X(text) Q_DECL_DEPRECATED_X(text)
                                ^
/usr/local/Cellar/qt@5/5.15.5/lib/QtCore.framework/Headers/qcompilerdetection.h:675:55: note: expanded from macro 'Q_DECL_DEPRECATED_X'
#    define Q_DECL_DEPRECATED_X(text) __attribute__ ((__deprecated__(text)))
                                                      ^
1 warning generated.
  CXX      qt/libbitcoinqt_a-intro.o
qt/bitcoingui.cpp:1314:29: warning: 'pixmap' is deprecated: Use the other overload which returns QPixmap by-value [-Wdeprecated-declarations]
        if (labelProxyIcon->pixmap() == nullptr) {
                            ^
/usr/local/Cellar/qt@5/5.15.5/lib/QtWidgets.framework/Headers/qlabel.h:77:5: note: 'pixmap' has been explicitly marked deprecated here
    QT_DEPRECATED_VERSION_X(5, 15, "Use the other overload which returns QPixmap by-value")
    ^
/usr/local/Cellar/qt@5/5.15.5/lib/QtCore.framework/Headers/qglobal.h:390:53: note: expanded from macro 'QT_DEPRECATED_VERSION_X'
#define QT_DEPRECATED_VERSION_X(major, minor, text) QT_DEPRECATED_VERSION_X_##major##_##minor(text)
                                                    ^
<scratch space>:6:1: note: expanded from here
QT_DEPRECATED_VERSION_X_5_15
^
/usr/local/Cellar/qt@5/5.15.5/lib/QtCore.framework/Headers/qglobal.h:374:45: note: expanded from macro 'QT_DEPRECATED_VERSION_X_5_15'
# define QT_DEPRECATED_VERSION_X_5_15(text) QT_DEPRECATED_X(text)
                                            ^
/usr/local/Cellar/qt@5/5.15.5/lib/QtCore.framework/Headers/qglobal.h:294:33: note: expanded from macro 'QT_DEPRECATED_X'
#  define QT_DEPRECATED_X(text) Q_DECL_DEPRECATED_X(text)
                                ^
/usr/local/Cellar/qt@5/5.15.5/lib/QtCore.framework/Headers/qcompilerdetection.h:675:55: note: expanded from macro 'Q_DECL_DEPRECATED_X'
#    define Q_DECL_DEPRECATED_X(text) __attribute__ ((__deprecated__(text)))
                                                      ^
1 warning generated.
  CXX      qt/libbitcoinqt_a-modaloverlay.o
  CXX      qt/libbitcoinqt_a-networkstyle.o
  CXX      qt/libbitcoinqt_a-notificator.o
  CXX      qt/libbitcoinqt_a-optionsdialog.o
  CXX      qt/libbitcoinqt_a-optionsmodel.o
  CXX      qt/libbitcoinqt_a-peertablemodel.o
  CXX      qt/libbitcoinqt_a-platformstyle.o
  CXX      qt/libbitcoinqt_a-qvalidatedlineedit.o
  CXX      qt/libbitcoinqt_a-qvaluecombobox.o
  CXX      qt/libbitcoinqt_a-rpcconsole.o
qt/optionsmodel.cpp:222:59: warning: 'split' is deprecated: Use split(const QString &sep, Qt::SplitBehavior ...) variant instead [-Wdeprecated-declarations]
    QStringList ip_port = settings.value(name).toString().split(":", QString::SkipEmptyParts);
                                                          ^
/usr/local/Cellar/qt@5/5.15.5/lib/QtCore.framework/Headers/qstring.h:608:23: note: 'split' has been explicitly marked deprecated here
    Q_REQUIRED_RESULT QT_DEPRECATED_VERSION_X_5_15("Use split(const QString &sep, Qt::SplitBehavior ...) variant instead")
                      ^
/usr/local/Cellar/qt@5/5.15.5/lib/QtCore.framework/Headers/qglobal.h:374:45: note: expanded from macro 'QT_DEPRECATED_VERSION_X_5_15'
# define QT_DEPRECATED_VERSION_X_5_15(text) QT_DEPRECATED_X(text)
                                            ^
/usr/local/Cellar/qt@5/5.15.5/lib/QtCore.framework/Headers/qglobal.h:294:33: note: expanded from macro 'QT_DEPRECATED_X'
#  define QT_DEPRECATED_X(text) Q_DECL_DEPRECATED_X(text)
                                ^
/usr/local/Cellar/qt@5/5.15.5/lib/QtCore.framework/Headers/qcompilerdetection.h:675:55: note: expanded from macro 'Q_DECL_DEPRECATED_X'
#    define Q_DECL_DEPRECATED_X(text) __attribute__ ((__deprecated__(text)))
                                                      ^
1 warning generated.
  CXX      qt/libbitcoinqt_a-splashscreen.o
  CXX      qt/libbitcoinqt_a-trafficgraphwidget.o
  CXX      qt/libbitcoinqt_a-utilitydialog.o
  CXX      qt/libbitcoinqt_a-addressbookpage.o
  CXX      qt/libbitcoinqt_a-addresstablemodel.o
  CXX      qt/libbitcoinqt_a-askpassphrasedialog.o
  CXX      qt/libbitcoinqt_a-coincontroldialog.o
  CXX      qt/libbitcoinqt_a-coincontroltreewidget.o
  CXX      qt/libbitcoinqt_a-createwalletdialog.o
  CXX      qt/libbitcoinqt_a-editaddressdialog.o
  CXX      qt/libbitcoinqt_a-openuridialog.o
  CXX      qt/libbitcoinqt_a-overviewpage.o
  CXX      qt/libbitcoinqt_a-paymentserver.o
  CXX      qt/libbitcoinqt_a-psbtoperationsdialog.o
  CXX      qt/libbitcoinqt_a-qrimagewidget.o
  CXX      qt/libbitcoinqt_a-receivecoinsdialog.o
qt/qrimagewidget.cpp:101:9: warning: 'pixmap' is deprecated: Use the other overload which returns QPixmap by-value [-Wdeprecated-declarations]
    if(!pixmap())
        ^
/usr/local/Cellar/qt@5/5.15.5/lib/QtWidgets.framework/Headers/qlabel.h:77:5: note: 'pixmap' has been explicitly marked deprecated here
    QT_DEPRECATED_VERSION_X(5, 15, "Use the other overload which returns QPixmap by-value")
    ^
/usr/local/Cellar/qt@5/5.15.5/lib/QtCore.framework/Headers/qglobal.h:390:53: note: expanded from macro 'QT_DEPRECATED_VERSION_X'
#define QT_DEPRECATED_VERSION_X(major, minor, text) QT_DEPRECATED_VERSION_X_##major##_##minor(text)
                                                    ^
<scratch space>:114:1: note: expanded from here
QT_DEPRECATED_VERSION_X_5_15
^
/usr/local/Cellar/qt@5/5.15.5/lib/QtCore.framework/Headers/qglobal.h:374:45: note: expanded from macro 'QT_DEPRECATED_VERSION_X_5_15'
# define QT_DEPRECATED_VERSION_X_5_15(text) QT_DEPRECATED_X(text)
                                            ^
/usr/local/Cellar/qt@5/5.15.5/lib/QtCore.framework/Headers/qglobal.h:294:33: note: expanded from macro 'QT_DEPRECATED_X'
#  define QT_DEPRECATED_X(text) Q_DECL_DEPRECATED_X(text)
                                ^
/usr/local/Cellar/qt@5/5.15.5/lib/QtCore.framework/Headers/qcompilerdetection.h:675:55: note: expanded from macro 'Q_DECL_DEPRECATED_X'
#    define Q_DECL_DEPRECATED_X(text) __attribute__ ((__deprecated__(text)))
                                                      ^
qt/qrimagewidget.cpp:103:12: warning: 'pixmap' is deprecated: Use the other overload which returns QPixmap by-value [-Wdeprecated-declarations]
    return pixmap()->toImage();
           ^
/usr/local/Cellar/qt@5/5.15.5/lib/QtWidgets.framework/Headers/qlabel.h:77:5: note: 'pixmap' has been explicitly marked deprecated here
    QT_DEPRECATED_VERSION_X(5, 15, "Use the other overload which returns QPixmap by-value")
    ^
/usr/local/Cellar/qt@5/5.15.5/lib/QtCore.framework/Headers/qglobal.h:390:53: note: expanded from macro 'QT_DEPRECATED_VERSION_X'
#define QT_DEPRECATED_VERSION_X(major, minor, text) QT_DEPRECATED_VERSION_X_##major##_##minor(text)
                                                    ^
<scratch space>:114:1: note: expanded from here
QT_DEPRECATED_VERSION_X_5_15
^
/usr/local/Cellar/qt@5/5.15.5/lib/QtCore.framework/Headers/qglobal.h:374:45: note: expanded from macro 'QT_DEPRECATED_VERSION_X_5_15'
# define QT_DEPRECATED_VERSION_X_5_15(text) QT_DEPRECATED_X(text)
                                            ^
/usr/local/Cellar/qt@5/5.15.5/lib/QtCore.framework/Headers/qglobal.h:294:33: note: expanded from macro 'QT_DEPRECATED_X'
#  define QT_DEPRECATED_X(text) Q_DECL_DEPRECATED_X(text)
                                ^
/usr/local/Cellar/qt@5/5.15.5/lib/QtCore.framework/Headers/qcompilerdetection.h:675:55: note: expanded from macro 'Q_DECL_DEPRECATED_X'
#    define Q_DECL_DEPRECATED_X(text) __attribute__ ((__deprecated__(text)))
                                                      ^
qt/qrimagewidget.cpp:108:45: warning: 'pixmap' is deprecated: Use the other overload which returns QPixmap by-value [-Wdeprecated-declarations]
    if(event->button() == Qt::LeftButton && pixmap())
                                            ^
/usr/local/Cellar/qt@5/5.15.5/lib/QtWidgets.framework/Headers/qlabel.h:77:5: note: 'pixmap' has been explicitly marked deprecated here
    QT_DEPRECATED_VERSION_X(5, 15, "Use the other overload which returns QPixmap by-value")
    ^
/usr/local/Cellar/qt@5/5.15.5/lib/QtCore.framework/Headers/qglobal.h:390:53: note: expanded from macro 'QT_DEPRECATED_VERSION_X'
#define QT_DEPRECATED_VERSION_X(major, minor, text) QT_DEPRECATED_VERSION_X_##major##_##minor(text)
                                                    ^
<scratch space>:114:1: note: expanded from here
QT_DEPRECATED_VERSION_X_5_15
^
/usr/local/Cellar/qt@5/5.15.5/lib/QtCore.framework/Headers/qglobal.h:374:45: note: expanded from macro 'QT_DEPRECATED_VERSION_X_5_15'
# define QT_DEPRECATED_VERSION_X_5_15(text) QT_DEPRECATED_X(text)
                                            ^
/usr/local/Cellar/qt@5/5.15.5/lib/QtCore.framework/Headers/qglobal.h:294:33: note: expanded from macro 'QT_DEPRECATED_X'
#  define QT_DEPRECATED_X(text) Q_DECL_DEPRECATED_X(text)
                                ^
/usr/local/Cellar/qt@5/5.15.5/lib/QtCore.framework/Headers/qcompilerdetection.h:675:55: note: expanded from macro 'Q_DECL_DEPRECATED_X'
#    define Q_DECL_DEPRECATED_X(text) __attribute__ ((__deprecated__(text)))
                                                      ^
qt/qrimagewidget.cpp:124:9: warning: 'pixmap' is deprecated: Use the other overload which returns QPixmap by-value [-Wdeprecated-declarations]
    if(!pixmap())
        ^
/usr/local/Cellar/qt@5/5.15.5/lib/QtWidgets.framework/Headers/qlabel.h:77:5: note: 'pixmap' has been explicitly marked deprecated here
    QT_DEPRECATED_VERSION_X(5, 15, "Use the other overload which returns QPixmap by-value")
    ^
/usr/local/Cellar/qt@5/5.15.5/lib/QtCore.framework/Headers/qglobal.h:390:53: note: expanded from macro 'QT_DEPRECATED_VERSION_X'
#define QT_DEPRECATED_VERSION_X(major, minor, text) QT_DEPRECATED_VERSION_X_##major##_##minor(text)
                                                    ^
<scratch space>:114:1: note: expanded from here
QT_DEPRECATED_VERSION_X_5_15
^
/usr/local/Cellar/qt@5/5.15.5/lib/QtCore.framework/Headers/qglobal.h:374:45: note: expanded from macro 'QT_DEPRECATED_VERSION_X_5_15'
# define QT_DEPRECATED_VERSION_X_5_15(text) QT_DEPRECATED_X(text)
                                            ^
/usr/local/Cellar/qt@5/5.15.5/lib/QtCore.framework/Headers/qglobal.h:294:33: note: expanded from macro 'QT_DEPRECATED_X'
#  define QT_DEPRECATED_X(text) Q_DECL_DEPRECATED_X(text)
                                ^
/usr/local/Cellar/qt@5/5.15.5/lib/QtCore.framework/Headers/qcompilerdetection.h:675:55: note: expanded from macro 'Q_DECL_DEPRECATED_X'
#    define Q_DECL_DEPRECATED_X(text) __attribute__ ((__deprecated__(text)))
                                                      ^
qt/qrimagewidget.cpp:135:9: warning: 'pixmap' is deprecated: Use the other overload which returns QPixmap by-value [-Wdeprecated-declarations]
    if(!pixmap())
        ^
/usr/local/Cellar/qt@5/5.15.5/lib/QtWidgets.framework/Headers/qlabel.h:77:5: note: 'pixmap' has been explicitly marked deprecated here
    QT_DEPRECATED_VERSION_X(5, 15, "Use the other overload which returns QPixmap by-value")
    ^
/usr/local/Cellar/qt@5/5.15.5/lib/QtCore.framework/Headers/qglobal.h:390:53: note: expanded from macro 'QT_DEPRECATED_VERSION_X'
#define QT_DEPRECATED_VERSION_X(major, minor, text) QT_DEPRECATED_VERSION_X_##major##_##minor(text)
                                                    ^
<scratch space>:114:1: note: expanded from here
QT_DEPRECATED_VERSION_X_5_15
^
/usr/local/Cellar/qt@5/5.15.5/lib/QtCore.framework/Headers/qglobal.h:374:45: note: expanded from macro 'QT_DEPRECATED_VERSION_X_5_15'
# define QT_DEPRECATED_VERSION_X_5_15(text) QT_DEPRECATED_X(text)
                                            ^
/usr/local/Cellar/qt@5/5.15.5/lib/QtCore.framework/Headers/qglobal.h:294:33: note: expanded from macro 'QT_DEPRECATED_X'
#  define QT_DEPRECATED_X(text) Q_DECL_DEPRECATED_X(text)
                                ^
/usr/local/Cellar/qt@5/5.15.5/lib/QtCore.framework/Headers/qcompilerdetection.h:675:55: note: expanded from macro 'Q_DECL_DEPRECATED_X'
#    define Q_DECL_DEPRECATED_X(text) __attribute__ ((__deprecated__(text)))
                                                      ^
qt/qrimagewidget.cpp:142:9: warning: 'pixmap' is deprecated: Use the other overload which returns QPixmap by-value [-Wdeprecated-declarations]
    if(!pixmap())
        ^
/usr/local/Cellar/qt@5/5.15.5/lib/QtWidgets.framework/Headers/qlabel.h:77:5: note: 'pixmap' has been explicitly marked deprecated here
    QT_DEPRECATED_VERSION_X(5, 15, "Use the other overload which returns QPixmap by-value")
    ^
/usr/local/Cellar/qt@5/5.15.5/lib/QtCore.framework/Headers/qglobal.h:390:53: note: expanded from macro 'QT_DEPRECATED_VERSION_X'
#define QT_DEPRECATED_VERSION_X(major, minor, text) QT_DEPRECATED_VERSION_X_##major##_##minor(text)
                                                    ^
<scratch space>:114:1: note: expanded from here
QT_DEPRECATED_VERSION_X_5_15
^
/usr/local/Cellar/qt@5/5.15.5/lib/QtCore.framework/Headers/qglobal.h:374:45: note: expanded from macro 'QT_DEPRECATED_VERSION_X_5_15'
# define QT_DEPRECATED_VERSION_X_5_15(text) QT_DEPRECATED_X(text)
                                            ^
/usr/local/Cellar/qt@5/5.15.5/lib/QtCore.framework/Headers/qglobal.h:294:33: note: expanded from macro 'QT_DEPRECATED_X'
#  define QT_DEPRECATED_X(text) Q_DECL_DEPRECATED_X(text)
                                ^
/usr/local/Cellar/qt@5/5.15.5/lib/QtCore.framework/Headers/qcompilerdetection.h:675:55: note: expanded from macro 'Q_DECL_DEPRECATED_X'
#    define Q_DECL_DEPRECATED_X(text) __attribute__ ((__deprecated__(text)))
                                                      ^
6 warnings generated.
  CXX      qt/libbitcoinqt_a-receiverequestdialog.o
  CXX      qt/libbitcoinqt_a-recentrequeststablemodel.o
  CXX      qt/libbitcoinqt_a-sendcoinsdialog.o
  CXX      qt/libbitcoinqt_a-sendcoinsentry.o
  CXX      qt/libbitcoinqt_a-signverifymessagedialog.o
  CXX      qt/libbitcoinqt_a-transactiondesc.o
  CXX      qt/libbitcoinqt_a-transactiondescdialog.o
  CXX      qt/libbitcoinqt_a-transactionfilterproxy.o
  CXX      qt/libbitcoinqt_a-transactionrecord.o
  CXX      qt/libbitcoinqt_a-transactiontablemodel.o
  CXX      qt/libbitcoinqt_a-transactionview.o
qt/sendcoinsdialog.cpp:176:72: warning: 'buttonClicked' is deprecated: Use QButtonGroup::idClicked(int) instead [-Wdeprecated-declarations]
        connect(ui->groupFee, static_cast<void (QButtonGroup::*)(int)>(&QButtonGroup::buttonClicked), this, &SendCoinsDialog::updateFeeSectionControls);
                                                                       ^
/usr/local/Cellar/qt@5/5.15.5/lib/QtWidgets.framework/Headers/qbuttongroup.h:89:5: note: 'buttonClicked' has been explicitly marked deprecated here
    QT_DEPRECATED_VERSION_X_5_15("Use QButtonGroup::idClicked(int) instead")
    ^
/usr/local/Cellar/qt@5/5.15.5/lib/QtCore.framework/Headers/qglobal.h:374:45: note: expanded from macro 'QT_DEPRECATED_VERSION_X_5_15'
# define QT_DEPRECATED_VERSION_X_5_15(text) QT_DEPRECATED_X(text)
                                            ^
/usr/local/Cellar/qt@5/5.15.5/lib/QtCore.framework/Headers/qglobal.h:294:33: note: expanded from macro 'QT_DEPRECATED_X'
#  define QT_DEPRECATED_X(text) Q_DECL_DEPRECATED_X(text)
                                ^
/usr/local/Cellar/qt@5/5.15.5/lib/QtCore.framework/Headers/qcompilerdetection.h:675:55: note: expanded from macro 'Q_DECL_DEPRECATED_X'
#    define Q_DECL_DEPRECATED_X(text) __attribute__ ((__deprecated__(text)))
                                                      ^
qt/sendcoinsdialog.cpp:177:72: warning: 'buttonClicked' is deprecated: Use QButtonGroup::idClicked(int) instead [-Wdeprecated-declarations]
        connect(ui->groupFee, static_cast<void (QButtonGroup::*)(int)>(&QButtonGroup::buttonClicked), this, &SendCoinsDialog::coinControlUpdateLabels);
                                                                       ^
/usr/local/Cellar/qt@5/5.15.5/lib/QtWidgets.framework/Headers/qbuttongroup.h:89:5: note: 'buttonClicked' has been explicitly marked deprecated here
    QT_DEPRECATED_VERSION_X_5_15("Use QButtonGroup::idClicked(int) instead")
    ^
/usr/local/Cellar/qt@5/5.15.5/lib/QtCore.framework/Headers/qglobal.h:374:45: note: expanded from macro 'QT_DEPRECATED_VERSION_X_5_15'
# define QT_DEPRECATED_VERSION_X_5_15(text) QT_DEPRECATED_X(text)
                                            ^
/usr/local/Cellar/qt@5/5.15.5/lib/QtCore.framework/Headers/qglobal.h:294:33: note: expanded from macro 'QT_DEPRECATED_X'
#  define QT_DEPRECATED_X(text) Q_DECL_DEPRECATED_X(text)
                                ^
/usr/local/Cellar/qt@5/5.15.5/lib/QtCore.framework/Headers/qcompilerdetection.h:675:55: note: expanded from macro 'Q_DECL_DEPRECATED_X'
#    define Q_DECL_DEPRECATED_X(text) __attribute__ ((__deprecated__(text)))
                                                      ^
2 warnings generated.
  CXX      qt/libbitcoinqt_a-walletcontroller.o
  CXX      qt/libbitcoinqt_a-walletframe.o
  CXX      qt/libbitcoinqt_a-walletmodel.o
qt/transactionview.cpp:240:85: warning: 'split' is deprecated: Use split(const QString &sep, Qt::SplitBehavior ...) variant instead [-Wdeprecated-declarations]
            QStringList listUrls = _model->getOptionsModel()->getThirdPartyTxUrls().split("|", QString::SkipEmptyParts);
                                                                                    ^
/usr/local/Cellar/qt@5/5.15.5/lib/QtCore.framework/Headers/qstring.h:608:23: note: 'split' has been explicitly marked deprecated here
    Q_REQUIRED_RESULT QT_DEPRECATED_VERSION_X_5_15("Use split(const QString &sep, Qt::SplitBehavior ...) variant instead")
                      ^
/usr/local/Cellar/qt@5/5.15.5/lib/QtCore.framework/Headers/qglobal.h:374:45: note: expanded from macro 'QT_DEPRECATED_VERSION_X_5_15'
# define QT_DEPRECATED_VERSION_X_5_15(text) QT_DEPRECATED_X(text)
                                            ^
/usr/local/Cellar/qt@5/5.15.5/lib/QtCore.framework/Headers/qglobal.h:294:33: note: expanded from macro 'QT_DEPRECATED_X'
#  define QT_DEPRECATED_X(text) Q_DECL_DEPRECATED_X(text)
                                ^
/usr/local/Cellar/qt@5/5.15.5/lib/QtCore.framework/Headers/qcompilerdetection.h:675:55: note: expanded from macro 'Q_DECL_DEPRECATED_X'
#    define Q_DECL_DEPRECATED_X(text) __attribute__ ((__deprecated__(text)))
                                                      ^
qt/transactionview.cpp:278:17: warning: 'QDateTime' is deprecated: Use QDate::startOfDay() [-Wdeprecated-declarations]
                QDateTime(current),
                ^
/usr/local/Cellar/qt@5/5.15.5/lib/QtCore.framework/Headers/qdatetime.h:298:5: note: 'QDateTime' has been explicitly marked deprecated here
    QT_DEPRECATED_X("Use QDate::startOfDay()") explicit QDateTime(const QDate &);
    ^
/usr/local/Cellar/qt@5/5.15.5/lib/QtCore.framework/Headers/qglobal.h:294:33: note: expanded from macro 'QT_DEPRECATED_X'
#  define QT_DEPRECATED_X(text) Q_DECL_DEPRECATED_X(text)
                                ^
/usr/local/Cellar/qt@5/5.15.5/lib/QtCore.framework/Headers/qcompilerdetection.h:675:55: note: expanded from macro 'Q_DECL_DEPRECATED_X'
#    define Q_DECL_DEPRECATED_X(text) __attribute__ ((__deprecated__(text)))
                                                      ^
qt/transactionview.cpp:285:17: warning: 'QDateTime' is deprecated: Use QDate::startOfDay() [-Wdeprecated-declarations]
                QDateTime(startOfWeek),
                ^
/usr/local/Cellar/qt@5/5.15.5/lib/QtCore.framework/Headers/qdatetime.h:298:5: note: 'QDateTime' has been explicitly marked deprecated here
    QT_DEPRECATED_X("Use QDate::startOfDay()") explicit QDateTime(const QDate &);
    ^
/usr/local/Cellar/qt@5/5.15.5/lib/QtCore.framework/Headers/qglobal.h:294:33: note: expanded from macro 'QT_DEPRECATED_X'
#  define QT_DEPRECATED_X(text) Q_DECL_DEPRECATED_X(text)
                                ^
/usr/local/Cellar/qt@5/5.15.5/lib/QtCore.framework/Headers/qcompilerdetection.h:675:55: note: expanded from macro 'Q_DECL_DEPRECATED_X'
#    define Q_DECL_DEPRECATED_X(text) __attribute__ ((__deprecated__(text)))
                                                      ^
qt/transactionview.cpp:291:17: warning: 'QDateTime' is deprecated: Use QDate::startOfDay() [-Wdeprecated-declarations]
                QDateTime(QDate(current.year(), current.month(), 1)),
                ^
/usr/local/Cellar/qt@5/5.15.5/lib/QtCore.framework/Headers/qdatetime.h:298:5: note: 'QDateTime' has been explicitly marked deprecated here
    QT_DEPRECATED_X("Use QDate::startOfDay()") explicit QDateTime(const QDate &);
    ^
/usr/local/Cellar/qt@5/5.15.5/lib/QtCore.framework/Headers/qglobal.h:294:33: note: expanded from macro 'QT_DEPRECATED_X'
#  define QT_DEPRECATED_X(text) Q_DECL_DEPRECATED_X(text)
                                ^
/usr/local/Cellar/qt@5/5.15.5/lib/QtCore.framework/Headers/qcompilerdetection.h:675:55: note: expanded from macro 'Q_DECL_DEPRECATED_X'
#    define Q_DECL_DEPRECATED_X(text) __attribute__ ((__deprecated__(text)))
                                                      ^
qt/transactionview.cpp:296:17: warning: 'QDateTime' is deprecated: Use QDate::startOfDay() [-Wdeprecated-declarations]
                QDateTime(QDate(current.year(), current.month(), 1).addMonths(-1)),
                ^
/usr/local/Cellar/qt@5/5.15.5/lib/QtCore.framework/Headers/qdatetime.h:298:5: note: 'QDateTime' has been explicitly marked deprecated here
    QT_DEPRECATED_X("Use QDate::startOfDay()") explicit QDateTime(const QDate &);
    ^
/usr/local/Cellar/qt@5/5.15.5/lib/QtCore.framework/Headers/qglobal.h:294:33: note: expanded from macro 'QT_DEPRECATED_X'
#  define QT_DEPRECATED_X(text) Q_DECL_DEPRECATED_X(text)
                                ^
/usr/local/Cellar/qt@5/5.15.5/lib/QtCore.framework/Headers/qcompilerdetection.h:675:55: note: expanded from macro 'Q_DECL_DEPRECATED_X'
#    define Q_DECL_DEPRECATED_X(text) __attribute__ ((__deprecated__(text)))
                                                      ^
qt/transactionview.cpp:297:17: warning: 'QDateTime' is deprecated: Use QDate::startOfDay() [-Wdeprecated-declarations]
                QDateTime(QDate(current.year(), current.month(), 1)));
                ^
/usr/local/Cellar/qt@5/5.15.5/lib/QtCore.framework/Headers/qdatetime.h:298:5: note: 'QDateTime' has been explicitly marked deprecated here
    QT_DEPRECATED_X("Use QDate::startOfDay()") explicit QDateTime(const QDate &);
    ^
/usr/local/Cellar/qt@5/5.15.5/lib/QtCore.framework/Headers/qglobal.h:294:33: note: expanded from macro 'QT_DEPRECATED_X'
#  define QT_DEPRECATED_X(text) Q_DECL_DEPRECATED_X(text)
                                ^
/usr/local/Cellar/qt@5/5.15.5/lib/QtCore.framework/Headers/qcompilerdetection.h:675:55: note: expanded from macro 'Q_DECL_DEPRECATED_X'
#    define Q_DECL_DEPRECATED_X(text) __attribute__ ((__deprecated__(text)))
                                                      ^
qt/transactionview.cpp:301:17: warning: 'QDateTime' is deprecated: Use QDate::startOfDay() [-Wdeprecated-declarations]
                QDateTime(QDate(current.year(), 1, 1)),
                ^
/usr/local/Cellar/qt@5/5.15.5/lib/QtCore.framework/Headers/qdatetime.h:298:5: note: 'QDateTime' has been explicitly marked deprecated here
    QT_DEPRECATED_X("Use QDate::startOfDay()") explicit QDateTime(const QDate &);
    ^
/usr/local/Cellar/qt@5/5.15.5/lib/QtCore.framework/Headers/qglobal.h:294:33: note: expanded from macro 'QT_DEPRECATED_X'
#  define QT_DEPRECATED_X(text) Q_DECL_DEPRECATED_X(text)
                                ^
/usr/local/Cellar/qt@5/5.15.5/lib/QtCore.framework/Headers/qcompilerdetection.h:675:55: note: expanded from macro 'Q_DECL_DEPRECATED_X'
#    define Q_DECL_DEPRECATED_X(text) __attribute__ ((__deprecated__(text)))
                                                      ^
qt/transactionview.cpp:586:13: warning: 'QDateTime' is deprecated: Use QDate::startOfDay() [-Wdeprecated-declarations]
            QDateTime(dateFrom->date()),
            ^
/usr/local/Cellar/qt@5/5.15.5/lib/QtCore.framework/Headers/qdatetime.h:298:5: note: 'QDateTime' has been explicitly marked deprecated here
    QT_DEPRECATED_X("Use QDate::startOfDay()") explicit QDateTime(const QDate &);
    ^
/usr/local/Cellar/qt@5/5.15.5/lib/QtCore.framework/Headers/qglobal.h:294:33: note: expanded from macro 'QT_DEPRECATED_X'
#  define QT_DEPRECATED_X(text) Q_DECL_DEPRECATED_X(text)
                                ^
/usr/local/Cellar/qt@5/5.15.5/lib/QtCore.framework/Headers/qcompilerdetection.h:675:55: note: expanded from macro 'Q_DECL_DEPRECATED_X'
#    define Q_DECL_DEPRECATED_X(text) __attribute__ ((__deprecated__(text)))
                                                      ^
qt/transactionview.cpp:587:13: warning: 'QDateTime' is deprecated: Use QDate::startOfDay() [-Wdeprecated-declarations]
            QDateTime(dateTo->date()).addDays(1));
            ^
/usr/local/Cellar/qt@5/5.15.5/lib/QtCore.framework/Headers/qdatetime.h:298:5: note: 'QDateTime' has been explicitly marked deprecated here
    QT_DEPRECATED_X("Use QDate::startOfDay()") explicit QDateTime(const QDate &);
    ^
/usr/local/Cellar/qt@5/5.15.5/lib/QtCore.framework/Headers/qglobal.h:294:33: note: expanded from macro 'QT_DEPRECATED_X'
#  define QT_DEPRECATED_X(text) Q_DECL_DEPRECATED_X(text)
                                ^
/usr/local/Cellar/qt@5/5.15.5/lib/QtCore.framework/Headers/qcompilerdetection.h:675:55: note: expanded from macro 'Q_DECL_DEPRECATED_X'
#    define Q_DECL_DEPRECATED_X(text) __attribute__ ((__deprecated__(text)))
                                                      ^
9 warnings generated.
  CXX      qt/libbitcoinqt_a-walletmodeltransaction.o
  CXX      qt/libbitcoinqt_a-walletview.o
  OBJCXX   qt/libbitcoinqt_a-macdockiconhandler.o
  OBJCXX   qt/libbitcoinqt_a-macnotificationhandler.o
  OBJCXX   qt/libbitcoinqt_a-macos_appnap.o
  CXX      qt/libbitcoinqt_a-moc_addressbookpage.o
  CXX      qt/libbitcoinqt_a-moc_addresstablemodel.o
  CXX      qt/libbitcoinqt_a-moc_askpassphrasedialog.o
  CXX      qt/libbitcoinqt_a-moc_createwalletdialog.o
  CXX      qt/libbitcoinqt_a-moc_bantablemodel.o
  CXX      qt/libbitcoinqt_a-moc_bitcoinaddressvalidator.o
  CXX      qt/libbitcoinqt_a-moc_bitcoinamountfield.o
  CXX      qt/libbitcoinqt_a-moc_bitcoin.o
  CXX      qt/libbitcoinqt_a-moc_bitcoingui.o
  CXX      qt/libbitcoinqt_a-moc_bitcoinunits.o
  CXX      qt/libbitcoinqt_a-moc_clientmodel.o
  CXX      qt/libbitcoinqt_a-moc_coincontroldialog.o
  CXX      qt/libbitcoinqt_a-moc_coincontroltreewidget.o
  CXX      qt/libbitcoinqt_a-moc_csvmodelwriter.o
  CXX      qt/libbitcoinqt_a-moc_editaddressdialog.o
  CXX      qt/libbitcoinqt_a-moc_guiutil.o
  CXX      qt/libbitcoinqt_a-moc_intro.o
  CXX      qt/libbitcoinqt_a-moc_macdockiconhandler.o
  CXX      qt/libbitcoinqt_a-moc_macnotificationhandler.o
  CXX      qt/libbitcoinqt_a-moc_modaloverlay.o
  CXX      qt/libbitcoinqt_a-moc_notificator.o
  CXX      qt/libbitcoinqt_a-moc_openuridialog.o
  CXX      qt/libbitcoinqt_a-moc_optionsdialog.o
  CXX      qt/libbitcoinqt_a-moc_optionsmodel.o
  CXX      qt/libbitcoinqt_a-moc_overviewpage.o
  CXX      qt/libbitcoinqt_a-moc_peertablemodel.o
  CXX      qt/libbitcoinqt_a-moc_paymentserver.o
  CXX      qt/libbitcoinqt_a-moc_psbtoperationsdialog.o
  CXX      qt/libbitcoinqt_a-moc_qrimagewidget.o
  CXX      qt/libbitcoinqt_a-moc_qvalidatedlineedit.o
  CXX      qt/libbitcoinqt_a-moc_qvaluecombobox.o
  CXX      qt/libbitcoinqt_a-moc_receivecoinsdialog.o
  CXX      qt/libbitcoinqt_a-moc_receiverequestdialog.o
  CXX      qt/libbitcoinqt_a-moc_recentrequeststablemodel.o
  CXX      qt/libbitcoinqt_a-moc_rpcconsole.o
  CXX      qt/libbitcoinqt_a-moc_sendcoinsdialog.o
  CXX      qt/libbitcoinqt_a-moc_sendcoinsentry.o
  CXX      qt/libbitcoinqt_a-moc_signverifymessagedialog.o
  CXX      qt/libbitcoinqt_a-moc_splashscreen.o
  CXX      qt/libbitcoinqt_a-moc_trafficgraphwidget.o
  CXX      qt/libbitcoinqt_a-moc_transactiondesc.o
  CXX      qt/libbitcoinqt_a-moc_transactiondescdialog.o
  CXX      qt/libbitcoinqt_a-moc_transactionfilterproxy.o
  CXX      qt/libbitcoinqt_a-moc_transactionoverviewwidget.o
  CXX      qt/libbitcoinqt_a-moc_transactiontablemodel.o
  CXX      qt/libbitcoinqt_a-moc_transactionview.o
  CXX      qt/libbitcoinqt_a-moc_utilitydialog.o
  CXX      qt/libbitcoinqt_a-moc_walletcontroller.o
  CXX      qt/libbitcoinqt_a-moc_walletframe.o
  CXX      qt/libbitcoinqt_a-moc_walletmodel.o
  CXX      qt/libbitcoinqt_a-moc_walletview.o
  CXX      qt/libbitcoinqt_a-qrc_bitcoin.o
  CXX      qt/libbitcoinqt_a-qrc_bitcoin_locale.o
  CXXLD    bitcoind
  CXXLD    test/test_bitcoin
  CXXLD    bench/bench_bitcoin
  AR       qt/libbitcoinqt.a
  CXXLD    qt/bitcoin-qt
  CXXLD    qt/test/test_bitcoin-qt
 .././build-aux/install-sh -c -d '/private/var/folders/wh/z5_y2cv53sg24tzvtw_f_y1m0000gn/T/cirrus-ci-build/ci/scratch/out/x86_64-apple-darwin16/lib'
 .././build-aux/install-sh -c -d '/private/var/folders/wh/z5_y2cv53sg24tzvtw_f_y1m0000gn/T/cirrus-ci-build/depends/x86_64-apple-darwin16/include'
 /bin/sh ../libtool --preserve-dup-deps  --mode=install /usr/bin/install -c   libbitcoinconsensus.la '/private/var/folders/wh/z5_y2cv53sg24tzvtw_f_y1m0000gn/T/cirrus-ci-build/ci/scratch/out/x86_64-apple-darwin16/lib'
 /usr/bin/install -c -m 644 script/bitcoinconsensus.h '/private/var/folders/wh/z5_y2cv53sg24tzvtw_f_y1m0000gn/T/cirrus-ci-build/depends/x86_64-apple-darwin16/include'
libtool: install: /usr/bin/install -c .libs/libbitcoinconsensus.0.dylib /private/var/folders/wh/z5_y2cv53sg24tzvtw_f_y1m0000gn/T/cirrus-ci-build/ci/scratch/out/x86_64-apple-darwin16/lib/libbitcoinconsensus.0.dylib
libtool: install: (cd /private/var/folders/wh/z5_y2cv53sg24tzvtw_f_y1m0000gn/T/cirrus-ci-build/ci/scratch/out/x86_64-apple-darwin16/lib && { ln -s -f libbitcoinconsensus.0.dylib libbitcoinconsensus.dylib || { rm -f libbitcoinconsensus.dylib && ln -s libbitcoinconsensus.0.dylib libbitcoinconsensus.dylib; }; })
libtool: install: /usr/bin/install -c .libs/libbitcoinconsensus.lai /private/var/folders/wh/z5_y2cv53sg24tzvtw_f_y1m0000gn/T/cirrus-ci-build/ci/scratch/out/x86_64-apple-darwin16/lib/libbitcoinconsensus.la
libtool: install: /usr/bin/install -c .libs/libbitcoinconsensus.a /private/var/folders/wh/z5_y2cv53sg24tzvtw_f_y1m0000gn/T/cirrus-ci-build/ci/scratch/out/x86_64-apple-darwin16/lib/libbitcoinconsensus.a
libtool: install: chmod 644 /private/var/folders/wh/z5_y2cv53sg24tzvtw_f_y1m0000gn/T/cirrus-ci-build/ci/scratch/out/x86_64-apple-darwin16/lib/libbitcoinconsensus.a
libtool: install: /usr/bin/ranlib /private/var/folders/wh/z5_y2cv53sg24tzvtw_f_y1m0000gn/T/cirrus-ci-build/ci/scratch/out/x86_64-apple-darwin16/lib/libbitcoinconsensus.a
 .././build-aux/install-sh -c -d '/private/var/folders/wh/z5_y2cv53sg24tzvtw_f_y1m0000gn/T/cirrus-ci-build/ci/scratch/out/x86_64-apple-darwin16/bin'
  /bin/sh ../libtool --preserve-dup-deps  --mode=install /usr/bin/install -c bitcoind bitcoin-cli bitcoin-tx bitcoin-wallet test/test_bitcoin bench/bench_bitcoin qt/bitcoin-qt qt/test/test_bitcoin-qt '/private/var/folders/wh/z5_y2cv53sg24tzvtw_f_y1m0000gn/T/cirrus-ci-build/ci/scratch/out/x86_64-apple-darwin16/bin'
libtool: install: /usr/bin/install -c bitcoind /private/var/folders/wh/z5_y2cv53sg24tzvtw_f_y1m0000gn/T/cirrus-ci-build/ci/scratch/out/x86_64-apple-darwin16/bin/bitcoind
libtool: install: /usr/bin/install -c bitcoin-cli /private/var/folders/wh/z5_y2cv53sg24tzvtw_f_y1m0000gn/T/cirrus-ci-build/ci/scratch/out/x86_64-apple-darwin16/bin/bitcoin-cli
libtool: install: /usr/bin/install -c bitcoin-tx /private/var/folders/wh/z5_y2cv53sg24tzvtw_f_y1m0000gn/T/cirrus-ci-build/ci/scratch/out/x86_64-apple-darwin16/bin/bitcoin-tx
libtool: install: /usr/bin/install -c bitcoin-wallet /private/var/folders/wh/z5_y2cv53sg24tzvtw_f_y1m0000gn/T/cirrus-ci-build/ci/scratch/out/x86_64-apple-darwin16/bin/bitcoin-wallet
libtool: install: /usr/bin/install -c test/test_bitcoin /private/var/folders/wh/z5_y2cv53sg24tzvtw_f_y1m0000gn/T/cirrus-ci-build/ci/scratch/out/x86_64-apple-darwin16/bin/test_bitcoin
libtool: install: /usr/bin/install -c bench/bench_bitcoin /private/var/folders/wh/z5_y2cv53sg24tzvtw_f_y1m0000gn/T/cirrus-ci-build/ci/scratch/out/x86_64-apple-darwin16/bin/bench_bitcoin
libtool: install: /usr/bin/install -c qt/bitcoin-qt /private/var/folders/wh/z5_y2cv53sg24tzvtw_f_y1m0000gn/T/cirrus-ci-build/ci/scratch/out/x86_64-apple-darwin16/bin/bitcoin-qt
libtool: install: /usr/bin/install -c qt/test/test_bitcoin-qt /private/var/folders/wh/z5_y2cv53sg24tzvtw_f_y1m0000gn/T/cirrus-ci-build/ci/scratch/out/x86_64-apple-darwin16/bin/test_bitcoin-qt
Making install in doc/man
make[2]: Nothing to be done for `install-exec-am'.
 ../.././build-aux/install-sh -c -d '/private/var/folders/wh/z5_y2cv53sg24tzvtw_f_y1m0000gn/T/cirrus-ci-build/depends/x86_64-apple-darwin16/share/man/man1'
 /usr/bin/install -c -m 644 bitcoind.1 bitcoin-qt.1 bitcoin-cli.1 bitcoin-tx.1 bitcoin-wallet.1 '/private/var/folders/wh/z5_y2cv53sg24tzvtw_f_y1m0000gn/T/cirrus-ci-build/depends/x86_64-apple-darwin16/share/man/man1'
make[2]: Nothing to be done for `install-exec-am'.
 ./build-aux/install-sh -c -d '/private/var/folders/wh/z5_y2cv53sg24tzvtw_f_y1m0000gn/T/cirrus-ci-build/ci/scratch/out/x86_64-apple-darwin16/lib/pkgconfig'
 /usr/bin/install -c -m 644 libbitcoinconsensus.pc '/private/var/folders/wh/z5_y2cv53sg24tzvtw_f_y1m0000gn/T/cirrus-ci-build/ci/scratch/out/x86_64-apple-darwin16/lib/pkgconfig'
travis_fold:end:build

travis_fold:start:cache_stats
ccache version 4.6.1
Summary:
  Hits:              30 /  519 (5.78 %)
    Direct:          29 /  519 (5.59 %)
    Preprocessed:     1 /  490 (0.20 %)
  Misses:           489
    Direct:         490
    Preprocessed:   489
  Uncacheable:        8
Primary storage:
  Hits:              59 / 1038 (5.68 %)
  Misses:           979
  Cache size (GB): 0.21 / 0.30 (69.54 %)

Use the -v/--verbose option for more details.
  0B	/private/var/folders/wh/z5_y2cv53sg24tzvtw_f_y1m0000gn/T/cirrus-ci-build/depends/SDKs/
 12K	/private/var/folders/wh/z5_y2cv53sg24tzvtw_f_y1m0000gn/T/cirrus-ci-build/depends/builders/
 20K	/private/var/folders/wh/z5_y2cv53sg24tzvtw_f_y1m0000gn/T/cirrus-ci-build/depends/hosts/
124K	/private/var/folders/wh/z5_y2cv53sg24tzvtw_f_y1m0000gn/T/cirrus-ci-build/depends/packages/
104K	/private/var/folders/wh/z5_y2cv53sg24tzvtw_f_y1m0000gn/T/cirrus-ci-build/depends/patches/
  0B	/private/var/folders/wh/z5_y2cv53sg24tzvtw_f_y1m0000gn/T/cirrus-ci-build/depends/sdk-sources/
 68K	/private/var/folders/wh/z5_y2cv53sg24tzvtw_f_y1m0000gn/T/cirrus-ci-build/depends/x86_64-apple-darwin16/
  0B	/private/var/folders/wh/z5_y2cv53sg24tzvtw_f_y1m0000gn/T/cirrus-ci-build/releases/x86_64-apple-darwin16
travis_fold:end:cache_stats

travis_fold:start:unit-tests
Making check in src
/Applications/Xcode-12.1.0.app/Contents/Developer/usr/bin/make  check-TESTS check-local
Running tests: arith_uint256_tests from test/arith_uint256_tests.cpp
Running tests: addrman_tests from test/addrman_tests.cpp
Running tests: amount_tests from test/amount_tests.cpp
Running tests: allocator_tests from test/allocator_tests.cpp
Running tests: base32_tests from test/base32_tests.cpp
Running tests: base58_tests from test/base58_tests.cpp
Running tests: base64_tests from test/base64_tests.cpp
PASS: qt/test/test_bitcoin-qt
Running tests: bech32_tests from test/bech32_tests.cpp
============================================================================
Testsuite summary for Bitcoin Core 0.21.2
============================================================================
# TOTAL: 1
# PASS:  1
# SKIP:  0
# XFAIL: 0
# FAIL:  0
# XPASS: 0
# ERROR: 0
============================================================================
Running tests: bip32_tests from test/bip32_tests.cpp
Running tests: blockchain_tests from test/blockchain_tests.cpp
Running tests: blockencodings_tests from test/blockencodings_tests.cpp
Running tests: blockfilter_tests from test/blockfilter_tests.cpp
Running tests: blockfilter_index_tests from test/blockfilter_index_tests.cpp
Running tests: bloom_tests from test/bloom_tests.cpp
Running tests: bswap_tests from test/bswap_tests.cpp
Running tests: checkqueue_tests from test/checkqueue_tests.cpp
Running tests: coins_tests from test/coins_tests.cpp
Running tests: compilerbug_tests from test/compilerbug_tests.cpp
Running tests: compress_tests from test/compress_tests.cpp
Running tests: crypto_tests from test/crypto_tests.cpp
Running tests: cuckoocache_tests from test/cuckoocache_tests.cpp
Running tests: denialofservice_tests from test/denialofservice_tests.cpp
Running tests: descriptor_tests from test/descriptor_tests.cpp
Running tests: flatfile_tests from test/flatfile_tests.cpp
Running tests: fs_tests from test/fs_tests.cpp
Running tests: getarg_tests from test/getarg_tests.cpp
Running tests: hash_tests from test/hash_tests.cpp
Running tests: interfaces_tests from test/interfaces_tests.cpp
Running tests: key_io_tests from test/key_io_tests.cpp
Running tests: key_tests from test/key_tests.cpp
Running tests: logging_tests from test/logging_tests.cpp
Running tests: dbwrapper_tests from test/dbwrapper_tests.cpp
Running tests: validation_tests from test/validation_tests.cpp
Running tests: mempool_tests from test/mempool_tests.cpp
Running tests: merkle_tests from test/merkle_tests.cpp
Running tests: merkleblock_tests from test/merkleblock_tests.cpp
Running tests: miner_tests from test/miner_tests.cpp
Running tests: multisig_tests from test/multisig_tests.cpp
Running tests: net_tests from test/net_tests.cpp
Running tests: netbase_tests from test/netbase_tests.cpp
Running tests: pmt_tests from test/pmt_tests.cpp
Running tests: policy_fee_tests from test/policy_fee_tests.cpp
Running tests: policyestimator_tests from test/policyestimator_tests.cpp
Running tests: pow_tests from test/pow_tests.cpp
Running tests: prevector_tests from test/prevector_tests.cpp
Running tests: raii_event_tests from test/raii_event_tests.cpp
Running tests: random_tests from test/random_tests.cpp
Running tests: ref_tests from test/ref_tests.cpp
Running tests: reverselock_tests from test/reverselock_tests.cpp
Running tests: rpc_tests from test/rpc_tests.cpp
Running tests: sanity_tests from test/sanity_tests.cpp
Running tests: scheduler_tests from test/scheduler_tests.cpp
Running tests: script_p2sh_tests from test/script_p2sh_tests.cpp
Running tests: script_tests from test/script_tests.cpp
Running tests: script_standard_tests from test/script_standard_tests.cpp
Running tests: scriptnum_tests from test/scriptnum_tests.cpp
Running tests: serialize_tests from test/serialize_tests.cpp
Running tests: settings_tests from test/settings_tests.cpp
Running tests: sighash_tests from test/sighash_tests.cpp
Running tests: sigopcount_tests from test/sigopcount_tests.cpp
Running tests: skiplist_tests from test/skiplist_tests.cpp
Running tests: streams_tests from test/streams_tests.cpp
Running tests: sync_tests from test/sync_tests.cpp
Running tests: system_tests from test/system_tests.cpp
Running tests: util_threadnames_tests from test/util_threadnames_tests.cpp
Running tests: timedata_tests from test/timedata_tests.cpp
Running tests: torcontrol_tests from test/torcontrol_tests.cpp
Running tests: transaction_tests from test/transaction_tests.cpp
Running tests: txindex_tests from test/txindex_tests.cpp
Running tests: txrequest_tests from test/txrequest_tests.cpp
Running tests: txvalidation_tests from test/txvalidation_tests.cpp
Running tests: txvalidationcache_tests from test/txvalidationcache_tests.cpp
Running tests: uint256_tests from test/uint256_tests.cpp
Running tests: util_tests from test/util_tests.cpp
Running tests: validation_block_tests from test/validation_block_tests.cpp
Running tests: validation_chainstate_tests from test/validation_chainstate_tests.cpp
Running tests: validation_chainstatemanager_tests from test/validation_chainstatemanager_tests.cpp
Running tests: validation_flush_tests from test/validation_flush_tests.cpp
Running tests: validationinterface_tests from test/validationinterface_tests.cpp
Running tests: versionbits_tests from test/versionbits_tests.cpp
Running tests: db_tests from wallet/test/db_tests.cpp
Running tests: psbt_wallet_tests from wallet/test/psbt_wallet_tests.cpp
Running tests: wallet_tests from wallet/test/wallet_tests.cpp
Running tests: wallet_crypto_tests from wallet/test/wallet_crypto_tests.cpp
Running tests: coinselector_tests from wallet/test/coinselector_tests.cpp
Running tests: init_tests from wallet/test/init_tests.cpp
Running 7 test cases...
[1;36;49mTest cases order is shuffled using seed: 1657079003[0;39;49m
[1;34;49mEntering test module "Bitcoin Core Test Suite"
[0;39;49m[1;33;49mtest/streams_tests.cpp:10: Test suite "streams_tests" is skipped because disabled
[0;39;49m[1;33;49mwallet/test/wallet_tests.cpp:36: Test suite "wallet_tests" is skipped because disabled
[0;39;49m[1;33;49mwallet/test/ismine_tests.cpp:16: Test suite "ismine_tests" is skipped because disabled
[0;39;49m[1;33;49mtest/txrequest_tests.cpp:17: Test suite "txrequest_tests" is skipped because disabled
[0;39;49m[1;33;49mtest/fs_tests.cpp:11: Test suite "fs_tests" is skipped because disabled
[0;39;49m[1;33;49mtest/script_p2sh_tests.cpp:48: Test suite "script_p2sh_tests" is skipped because disabled
[0;39;49m[1;33;49mtest/blockchain_tests.cpp:50: Test suite "blockchain_tests" is skipped because disabled
[0;39;49m[1;33;49mwallet/test/psbt_wallet_tests.cpp:14: Test suite "psbt_wallet_tests" is skipped because disabled
[0;39;49m[1;33;49mtest/base64_tests.cpp:10: Test suite "base64_tests" is skipped because disabled
[0;39;49m[1;33;49mwallet/test/wallet_crypto_tests.cpp:13: Test suite "wallet_crypto_tests" is skipped because disabled
[0;39;49m[1;33;49mtest/sigopcount_tests.cpp:26: Test suite "sigopcount_tests" is skipped because disabled
[0;39;49m[1;33;49mtest/arith_uint256_tests.cpp:18: Test suite "arith_uint256_tests" is skipped because disabled
[0;39;49m[1;34;49mwallet/test/init_tests.cpp:13: Entering test suite "init_tests"
[0;39;49m[1;34;49mwallet/test/init_tests.cpp:25: Entering test case "walletinit_verify_walletdir_custom"
[0;39;49m2022-07-06T08:19:08Z Seed: Setting random seed for current tests to RANDOM_CTX_SEED=c50a984ad8e8b95d21441e9d4142cf600b7a4c9191d216b5fa1890c646ce668f
2022-07-06T08:19:08.797079Z [test] Bitcoin Core version v0.21.2.0-ec0a4ad67 (release build)
2022-07-06T08:19:08.797230Z [test] Assuming ancestors of block 0000000000000000000b9d2ec5a352ecba0592946514a92f14319dc2b367fc72 have valid signatures.
2022-07-06T08:19:08.797239Z [test] Setting nMinimumChainWork=00000000000000000000000000000000000000001533efd8d716a517fe2c5008
2022-07-06T08:19:08.816334Z [test] Using 16 MiB out of 32/2 requested for signature cache, able to store 524288 elements
2022-07-06T08:19:08.823371Z [test] Using 16 MiB out of 32/2 requested for script execution cache, able to store 524288 elements
2022-07-06T08:19:08.823998Z [test] Using wallet directory /private/var/folders/wh/z5_y2cv53sg24tzvtw_f_y1m0000gn/T/test_common_Bitcoin Core/f4c5b74df88c1b85352cbfc4f3d400c07baa712808a8fca2abe3f1bedcc6a6de/my_wallets
2022-07-06T08:19:08.824027Z [test] init message: Verifying wallet(s)...
[1;34;49mwallet/test/init_tests.cpp:25: Leaving test case "walletinit_verify_walletdir_custom"; testing time: 28708us
[0;39;49m[1;34;49mwallet/test/init_tests.cpp:75: Entering test case "walletinit_verify_walletdir_no_trailing2"
[0;39;49m2022-07-06T08:19:08.825422Z [test] Seed: Setting random seed for current tests to RANDOM_CTX_SEED=c50a984ad8e8b95d21441e9d4142cf600b7a4c9191d216b5fa1890c646ce668f
2022-07-06T08:19:08.825466Z [test] Bitcoin Core version v0.21.2.0-ec0a4ad67 (release build)
2022-07-06T08:19:08.825596Z [test] Assuming ancestors of block 0000000000000000000b9d2ec5a352ecba0592946514a92f14319dc2b367fc72 have valid signatures.
2022-07-06T08:19:08.825605Z [test] Setting nMinimumChainWork=00000000000000000000000000000000000000001533efd8d716a517fe2c5008
2022-07-06T08:19:08.826169Z [test] Using 16 MiB out of 32/2 requested for signature cache, able to store 524288 elements
2022-07-06T08:19:08.826499Z [test] Using 16 MiB out of 32/2 requested for script execution cache, able to store 524288 elements
2022-07-06T08:19:08.826942Z [test] Using wallet directory /private/var/folders/wh/z5_y2cv53sg24tzvtw_f_y1m0000gn/T/test_common_Bitcoin Core/f54dc89a532d1e48e35c7e5991216ea56b9ed06e102b3b7763fbb39ab0092ecd/wallets/
2022-07-06T08:19:08.826961Z [test] init message: Verifying wallet(s)...
wallet/test/init_tests.cpp:82: [1;31;49merror: in "init_tests/walletinit_verify_walletdir_no_trailing2": check walletdir == expected_path has failed[0;39;49m
[1;34;49mwallet/test/init_tests.cpp:75: Leaving test case "walletinit_verify_walletdir_no_trailing2"; testing time: 2809us
[0;39;49m[1;34;49mwallet/test/init_tests.cpp:35: Entering test case "walletinit_verify_walletdir_does_not_exist"
[0;39;49m2022-07-06T08:19:08.828198Z [test] Seed: Setting random seed for current tests to RANDOM_CTX_SEED=c50a984ad8e8b95d21441e9d4142cf600b7a4c9191d216b5fa1890c646ce668f
2022-07-06T08:19:08.828240Z [test] Bitcoin Core version v0.21.2.0-ec0a4ad67 (release build)
2022-07-06T08:19:08.828366Z [test] Assuming ancestors of block 0000000000000000000b9d2ec5a352ecba0592946514a92f14319dc2b367fc72 have valid signatures.
2022-07-06T08:19:08.828375Z [test] Setting nMinimumChainWork=00000000000000000000000000000000000000001533efd8d716a517fe2c5008
2022-07-06T08:19:08.828935Z [test] Using 16 MiB out of 32/2 requested for signature cache, able to store 524288 elements
2022-07-06T08:19:08.829265Z [test] Using 16 MiB out of 32/2 requested for script execution cache, able to store 524288 elements
2022-07-06T08:19:08.829637Z [test] : Specified -walletdir "/var/folders/wh/z5_y2cv53sg24tzvtw_f_y1m0000gn/T/test_common_Bitcoin Core/06800f18a972e98e03f4702d866376ce794783ef34866a3d0ad36287a8764c26/path_does_not_exist" does not exist
[1;34;49mwallet/test/init_tests.cpp:35: Leaving test case "walletinit_verify_walletdir_does_not_exist"; testing time: 2546us
[0;39;49m[1;34;49mwallet/test/init_tests.cpp:65: Entering test case "walletinit_verify_walletdir_no_trailing"
[0;39;49m2022-07-06T08:19:08.830750Z [test] Seed: Setting random seed for current tests to RANDOM_CTX_SEED=c50a984ad8e8b95d21441e9d4142cf600b7a4c9191d216b5fa1890c646ce668f
2022-07-06T08:19:08.830793Z [test] Bitcoin Core version v0.21.2.0-ec0a4ad67 (release build)
2022-07-06T08:19:08.830918Z [test] Assuming ancestors of block 0000000000000000000b9d2ec5a352ecba0592946514a92f14319dc2b367fc72 have valid signatures.
2022-07-06T08:19:08.830927Z [test] Setting nMinimumChainWork=00000000000000000000000000000000000000001533efd8d716a517fe2c5008
2022-07-06T08:19:08.831450Z [test] Using 16 MiB out of 32/2 requested for signature cache, able to store 524288 elements
2022-07-06T08:19:08.831778Z [test] Using 16 MiB out of 32/2 requested for script execution cache, able to store 524288 elements
2022-07-06T08:19:08.832178Z [test] Using wallet directory /private/var/folders/wh/z5_y2cv53sg24tzvtw_f_y1m0000gn/T/test_common_Bitcoin Core/720d81b2911eb8cbe3cd7611a814f645d295370f420590a922c06e2dc17f3e1f/wallets/
2022-07-06T08:19:08.832196Z [test] init message: Verifying wallet(s)...
wallet/test/init_tests.cpp:72: [1;31;49merror: in "init_tests/walletinit_verify_walletdir_no_trailing": check walletdir == expected_path has failed[0;39;49m
[1;34;49mwallet/test/init_tests.cpp:65: Leaving test case "walletinit_verify_walletdir_no_trailing"; testing time: 2533us
[0;39;49m[1;34;49mwallet/test/init_tests.cpp:15: Entering test case "walletinit_verify_walletdir_default"
[0;39;49m2022-07-06T08:19:08.833293Z [test] Seed: Setting random seed for current tests to RANDOM_CTX_SEED=c50a984ad8e8b95d21441e9d4142cf600b7a4c9191d216b5fa1890c646ce668f
2022-07-06T08:19:08.833335Z [test] Bitcoin Core version v0.21.2.0-ec0a4ad67 (release build)
2022-07-06T08:19:08.833461Z [test] Assuming ancestors of block 0000000000000000000b9d2ec5a352ecba0592946514a92f14319dc2b367fc72 have valid signatures.
2022-07-06T08:19:08.833470Z [test] Setting nMinimumChainWork=00000000000000000000000000000000000000001533efd8d716a517fe2c5008
2022-07-06T08:19:08.834037Z [test] Using 16 MiB out of 32/2 requested for signature cache, able to store 524288 elements
2022-07-06T08:19:08.834368Z [test] Using 16 MiB out of 32/2 requested for script execution cache, able to store 524288 elements
2022-07-06T08:19:08.834865Z [test] Using wallet directory /private/var/folders/wh/z5_y2cv53sg24tzvtw_f_y1m0000gn/T/test_common_Bitcoin Core/4a22e89a21dddc53dad85141ef4fb464dd08488af53dcbeda8a910d820d90130/wallets
2022-07-06T08:19:08.834885Z [test] init message: Verifying wallet(s)...
[1;34;49mwallet/test/init_tests.cpp:15: Leaving test case "walletinit_verify_walletdir_default"; testing time: 2657us
[0;39;49m[1;34;49mwallet/test/init_tests.cpp:55: Entering test case "walletinit_verify_walletdir_is_not_relative"
[0;39;49m2022-07-06T08:19:08.836067Z [test] Seed: Setting random seed for current tests to RANDOM_CTX_SEED=c50a984ad8e8b95d21441e9d4142cf600b7a4c9191d216b5fa1890c646ce668f
2022-07-06T08:19:08.836112Z [test] Bitcoin Core version v0.21.2.0-ec0a4ad67 (release build)
2022-07-06T08:19:08.836257Z [test] Assuming ancestors of block 0000000000000000000b9d2ec5a352ecba0592946514a92f14319dc2b367fc72 have valid signatures.
2022-07-06T08:19:08.836267Z [test] Setting nMinimumChainWork=00000000000000000000000000000000000000001533efd8d716a517fe2c5008
2022-07-06T08:19:08.836844Z [test] Using 16 MiB out of 32/2 requested for signature cache, able to store 524288 elements
2022-07-06T08:19:08.837186Z [test] Using 16 MiB out of 32/2 requested for script execution cache, able to store 524288 elements
2022-07-06T08:19:08.837575Z [test] : Specified -walletdir "wallets" is a relative path
[1;34;49mwallet/test/init_tests.cpp:55: Leaving test case "walletinit_verify_walletdir_is_not_relative"; testing time: 2725us
[0;39;49m[1;34;49mwallet/test/init_tests.cpp:45: Entering test case "walletinit_verify_walletdir_is_not_directory"
[0;39;49m2022-07-06T08:19:08.838776Z [test] Seed: Setting random seed for current tests to RANDOM_CTX_SEED=c50a984ad8e8b95d21441e9d4142cf600b7a4c9191d216b5fa1890c646ce668f
2022-07-06T08:19:08.838820Z [test] Bitcoin Core version v0.21.2.0-ec0a4ad67 (release build)
2022-07-06T08:19:08.838948Z [test] Assuming ancestors of block 0000000000000000000b9d2ec5a352ecba0592946514a92f14319dc2b367fc72 have valid signatures.
2022-07-06T08:19:08.838957Z [test] Setting nMinimumChainWork=00000000000000000000000000000000000000001533efd8d716a517fe2c5008
2022-07-06T08:19:08.839527Z [test] Using 16 MiB out of 32/2 requested for signature cache, able to store 524288 elements
2022-07-06T08:19:08.839857Z [test] Using 16 MiB out of 32/2 requested for script execution cache, able to store 524288 elements
2022-07-06T08:19:08.840371Z [test] : Specified -walletdir "/var/folders/wh/z5_y2cv53sg24tzvtw_f_y1m0000gn/T/test_common_Bitcoin Core/296c3c862e27869a12c9051faf341fb780cd7fcee16f7bd3909b4facfb84ad57/not_a_directory.dat" is not a directory
[1;34;49mwallet/test/init_tests.cpp:45: Leaving test case "walletinit_verify_walletdir_is_not_directory"; testing time: 2704us
[0;39;49m[1;34;49mwallet/test/init_tests.cpp:13: Leaving test suite "init_tests"; testing time: 44860us
[0;39;49m[1;33;49mwallet/test/coinselector_tests.cpp:18: Test suite "coinselector_tests" is skipped because disabled
[0;39;49m[1;33;49mtest/base32_tests.cpp:10: Test suite "base32_tests" is skipped because disabled
[0;39;49m[1;33;49mtest/txvalidation_tests.cpp:14: Test suite "txvalidation_tests" is skipped because disabled
[0;39;49m[1;33;49mtest/coins_tests.cpp:100: Test suite "coins_tests" is skipped because disabled
[0;39;49m[1;33;49mtest/miner_tests.cpp:37: Test suite "miner_tests" is skipped because disabled
[0;39;49m[1;33;49mtest/getarg_tests.cpp:25: Test suite "getarg_tests" is skipped because disabled
[0;39;49m[1;33;49mtest/compress_tests.cpp:25: Test suite "compress_tests" is skipped because disabled
[0;39;49m[1;33;49mtest/base58_tests.cpp:19: Test suite "base58_tests" is skipped because disabled
[0;39;49m[1;33;49mtest/validation_block_tests.cpp:33: Test suite "validation_block_tests" is skipped because disabled
[0;39;49m[1;33;49mtest/util_threadnames_tests.cpp:20: Test suite "util_threadnames_tests" is skipped because disabled
[0;39;49m[1;33;49mtest/blockencodings_tests.cpp:17: Test suite "blockencodings_tests" is skipped because disabled
[0;39;49m[1;33;49mtest/merkle_tests.cpp:10: Test suite "merkle_tests" is skipped because disabled
[0;39;49m[1;33;49mtest/compilerbug_tests.cpp:8: Test suite "compilerbug_tests" is skipped because disabled
[0;39;49m[1;33;49mtest/script_tests.cpp:125: Test suite "script_tests" is skipped because disabled
[0;39;49m[1;33;49mtest/skiplist_tests.cpp:14: Test suite "skiplist_tests" is skipped because disabled
[0;39;49m[1;33;49mtest/blockfilter_tests.cpp:17: Test suite "blockfilter_tests" is skipped because disabled
[0;39;49m[1;33;49mtest/random_tests.cpp:14: Test suite "random_tests" is skipped because disabled
[0;39;49m[1;33;49mtest/policyestimator_tests.cpp:15: Test suite "policyestimator_tests" is skipped because disabled
[0;39;49m[1;33;49mtest/dbwrapper_tests.cpp:24: Test suite "dbwrapper_tests" is skipped because disabled
[0;39;49m[1;33;49mtest/bip32_tests.cpp:124: Test suite "bip32_tests" is skipped because disabled
[0;39;49m[1;33;49mtest/bech32_tests.cpp:11: Test suite "bech32_tests" is skipped because disabled
[0;39;49m[1;33;49mtest/key_io_tests.cpp:20: Test suite "key_io_tests" is skipped because disabled
[0;39;49m[1;33;49mwallet/test/scriptpubkeyman_tests.cpp:13: Test suite "scriptpubkeyman_tests" is skipped because disabled
[0;39;49m[1;33;49mtest/ref_tests.cpp:9: Test suite "ref_tests" is skipped because disabled
[0;39;49m[1;33;49mtest/netbase_tests.cpp:19: Test suite "netbase_tests" is skipped because disabled
[0;39;49m[1;33;49mtest/mempool_tests.cpp:15: Test suite "mempool_tests" is skipped because disabled
[0;39;49m[1;33;49mtest/sighash_tests.cpp:117: Test suite "sighash_tests" is skipped because disabled
[0;39;49m[1;33;49mtest/util_tests.cpp:43: Test suite "util_tests" is skipped because disabled
[0;39;49m[1;33;49mtest/serialize_tests.cpp:15: Test suite "serialize_tests" is skipped because disabled
[0;39;49m[1;33;49mtest/script_standard_tests.cpp:14: Test suite "script_standard_tests" is skipped because disabled
[0;39;49m[1;33;49mtest/addrman_tests.cpp:123: Test suite "addrman_tests" is skipped because disabled
[0;39;49m[1;33;49mtest/sync_tests.cpp:34: Test suite "sync_tests" is skipped because disabled
[0;39;49m[1;33;49mtest/policy_fee_tests.cpp:12: Test suite "policy_fee_tests" is skipped because disabled
[0;39;49m[1;33;49mtest/descriptor_tests.cpp:282: Test suite "descriptor_tests" is skipped because disabled
[0;39;49m[1;33;49mtest/interfaces_tests.cpp:16: Test suite "interfaces_tests" is skipped because disabled
[0;39;49m[1;33;49mtest/pmt_tests.cpp:29: Test suite "pmt_tests" is skipped because disabled
[0;39;49m[1;33;49mtest/txindex_tests.cpp:13: Test suite "txindex_tests" is skipped because disabled
[0;39;49m[1;33;49mtest/bloom_tests.cpp:24: Test suite "bloom_tests" is skipped because disabled
[0;39;49m[1;33;49mtest/cuckoocache_tests.cpp:25: Test suite "cuckoocache_tests" is skipped because disabled
[0;39;49m[1;33;49mtest/blockfilter_index_tests.cpp:19: Test suite "blockfilter_index_tests" is skipped because disabled
[0;39;49m[1;33;49mtest/timedata_tests.cpp:19: Test suite "timedata_tests" is skipped because disabled
[0;39;49m[1;33;49mtest/reverselock_tests.cpp:10: Test suite "reverselock_tests" is skipped because disabled
[0;39;49m[1;33;49mtest/rpc_tests.cpp:51: Test suite "rpc_tests" is skipped because disabled
[0;39;49m[1;33;49mtest/hash_tests.cpp:13: Test suite "hash_tests" is skipped because disabled
[0;39;49m[1;33;49mtest/torcontrol_tests.cpp:18: Test suite "torcontrol_tests" is skipped because disabled
[0;39;49m[1;33;49mtest/key_tests.cpp:32: Test suite "key_tests" is skipped because disabled
[0;39;49m[1;33;49mtest/checkqueue_tests.cpp:23: Test suite "checkqueue_tests" is skipped because disabled
[0;39;49m[1;33;49mtest/raii_event_tests.cpp:16: Test suite "raii_event_tests" is skipped because disabled
[0;39;49m[1;33;49mtest/bswap_tests.cpp:10: Test suite "bswap_tests" is skipped because disabled
[0;39;49m[1;33;49mtest/net_tests.cpp:86: Test suite "net_tests" is skipped because disabled
[0;39;49m[1;33;49mtest/versionbits_tests.cpp:188: Test suite "versionbits_tests" is skipped because disabled
[0;39;49m[1;33;49mtest/system_tests.cpp:15: Test suite "system_tests" is skipped because disabled
[0;39;49m[1;33;49mtest/pow_tests.cpp:12: Test suite "pow_tests" is skipped because disabled
[0;39;49m[1;33;49mtest/merkleblock_tests.cpp:12: Test suite "merkleblock_tests" is skipped because disabled
[0;39;49m[1;33;49mtest/scriptnum_tests.cpp:13: Test suite "scriptnum_tests" is skipped because disabled
[0;39;49m[1;33;49mtest/sanity_tests.cpp:11: Test suite "sanity_tests" is skipped because disabled
[0;39;49m[1;33;49mtest/amount_tests.cpp:11: Test suite "amount_tests" is skipped because disabled
[0;39;49m[1;33;49mtest/validation_chainstate_tests.cpp:16: Test suite "validation_chainstate_tests" is skipped because disabled
[0;39;49m[1;33;49mwallet/test/db_tests.cpp:14: Test suite "db_tests" is skipped because disabled
[0;39;49m[1;33;49mtest/scheduler_tests.cpp:14: Test suite "scheduler_tests" is skipped because disabled
[0;39;49m[1;33;49mtest/validation_chainstatemanager_tests.cpp:18: Test suite "validation_chainstatemanager_tests" is skipped because disabled
[0;39;49m[1;33;49mtest/validation_flush_tests.cpp:12: Test suite "validation_flush_tests" is skipped because disabled
[0;39;49m[1;33;49mtest/flatfile_tests.cpp:13: Test suite "flatfile_tests" is skipped because disabled
[0;39;49m[1;33;49mtest/validationinterface_tests.cpp:13: Test suite "validationinterface_tests" is skipped because disabled
[0;39;49m[1;33;49mtest/logging_tests.cpp:13: Test suite "logging_tests" is skipped because disabled
[0;39;49m[1;33;49mtest/txvalidationcache_tests.cpp:18: Test suite "txvalidationcache_tests" is skipped because disabled
[0;39;49m[1;33;49mtest/crypto_tests.cpp:25: Test suite "crypto_tests" is skipped because disabled
[0;39;49m[1;33;49mtest/denialofservice_tests.cpp:70: Test suite "denialofservice_tests" is skipped because disabled
[0;39;49m[1;33;49mtest/transaction_tests.cpp:98: Test suite "transaction_tests" is skipped because disabled
[0;39;49m[1;33;49mtest/uint256_tests.cpp:17: Test suite "uint256_tests" is skipped because disabled
[0;39;49m[1;33;49mtest/prevector_tests.cpp:16: Test suite "prevector_tests" is skipped because disabled
[0;39;49m[1;33;49mtest/allocator_tests.cpp:14: Test suite "allocator_tests" is skipped because disabled
[0;39;49m[1;33;49mtest/validation_tests.cpp:14: Test suite "validation_tests" is skipped because disabled
[0;39;49m[1;33;49mtest/settings_tests.cpp:44: Test suite "settings_tests" is skipped because disabled
[0;39;49m[1;33;49mtest/multisig_tests.cpp:19: Test suite "multisig_tests" is skipped because disabled
[0;39;49m[1;34;49mLeaving test module "Bitcoin Core Test Suite"; testing time: 45565us
[0;39;49m
[1;31;49m*** 2 failures are detected in the test module "Bitcoin Core Test Suite"
[0;39;49mmake[3]: *** [wallet/test/init_tests.cpp.test] Error 1
make[3]: *** Waiting for unfinished jobs....
make[2]: *** [check-am] Error 2
make[1]: *** [check-recursive] Error 1
make: *** [check-recursive] Error 1
                                                                                