
C:\Users\ContainerAdministrator\AppData\Local\Temp\cirrus-ci-build>call src\test_bitcoin.exe -l test_suite 
Running 515 test cases...
Entering test module "Bitcoin Core Test Suite"
C:\Users\ContainerAdministrator\AppData\Local\Temp\cirrus-ci-build\src\test\addrman_tests.cpp(61): Entering test suite "addrman_tests"
C:\Users\ContainerAdministrator\AppData\Local\Temp\cirrus-ci-build\src\test\addrman_tests.cpp(63): Entering test case "addrman_simple"
C:\Users\ContainerAdministrator\AppData\Local\Temp\cirrus-ci-build\src\test\addrman_tests.cpp(63): Leaving test case "addrman_simple"; testing time: 52746us
C:\Users\ContainerAdministrator\AppData\Local\Temp\cirrus-ci-build\src\test\addrman_tests.cpp(107): Entering test case "addrman_ports"
C:\Users\ContainerAdministrator\AppData\Local\Temp\cirrus-ci-build\src\test\addrman_tests.cpp(107): Leaving test case "addrman_ports"; testing time: 12749us
C:\Users\ContainerAdministrator\AppData\Local\Temp\cirrus-ci-build\src\test\addrman_tests.cpp(136): Entering test case "addrman_select"
C:\Users\ContainerAdministrator\AppData\Local\Temp\cirrus-ci-build\src\test\addrman_tests.cpp(136): Leaving test case "addrman_select"; testing time: 20227us
C:\Users\ContainerAdministrator\AppData\Local\Temp\cirrus-ci-build\src\test\addrman_tests.cpp(195): Entering test case "addrman_new_collisions"
C:\Users\ContainerAdministrator\AppData\Local\Temp\cirrus-ci-build\src\test\addrman_tests.cpp(195): Leaving test case "addrman_new_collisions"; testing time: 16186us
C:\Users\ContainerAdministrator\AppData\Local\Temp\cirrus-ci-build\src\test\addrman_tests.cpp(224): Entering test case "addrman_new_multiplicity"
C:\Users\ContainerAdministrator\AppData\Local\Temp\cirrus-ci-build\src\test\addrman_tests.cpp(224): Leaving test case "addrman_new_multiplicity"; testing time: 26262us
C:\Users\ContainerAdministrator\AppData\Local\Temp\cirrus-ci-build\src\test\addrman_tests.cpp(256): Entering test case "addrman_tried_collisions"
C:\Users\ContainerAdministrator\AppData\Local\Temp\cirrus-ci-build\src\test\addrman_tests.cpp(256): Leaving test case "addrman_tried_collisions"; testing time: 26504us
C:\Users\ContainerAdministrator\AppData\Local\Temp\cirrus-ci-build\src\test\addrman_tests.cpp(287): Entering test case "addrman_getaddr"
C:\Users\ContainerAdministrator\AppData\Local\Temp\cirrus-ci-build\src\test\addrman_tests.cpp(287): Leaving test case "addrman_getaddr"; testing time: 793327us
C:\Users\ContainerAdministrator\AppData\Local\Temp\cirrus-ci-build\src\test\addrman_tests.cpp(347): Entering test case "caddrinfo_get_tried_bucket_legacy"
C:\Users\ContainerAdministrator\AppData\Local\Temp\cirrus-ci-build\src\test\addrman_tests.cpp(347): Leaving test case "caddrinfo_get_tried_bucket_legacy"; testing time: 35527us
C:\Users\ContainerAdministrator\AppData\Local\Temp\cirrus-ci-build\src\test\addrman_tests.cpp(398): Entering test case "caddrinfo_get_new_bucket_legacy"
C:\Users\ContainerAdministrator\AppData\Local\Temp\cirrus-ci-build\src\test\addrman_tests.cpp(398): Leaving test case "caddrinfo_get_new_bucket_legacy"; testing time: 79158us
C:\Users\ContainerAdministrator\AppData\Local\Temp\cirrus-ci-build\src\test\addrman_tests.cpp(472): Entering test case "caddrinfo_get_tried_bucket"
C:\Users\ContainerAdministrator\AppData\Local\Temp\cirrus-ci-build\src\test\addrman_tests.cpp(472): Leaving test case "caddrinfo_get_tried_bucket"; testing time: 55703us
C:\Users\ContainerAdministrator\AppData\Local\Temp\cirrus-ci-build\src\test\addrman_tests.cpp(526): Entering test case "caddrinfo_get_new_bucket"
C:\Users\ContainerAdministrator\AppData\Local\Temp\cirrus-ci-build\src\test\addrman_tests.cpp(526): Leaving test case "caddrinfo_get_new_bucket"; testing time: 242400us
C:\Users\ContainerAdministrator\AppData\Local\Temp\cirrus-ci-build\src\test\addrman_tests.cpp(604): Entering test case "addrman_serialization"
C:\Users\ContainerAdministrator\AppData\Local\Temp\cirrus-ci-build\src\test\addrman_tests.cpp(604): Leaving test case "addrman_serialization"; testing time: 21694us
C:\Users\ContainerAdministrator\AppData\Local\Temp\cirrus-ci-build\src\test\addrman_tests.cpp(669): Entering test case "remove_invalid"
C:\Users\ContainerAdministrator\AppData\Local\Temp\cirrus-ci-build\src\test\addrman_tests.cpp(669): Leaving test case "remove_invalid"; testing time: 15439us
C:\Users\ContainerAdministrator\AppData\Local\Temp\cirrus-ci-build\src\test\addrman_tests.cpp(710): Entering test case "addrman_selecttriedcollision"
C:\Users\ContainerAdministrator\AppData\Local\Temp\cirrus-ci-build\src\test\addrman_tests.cpp(710): Leaving test case "addrman_selecttriedcollision"; testing time: 22442us
C:\Users\ContainerAdministrator\AppData\Local\Temp\cirrus-ci-build\src\test\addrman_tests.cpp(743): Entering test case "addrman_noevict"
C:\Users\ContainerAdministrator\AppData\Local\Temp\cirrus-ci-build\src\test\addrman_tests.cpp(743): Leaving test case "addrman_noevict"; testing time: 33975us
C:\Users\ContainerAdministrator\AppData\Local\Temp\cirrus-ci-build\src\test\addrman_tests.cpp(795): Entering test case "addrman_evictionworks"
C:\Users\ContainerAdministrator\AppData\Local\Temp\cirrus-ci-build\src\test\addrman_tests.cpp(795): Leaving test case "addrman_evictionworks"; testing time: 23650us
C:\Users\ContainerAdministrator\AppData\Local\Temp\cirrus-ci-build\src\test\addrman_tests.cpp(865): Entering test case "load_addrman"
C:\Users\ContainerAdministrator\AppData\Local\Temp\cirrus-ci-build\src\test\addrman_tests.cpp(865): Leaving test case "load_addrman"; testing time: 16017us
C:\Users\ContainerAdministrator\AppData\Local\Temp\cirrus-ci-build\src\test\addrman_tests.cpp(936): Entering test case "load_addrman_corrupted"
C:\Users\ContainerAdministrator\AppData\Local\Temp\cirrus-ci-build\src\test\addrman_tests.cpp(936): Leaving test case "load_addrman_corrupted"; testing time: 12859us
C:\Users\ContainerAdministrator\AppData\Local\Temp\cirrus-ci-build\src\test\addrman_tests.cpp(962): Entering test case "addrman_update_address"
C:\Users\ContainerAdministrator\AppData\Local\Temp\cirrus-ci-build\src\test\addrman_tests.cpp(962): Leaving test case "addrman_update_address"; testing time: 12315us
C:\Users\ContainerAdministrator\AppData\Local\Temp\cirrus-ci-build\src\test\addrman_tests.cpp(61): Leaving test suite "addrman_tests"; testing time: 1520990us
C:\Users\ContainerAdministrator\AppData\Local\Temp\cirrus-ci-build\src\test\allocator_tests.cpp(16): Entering test suite "allocator_tests"
C:\Users\ContainerAdministrator\AppData\Local\Temp\cirrus-ci-build\src\test\allocator_tests.cpp(18): Entering test case "arena_tests"
C:\Users\ContainerAdministrator\AppData\Local\Temp\cirrus-ci-build\src\test\allocator_tests.cpp(18): Leaving test case "arena_tests"; testing time: 18350us
C:\Users\ContainerAdministrator\AppData\Local\Temp\cirrus-ci-build\src\test\allocator_tests.cpp(165): Entering test case "lockedpool_tests_mock"
C:\Users\ContainerAdministrator\AppData\Local\Temp\cirrus-ci-build\src\test\allocator_tests.cpp(165): Leaving test case "lockedpool_tests_mock"; testing time: 260us
C:\Users\ContainerAdministrator\AppData\Local\Temp\cirrus-ci-build\src\test\allocator_tests.cpp(214): Entering test case "lockedpool_tests_live"
C:\Users\ContainerAdministrator\AppData\Local\Temp\cirrus-ci-build\src\test\allocator_tests.cpp(214): Leaving test case "lockedpool_tests_live"; testing time: 179us
C:\Users\ContainerAdministrator\AppData\Local\Temp\cirrus-ci-build\src\test\allocator_tests.cpp(16): Leaving test suite "allocator_tests"; testing time: 19112us
C:\Users\ContainerAdministrator\AppData\Local\Temp\cirrus-ci-build\src\test\amount_tests.cpp(12): Entering test suite "amount_tests"
C:\Users\ContainerAdministrator\AppData\Local\Temp\cirrus-ci-build\src\test\amount_tests.cpp(14): Entering test case "MoneyRangeTest"
C:\Users\ContainerAdministrator\AppData\Local\Temp\cirrus-ci-build\src\test\amount_tests.cpp(14): Leaving test case "MoneyRangeTest"; testing time: 105us
C:\Users\ContainerAdministrator\AppData\Local\Temp\cirrus-ci-build\src\test\amount_tests.cpp(23): Entering test case "GetFeeTest"
C:\Users\ContainerAdministrator\AppData\Local\Temp\cirrus-ci-build\src\test\amount_tests.cpp(23): Leaving test case "GetFeeTest"; testing time: 180us
C:\Users\ContainerAdministrator\AppData\Local\Temp\cirrus-ci-build\src\test\amount_tests.cpp(90): Entering test case "BinaryOperatorTest"
C:\Users\ContainerAdministrator\AppData\Local\Temp\cirrus-ci-build\src\test\amount_tests.cpp(90): Leaving test case "BinaryOperatorTest"; testing time: 61us
C:\Users\ContainerAdministrator\AppData\Local\Temp\cirrus-ci-build\src\test\amount_tests.cpp(107): Entering test case "ToStringTest"
C:\Users\ContainerAdministrator\AppData\Local\Temp\cirrus-ci-build\src\test\amount_tests.cpp(107): Leaving test case "ToStringTest"; testing time: 82us
C:\Users\ContainerAdministrator\AppData\Local\Temp\cirrus-ci-build\src\test\amount_tests.cpp(12): Leaving test suite "amount_tests"; testing time: 769us
C:\Users\ContainerAdministrator\AppData\Local\Temp\cirrus-ci-build\src\test\arith_uint256_tests.cpp(18): Entering test suite "arith_uint256_tests"
C:\Users\ContainerAdministrator\AppData\Local\Temp\cirrus-ci-build\src\test\arith_uint256_tests.cpp(68): Entering test case "basics"
C:\Users\ContainerAdministrator\AppData\Local\Temp\cirrus-ci-build\src\test\arith_uint256_tests.cpp(68): Leaving test case "basics"; testing time: 3444us
C:\Users\ContainerAdministrator\AppData\Local\Temp\cirrus-ci-build\src\test\arith_uint256_tests.cpp(157): Entering test case "shifts"
C:\Users\ContainerAdministrator\AppData\Local\Temp\cirrus-ci-build\src\test\arith_uint256_tests.cpp(157): Leaving test case "shifts"; testing time: 9857us
C:\Users\ContainerAdministrator\AppData\Local\Temp\cirrus-ci-build\src\test\arith_uint256_tests.cpp(200): Entering test case "unaryOperators"
C:\Users\ContainerAdministrator\AppData\Local\Temp\cirrus-ci-build\src\test\arith_uint256_tests.cpp(200): Leaving test case "unaryOperators"; testing time: 763us
C:\Users\ContainerAdministrator\AppData\Local\Temp\cirrus-ci-build\src\test\arith_uint256_tests.cpp(224): Entering test case "bitwiseOperators"
C:\Users\ContainerAdministrator\AppData\Local\Temp\cirrus-ci-build\src\test\arith_uint256_tests.cpp(224): Leaving test case "bitwiseOperators"; testing time: 242us
C:\Users\ContainerAdministrator\AppData\Local\Temp\cirrus-ci-build\src\test\arith_uint256_tests.cpp(268): Entering test case "comparison"
C:\Users\ContainerAdministrator\AppData\Local\Temp\cirrus-ci-build\src\test\arith_uint256_tests.cpp(268): Leaving test case "comparison"; testing time: 5817us
C:\Users\ContainerAdministrator\AppData\Local\Temp\cirrus-ci-build\src\test\arith_uint256_tests.cpp(282): Entering test case "plusMinus"
C:\Users\ContainerAdministrator\AppData\Local\Temp\cirrus-ci-build\src\test\arith_uint256_tests.cpp(282): Leaving test case "plusMinus"; testing time: 7070us
C:\Users\ContainerAdministrator\AppData\Local\Temp\cirrus-ci-build\src\test\arith_uint256_tests.cpp(326): Entering test case "multiply"
C:\Users\ContainerAdministrator\AppData\Local\Temp\cirrus-ci-build\src\test\arith_uint256_tests.cpp(326): Leaving test case "multiply"; testing time: 112us
C:\Users\ContainerAdministrator\AppData\Local\Temp\cirrus-ci-build\src\test\arith_uint256_tests.cpp(347): Entering test case "divide"
C:\Users\ContainerAdministrator\AppData\Local\Temp\cirrus-ci-build\src\test\arith_uint256_tests.cpp(347): Leaving test case "divide"; testing time: 510us
C:\Users\ContainerAdministrator\AppData\Local\Temp\cirrus-ci-build\src\test\arith_uint256_tests.cpp(371): Entering test case "methods"
C:\Users\ContainerAdministrator\AppData\Local\Temp\cirrus-ci-build\src\test\arith_uint256_tests.cpp(371): Leaving test case "methods"; testing time: 1638us
C:\Users\ContainerAdministrator\AppData\Local\Temp\cirrus-ci-build\src\test\arith_uint256_tests.cpp(406): Entering test case "bignum_SetCompact"
C:\Users\ContainerAdministrator\AppData\Local\Temp\cirrus-ci-build\src\test\arith_uint256_tests.cpp(406): Leaving test case "bignum_SetCompact"; testing time: 387us
C:\Users\ContainerAdministrator\AppData\Local\Temp\cirrus-ci-build\src\test\arith_uint256_tests.cpp(535): Entering test case "getmaxcoverage"
C:\Users\ContainerAdministrator\AppData\Local\Temp\cirrus-ci-build\src\test\arith_uint256_tests.cpp(535): Leaving test case "getmaxcoverage"; testing time: 126us
C:\Users\ContainerAdministrator\AppData\Local\Temp\cirrus-ci-build\src\test\arith_uint256_tests.cpp(18): Leaving test suite "arith_uint256_tests"; testing time: 30742us
C:\Users\ContainerAdministrator\AppData\Local\Temp\cirrus-ci-build\src\test\banman_tests.cpp(16): Entering test suite "banman_tests"
C:\Users\ContainerAdministrator\AppData\Local\Temp\cirrus-ci-build\src\test\banman_tests.cpp(18): Entering test case "file"
Test case banman_tests/file did not check any assertions
C:\Users\ContainerAdministrator\AppData\Local\Temp\cirrus-ci-build\src\test\banman_tests.cpp(18): Leaving test case "file"; testing time: 13892us
C:\Users\ContainerAdministrator\AppData\Local\Temp\cirrus-ci-build\src\test\banman_tests.cpp(16): Leaving test suite "banman_tests"; testing time: 14015us
C:\Users\ContainerAdministrator\AppData\Local\Temp\cirrus-ci-build\src\test\base32_tests.cpp(12): Entering test suite "base32_tests"
C:\Users\ContainerAdministrator\AppData\Local\Temp\cirrus-ci-build\src\test\base32_tests.cpp(14): Entering test case "base32_testvectors"
C:\Users\ContainerAdministrator\AppData\Local\Temp\cirrus-ci-build\src\test\base32_tests.cpp(14): Leaving test case "base32_testvectors"; testing time: 192us
C:\Users\ContainerAdministrator\AppData\Local\Temp\cirrus-ci-build\src\test\base32_tests.cpp(12): Leaving test suite "base32_tests"; testing time: 263us
C:\Users\ContainerAdministrator\AppData\Local\Temp\cirrus-ci-build\src\test\base58_tests.cpp(21): Entering test suite "base58_tests"
C:\Users\ContainerAdministrator\AppData\Local\Temp\cirrus-ci-build\src\test\base58_tests.cpp(24): Entering test case "base58_EncodeBase58"
C:\Users\ContainerAdministrator\AppData\Local\Temp\cirrus-ci-build\src\test\base58_tests.cpp(24): Leaving test case "base58_EncodeBase58"; testing time: 17662us
C:\Users\ContainerAdministrator\AppData\Local\Temp\cirrus-ci-build\src\test\base58_tests.cpp(44): Entering test case "base58_DecodeBase58"
C:\Users\ContainerAdministrator\AppData\Local\Temp\cirrus-ci-build\src\test\base58_tests.cpp(44): Leaving test case "base58_DecodeBase58"; testing time: 15458us
C:\Users\ContainerAdministrator\AppData\Local\Temp\cirrus-ci-build\src\test\base58_tests.cpp(84): Entering test case "base58_random_encode_decode"
C:\Users\ContainerAdministrator\AppData\Local\Temp\cirrus-ci-build\src\test\base58_tests.cpp(84): Leaving test case "base58_random_encode_decode"; testing time: 2437106us
C:\Users\ContainerAdministrator\AppData\Local\Temp\cirrus-ci-build\src\test\base58_tests.cpp(21): Leaving test suite "base58_tests"; testing time: 2470521us
C:\Users\ContainerAdministrator\AppData\Local\Temp\cirrus-ci-build\src\test\base64_tests.cpp(12): Entering test suite "base64_tests"
C:\Users\ContainerAdministrator\AppData\Local\Temp\cirrus-ci-build\src\test\base64_tests.cpp(14): Entering test case "base64_testvectors"
C:\Users\ContainerAdministrator\AppData\Local\Temp\cirrus-ci-build\src\test\base64_tests.cpp(14): Leaving test case "base64_testvectors"; testing time: 234us
C:\Users\ContainerAdministrator\AppData\Local\Temp\cirrus-ci-build\src\test\base64_tests.cpp(12): Leaving test suite "base64_tests"; testing time: 301us
C:\Users\ContainerAdministrator\AppData\Local\Temp\cirrus-ci-build\src\test\bech32_tests.cpp(13): Entering test suite "bech32_tests"
C:\Users\ContainerAdministrator\AppData\Local\Temp\cirrus-ci-build\src\test\bech32_tests.cpp(15): Entering test case "bech32_testvectors_valid"
C:\Users\ContainerAdministrator\AppData\Local\Temp\cirrus-ci-build\src\test\bech32_tests.cpp(15): Leaving test case "bech32_testvectors_valid"; testing time: 261us
C:\Users\ContainerAdministrator\AppData\Local\Temp\cirrus-ci-build\src\test\bech32_tests.cpp(35): Entering test case "bech32m_testvectors_valid"
C:\Users\ContainerAdministrator\AppData\Local\Temp\cirrus-ci-build\src\test\bech32_tests.cpp(35): Leaving test case "bech32m_testvectors_valid"; testing time: 215us
C:\Users\ContainerAdministrator\AppData\Local\Temp\cirrus-ci-build\src\test\bech32_tests.cpp(55): Entering test case "bech32_testvectors_invalid"
C:\Users\ContainerAdministrator\AppData\Local\Temp\cirrus-ci-build\src\test\bech32_tests.cpp(55): Leaving test case "bech32_testvectors_invalid"; testing time: 318us
C:\Users\ContainerAdministrator\AppData\Local\Temp\cirrus-ci-build\src\test\bech32_tests.cpp(107): Entering test case "bech32m_testvectors_invalid"
C:\Users\ContainerAdministrator\AppData\Local\Temp\cirrus-ci-build\src\test\bech32_tests.cpp(107): Leaving test case "bech32m_testvectors_invalid"; testing time: 220us
C:\Users\ContainerAdministrator\AppData\Local\Temp\cirrus-ci-build\src\test\bech32_tests.cpp(13): Leaving test suite "bech32_tests"; testing time: 1244us
C:\Users\ContainerAdministrator\AppData\Local\Temp\cirrus-ci-build\src\test\bip32_tests.cpp(160): Entering test suite "bip32_tests"
C:\Users\ContainerAdministrator\AppData\Local\Temp\cirrus-ci-build\src\test\bip32_tests.cpp(162): Entering test case "bip32_test1"
C:\Users\ContainerAdministrator\AppData\Local\Temp\cirrus-ci-build\src\test\bip32_tests.cpp(162): Leaving test case "bip32_test1"; testing time: 29696us
C:\Users\ContainerAdministrator\AppData\Local\Temp\cirrus-ci-build\src\test\bip32_tests.cpp(166): Entering test case "bip32_test2"
C:\Users\ContainerAdministrator\AppData\Local\Temp\cirrus-ci-build\src\test\bip32_tests.cpp(166): Leaving test case "bip32_test2"; testing time: 31346us
C:\Users\ContainerAdministrator\AppData\Local\Temp\cirrus-ci-build\src\test\bip32_tests.cpp(170): Entering test case "bip32_test3"
C:\Users\ContainerAdministrator\AppData\Local\Temp\cirrus-ci-build\src\test\bip32_tests.cpp(170): Leaving test case "bip32_test3"; testing time: 17737us
C:\Users\ContainerAdministrator\AppData\Local\Temp\cirrus-ci-build\src\test\bip32_tests.cpp(174): Entering test case "bip32_test4"
C:\Users\ContainerAdministrator\AppData\Local\Temp\cirrus-ci-build\src\test\bip32_tests.cpp(174): Leaving test case "bip32_test4"; testing time: 19278us
C:\Users\ContainerAdministrator\AppData\Local\Temp\cirrus-ci-build\src\test\bip32_tests.cpp(178): Entering test case "bip32_test5"
C:\Users\ContainerAdministrator\AppData\Local\Temp\cirrus-ci-build\src\test\bip32_tests.cpp(178): Leaving test case "bip32_test5"; testing time: 25593us
C:\Users\ContainerAdministrator\AppData\Local\Temp\cirrus-ci-build\src\test\bip32_tests.cpp(160): Leaving test suite "bip32_tests"; testing time: 124166us
C:\Users\ContainerAdministrator\AppData\Local\Temp\cirrus-ci-build\src\test\blockchain_tests.cpp(50): Entering test suite "blockchain_tests"
C:\Users\ContainerAdministrator\AppData\Local\Temp\cirrus-ci-build\src\test\blockchain_tests.cpp(52): Entering test case "get_difficulty_for_very_low_target"
C:\Users\ContainerAdministrator\AppData\Local\Temp\cirrus-ci-build\src\test\blockchain_tests.cpp(52): Leaving test case "get_difficulty_for_very_low_target"; testing time: 11045us
C:\Users\ContainerAdministrator\AppData\Local\Temp\cirrus-ci-build\src\test\blockchain_tests.cpp(57): Entering test case "get_difficulty_for_low_target"
C:\Users\ContainerAdministrator\AppData\Local\Temp\cirrus-ci-build\src\test\blockchain_tests.cpp(57): Leaving test case "get_difficulty_for_low_target"; testing time: 10650us
C:\Users\ContainerAdministrator\AppData\Local\Temp\cirrus-ci-build\src\test\blockchain_tests.cpp(62): Entering test case "get_difficulty_for_mid_target"
C:\Users\ContainerAdministrator\AppData\Local\Temp\cirrus-ci-build\src\test\blockchain_tests.cpp(62): Leaving test case "get_difficulty_for_mid_target"; testing time: 10506us
C:\Users\ContainerAdministrator\AppData\Local\Temp\cirrus-ci-build\src\test\blockchain_tests.cpp(67): Entering test case "get_difficulty_for_high_target"
C:\Users\ContainerAdministrator\AppData\Local\Temp\cirrus-ci-build\src\test\blockchain_tests.cpp(67): Leaving test case "get_difficulty_for_high_target"; testing time: 10151us
C:\Users\ContainerAdministrator\AppData\Local\Temp\cirrus-ci-build\src\test\blockchain_tests.cpp(72): Entering test case "get_difficulty_for_very_high_target"
C:\Users\ContainerAdministrator\AppData\Local\Temp\cirrus-ci-build\src\test\blockchain_tests.cpp(72): Leaving test case "get_difficulty_for_very_high_target"; testing time: 10304us
C:\Users\ContainerAdministrator\AppData\Local\Temp\cirrus-ci-build\src\test\blockchain_tests.cpp(50): Leaving test suite "blockchain_tests"; testing time: 53174us
C:\Users\ContainerAdministrator\AppData\Local\Temp\cirrus-ci-build\src\test\blockencodings_tests.cpp(17): Entering test suite "blockencodings_tests"
C:\Users\ContainerAdministrator\AppData\Local\Temp\cirrus-ci-build\src\test\blockencodings_tests.cpp(55): Entering test case "SimpleRoundTripTest"
C:\Users\ContainerAdministrator\AppData\Local\Temp\cirrus-ci-build\src\test\blockencodings_tests.cpp(55): Leaving test case "SimpleRoundTripTest"; testing time: 38730us
C:\Users\ContainerAdministrator\AppData\Local\Temp\cirrus-ci-build\src\test\blockencodings_tests.cpp(138): Entering test case "NonCoinbasePreforwardRTTest"
C:\Users\ContainerAdministrator\AppData\Local\Temp\cirrus-ci-build\src\test\blockencodings_tests.cpp(138): Leaving test case "NonCoinbasePreforwardRTTest"; testing time: 24160us
C:\Users\ContainerAdministrator\AppData\Local\Temp\cirrus-ci-build\src\test\blockencodings_tests.cpp(208): Entering test case "SufficientPreforwardRTTest"
C:\Users\ContainerAdministrator\AppData\Local\Temp\cirrus-ci-build\src\test\blockencodings_tests.cpp(208): Leaving test case "SufficientPreforwardRTTest"; testing time: 23492us
C:\Users\ContainerAdministrator\AppData\Local\Temp\cirrus-ci-build\src\test\blockencodings_tests.cpp(259): Entering test case "EmptyBlockRoundTripTest"
C:\Users\ContainerAdministrator\AppData\Local\Temp\cirrus-ci-build\src\test\blockencodings_tests.cpp(259): Leaving test case "EmptyBlockRoundTripTest"; testing time: 24586us
C:\Users\ContainerAdministrator\AppData\Local\Temp\cirrus-ci-build\src\test\blockencodings_tests.cpp(303): Entering test case "TransactionsRequestSerializationTest"
C:\Users\ContainerAdministrator\AppData\Local\Temp\cirrus-ci-build\src\test\blockencodings_tests.cpp(303): Leaving test case "TransactionsRequestSerializationTest"; testing time: 23309us
C:\Users\ContainerAdministrator\AppData\Local\Temp\cirrus-ci-build\src\test\blockencodings_tests.cpp(326): Entering test case "TransactionsRequestDeserializationMaxTest"
C:\Users\ContainerAdministrator\AppData\Local\Temp\cirrus-ci-build\src\test\blockencodings_tests.cpp(326): Leaving test case "TransactionsRequestDeserializationMaxTest"; testing time: 23489us
C:\Users\ContainerAdministrator\AppData\Local\Temp\cirrus-ci-build\src\test\blockencodings_tests.cpp(341): Entering test case "TransactionsRequestDeserializationOverflowTest"
C:\Users\ContainerAdministrator\AppData\Local\Temp\cirrus-ci-build\src\test\blockencodings_tests.cpp(341): Leaving test case "TransactionsRequestDeserializationOverflowTest"; testing time: 23199us
C:\Users\ContainerAdministrator\AppData\Local\Temp\cirrus-ci-build\src\test\blockencodings_tests.cpp(17): Leaving test suite "blockencodings_tests"; testing time: 181603us
C:\Users\ContainerAdministrator\AppData\Local\Temp\cirrus-ci-build\src\test\blockfilter_index_tests.cpp(23): Entering test suite "blockfilter_index_tests"
C:\Users\ContainerAdministrator\AppData\Local\Temp\cirrus-ci-build\src\test\blockfilter_index_tests.cpp(111): Entering test case "blockfilter_index_initial_sync"
C:\Users\ContainerAdministrator\AppData\Local\Temp\cirrus-ci-build\src\test\blockfilter_index_tests.cpp(111): Leaving test case "blockfilter_index_initial_sync"; testing time: 1415160us
C:\Users\ContainerAdministrator\AppData\Local\Temp\cirrus-ci-build\src\test\blockfilter_index_tests.cpp(275): Entering test case "blockfilter_index_init_destroy"
C:\Users\ContainerAdministrator\AppData\Local\Temp\cirrus-ci-build\src\test\blockfilter_index_tests.cpp(275): Leaving test case "blockfilter_index_init_destroy"; testing time: 14356us
C:\Users\ContainerAdministrator\AppData\Local\Temp\cirrus-ci-build\src\test\blockfilter_index_tests.cpp(23): Leaving test suite "blockfilter_index_tests"; testing time: 1429717us
C:\Users\ContainerAdministrator\AppData\Local\Temp\cirrus-ci-build\src\test\blockfilter_tests.cpp(17): Entering test suite "blockfilter_tests"
C:\Users\ContainerAdministrator\AppData\Local\Temp\cirrus-ci-build\src\test\blockfilter_tests.cpp(19): Entering test case "gcsfilter_test"
C:\Users\ContainerAdministrator\AppData\Local\Temp\cirrus-ci-build\src\test\blockfilter_tests.cpp(19): Leaving test case "gcsfilter_test"; testing time: 8040us
C:\Users\ContainerAdministrator\AppData\Local\Temp\cirrus-ci-build\src\test\blockfilter_tests.cpp(42): Entering test case "gcsfilter_default_constructor"
C:\Users\ContainerAdministrator\AppData\Local\Temp\cirrus-ci-build\src\test\blockfilter_tests.cpp(42): Leaving test case "gcsfilter_default_constructor"; testing time: 92us
C:\Users\ContainerAdministrator\AppData\Local\Temp\cirrus-ci-build\src\test\blockfilter_tests.cpp(55): Entering test case "blockfilter_basic_test"
C:\Users\ContainerAdministrator\AppData\Local\Temp\cirrus-ci-build\src\test\blockfilter_tests.cpp(55): Leaving test case "blockfilter_basic_test"; testing time: 315us
C:\Users\ContainerAdministrator\AppData\Local\Temp\cirrus-ci-build\src\test\blockfilter_tests.cpp(128): Entering test case "blockfilters_json_test"
C:\Users\ContainerAdministrator\AppData\Local\Temp\cirrus-ci-build\src\test\blockfilter_tests.cpp(128): Leaving test case "blockfilters_json_test"; testing time: 4293us
C:\Users\ContainerAdministrator\AppData\Local\Temp\cirrus-ci-build\src\test\blockfilter_tests.cpp(182): Entering test case "blockfilter_type_names"
C:\Users\ContainerAdministrator\AppData\Local\Temp\cirrus-ci-build\src\test\blockfilter_tests.cpp(182): Leaving test case "blockfilter_type_names"; testing time: 74us
C:\Users\ContainerAdministrator\AppData\Local\Temp\cirrus-ci-build\src\test\blockfilter_tests.cpp(17): Leaving test suite "blockfilter_tests"; testing time: 13113us
C:\Users\ContainerAdministrator\AppData\Local\Temp\cirrus-ci-build\src\test\bloom_tests.cpp(24): Entering test suite "bloom_tests"
C:\Users\ContainerAdministrator\AppData\Local\Temp\cirrus-ci-build\src\test\bloom_tests.cpp(26): Entering test case "bloom_create_insert_serialize"
C:\Users\ContainerAdministrator\AppData\Local\Temp\cirrus-ci-build\src\test\bloom_tests.cpp(26): Leaving test case "bloom_create_insert_serialize"; testing time: 10913us
C:\Users\ContainerAdministrator\AppData\Local\Temp\cirrus-ci-build\src\test\bloom_tests.cpp(53): Entering test case "bloom_create_insert_serialize_with_tweak"
C:\Users\ContainerAdministrator\AppData\Local\Temp\cirrus-ci-build\src\test\bloom_tests.cpp(53): Leaving test case "bloom_create_insert_serialize_with_tweak"; testing time: 10756us
C:\Users\ContainerAdministrator\AppData\Local\Temp\cirrus-ci-build\src\test\bloom_tests.cpp(78): Entering test case "bloom_create_insert_key"
C:\Users\ContainerAdministrator\AppData\Local\Temp\cirrus-ci-build\src\test\bloom_tests.cpp(78): Leaving test case "bloom_create_insert_key"; testing time: 10763us
C:\Users\ContainerAdministrator\AppData\Local\Temp\cirrus-ci-build\src\test\bloom_tests.cpp(99): Entering test case "bloom_match"
C:\Users\ContainerAdministrator\AppData\Local\Temp\cirrus-ci-build\src\test\bloom_tests.cpp(99): Leaving test case "bloom_match"; testing time: 11424us
C:\Users\ContainerAdministrator\AppData\Local\Temp\cirrus-ci-build\src\test\bloom_tests.cpp(168): Entering test case "merkle_block_1"
C:\Users\ContainerAdministrator\AppData\Local\Temp\cirrus-ci-build\src\test\bloom_tests.cpp(168): Leaving test case "merkle_block_1"; testing time: 11570us
C:\Users\ContainerAdministrator\AppData\Local\Temp\cirrus-ci-build\src\test\bloom_tests.cpp(209): Entering test case "merkle_block_2"
C:\Users\ContainerAdministrator\AppData\Local\Temp\cirrus-ci-build\src\test\bloom_tests.cpp(209): Leaving test case "merkle_block_2"; testing time: 12718us
C:\Users\ContainerAdministrator\AppData\Local\Temp\cirrus-ci-build\src\test\bloom_tests.cpp(264): Entering test case "merkle_block_2_with_update_none"
C:\Users\ContainerAdministrator\AppData\Local\Temp\cirrus-ci-build\src\test\bloom_tests.cpp(264): Leaving test case "merkle_block_2_with_update_none"; testing time: 11356us
C:\Users\ContainerAdministrator\AppData\Local\Temp\cirrus-ci-build\src\test\bloom_tests.cpp(316): Entering test case "merkle_block_3_and_serialize"
C:\Users\ContainerAdministrator\AppData\Local\Temp\cirrus-ci-build\src\test\bloom_tests.cpp(316): Leaving test case "merkle_block_3_and_serialize"; testing time: 11388us
C:\Users\ContainerAdministrator\AppData\Local\Temp\cirrus-ci-build\src\test\bloom_tests.cpp(352): Entering test case "merkle_block_4"
C:\Users\ContainerAdministrator\AppData\Local\Temp\cirrus-ci-build\src\test\bloom_tests.cpp(352): Leaving test case "merkle_block_4"; testing time: 12380us
C:\Users\ContainerAdministrator\AppData\Local\Temp\cirrus-ci-build\src\test\bloom_tests.cpp(398): Entering test case "merkle_block_4_test_p2pubkey_only"
C:\Users\ContainerAdministrator\AppData\Local\Temp\cirrus-ci-build\src\test\bloom_tests.cpp(398): Leaving test case "merkle_block_4_test_p2pubkey_only"; testing time: 11767us
C:\Users\ContainerAdministrator\AppData\Local\Temp\cirrus-ci-build\src\test\bloom_tests.cpp(421): Entering test case "merkle_block_4_test_update_none"
C:\Users\ContainerAdministrator\AppData\Local\Temp\cirrus-ci-build\src\test\bloom_tests.cpp(421): Leaving test case "merkle_block_4_test_update_none"; testing time: 11832us
C:\Users\ContainerAdministrator\AppData\Local\Temp\cirrus-ci-build\src\test\bloom_tests.cpp(449): Entering test case "rolling_bloom"
C:\Users\ContainerAdministrator\AppData\Local\Temp\cirrus-ci-build\src\test\bloom_tests.cpp(449): Leaving test case "rolling_bloom"; testing time: 42407us
C:\Users\ContainerAdministrator\AppData\Local\Temp\cirrus-ci-build\src\test\bloom_tests.cpp(24): Leaving test suite "bloom_tests"; testing time: 170375us
C:\Users\ContainerAdministrator\AppData\Local\Temp\cirrus-ci-build\src\test\bswap_tests.cpp(9): Entering test suite "bswap_tests"
C:\Users\ContainerAdministrator\AppData\Local\Temp\cirrus-ci-build\src\test\bswap_tests.cpp(11): Entering test case "bswap_tests"
C:\Users\ContainerAdministrator\AppData\Local\Temp\cirrus-ci-build\src\test\bswap_tests.cpp(11): Leaving test case "bswap_tests"; testing time: 35us
C:\Users\ContainerAdministrator\AppData\Local\Temp\cirrus-ci-build\src\test\bswap_tests.cpp(9): Leaving test suite "bswap_tests"; testing time: 69us
C:\Users\ContainerAdministrator\AppData\Local\Temp\cirrus-ci-build\src\test\checkqueue_tests.cpp(35): Entering test suite "checkqueue_tests"
C:\Users\ContainerAdministrator\AppData\Local\Temp\cirrus-ci-build\src\test\checkqueue_tests.cpp(194): Entering test case "test_CheckQueue_Correct_Zero"
C:\Users\ContainerAdministrator\AppData\Local\Temp\cirrus-ci-build\src\test\checkqueue_tests.cpp(194): Leaving test case "test_CheckQueue_Correct_Zero"; testing time: 23845us
C:\Users\ContainerAdministrator\AppData\Local\Temp\cirrus-ci-build\src\test\checkqueue_tests.cpp(202): Entering test case "test_CheckQueue_Correct_One"
C:\Users\ContainerAdministrator\AppData\Local\Temp\cirrus-ci-build\src\test\checkqueue_tests.cpp(202): Leaving test case "test_CheckQueue_Correct_One"; testing time: 22131us
C:\Users\ContainerAdministrator\AppData\Local\Temp\cirrus-ci-build\src\test\checkqueue_tests.cpp(210): Entering test case "test_CheckQueue_Correct_Max"
C:\Users\ContainerAdministrator\AppData\Local\Temp\cirrus-ci-build\src\test\checkqueue_tests.cpp(210): Leaving test case "test_CheckQueue_Correct_Max"; testing time: 55684us
C:\Users\ContainerAdministrator\AppData\Local\Temp\cirrus-ci-build\src\test\checkqueue_tests.cpp(218): Entering test case "test_CheckQueue_Correct_Random"
C:\Users\ContainerAdministrator\AppData\Local\Temp\cirrus-ci-build\src\test\checkqueue_tests.cpp(218): Leaving test case "test_CheckQueue_Correct_Random"; testing time: 3709183us
C:\Users\ContainerAdministrator\AppData\Local\Temp\cirrus-ci-build\src\test\checkqueue_tests.cpp(229): Entering test case "test_CheckQueue_Catches_Failure"
C:\Users\ContainerAdministrator\AppData\Local\Temp\cirrus-ci-build\src\test\checkqueue_tests.cpp(229): Leaving test case "test_CheckQueue_Catches_Failure"; testing time: 364246us
C:\Users\ContainerAdministrator\AppData\Local\Temp\cirrus-ci-build\src\test\checkqueue_tests.cpp(257): Entering test case "test_CheckQueue_Recovers_From_Failure"
C:\Users\ContainerAdministrator\AppData\Local\Temp\cirrus-ci-build\src\test\checkqueue_tests.cpp(257): Leaving test case "test_CheckQueue_Recovers_From_Failure"; testing time: 23473us
C:\Users\ContainerAdministrator\AppData\Local\Temp\cirrus-ci-build\src\test\checkqueue_tests.cpp(281): Entering test case "test_CheckQueue_UniqueCheck"
C:\Users\ContainerAdministrator\AppData\Local\Temp\cirrus-ci-build\src\test\checkqueue_tests.cpp(281): Leaving test case "test_CheckQueue_UniqueCheck"; testing time: 138473us
C:\Users\ContainerAdministrator\AppData\Local\Temp\cirrus-ci-build\src\test\checkqueue_tests.cpp(316): Entering test case "test_CheckQueue_Memory"
C:\Users\ContainerAdministrator\AppData\Local\Temp\cirrus-ci-build\src\test\checkqueue_tests.cpp(316): Leaving test case "test_CheckQueue_Memory"; testing time: 546834us
C:\Users\ContainerAdministrator\AppData\Local\Temp\cirrus-ci-build\src\test\checkqueue_tests.cpp(343): Entering test case "test_CheckQueue_FrozenCleanup"
C:\Users\ContainerAdministrator\AppData\Local\Temp\cirrus-ci-build\src\test\checkqueue_tests.cpp(343): Leaving test case "test_CheckQueue_FrozenCleanup"; testing time: 23482us
C:\Users\ContainerAdministrator\AppData\Local\Temp\cirrus-ci-build\src\test\checkqueue_tests.cpp(383): Entering test case "test_CheckQueueControl_Locks"
C:\Users\ContainerAdministrator\AppData\Local\Temp\cirrus-ci-build\src\test\checkqueue_tests.cpp(383): Leaving test case "test_CheckQueueControl_Locks"; testing time: 78801us
C:\Users\ContainerAdministrator\AppData\Local\Temp\cirrus-ci-build\src\test\checkqueue_tests.cpp(35): Leaving test suite "checkqueue_tests"; testing time: 4987323us
C:\Users\ContainerAdministrator\AppData\Local\Temp\cirrus-ci-build\src\test\coinstatsindex_tests.cpp(19): Entering test suite "coinstatsindex_tests"
C:\Users\ContainerAdministrator\AppData\Local\Temp\cirrus-ci-build\src\test\coinstatsindex_tests.cpp(32): Entering test case "coinstatsindex_initial_sync"
C:\Users\ContainerAdministrator\AppData\Local\Temp\cirrus-ci-build\src\test\coinstatsindex_tests.cpp(32): Leaving test case "coinstatsindex_initial_sync"; testing time: 25352622us
C:\Users\ContainerAdministrator\AppData\Local\Temp\cirrus-ci-build\src\test\coinstatsindex_tests.cpp(88): Entering test case "coinstatsindex_unclean_shutdown"
C:\Users\ContainerAdministrator\AppData\Local\Temp\cirrus-ci-build\src\test\coinstatsindex_tests.cpp(88): Leaving test case "coinstatsindex_unclean_shutdown"; testing time: 25527300us
C:\Users\ContainerAdministrator\AppData\Local\Temp\cirrus-ci-build\src\test\coinstatsindex_tests.cpp(19): Leaving test suite "coinstatsindex_tests"; testing time: 50880171us
C:\Users\ContainerAdministrator\AppData\Local\Temp\cirrus-ci-build\src\test\coins_tests.cpp(99): Entering test suite "coins_tests"
C:\Users\ContainerAdministrator\AppData\Local\Temp\cirrus-ci-build\src\test\coins_tests.cpp(266): Entering test case "coins_cache_simulation_test"
C:\Users\ContainerAdministrator\AppData\Local\Temp\cirrus-ci-build\src\test\coins_tests.cpp(266): Leaving test case "coins_cache_simulation_test"; testing time: 49286665us
C:\Users\ContainerAdministrator\AppData\Local\Temp\cirrus-ci-build\src\test\coins_tests.cpp(296): Entering test case "updatecoins_simulation_test"
C:\Users\ContainerAdministrator\AppData\Local\Temp\cirrus-ci-build\src\test\coins_tests.cpp(296): Leaving test case "updatecoins_simulation_test"; testing time: 8984867us
C:\Users\ContainerAdministrator\AppData\Local\Temp\cirrus-ci-build\src\test\coins_tests.cpp(498): Entering test case "ccoins_serialization"
C:\Users\ContainerAdministrator\AppData\Local\Temp\cirrus-ci-build\src\test\coins_tests.cpp(498): Leaving test case "ccoins_serialization"; testing time: 12599us
C:\Users\ContainerAdministrator\AppData\Local\Temp\cirrus-ci-build\src\test\coins_tests.cpp(643): Entering test case "ccoins_access"
C:\Users\ContainerAdministrator\AppData\Local\Temp\cirrus-ci-build\src\test\coins_tests.cpp(643): Leaving test case "ccoins_access"; testing time: 12462us
C:\Users\ContainerAdministrator\AppData\Local\Temp\cirrus-ci-build\src\test\coins_tests.cpp(694): Entering test case "ccoins_spend"
C:\Users\ContainerAdministrator\AppData\Local\Temp\cirrus-ci-build\src\test\coins_tests.cpp(694): Leaving test case "ccoins_spend"; testing time: 12171us
C:\Users\ContainerAdministrator\AppData\Local\Temp\cirrus-ci-build\src\test\coins_tests.cpp(765): Entering test case "ccoins_add"
C:\Users\ContainerAdministrator\AppData\Local\Temp\cirrus-ci-build\src\test\coins_tests.cpp(765): Leaving test case "ccoins_add"; testing time: 13160us
C:\Users\ContainerAdministrator\AppData\Local\Temp\cirrus-ci-build\src\test\coins_tests.cpp(814): Entering test case "ccoins_write"
C:\Users\ContainerAdministrator\AppData\Local\Temp\cirrus-ci-build\src\test\coins_tests.cpp(814): Leaving test case "ccoins_write"; testing time: 16121us
C:\Users\ContainerAdministrator\AppData\Local\Temp\cirrus-ci-build\src\test\coins_tests.cpp(99): Leaving test suite "coins_tests"; testing time: 58338789us
C:\Users\ContainerAdministrator\AppData\Local\Temp\cirrus-ci-build\src\test\compilerbug_tests.cpp(7): Test suite "compilerbug_tests" is skipped because disabled
C:\Users\ContainerAdministrator\AppData\Local\Temp\cirrus-ci-build\src\test\compress_tests.cpp(25): Entering test suite "compress_tests"
C:\Users\ContainerAdministrator\AppData\Local\Temp\cirrus-ci-build\src\test\compress_tests.cpp(40): Entering test case "compress_amounts"
C:\Users\ContainerAdministrator\AppData\Local\Temp\cirrus-ci-build\src\test\compress_tests.cpp(40): Leaving test case "compress_amounts"; testing time: 1333725us
C:\Users\ContainerAdministrator\AppData\Local\Temp\cirrus-ci-build\src\test\compress_tests.cpp(65): Entering test case "compress_script_to_ckey_id"
C:\Users\ContainerAdministrator\AppData\Local\Temp\cirrus-ci-build\src\test\compress_tests.cpp(65): Leaving test case "compress_script_to_ckey_id"; testing time: 11308us
C:\Users\ContainerAdministrator\AppData\Local\Temp\cirrus-ci-build\src\test\compress_tests.cpp(85): Entering test case "compress_script_to_cscript_id"
C:\Users\ContainerAdministrator\AppData\Local\Temp\cirrus-ci-build\src\test\compress_tests.cpp(85): Leaving test case "compress_script_to_cscript_id"; testing time: 10146us
C:\Users\ContainerAdministrator\AppData\Local\Temp\cirrus-ci-build\src\test\compress_tests.cpp(102): Entering test case "compress_script_to_compressed_pubkey_id"
C:\Users\ContainerAdministrator\AppData\Local\Temp\cirrus-ci-build\src\test\compress_tests.cpp(102): Leaving test case "compress_script_to_compressed_pubkey_id"; testing time: 10669us
C:\Users\ContainerAdministrator\AppData\Local\Temp\cirrus-ci-build\src\test\compress_tests.cpp(120): Entering test case "compress_script_to_uncompressed_pubkey_id"
C:\Users\ContainerAdministrator\AppData\Local\Temp\cirrus-ci-build\src\test\compress_tests.cpp(120): Leaving test case "compress_script_to_uncompressed_pubkey_id"; testing time: 10797us
C:\Users\ContainerAdministrator\AppData\Local\Temp\cirrus-ci-build\src\test\compress_tests.cpp(25): Leaving test suite "compress_tests"; testing time: 1377091us
C:\Users\ContainerAdministrator\AppData\Local\Temp\cirrus-ci-build\src\test\crypto_tests.cpp(27): Entering test suite "crypto_tests"
C:\Users\ContainerAdministrator\AppData\Local\Temp\cirrus-ci-build\src\test\crypto_tests.cpp(207): Entering test case "ripemd160_testvectors"
C:\Users\ContainerAdministrator\AppData\Local\Temp\cirrus-ci-build\src\test\crypto_tests.cpp(207): Leaving test case "ripemd160_testvectors"; testing time: 2366657us
C:\Users\ContainerAdministrator\AppData\Local\Temp\cirrus-ci-build\src\test\crypto_tests.cpp(223): Entering test case "sha1_testvectors"
C:\Users\ContainerAdministrator\AppData\Local\Temp\cirrus-ci-build\src\test\crypto_tests.cpp(223): Leaving test case "sha1_testvectors"; testing time: 1177847us
C:\Users\ContainerAdministrator\AppData\Local\Temp\cirrus-ci-build\src\test\crypto_tests.cpp(239): Entering test case "sha256_testvectors"
C:\Users\ContainerAdministrator\AppData\Local\Temp\cirrus-ci-build\src\test\crypto_tests.cpp(239): Leaving test case "sha256_testvectors"; testing time: 1510843us
C:\Users\ContainerAdministrator\AppData\Local\Temp\cirrus-ci-build\src\test\crypto_tests.cpp(261): Entering test case "sha512_testvectors"
C:\Users\ContainerAdministrator\AppData\Local\Temp\cirrus-ci-build\src\test\crypto_tests.cpp(261): Leaving test case "sha512_testvectors"; testing time: 1082074us
C:\Users\ContainerAdministrator\AppData\Local\Temp\cirrus-ci-build\src\test\crypto_tests.cpp(298): Entering test case "hmac_sha256_testvectors"
C:\Users\ContainerAdministrator\AppData\Local\Temp\cirrus-ci-build\src\test\crypto_tests.cpp(298): Leaving test case "hmac_sha256_testvectors"; testing time: 31315us
C:\Users\ContainerAdministrator\AppData\Local\Temp\cirrus-ci-build\src\test\crypto_tests.cpp(351): Entering test case "hmac_sha512_testvectors"
C:\Users\ContainerAdministrator\AppData\Local\Temp\cirrus-ci-build\src\test\crypto_tests.cpp(351): Leaving test case "hmac_sha512_testvectors"; testing time: 35010us
C:\Users\ContainerAdministrator\AppData\Local\Temp\cirrus-ci-build\src\test\crypto_tests.cpp(419): Entering test case "aes_testvectors"
C:\Users\ContainerAdministrator\AppData\Local\Temp\cirrus-ci-build\src\test\crypto_tests.cpp(419): Leaving test case "aes_testvectors"; testing time: 10902us
C:\Users\ContainerAdministrator\AppData\Local\Temp\cirrus-ci-build\src\test\crypto_tests.cpp(430): Entering test case "aes_cbc_testvectors"
C:\Users\ContainerAdministrator\AppData\Local\Temp\cirrus-ci-build\src\test\crypto_tests.cpp(430): Leaving test case "aes_cbc_testvectors"; testing time: 12277us
C:\Users\ContainerAdministrator\AppData\Local\Temp\cirrus-ci-build\src\test\crypto_tests.cpp(461): Entering test case "chacha20_testvector"
C:\Users\ContainerAdministrator\AppData\Local\Temp\cirrus-ci-build\src\test\crypto_tests.cpp(461): Leaving test case "chacha20_testvector"; testing time: 11321us
C:\Users\ContainerAdministrator\AppData\Local\Temp\cirrus-ci-build\src\test\crypto_tests.cpp(503): Entering test case "poly1305_testvector"
C:\Users\ContainerAdministrator\AppData\Local\Temp\cirrus-ci-build\src\test\crypto_tests.cpp(503): Leaving test case "poly1305_testvector"; testing time: 10498us
C:\Users\ContainerAdministrator\AppData\Local\Temp\cirrus-ci-build\src\test\crypto_tests.cpp(573): Entering test case "hkdf_hmac_sha256_l32_tests"
C:\Users\ContainerAdministrator\AppData\Local\Temp\cirrus-ci-build\src\test\crypto_tests.cpp(573): Leaving test case "hkdf_hmac_sha256_l32_tests"; testing time: 10476us
C:\Users\ContainerAdministrator\AppData\Local\Temp\cirrus-ci-build\src\test\crypto_tests.cpp(685): Entering test case "chacha20_poly1305_aead_testvector"
C:\Users\ContainerAdministrator\AppData\Local\Temp\cirrus-ci-build\src\test\crypto_tests.cpp(685): Leaving test case "chacha20_poly1305_aead_testvector"; testing time: 87343us
C:\Users\ContainerAdministrator\AppData\Local\Temp\cirrus-ci-build\src\test\crypto_tests.cpp(718): Entering test case "countbits_tests"
C:\Users\ContainerAdministrator\AppData\Local\Temp\cirrus-ci-build\src\test\crypto_tests.cpp(718): Leaving test case "countbits_tests"; testing time: 148915us
C:\Users\ContainerAdministrator\AppData\Local\Temp\cirrus-ci-build\src\test\crypto_tests.cpp(740): Entering test case "sha256d64"
C:\Users\ContainerAdministrator\AppData\Local\Temp\cirrus-ci-build\src\test\crypto_tests.cpp(740): Leaving test case "sha256d64"; testing time: 16915us
C:\Users\ContainerAdministrator\AppData\Local\Temp\cirrus-ci-build\src\test\crypto_tests.cpp(778): Entering test case "keccak_tests"
C:\Users\ContainerAdministrator\AppData\Local\Temp\cirrus-ci-build\src\test\crypto_tests.cpp(778): Leaving test case "keccak_tests"; testing time: 2590823us
C:\Users\ContainerAdministrator\AppData\Local\Temp\cirrus-ci-build\src\test\crypto_tests.cpp(798): Entering test case "sha3_256_tests"
C:\Users\ContainerAdministrator\AppData\Local\Temp\cirrus-ci-build\src\test\crypto_tests.cpp(798): Leaving test case "sha3_256_tests"; testing time: 16293us
C:\Users\ContainerAdministrator\AppData\Local\Temp\cirrus-ci-build\src\test\crypto_tests.cpp(867): Entering test case "muhash_tests"
C:\Users\ContainerAdministrator\AppData\Local\Temp\cirrus-ci-build\src\test\crypto_tests.cpp(867): Leaving test case "muhash_tests"; testing time: 30152179us
C:\Users\ContainerAdministrator\AppData\Local\Temp\cirrus-ci-build\src\test\crypto_tests.cpp(27): Leaving test suite "crypto_tests"; testing time: 39273333us
C:\Users\ContainerAdministrator\AppData\Local\Temp\cirrus-ci-build\src\test\cuckoocache_tests.cpp(30): Entering test suite "cuckoocache_tests"
C:\Users\ContainerAdministrator\AppData\Local\Temp\cirrus-ci-build\src\test\cuckoocache_tests.cpp(36): Entering test case "test_cuckoocache_no_fakes"
C:\Users\ContainerAdministrator\AppData\Local\Temp\cirrus-ci-build\src\test\cuckoocache_tests.cpp(36): Leaving test case "test_cuckoocache_no_fakes"; testing time: 497252us
C:\Users\ContainerAdministrator\AppData\Local\Temp\cirrus-ci-build\src\test\cuckoocache_tests.cpp(107): Entering test case "cuckoocache_hit_rate_ok"
C:\Users\ContainerAdministrator\AppData\Local\Temp\cirrus-ci-build\src\test\cuckoocache_tests.cpp(107): Leaving test case "cuckoocache_hit_rate_ok"; testing time: 837123us
C:\Users\ContainerAdministrator\AppData\Local\Temp\cirrus-ci-build\src\test\cuckoocache_tests.cpp(180): Entering test case "cuckoocache_erase_ok"
C:\Users\ContainerAdministrator\AppData\Local\Temp\cirrus-ci-build\src\test\cuckoocache_tests.cpp(180): Leaving test case "cuckoocache_erase_ok"; testing time: 358475us
C:\Users\ContainerAdministrator\AppData\Local\Temp\cirrus-ci-build\src\test\cuckoocache_tests.cpp(269): Entering test case "cuckoocache_erase_parallel_ok"
C:\Users\ContainerAdministrator\AppData\Local\Temp\cirrus-ci-build\src\test\cuckoocache_tests.cpp(269): Leaving test case "cuckoocache_erase_parallel_ok"; testing time: 289294us
C:\Users\ContainerAdministrator\AppData\Local\Temp\cirrus-ci-build\src\test\cuckoocache_tests.cpp(366): Entering test case "cuckoocache_generations"
C:\Users\ContainerAdministrator\AppData\Local\Temp\cirrus-ci-build\src\test\cuckoocache_tests.cpp(366): Leaving test case "cuckoocache_generations"; testing time: 3245621us
C:\Users\ContainerAdministrator\AppData\Local\Temp\cirrus-ci-build\src\test\cuckoocache_tests.cpp(30): Leaving test suite "cuckoocache_tests"; testing time: 5228326us
C:\Users\ContainerAdministrator\AppData\Local\Temp\cirrus-ci-build\src\test\dbwrapper_tests.cpp(23): Entering test suite "dbwrapper_tests"
C:\Users\ContainerAdministrator\AppData\Local\Temp\cirrus-ci-build\src\test\dbwrapper_tests.cpp(25): Entering test case "dbwrapper"
C:\Users\ContainerAdministrator\AppData\Local\Temp\cirrus-ci-build\src\test\dbwrapper_tests.cpp(25): Leaving test case "dbwrapper"; testing time: 12038us
C:\Users\ContainerAdministrator\AppData\Local\Temp\cirrus-ci-build\src\test\dbwrapper_tests.cpp(44): Entering test case "dbwrapper_basic_data"
C:\Users\ContainerAdministrator\AppData\Local\Temp\cirrus-ci-build\src\test\dbwrapper_tests.cpp(44): Leaving test case "dbwrapper_basic_data"; testing time: 48173us
C:\Users\ContainerAdministrator\AppData\Local\Temp\cirrus-ci-build\src\test\dbwrapper_tests.cpp(125): Entering test case "dbwrapper_batch"
C:\Users\ContainerAdministrator\AppData\Local\Temp\cirrus-ci-build\src\test\dbwrapper_tests.cpp(125): Leaving test case "dbwrapper_batch"; testing time: 10901us
C:\Users\ContainerAdministrator\AppData\Local\Temp\cirrus-ci-build\src\test\dbwrapper_tests.cpp(161): Entering test case "dbwrapper_iterator"
C:\Users\ContainerAdministrator\AppData\Local\Temp\cirrus-ci-build\src\test\dbwrapper_tests.cpp(161): Leaving test case "dbwrapper_iterator"; testing time: 11399us
C:\Users\ContainerAdministrator\AppData\Local\Temp\cirrus-ci-build\src\test\dbwrapper_tests.cpp(202): Entering test case "existing_data_no_obfuscate"
C:\Users\ContainerAdministrator\AppData\Local\Temp\cirrus-ci-build\src\test\dbwrapper_tests.cpp(202): Leaving test case "existing_data_no_obfuscate"; testing time: 44084us
C:\Users\ContainerAdministrator\AppData\Local\Temp\cirrus-ci-build\src\test\dbwrapper_tests.cpp(243): Entering test case "existing_data_reindex"
C:\Users\ContainerAdministrator\AppData\Local\Temp\cirrus-ci-build\src\test\dbwrapper_tests.cpp(243): Leaving test case "existing_data_reindex"; testing time: 45244us
C:\Users\ContainerAdministrator\AppData\Local\Temp\cirrus-ci-build\src\test\dbwrapper_tests.cpp(279): Entering test case "iterator_ordering"
C:\Users\ContainerAdministrator\AppData\Local\Temp\cirrus-ci-build\src\test\dbwrapper_tests.cpp(279): Leaving test case "iterator_ordering"; testing time: 16696us
C:\Users\ContainerAdministrator\AppData\Local\Temp\cirrus-ci-build\src\test\dbwrapper_tests.cpp(357): Entering test case "iterator_string_ordering"
C:\Users\ContainerAdministrator\AppData\Local\Temp\cirrus-ci-build\src\test\dbwrapper_tests.cpp(357): Leaving test case "iterator_string_ordering"; testing time: 20789us
C:\Users\ContainerAdministrator\AppData\Local\Temp\cirrus-ci-build\src\test\dbwrapper_tests.cpp(401): Entering test case "unicodepath"
C:\Users\ContainerAdministrator\AppData\Local\Temp\cirrus-ci-build\src\test\dbwrapper_tests.cpp(401): Leaving test case "unicodepath"; testing time: 29576us
C:\Users\ContainerAdministrator\AppData\Local\Temp\cirrus-ci-build\src\test\dbwrapper_tests.cpp(23): Leaving test suite "dbwrapper_tests"; testing time: 239749us
C:\Users\ContainerAdministrator\AppData\Local\Temp\cirrus-ci-build\src\test\denialofservice_tests.cpp(35): Entering test suite "denialofservice_tests"
C:\Users\ContainerAdministrator\AppData\Local\Temp\cirrus-ci-build\src\test\denialofservice_tests.cpp(45): Entering test case "outbound_slow_chain_eviction"
C:\Users\ContainerAdministrator\AppData\Local\Temp\cirrus-ci-build\src\test\denialofservice_tests.cpp(45): Leaving test case "outbound_slow_chain_eviction"; testing time: 26354us
C:\Users\ContainerAdministrator\AppData\Local\Temp\cirrus-ci-build\src\test\denialofservice_tests.cpp(133): Entering test case "stale_tip_peer_management"
C:\Users\ContainerAdministrator\AppData\Local\Temp\cirrus-ci-build\src\test\denialofservice_tests.cpp(133): Leaving test case "stale_tip_peer_management"; testing time: 27819us
C:\Users\ContainerAdministrator\AppData\Local\Temp\cirrus-ci-build\src\test\denialofservice_tests.cpp(210): Entering test case "block_relay_only_eviction"
C:\Users\ContainerAdministrator\AppData\Local\Temp\cirrus-ci-build\src\test\denialofservice_tests.cpp(210): Leaving test case "block_relay_only_eviction"; testing time: 23939us
C:\Users\ContainerAdministrator\AppData\Local\Temp\cirrus-ci-build\src\test\denialofservice_tests.cpp(272): Entering test case "peer_discouragement"
C:\Users\ContainerAdministrator\AppData\Local\Temp\cirrus-ci-build\src\test\denialofservice_tests.cpp(272): Leaving test case "peer_discouragement"; testing time: 24808us
C:\Users\ContainerAdministrator\AppData\Local\Temp\cirrus-ci-build\src\test\denialofservice_tests.cpp(387): Entering test case "DoS_bantime"
C:\Users\ContainerAdministrator\AppData\Local\Temp\cirrus-ci-build\src\test\denialofservice_tests.cpp(387): Leaving test case "DoS_bantime"; testing time: 23568us
C:\Users\ContainerAdministrator\AppData\Local\Temp\cirrus-ci-build\src\test\denialofservice_tests.cpp(35): Leaving test suite "denialofservice_tests"; testing time: 126949us
C:\Users\ContainerAdministrator\AppData\Local\Temp\cirrus-ci-build\src\test\descriptor_tests.cpp(373): Entering test suite "descriptor_tests"
C:\Users\ContainerAdministrator\AppData\Local\Temp\cirrus-ci-build\src\test\descriptor_tests.cpp(375): Entering test case "descriptor_test"
C:\Users\ContainerAdministrator\AppData\Local\Temp\cirrus-ci-build\src\test\descriptor_tests.cpp(375): Leaving test case "descriptor_test"; testing time: 2338252us
C:\Users\ContainerAdministrator\AppData\Local\Temp\cirrus-ci-build\src\test\descriptor_tests.cpp(373): Leaving test suite "descriptor_tests"; testing time: 2338424us
C:\Users\ContainerAdministrator\AppData\Local\Temp\cirrus-ci-build\src\test\flatfile_tests.cpp(13): Entering test suite "flatfile_tests"
C:\Users\ContainerAdministrator\AppData\Local\Temp\cirrus-ci-build\src\test\flatfile_tests.cpp(15): Entering test case "flatfile_filename"
C:\Users\ContainerAdministrator\AppData\Local\Temp\cirrus-ci-build\src\test\flatfile_tests.cpp(15): Leaving test case "flatfile_filename"; testing time: 11503us
C:\Users\ContainerAdministrator\AppData\Local\Temp\cirrus-ci-build\src\test\flatfile_tests.cpp(28): Entering test case "flatfile_open"
C:\Users\ContainerAdministrator\AppData\Local\Temp\cirrus-ci-build\src\test\flatfile_tests.cpp(28): Leaving test case "flatfile_open"; testing time: 14653us
C:\Users\ContainerAdministrator\AppData\Local\Temp\cirrus-ci-build\src\test\flatfile_tests.cpp(89): Entering test case "flatfile_allocate"
C:\Users\ContainerAdministrator\AppData\Local\Temp\cirrus-ci-build\src\test\flatfile_tests.cpp(89): Leaving test case "flatfile_allocate"; testing time: 12541us
C:\Users\ContainerAdministrator\AppData\Local\Temp\cirrus-ci-build\src\test\flatfile_tests.cpp(109): Entering test case "flatfile_flush"
C:\Users\ContainerAdministrator\AppData\Local\Temp\cirrus-ci-build\src\test\flatfile_tests.cpp(109): Leaving test case "flatfile_flush"; testing time: 20573us
C:\Users\ContainerAdministrator\AppData\Local\Temp\cirrus-ci-build\src\test\flatfile_tests.cpp(13): Leaving test suite "flatfile_tests"; testing time: 59622us
C:\Users\ContainerAdministrator\AppData\Local\Temp\cirrus-ci-build\src\test\fs_tests.cpp(16): Entering test suite "fs_tests"
C:\Users\ContainerAdministrator\AppData\Local\Temp\cirrus-ci-build\src\test\fs_tests.cpp(18): Entering test case "fsbridge_pathtostring"
C:\Users\ContainerAdministrator\AppData\Local\Temp\cirrus-ci-build\src\test\fs_tests.cpp(18): Leaving test case "fsbridge_pathtostring"; testing time: 11053us
C:\Users\ContainerAdministrator\AppData\Local\Temp\cirrus-ci-build\src\test\fs_tests.cpp(38): Entering test case "fsbridge_stem"
C:\Users\ContainerAdministrator\AppData\Local\Temp\cirrus-ci-build\src\test\fs_tests.cpp(38): Leaving test case "fsbridge_stem"; testing time: 9827us
C:\Users\ContainerAdministrator\AppData\Local\Temp\cirrus-ci-build\src\test\fs_tests.cpp(45): Entering test case "fsbridge_fstream"
C:\Users\ContainerAdministrator\AppData\Local\Temp\cirrus-ci-build\src\test\fs_tests.cpp(45): Leaving test case "fsbridge_fstream"; testing time: 11911us
C:\Users\ContainerAdministrator\AppData\Local\Temp\cirrus-ci-build\src\test\fs_tests.cpp(121): Entering test case "rename"
C:\Users\ContainerAdministrator\AppData\Local\Temp\cirrus-ci-build\src\test\fs_tests.cpp(121): Leaving test case "rename"; testing time: 11188us
C:\Users\ContainerAdministrator\AppData\Local\Temp\cirrus-ci-build\src\test\fs_tests.cpp(156): Entering test case "create_directories"
C:\Users\ContainerAdministrator\AppData\Local\Temp\cirrus-ci-build\src\test\fs_tests.cpp(156): Leaving test case "create_directories"; testing time: 12103us
C:\Users\ContainerAdministrator\AppData\Local\Temp\cirrus-ci-build\src\test\fs_tests.cpp(16): Leaving test suite "fs_tests"; testing time: 56470us
C:\Users\ContainerAdministrator\AppData\Local\Temp\cirrus-ci-build\src\test\getarg_tests.cpp(18): Entering test suite "getarg_tests"
C:\Users\ContainerAdministrator\AppData\Local\Temp\cirrus-ci-build\src\test\getarg_tests.cpp(53): Entering test case "setting_args"
C:\Users\ContainerAdministrator\AppData\Local\Temp\cirrus-ci-build\src\test\getarg_tests.cpp(53): Leaving test case "setting_args"; testing time: 11657us
C:\Users\ContainerAdministrator\AppData\Local\Temp\cirrus-ci-build\src\test\getarg_tests.cpp(156): Entering test case "boolarg"
C:\Users\ContainerAdministrator\AppData\Local\Temp\cirrus-ci-build\src\test\getarg_tests.cpp(156): Leaving test case "boolarg"; testing time: 10442us
C:\Users\ContainerAdministrator\AppData\Local\Temp\cirrus-ci-build\src\test\getarg_tests.cpp(211): Entering test case "stringarg"
C:\Users\ContainerAdministrator\AppData\Local\Temp\cirrus-ci-build\src\test\getarg_tests.cpp(211): Leaving test case "stringarg"; testing time: 10097us
C:\Users\ContainerAdministrator\AppData\Local\Temp\cirrus-ci-build\src\test\getarg_tests.cpp(239): Entering test case "intarg"
C:\Users\ContainerAdministrator\AppData\Local\Temp\cirrus-ci-build\src\test\getarg_tests.cpp(239): Leaving test case "intarg"; testing time: 10341us
C:\Users\ContainerAdministrator\AppData\Local\Temp\cirrus-ci-build\src\test\getarg_tests.cpp(268): Entering test case "patharg"
C:\Users\ContainerAdministrator\AppData\Local\Temp\cirrus-ci-build\src\test\getarg_tests.cpp(268): Leaving test case "patharg"; testing time: 10823us
C:\Users\ContainerAdministrator\AppData\Local\Temp\cirrus-ci-build\src\test\getarg_tests.cpp(380): Entering test case "doubledash"
C:\Users\ContainerAdministrator\AppData\Local\Temp\cirrus-ci-build\src\test\getarg_tests.cpp(380): Leaving test case "doubledash"; testing time: 9750us
C:\Users\ContainerAdministrator\AppData\Local\Temp\cirrus-ci-build\src\test\getarg_tests.cpp(395): Entering test case "boolargno"
C:\Users\ContainerAdministrator\AppData\Local\Temp\cirrus-ci-build\src\test\getarg_tests.cpp(395): Leaving test case "boolargno"; testing time: 9938us
C:\Users\ContainerAdministrator\AppData\Local\Temp\cirrus-ci-build\src\test\getarg_tests.cpp(423): Entering test case "logargs"
C:\Users\ContainerAdministrator\AppData\Local\Temp\cirrus-ci-build\src\test\getarg_tests.cpp(423): Leaving test case "logargs"; testing time: 10085us
C:\Users\ContainerAdministrator\AppData\Local\Temp\cirrus-ci-build\src\test\getarg_tests.cpp(18): Leaving test suite "getarg_tests"; testing time: 83865us
C:\Users\ContainerAdministrator\AppData\Local\Temp\cirrus-ci-build\src\test\hash_tests.cpp(13): Entering test suite "hash_tests"
C:\Users\ContainerAdministrator\AppData\Local\Temp\cirrus-ci-build\src\test\hash_tests.cpp(15): Entering test case "murmurhash3"
C:\Users\ContainerAdministrator\AppData\Local\Temp\cirrus-ci-build\src\test\hash_tests.cpp(15): Leaving test case "murmurhash3"; testing time: 173us
C:\Users\ContainerAdministrator\AppData\Local\Temp\cirrus-ci-build\src\test\hash_tests.cpp(80): Entering test case "siphash"
C:\Users\ContainerAdministrator\AppData\Local\Temp\cirrus-ci-build\src\test\hash_tests.cpp(80): Leaving test case "siphash"; testing time: 478us
C:\Users\ContainerAdministrator\AppData\Local\Temp\cirrus-ci-build\src\test\hash_tests.cpp(13): Leaving test suite "hash_tests"; testing time: 814us
C:\Users\ContainerAdministrator\AppData\Local\Temp\cirrus-ci-build\src\test\httpserver_tests.cpp(10): Entering test suite "httpserver_tests"
C:\Users\ContainerAdministrator\AppData\Local\Temp\cirrus-ci-build\src\test\httpserver_tests.cpp(12): Entering test case "test_query_parameters"
C:\Users\ContainerAdministrator\AppData\Local\Temp\cirrus-ci-build\src\test\httpserver_tests.cpp(12): Leaving test case "test_query_parameters"; testing time: 10290us
C:\Users\ContainerAdministrator\AppData\Local\Temp\cirrus-ci-build\src\test\httpserver_tests.cpp(10): Leaving test suite "httpserver_tests"; testing time: 10355us
C:\Users\ContainerAdministrator\AppData\Local\Temp\cirrus-ci-build\src\test\i2p_tests.cpp(18): Entering test suite "i2p_tests"
C:\Users\ContainerAdministrator\AppData\Local\Temp\cirrus-ci-build\src\test\i2p_tests.cpp(20): Entering test case "unlimited_recv"
C:\Users\ContainerAdministrator\AppData\Local\Temp\cirrus-ci-build\src\test\i2p_tests.cpp(20): Leaving test case "unlimited_recv"; testing time: 10850us
C:\Users\ContainerAdministrator\AppData\Local\Temp\cirrus-ci-build\src\test\i2p_tests.cpp(18): Leaving test suite "i2p_tests"; testing time: 10920us
C:\Users\ContainerAdministrator\AppData\Local\Temp\cirrus-ci-build\src\test\interfaces_tests.cpp(16): Entering test suite "interfaces_tests"
C:\Users\ContainerAdministrator\AppData\Local\Temp\cirrus-ci-build\src\test\interfaces_tests.cpp(18): Entering test case "findBlock"
C:\Users\ContainerAdministrator\AppData\Local\Temp\cirrus-ci-build\src\test\interfaces_tests.cpp(18): Leaving test case "findBlock"; testing time: 473634us
C:\Users\ContainerAdministrator\AppData\Local\Temp\cirrus-ci-build\src\test\interfaces_tests.cpp(62): Entering test case "findFirstBlockWithTimeAndHeight"
C:\Users\ContainerAdministrator\AppData\Local\Temp\cirrus-ci-build\src\test\interfaces_tests.cpp(62): Leaving test case "findFirstBlockWithTimeAndHeight"; testing time: 494212us
C:\Users\ContainerAdministrator\AppData\Local\Temp\cirrus-ci-build\src\test\interfaces_tests.cpp(74): Entering test case "findAncestorByHeight"
C:\Users\ContainerAdministrator\AppData\Local\Temp\cirrus-ci-build\src\test\interfaces_tests.cpp(74): Leaving test case "findAncestorByHeight"; testing time: 467450us
C:\Users\ContainerAdministrator\AppData\Local\Temp\cirrus-ci-build\src\test\interfaces_tests.cpp(84): Entering test case "findAncestorByHash"
C:\Users\ContainerAdministrator\AppData\Local\Temp\cirrus-ci-build\src\test\interfaces_tests.cpp(84): Leaving test case "findAncestorByHash"; testing time: 475930us
C:\Users\ContainerAdministrator\AppData\Local\Temp\cirrus-ci-build\src\test\interfaces_tests.cpp(94): Entering test case "findCommonAncestor"
C:\Users\ContainerAdministrator\AppData\Local\Temp\cirrus-ci-build\src\test\interfaces_tests.cpp(94): Leaving test case "findCommonAncestor"; testing time: 583491us
C:\Users\ContainerAdministrator\AppData\Local\Temp\cirrus-ci-build\src\test\interfaces_tests.cpp(124): Entering test case "hasBlocks"
C:\Users\ContainerAdministrator\AppData\Local\Temp\cirrus-ci-build\src\test\interfaces_tests.cpp(124): Leaving test case "hasBlocks"; testing time: 465537us
C:\Users\ContainerAdministrator\AppData\Local\Temp\cirrus-ci-build\src\test\interfaces_tests.cpp(16): Leaving test suite "interfaces_tests"; testing time: 2960815us
C:\Users\ContainerAdministrator\AppData\Local\Temp\cirrus-ci-build\src\test\key_io_tests.cpp(20): Entering test suite "key_io_tests"
C:\Users\ContainerAdministrator\AppData\Local\Temp\cirrus-ci-build\src\test\key_io_tests.cpp(23): Entering test case "key_io_valid_parse"
C:\Users\ContainerAdministrator\AppData\Local\Temp\cirrus-ci-build\src\test\key_io_tests.cpp(23): Leaving test case "key_io_valid_parse"; testing time: 28204us
C:\Users\ContainerAdministrator\AppData\Local\Temp\cirrus-ci-build\src\test\key_io_tests.cpp(84): Entering test case "key_io_valid_gen"
C:\Users\ContainerAdministrator\AppData\Local\Temp\cirrus-ci-build\src\test\key_io_tests.cpp(84): Leaving test case "key_io_valid_gen"; testing time: 22275us
C:\Users\ContainerAdministrator\AppData\Local\Temp\cirrus-ci-build\src\test\key_io_tests.cpp(122): Entering test case "key_io_invalid"
C:\Users\ContainerAdministrator\AppData\Local\Temp\cirrus-ci-build\src\test\key_io_tests.cpp(122): Leaving test case "key_io_invalid"; testing time: 66713us
C:\Users\ContainerAdministrator\AppData\Local\Temp\cirrus-ci-build\src\test\key_io_tests.cpp(20): Leaving test suite "key_io_tests"; testing time: 117471us
C:\Users\ContainerAdministrator\AppData\Local\Temp\cirrus-ci-build\src\test\key_tests.cpp(32): Entering test suite "key_tests"
C:\Users\ContainerAdministrator\AppData\Local\Temp\cirrus-ci-build\src\test\key_tests.cpp(34): Entering test case "key_test1"
C:\Users\ContainerAdministrator\AppData\Local\Temp\cirrus-ci-build\src\test\key_tests.cpp(34): Leaving test case "key_test1"; testing time: 293190us
C:\Users\ContainerAdministrator\AppData\Local\Temp\cirrus-ci-build\src\test\key_tests.cpp(156): Entering test case "key_signature_tests"
C:\Users\ContainerAdministrator\AppData\Local\Temp\cirrus-ci-build\src\test\key_tests.cpp(156): Leaving test case "key_signature_tests"; testing time: 306369us
C:\Users\ContainerAdministrator\AppData\Local\Temp\cirrus-ci-build\src\test\key_tests.cpp(202): Entering test case "key_key_negation"
C:\Users\ContainerAdministrator\AppData\Local\Temp\cirrus-ci-build\src\test\key_tests.cpp(202): Leaving test case "key_key_negation"; testing time: 13858us
C:\Users\ContainerAdministrator\AppData\Local\Temp\cirrus-ci-build\src\test\key_tests.cpp(261): Entering test case "pubkey_unserialize"
C:\Users\ContainerAdministrator\AppData\Local\Temp\cirrus-ci-build\src\test\key_tests.cpp(261): Leaving test case "pubkey_unserialize"; testing time: 10069us
C:\Users\ContainerAdministrator\AppData\Local\Temp\cirrus-ci-build\src\test\key_tests.cpp(277): Entering test case "bip340_test_vectors"
C:\Users\ContainerAdministrator\AppData\Local\Temp\cirrus-ci-build\src\test\key_tests.cpp(277): Leaving test case "bip340_test_vectors"; testing time: 92397us
C:\Users\ContainerAdministrator\AppData\Local\Temp\cirrus-ci-build\src\test\key_tests.cpp(32): Leaving test suite "key_tests"; testing time: 716334us
C:\Users\ContainerAdministrator\AppData\Local\Temp\cirrus-ci-build\src\test\logging_tests.cpp(18): Entering test suite "logging_tests"
C:\Users\ContainerAdministrator\AppData\Local\Temp\cirrus-ci-build\src\test\logging_tests.cpp(57): Entering test case "logging_timer"
C:\Users\ContainerAdministrator\AppData\Local\Temp\cirrus-ci-build\src\test\logging_tests.cpp(57): Leaving test case "logging_timer"; testing time: 10767us
C:\Users\ContainerAdministrator\AppData\Local\Temp\cirrus-ci-build\src\test\logging_tests.cpp(75): Entering test case "logging_LogPrintf_"
C:\Users\ContainerAdministrator\AppData\Local\Temp\cirrus-ci-build\src\test\logging_tests.cpp(75): Leaving test case "logging_LogPrintf_"; testing time: 11621us
C:\Users\ContainerAdministrator\AppData\Local\Temp\cirrus-ci-build\src\test\logging_tests.cpp(95): Entering test case "logging_LogPrintMacros"
C:\Users\ContainerAdministrator\AppData\Local\Temp\cirrus-ci-build\src\test\logging_tests.cpp(95): Leaving test case "logging_LogPrintMacros"; testing time: 10875us
C:\Users\ContainerAdministrator\AppData\Local\Temp\cirrus-ci-build\src\test\logging_tests.cpp(124): Entering test case "logging_LogPrintMacros_CategoryName"
C:\Users\ContainerAdministrator\AppData\Local\Temp\cirrus-ci-build\src\test\logging_tests.cpp(124): Leaving test case "logging_LogPrintMacros_CategoryName"; testing time: 11664us
C:\Users\ContainerAdministrator\AppData\Local\Temp\cirrus-ci-build\src\test\logging_tests.cpp(18): Leaving test suite "logging_tests"; testing time: 45248us
C:\Users\ContainerAdministrator\AppData\Local\Temp\cirrus-ci-build\src\test\mempool_tests.cpp(15): Entering test suite "mempool_tests"
C:\Users\ContainerAdministrator\AppData\Local\Temp\cirrus-ci-build\src\test\mempool_tests.cpp(19): Entering test case "MempoolRemoveTest"
C:\Users\ContainerAdministrator\AppData\Local\Temp\cirrus-ci-build\src\test\mempool_tests.cpp(19): Leaving test case "MempoolRemoveTest"; testing time: 22171us
C:\Users\ContainerAdministrator\AppData\Local\Temp\cirrus-ci-build\src\test\mempool_tests.cpp(122): Entering test case "MempoolIndexingTest"
C:\Users\ContainerAdministrator\AppData\Local\Temp\cirrus-ci-build\src\test\mempool_tests.cpp(122): Leaving test case "MempoolIndexingTest"; testing time: 22984us
C:\Users\ContainerAdministrator\AppData\Local\Temp\cirrus-ci-build\src\test\mempool_tests.cpp(295): Entering test case "MempoolAncestorIndexingTest"
C:\Users\ContainerAdministrator\AppData\Local\Temp\cirrus-ci-build\src\test\mempool_tests.cpp(295): Leaving test case "MempoolAncestorIndexingTest"; testing time: 22263us
C:\Users\ContainerAdministrator\AppData\Local\Temp\cirrus-ci-build\src\test\mempool_tests.cpp(424): Entering test case "MempoolSizeLimitTest"
C:\Users\ContainerAdministrator\AppData\Local\Temp\cirrus-ci-build\src\test\mempool_tests.cpp(424): Leaving test case "MempoolSizeLimitTest"; testing time: 23723us
C:\Users\ContainerAdministrator\AppData\Local\Temp\cirrus-ci-build\src\test\mempool_tests.cpp(593): Entering test case "MempoolAncestryTests"
C:\Users\ContainerAdministrator\AppData\Local\Temp\cirrus-ci-build\src\test\mempool_tests.cpp(593): Leaving test case "MempoolAncestryTests"; testing time: 20536us
C:\Users\ContainerAdministrator\AppData\Local\Temp\cirrus-ci-build\src\test\mempool_tests.cpp(752): Entering test case "MempoolAncestryTestsDiamond"
C:\Users\ContainerAdministrator\AppData\Local\Temp\cirrus-ci-build\src\test\mempool_tests.cpp(752): Leaving test case "MempoolAncestryTestsDiamond"; testing time: 20774us
C:\Users\ContainerAdministrator\AppData\Local\Temp\cirrus-ci-build\src\test\mempool_tests.cpp(15): Leaving test suite "mempool_tests"; testing time: 133077us
C:\Users\ContainerAdministrator\AppData\Local\Temp\cirrus-ci-build\src\test\merkleblock_tests.cpp(14): Entering test suite "merkleblock_tests"
C:\Users\ContainerAdministrator\AppData\Local\Temp\cirrus-ci-build\src\test\merkleblock_tests.cpp(20): Entering test case "merkleblock_construct_from_txids_found"
C:\Users\ContainerAdministrator\AppData\Local\Temp\cirrus-ci-build\src\test\merkleblock_tests.cpp(20): Leaving test case "merkleblock_construct_from_txids_found"; testing time: 1191us
C:\Users\ContainerAdministrator\AppData\Local\Temp\cirrus-ci-build\src\test\merkleblock_tests.cpp(61): Entering test case "merkleblock_construct_from_txids_not_found"
C:\Users\ContainerAdministrator\AppData\Local\Temp\cirrus-ci-build\src\test\merkleblock_tests.cpp(61): Leaving test case "merkleblock_construct_from_txids_not_found"; testing time: 1006us
C:\Users\ContainerAdministrator\AppData\Local\Temp\cirrus-ci-build\src\test\merkleblock_tests.cpp(14): Leaving test suite "merkleblock_tests"; testing time: 2349us
C:\Users\ContainerAdministrator\AppData\Local\Temp\cirrus-ci-build\src\test\merkle_tests.cpp(10): Entering test suite "merkle_tests"
C:\Users\ContainerAdministrator\AppData\Local\Temp\cirrus-ci-build\src\test\merkle_tests.cpp(182): Entering test case "merkle_test"
C:\Users\ContainerAdministrator\AppData\Local\Temp\cirrus-ci-build\src\test\merkle_tests.cpp(182): Leaving test case "merkle_test"; testing time: 5253443us
C:\Users\ContainerAdministrator\AppData\Local\Temp\cirrus-ci-build\src\test\merkle_tests.cpp(252): Entering test case "merkle_test_empty_block"
C:\Users\ContainerAdministrator\AppData\Local\Temp\cirrus-ci-build\src\test\merkle_tests.cpp(252): Leaving test case "merkle_test_empty_block"; testing time: 21456us
C:\Users\ContainerAdministrator\AppData\Local\Temp\cirrus-ci-build\src\test\merkle_tests.cpp(262): Entering test case "merkle_test_oneTx_block"
C:\Users\ContainerAdministrator\AppData\Local\Temp\cirrus-ci-build\src\test\merkle_tests.cpp(262): Leaving test case "merkle_test_oneTx_block"; testing time: 22615us
C:\Users\ContainerAdministrator\AppData\Local\Temp\cirrus-ci-build\src\test\merkle_tests.cpp(276): Entering test case "merkle_test_OddTxWithRepeatedLastTx_block"
C:\Users\ContainerAdministrator\AppData\Local\Temp\cirrus-ci-build\src\test\merkle_tests.cpp(276): Leaving test case "merkle_test_OddTxWithRepeatedLastTx_block"; testing time: 21288us
C:\Users\ContainerAdministrator\AppData\Local\Temp\cirrus-ci-build\src\test\merkle_tests.cpp(300): Entering test case "merkle_test_LeftSubtreeRightSubtree"
C:\Users\ContainerAdministrator\AppData\Local\Temp\cirrus-ci-build\src\test\merkle_tests.cpp(300): Leaving test case "merkle_test_LeftSubtreeRightSubtree"; testing time: 22680us
C:\Users\ContainerAdministrator\AppData\Local\Temp\cirrus-ci-build\src\test\merkle_tests.cpp(329): Entering test case "merkle_test_BlockWitness"
C:\Users\ContainerAdministrator\AppData\Local\Temp\cirrus-ci-build\src\test\merkle_tests.cpp(329): Leaving test case "merkle_test_BlockWitness"; testing time: 21988us
C:\Users\ContainerAdministrator\AppData\Local\Temp\cirrus-ci-build\src\test\merkle_tests.cpp(10): Leaving test suite "merkle_tests"; testing time: 5364077us
C:\Users\ContainerAdministrator\AppData\Local\Temp\cirrus-ci-build\src\test\miner_tests.cpp(45): Entering test suite "miner_tests"
C:\Users\ContainerAdministrator\AppData\Local\Temp\cirrus-ci-build\src\test\miner_tests.cpp(553): Entering test case "CreateNewBlock_validity"
C:\Users\ContainerAdministrator\AppData\Local\Temp\cirrus-ci-build\src\test\miner_tests.cpp(553): Leaving test case "CreateNewBlock_validity"; testing time: 10977739us
C:\Users\ContainerAdministrator\AppData\Local\Temp\cirrus-ci-build\src\test\miner_tests.cpp(45): Leaving test suite "miner_tests"; testing time: 10977832us
C:\Users\ContainerAdministrator\AppData\Local\Temp\cirrus-ci-build\src\test\miniscript_tests.cpp(153): Entering test suite "miniscript_tests"
C:\Users\ContainerAdministrator\AppData\Local\Temp\cirrus-ci-build\src\test\miniscript_tests.cpp(155): Entering test case "fixed_tests"
C:\Users\ContainerAdministrator\AppData\Local\Temp\cirrus-ci-build\src\test\miniscript_tests.cpp(155): Leaving test case "fixed_tests"; testing time: 95799us
C:\Users\ContainerAdministrator\AppData\Local\Temp\cirrus-ci-build\src\test\miniscript_tests.cpp(153): Leaving test suite "miniscript_tests"; testing time: 95897us
C:\Users\ContainerAdministrator\AppData\Local\Temp\cirrus-ci-build\src\test\minisketch_tests.cpp(16): Entering test suite "minisketch_tests"
C:\Users\ContainerAdministrator\AppData\Local\Temp\cirrus-ci-build\src\test\minisketch_tests.cpp(18): Entering test case "minisketch_test"
C:\Users\ContainerAdministrator\AppData\Local\Temp\cirrus-ci-build\src\test\minisketch_tests.cpp(18): Leaving test case "minisketch_test"; testing time: 549662us
C:\Users\ContainerAdministrator\AppData\Local\Temp\cirrus-ci-build\src\test\minisketch_tests.cpp(16): Leaving test suite "minisketch_tests"; testing time: 549760us
C:\Users\ContainerAdministrator\AppData\Local\Temp\cirrus-ci-build\src\test\multisig_tests.cpp(19): Entering test suite "multisig_tests"
C:\Users\ContainerAdministrator\AppData\Local\Temp\cirrus-ci-build\src\test\multisig_tests.cpp(38): Entering test case "multisig_verify"
C:\Users\ContainerAdministrator\AppData\Local\Temp\cirrus-ci-build\src\test\multisig_tests.cpp(38): Leaving test case "multisig_verify"; testing time: 94687us
C:\Users\ContainerAdministrator\AppData\Local\Temp\cirrus-ci-build\src\test\multisig_tests.cpp(138): Entering test case "multisig_IsStandard"
C:\Users\ContainerAdministrator\AppData\Local\Temp\cirrus-ci-build\src\test\multisig_tests.cpp(138): Leaving test case "multisig_IsStandard"; testing time: 17140us
C:\Users\ContainerAdministrator\AppData\Local\Temp\cirrus-ci-build\src\test\multisig_tests.cpp(174): Entering test case "multisig_Sign"
C:\Users\ContainerAdministrator\AppData\Local\Temp\cirrus-ci-build\src\test\multisig_tests.cpp(174): Leaving test case "multisig_Sign"; testing time: 27675us
C:\Users\ContainerAdministrator\AppData\Local\Temp\cirrus-ci-build\src\test\multisig_tests.cpp(19): Leaving test suite "multisig_tests"; testing time: 139804us
C:\Users\ContainerAdministrator\AppData\Local\Temp\cirrus-ci-build\src\test\netbase_tests.cpp(23): Entering test suite "netbase_tests"
C:\Users\ContainerAdministrator\AppData\Local\Temp\cirrus-ci-build\src\test\netbase_tests.cpp(46): Entering test case "netbase_networks"
C:\Users\ContainerAdministrator\AppData\Local\Temp\cirrus-ci-build\src\test\netbase_tests.cpp(46): Leaving test case "netbase_networks"; testing time: 11443us
C:\Users\ContainerAdministrator\AppData\Local\Temp\cirrus-ci-build\src\test\netbase_tests.cpp(56): Entering test case "netbase_properties"
C:\Users\ContainerAdministrator\AppData\Local\Temp\cirrus-ci-build\src\test\netbase_tests.cpp(56): Leaving test case "netbase_properties"; testing time: 10884us
C:\Users\ContainerAdministrator\AppData\Local\Temp\cirrus-ci-build\src\test\netbase_tests.cpp(95): Entering test case "netbase_splithost"
C:\Users\ContainerAdministrator\AppData\Local\Temp\cirrus-ci-build\src\test\netbase_tests.cpp(95): Leaving test case "netbase_splithost"; testing time: 10658us
C:\Users\ContainerAdministrator\AppData\Local\Temp\cirrus-ci-build\src\test\netbase_tests.cpp(120): Entering test case "netbase_lookupnumeric"
C:\Users\ContainerAdministrator\AppData\Local\Temp\cirrus-ci-build\src\test\netbase_tests.cpp(120): Leaving test case "netbase_lookupnumeric"; testing time: 10869us
C:\Users\ContainerAdministrator\AppData\Local\Temp\cirrus-ci-build\src\test\netbase_tests.cpp(136): Entering test case "embedded_test"
C:\Users\ContainerAdministrator\AppData\Local\Temp\cirrus-ci-build\src\test\netbase_tests.cpp(136): Leaving test case "embedded_test"; testing time: 10679us
C:\Users\ContainerAdministrator\AppData\Local\Temp\cirrus-ci-build\src\test\netbase_tests.cpp(144): Entering test case "subnet_test"
C:\Users\ContainerAdministrator\AppData\Local\Temp\cirrus-ci-build\src\test\netbase_tests.cpp(144): Leaving test case "subnet_test"; testing time: 12608us
C:\Users\ContainerAdministrator\AppData\Local\Temp\cirrus-ci-build\src\test\netbase_tests.cpp(317): Entering test case "netbase_getgroup"
C:\Users\ContainerAdministrator\AppData\Local\Temp\cirrus-ci-build\src\test\netbase_tests.cpp(317): Leaving test case "netbase_getgroup"; testing time: 11622us
C:\Users\ContainerAdministrator\AppData\Local\Temp\cirrus-ci-build\src\test\netbase_tests.cpp(337): Entering test case "netbase_parsenetwork"
C:\Users\ContainerAdministrator\AppData\Local\Temp\cirrus-ci-build\src\test\netbase_tests.cpp(337): Leaving test case "netbase_parsenetwork"; testing time: 10913us
C:\Users\ContainerAdministrator\AppData\Local\Temp\cirrus-ci-build\src\test\netbase_tests.cpp(357): Entering test case "netpermissions_test"
C:\Users\ContainerAdministrator\AppData\Local\Temp\cirrus-ci-build\src\test\netbase_tests.cpp(357): Leaving test case "netpermissions_test"; testing time: 11577us
C:\Users\ContainerAdministrator\AppData\Local\Temp\cirrus-ci-build\src\test\netbase_tests.cpp(461): Entering test case "netbase_dont_resolve_strings_with_embedded_nul_characters"
C:\Users\ContainerAdministrator\AppData\Local\Temp\cirrus-ci-build\src\test\netbase_tests.cpp(461): Leaving test case "netbase_dont_resolve_strings_with_embedded_nul_characters"; testing time: 10805us
C:\Users\ContainerAdministrator\AppData\Local\Temp\cirrus-ci-build\src\test\netbase_tests.cpp(546): Entering test case "caddress_serialize_v1"
C:\Users\ContainerAdministrator\AppData\Local\Temp\cirrus-ci-build\src\test\netbase_tests.cpp(546): Leaving test case "caddress_serialize_v1"; testing time: 10851us
C:\Users\ContainerAdministrator\AppData\Local\Temp\cirrus-ci-build\src\test\netbase_tests.cpp(554): Entering test case "caddress_unserialize_v1"
C:\Users\ContainerAdministrator\AppData\Local\Temp\cirrus-ci-build\src\test\netbase_tests.cpp(554): Leaving test case "caddress_unserialize_v1"; testing time: 10690us
C:\Users\ContainerAdministrator\AppData\Local\Temp\cirrus-ci-build\src\test\netbase_tests.cpp(563): Entering test case "caddress_serialize_v2"
C:\Users\ContainerAdministrator\AppData\Local\Temp\cirrus-ci-build\src\test\netbase_tests.cpp(563): Leaving test case "caddress_serialize_v2"; testing time: 10412us
C:\Users\ContainerAdministrator\AppData\Local\Temp\cirrus-ci-build\src\test\netbase_tests.cpp(571): Entering test case "caddress_unserialize_v2"
C:\Users\ContainerAdministrator\AppData\Local\Temp\cirrus-ci-build\src\test\netbase_tests.cpp(571): Leaving test case "caddress_unserialize_v2"; testing time: 10618us
C:\Users\ContainerAdministrator\AppData\Local\Temp\cirrus-ci-build\src\test\netbase_tests.cpp(580): Entering test case "isbadport"
C:\Users\ContainerAdministrator\AppData\Local\Temp\cirrus-ci-build\src\test\netbase_tests.cpp(580): Leaving test case "isbadport"; testing time: 11073us
C:\Users\ContainerAdministrator\AppData\Local\Temp\cirrus-ci-build\src\test\netbase_tests.cpp(23): Leaving test suite "netbase_tests"; testing time: 166979us
C:\Users\ContainerAdministrator\AppData\Local\Temp\cirrus-ci-build\src\test\net_peer_eviction_tests.cpp(18): Entering test suite "net_peer_eviction_tests"
C:\Users\ContainerAdministrator\AppData\Local\Temp\cirrus-ci-build\src\test\net_peer_eviction_tests.cpp(62): Entering test case "peer_protection_test"
C:\Users\ContainerAdministrator\AppData\Local\Temp\cirrus-ci-build\src\test\net_peer_eviction_tests.cpp(62): Leaving test case "peer_protection_test"; testing time: 11559us
C:\Users\ContainerAdministrator\AppData\Local\Temp\cirrus-ci-build\src\test\net_peer_eviction_tests.cpp(595): Entering test case "peer_eviction_test"
C:\Users\ContainerAdministrator\AppData\Local\Temp\cirrus-ci-build\src\test\net_peer_eviction_tests.cpp(595): Leaving test case "peer_eviction_test"; testing time: 592688us
C:\Users\ContainerAdministrator\AppData\Local\Temp\cirrus-ci-build\src\test\net_peer_eviction_tests.cpp(18): Leaving test suite "net_peer_eviction_tests"; testing time: 604425us
C:\Users\ContainerAdministrator\AppData\Local\Temp\cirrus-ci-build\src\test\net_tests.cpp(36): Entering test suite "net_tests"
C:\Users\ContainerAdministrator\AppData\Local\Temp\cirrus-ci-build\src\test\net_tests.cpp(38): Entering test case "cnode_listen_port"
C:\Users\ContainerAdministrator\AppData\Local\Temp\cirrus-ci-build\src\test\net_tests.cpp(38): Leaving test case "cnode_listen_port"; testing time: 24092us
C:\Users\ContainerAdministrator\AppData\Local\Temp\cirrus-ci-build\src\test\net_tests.cpp(50): Entering test case "cnode_simple_test"
C:\Users\ContainerAdministrator\AppData\Local\Temp\cirrus-ci-build\src\test\net_tests.cpp(50): Leaving test case "cnode_simple_test"; testing time: 25395us
C:\Users\ContainerAdministrator\AppData\Local\Temp\cirrus-ci-build\src\test\net_tests.cpp(137): Entering test case "cnetaddr_basic"
C:\Users\ContainerAdministrator\AppData\Local\Temp\cirrus-ci-build\src\test\net_tests.cpp(137): Leaving test case "cnetaddr_basic"; testing time: 23418us
C:\Users\ContainerAdministrator\AppData\Local\Temp\cirrus-ci-build\src\test\net_tests.cpp(278): Entering test case "cnetaddr_tostring_canonical_ipv6"
C:\Users\ContainerAdministrator\AppData\Local\Temp\cirrus-ci-build\src\test\net_tests.cpp(278): Leaving test case "cnetaddr_tostring_canonical_ipv6"; testing time: 24586us
C:\Users\ContainerAdministrator\AppData\Local\Temp\cirrus-ci-build\src\test\net_tests.cpp(332): Entering test case "cnetaddr_serialize_v1"
C:\Users\ContainerAdministrator\AppData\Local\Temp\cirrus-ci-build\src\test\net_tests.cpp(332): Leaving test case "cnetaddr_serialize_v1"; testing time: 23201us
C:\Users\ContainerAdministrator\AppData\Local\Temp\cirrus-ci-build\src\test\net_tests.cpp(365): Entering test case "cnetaddr_serialize_v2"
C:\Users\ContainerAdministrator\AppData\Local\Temp\cirrus-ci-build\src\test\net_tests.cpp(365): Leaving test case "cnetaddr_serialize_v2"; testing time: 23319us
C:\Users\ContainerAdministrator\AppData\Local\Temp\cirrus-ci-build\src\test\net_tests.cpp(401): Entering test case "cnetaddr_unserialize_v2"
C:\Users\ContainerAdministrator\AppData\Local\Temp\cirrus-ci-build\src\test\net_tests.cpp(401): Leaving test case "cnetaddr_unserialize_v2"; testing time: 23760us
C:\Users\ContainerAdministrator\AppData\Local\Temp\cirrus-ci-build\src\test\net_tests.cpp(611): Entering test case "ipv4_peer_with_ipv6_addrMe_test"
C:\Users\ContainerAdministrator\AppData\Local\Temp\cirrus-ci-build\src\test\net_tests.cpp(611): Leaving test case "ipv4_peer_with_ipv6_addrMe_test"; testing time: 23481us
C:\Users\ContainerAdministrator\AppData\Local\Temp\cirrus-ci-build\src\test\net_tests.cpp(663): Entering test case "get_local_addr_for_peer_port"
C:\Users\ContainerAdministrator\AppData\Local\Temp\cirrus-ci-build\src\test\net_tests.cpp(663): Leaving test case "get_local_addr_for_peer_port"; testing time: 23913us
C:\Users\ContainerAdministrator\AppData\Local\Temp\cirrus-ci-build\src\test\net_tests.cpp(732): Entering test case "LimitedAndReachable_Network"
C:\Users\ContainerAdministrator\AppData\Local\Temp\cirrus-ci-build\src\test\net_tests.cpp(732): Leaving test case "LimitedAndReachable_Network"; testing time: 23186us
C:\Users\ContainerAdministrator\AppData\Local\Temp\cirrus-ci-build\src\test\net_tests.cpp(765): Entering test case "LimitedAndReachable_NetworkCaseUnroutableAndInternal"
C:\Users\ContainerAdministrator\AppData\Local\Temp\cirrus-ci-build\src\test\net_tests.cpp(765): Leaving test case "LimitedAndReachable_NetworkCaseUnroutableAndInternal"; testing time: 24327us
C:\Users\ContainerAdministrator\AppData\Local\Temp\cirrus-ci-build\src\test\net_tests.cpp(788): Entering test case "LimitedAndReachable_CNetAddr"
C:\Users\ContainerAdministrator\AppData\Local\Temp\cirrus-ci-build\src\test\net_tests.cpp(788): Leaving test case "LimitedAndReachable_CNetAddr"; testing time: 23893us
C:\Users\ContainerAdministrator\AppData\Local\Temp\cirrus-ci-build\src\test\net_tests.cpp(802): Entering test case "LocalAddress_BasicLifecycle"
C:\Users\ContainerAdministrator\AppData\Local\Temp\cirrus-ci-build\src\test\net_tests.cpp(802): Leaving test case "LocalAddress_BasicLifecycle"; testing time: 22447us
C:\Users\ContainerAdministrator\AppData\Local\Temp\cirrus-ci-build\src\test\net_tests.cpp(816): Entering test case "initial_advertise_from_version_message"
C:\Users\ContainerAdministrator\AppData\Local\Temp\cirrus-ci-build\src\test\net_tests.cpp(816): Leaving test case "initial_advertise_from_version_message"; testing time: 31795us
C:\Users\ContainerAdministrator\AppData\Local\Temp\cirrus-ci-build\src\test\net_tests.cpp(36): Leaving test suite "net_tests"; testing time: 342224us
C:\Users\ContainerAdministrator\AppData\Local\Temp\cirrus-ci-build\src\test\orphanage_tests.cpp(18): Entering test suite "orphanage_tests"
C:\Users\ContainerAdministrator\AppData\Local\Temp\cirrus-ci-build\src\test\orphanage_tests.cpp(46): Entering test case "DoS_mapOrphans"
C:\Users\ContainerAdministrator\AppData\Local\Temp\cirrus-ci-build\src\test\orphanage_tests.cpp(46): Leaving test case "DoS_mapOrphans"; testing time: 438573us
C:\Users\ContainerAdministrator\AppData\Local\Temp\cirrus-ci-build\src\test\orphanage_tests.cpp(18): Leaving test suite "orphanage_tests"; testing time: 438684us
C:\Users\ContainerAdministrator\AppData\Local\Temp\cirrus-ci-build\src\test\pmt_tests.cpp(28): Entering test suite "pmt_tests"
C:\Users\ContainerAdministrator\AppData\Local\Temp\cirrus-ci-build\src\test\pmt_tests.cpp(30): Entering test case "pmt_test1"
C:\Users\ContainerAdministrator\AppData\Local\Temp\cirrus-ci-build\src\test\pmt_tests.cpp(30): Leaving test case "pmt_test1"; testing time: 1658482us
C:\Users\ContainerAdministrator\AppData\Local\Temp\cirrus-ci-build\src\test\pmt_tests.cpp(107): Entering test case "pmt_malleability"
C:\Users\ContainerAdministrator\AppData\Local\Temp\cirrus-ci-build\src\test\pmt_tests.cpp(107): Leaving test case "pmt_malleability"; testing time: 10713us
C:\Users\ContainerAdministrator\AppData\Local\Temp\cirrus-ci-build\src\test\pmt_tests.cpp(28): Leaving test suite "pmt_tests"; testing time: 1669385us
C:\Users\ContainerAdministrator\AppData\Local\Temp\cirrus-ci-build\src\test\policyestimator_tests.cpp(15): Entering test suite "policyestimator_tests"
C:\Users\ContainerAdministrator\AppData\Local\Temp\cirrus-ci-build\src\test\policyestimator_tests.cpp(17): Entering test case "BlockPolicyEstimates"
C:\Users\ContainerAdministrator\AppData\Local\Temp\cirrus-ci-build\src\test\policyestimator_tests.cpp(17): Leaving test case "BlockPolicyEstimates"; testing time: 1795040us
C:\Users\ContainerAdministrator\AppData\Local\Temp\cirrus-ci-build\src\test\policyestimator_tests.cpp(15): Leaving test suite "policyestimator_tests"; testing time: 1795126us
C:\Users\ContainerAdministrator\AppData\Local\Temp\cirrus-ci-build\src\test\policy_fee_tests.cpp(12): Entering test suite "policy_fee_tests"
C:\Users\ContainerAdministrator\AppData\Local\Temp\cirrus-ci-build\src\test\policy_fee_tests.cpp(14): Entering test case "FeeRounder"
C:\Users\ContainerAdministrator\AppData\Local\Temp\cirrus-ci-build\src\test\policy_fee_tests.cpp(14): Leaving test case "FeeRounder"; testing time: 155us
C:\Users\ContainerAdministrator\AppData\Local\Temp\cirrus-ci-build\src\test\policy_fee_tests.cpp(12): Leaving test suite "policy_fee_tests"; testing time: 210us
C:\Users\ContainerAdministrator\AppData\Local\Temp\cirrus-ci-build\src\test\pow_tests.cpp(12): Entering test suite "pow_tests"
C:\Users\ContainerAdministrator\AppData\Local\Temp\cirrus-ci-build\src\test\pow_tests.cpp(15): Entering test case "get_next_work"
C:\Users\ContainerAdministrator\AppData\Local\Temp\cirrus-ci-build\src\test\pow_tests.cpp(15): Leaving test case "get_next_work"; testing time: 11157us
C:\Users\ContainerAdministrator\AppData\Local\Temp\cirrus-ci-build\src\test\pow_tests.cpp(27): Entering test case "get_next_work_pow_limit"
C:\Users\ContainerAdministrator\AppData\Local\Temp\cirrus-ci-build\src\test\pow_tests.cpp(27): Leaving test case "get_next_work_pow_limit"; testing time: 9975us
C:\Users\ContainerAdministrator\AppData\Local\Temp\cirrus-ci-build\src\test\pow_tests.cpp(39): Entering test case "get_next_work_lower_limit_actual"
C:\Users\ContainerAdministrator\AppData\Local\Temp\cirrus-ci-build\src\test\pow_tests.cpp(39): Leaving test case "get_next_work_lower_limit_actual"; testing time: 10442us
C:\Users\ContainerAdministrator\AppData\Local\Temp\cirrus-ci-build\src\test\pow_tests.cpp(51): Entering test case "get_next_work_upper_limit_actual"
C:\Users\ContainerAdministrator\AppData\Local\Temp\cirrus-ci-build\src\test\pow_tests.cpp(51): Leaving test case "get_next_work_upper_limit_actual"; testing time: 10165us
C:\Users\ContainerAdministrator\AppData\Local\Temp\cirrus-ci-build\src\test\pow_tests.cpp(62): Entering test case "CheckProofOfWork_test_negative_target"
C:\Users\ContainerAdministrator\AppData\Local\Temp\cirrus-ci-build\src\test\pow_tests.cpp(62): Leaving test case "CheckProofOfWork_test_negative_target"; testing time: 9980us
C:\Users\ContainerAdministrator\AppData\Local\Temp\cirrus-ci-build\src\test\pow_tests.cpp(72): Entering test case "CheckProofOfWork_test_overflow_target"
C:\Users\ContainerAdministrator\AppData\Local\Temp\cirrus-ci-build\src\test\pow_tests.cpp(72): Leaving test case "CheckProofOfWork_test_overflow_target"; testing time: 9946us
C:\Users\ContainerAdministrator\AppData\Local\Temp\cirrus-ci-build\src\test\pow_tests.cpp(81): Entering test case "CheckProofOfWork_test_too_easy_target"
C:\Users\ContainerAdministrator\AppData\Local\Temp\cirrus-ci-build\src\test\pow_tests.cpp(81): Leaving test case "CheckProofOfWork_test_too_easy_target"; testing time: 10036us
C:\Users\ContainerAdministrator\AppData\Local\Temp\cirrus-ci-build\src\test\pow_tests.cpp(93): Entering test case "CheckProofOfWork_test_biger_hash_than_target"
C:\Users\ContainerAdministrator\AppData\Local\Temp\cirrus-ci-build\src\test\pow_tests.cpp(93): Leaving test case "CheckProofOfWork_test_biger_hash_than_target"; testing time: 9811us
C:\Users\ContainerAdministrator\AppData\Local\Temp\cirrus-ci-build\src\test\pow_tests.cpp(105): Entering test case "CheckProofOfWork_test_zero_target"
C:\Users\ContainerAdministrator\AppData\Local\Temp\cirrus-ci-build\src\test\pow_tests.cpp(105): Leaving test case "CheckProofOfWork_test_zero_target"; testing time: 10353us
C:\Users\ContainerAdministrator\AppData\Local\Temp\cirrus-ci-build\src\test\pow_tests.cpp(116): Entering test case "GetBlockProofEquivalentTime_test"
C:\Users\ContainerAdministrator\AppData\Local\Temp\cirrus-ci-build\src\test\pow_tests.cpp(116): Leaving test case "GetBlockProofEquivalentTime_test"; testing time: 29838us
C:\Users\ContainerAdministrator\AppData\Local\Temp\cirrus-ci-build\src\test\pow_tests.cpp(165): Entering test case "ChainParams_MAIN_sanity"
C:\Users\ContainerAdministrator\AppData\Local\Temp\cirrus-ci-build\src\test\pow_tests.cpp(165): Leaving test case "ChainParams_MAIN_sanity"; testing time: 10688us
C:\Users\ContainerAdministrator\AppData\Local\Temp\cirrus-ci-build\src\test\pow_tests.cpp(170): Entering test case "ChainParams_REGTEST_sanity"
C:\Users\ContainerAdministrator\AppData\Local\Temp\cirrus-ci-build\src\test\pow_tests.cpp(170): Leaving test case "ChainParams_REGTEST_sanity"; testing time: 10294us
C:\Users\ContainerAdministrator\AppData\Local\Temp\cirrus-ci-build\src\test\pow_tests.cpp(175): Entering test case "ChainParams_TESTNET_sanity"
C:\Users\ContainerAdministrator\AppData\Local\Temp\cirrus-ci-build\src\test\pow_tests.cpp(175): Leaving test case "ChainParams_TESTNET_sanity"; testing time: 10343us
C:\Users\ContainerAdministrator\AppData\Local\Temp\cirrus-ci-build\src\test\pow_tests.cpp(180): Entering test case "ChainParams_SIGNET_sanity"
C:\Users\ContainerAdministrator\AppData\Local\Temp\cirrus-ci-build\src\test\pow_tests.cpp(180): Leaving test case "ChainParams_SIGNET_sanity"; testing time: 10739us
C:\Users\ContainerAdministrator\AppData\Local\Temp\cirrus-ci-build\src\test\pow_tests.cpp(12): Leaving test suite "pow_tests"; testing time: 164928us
C:\Users\ContainerAdministrator\AppData\Local\Temp\cirrus-ci-build\src\test\prevector_tests.cpp(16): Entering test suite "prevector_tests"
C:\Users\ContainerAdministrator\AppData\Local\Temp\cirrus-ci-build\src\test\prevector_tests.cpp(218): Entering test case "PrevectorTestInt"
C:\Users\ContainerAdministrator\AppData\Local\Temp\cirrus-ci-build\src\test\prevector_tests.cpp(218): Leaving test case "PrevectorTestInt"; testing time: 3488299us
C:\Users\ContainerAdministrator\AppData\Local\Temp\cirrus-ci-build\src\test\prevector_tests.cpp(16): Leaving test suite "prevector_tests"; testing time: 3488412us
C:\Users\ContainerAdministrator\AppData\Local\Temp\cirrus-ci-build\src\test\raii_event_tests.cpp(16): Entering test suite "raii_event_tests"
C:\Users\ContainerAdministrator\AppData\Local\Temp\cirrus-ci-build\src\test\raii_event_tests.cpp(38): Entering test case "raii_event_creation"
C:\Users\ContainerAdministrator\AppData\Local\Temp\cirrus-ci-build\src\test\raii_event_tests.cpp(38): Leaving test case "raii_event_creation"; testing time: 13051us
C:\Users\ContainerAdministrator\AppData\Local\Temp\cirrus-ci-build\src\test\raii_event_tests.cpp(67): Entering test case "raii_event_order"
C:\Users\ContainerAdministrator\AppData\Local\Temp\cirrus-ci-build\src\test\raii_event_tests.cpp(67): Leaving test case "raii_event_order"; testing time: 12767us
C:\Users\ContainerAdministrator\AppData\Local\Temp\cirrus-ci-build\src\test\raii_event_tests.cpp(16): Leaving test suite "raii_event_tests"; testing time: 25982us
C:\Users\ContainerAdministrator\AppData\Local\Temp\cirrus-ci-build\src\test\random_tests.cpp(14): Entering test suite "random_tests"
C:\Users\ContainerAdministrator\AppData\Local\Temp\cirrus-ci-build\src\test\random_tests.cpp(16): Entering test case "osrandom_tests"
C:\Users\ContainerAdministrator\AppData\Local\Temp\cirrus-ci-build\src\test\random_tests.cpp(16): Leaving test case "osrandom_tests"; testing time: 28437us
C:\Users\ContainerAdministrator\AppData\Local\Temp\cirrus-ci-build\src\test\random_tests.cpp(21): Entering test case "fastrandom_tests"
C:\Users\ContainerAdministrator\AppData\Local\Temp\cirrus-ci-build\src\test\random_tests.cpp(21): Leaving test case "fastrandom_tests"; testing time: 11977us
C:\Users\ContainerAdministrator\AppData\Local\Temp\cirrus-ci-build\src\test\random_tests.cpp(79): Entering test case "fastrandom_randbits"
C:\Users\ContainerAdministrator\AppData\Local\Temp\cirrus-ci-build\src\test\random_tests.cpp(79): Leaving test case "fastrandom_randbits"; testing time: 299298us
C:\Users\ContainerAdministrator\AppData\Local\Temp\cirrus-ci-build\src\test\random_tests.cpp(95): Entering test case "stdrandom_test"
C:\Users\ContainerAdministrator\AppData\Local\Temp\cirrus-ci-build\src\test\random_tests.cpp(95): Leaving test case "stdrandom_test"; testing time: 15521us
C:\Users\ContainerAdministrator\AppData\Local\Temp\cirrus-ci-build\src\test\random_tests.cpp(117): Entering test case "shuffle_stat_test"
C:\Users\ContainerAdministrator\AppData\Local\Temp\cirrus-ci-build\src\test\random_tests.cpp(117): Leaving test case "shuffle_stat_test"; testing time: 20326us
C:\Users\ContainerAdministrator\AppData\Local\Temp\cirrus-ci-build\src\test\random_tests.cpp(14): Leaving test suite "random_tests"; testing time: 376061us
C:\Users\ContainerAdministrator\AppData\Local\Temp\cirrus-ci-build\src\test\rest_tests.cpp(12): Entering test suite "rest_tests"
C:\Users\ContainerAdministrator\AppData\Local\Temp\cirrus-ci-build\src\test\rest_tests.cpp(14): Entering test case "test_query_string"
C:\Users\ContainerAdministrator\AppData\Local\Temp\cirrus-ci-build\src\test\rest_tests.cpp(14): Leaving test case "test_query_string"; testing time: 11887us
C:\Users\ContainerAdministrator\AppData\Local\Temp\cirrus-ci-build\src\test\rest_tests.cpp(12): Leaving test suite "rest_tests"; testing time: 12072us
C:\Users\ContainerAdministrator\AppData\Local\Temp\cirrus-ci-build\src\test\reverselock_tests.cpp(12): Entering test suite "reverselock_tests"
C:\Users\ContainerAdministrator\AppData\Local\Temp\cirrus-ci-build\src\test\reverselock_tests.cpp(14): Entering test case "reverselock_basics"
C:\Users\ContainerAdministrator\AppData\Local\Temp\cirrus-ci-build\src\test\reverselock_tests.cpp(14): Leaving test case "reverselock_basics"; testing time: 53us
C:\Users\ContainerAdministrator\AppData\Local\Temp\cirrus-ci-build\src\test\reverselock_tests.cpp(27): Entering test case "reverselock_multiple"
C:\Users\ContainerAdministrator\AppData\Local\Temp\cirrus-ci-build\src\test\reverselock_tests.cpp(27): Leaving test case "reverselock_multiple"; testing time: 60us
C:\Users\ContainerAdministrator\AppData\Local\Temp\cirrus-ci-build\src\test\reverselock_tests.cpp(45): Entering test case "reverselock_errors"
C:\Users\ContainerAdministrator\AppData\Local\Temp\cirrus-ci-build\src\test\reverselock_tests.cpp(45): Leaving test case "reverselock_errors"; testing time: 132us
C:\Users\ContainerAdministrator\AppData\Local\Temp\cirrus-ci-build\src\test\reverselock_tests.cpp(12): Leaving test suite "reverselock_tests"; testing time: 386us
C:\Users\ContainerAdministrator\AppData\Local\Temp\cirrus-ci-build\src\test\rpc_tests.cpp(46): Entering test suite "rpc_tests"
C:\Users\ContainerAdministrator\AppData\Local\Temp\cirrus-ci-build\src\test\rpc_tests.cpp(48): Entering test case "rpc_rawparams"
C:\Users\ContainerAdministrator\AppData\Local\Temp\cirrus-ci-build\src\test\rpc_tests.cpp(48): Leaving test case "rpc_rawparams"; testing time: 27863us
C:\Users\ContainerAdministrator\AppData\Local\Temp\cirrus-ci-build\src\test\rpc_tests.cpp(83): Entering test case "rpc_togglenetwork"
C:\Users\ContainerAdministrator\AppData\Local\Temp\cirrus-ci-build\src\test\rpc_tests.cpp(83): Leaving test case "rpc_togglenetwork"; testing time: 23193us
C:\Users\ContainerAdministrator\AppData\Local\Temp\cirrus-ci-build\src\test\rpc_tests.cpp(105): Entering test case "rpc_rawsign"
C:\Users\ContainerAdministrator\AppData\Local\Temp\cirrus-ci-build\src\test\rpc_tests.cpp(105): Leaving test case "rpc_rawsign"; testing time: 28926us
C:\Users\ContainerAdministrator\AppData\Local\Temp\cirrus-ci-build\src\test\rpc_tests.cpp(124): Entering test case "rpc_createraw_op_return"
C:\Users\ContainerAdministrator\AppData\Local\Temp\cirrus-ci-build\src\test\rpc_tests.cpp(124): Leaving test case "rpc_createraw_op_return"; testing time: 23911us
C:\Users\ContainerAdministrator\AppData\Local\Temp\cirrus-ci-build\src\test\rpc_tests.cpp(139): Entering test case "rpc_format_monetary_values"
C:\Users\ContainerAdministrator\AppData\Local\Temp\cirrus-ci-build\src\test\rpc_tests.cpp(139): Leaving test case "rpc_format_monetary_values"; testing time: 22192us
C:\Users\ContainerAdministrator\AppData\Local\Temp\cirrus-ci-build\src\test\rpc_tests.cpp(191): Entering test case "rpc_parse_monetary_values"
C:\Users\ContainerAdministrator\AppData\Local\Temp\cirrus-ci-build\src\test\rpc_tests.cpp(191): Leaving test case "rpc_parse_monetary_values"; testing time: 21411us
C:\Users\ContainerAdministrator\AppData\Local\Temp\cirrus-ci-build\src\test\rpc_tests.cpp(224): Entering test case "json_parse_errors"
C:\Users\ContainerAdministrator\AppData\Local\Temp\cirrus-ci-build\src\test\rpc_tests.cpp(224): Leaving test case "json_parse_errors"; testing time: 21275us
C:\Users\ContainerAdministrator\AppData\Local\Temp\cirrus-ci-build\src\test\rpc_tests.cpp(245): Entering test case "rpc_ban"
C:\Users\ContainerAdministrator\AppData\Local\Temp\cirrus-ci-build\src\test\rpc_tests.cpp(245): Leaving test case "rpc_ban"; testing time: 27945us
C:\Users\ContainerAdministrator\AppData\Local\Temp\cirrus-ci-build\src\test\rpc_tests.cpp(335): Entering test case "rpc_convert_values_generatetoaddress"
C:\Users\ContainerAdministrator\AppData\Local\Temp\cirrus-ci-build\src\test\rpc_tests.cpp(335): Leaving test case "rpc_convert_values_generatetoaddress"; testing time: 22395us
C:\Users\ContainerAdministrator\AppData\Local\Temp\cirrus-ci-build\src\test\rpc_tests.cpp(358): Entering test case "rpc_getblockstats_calculate_percentiles_by_weight"
C:\Users\ContainerAdministrator\AppData\Local\Temp\cirrus-ci-build\src\test\rpc_tests.cpp(358): Leaving test case "rpc_getblockstats_calculate_percentiles_by_weight"; testing time: 22359us
C:\Users\ContainerAdministrator\AppData\Local\Temp\cirrus-ci-build\src\test\rpc_tests.cpp(436): Entering test case "help_example"
C:\Users\ContainerAdministrator\AppData\Local\Temp\cirrus-ci-build\src\test\rpc_tests.cpp(436): Leaving test case "help_example"; testing time: 22313us
C:\Users\ContainerAdministrator\AppData\Local\Temp\cirrus-ci-build\src\test\rpc_tests.cpp(46): Leaving test suite "rpc_tests"; testing time: 264900us
C:\Users\ContainerAdministrator\AppData\Local\Temp\cirrus-ci-build\src\test\sanity_tests.cpp(11): Entering test suite "sanity_tests"
C:\Users\ContainerAdministrator\AppData\Local\Temp\cirrus-ci-build\src\test\sanity_tests.cpp(13): Entering test case "basic_sanity"
C:\Users\ContainerAdministrator\AppData\Local\Temp\cirrus-ci-build\src\test\sanity_tests.cpp(13): Leaving test case "basic_sanity"; testing time: 12526us
C:\Users\ContainerAdministrator\AppData\Local\Temp\cirrus-ci-build\src\test\sanity_tests.cpp(11): Leaving test suite "sanity_tests"; testing time: 12622us
C:\Users\ContainerAdministrator\AppData\Local\Temp\cirrus-ci-build\src\test\scheduler_tests.cpp(16): Entering test suite "scheduler_tests"
C:\Users\ContainerAdministrator\AppData\Local\Temp\cirrus-ci-build\src\test\scheduler_tests.cpp(31): Entering test case "manythreads"
C:\Users\ContainerAdministrator\AppData\Local\Temp\cirrus-ci-build\src\test\scheduler_tests.cpp(31): Leaving test case "manythreads"; testing time: 3838us
C:\Users\ContainerAdministrator\AppData\Local\Temp\cirrus-ci-build\src\test\scheduler_tests.cpp(108): Entering test case "wait_until_past"
C:\Users\ContainerAdministrator\AppData\Local\Temp\cirrus-ci-build\src\test\scheduler_tests.cpp(108): Leaving test case "wait_until_past"; testing time: 58us
C:\Users\ContainerAdministrator\AppData\Local\Temp\cirrus-ci-build\src\test\scheduler_tests.cpp(126): Entering test case "singlethreadedscheduler_ordered"
C:\Users\ContainerAdministrator\AppData\Local\Temp\cirrus-ci-build\src\test\scheduler_tests.cpp(126): Leaving test case "singlethreadedscheduler_ordered"; testing time: 2105us
C:\Users\ContainerAdministrator\AppData\Local\Temp\cirrus-ci-build\src\test\scheduler_tests.cpp(172): Entering test case "mockforward"
C:\Users\ContainerAdministrator\AppData\Local\Temp\cirrus-ci-build\src\test\scheduler_tests.cpp(172): Leaving test case "mockforward"; testing time: 1584us
C:\Users\ContainerAdministrator\AppData\Local\Temp\cirrus-ci-build\src\test\scheduler_tests.cpp(16): Leaving test suite "scheduler_tests"; testing time: 7835us
C:\Users\ContainerAdministrator\AppData\Local\Temp\cirrus-ci-build\src\test\scriptnum_tests.cpp(13): Entering test suite "scriptnum_tests"
C:\Users\ContainerAdministrator\AppData\Local\Temp\cirrus-ci-build\src\test\scriptnum_tests.cpp(165): Entering test case "creation"
C:\Users\ContainerAdministrator\AppData\Local\Temp\cirrus-ci-build\src\test\scriptnum_tests.cpp(165): Leaving test case "creation"; testing time: 21154us
C:\Users\ContainerAdministrator\AppData\Local\Temp\cirrus-ci-build\src\test\scriptnum_tests.cpp(178): Entering test case "operators"
C:\Users\ContainerAdministrator\AppData\Local\Temp\cirrus-ci-build\src\test\scriptnum_tests.cpp(178): Leaving test case "operators"; testing time: 113563us
C:\Users\ContainerAdministrator\AppData\Local\Temp\cirrus-ci-build\src\test\scriptnum_tests.cpp(13): Leaving test suite "scriptnum_tests"; testing time: 134912us
C:\Users\ContainerAdministrator\AppData\Local\Temp\cirrus-ci-build\src\test\script_p2sh_tests.cpp(48): Entering test suite "script_p2sh_tests"
C:\Users\ContainerAdministrator\AppData\Local\Temp\cirrus-ci-build\src\test\script_p2sh_tests.cpp(50): Entering test case "sign"
C:\Users\ContainerAdministrator\AppData\Local\Temp\cirrus-ci-build\src\test\script_p2sh_tests.cpp(50): Leaving test case "sign"; testing time: 35816us
C:\Users\ContainerAdministrator\AppData\Local\Temp\cirrus-ci-build\src\test\script_p2sh_tests.cpp(123): Entering test case "norecurse"
C:\Users\ContainerAdministrator\AppData\Local\Temp\cirrus-ci-build\src\test\script_p2sh_tests.cpp(123): Leaving test case "norecurse"; testing time: 11378us
C:\Users\ContainerAdministrator\AppData\Local\Temp\cirrus-ci-build\src\test\script_p2sh_tests.cpp(150): Entering test case "set"
C:\Users\ContainerAdministrator\AppData\Local\Temp\cirrus-ci-build\src\test\script_p2sh_tests.cpp(150): Leaving test case "set"; testing time: 27223us
C:\Users\ContainerAdministrator\AppData\Local\Temp\cirrus-ci-build\src\test\script_p2sh_tests.cpp(204): Entering test case "is"
C:\Users\ContainerAdministrator\AppData\Local\Temp\cirrus-ci-build\src\test\script_p2sh_tests.cpp(204): Leaving test case "is"; testing time: 10874us
C:\Users\ContainerAdministrator\AppData\Local\Temp\cirrus-ci-build\src\test\script_p2sh_tests.cpp(244): Entering test case "switchover"
C:\Users\ContainerAdministrator\AppData\Local\Temp\cirrus-ci-build\src\test\script_p2sh_tests.cpp(244): Leaving test case "switchover"; testing time: 10170us
C:\Users\ContainerAdministrator\AppData\Local\Temp\cirrus-ci-build\src\test\script_p2sh_tests.cpp(264): Entering test case "AreInputsStandard"
C:\Users\ContainerAdministrator\AppData\Local\Temp\cirrus-ci-build\src\test\script_p2sh_tests.cpp(264): Leaving test case "AreInputsStandard"; testing time: 29861us
C:\Users\ContainerAdministrator\AppData\Local\Temp\cirrus-ci-build\src\test\script_p2sh_tests.cpp(48): Leaving test suite "script_p2sh_tests"; testing time: 125879us
C:\Users\ContainerAdministrator\AppData\Local\Temp\cirrus-ci-build\src\test\script_parse_tests.cpp(12): Entering test suite "script_parse_tests"
C:\Users\ContainerAdministrator\AppData\Local\Temp\cirrus-ci-build\src\test\script_parse_tests.cpp(13): Entering test case "parse_script"
C:\Users\ContainerAdministrator\AppData\Local\Temp\cirrus-ci-build\src\test\script_parse_tests.cpp(13): Leaving test case "parse_script"; testing time: 629us
C:\Users\ContainerAdministrator\AppData\Local\Temp\cirrus-ci-build\src\test\script_parse_tests.cpp(12): Leaving test suite "script_parse_tests"; testing time: 701us
C:\Users\ContainerAdministrator\AppData\Local\Temp\cirrus-ci-build\src\test\script_segwit_tests.cpp(10): Entering test suite "script_segwit_tests"
C:\Users\ContainerAdministrator\AppData\Local\Temp\cirrus-ci-build\src\test\script_segwit_tests.cpp(12): Entering test case "IsPayToWitnessScriptHash_Valid"
C:\Users\ContainerAdministrator\AppData\Local\Temp\cirrus-ci-build\src\test\script_segwit_tests.cpp(12): Leaving test case "IsPayToWitnessScriptHash_Valid"; testing time: 10752us
C:\Users\ContainerAdministrator\AppData\Local\Temp\cirrus-ci-build\src\test\script_segwit_tests.cpp(24): Entering test case "IsPayToWitnessScriptHash_Invalid_NotOp0"
C:\Users\ContainerAdministrator\AppData\Local\Temp\cirrus-ci-build\src\test\script_segwit_tests.cpp(24): Leaving test case "IsPayToWitnessScriptHash_Invalid_NotOp0"; testing time: 10324us
C:\Users\ContainerAdministrator\AppData\Local\Temp\cirrus-ci-build\src\test\script_segwit_tests.cpp(32): Entering test case "IsPayToWitnessScriptHash_Invalid_Size"
C:\Users\ContainerAdministrator\AppData\Local\Temp\cirrus-ci-build\src\test\script_segwit_tests.cpp(32): Leaving test case "IsPayToWitnessScriptHash_Invalid_Size"; testing time: 10407us
C:\Users\ContainerAdministrator\AppData\Local\Temp\cirrus-ci-build\src\test\script_segwit_tests.cpp(40): Entering test case "IsPayToWitnessScriptHash_Invalid_Nop"
C:\Users\ContainerAdministrator\AppData\Local\Temp\cirrus-ci-build\src\test\script_segwit_tests.cpp(40): Leaving test case "IsPayToWitnessScriptHash_Invalid_Nop"; testing time: 10255us
C:\Users\ContainerAdministrator\AppData\Local\Temp\cirrus-ci-build\src\test\script_segwit_tests.cpp(48): Entering test case "IsPayToWitnessScriptHash_Invalid_EmptyScript"
C:\Users\ContainerAdministrator\AppData\Local\Temp\cirrus-ci-build\src\test\script_segwit_tests.cpp(48): Leaving test case "IsPayToWitnessScriptHash_Invalid_EmptyScript"; testing time: 10251us
C:\Users\ContainerAdministrator\AppData\Local\Temp\cirrus-ci-build\src\test\script_segwit_tests.cpp(54): Entering test case "IsPayToWitnessScriptHash_Invalid_Pushdata"
C:\Users\ContainerAdministrator\AppData\Local\Temp\cirrus-ci-build\src\test\script_segwit_tests.cpp(54): Leaving test case "IsPayToWitnessScriptHash_Invalid_Pushdata"; testing time: 10804us
C:\Users\ContainerAdministrator\AppData\Local\Temp\cirrus-ci-build\src\test\script_segwit_tests.cpp(93): Entering test case "IsWitnessProgram_Valid"
C:\Users\ContainerAdministrator\AppData\Local\Temp\cirrus-ci-build\src\test\script_segwit_tests.cpp(93): Leaving test case "IsWitnessProgram_Valid"; testing time: 10474us
C:\Users\ContainerAdministrator\AppData\Local\Temp\cirrus-ci-build\src\test\script_segwit_tests.cpp(113): Entering test case "IsWitnessProgram_Invalid_Version"
C:\Users\ContainerAdministrator\AppData\Local\Temp\cirrus-ci-build\src\test\script_segwit_tests.cpp(113): Leaving test case "IsWitnessProgram_Invalid_Version"; testing time: 10086us
C:\Users\ContainerAdministrator\AppData\Local\Temp\cirrus-ci-build\src\test\script_segwit_tests.cpp(121): Entering test case "IsWitnessProgram_Invalid_Size"
C:\Users\ContainerAdministrator\AppData\Local\Temp\cirrus-ci-build\src\test\script_segwit_tests.cpp(121): Leaving test case "IsWitnessProgram_Invalid_Size"; testing time: 10210us
C:\Users\ContainerAdministrator\AppData\Local\Temp\cirrus-ci-build\src\test\script_segwit_tests.cpp(134): Entering test case "IsWitnessProgram_Invalid_Nop"
C:\Users\ContainerAdministrator\AppData\Local\Temp\cirrus-ci-build\src\test\script_segwit_tests.cpp(134): Leaving test case "IsWitnessProgram_Invalid_Nop"; testing time: 10183us
C:\Users\ContainerAdministrator\AppData\Local\Temp\cirrus-ci-build\src\test\script_segwit_tests.cpp(142): Entering test case "IsWitnessProgram_Invalid_EmptyScript"
C:\Users\ContainerAdministrator\AppData\Local\Temp\cirrus-ci-build\src\test\script_segwit_tests.cpp(142): Leaving test case "IsWitnessProgram_Invalid_EmptyScript"; testing time: 10519us
C:\Users\ContainerAdministrator\AppData\Local\Temp\cirrus-ci-build\src\test\script_segwit_tests.cpp(148): Entering test case "IsWitnessProgram_Invalid_Pushdata"
C:\Users\ContainerAdministrator\AppData\Local\Temp\cirrus-ci-build\src\test\script_segwit_tests.cpp(148): Leaving test case "IsWitnessProgram_Invalid_Pushdata"; testing time: 11810us
C:\Users\ContainerAdministrator\AppData\Local\Temp\cirrus-ci-build\src\test\script_segwit_tests.cpp(10): Leaving test suite "script_segwit_tests"; testing time: 127103us
C:\Users\ContainerAdministrator\AppData\Local\Temp\cirrus-ci-build\src\test\script_standard_tests.cpp(20): Entering test suite "script_standard_tests"
C:\Users\ContainerAdministrator\AppData\Local\Temp\cirrus-ci-build\src\test\script_standard_tests.cpp(22): Entering test case "dest_default_is_no_dest"
C:\Users\ContainerAdministrator\AppData\Local\Temp\cirrus-ci-build\src\test\script_standard_tests.cpp(22): Leaving test case "dest_default_is_no_dest"; testing time: 10998us
C:\Users\ContainerAdministrator\AppData\Local\Temp\cirrus-ci-build\src\test\script_standard_tests.cpp(28): Entering test case "script_standard_Solver_success"
C:\Users\ContainerAdministrator\AppData\Local\Temp\cirrus-ci-build\src\test\script_standard_tests.cpp(28): Leaving test case "script_standard_Solver_success"; testing time: 12159us
C:\Users\ContainerAdministrator\AppData\Local\Temp\cirrus-ci-build\src\test\script_standard_tests.cpp(137): Entering test case "script_standard_Solver_failure"
C:\Users\ContainerAdministrator\AppData\Local\Temp\cirrus-ci-build\src\test\script_standard_tests.cpp(137): Leaving test case "script_standard_Solver_failure"; testing time: 11296us
C:\Users\ContainerAdministrator\AppData\Local\Temp\cirrus-ci-build\src\test\script_standard_tests.cpp(193): Entering test case "script_standard_ExtractDestination"
C:\Users\ContainerAdministrator\AppData\Local\Temp\cirrus-ci-build\src\test\script_standard_tests.cpp(193): Leaving test case "script_standard_ExtractDestination"; testing time: 11432us
C:\Users\ContainerAdministrator\AppData\Local\Temp\cirrus-ci-build\src\test\script_standard_tests.cpp(259): Entering test case "script_standard_GetScriptFor_"
C:\Users\ContainerAdministrator\AppData\Local\Temp\cirrus-ci-build\src\test\script_standard_tests.cpp(259): Leaving test case "script_standard_GetScriptFor_"; testing time: 12167us
C:\Users\ContainerAdministrator\AppData\Local\Temp\cirrus-ci-build\src\test\script_standard_tests.cpp(326): Entering test case "script_standard_taproot_builder"
C:\Users\ContainerAdministrator\AppData\Local\Temp\cirrus-ci-build\src\test\script_standard_tests.cpp(326): Leaving test case "script_standard_taproot_builder"; testing time: 11723us
C:\Users\ContainerAdministrator\AppData\Local\Temp\cirrus-ci-build\src\test\script_standard_tests.cpp(392): Entering test case "bip341_spk_test_vectors"
C:\Users\ContainerAdministrator\AppData\Local\Temp\cirrus-ci-build\src\test\script_standard_tests.cpp(392): Leaving test case "bip341_spk_test_vectors"; testing time: 15230us
C:\Users\ContainerAdministrator\AppData\Local\Temp\cirrus-ci-build\src\test\script_standard_tests.cpp(20): Leaving test suite "script_standard_tests"; testing time: 85636us
C:\Users\ContainerAdministrator\AppData\Local\Temp\cirrus-ci-build\src\test\script_tests.cpp(126): Entering test suite "script_tests"
C:\Users\ContainerAdministrator\AppData\Local\Temp\cirrus-ci-build\src\test\script_tests.cpp(456): Entering test case "script_build"
C:\Users\ContainerAdministrator\AppData\Local\Temp\cirrus-ci-build\src\test\script_tests.cpp(456): Leaving test case "script_build"; testing time: 1716064us
C:\Users\ContainerAdministrator\AppData\Local\Temp\cirrus-ci-build\src\test\script_tests.cpp(933): Entering test case "script_json_test"
C:\Users\ContainerAdministrator\AppData\Local\Temp\cirrus-ci-build\src\test\script_tests.cpp(933): Leaving test case "script_json_test"; testing time: 976077us
C:\Users\ContainerAdministrator\AppData\Local\Temp\cirrus-ci-build\src\test\script_tests.cpp(976): Entering test case "script_PushData"
C:\Users\ContainerAdministrator\AppData\Local\Temp\cirrus-ci-build\src\test\script_tests.cpp(976): Leaving test case "script_PushData"; testing time: 10832us
C:\Users\ContainerAdministrator\AppData\Local\Temp\cirrus-ci-build\src\test\script_tests.cpp(1018): Entering test case "script_cltv_truncated"
C:\Users\ContainerAdministrator\AppData\Local\Temp\cirrus-ci-build\src\test\script_tests.cpp(1018): Leaving test case "script_cltv_truncated"; testing time: 10658us
C:\Users\ContainerAdministrator\AppData\Local\Temp\cirrus-ci-build\src\test\script_tests.cpp(1060): Entering test case "script_CHECKMULTISIG12"
C:\Users\ContainerAdministrator\AppData\Local\Temp\cirrus-ci-build\src\test\script_tests.cpp(1060): Leaving test case "script_CHECKMULTISIG12"; testing time: 18563us
C:\Users\ContainerAdministrator\AppData\Local\Temp\cirrus-ci-build\src\test\script_tests.cpp(1090): Entering test case "script_CHECKMULTISIG23"
C:\Users\ContainerAdministrator\AppData\Local\Temp\cirrus-ci-build\src\test\script_tests.cpp(1090): Leaving test case "script_CHECKMULTISIG23"; testing time: 41400us
C:\Users\ContainerAdministrator\AppData\Local\Temp\cirrus-ci-build\src\test\script_tests.cpp(1169): Entering test case "script_combineSigs"
C:\Users\ContainerAdministrator\AppData\Local\Temp\cirrus-ci-build\src\test\script_tests.cpp(1169): Leaving test case "script_combineSigs"; testing time: 43699us
C:\Users\ContainerAdministrator\AppData\Local\Temp\cirrus-ci-build\src\test\script_tests.cpp(1283): Entering test case "script_standard_push"
C:\Users\ContainerAdministrator\AppData\Local\Temp\cirrus-ci-build\src\test\script_tests.cpp(1283): Leaving test case "script_standard_push"; testing time: 768333us
C:\Users\ContainerAdministrator\AppData\Local\Temp\cirrus-ci-build\src\test\script_tests.cpp(1304): Entering test case "script_IsPushOnly_on_invalid_scripts"
C:\Users\ContainerAdministrator\AppData\Local\Temp\cirrus-ci-build\src\test\script_tests.cpp(1304): Leaving test case "script_IsPushOnly_on_invalid_scripts"; testing time: 10771us
C:\Users\ContainerAdministrator\AppData\Local\Temp\cirrus-ci-build\src\test\script_tests.cpp(1315): Entering test case "script_GetScriptAsm"
C:\Users\ContainerAdministrator\AppData\Local\Temp\cirrus-ci-build\src\test\script_tests.cpp(1315): Leaving test case "script_GetScriptAsm"; testing time: 11224us
C:\Users\ContainerAdministrator\AppData\Local\Temp\cirrus-ci-build\src\test\script_tests.cpp(1351): Entering test case "script_FindAndDelete"
C:\Users\ContainerAdministrator\AppData\Local\Temp\cirrus-ci-build\src\test\script_tests.cpp(1351): Leaving test case "script_FindAndDelete"; testing time: 10516us
C:\Users\ContainerAdministrator\AppData\Local\Temp\cirrus-ci-build\src\test\script_tests.cpp(1460): Entering test case "script_HasValidOps"
C:\Users\ContainerAdministrator\AppData\Local\Temp\cirrus-ci-build\src\test\script_tests.cpp(1460): Leaving test case "script_HasValidOps"; testing time: 10732us
C:\Users\ContainerAdministrator\AppData\Local\Temp\cirrus-ci-build\src\test\script_tests.cpp(1507): Entering test case "bitcoinconsensus_verify_script_returns_true"
C:\Users\ContainerAdministrator\AppData\Local\Temp\cirrus-ci-build\src\test\script_tests.cpp(1507): Leaving test case "bitcoinconsensus_verify_script_returns_true"; testing time: 11074us
C:\Users\ContainerAdministrator\AppData\Local\Temp\cirrus-ci-build\src\test\script_tests.cpp(1530): Entering test case "bitcoinconsensus_verify_script_tx_index_err"
C:\Users\ContainerAdministrator\AppData\Local\Temp\cirrus-ci-build\src\test\script_tests.cpp(1530): Leaving test case "bitcoinconsensus_verify_script_tx_index_err"; testing time: 10708us
C:\Users\ContainerAdministrator\AppData\Local\Temp\cirrus-ci-build\src\test\script_tests.cpp(1553): Entering test case "bitcoinconsensus_verify_script_tx_size"
C:\Users\ContainerAdministrator\AppData\Local\Temp\cirrus-ci-build\src\test\script_tests.cpp(1553): Leaving test case "bitcoinconsensus_verify_script_tx_size"; testing time: 10636us
C:\Users\ContainerAdministrator\AppData\Local\Temp\cirrus-ci-build\src\test\script_tests.cpp(1576): Entering test case "bitcoinconsensus_verify_script_tx_serialization"
C:\Users\ContainerAdministrator\AppData\Local\Temp\cirrus-ci-build\src\test\script_tests.cpp(1576): Leaving test case "bitcoinconsensus_verify_script_tx_serialization"; testing time: 10820us
C:\Users\ContainerAdministrator\AppData\Local\Temp\cirrus-ci-build\src\test\script_tests.cpp(1599): Entering test case "bitcoinconsensus_verify_script_amount_required_err"
C:\Users\ContainerAdministrator\AppData\Local\Temp\cirrus-ci-build\src\test\script_tests.cpp(1599): Leaving test case "bitcoinconsensus_verify_script_amount_required_err"; testing time: 10781us
C:\Users\ContainerAdministrator\AppData\Local\Temp\cirrus-ci-build\src\test\script_tests.cpp(1622): Entering test case "bitcoinconsensus_verify_script_invalid_flags"
C:\Users\ContainerAdministrator\AppData\Local\Temp\cirrus-ci-build\src\test\script_tests.cpp(1622): Leaving test case "bitcoinconsensus_verify_script_invalid_flags"; testing time: 11203us
C:\Users\ContainerAdministrator\AppData\Local\Temp\cirrus-ci-build\src\test\script_tests.cpp(1719): Entering test case "script_assets_test"
C:/Users/ContainerAdministrator/AppData/Local/Temp/cirrus-ci-build/src/test/script_tests.cpp(1725): warning: in "script_tests/script_assets_test": Variable DIR_UNIT_TEST_DATA unset, skipping script_assets_test
Test case script_tests/script_assets_test did not check any assertions
C:\Users\ContainerAdministrator\AppData\Local\Temp\cirrus-ci-build\src\test\script_tests.cpp(1719): Leaving test case "script_assets_test"; testing time: 10935us
C:\Users\ContainerAdministrator\AppData\Local\Temp\cirrus-ci-build\src\test\script_tests.cpp(1748): Entering test case "bip341_keypath_test_vectors"
C:\Users\ContainerAdministrator\AppData\Local\Temp\cirrus-ci-build\src\test\script_tests.cpp(1748): Leaving test case "bip341_keypath_test_vectors"; testing time: 25836us
C:\Users\ContainerAdministrator\AppData\Local\Temp\cirrus-ci-build\src\test\script_tests.cpp(126): Leaving test suite "script_tests"; testing time: 3732837us
C:\Users\ContainerAdministrator\AppData\Local\Temp\cirrus-ci-build\src\test\serfloat_tests.cpp(16): Entering test suite "serfloat_tests"
C:\Users\ContainerAdministrator\AppData\Local\Temp\cirrus-ci-build\src\test\serfloat_tests.cpp(38): Entering test case "double_serfloat_tests"
C:\Users\ContainerAdministrator\AppData\Local\Temp\cirrus-ci-build\src\test\serfloat_tests.cpp(38): Leaving test case "double_serfloat_tests"; testing time: 4649860us
C:\Users\ContainerAdministrator\AppData\Local\Temp\cirrus-ci-build\src\test\serfloat_tests.cpp(112): Entering test case "doubles"
C:\Users\ContainerAdministrator\AppData\Local\Temp\cirrus-ci-build\src\test\serfloat_tests.cpp(112): Leaving test case "doubles"; testing time: 14197us
C:\Users\ContainerAdministrator\AppData\Local\Temp\cirrus-ci-build\src\test\serfloat_tests.cpp(16): Leaving test suite "serfloat_tests"; testing time: 4664282us
C:\Users\ContainerAdministrator\AppData\Local\Temp\cirrus-ci-build\src\test\serialize_tests.cpp(15): Entering test suite "serialize_tests"
C:\Users\ContainerAdministrator\AppData\Local\Temp\cirrus-ci-build\src\test\serialize_tests.cpp(62): Entering test case "sizes"
C:\Users\ContainerAdministrator\AppData\Local\Temp\cirrus-ci-build\src\test\serialize_tests.cpp(62): Leaving test case "sizes"; testing time: 10838us
C:\Users\ContainerAdministrator\AppData\Local\Temp\cirrus-ci-build\src\test\serialize_tests.cpp(89): Entering test case "varints"
C:\Users\ContainerAdministrator\AppData\Local\Temp\cirrus-ci-build\src\test\serialize_tests.cpp(89): Leaving test case "varints"; testing time: 567207us
C:\Users\ContainerAdministrator\AppData\Local\Temp\cirrus-ci-build\src\test\serialize_tests.cpp(121): Entering test case "varints_bitpatterns"
C:\Users\ContainerAdministrator\AppData\Local\Temp\cirrus-ci-build\src\test\serialize_tests.cpp(121): Leaving test case "varints_bitpatterns"; testing time: 10691us
C:\Users\ContainerAdministrator\AppData\Local\Temp\cirrus-ci-build\src\test\serialize_tests.cpp(142): Entering test case "compactsize"
C:\Users\ContainerAdministrator\AppData\Local\Temp\cirrus-ci-build\src\test\serialize_tests.cpp(142): Leaving test case "compactsize"; testing time: 10162us
C:\Users\ContainerAdministrator\AppData\Local\Temp\cirrus-ci-build\src\test\serialize_tests.cpp(172): Entering test case "vector_bool"
C:\Users\ContainerAdministrator\AppData\Local\Temp\cirrus-ci-build\src\test\serialize_tests.cpp(172): Leaving test case "vector_bool"; testing time: 10306us
C:\Users\ContainerAdministrator\AppData\Local\Temp\cirrus-ci-build\src\test\serialize_tests.cpp(181): Entering test case "noncanonical"
C:\Users\ContainerAdministrator\AppData\Local\Temp\cirrus-ci-build\src\test\serialize_tests.cpp(181): Leaving test case "noncanonical"; testing time: 10229us
C:\Users\ContainerAdministrator\AppData\Local\Temp\cirrus-ci-build\src\test\serialize_tests.cpp(218): Entering test case "class_methods"
C:\Users\ContainerAdministrator\AppData\Local\Temp\cirrus-ci-build\src\test\serialize_tests.cpp(218): Leaving test case "class_methods"; testing time: 9851us
C:\Users\ContainerAdministrator\AppData\Local\Temp\cirrus-ci-build\src\test\serialize_tests.cpp(15): Leaving test suite "serialize_tests"; testing time: 629877us
C:\Users\ContainerAdministrator\AppData\Local\Temp\cirrus-ci-build\src\test\settings_tests.cpp(50): Entering test suite "settings_tests"
C:\Users\ContainerAdministrator\AppData\Local\Temp\cirrus-ci-build\src\test\settings_tests.cpp(52): Entering test case "ReadWrite"
C:\Users\ContainerAdministrator\AppData\Local\Temp\cirrus-ci-build\src\test\settings_tests.cpp(52): Leaving test case "ReadWrite"; testing time: 11765us
C:\Users\ContainerAdministrator\AppData\Local\Temp\cirrus-ci-build\src\test\settings_tests.cpp(118): Entering test case "Simple"
C:\Users\ContainerAdministrator\AppData\Local\Temp\cirrus-ci-build\src\test\settings_tests.cpp(118): Leaving test case "Simple"; testing time: 10495us
C:\Users\ContainerAdministrator\AppData\Local\Temp\cirrus-ci-build\src\test\settings_tests.cpp(140): Entering test case "NullOverride"
C:\Users\ContainerAdministrator\AppData\Local\Temp\cirrus-ci-build\src\test\settings_tests.cpp(140): Leaving test case "NullOverride"; testing time: 11240us
C:\Users\ContainerAdministrator\AppData\Local\Temp\cirrus-ci-build\src\test\settings_tests.cpp(183): Entering test case "Merge"
C:\Users\ContainerAdministrator\AppData\Local\Temp\cirrus-ci-build\src\test\settings_tests.cpp(183): Leaving test case "Merge"; testing time: 78486us
C:\Users\ContainerAdministrator\AppData\Local\Temp\cirrus-ci-build\src\test\settings_tests.cpp(50): Leaving test suite "settings_tests"; testing time: 112374us
C:\Users\ContainerAdministrator\AppData\Local\Temp\cirrus-ci-build\src\test\sighash_tests.cpp(118): Entering test suite "sighash_tests"
C:\Users\ContainerAdministrator\AppData\Local\Temp\cirrus-ci-build\src\test\sighash_tests.cpp(120): Entering test case "sighash_test"
C:\Users\ContainerAdministrator\AppData\Local\Temp\cirrus-ci-build\src\test\sighash_tests.cpp(120): Leaving test case "sighash_test"; testing time: 2467722us
C:\Users\ContainerAdministrator\AppData\Local\Temp\cirrus-ci-build\src\test\sighash_tests.cpp(163): Entering test case "sighash_from_data"
C:\Users\ContainerAdministrator\AppData\Local\Temp\cirrus-ci-build\src\test\sighash_tests.cpp(163): Leaving test case "sighash_from_data"; testing time: 69689us
C:\Users\ContainerAdministrator\AppData\Local\Temp\cirrus-ci-build\src\test\sighash_tests.cpp(118): Leaving test suite "sighash_tests"; testing time: 2537610us
C:\Users\ContainerAdministrator\AppData\Local\Temp\cirrus-ci-build\src\test\sigopcount_tests.cpp(26): Entering test suite "sigopcount_tests"
C:\Users\ContainerAdministrator\AppData\Local\Temp\cirrus-ci-build\src\test\sigopcount_tests.cpp(28): Entering test case "GetSigOpCount"
C:\Users\ContainerAdministrator\AppData\Local\Temp\cirrus-ci-build\src\test\sigopcount_tests.cpp(28): Leaving test case "GetSigOpCount"; testing time: 12538us
C:\Users\ContainerAdministrator\AppData\Local\Temp\cirrus-ci-build\src\test\sigopcount_tests.cpp(108): Entering test case "GetTxSigOpCost"
C:\Users\ContainerAdministrator\AppData\Local\Temp\cirrus-ci-build\src\test\sigopcount_tests.cpp(108): Leaving test case "GetTxSigOpCost"; testing time: 12275us
C:\Users\ContainerAdministrator\AppData\Local\Temp\cirrus-ci-build\src\test\sigopcount_tests.cpp(26): Leaving test suite "sigopcount_tests"; testing time: 24976us
C:\Users\ContainerAdministrator\AppData\Local\Temp\cirrus-ci-build\src\test\skiplist_tests.cpp(14): Entering test suite "skiplist_tests"
C:\Users\ContainerAdministrator\AppData\Local\Temp\cirrus-ci-build\src\test\skiplist_tests.cpp(16): Entering test case "skiplist_test"
C:\Users\ContainerAdministrator\AppData\Local\Temp\cirrus-ci-build\src\test\skiplist_tests.cpp(16): Leaving test case "skiplist_test"; testing time: 1221451us
C:\Users\ContainerAdministrator\AppData\Local\Temp\cirrus-ci-build\src\test\skiplist_tests.cpp(45): Entering test case "getlocator_test"
C:\Users\ContainerAdministrator\AppData\Local\Temp\cirrus-ci-build\src\test\skiplist_tests.cpp(45): Leaving test case "getlocator_test"; testing time: 778063us
C:\Users\ContainerAdministrator\AppData\Local\Temp\cirrus-ci-build\src\test\skiplist_tests.cpp(101): Entering test case "findearliestatleast_test"
C:\Users\ContainerAdministrator\AppData\Local\Temp\cirrus-ci-build\src\test\skiplist_tests.cpp(101): Leaving test case "findearliestatleast_test"; testing time: 417183us
C:\Users\ContainerAdministrator\AppData\Local\Temp\cirrus-ci-build\src\test\skiplist_tests.cpp(145): Entering test case "findearliestatleast_edge_test"
C:\Users\ContainerAdministrator\AppData\Local\Temp\cirrus-ci-build\src\test\skiplist_tests.cpp(145): Leaving test case "findearliestatleast_edge_test"; testing time: 10623us
C:\Users\ContainerAdministrator\AppData\Local\Temp\cirrus-ci-build\src\test\skiplist_tests.cpp(14): Leaving test suite "skiplist_tests"; testing time: 2427764us
C:\Users\ContainerAdministrator\AppData\Local\Temp\cirrus-ci-build\src\test\sock_tests.cpp(18): Entering test suite "sock_tests"
C:\Users\ContainerAdministrator\AppData\Local\Temp\cirrus-ci-build\src\test\sock_tests.cpp(37): Entering test case "constructor_and_destructor"
C:\Users\ContainerAdministrator\AppData\Local\Temp\cirrus-ci-build\src\test\sock_tests.cpp(37): Leaving test case "constructor_and_destructor"; testing time: 10528us
C:\Users\ContainerAdministrator\AppData\Local\Temp\cirrus-ci-build\src\test\sock_tests.cpp(47): Entering test case "move_constructor"
C:\Users\ContainerAdministrator\AppData\Local\Temp\cirrus-ci-build\src\test\sock_tests.cpp(47): Leaving test case "move_constructor"; testing time: 10799us
C:\Users\ContainerAdministrator\AppData\Local\Temp\cirrus-ci-build\src\test\sock_tests.cpp(59): Entering test case "move_assignment"
C:\Users\ContainerAdministrator\AppData\Local\Temp\cirrus-ci-build\src\test\sock_tests.cpp(59): Leaving test case "move_assignment"; testing time: 10433us
C:\Users\ContainerAdministrator\AppData\Local\Temp\cirrus-ci-build\src\test\sock_tests.cpp(18): Leaving test suite "sock_tests"; testing time: 32038us
C:\Users\ContainerAdministrator\AppData\Local\Temp\cirrus-ci-build\src\test\streams_tests.cpp(13): Entering test suite "streams_tests"
C:\Users\ContainerAdministrator\AppData\Local\Temp\cirrus-ci-build\src\test\streams_tests.cpp(15): Entering test case "streams_vector_writer"
C:\Users\ContainerAdministrator\AppData\Local\Temp\cirrus-ci-build\src\test\streams_tests.cpp(15): Leaving test case "streams_vector_writer"; testing time: 10359us
C:\Users\ContainerAdministrator\AppData\Local\Temp\cirrus-ci-build\src\test\streams_tests.cpp(73): Entering test case "streams_vector_reader"
C:\Users\ContainerAdministrator\AppData\Local\Temp\cirrus-ci-build\src\test\streams_tests.cpp(73): Leaving test case "streams_vector_reader"; testing time: 10283us
C:\Users\ContainerAdministrator\AppData\Local\Temp\cirrus-ci-build\src\test\streams_tests.cpp(118): Entering test case "streams_vector_reader_rvalue"
C:\Users\ContainerAdministrator\AppData\Local\Temp\cirrus-ci-build\src\test\streams_tests.cpp(118): Leaving test case "streams_vector_reader_rvalue"; testing time: 10270us
C:\Users\ContainerAdministrator\AppData\Local\Temp\cirrus-ci-build\src\test\streams_tests.cpp(129): Entering test case "bitstream_reader_writer"
C:\Users\ContainerAdministrator\AppData\Local\Temp\cirrus-ci-build\src\test\streams_tests.cpp(129): Leaving test case "bitstream_reader_writer"; testing time: 10503us
C:\Users\ContainerAdministrator\AppData\Local\Temp\cirrus-ci-build\src\test\streams_tests.cpp(164): Entering test case "streams_serializedata_xor"
C:\Users\ContainerAdministrator\AppData\Local\Temp\cirrus-ci-build\src\test\streams_tests.cpp(164): Leaving test case "streams_serializedata_xor"; testing time: 10663us
C:\Users\ContainerAdministrator\AppData\Local\Temp\cirrus-ci-build\src\test\streams_tests.cpp(198): Entering test case "streams_buffered_file"
C:\Users\ContainerAdministrator\AppData\Local\Temp\cirrus-ci-build\src\test\streams_tests.cpp(198): Leaving test case "streams_buffered_file"; testing time: 11709us
C:\Users\ContainerAdministrator\AppData\Local\Temp\cirrus-ci-build\src\test\streams_tests.cpp(333): Entering test case "streams_buffered_file_rand"
C:\Users\ContainerAdministrator\AppData\Local\Temp\cirrus-ci-build\src\test\streams_tests.cpp(333): Leaving test case "streams_buffered_file_rand"; testing time: 63432us
C:\Users\ContainerAdministrator\AppData\Local\Temp\cirrus-ci-build\src\test\streams_tests.cpp(13): Leaving test suite "streams_tests"; testing time: 127850us
C:\Users\ContainerAdministrator\AppData\Local\Temp\cirrus-ci-build\src\test\sync_tests.cpp(80): Entering test suite "sync_tests"
C:\Users\ContainerAdministrator\AppData\Local\Temp\cirrus-ci-build\src\test\sync_tests.cpp(82): Entering test case "potential_deadlock_detected"
C:\Users\ContainerAdministrator\AppData\Local\Temp\cirrus-ci-build\src\test\sync_tests.cpp(82): Leaving test case "potential_deadlock_detected"; testing time: 159us
C:\Users\ContainerAdministrator\AppData\Local\Temp\cirrus-ci-build\src\test\sync_tests.cpp(119): Entering test case "inconsistent_lock_order_detected"
C:\Users\ContainerAdministrator\AppData\Local\Temp\cirrus-ci-build\src\test\sync_tests.cpp(119): Leaving test case "inconsistent_lock_order_detected"; testing time: 47us
C:\Users\ContainerAdministrator\AppData\Local\Temp\cirrus-ci-build\src\test\sync_tests.cpp(80): Leaving test suite "sync_tests"; testing time: 509us
C:\Users\ContainerAdministrator\AppData\Local\Temp\cirrus-ci-build\src\test\system_tests.cpp(29): Entering test suite "system_tests"
C:\Users\ContainerAdministrator\AppData\Local\Temp\cirrus-ci-build\src\test\system_tests.cpp(33): Entering test case "dummy"
C:\Users\ContainerAdministrator\AppData\Local\Temp\cirrus-ci-build\src\test\system_tests.cpp(33): Leaving test case "dummy"; testing time: 11044us
C:\Users\ContainerAdministrator\AppData\Local\Temp\cirrus-ci-build\src\test\system_tests.cpp(40): Entering test case "run_command"
C:\Users\ContainerAdministrator\AppData\Local\Temp\cirrus-ci-build\src\test\system_tests.cpp(40): Leaving test case "run_command"; testing time: 142008us
C:\Users\ContainerAdministrator\AppData\Local\Temp\cirrus-ci-build\src\test\system_tests.cpp(29): Leaving test suite "system_tests"; testing time: 153281us
C:\Users\ContainerAdministrator\AppData\Local\Temp\cirrus-ci-build\src\test\timedata_tests.cpp(19): Entering test suite "timedata_tests"
C:\Users\ContainerAdministrator\AppData\Local\Temp\cirrus-ci-build\src\test\timedata_tests.cpp(21): Entering test case "util_MedianFilter"
C:\Users\ContainerAdministrator\AppData\Local\Temp\cirrus-ci-build\src\test\timedata_tests.cpp(21): Leaving test case "util_MedianFilter"; testing time: 10956us
C:\Users\ContainerAdministrator\AppData\Local\Temp\cirrus-ci-build\src\test\timedata_tests.cpp(57): Entering test case "addtimedata"
C:\Users\ContainerAdministrator\AppData\Local\Temp\cirrus-ci-build\src\test\timedata_tests.cpp(57): Leaving test case "addtimedata"; testing time: 56511us
C:\Users\ContainerAdministrator\AppData\Local\Temp\cirrus-ci-build\src\test\timedata_tests.cpp(19): Leaving test suite "timedata_tests"; testing time: 67637us
C:\Users\ContainerAdministrator\AppData\Local\Temp\cirrus-ci-build\src\test\torcontrol_tests.cpp(17): Entering test suite "torcontrol_tests"
C:\Users\ContainerAdministrator\AppData\Local\Temp\cirrus-ci-build\src\test\torcontrol_tests.cpp(26): Entering test case "util_SplitTorReplyLine"
C:\Users\ContainerAdministrator\AppData\Local\Temp\cirrus-ci-build\src\test\torcontrol_tests.cpp(26): Leaving test case "util_SplitTorReplyLine"; testing time: 163us
C:\Users\ContainerAdministrator\AppData\Local\Temp\cirrus-ci-build\src\test\torcontrol_tests.cpp(73): Entering test case "util_ParseTorReplyMapping"
C:\Users\ContainerAdministrator\AppData\Local\Temp\cirrus-ci-build\src\test\torcontrol_tests.cpp(73): Leaving test case "util_ParseTorReplyMapping"; testing time: 563us
C:\Users\ContainerAdministrator\AppData\Local\Temp\cirrus-ci-build\src\test\torcontrol_tests.cpp(17): Leaving test suite "torcontrol_tests"; testing time: 838us
C:\Users\ContainerAdministrator\AppData\Local\Temp\cirrus-ci-build\src\test\transaction_tests.cpp(185): Entering test suite "transaction_tests"
C:\Users\ContainerAdministrator\AppData\Local\Temp\cirrus-ci-build\src\test\transaction_tests.cpp(187): Entering test case "tx_valid"
C:\Users\ContainerAdministrator\AppData\Local\Temp\cirrus-ci-build\src\test\transaction_tests.cpp(187): Leaving test case "tx_valid"; testing time: 1829916us
C:\Users\ContainerAdministrator\AppData\Local\Temp\cirrus-ci-build\src\test\transaction_tests.cpp(276): Entering test case "tx_invalid"
C:\Users\ContainerAdministrator\AppData\Local\Temp\cirrus-ci-build\src\test\transaction_tests.cpp(276): Leaving test case "tx_invalid"; testing time: 442868us
C:\Users\ContainerAdministrator\AppData\Local\Temp\cirrus-ci-build\src\test\transaction_tests.cpp(367): Entering test case "basic_transaction_tests"
C:\Users\ContainerAdministrator\AppData\Local\Temp\cirrus-ci-build\src\test\transaction_tests.cpp(367): Leaving test case "basic_transaction_tests"; testing time: 10943us
C:\Users\ContainerAdministrator\AppData\Local\Temp\cirrus-ci-build\src\test\transaction_tests.cpp(383): Entering test case "test_Get"
C:\Users\ContainerAdministrator\AppData\Local\Temp\cirrus-ci-build\src\test\transaction_tests.cpp(383): Leaving test case "test_Get"; testing time: 12803us
C:\Users\ContainerAdministrator\AppData\Local\Temp\cirrus-ci-build\src\test\transaction_tests.cpp(481): Entering test case "test_big_witness_transaction"
C:\Users\ContainerAdministrator\AppData\Local\Temp\cirrus-ci-build\src\test\transaction_tests.cpp(481): Leaving test case "test_big_witness_transaction"; testing time: 39604429us
C:\Users\ContainerAdministrator\AppData\Local\Temp\cirrus-ci-build\src\test\transaction_tests.cpp(566): Entering test case "test_witness"
C:\Users\ContainerAdministrator\AppData\Local\Temp\cirrus-ci-build\src\test\transaction_tests.cpp(566): Leaving test case "test_witness"; testing time: 75966us
C:\Users\ContainerAdministrator\AppData\Local\Temp\cirrus-ci-build\src\test\transaction_tests.cpp(746): Entering test case "test_IsStandard"
C:\Users\ContainerAdministrator\AppData\Local\Temp\cirrus-ci-build\src\test\transaction_tests.cpp(746): Leaving test case "test_IsStandard"; testing time: 41904us
C:\Users\ContainerAdministrator\AppData\Local\Temp\cirrus-ci-build\src\test\transaction_tests.cpp(185): Leaving test suite "transaction_tests"; testing time: 42019518us
C:\Users\ContainerAdministrator\AppData\Local\Temp\cirrus-ci-build\src\test\txindex_tests.cpp(14): Entering test suite "txindex_tests"
C:\Users\ContainerAdministrator\AppData\Local\Temp\cirrus-ci-build\src\test\txindex_tests.cpp(16): Entering test case "txindex_initial_sync"
C:\Users\ContainerAdministrator\AppData\Local\Temp\cirrus-ci-build\src\test\txindex_tests.cpp(16): Leaving test case "txindex_initial_sync"; testing time: 734323us
C:\Users\ContainerAdministrator\AppData\Local\Temp\cirrus-ci-build\src\test\txindex_tests.cpp(14): Leaving test suite "txindex_tests"; testing time: 734409us
C:\Users\ContainerAdministrator\AppData\Local\Temp\cirrus-ci-build\src\test\txpackage_tests.cpp(17): Entering test suite "txpackage_tests"
C:\Users\ContainerAdministrator\AppData\Local\Temp\cirrus-ci-build\src\test\txpackage_tests.cpp(38): Entering test case "package_sanitization_tests"
C:\Users\ContainerAdministrator\AppData\Local\Temp\cirrus-ci-build\src\test\txpackage_tests.cpp(38): Leaving test case "package_sanitization_tests"; testing time: 515509us
C:\Users\ContainerAdministrator\AppData\Local\Temp\cirrus-ci-build\src\test\txpackage_tests.cpp(67): Entering test case "package_validation_tests"
C:\Users\ContainerAdministrator\AppData\Local\Temp\cirrus-ci-build\src\test\txpackage_tests.cpp(67): Leaving test case "package_validation_tests"; testing time: 533601us
C:\Users\ContainerAdministrator\AppData\Local\Temp\cirrus-ci-build\src\test\txpackage_tests.cpp(121): Entering test case "noncontextual_package_tests"
C:\Users\ContainerAdministrator\AppData\Local\Temp\cirrus-ci-build\src\test\txpackage_tests.cpp(121): Leaving test case "noncontextual_package_tests"; testing time: 540702us
C:\Users\ContainerAdministrator\AppData\Local\Temp\cirrus-ci-build\src\test\txpackage_tests.cpp(213): Entering test case "package_submission_tests"
C:\Users\ContainerAdministrator\AppData\Local\Temp\cirrus-ci-build\src\test\txpackage_tests.cpp(213): Leaving test case "package_submission_tests"; testing time: 564812us
C:\Users\ContainerAdministrator\AppData\Local\Temp\cirrus-ci-build\src\test\txpackage_tests.cpp(345): Entering test case "package_witness_swap_tests"
C:/Users/ContainerAdministrator/AppData/Local/Temp/cirrus-ci-build/src/test/txpackage_tests.cpp(467): error: in "txpackage_tests/package_witness_swap_tests": Package validation unexpectedly failed: transaction failed
C:/Users/ContainerAdministrator/AppData/Local/Temp/cirrus-ci-build/src/test/txpackage_tests.cpp(473): error: in "txpackage_tests/package_witness_swap_tests": check it_grandchild->second.m_result_type == MempoolAcceptResult::ResultType::VALID has failed
C:/Users/ContainerAdministrator/AppData/Local/Temp/cirrus-ci-build/src/test/txpackage_tests.cpp(477): error: in "txpackage_tests/package_witness_swap_tests": check m_node.mempool->exists(GenTxid::Wtxid(ptx_grandchild->GetWitnessHash())) has failed
C:/Users/ContainerAdministrator/AppData/Local/Temp/cirrus-ci-build/src/test/txpackage_tests.cpp(570): error: in "txpackage_tests/package_witness_swap_tests": transaction failed
C:/Users/ContainerAdministrator/AppData/Local/Temp/cirrus-ci-build/src/test/txpackage_tests.cpp(577): error: in "txpackage_tests/package_witness_swap_tests": check it_parent3 != mixed_result.m_tx_results.end() has failed
C:/Users/ContainerAdministrator/AppData/Local/Temp/cirrus-ci-build/src/test/txpackage_tests.cpp(582): error: in "txpackage_tests/package_witness_swap_tests": check it_parent3->second.m_result_type == MempoolAcceptResult::ResultType::VALID has failed
C:/Users/ContainerAdministrator/AppData/Local/Temp/cirrus-ci-build/src/test/txpackage_tests.cpp(583): error: in "txpackage_tests/package_witness_swap_tests": check it_child->second.m_result_type == MempoolAcceptResult::ResultType::VALID has failed
C:/Users/ContainerAdministrator/AppData/Local/Temp/cirrus-ci-build/src/test/txpackage_tests.cpp(589): error: in "txpackage_tests/package_witness_swap_tests": check m_node.mempool->exists(GenTxid::Txid(ptx_parent3->GetHash())) has failed
C:/Users/ContainerAdministrator/AppData/Local/Temp/cirrus-ci-build/src/test/txpackage_tests.cpp(590): error: in "txpackage_tests/package_witness_swap_tests": check m_node.mempool->exists(GenTxid::Txid(ptx_mixed_child->GetHash())) has failed
C:/Users/ContainerAdministrator/AppData/Local/Temp/cirrus-ci-build/src/test/txpackage_tests.cpp(593): error: in "txpackage_tests/package_witness_swap_tests": check mixed_result.m_package_feerate.has_value() has failed
unknown location(0): fatal error: in "txpackage_tests/package_witness_swap_tests": class std::bad_optional_access: Bad optional access
C:\Users\ContainerAdministrator\AppData\Local\Temp\cirrus-ci-build\src\test\txpackage_tests.cpp(597): last checkpoint
C:\Users\ContainerAdministrator\AppData\Local\Temp\cirrus-ci-build\src\test\txpackage_tests.cpp(345): Leaving test case "package_witness_swap_tests"; testing time: 522730us
C:\Users\ContainerAdministrator\AppData\Local\Temp\cirrus-ci-build\src\test\txpackage_tests.cpp(601): Entering test case "package_cpfp_tests"
C:/Users/ContainerAdministrator/AppData/Local/Temp/cirrus-ci-build/src/test/txpackage_tests.cpp(664): error: in "txpackage_tests/package_cpfp_tests": Package validation unexpectedly failed: BUG! Mempool ancestors or descendants were underestimated: 830fbde2e575e428eddbd178b829531b55e53c5a1265bf9e3f2b70a596514152
C:/Users/ContainerAdministrator/AppData/Local/Temp/cirrus-ci-build/src/test/txpackage_tests.cpp(671): error: in "txpackage_tests/package_cpfp_tests": check it_child->second.m_result_type == MempoolAcceptResult::ResultType::VALID has failed
unknown location(0): fatal error: in "txpackage_tests/package_cpfp_tests": class std::bad_optional_access: Bad optional access
C:\Users\ContainerAdministrator\AppData\Local\Temp\cirrus-ci-build\src\test\txpackage_tests.cpp(672): last checkpoint
C:\Users\ContainerAdministrator\AppData\Local\Temp\cirrus-ci-build\src\test\txpackage_tests.cpp(601): Leaving test case "package_cpfp_tests"; testing time: 495892us
C:\Users\ContainerAdministrator\AppData\Local\Temp\cirrus-ci-build\src\test\txpackage_tests.cpp(17): Leaving test suite "txpackage_tests"; testing time: 3173774us
C:\Users\ContainerAdministrator\AppData\Local\Temp\cirrus-ci-build\src\test\txrequest_tests.cpp(17): Entering test suite "txrequest_tests"
C:\Users\ContainerAdministrator\AppData\Local\Temp\cirrus-ci-build\src\test\txrequest_tests.cpp(731): Entering test case "TxRequestTest"
C:\Users\ContainerAdministrator\AppData\Local\Temp\cirrus-ci-build\src\test\txrequest_tests.cpp(731): Leaving test case "TxRequestTest"; testing time: 10586694us
C:\Users\ContainerAdministrator\AppData\Local\Temp\cirrus-ci-build\src\test\txrequest_tests.cpp(17): Leaving test suite "txrequest_tests"; testing time: 10586810us
C:\Users\ContainerAdministrator\AppData\Local\Temp\cirrus-ci-build\src\test\txvalidationcache_tests.cpp(26): Entering test suite "txvalidationcache_tests"
C:\Users\ContainerAdministrator\AppData\Local\Temp\cirrus-ci-build\src\test\txvalidationcache_tests.cpp(28): Entering test case "tx_mempool_block_doublespend"
C:\Users\ContainerAdministrator\AppData\Local\Temp\cirrus-ci-build\src\test\txvalidationcache_tests.cpp(28): Leaving test case "tx_mempool_block_doublespend"; testing time: 536808us
C:\Users\ContainerAdministrator\AppData\Local\Temp\cirrus-ci-build\src\test\txvalidationcache_tests.cpp(160): Entering test case "checkinputs_test"
C:\Users\ContainerAdministrator\AppData\Local\Temp\cirrus-ci-build\src\test\txvalidationcache_tests.cpp(160): Leaving test case "checkinputs_test"; testing time: 5767225us
C:\Users\ContainerAdministrator\AppData\Local\Temp\cirrus-ci-build\src\test\txvalidationcache_tests.cpp(26): Leaving test suite "txvalidationcache_tests"; testing time: 6304243us
C:\Users\ContainerAdministrator\AppData\Local\Temp\cirrus-ci-build\src\test\txvalidation_tests.cpp(18): Entering test suite "txvalidation_tests"
C:\Users\ContainerAdministrator\AppData\Local\Temp\cirrus-ci-build\src\test\txvalidation_tests.cpp(23): Entering test case "tx_mempool_reject_coinbase"
C:\Users\ContainerAdministrator\AppData\Local\Temp\cirrus-ci-build\src\test\txvalidation_tests.cpp(23): Leaving test case "tx_mempool_reject_coinbase"; testing time: 502970us
C:\Users\ContainerAdministrator\AppData\Local\Temp\cirrus-ci-build\src\test\txvalidation_tests.cpp(18): Leaving test suite "txvalidation_tests"; testing time: 503075us
C:\Users\ContainerAdministrator\AppData\Local\Temp\cirrus-ci-build\src\test\uint256_tests.cpp(18): Entering test suite "uint256_tests"
C:\Users\ContainerAdministrator\AppData\Local\Temp\cirrus-ci-build\src\test\uint256_tests.cpp(75): Entering test case "basics"
C:\Users\ContainerAdministrator\AppData\Local\Temp\cirrus-ci-build\src\test\uint256_tests.cpp(75): Leaving test case "basics"; testing time: 1108us
C:\Users\ContainerAdministrator\AppData\Local\Temp\cirrus-ci-build\src\test\uint256_tests.cpp(127): Entering test case "comparison"
C:\Users\ContainerAdministrator\AppData\Local\Temp\cirrus-ci-build\src\test\uint256_tests.cpp(127): Leaving test case "comparison"; testing time: 937us
C:\Users\ContainerAdministrator\AppData\Local\Temp\cirrus-ci-build\src\test\uint256_tests.cpp(159): Entering test case "methods"
C:\Users\ContainerAdministrator\AppData\Local\Temp\cirrus-ci-build\src\test\uint256_tests.cpp(159): Leaving test case "methods"; testing time: 329us
C:\Users\ContainerAdministrator\AppData\Local\Temp\cirrus-ci-build\src\test\uint256_tests.cpp(253): Entering test case "conversion"
C:\Users\ContainerAdministrator\AppData\Local\Temp\cirrus-ci-build\src\test\uint256_tests.cpp(253): Leaving test case "conversion"; testing time: 55us
C:\Users\ContainerAdministrator\AppData\Local\Temp\cirrus-ci-build\src\test\uint256_tests.cpp(269): Entering test case "operator_with_self"
C:\Users\ContainerAdministrator\AppData\Local\Temp\cirrus-ci-build\src\test\uint256_tests.cpp(269): Leaving test case "operator_with_self"; testing time: 49us
C:\Users\ContainerAdministrator\AppData\Local\Temp\cirrus-ci-build\src\test\uint256_tests.cpp(282): Entering test case "check_ONE"
C:\Users\ContainerAdministrator\AppData\Local\Temp\cirrus-ci-build\src\test\uint256_tests.cpp(282): Leaving test case "check_ONE"; testing time: 34us
C:\Users\ContainerAdministrator\AppData\Local\Temp\cirrus-ci-build\src\test\uint256_tests.cpp(18): Leaving test suite "uint256_tests"; testing time: 2870us
C:\Users\ContainerAdministrator\AppData\Local\Temp\cirrus-ci-build\src\test\util_tests.cpp(54): Entering test suite "util_tests"
C:\Users\ContainerAdministrator\AppData\Local\Temp\cirrus-ci-build\src\test\util_tests.cpp(56): Entering test case "util_datadir"
C:\Users\ContainerAdministrator\AppData\Local\Temp\cirrus-ci-build\src\test\util_tests.cpp(56): Leaving test case "util_datadir"; testing time: 11219us
C:\Users\ContainerAdministrator\AppData\Local\Temp\cirrus-ci-build\src\test\util_tests.cpp(106): Entering test case "util_check"
C:\Users\ContainerAdministrator\AppData\Local\Temp\cirrus-ci-build\src\test\util_tests.cpp(106): Leaving test case "util_check"; testing time: 11158us
C:\Users\ContainerAdministrator\AppData\Local\Temp\cirrus-ci-build\src\test\util_tests.cpp(127): Entering test case "util_criticalsection"
C:\Users\ContainerAdministrator\AppData\Local\Temp\cirrus-ci-build\src\test\util_tests.cpp(127): Leaving test case "util_criticalsection"; testing time: 10684us
C:\Users\ContainerAdministrator\AppData\Local\Temp\cirrus-ci-build\src\test\util_tests.cpp(156): Entering test case "parse_hex"
C:\Users\ContainerAdministrator\AppData\Local\Temp\cirrus-ci-build\src\test\util_tests.cpp(156): Leaving test case "parse_hex"; testing time: 10951us
C:\Users\ContainerAdministrator\AppData\Local\Temp\cirrus-ci-build\src\test\util_tests.cpp(185): Entering test case "util_HexStr"
C:\Users\ContainerAdministrator\AppData\Local\Temp\cirrus-ci-build\src\test\util_tests.cpp(185): Leaving test case "util_HexStr"; testing time: 12078us
C:\Users\ContainerAdministrator\AppData\Local\Temp\cirrus-ci-build\src\test\util_tests.cpp(229): Entering test case "span_write_bytes"
C:\Users\ContainerAdministrator\AppData\Local\Temp\cirrus-ci-build\src\test\util_tests.cpp(229): Leaving test case "span_write_bytes"; testing time: 10952us
C:\Users\ContainerAdministrator\AppData\Local\Temp\cirrus-ci-build\src\test\util_tests.cpp(238): Entering test case "util_Join"
C:\Users\ContainerAdministrator\AppData\Local\Temp\cirrus-ci-build\src\test\util_tests.cpp(238): Leaving test case "util_Join"; testing time: 11052us
C:\Users\ContainerAdministrator\AppData\Local\Temp\cirrus-ci-build\src\test\util_tests.cpp(252): Entering test case "util_TrimString"
C:\Users\ContainerAdministrator\AppData\Local\Temp\cirrus-ci-build\src\test\util_tests.cpp(252): Leaving test case "util_TrimString"; testing time: 11099us
C:\Users\ContainerAdministrator\AppData\Local\Temp\cirrus-ci-build\src\test\util_tests.cpp(268): Entering test case "util_FormatParseISO8601DateTime"
C:\Users\ContainerAdministrator\AppData\Local\Temp\cirrus-ci-build\src\test\util_tests.cpp(268): Leaving test case "util_FormatParseISO8601DateTime"; testing time: 11537us
C:\Users\ContainerAdministrator\AppData\Local\Temp\cirrus-ci-build\src\test\util_tests.cpp(278): Entering test case "util_FormatISO8601Date"
C:\Users\ContainerAdministrator\AppData\Local\Temp\cirrus-ci-build\src\test\util_tests.cpp(278): Leaving test case "util_FormatISO8601Date"; testing time: 10543us
C:\Users\ContainerAdministrator\AppData\Local\Temp\cirrus-ci-build\src\test\util_tests.cpp(402): Entering test case "util_CheckValue"
C:\Users\ContainerAdministrator\AppData\Local\Temp\cirrus-ci-build\src\test\util_tests.cpp(402): Leaving test case "util_CheckValue"; testing time: 514893us
C:\Users\ContainerAdministrator\AppData\Local\Temp\cirrus-ci-build\src\test\util_tests.cpp(433): Entering test case "util_NoIncludeConf"
C:\Users\ContainerAdministrator\AppData\Local\Temp\cirrus-ci-build\src\test\util_tests.cpp(433): Leaving test case "util_NoIncludeConf"; testing time: 384us
C:\Users\ContainerAdministrator\AppData\Local\Temp\cirrus-ci-build\src\test\util_tests.cpp(440): Entering test case "util_ParseParameters"
C:\Users\ContainerAdministrator\AppData\Local\Temp\cirrus-ci-build\src\test\util_tests.cpp(440): Leaving test case "util_ParseParameters"; testing time: 10799us
C:\Users\ContainerAdministrator\AppData\Local\Temp\cirrus-ci-build\src\test\util_tests.cpp(477): Entering test case "util_ParseInvalidParameters"
C:\Users\ContainerAdministrator\AppData\Local\Temp\cirrus-ci-build\src\test\util_tests.cpp(477): Leaving test case "util_ParseInvalidParameters"; testing time: 11305us
C:\Users\ContainerAdministrator\AppData\Local\Temp\cirrus-ci-build\src\test\util_tests.cpp(513): Entering test case "util_ArgParsing"
C:\Users\ContainerAdministrator\AppData\Local\Temp\cirrus-ci-build\src\test\util_tests.cpp(513): Leaving test case "util_ArgParsing"; testing time: 12143us
C:\Users\ContainerAdministrator\AppData\Local\Temp\cirrus-ci-build\src\test\util_tests.cpp(552): Entering test case "util_GetBoolArg"
C:\Users\ContainerAdministrator\AppData\Local\Temp\cirrus-ci-build\src\test\util_tests.cpp(552): Leaving test case "util_GetBoolArg"; testing time: 10730us
C:\Users\ContainerAdministrator\AppData\Local\Temp\cirrus-ci-build\src\test\util_tests.cpp(593): Entering test case "util_GetBoolArgEdgeCases"
C:\Users\ContainerAdministrator\AppData\Local\Temp\cirrus-ci-build\src\test\util_tests.cpp(593): Leaving test case "util_GetBoolArgEdgeCases"; testing time: 10678us
C:\Users\ContainerAdministrator\AppData\Local\Temp\cirrus-ci-build\src\test\util_tests.cpp(646): Entering test case "util_ReadConfigStream"
C:\Users\ContainerAdministrator\AppData\Local\Temp\cirrus-ci-build\src\test\util_tests.cpp(646): Leaving test case "util_ReadConfigStream"; testing time: 11665us
C:\Users\ContainerAdministrator\AppData\Local\Temp\cirrus-ci-build\src\test\util_tests.cpp(835): Entering test case "util_GetArg"
C:\Users\ContainerAdministrator\AppData\Local\Temp\cirrus-ci-build\src\test\util_tests.cpp(835): Leaving test case "util_GetArg"; testing time: 10843us
C:\Users\ContainerAdministrator\AppData\Local\Temp\cirrus-ci-build\src\test\util_tests.cpp(874): Entering test case "util_GetChainName"
C:\Users\ContainerAdministrator\AppData\Local\Temp\cirrus-ci-build\src\test\util_tests.cpp(874): Leaving test case "util_GetChainName"; testing time: 11826us
C:\Users\ContainerAdministrator\AppData\Local\Temp\cirrus-ci-build\src\test\util_tests.cpp(1034): Entering test case "util_ArgsMerge"
C:\Users\ContainerAdministrator\AppData\Local\Temp\cirrus-ci-build\src\test\util_tests.cpp(1034): Leaving test case "util_ArgsMerge"; testing time: 3087203us
C:\Users\ContainerAdministrator\AppData\Local\Temp\cirrus-ci-build\src\test\util_tests.cpp(1169): Entering test case "util_ChainMerge"
C:\Users\ContainerAdministrator\AppData\Local\Temp\cirrus-ci-build\src\test\util_tests.cpp(1169): Leaving test case "util_ChainMerge"; testing time: 90506us
C:\Users\ContainerAdministrator\AppData\Local\Temp\cirrus-ci-build\src\test\util_tests.cpp(1253): Entering test case "util_ReadWriteSettings"
C:\Users\ContainerAdministrator\AppData\Local\Temp\cirrus-ci-build\src\test\util_tests.cpp(1253): Leaving test case "util_ReadWriteSettings"; testing time: 13704us
C:\Users\ContainerAdministrator\AppData\Local\Temp\cirrus-ci-build\src\test\util_tests.cpp(1277): Entering test case "util_FormatMoney"
C:\Users\ContainerAdministrator\AppData\Local\Temp\cirrus-ci-build\src\test\util_tests.cpp(1277): Leaving test case "util_FormatMoney"; testing time: 12160us
C:\Users\ContainerAdministrator\AppData\Local\Temp\cirrus-ci-build\src\test\util_tests.cpp(1312): Entering test case "util_ParseMoney"
C:\Users\ContainerAdministrator\AppData\Local\Temp\cirrus-ci-build\src\test\util_tests.cpp(1312): Leaving test case "util_ParseMoney"; testing time: 11239us
C:\Users\ContainerAdministrator\AppData\Local\Temp\cirrus-ci-build\src\test\util_tests.cpp(1381): Entering test case "util_IsHex"
C:\Users\ContainerAdministrator\AppData\Local\Temp\cirrus-ci-build\src\test\util_tests.cpp(1381): Leaving test case "util_IsHex"; testing time: 10661us
C:\Users\ContainerAdministrator\AppData\Local\Temp\cirrus-ci-build\src\test\util_tests.cpp(1396): Entering test case "util_IsHexNumber"
C:\Users\ContainerAdministrator\AppData\Local\Temp\cirrus-ci-build\src\test\util_tests.cpp(1396): Leaving test case "util_IsHexNumber"; testing time: 10371us
C:\Users\ContainerAdministrator\AppData\Local\Temp\cirrus-ci-build\src\test\util_tests.cpp(1421): Entering test case "util_seed_insecure_rand"
C:\Users\ContainerAdministrator\AppData\Local\Temp\cirrus-ci-build\src\test\util_tests.cpp(1421): Leaving test case "util_seed_insecure_rand"; testing time: 23429us
C:\Users\ContainerAdministrator\AppData\Local\Temp\cirrus-ci-build\src\test\util_tests.cpp(1446): Entering test case "util_TimingResistantEqual"
C:\Users\ContainerAdministrator\AppData\Local\Temp\cirrus-ci-build\src\test\util_tests.cpp(1446): Leaving test case "util_TimingResistantEqual"; testing time: 10811us
C:\Users\ContainerAdministrator\AppData\Local\Temp\cirrus-ci-build\src\test\util_tests.cpp(1461): Entering test case "strprintf_numbers"
C:\Users\ContainerAdministrator\AppData\Local\Temp\cirrus-ci-build\src\test\util_tests.cpp(1461): Leaving test case "strprintf_numbers"; testing time: 10339us
C:\Users\ContainerAdministrator\AppData\Local\Temp\cirrus-ci-build\src\test\util_tests.cpp(1487): Entering test case "gettime"
C:\Users\ContainerAdministrator\AppData\Local\Temp\cirrus-ci-build\src\test\util_tests.cpp(1487): Leaving test case "gettime"; testing time: 11244us
C:\Users\ContainerAdministrator\AppData\Local\Temp\cirrus-ci-build\src\test\util_tests.cpp(1492): Entering test case "util_time_GetTime"
C:\Users\ContainerAdministrator\AppData\Local\Temp\cirrus-ci-build\src\test\util_tests.cpp(1492): Leaving test case "util_time_GetTime"; testing time: 34552us
C:\Users\ContainerAdministrator\AppData\Local\Temp\cirrus-ci-build\src\test\util_tests.cpp(1521): Entering test case "test_IsDigit"
C:\Users\ContainerAdministrator\AppData\Local\Temp\cirrus-ci-build\src\test\util_tests.cpp(1521): Leaving test case "test_IsDigit"; testing time: 12455us
C:\Users\ContainerAdministrator\AppData\Local\Temp\cirrus-ci-build\src\test\util_tests.cpp(1578): Entering test case "util_overflow"
C:\Users\ContainerAdministrator\AppData\Local\Temp\cirrus-ci-build\src\test\util_tests.cpp(1578): Leaving test case "util_overflow"; testing time: 11134us
C:\Users\ContainerAdministrator\AppData\Local\Temp\cirrus-ci-build\src\test\util_tests.cpp(1584): Entering test case "test_ParseInt32"
C:\Users\ContainerAdministrator\AppData\Local\Temp\cirrus-ci-build\src\test\util_tests.cpp(1584): Leaving test case "test_ParseInt32"; testing time: 10651us
C:\Users\ContainerAdministrator\AppData\Local\Temp\cirrus-ci-build\src\test\util_tests.cpp(1647): Entering test case "test_ToIntegral"
C:\Users\ContainerAdministrator\AppData\Local\Temp\cirrus-ci-build\src\test\util_tests.cpp(1647): Leaving test case "test_ToIntegral"; testing time: 11697us
C:\Users\ContainerAdministrator\AppData\Local\Temp\cirrus-ci-build\src\test\util_tests.cpp(1714): Entering test case "test_LocaleIndependentAtoi"
C:\Users\ContainerAdministrator\AppData\Local\Temp\cirrus-ci-build\src\test\util_tests.cpp(1714): Leaving test case "test_LocaleIndependentAtoi"; testing time: 11392us
C:\Users\ContainerAdministrator\AppData\Local\Temp\cirrus-ci-build\src\test\util_tests.cpp(1805): Entering test case "test_ParseInt64"
C:\Users\ContainerAdministrator\AppData\Local\Temp\cirrus-ci-build\src\test\util_tests.cpp(1805): Leaving test case "test_ParseInt64"; testing time: 10575us
C:\Users\ContainerAdministrator\AppData\Local\Temp\cirrus-ci-build\src\test\util_tests.cpp(1833): Entering test case "test_ParseUInt8"
C:\Users\ContainerAdministrator\AppData\Local\Temp\cirrus-ci-build\src\test\util_tests.cpp(1833): Leaving test case "test_ParseUInt8"; testing time: 10411us
C:\Users\ContainerAdministrator\AppData\Local\Temp\cirrus-ci-build\src\test\util_tests.cpp(1868): Entering test case "test_ParseUInt16"
C:\Users\ContainerAdministrator\AppData\Local\Temp\cirrus-ci-build\src\test\util_tests.cpp(1868): Leaving test case "test_ParseUInt16"; testing time: 10457us
C:\Users\ContainerAdministrator\AppData\Local\Temp\cirrus-ci-build\src\test\util_tests.cpp(1903): Entering test case "test_ParseUInt32"
C:\Users\ContainerAdministrator\AppData\Local\Temp\cirrus-ci-build\src\test\util_tests.cpp(1903): Leaving test case "test_ParseUInt32"; testing time: 10816us
C:\Users\ContainerAdministrator\AppData\Local\Temp\cirrus-ci-build\src\test\util_tests.cpp(1940): Entering test case "test_ParseUInt64"
C:\Users\ContainerAdministrator\AppData\Local\Temp\cirrus-ci-build\src\test\util_tests.cpp(1940): Leaving test case "test_ParseUInt64"; testing time: 10408us
C:\Users\ContainerAdministrator\AppData\Local\Temp\cirrus-ci-build\src\test\util_tests.cpp(1970): Entering test case "test_FormatParagraph"
C:\Users\ContainerAdministrator\AppData\Local\Temp\cirrus-ci-build\src\test\util_tests.cpp(1970): Leaving test case "test_FormatParagraph"; testing time: 11272us
C:\Users\ContainerAdministrator\AppData\Local\Temp\cirrus-ci-build\src\test\util_tests.cpp(1997): Entering test case "test_FormatSubVersion"
C:\Users\ContainerAdministrator\AppData\Local\Temp\cirrus-ci-build\src\test\util_tests.cpp(1997): Leaving test case "test_FormatSubVersion"; testing time: 10499us
C:\Users\ContainerAdministrator\AppData\Local\Temp\cirrus-ci-build\src\test\util_tests.cpp(2009): Entering test case "test_ParseFixedPoint"
C:\Users\ContainerAdministrator\AppData\Local\Temp\cirrus-ci-build\src\test\util_tests.cpp(2009): Leaving test case "test_ParseFixedPoint"; testing time: 10854us
C:\Users\ContainerAdministrator\AppData\Local\Temp\cirrus-ci-build\src\test\util_tests.cpp(2121): Entering test case "test_LockDirectory"
C:\Users\ContainerAdministrator\AppData\Local\Temp\cirrus-ci-build\src\test\util_tests.cpp(2121): Leaving test case "test_LockDirectory"; testing time: 13591us
C:\Users\ContainerAdministrator\AppData\Local\Temp\cirrus-ci-build\src\test\util_tests.cpp(2209): Entering test case "test_DirIsWritable"
C:\Users\ContainerAdministrator\AppData\Local\Temp\cirrus-ci-build\src\test\util_tests.cpp(2209): Leaving test case "test_DirIsWritable"; testing time: 13853us
C:\Users\ContainerAdministrator\AppData\Local\Temp\cirrus-ci-build\src\test\util_tests.cpp(2225): Entering test case "test_ToLower"
C:\Users\ContainerAdministrator\AppData\Local\Temp\cirrus-ci-build\src\test\util_tests.cpp(2225): Leaving test case "test_ToLower"; testing time: 11641us
C:\Users\ContainerAdministrator\AppData\Local\Temp\cirrus-ci-build\src\test\util_tests.cpp(2239): Entering test case "test_ToUpper"
C:\Users\ContainerAdministrator\AppData\Local\Temp\cirrus-ci-build\src\test\util_tests.cpp(2239): Leaving test case "test_ToUpper"; testing time: 10901us
C:\Users\ContainerAdministrator\AppData\Local\Temp\cirrus-ci-build\src\test\util_tests.cpp(2253): Entering test case "test_Capitalize"
C:\Users\ContainerAdministrator\AppData\Local\Temp\cirrus-ci-build\src\test\util_tests.cpp(2253): Leaving test case "test_Capitalize"; testing time: 10572us
C:\Users\ContainerAdministrator\AppData\Local\Temp\cirrus-ci-build\src\test\util_tests.cpp(2265): Entering test case "test_spanparsing"
C:\Users\ContainerAdministrator\AppData\Local\Temp\cirrus-ci-build\src\test\util_tests.cpp(2265): Leaving test case "test_spanparsing"; testing time: 10442us
C:\Users\ContainerAdministrator\AppData\Local\Temp\cirrus-ci-build\src\test\util_tests.cpp(2383): Entering test case "test_SplitString"
C:\Users\ContainerAdministrator\AppData\Local\Temp\cirrus-ci-build\src\test\util_tests.cpp(2383): Leaving test case "test_SplitString"; testing time: 10445us
C:\Users\ContainerAdministrator\AppData\Local\Temp\cirrus-ci-build\src\test\util_tests.cpp(2445): Entering test case "test_LogEscapeMessage"
C:\Users\ContainerAdministrator\AppData\Local\Temp\cirrus-ci-build\src\test\util_tests.cpp(2445): Leaving test case "test_LogEscapeMessage"; testing time: 10194us
C:\Users\ContainerAdministrator\AppData\Local\Temp\cirrus-ci-build\src\test\util_tests.cpp(2480): Entering test case "test_tracked_vector"
C:\Users\ContainerAdministrator\AppData\Local\Temp\cirrus-ci-build\src\test\util_tests.cpp(2480): Leaving test case "test_tracked_vector"; testing time: 10466us
C:\Users\ContainerAdministrator\AppData\Local\Temp\cirrus-ci-build\src\test\util_tests.cpp(2557): Entering test case "message_sign"
C:\Users\ContainerAdministrator\AppData\Local\Temp\cirrus-ci-build\src\test\util_tests.cpp(2557): Leaving test case "message_sign"; testing time: 11399us
C:\Users\ContainerAdministrator\AppData\Local\Temp\cirrus-ci-build\src\test\util_tests.cpp(2593): Entering test case "message_verify"
C:\Users\ContainerAdministrator\AppData\Local\Temp\cirrus-ci-build\src\test\util_tests.cpp(2593): Leaving test case "message_verify"; testing time: 12096us
C:\Users\ContainerAdministrator\AppData\Local\Temp\cirrus-ci-build\src\test\util_tests.cpp(2645): Entering test case "message_hash"
C:\Users\ContainerAdministrator\AppData\Local\Temp\cirrus-ci-build\src\test\util_tests.cpp(2645): Leaving test case "message_hash"; testing time: 10124us
C:\Users\ContainerAdministrator\AppData\Local\Temp\cirrus-ci-build\src\test\util_tests.cpp(2662): Entering test case "remove_prefix"
C:\Users\ContainerAdministrator\AppData\Local\Temp\cirrus-ci-build\src\test\util_tests.cpp(2662): Leaving test case "remove_prefix"; testing time: 10335us
C:\Users\ContainerAdministrator\AppData\Local\Temp\cirrus-ci-build\src\test\util_tests.cpp(2675): Entering test case "util_ParseByteUnits"
C:\Users\ContainerAdministrator\AppData\Local\Temp\cirrus-ci-build\src\test\util_tests.cpp(2675): Leaving test case "util_ParseByteUnits"; testing time: 11021us
C:\Users\ContainerAdministrator\AppData\Local\Temp\cirrus-ci-build\src\test\util_tests.cpp(2723): Entering test case "util_ReadBinaryFile"
C:\Users\ContainerAdministrator\AppData\Local\Temp\cirrus-ci-build\src\test\util_tests.cpp(2723): Leaving test case "util_ReadBinaryFile"; testing time: 11374us
C:\Users\ContainerAdministrator\AppData\Local\Temp\cirrus-ci-build\src\test\util_tests.cpp(2756): Entering test case "util_WriteBinaryFile"
C:\Users\ContainerAdministrator\AppData\Local\Temp\cirrus-ci-build\src\test\util_tests.cpp(2756): Leaving test case "util_WriteBinaryFile"; testing time: 11092us
C:\Users\ContainerAdministrator\AppData\Local\Temp\cirrus-ci-build\src\test\util_tests.cpp(54): Leaving test suite "util_tests"; testing time: 4370665us
C:\Users\ContainerAdministrator\AppData\Local\Temp\cirrus-ci-build\src\test\util_threadnames_tests.cpp(20): Entering test suite "util_threadnames_tests"
C:\Users\ContainerAdministrator\AppData\Local\Temp\cirrus-ci-build\src\test\util_threadnames_tests.cpp(54): Entering test case "util_threadnames_test_rename_threaded"
Test case util_threadnames_tests/util_threadnames_test_rename_threaded did not check any assertions
C:\Users\ContainerAdministrator\AppData\Local\Temp\cirrus-ci-build\src\test\util_threadnames_tests.cpp(54): Leaving test case "util_threadnames_test_rename_threaded"; testing time: 35us
C:\Users\ContainerAdministrator\AppData\Local\Temp\cirrus-ci-build\src\test\util_threadnames_tests.cpp(20): Leaving test suite "util_threadnames_tests"; testing time: 136us
C:\Users\ContainerAdministrator\AppData\Local\Temp\cirrus-ci-build\src\test\validationinterface_tests.cpp(13): Entering test suite "validationinterface_tests"
C:\Users\ContainerAdministrator\AppData\Local\Temp\cirrus-ci-build\src\test\validationinterface_tests.cpp(19): Entering test case "unregister_validation_interface_race"
C:\Users\ContainerAdministrator\AppData\Local\Temp\cirrus-ci-build\src\test\validationinterface_tests.cpp(19): Leaving test case "unregister_validation_interface_race"; testing time: 372986us
C:\Users\ContainerAdministrator\AppData\Local\Temp\cirrus-ci-build\src\test\validationinterface_tests.cpp(77): Entering test case "unregister_all_during_call"
C:\Users\ContainerAdministrator\AppData\Local\Temp\cirrus-ci-build\src\test\validationinterface_tests.cpp(77): Leaving test case "unregister_all_during_call"; testing time: 20852us
C:\Users\ContainerAdministrator\AppData\Local\Temp\cirrus-ci-build\src\test\validationinterface_tests.cpp(13): Leaving test suite "validationinterface_tests"; testing time: 394022us
C:\Users\ContainerAdministrator\AppData\Local\Temp\cirrus-ci-build\src\test\validation_block_tests.cpp(34): Entering test suite "validation_block_tests"
C:\Users\ContainerAdministrator\AppData\Local\Temp\cirrus-ci-build\src\test\validation_block_tests.cpp(149): Entering test case "processnewblock_signals_ordering"
C:\Users\ContainerAdministrator\AppData\Local\Temp\cirrus-ci-build\src\test\validation_block_tests.cpp(149): Leaving test case "processnewblock_signals_ordering"; testing time: 1579535us
C:\Users\ContainerAdministrator\AppData\Local\Temp\cirrus-ci-build\src\test\validation_block_tests.cpp(223): Entering test case "mempool_locks_reorg"
C:\Users\ContainerAdministrator\AppData\Local\Temp\cirrus-ci-build\src\test\validation_block_tests.cpp(223): Leaving test case "mempool_locks_reorg"; testing time: 5553226us
C:\Users\ContainerAdministrator\AppData\Local\Temp\cirrus-ci-build\src\test\validation_block_tests.cpp(326): Entering test case "witness_commitment_index"
C:\Users\ContainerAdministrator\AppData\Local\Temp\cirrus-ci-build\src\test\validation_block_tests.cpp(326): Leaving test case "witness_commitment_index"; testing time: 23297us
C:\Users\ContainerAdministrator\AppData\Local\Temp\cirrus-ci-build\src\test\validation_block_tests.cpp(34): Leaving test suite "validation_block_tests"; testing time: 7156387us
C:\Users\ContainerAdministrator\AppData\Local\Temp\cirrus-ci-build\src\test\validation_chainstatemanager_tests.cpp(25): Entering test suite "validation_chainstatemanager_tests"
C:\Users\ContainerAdministrator\AppData\Local\Temp\cirrus-ci-build\src\test\validation_chainstatemanager_tests.cpp(30): Entering test case "chainstatemanager"
C:\Users\ContainerAdministrator\AppData\Local\Temp\cirrus-ci-build\src\test\validation_chainstatemanager_tests.cpp(30): Leaving test case "chainstatemanager"; testing time: 19148us
C:\Users\ContainerAdministrator\AppData\Local\Temp\cirrus-ci-build\src\test\validation_chainstatemanager_tests.cpp(105): Entering test case "chainstatemanager_rebalance_caches"
C:\Users\ContainerAdministrator\AppData\Local\Temp\cirrus-ci-build\src\test\validation_chainstatemanager_tests.cpp(105): Leaving test case "chainstatemanager_rebalance_caches"; testing time: 45314us
C:\Users\ContainerAdministrator\AppData\Local\Temp\cirrus-ci-build\src\test\validation_chainstatemanager_tests.cpp(158): Entering test case "chainstatemanager_activate_snapshot"
Wrote UTXO snapshot to C:\Users\ContainerAdministrator\AppData\Local\Temp\test_common_Bitcoin Core\2ac95ca397a66a3ee003ae27b47027f38d80bc47d8d0384a52ccc8d300ff482e\test_snapshot.100.dat: {"coins_written":100,"base_hash":"571d80a9967ae599cec0448b0b0ba1cfb606f584d8069bd7166b86854ba7a191","base_height":100,"path":"C:\\Users\\ContainerAdministrator\\AppData\\Local\\Temp\\test_common_Bitcoin Core\\2ac95ca397a66a3ee003ae27b47027f38d80bc47d8d0384a52ccc8d300ff482e\\test_snapshot.100.dat","txoutset_hash":"cd1ba1c3f393058ae743b7c6bdbd00c897744cdcf022c9f2f0f2b4565c08a49c","nchaintx":101}
Wrote UTXO snapshot to C:\Users\ContainerAdministrator\AppData\Local\Temp\test_common_Bitcoin Core\2ac95ca397a66a3ee003ae27b47027f38d80bc47d8d0384a52ccc8d300ff482e\test_snapshot.110.dat: {"coins_written":110,"base_hash":"696e92821f65549c7ee134edceeeeaaa4105647a3c4fd9f298c0aec0ab50425c","base_height":110,"path":"C:\\Users\\ContainerAdministrator\\AppData\\Local\\Temp\\test_common_Bitcoin Core\\2ac95ca397a66a3ee003ae27b47027f38d80bc47d8d0384a52ccc8d300ff482e\\test_snapshot.110.dat","txoutset_hash":"1ebbf5850204c0bdb15bf030f47c7fe91d45c44c712697e4509ba67adb01c618","nchaintx":111}
Wrote UTXO snapshot to C:\Users\ContainerAdministrator\AppData\Local\Temp\test_common_Bitcoin Core\2ac95ca397a66a3ee003ae27b47027f38d80bc47d8d0384a52ccc8d300ff482e\test_snapshot.110.dat: {"coins_written":110,"base_hash":"696e92821f65549c7ee134edceeeeaaa4105647a3c4fd9f298c0aec0ab50425c","base_height":110,"path":"C:\\Users\\ContainerAdministrator\\AppData\\Local\\Temp\\test_common_Bitcoin Core\\2ac95ca397a66a3ee003ae27b47027f38d80bc47d8d0384a52ccc8d300ff482e\\test_snapshot.110.dat","txoutset_hash":"1ebbf5850204c0bdb15bf030f47c7fe91d45c44c712697e4509ba67adb01c618","nchaintx":111}
Wrote UTXO snapshot to C:\Users\ContainerAdministrator\AppData\Local\Temp\test_common_Bitcoin Core\2ac95ca397a66a3ee003ae27b47027f38d80bc47d8d0384a52ccc8d300ff482e\test_snapshot.110.dat: {"coins_written":110,"base_hash":"696e92821f65549c7ee134edceeeeaaa4105647a3c4fd9f298c0aec0ab50425c","base_height":110,"path":"C:\\Users\\ContainerAdministrator\\AppData\\Local\\Temp\\test_common_Bitcoin Core\\2ac95ca397a66a3ee003ae27b47027f38d80bc47d8d0384a52ccc8d300ff482e\\test_snapshot.110.dat","txoutset_hash":"1ebbf5850204c0bdb15bf030f47c7fe91d45c44c712697e4509ba67adb01c618","nchaintx":111}
Wrote UTXO snapshot to C:\Users\ContainerAdministrator\AppData\Local\Temp\test_common_Bitcoin Core\2ac95ca397a66a3ee003ae27b47027f38d80bc47d8d0384a52ccc8d300ff482e\test_snapshot.110.dat: {"coins_written":110,"base_hash":"696e92821f65549c7ee134edceeeeaaa4105647a3c4fd9f298c0aec0ab50425c","base_height":110,"path":"C:\\Users\\ContainerAdministrator\\AppData\\Local\\Temp\\test_common_Bitcoin Core\\2ac95ca397a66a3ee003ae27b47027f38d80bc47d8d0384a52ccc8d300ff482e\\test_snapshot.110.dat","txoutset_hash":"1ebbf5850204c0bdb15bf030f47c7fe91d45c44c712697e4509ba67adb01c618","nchaintx":111}
Wrote UTXO snapshot to C:\Users\ContainerAdministrator\AppData\Local\Temp\test_common_Bitcoin Core\2ac95ca397a66a3ee003ae27b47027f38d80bc47d8d0384a52ccc8d300ff482e\test_snapshot.110.dat: {"coins_written":110,"base_hash":"696e92821f65549c7ee134edceeeeaaa4105647a3c4fd9f298c0aec0ab50425c","base_height":110,"path":"C:\\Users\\ContainerAdministrator\\AppData\\Local\\Temp\\test_common_Bitcoin Core\\2ac95ca397a66a3ee003ae27b47027f38d80bc47d8d0384a52ccc8d300ff482e\\test_snapshot.110.dat","txoutset_hash":"1ebbf5850204c0bdb15bf030f47c7fe91d45c44c712697e4509ba67adb01c618","nchaintx":111}
Wrote UTXO snapshot to C:\Users\ContainerAdministrator\AppData\Local\Temp\test_common_Bitcoin Core\2ac95ca397a66a3ee003ae27b47027f38d80bc47d8d0384a52ccc8d300ff482e\test_snapshot.110.dat: {"coins_written":110,"base_hash":"696e92821f65549c7ee134edceeeeaaa4105647a3c4fd9f298c0aec0ab50425c","base_height":110,"path":"C:\\Users\\ContainerAdministrator\\AppData\\Local\\Temp\\test_common_Bitcoin Core\\2ac95ca397a66a3ee003ae27b47027f38d80bc47d8d0384a52ccc8d300ff482e\\test_snapshot.110.dat","txoutset_hash":"1ebbf5850204c0bdb15bf030f47c7fe91d45c44c712697e4509ba67adb01c618","nchaintx":111}
Checking coins in Chainstate [ibd] @ height 110 (696e92821f65549c7ee134edceeeeaaa4105647a3c4fd9f298c0aec0ab50425c)
Checking coins in Chainstate [snapshot] @ height 110 (696e92821f65549c7ee134edceeeeaaa4105647a3c4fd9f298c0aec0ab50425c)
Checking coins in Chainstate [ibd] @ height 110 (696e92821f65549c7ee134edceeeeaaa4105647a3c4fd9f298c0aec0ab50425c)
Checking coins in Chainstate [snapshot] @ height 210 (4fe08ff1d78843f1b6f0d2b80fee9af49b3c945368e585b8aed1807c89d14804)
Wrote UTXO snapshot to C:\Users\ContainerAdministrator\AppData\Local\Temp\test_common_Bitcoin Core\2ac95ca397a66a3ee003ae27b47027f38d80bc47d8d0384a52ccc8d300ff482e\test_snapshot.210.dat: {"coins_written":210,"base_hash":"4fe08ff1d78843f1b6f0d2b80fee9af49b3c945368e585b8aed1807c89d14804","base_height":210,"path":"C:\\Users\\ContainerAdministrator\\AppData\\Local\\Temp\\test_common_Bitcoin Core\\2ac95ca397a66a3ee003ae27b47027f38d80bc47d8d0384a52ccc8d300ff482e\\test_snapshot.210.dat","txoutset_hash":"ab72109d468c28f4b76d6e51644918a52bdefd0374313f96027d71db557a7fd5","nchaintx":210}
C:\Users\ContainerAdministrator\AppData\Local\Temp\cirrus-ci-build\src\test\validation_chainstatemanager_tests.cpp(158): Leaving test case "chainstatemanager_activate_snapshot"; testing time: 1176545us
C:\Users\ContainerAdministrator\AppData\Local\Temp\cirrus-ci-build\src\test\validation_chainstatemanager_tests.cpp(325): Entering test case "chainstatemanager_loadblockindex"
C:\Users\ContainerAdministrator\AppData\Local\Temp\cirrus-ci-build\src\test\validation_chainstatemanager_tests.cpp(325): Leaving test case "chainstatemanager_loadblockindex"; testing time: 523961us
C:\Users\ContainerAdministrator\AppData\Local\Temp\cirrus-ci-build\src\test\validation_chainstatemanager_tests.cpp(25): Leaving test suite "validation_chainstatemanager_tests"; testing time: 1765371us
C:\Users\ContainerAdministrator\AppData\Local\Temp\cirrus-ci-build\src\test\validation_chainstate_tests.cpp(20): Entering test suite "validation_chainstate_tests"
C:\Users\ContainerAdministrator\AppData\Local\Temp\cirrus-ci-build\src\test\validation_chainstate_tests.cpp(24): Entering test case "validation_chainstate_resize_caches"
C:\Users\ContainerAdministrator\AppData\Local\Temp\cirrus-ci-build\src\test\validation_chainstate_tests.cpp(24): Leaving test case "validation_chainstate_resize_caches"; testing time: 35724us
C:\Users\ContainerAdministrator\AppData\Local\Temp\cirrus-ci-build\src\test\validation_chainstate_tests.cpp(87): Entering test case "chainstate_update_tip"
Wrote UTXO snapshot to C:\Users\ContainerAdministrator\AppData\Local\Temp\test_common_Bitcoin Core\265f6ddb8aae7a00d536dd8142eddbbecc037d4aa9db0b17463f2ef16bda96ae\test_snapshot.110.dat: {"coins_written":110,"base_hash":"696e92821f65549c7ee134edceeeeaaa4105647a3c4fd9f298c0aec0ab50425c","base_height":110,"path":"C:\\Users\\ContainerAdministrator\\AppData\\Local\\Temp\\test_common_Bitcoin Core\\265f6ddb8aae7a00d536dd8142eddbbecc037d4aa9db0b17463f2ef16bda96ae\\test_snapshot.110.dat","txoutset_hash":"1ebbf5850204c0bdb15bf030f47c7fe91d45c44c712697e4509ba67adb01c618","nchaintx":111}
C:\Users\ContainerAdministrator\AppData\Local\Temp\cirrus-ci-build\src\test\validation_chainstate_tests.cpp(87): Leaving test case "chainstate_update_tip"; testing time: 577838us
C:\Users\ContainerAdministrator\AppData\Local\Temp\cirrus-ci-build\src\test\validation_chainstate_tests.cpp(20): Leaving test suite "validation_chainstate_tests"; testing time: 613765us
C:\Users\ContainerAdministrator\AppData\Local\Temp\cirrus-ci-build\src\test\validation_flush_tests.cpp(14): Entering test suite "validation_flush_tests"
C:\Users\ContainerAdministrator\AppData\Local\Temp\cirrus-ci-build\src\test\validation_flush_tests.cpp(21): Entering test case "getcoinscachesizestate"
Exiting cache flush tests early due to unsupported arch
C:\Users\ContainerAdministrator\AppData\Local\Temp\cirrus-ci-build\src\test\validation_flush_tests.cpp(21): Leaving test case "getcoinscachesizestate"; testing time: 19806us
C:\Users\ContainerAdministrator\AppData\Local\Temp\cirrus-ci-build\src\test\validation_flush_tests.cpp(14): Leaving test suite "validation_flush_tests"; testing time: 19902us
C:\Users\ContainerAdministrator\AppData\Local\Temp\cirrus-ci-build\src\test\validation_tests.cpp(16): Entering test suite "validation_tests"
C:\Users\ContainerAdministrator\AppData\Local\Temp\cirrus-ci-build\src\test\validation_tests.cpp(42): Entering test case "block_subsidy_test"
C:\Users\ContainerAdministrator\AppData\Local\Temp\cirrus-ci-build\src\test\validation_tests.cpp(42): Leaving test case "block_subsidy_test"; testing time: 33588us
C:\Users\ContainerAdministrator\AppData\Local\Temp\cirrus-ci-build\src\test\validation_tests.cpp(50): Entering test case "subsidy_limit_test"
C:\Users\ContainerAdministrator\AppData\Local\Temp\cirrus-ci-build\src\test\validation_tests.cpp(50): Leaving test case "subsidy_limit_test"; testing time: 74401us
C:\Users\ContainerAdministrator\AppData\Local\Temp\cirrus-ci-build\src\test\validation_tests.cpp(63): Entering test case "signet_parse_tests"
C:\Users\ContainerAdministrator\AppData\Local\Temp\cirrus-ci-build\src\test\validation_tests.cpp(63): Leaving test case "signet_parse_tests"; testing time: 22372us
C:\Users\ContainerAdministrator\AppData\Local\Temp\cirrus-ci-build\src\test\validation_tests.cpp(125): Entering test case "test_assumeutxo"
C:\Users\ContainerAdministrator\AppData\Local\Temp\cirrus-ci-build\src\test\validation_tests.cpp(125): Leaving test case "test_assumeutxo"; testing time: 21268us
C:\Users\ContainerAdministrator\AppData\Local\Temp\cirrus-ci-build\src\test\validation_tests.cpp(16): Leaving test suite "validation_tests"; testing time: 152051us
C:\Users\ContainerAdministrator\AppData\Local\Temp\cirrus-ci-build\src\test\versionbits_tests.cpp(185): Entering test suite "versionbits_tests"
C:\Users\ContainerAdministrator\AppData\Local\Temp\cirrus-ci-build\src\test\versionbits_tests.cpp(187): Entering test case "versionbits_test"
C:\Users\ContainerAdministrator\AppData\Local\Temp\cirrus-ci-build\src\test\versionbits_tests.cpp(187): Leaving test case "versionbits_test"; testing time: 2291294us
C:\Users\ContainerAdministrator\AppData\Local\Temp\cirrus-ci-build\src\test\versionbits_tests.cpp(414): Entering test case "versionbits_computeblockversion"
C:\Users\ContainerAdministrator\AppData\Local\Temp\cirrus-ci-build\src\test\versionbits_tests.cpp(414): Leaving test case "versionbits_computeblockversion"; testing time: 585288us
C:\Users\ContainerAdministrator\AppData\Local\Temp\cirrus-ci-build\src\test\versionbits_tests.cpp(185): Leaving test suite "versionbits_tests"; testing time: 2876783us
C:\Users\ContainerAdministrator\AppData\Local\Temp\cirrus-ci-build\src\wallet\test\coinselector_tests.cpp(22): Entering test suite "coinselector_tests"
C:\Users\ContainerAdministrator\AppData\Local\Temp\cirrus-ci-build\src\wallet\test\coinselector_tests.cpp(164): Entering test case "bnb_search_test"
C:\Users\ContainerAdministrator\AppData\Local\Temp\cirrus-ci-build\src\wallet\test\coinselector_tests.cpp(164): Leaving test case "bnb_search_test"; testing time: 12264235us
C:\Users\ContainerAdministrator\AppData\Local\Temp\cirrus-ci-build\src\wallet\test\coinselector_tests.cpp(402): Entering test case "knapsack_solver_test"
C:\Users\ContainerAdministrator\AppData\Local\Temp\cirrus-ci-build\src\wallet\test\coinselector_tests.cpp(402): Leaving test case "knapsack_solver_test"; testing time: 19410340us
C:\Users\ContainerAdministrator\AppData\Local\Temp\cirrus-ci-build\src\wallet\test\coinselector_tests.cpp(714): Entering test case "ApproximateBestSubset"
C:\Users\ContainerAdministrator\AppData\Local\Temp\cirrus-ci-build\src\wallet\test\coinselector_tests.cpp(714): Leaving test case "ApproximateBestSubset"; testing time: 3961897us
C:\Users\ContainerAdministrator\AppData\Local\Temp\cirrus-ci-build\src\wallet\test\coinselector_tests.cpp(737): Entering test case "SelectCoins_test"
C:\Users\ContainerAdministrator\AppData\Local\Temp\cirrus-ci-build\src\wallet\test\coinselector_tests.cpp(737): Leaving test case "SelectCoins_test"; testing time: 8265463us
C:\Users\ContainerAdministrator\AppData\Local\Temp\cirrus-ci-build\src\wallet\test\coinselector_tests.cpp(789): Entering test case "waste_test"
C:\Users\ContainerAdministrator\AppData\Local\Temp\cirrus-ci-build\src\wallet\test\coinselector_tests.cpp(789): Leaving test case "waste_test"; testing time: 24214us
C:\Users\ContainerAdministrator\AppData\Local\Temp\cirrus-ci-build\src\wallet\test\coinselector_tests.cpp(871): Entering test case "effective_value_test"
C:\Users\ContainerAdministrator\AppData\Local\Temp\cirrus-ci-build\src\wallet\test\coinselector_tests.cpp(871): Leaving test case "effective_value_test"; testing time: 21906us
C:\Users\ContainerAdministrator\AppData\Local\Temp\cirrus-ci-build\src\wallet\test\coinselector_tests.cpp(22): Leaving test suite "coinselector_tests"; testing time: 43948718us
C:\Users\ContainerAdministrator\AppData\Local\Temp\cirrus-ci-build\src\wallet\test\db_tests.cpp(16): Entering test suite "db_tests"
C:\Users\ContainerAdministrator\AppData\Local\Temp\cirrus-ci-build\src\wallet\test\db_tests.cpp(25): Entering test case "getwalletenv_file"
C:\Users\ContainerAdministrator\AppData\Local\Temp\cirrus-ci-build\src\wallet\test\db_tests.cpp(25): Leaving test case "getwalletenv_file"; testing time: 11372us
C:\Users\ContainerAdministrator\AppData\Local\Temp\cirrus-ci-build\src\wallet\test\db_tests.cpp(39): Entering test case "getwalletenv_directory"
C:\Users\ContainerAdministrator\AppData\Local\Temp\cirrus-ci-build\src\wallet\test\db_tests.cpp(39): Leaving test case "getwalletenv_directory"; testing time: 11770us
C:\Users\ContainerAdministrator\AppData\Local\Temp\cirrus-ci-build\src\wallet\test\db_tests.cpp(50): Entering test case "getwalletenv_g_dbenvs_multiple"
C:\Users\ContainerAdministrator\AppData\Local\Temp\cirrus-ci-build\src\wallet\test\db_tests.cpp(50): Leaving test case "getwalletenv_g_dbenvs_multiple"; testing time: 11133us
C:\Users\ContainerAdministrator\AppData\Local\Temp\cirrus-ci-build\src\wallet\test\db_tests.cpp(64): Entering test case "getwalletenv_g_dbenvs_free_instance"
C:\Users\ContainerAdministrator\AppData\Local\Temp\cirrus-ci-build\src\wallet\test\db_tests.cpp(64): Leaving test case "getwalletenv_g_dbenvs_free_instance"; testing time: 11530us
C:\Users\ContainerAdministrator\AppData\Local\Temp\cirrus-ci-build\src\wallet\test\db_tests.cpp(16): Leaving test suite "db_tests"; testing time: 46198us
C:\Users\ContainerAdministrator\AppData\Local\Temp\cirrus-ci-build\src\wallet\test\init_tests.cpp(14): Entering test suite "init_tests"
C:\Users\ContainerAdministrator\AppData\Local\Temp\cirrus-ci-build\src\wallet\test\init_tests.cpp(16): Entering test case "walletinit_verify_walletdir_default"
C:\Users\ContainerAdministrator\AppData\Local\Temp\cirrus-ci-build\src\wallet\test\init_tests.cpp(16): Leaving test case "walletinit_verify_walletdir_default"; testing time: 15004us
C:\Users\ContainerAdministrator\AppData\Local\Temp\cirrus-ci-build\src\wallet\test\init_tests.cpp(26): Entering test case "walletinit_verify_walletdir_custom"
C:\Users\ContainerAdministrator\AppData\Local\Temp\cirrus-ci-build\src\wallet\test\init_tests.cpp(26): Leaving test case "walletinit_verify_walletdir_custom"; testing time: 13480us
C:\Users\ContainerAdministrator\AppData\Local\Temp\cirrus-ci-build\src\wallet\test\init_tests.cpp(36): Entering test case "walletinit_verify_walletdir_does_not_exist"
C:\Users\ContainerAdministrator\AppData\Local\Temp\cirrus-ci-build\src\wallet\test\init_tests.cpp(36): Leaving test case "walletinit_verify_walletdir_does_not_exist"; testing time: 13460us
C:\Users\ContainerAdministrator\AppData\Local\Temp\cirrus-ci-build\src\wallet\test\init_tests.cpp(46): Entering test case "walletinit_verify_walletdir_is_not_directory"
C:\Users\ContainerAdministrator\AppData\Local\Temp\cirrus-ci-build\src\wallet\test\init_tests.cpp(46): Leaving test case "walletinit_verify_walletdir_is_not_directory"; testing time: 13445us
C:\Users\ContainerAdministrator\AppData\Local\Temp\cirrus-ci-build\src\wallet\test\init_tests.cpp(56): Entering test case "walletinit_verify_walletdir_is_not_relative"
C:\Users\ContainerAdministrator\AppData\Local\Temp\cirrus-ci-build\src\wallet\test\init_tests.cpp(56): Leaving test case "walletinit_verify_walletdir_is_not_relative"; testing time: 13645us
C:\Users\ContainerAdministrator\AppData\Local\Temp\cirrus-ci-build\src\wallet\test\init_tests.cpp(66): Entering test case "walletinit_verify_walletdir_no_trailing"
C:\Users\ContainerAdministrator\AppData\Local\Temp\cirrus-ci-build\src\wallet\test\init_tests.cpp(66): Leaving test case "walletinit_verify_walletdir_no_trailing"; testing time: 13769us
C:\Users\ContainerAdministrator\AppData\Local\Temp\cirrus-ci-build\src\wallet\test\init_tests.cpp(76): Entering test case "walletinit_verify_walletdir_no_trailing2"
C:\Users\ContainerAdministrator\AppData\Local\Temp\cirrus-ci-build\src\wallet\test\init_tests.cpp(76): Leaving test case "walletinit_verify_walletdir_no_trailing2"; testing time: 13993us
C:\Users\ContainerAdministrator\AppData\Local\Temp\cirrus-ci-build\src\wallet\test\init_tests.cpp(14): Leaving test suite "init_tests"; testing time: 97410us
C:\Users\ContainerAdministrator\AppData\Local\Temp\cirrus-ci-build\src\wallet\test\ismine_tests.cpp(17): Entering test suite "ismine_tests"
C:\Users\ContainerAdministrator\AppData\Local\Temp\cirrus-ci-build\src\wallet\test\ismine_tests.cpp(19): Entering test case "ismine_standard"
C:\Users\ContainerAdministrator\AppData\Local\Temp\cirrus-ci-build\src\wallet\test\ismine_tests.cpp(19): Leaving test case "ismine_standard"; testing time: 29889us
C:\Users\ContainerAdministrator\AppData\Local\Temp\cirrus-ci-build\src\wallet\test\ismine_tests.cpp(17): Leaving test suite "ismine_tests"; testing time: 29975us
C:\Users\ContainerAdministrator\AppData\Local\Temp\cirrus-ci-build\src\wallet\test\psbt_wallet_tests.cpp(15): Entering test suite "psbt_wallet_tests"
C:\Users\ContainerAdministrator\AppData\Local\Temp\cirrus-ci-build\src\wallet\test\psbt_wallet_tests.cpp(29): Entering test case "psbt_updater_test"
C:\Users\ContainerAdministrator\AppData\Local\Temp\cirrus-ci-build\src\wallet\test\psbt_wallet_tests.cpp(29): Leaving test case "psbt_updater_test"; testing time: 1682568us
C:\Users\ContainerAdministrator\AppData\Local\Temp\cirrus-ci-build\src\wallet\test\psbt_wallet_tests.cpp(73): Entering test case "parse_hd_keypath"
C:\Users\ContainerAdministrator\AppData\Local\Temp\cirrus-ci-build\src\wallet\test\psbt_wallet_tests.cpp(73): Leaving test case "parse_hd_keypath"; testing time: 23528us
C:\Users\ContainerAdministrator\AppData\Local\Temp\cirrus-ci-build\src\wallet\test\psbt_wallet_tests.cpp(15): Leaving test suite "psbt_wallet_tests"; testing time: 1706310us
C:\Users\ContainerAdministrator\AppData\Local\Temp\cirrus-ci-build\src\wallet\test\scriptpubkeyman_tests.cpp(14): Entering test suite "scriptpubkeyman_tests"
C:\Users\ContainerAdministrator\AppData\Local\Temp\cirrus-ci-build\src\wallet\test\scriptpubkeyman_tests.cpp(18): Entering test case "CanProvide"
C:\Users\ContainerAdministrator\AppData\Local\Temp\cirrus-ci-build\src\wallet\test\scriptpubkeyman_tests.cpp(18): Leaving test case "CanProvide"; testing time: 11538us
C:\Users\ContainerAdministrator\AppData\Local\Temp\cirrus-ci-build\src\wallet\test\scriptpubkeyman_tests.cpp(14): Leaving test suite "scriptpubkeyman_tests"; testing time: 11627us
C:\Users\ContainerAdministrator\AppData\Local\Temp\cirrus-ci-build\src\wallet\test\spend_tests.cpp(16): Entering test suite "spend_tests"
C:\Users\ContainerAdministrator\AppData\Local\Temp\cirrus-ci-build\src\wallet\test\spend_tests.cpp(18): Entering test case "SubtractFee"
C:\Users\ContainerAdministrator\AppData\Local\Temp\cirrus-ci-build\src\wallet\test\spend_tests.cpp(18): Leaving test case "SubtractFee"; testing time: 4619268us
C:\Users\ContainerAdministrator\AppData\Local\Temp\cirrus-ci-build\src\wallet\test\spend_tests.cpp(79): Entering test case "FillInputToWeightTest"
C:\Users\ContainerAdministrator\AppData\Local\Temp\cirrus-ci-build\src\wallet\test\spend_tests.cpp(79): Leaving test case "FillInputToWeightTest"; testing time: 11297us
C:\Users\ContainerAdministrator\AppData\Local\Temp\cirrus-ci-build\src\wallet\test\spend_tests.cpp(16): Leaving test suite "spend_tests"; testing time: 4630801us
C:\Users\ContainerAdministrator\AppData\Local\Temp\cirrus-ci-build\src\wallet\test\walletdb_tests.cpp(13): Entering test suite "walletdb_tests"
C:\Users\ContainerAdministrator\AppData\Local\Temp\cirrus-ci-build\src\wallet\test\walletdb_tests.cpp(15): Entering test case "walletdb_readkeyvalue"
C:\Users\ContainerAdministrator\AppData\Local\Temp\cirrus-ci-build\src\wallet\test\walletdb_tests.cpp(15): Leaving test case "walletdb_readkeyvalue"; testing time: 11019us
C:\Users\ContainerAdministrator\AppData\Local\Temp\cirrus-ci-build\src\wallet\test\walletdb_tests.cpp(13): Leaving test suite "walletdb_tests"; testing time: 11144us
C:\Users\ContainerAdministrator\AppData\Local\Temp\cirrus-ci-build\src\wallet\test\wallet_crypto_tests.cpp(14): Entering test suite "wallet_crypto_tests"
C:\Users\ContainerAdministrator\AppData\Local\Temp\cirrus-ci-build\src\wallet\test\wallet_crypto_tests.cpp(75): Entering test case "passphrase"
C:\Users\ContainerAdministrator\AppData\Local\Temp\cirrus-ci-build\src\wallet\test\wallet_crypto_tests.cpp(75): Leaving test case "passphrase"; testing time: 4597065us
C:\Users\ContainerAdministrator\AppData\Local\Temp\cirrus-ci-build\src\wallet\test\wallet_crypto_tests.cpp(91): Entering test case "encrypt"
C:\Users\ContainerAdministrator\AppData\Local\Temp\cirrus-ci-build\src\wallet\test\wallet_crypto_tests.cpp(91): Leaving test case "encrypt"; testing time: 196892us
C:\Users\ContainerAdministrator\AppData\Local\Temp\cirrus-ci-build\src\wallet\test\wallet_crypto_tests.cpp(106): Entering test case "decrypt"
C:\Users\ContainerAdministrator\AppData\Local\Temp\cirrus-ci-build\src\wallet\test\wallet_crypto_tests.cpp(106): Leaving test case "decrypt"; testing time: 68208us
C:\Users\ContainerAdministrator\AppData\Local\Temp\cirrus-ci-build\src\wallet\test\wallet_crypto_tests.cpp(14): Leaving test suite "wallet_crypto_tests"; testing time: 4862472us
C:\Users\ContainerAdministrator\AppData\Local\Temp\cirrus-ci-build\src\wallet\test\wallet_tests.cpp(46): Entering test suite "wallet_tests"
C:\Users\ContainerAdministrator\AppData\Local\Temp\cirrus-ci-build\src\wallet\test\wallet_tests.cpp(96): Entering test case "scan_for_wallet_transactions"
C:\Users\ContainerAdministrator\AppData\Local\Temp\cirrus-ci-build\src\wallet\test\wallet_tests.cpp(96): Leaving test case "scan_for_wallet_transactions"; testing time: 854586us
C:\Users\ContainerAdministrator\AppData\Local\Temp\cirrus-ci-build\src\wallet\test\wallet_tests.cpp(200): Entering test case "importmulti_rescan"
C:\Users\ContainerAdministrator\AppData\Local\Temp\cirrus-ci-build\src\wallet\test\wallet_tests.cpp(200): Leaving test case "importmulti_rescan"; testing time: 789341us
C:\Users\ContainerAdministrator\AppData\Local\Temp\cirrus-ci-build\src\wallet\test\wallet_tests.cpp(266): Entering test case "importwallet_rescan"
C:\Users\ContainerAdministrator\AppData\Local\Temp\cirrus-ci-build\src\wallet\test\wallet_tests.cpp(266): Leaving test case "importwallet_rescan"; testing time: 544919us
C:\Users\ContainerAdministrator\AppData\Local\Temp\cirrus-ci-build\src\wallet\test\wallet_tests.cpp(340): Entering test case "coin_mark_dirty_immature_credit"
C:\Users\ContainerAdministrator\AppData\Local\Temp\cirrus-ci-build\src\wallet\test\wallet_tests.cpp(340): Leaving test case "coin_mark_dirty_immature_credit"; testing time: 4258810us
C:\Users\ContainerAdministrator\AppData\Local\Temp\cirrus-ci-build\src\wallet\test\wallet_tests.cpp(390): Entering test case "ComputeTimeSmart"
C:\Users\ContainerAdministrator\AppData\Local\Temp\cirrus-ci-build\src\wallet\test\wallet_tests.cpp(390): Leaving test case "ComputeTimeSmart"; testing time: 24130us
C:\Users\ContainerAdministrator\AppData\Local\Temp\cirrus-ci-build\src\wallet\test\wallet_tests.cpp(413): Entering test case "LoadReceiveRequests"
C:\Users\ContainerAdministrator\AppData\Local\Temp\cirrus-ci-build\src\wallet\test\wallet_tests.cpp(413): Leaving test case "LoadReceiveRequests"; testing time: 23576us
C:\Users\ContainerAdministrator\AppData\Local\Temp\cirrus-ci-build\src\wallet\test\wallet_tests.cpp(474): Entering test case "WatchOnlyPubKeys"
C:\Users\ContainerAdministrator\AppData\Local\Temp\cirrus-ci-build\src\wallet\test\wallet_tests.cpp(474): Leaving test case "WatchOnlyPubKeys"; testing time: 23878us
C:\Users\ContainerAdministrator\AppData\Local\Temp\cirrus-ci-build\src\wallet\test\wallet_tests.cpp(552): Entering test case "ListCoinsTest"
C:\Users\ContainerAdministrator\AppData\Local\Temp\cirrus-ci-build\src\wallet\test\wallet_tests.cpp(552): Leaving test case "ListCoinsTest"; testing time: 4502194us
C:\Users\ContainerAdministrator\AppData\Local\Temp\cirrus-ci-build\src\wallet\test\wallet_tests.cpp(609): Entering test case "wallet_disableprivkeys"
C:\Users\ContainerAdministrator\AppData\Local\Temp\cirrus-ci-build\src\wallet\test\wallet_tests.cpp(609): Leaving test case "wallet_disableprivkeys"; testing time: 511856us
C:\Users\ContainerAdministrator\AppData\Local\Temp\cirrus-ci-build\src\wallet\test\wallet_tests.cpp(670): Entering test case "dummy_input_size_test"
C:\Users\ContainerAdministrator\AppData\Local\Temp\cirrus-ci-build\src\wallet\test\wallet_tests.cpp(670): Leaving test case "dummy_input_size_test"; testing time: 481691us
C:\Users\ContainerAdministrator\AppData\Local\Temp\cirrus-ci-build\src\wallet\test\wallet_tests.cpp(682): Entering test case "wallet_descriptor_test"
C:\Users\ContainerAdministrator\AppData\Local\Temp\cirrus-ci-build\src\wallet\test\wallet_tests.cpp(682): Leaving test case "wallet_descriptor_test"; testing time: 10454us
C:\Users\ContainerAdministrator\AppData\Local\Temp\cirrus-ci-build\src\wallet\test\wallet_tests.cpp(715): Entering test case "CreateWallet"
C:\Users\ContainerAdministrator\AppData\Local\Temp\cirrus-ci-build\src\wallet\test\wallet_tests.cpp(715): Leaving test case "CreateWallet"; testing time: 12342548us
C:\Users\ContainerAdministrator\AppData\Local\Temp\cirrus-ci-build\src\wallet\test\wallet_tests.cpp(810): Entering test case "CreateWalletWithoutChain"
C:\Users\ContainerAdministrator\AppData\Local\Temp\cirrus-ci-build\src\wallet\test\wallet_tests.cpp(810): Leaving test case "CreateWalletWithoutChain"; testing time: 4080618us
C:\Users\ContainerAdministrator\AppData\Local\Temp\cirrus-ci-build\src\wallet\test\wallet_tests.cpp(819): Entering test case "ZapSelectTx"
C:\Users\ContainerAdministrator\AppData\Local\Temp\cirrus-ci-build\src\wallet\test\wallet_tests.cpp(819): Leaving test case "ZapSelectTx"; testing time: 4677691us
C:\Users\ContainerAdministrator\AppData\Local\Temp\cirrus-ci-build\src\wallet\test\wallet_tests.cpp(46): Leaving test suite "wallet_tests"; testing time: 33127767us
C:\Users\ContainerAdministrator\AppData\Local\Temp\cirrus-ci-build\src\wallet\test\wallet_transaction_tests.cpp(12): Entering test suite "wallet_transaction_tests"
C:\Users\ContainerAdministrator\AppData\Local\Temp\cirrus-ci-build\src\wallet\test\wallet_transaction_tests.cpp(14): Entering test case "roundtrip"
C:\Users\ContainerAdministrator\AppData\Local\Temp\cirrus-ci-build\src\wallet\test\wallet_transaction_tests.cpp(14): Leaving test case "roundtrip"; testing time: 23490us
C:\Users\ContainerAdministrator\AppData\Local\Temp\cirrus-ci-build\src\wallet\test\wallet_transaction_tests.cpp(12): Leaving test suite "wallet_transaction_tests"; testing time: 23581us
Leaving test module "Bitcoin Core Test Suite"; testing time: 383677529us

*** 14 failures are detected in the test module "Bitcoin Core Test Suite"

C:\Users\ContainerAdministrator\AppData\Local\Temp\cirrus-ci-build>if 201 NEQ 0 exit /b 201 

Exit status: 201