./ci/test_run_all.sh
Setting specific values in env
Fallback to default values in env (if not yet set)
CCACHE_TEMPDIR=/tmp/.ccache-temp
BASE_OUTDIR=/tmp/cirrus-ci-build/ci/scratch/out/x86_64-apple-darwin
TSAN_OPTIONS=suppressions=/tmp/cirrus-ci-build/test/sanitizer_suppressions/tsan:halt_on_error=1:log_path=/tmp/cirrus-ci-build/ci/scratch/sanitizer-output/tsan
CCACHE_SIZE=200M
CCACHE_DIR=/tmp/ccache_dir
BASE_BUILD_DIR=/tmp/cirrus-ci-build/ci/scratch/build
BASE_ROOT_DIR=/tmp/cirrus-ci-build
CCACHE_COMPRESS=1
ASAN_OPTIONS=detect_stack_use_after_return=1:check_initialization_order=1:strict_init_order=1
LSAN_OPTIONS=suppressions=/tmp/cirrus-ci-build/test/sanitizer_suppressions/lsan
BOOST_TEST_RANDOM=1
BITCOIN_CONFIG=--with-gui --enable-reduce-exports
UBSAN_OPTIONS=suppressions=/tmp/cirrus-ci-build/test/sanitizer_suppressions/ubsan:print_stacktrace=1:halt_on_error=1:report_error_type=1
BASE_SCRATCH_DIR=/tmp/cirrus-ci-build/ci/scratch
CCACHE_NOHASHDIR=1
LC_ALL=C.UTF-8
PREVIOUS_RELEASES_DIR=/tmp/cirrus-ci-build/releases/x86_64-apple-darwin
DEBIAN_FRONTEND=noninteractive
Running on host system without docker wrapper
Hit:1 http://security.ubuntu.com/ubuntu focal-security InRelease
Hit:2 http://archive.ubuntu.com/ubuntu focal InRelease
Hit:3 http://archive.ubuntu.com/ubuntu focal-updates InRelease
Hit:4 http://archive.ubuntu.com/ubuntu focal-backports InRelease
Reading package lists...
Reading package lists...
Building dependency tree...
Reading state information...
Skipping ca-certificates, it is already installed and upgrade is not set.
ca-certificates set to manually installed.
Skipping git, it is already installed and upgrade is not set.
Skipping procps, it is already installed and upgrade is not set.
The following additional packages will be installed:
  autoconf binutils binutils-common binutils-x86-64-linux-gnu cmake-data cpp
  cpp-9 dpkg-dev file g++ g++-9 gcc gcc-9 gcc-9-base libarchive13 libasan5
  libatomic1 libbinutils libburn4 libc-dev-bin libc6-dev libcc1-0 libcrypt-dev
  libctf-nobfd0 libctf0 libcurl4 libdpkg-perl libgcc-9-dev libglib2.0-0
  libgomp1 libicu66 libisl22 libisoburn1 libisofs6 libitm1 libjsoncpp1 libjte2
  liblsan0 libmagic-mgc libmagic1 libmpc3 libmpdec2 libmpfr6 libpopt0
  libpython3-stdlib libpython3.8-minimal libpython3.8-stdlib libquadmath0
  libreadline8 librhash0 libsigsegv2 libstdc++-9-dev libtsan0 libubsan1 libuv1
  libxml2 linux-libc-dev m4 make mime-support python3-distutils
  python3-lib2to3 python3-minimal python3-pkg-resources python3.8
  python3.8-minimal readline-common tzdata xz-utils
Suggested packages:
  autoconf-archive gnu-standards autoconf-doc gettext binutils-doc bison-doc
  wamerican | wordlist whois vacation distcc | icecc cmake-doc ninja-build
  cpp-doc gcc-9-locales debian-keyring g++-multilib g++-9-multilib gcc-9-doc
  gcc-multilib manpages-dev flex gdb gcc-doc gcc-9-multilib lrzip glibc-doc
  gnupg | gnupg2 bzr libstdc++-9-doc libtool-doc gfortran | fortran95-compiler
  gcj-jdk m4-doc make-doc python3-doc python3-tk python3-venv
  python-setuptools-doc python3.8-venv python3.8-doc binfmt-support
  readline-doc openssh-server xorriso-tcltk jigit cdck
Recommended packages:
  fakeroot gnupg | gnupg2 libalgorithm-merge-perl manpages manpages-dev
  libfile-fcntllock-perl liblocale-gettext-perl libglib2.0-data
  shared-mime-info xdg-user-dirs libltdl-dev
The following NEW packages will be installed:
  autoconf automake autotools-dev binutils binutils-common
  binutils-x86-64-linux-gnu bison bsdmainutils build-essential ccache cmake
  cmake-data cpp cpp-9 curl dpkg-dev file g++ g++-9 gcc gcc-9 gcc-9-base
  libarchive13 libasan5 libatomic1 libbinutils libburn4 libc-dev-bin libc6-dev
  libcc1-0 libcrypt-dev libctf-nobfd0 libctf0 libcurl4 libdpkg-perl
  libgcc-9-dev libglib2.0-0 libgomp1 libicu66 libisl22 libisoburn1 libisofs6
  libitm1 libjsoncpp1 libjte2 liblsan0 libmagic-mgc libmagic1 libmpc3
  libmpdec2 libmpfr6 libpopt0 libpython3-stdlib libpython3.8-minimal
  libpython3.8-stdlib libquadmath0 libreadline8 librhash0 libsigsegv2
  libstdc++-9-dev libtinfo5 libtool libtsan0 libubsan1 libuv1 libxml2
  linux-libc-dev m4 make mime-support pkg-config python3 python3-distutils
  python3-lib2to3 python3-minimal python3-pkg-resources python3-setuptools
  python3.8 python3.8-minimal readline-common rsync tzdata xorriso xz-utils
  zlib1g-dev
0 upgraded, 85 newly installed, 0 to remove and 0 not upgraded.
Need to get 70.2 MB of archives.
After this operation, 317 MB of additional disk space will be used.
Get:1 http://archive.ubuntu.com/ubuntu focal-updates/main amd64 libpython3.8-minimal amd64 3.8.10-0ubuntu1~20.04.5 [717 kB]
Get:2 http://archive.ubuntu.com/ubuntu focal-updates/main amd64 python3.8-minimal amd64 3.8.10-0ubuntu1~20.04.5 [1905 kB]
Get:3 http://archive.ubuntu.com/ubuntu focal/main amd64 python3-minimal amd64 3.8.2-0ubuntu2 [23.6 kB]
Get:4 http://archive.ubuntu.com/ubuntu focal/main amd64 mime-support all 3.64ubuntu1 [30.6 kB]
Get:5 http://archive.ubuntu.com/ubuntu focal/main amd64 libmpdec2 amd64 2.4.2-3 [81.1 kB]
Get:6 http://archive.ubuntu.com/ubuntu focal/main amd64 readline-common all 8.0-4 [53.5 kB]
Get:7 http://archive.ubuntu.com/ubuntu focal/main amd64 libreadline8 amd64 8.0-4 [131 kB]
Get:8 http://archive.ubuntu.com/ubuntu focal-updates/main amd64 libpython3.8-stdlib amd64 3.8.10-0ubuntu1~20.04.5 [1675 kB]
Get:9 http://archive.ubuntu.com/ubuntu focal-updates/main amd64 python3.8 amd64 3.8.10-0ubuntu1~20.04.5 [387 kB]
Get:10 http://archive.ubuntu.com/ubuntu focal/main amd64 libpython3-stdlib amd64 3.8.2-0ubuntu2 [7068 B]
Get:11 http://archive.ubuntu.com/ubuntu focal/main amd64 python3 amd64 3.8.2-0ubuntu2 [47.6 kB]
Get:12 http://archive.ubuntu.com/ubuntu focal/main amd64 libpopt0 amd64 1.16-14 [26.3 kB]
Get:13 http://archive.ubuntu.com/ubuntu focal-updates/main amd64 rsync amd64 3.1.3-8ubuntu0.4 [318 kB]
Get:14 http://archive.ubuntu.com/ubuntu focal/main amd64 libmagic-mgc amd64 1:5.38-4 [218 kB]
Get:15 http://archive.ubuntu.com/ubuntu focal/main amd64 libmagic1 amd64 1:5.38-4 [75.9 kB]
Get:16 http://archive.ubuntu.com/ubuntu focal/main amd64 file amd64 1:5.38-4 [23.3 kB]
Get:17 http://archive.ubuntu.com/ubuntu focal-updates/main amd64 libglib2.0-0 amd64 2.64.6-1~ubuntu20.04.4 [1287 kB]
Get:18 http://archive.ubuntu.com/ubuntu focal-updates/main amd64 tzdata all 2022c-0ubuntu0.20.04.0 [288 kB]
Get:19 http://archive.ubuntu.com/ubuntu focal-updates/main amd64 libicu66 amd64 66.1-2ubuntu2.1 [8515 kB]
Get:20 http://archive.ubuntu.com/ubuntu focal-updates/main amd64 libxml2 amd64 2.9.10+dfsg-5ubuntu0.20.04.4 [640 kB]
Get:21 http://archive.ubuntu.com/ubuntu focal/main amd64 python3-pkg-resources all 45.2.0-1 [130 kB]
Get:22 http://archive.ubuntu.com/ubuntu focal-updates/main amd64 xz-utils amd64 5.2.4-1ubuntu1.1 [82.6 kB]
Get:23 http://archive.ubuntu.com/ubuntu focal/main amd64 bsdmainutils amd64 11.1.2ubuntu3 [181 kB]
Get:24 http://archive.ubuntu.com/ubuntu focal-updates/main amd64 libuv1 amd64 1.34.2-1ubuntu1.3 [80.8 kB]
Get:25 http://archive.ubuntu.com/ubuntu focal/main amd64 libsigsegv2 amd64 2.12-2 [13.9 kB]
Get:26 http://archive.ubuntu.com/ubuntu focal/main amd64 m4 amd64 1.4.18-4 [199 kB]
Get:27 http://archive.ubuntu.com/ubuntu focal/main amd64 autoconf all 2.69-11.1 [321 kB]
Get:28 http://archive.ubuntu.com/ubuntu focal/main amd64 autotools-dev all 20180224.1 [39.6 kB]
Get:29 http://archive.ubuntu.com/ubuntu focal/main amd64 automake all 1:1.16.1-4ubuntu6 [522 kB]
Get:30 http://archive.ubuntu.com/ubuntu focal-updates/main amd64 binutils-common amd64 2.34-6ubuntu1.3 [207 kB]
Get:31 http://archive.ubuntu.com/ubuntu focal-updates/main amd64 libbinutils amd64 2.34-6ubuntu1.3 [474 kB]
Get:32 http://archive.ubuntu.com/ubuntu focal-updates/main amd64 libctf-nobfd0 amd64 2.34-6ubuntu1.3 [47.4 kB]
Get:33 http://archive.ubuntu.com/ubuntu focal-updates/main amd64 libctf0 amd64 2.34-6ubuntu1.3 [46.6 kB]
Get:34 http://archive.ubuntu.com/ubuntu focal-updates/main amd64 binutils-x86-64-linux-gnu amd64 2.34-6ubuntu1.3 [1613 kB]
Get:35 http://archive.ubuntu.com/ubuntu focal-updates/main amd64 binutils amd64 2.34-6ubuntu1.3 [3380 B]
Get:36 http://archive.ubuntu.com/ubuntu focal/main amd64 bison amd64 2:3.5.1+dfsg-1 [657 kB]
Get:37 http://archive.ubuntu.com/ubuntu focal-updates/main amd64 libc-dev-bin amd64 2.31-0ubuntu9.9 [71.8 kB]
Get:38 http://archive.ubuntu.com/ubuntu focal-updates/main amd64 linux-libc-dev amd64 5.4.0-125.141 [1100 kB]
Get:39 http://archive.ubuntu.com/ubuntu focal/main amd64 libcrypt-dev amd64 1:4.4.10-10ubuntu4 [104 kB]
Get:40 http://archive.ubuntu.com/ubuntu focal-updates/main amd64 libc6-dev amd64 2.31-0ubuntu9.9 [2519 kB]
Get:41 http://archive.ubuntu.com/ubuntu focal-updates/main amd64 gcc-9-base amd64 9.4.0-1ubuntu1~20.04.1 [19.4 kB]
Get:42 http://archive.ubuntu.com/ubuntu focal/main amd64 libisl22 amd64 0.22.1-1 [592 kB]
Get:43 http://archive.ubuntu.com/ubuntu focal/main amd64 libmpfr6 amd64 4.0.2-1 [240 kB]
Get:44 http://archive.ubuntu.com/ubuntu focal/main amd64 libmpc3 amd64 1.1.0-1 [40.8 kB]
Get:45 http://archive.ubuntu.com/ubuntu focal-updates/main amd64 cpp-9 amd64 9.4.0-1ubuntu1~20.04.1 [7500 kB]
Get:46 http://archive.ubuntu.com/ubuntu focal/main amd64 cpp amd64 4:9.3.0-1ubuntu2 [27.6 kB]
Get:47 http://archive.ubuntu.com/ubuntu focal-updates/main amd64 libcc1-0 amd64 10.3.0-1ubuntu1~20.04 [48.8 kB]
Get:48 http://archive.ubuntu.com/ubuntu focal-updates/main amd64 libgomp1 amd64 10.3.0-1ubuntu1~20.04 [102 kB]
Get:49 http://archive.ubuntu.com/ubuntu focal-updates/main amd64 libitm1 amd64 10.3.0-1ubuntu1~20.04 [26.2 kB]
Get:50 http://archive.ubuntu.com/ubuntu focal-updates/main amd64 libatomic1 amd64 10.3.0-1ubuntu1~20.04 [9284 B]
Get:51 http://archive.ubuntu.com/ubuntu focal-updates/main amd64 libasan5 amd64 9.4.0-1ubuntu1~20.04.1 [2751 kB]
Get:52 http://archive.ubuntu.com/ubuntu focal-updates/main amd64 liblsan0 amd64 10.3.0-1ubuntu1~20.04 [835 kB]
Get:53 http://archive.ubuntu.com/ubuntu focal-updates/main amd64 libtsan0 amd64 10.3.0-1ubuntu1~20.04 [2009 kB]
Get:54 http://archive.ubuntu.com/ubuntu focal-updates/main amd64 libubsan1 amd64 10.3.0-1ubuntu1~20.04 [784 kB]
Get:55 http://archive.ubuntu.com/ubuntu focal-updates/main amd64 libquadmath0 amd64 10.3.0-1ubuntu1~20.04 [146 kB]
Get:56 http://archive.ubuntu.com/ubuntu focal-updates/main amd64 libgcc-9-dev amd64 9.4.0-1ubuntu1~20.04.1 [2359 kB]
Get:57 http://archive.ubuntu.com/ubuntu focal-updates/main amd64 gcc-9 amd64 9.4.0-1ubuntu1~20.04.1 [8274 kB]
Get:58 http://archive.ubuntu.com/ubuntu focal/main amd64 gcc amd64 4:9.3.0-1ubuntu2 [5208 B]
Get:59 http://archive.ubuntu.com/ubuntu focal-updates/main amd64 libstdc++-9-dev amd64 9.4.0-1ubuntu1~20.04.1 [1722 kB]
Get:60 http://archive.ubuntu.com/ubuntu focal-updates/main amd64 g++-9 amd64 9.4.0-1ubuntu1~20.04.1 [8420 kB]
Get:61 http://archive.ubuntu.com/ubuntu focal/main amd64 g++ amd64 4:9.3.0-1ubuntu2 [1604 B]
Get:62 http://archive.ubuntu.com/ubuntu focal/main amd64 make amd64 4.2.1-1.2 [162 kB]
Get:63 http://archive.ubuntu.com/ubuntu focal-updates/main amd64 libdpkg-perl all 1.19.7ubuntu3.2 [231 kB]
Get:64 http://archive.ubuntu.com/ubuntu focal-updates/main amd64 dpkg-dev all 1.19.7ubuntu3.2 [679 kB]
Get:65 http://archive.ubuntu.com/ubuntu focal-updates/main amd64 build-essential amd64 12.8ubuntu1.1 [4664 B]
Get:66 http://archive.ubuntu.com/ubuntu focal/main amd64 ccache amd64 3.7.7-1 [121 kB]
Get:67 http://archive.ubuntu.com/ubuntu focal/main amd64 cmake-data all 3.16.3-1ubuntu1 [1612 kB]
Get:68 http://archive.ubuntu.com/ubuntu focal-updates/main amd64 libarchive13 amd64 3.4.0-2ubuntu1.2 [327 kB]
Get:69 http://archive.ubuntu.com/ubuntu focal-updates/main amd64 libcurl4 amd64 7.68.0-1ubuntu2.13 [235 kB]
Get:70 http://archive.ubuntu.com/ubuntu focal/main amd64 libjsoncpp1 amd64 1.7.4-3.1ubuntu2 [75.6 kB]
Get:71 http://archive.ubuntu.com/ubuntu focal/main amd64 librhash0 amd64 1.3.9-1 [113 kB]
Get:72 http://archive.ubuntu.com/ubuntu focal/main amd64 cmake amd64 3.16.3-1ubuntu1 [3669 kB]
Get:73 http://archive.ubuntu.com/ubuntu focal-updates/main amd64 curl amd64 7.68.0-1ubuntu2.13 [161 kB]
Get:74 http://archive.ubuntu.com/ubuntu focal/universe amd64 libburn4 amd64 1.5.2-1 [154 kB]
Get:75 http://archive.ubuntu.com/ubuntu focal/universe amd64 libjte2 amd64 1.22-3build1 [27.0 kB]
Get:76 http://archive.ubuntu.com/ubuntu focal/universe amd64 libisofs6 amd64 1.5.2-1 [194 kB]
Get:77 http://archive.ubuntu.com/ubuntu focal/universe amd64 libisoburn1 amd64 1.5.2-1 [372 kB]
Get:78 http://archive.ubuntu.com/ubuntu focal/universe amd64 libtinfo5 amd64 6.2-0ubuntu2 [83.0 kB]
Get:79 http://archive.ubuntu.com/ubuntu focal/main amd64 libtool all 2.4.6-14 [161 kB]
Get:80 http://archive.ubuntu.com/ubuntu focal/main amd64 pkg-config amd64 0.29.1-0ubuntu4 [45.5 kB]
Get:81 http://archive.ubuntu.com/ubuntu focal-updates/main amd64 python3-lib2to3 all 3.8.10-0ubuntu1~20.04 [76.3 kB]
Get:82 http://archive.ubuntu.com/ubuntu focal-updates/main amd64 python3-distutils all 3.8.10-0ubuntu1~20.04 [141 kB]
Get:83 http://archive.ubuntu.com/ubuntu focal/main amd64 python3-setuptools all 45.2.0-1 [330 kB]
Get:84 http://archive.ubuntu.com/ubuntu focal/universe amd64 xorriso amd64 1.5.2-1 [284 kB]
Get:85 http://archive.ubuntu.com/ubuntu focal-updates/main amd64 zlib1g-dev amd64 1:1.2.11.dfsg-2ubuntu1.3 [155 kB]
debconf: delaying package configuration, since apt-utils is not installed
Fetched 70.2 MB in 4s (16.2 MB/s)
Selecting previously unselected package libpython3.8-minimal:amd64.
(Reading database ... (Reading database ... 5%(Reading database ... 10%(Reading database ... 15%(Reading database ... 20%(Reading database ... 25%(Reading database ... 30%(Reading database ... 35%(Reading database ... 40%(Reading database ... 45%(Reading database ... 50%(Reading database ... 55%(Reading database ... 60%(Reading database ... 65%(Reading database ... 70%(Reading database ... 75%(Reading database ... 80%(Reading database ... 85%(Reading database ... 90%(Reading database ... 95%(Reading database ... 100%(Reading database ... 7946 files and directories currently installed.)
Preparing to unpack .../libpython3.8-minimal_3.8.10-0ubuntu1~20.04.5_amd64.deb ...
Unpacking libpython3.8-minimal:amd64 (3.8.10-0ubuntu1~20.04.5) ...
Selecting previously unselected package python3.8-minimal.
Preparing to unpack .../python3.8-minimal_3.8.10-0ubuntu1~20.04.5_amd64.deb ...
Unpacking python3.8-minimal (3.8.10-0ubuntu1~20.04.5) ...
Setting up libpython3.8-minimal:amd64 (3.8.10-0ubuntu1~20.04.5) ...
Setting up python3.8-minimal (3.8.10-0ubuntu1~20.04.5) ...
Selecting previously unselected package python3-minimal.
(Reading database ... (Reading database ... 5%(Reading database ... 10%(Reading database ... 15%(Reading database ... 20%(Reading database ... 25%(Reading database ... 30%(Reading database ... 35%(Reading database ... 40%(Reading database ... 45%(Reading database ... 50%(Reading database ... 55%(Reading database ... 60%(Reading database ... 65%(Reading database ... 70%(Reading database ... 75%(Reading database ... 80%(Reading database ... 85%(Reading database ... 90%(Reading database ... 95%(Reading database ... 100%(Reading database ... 8229 files and directories currently installed.)
Preparing to unpack .../0-python3-minimal_3.8.2-0ubuntu2_amd64.deb ...
Unpacking python3-minimal (3.8.2-0ubuntu2) ...
Selecting previously unselected package mime-support.
Preparing to unpack .../1-mime-support_3.64ubuntu1_all.deb ...
Unpacking mime-support (3.64ubuntu1) ...
Selecting previously unselected package libmpdec2:amd64.
Preparing to unpack .../2-libmpdec2_2.4.2-3_amd64.deb ...
Unpacking libmpdec2:amd64 (2.4.2-3) ...
Selecting previously unselected package readline-common.
Preparing to unpack .../3-readline-common_8.0-4_all.deb ...
Unpacking readline-common (8.0-4) ...
Selecting previously unselected package libreadline8:amd64.
Preparing to unpack .../4-libreadline8_8.0-4_amd64.deb ...
Unpacking libreadline8:amd64 (8.0-4) ...
Selecting previously unselected package libpython3.8-stdlib:amd64.
Preparing to unpack .../5-libpython3.8-stdlib_3.8.10-0ubuntu1~20.04.5_amd64.deb ...
Unpacking libpython3.8-stdlib:amd64 (3.8.10-0ubuntu1~20.04.5) ...
Selecting previously unselected package python3.8.
Preparing to unpack .../6-python3.8_3.8.10-0ubuntu1~20.04.5_amd64.deb ...
Unpacking python3.8 (3.8.10-0ubuntu1~20.04.5) ...
Selecting previously unselected package libpython3-stdlib:amd64.
Preparing to unpack .../7-libpython3-stdlib_3.8.2-0ubuntu2_amd64.deb ...
Unpacking libpython3-stdlib:amd64 (3.8.2-0ubuntu2) ...
Setting up python3-minimal (3.8.2-0ubuntu2) ...
Selecting previously unselected package python3.
(Reading database ... (Reading database ... 5%(Reading database ... 10%(Reading database ... 15%(Reading database ... 20%(Reading database ... 25%(Reading database ... 30%(Reading database ... 35%(Reading database ... 40%(Reading database ... 45%(Reading database ... 50%(Reading database ... 55%(Reading database ... 60%(Reading database ... 65%(Reading database ... 70%(Reading database ... 75%(Reading database ... 80%(Reading database ... 85%(Reading database ... 90%(Reading database ... 95%(Reading database ... 100%(Reading database ... 8653 files and directories currently installed.)
Preparing to unpack .../00-python3_3.8.2-0ubuntu2_amd64.deb ...
Unpacking python3 (3.8.2-0ubuntu2) ...
Selecting previously unselected package libpopt0:amd64.
Preparing to unpack .../01-libpopt0_1.16-14_amd64.deb ...
Unpacking libpopt0:amd64 (1.16-14) ...
Selecting previously unselected package rsync.
Preparing to unpack .../02-rsync_3.1.3-8ubuntu0.4_amd64.deb ...
Unpacking rsync (3.1.3-8ubuntu0.4) ...
Selecting previously unselected package libmagic-mgc.
Preparing to unpack .../03-libmagic-mgc_1%3a5.38-4_amd64.deb ...
Unpacking libmagic-mgc (1:5.38-4) ...
Selecting previously unselected package libmagic1:amd64.
Preparing to unpack .../04-libmagic1_1%3a5.38-4_amd64.deb ...
Unpacking libmagic1:amd64 (1:5.38-4) ...
Selecting previously unselected package file.
Preparing to unpack .../05-file_1%3a5.38-4_amd64.deb ...
Unpacking file (1:5.38-4) ...
Selecting previously unselected package libglib2.0-0:amd64.
Preparing to unpack .../06-libglib2.0-0_2.64.6-1~ubuntu20.04.4_amd64.deb ...
Unpacking libglib2.0-0:amd64 (2.64.6-1~ubuntu20.04.4) ...
Selecting previously unselected package tzdata.
Preparing to unpack .../07-tzdata_2022c-0ubuntu0.20.04.0_all.deb ...
Unpacking tzdata (2022c-0ubuntu0.20.04.0) ...
Selecting previously unselected package libicu66:amd64.
Preparing to unpack .../08-libicu66_66.1-2ubuntu2.1_amd64.deb ...
Unpacking libicu66:amd64 (66.1-2ubuntu2.1) ...
Selecting previously unselected package libxml2:amd64.
Preparing to unpack .../09-libxml2_2.9.10+dfsg-5ubuntu0.20.04.4_amd64.deb ...
Unpacking libxml2:amd64 (2.9.10+dfsg-5ubuntu0.20.04.4) ...
Selecting previously unselected package python3-pkg-resources.
Preparing to unpack .../10-python3-pkg-resources_45.2.0-1_all.deb ...
Unpacking python3-pkg-resources (45.2.0-1) ...
Selecting previously unselected package xz-utils.
Preparing to unpack .../11-xz-utils_5.2.4-1ubuntu1.1_amd64.deb ...
Unpacking xz-utils (5.2.4-1ubuntu1.1) ...
Selecting previously unselected package bsdmainutils.
Preparing to unpack .../12-bsdmainutils_11.1.2ubuntu3_amd64.deb ...
Unpacking bsdmainutils (11.1.2ubuntu3) ...
Selecting previously unselected package libuv1:amd64.
Preparing to unpack .../13-libuv1_1.34.2-1ubuntu1.3_amd64.deb ...
Unpacking libuv1:amd64 (1.34.2-1ubuntu1.3) ...
Selecting previously unselected package libsigsegv2:amd64.
Preparing to unpack .../14-libsigsegv2_2.12-2_amd64.deb ...
Unpacking libsigsegv2:amd64 (2.12-2) ...
Selecting previously unselected package m4.
Preparing to unpack .../15-m4_1.4.18-4_amd64.deb ...
Unpacking m4 (1.4.18-4) ...
Selecting previously unselected package autoconf.
Preparing to unpack .../16-autoconf_2.69-11.1_all.deb ...
Unpacking autoconf (2.69-11.1) ...
Selecting previously unselected package autotools-dev.
Preparing to unpack .../17-autotools-dev_20180224.1_all.deb ...
Unpacking autotools-dev (20180224.1) ...
Selecting previously unselected package automake.
Preparing to unpack .../18-automake_1%3a1.16.1-4ubuntu6_all.deb ...
Unpacking automake (1:1.16.1-4ubuntu6) ...
Selecting previously unselected package binutils-common:amd64.
Preparing to unpack .../19-binutils-common_2.34-6ubuntu1.3_amd64.deb ...
Unpacking binutils-common:amd64 (2.34-6ubuntu1.3) ...
Selecting previously unselected package libbinutils:amd64.
Preparing to unpack .../20-libbinutils_2.34-6ubuntu1.3_amd64.deb ...
Unpacking libbinutils:amd64 (2.34-6ubuntu1.3) ...
Selecting previously unselected package libctf-nobfd0:amd64.
Preparing to unpack .../21-libctf-nobfd0_2.34-6ubuntu1.3_amd64.deb ...
Unpacking libctf-nobfd0:amd64 (2.34-6ubuntu1.3) ...
Selecting previously unselected package libctf0:amd64.
Preparing to unpack .../22-libctf0_2.34-6ubuntu1.3_amd64.deb ...
Unpacking libctf0:amd64 (2.34-6ubuntu1.3) ...
Selecting previously unselected package binutils-x86-64-linux-gnu.
Preparing to unpack .../23-binutils-x86-64-linux-gnu_2.34-6ubuntu1.3_amd64.deb ...
Unpacking binutils-x86-64-linux-gnu (2.34-6ubuntu1.3) ...
Selecting previously unselected package binutils.
Preparing to unpack .../24-binutils_2.34-6ubuntu1.3_amd64.deb ...
Unpacking binutils (2.34-6ubuntu1.3) ...
Selecting previously unselected package bison.
Preparing to unpack .../25-bison_2%3a3.5.1+dfsg-1_amd64.deb ...
Unpacking bison (2:3.5.1+dfsg-1) ...
Selecting previously unselected package libc-dev-bin.
Preparing to unpack .../26-libc-dev-bin_2.31-0ubuntu9.9_amd64.deb ...
Unpacking libc-dev-bin (2.31-0ubuntu9.9) ...
Selecting previously unselected package linux-libc-dev:amd64.
Preparing to unpack .../27-linux-libc-dev_5.4.0-125.141_amd64.deb ...
Unpacking linux-libc-dev:amd64 (5.4.0-125.141) ...
Selecting previously unselected package libcrypt-dev:amd64.
Preparing to unpack .../28-libcrypt-dev_1%3a4.4.10-10ubuntu4_amd64.deb ...
Unpacking libcrypt-dev:amd64 (1:4.4.10-10ubuntu4) ...
Selecting previously unselected package libc6-dev:amd64.
Preparing to unpack .../29-libc6-dev_2.31-0ubuntu9.9_amd64.deb ...
Unpacking libc6-dev:amd64 (2.31-0ubuntu9.9) ...
Selecting previously unselected package gcc-9-base:amd64.
Preparing to unpack .../30-gcc-9-base_9.4.0-1ubuntu1~20.04.1_amd64.deb ...
Unpacking gcc-9-base:amd64 (9.4.0-1ubuntu1~20.04.1) ...
Selecting previously unselected package libisl22:amd64.
Preparing to unpack .../31-libisl22_0.22.1-1_amd64.deb ...
Unpacking libisl22:amd64 (0.22.1-1) ...
Selecting previously unselected package libmpfr6:amd64.
Preparing to unpack .../32-libmpfr6_4.0.2-1_amd64.deb ...
Unpacking libmpfr6:amd64 (4.0.2-1) ...
Selecting previously unselected package libmpc3:amd64.
Preparing to unpack .../33-libmpc3_1.1.0-1_amd64.deb ...
Unpacking libmpc3:amd64 (1.1.0-1) ...
Selecting previously unselected package cpp-9.
Preparing to unpack .../34-cpp-9_9.4.0-1ubuntu1~20.04.1_amd64.deb ...
Unpacking cpp-9 (9.4.0-1ubuntu1~20.04.1) ...
Selecting previously unselected package cpp.
Preparing to unpack .../35-cpp_4%3a9.3.0-1ubuntu2_amd64.deb ...
Unpacking cpp (4:9.3.0-1ubuntu2) ...
Selecting previously unselected package libcc1-0:amd64.
Preparing to unpack .../36-libcc1-0_10.3.0-1ubuntu1~20.04_amd64.deb ...
Unpacking libcc1-0:amd64 (10.3.0-1ubuntu1~20.04) ...
Selecting previously unselected package libgomp1:amd64.
Preparing to unpack .../37-libgomp1_10.3.0-1ubuntu1~20.04_amd64.deb ...
Unpacking libgomp1:amd64 (10.3.0-1ubuntu1~20.04) ...
Selecting previously unselected package libitm1:amd64.
Preparing to unpack .../38-libitm1_10.3.0-1ubuntu1~20.04_amd64.deb ...
Unpacking libitm1:amd64 (10.3.0-1ubuntu1~20.04) ...
Selecting previously unselected package libatomic1:amd64.
Preparing to unpack .../39-libatomic1_10.3.0-1ubuntu1~20.04_amd64.deb ...
Unpacking libatomic1:amd64 (10.3.0-1ubuntu1~20.04) ...
Selecting previously unselected package libasan5:amd64.
Preparing to unpack .../40-libasan5_9.4.0-1ubuntu1~20.04.1_amd64.deb ...
Unpacking libasan5:amd64 (9.4.0-1ubuntu1~20.04.1) ...
Selecting previously unselected package liblsan0:amd64.
Preparing to unpack .../41-liblsan0_10.3.0-1ubuntu1~20.04_amd64.deb ...
Unpacking liblsan0:amd64 (10.3.0-1ubuntu1~20.04) ...
Selecting previously unselected package libtsan0:amd64.
Preparing to unpack .../42-libtsan0_10.3.0-1ubuntu1~20.04_amd64.deb ...
Unpacking libtsan0:amd64 (10.3.0-1ubuntu1~20.04) ...
Selecting previously unselected package libubsan1:amd64.
Preparing to unpack .../43-libubsan1_10.3.0-1ubuntu1~20.04_amd64.deb ...
Unpacking libubsan1:amd64 (10.3.0-1ubuntu1~20.04) ...
Selecting previously unselected package libquadmath0:amd64.
Preparing to unpack .../44-libquadmath0_10.3.0-1ubuntu1~20.04_amd64.deb ...
Unpacking libquadmath0:amd64 (10.3.0-1ubuntu1~20.04) ...
Selecting previously unselected package libgcc-9-dev:amd64.
Preparing to unpack .../45-libgcc-9-dev_9.4.0-1ubuntu1~20.04.1_amd64.deb ...
Unpacking libgcc-9-dev:amd64 (9.4.0-1ubuntu1~20.04.1) ...
Selecting previously unselected package gcc-9.
Preparing to unpack .../46-gcc-9_9.4.0-1ubuntu1~20.04.1_amd64.deb ...
Unpacking gcc-9 (9.4.0-1ubuntu1~20.04.1) ...
Selecting previously unselected package gcc.
Preparing to unpack .../47-gcc_4%3a9.3.0-1ubuntu2_amd64.deb ...
Unpacking gcc (4:9.3.0-1ubuntu2) ...
Selecting previously unselected package libstdc++-9-dev:amd64.
Preparing to unpack .../48-libstdc++-9-dev_9.4.0-1ubuntu1~20.04.1_amd64.deb ...
Unpacking libstdc++-9-dev:amd64 (9.4.0-1ubuntu1~20.04.1) ...
Selecting previously unselected package g++-9.
Preparing to unpack .../49-g++-9_9.4.0-1ubuntu1~20.04.1_amd64.deb ...
Unpacking g++-9 (9.4.0-1ubuntu1~20.04.1) ...
Selecting previously unselected package g++.
Preparing to unpack .../50-g++_4%3a9.3.0-1ubuntu2_amd64.deb ...
Unpacking g++ (4:9.3.0-1ubuntu2) ...
Selecting previously unselected package make.
Preparing to unpack .../51-make_4.2.1-1.2_amd64.deb ...
Unpacking make (4.2.1-1.2) ...
Selecting previously unselected package libdpkg-perl.
Preparing to unpack .../52-libdpkg-perl_1.19.7ubuntu3.2_all.deb ...
Unpacking libdpkg-perl (1.19.7ubuntu3.2) ...
Selecting previously unselected package dpkg-dev.
Preparing to unpack .../53-dpkg-dev_1.19.7ubuntu3.2_all.deb ...
Unpacking dpkg-dev (1.19.7ubuntu3.2) ...
Selecting previously unselected package build-essential.
Preparing to unpack .../54-build-essential_12.8ubuntu1.1_amd64.deb ...
Unpacking build-essential (12.8ubuntu1.1) ...
Selecting previously unselected package ccache.
Preparing to unpack .../55-ccache_3.7.7-1_amd64.deb ...
Unpacking ccache (3.7.7-1) ...
Selecting previously unselected package cmake-data.
Preparing to unpack .../56-cmake-data_3.16.3-1ubuntu1_all.deb ...
Unpacking cmake-data (3.16.3-1ubuntu1) ...
Selecting previously unselected package libarchive13:amd64.
Preparing to unpack .../57-libarchive13_3.4.0-2ubuntu1.2_amd64.deb ...
Unpacking libarchive13:amd64 (3.4.0-2ubuntu1.2) ...
Selecting previously unselected package libcurl4:amd64.
Preparing to unpack .../58-libcurl4_7.68.0-1ubuntu2.13_amd64.deb ...
Unpacking libcurl4:amd64 (7.68.0-1ubuntu2.13) ...
Selecting previously unselected package libjsoncpp1:amd64.
Preparing to unpack .../59-libjsoncpp1_1.7.4-3.1ubuntu2_amd64.deb ...
Unpacking libjsoncpp1:amd64 (1.7.4-3.1ubuntu2) ...
Selecting previously unselected package librhash0:amd64.
Preparing to unpack .../60-librhash0_1.3.9-1_amd64.deb ...
Unpacking librhash0:amd64 (1.3.9-1) ...
Selecting previously unselected package cmake.
Preparing to unpack .../61-cmake_3.16.3-1ubuntu1_amd64.deb ...
Unpacking cmake (3.16.3-1ubuntu1) ...
Selecting previously unselected package curl.
Preparing to unpack .../62-curl_7.68.0-1ubuntu2.13_amd64.deb ...
Unpacking curl (7.68.0-1ubuntu2.13) ...
Selecting previously unselected package libburn4:amd64.
Preparing to unpack .../63-libburn4_1.5.2-1_amd64.deb ...
Unpacking libburn4:amd64 (1.5.2-1) ...
Selecting previously unselected package libjte2:amd64.
Preparing to unpack .../64-libjte2_1.22-3build1_amd64.deb ...
Unpacking libjte2:amd64 (1.22-3build1) ...
Selecting previously unselected package libisofs6:amd64.
Preparing to unpack .../65-libisofs6_1.5.2-1_amd64.deb ...
Unpacking libisofs6:amd64 (1.5.2-1) ...
Selecting previously unselected package libisoburn1:amd64.
Preparing to unpack .../66-libisoburn1_1.5.2-1_amd64.deb ...
Unpacking libisoburn1:amd64 (1.5.2-1) ...
Selecting previously unselected package libtinfo5:amd64.
Preparing to unpack .../67-libtinfo5_6.2-0ubuntu2_amd64.deb ...
Unpacking libtinfo5:amd64 (6.2-0ubuntu2) ...
Selecting previously unselected package libtool.
Preparing to unpack .../68-libtool_2.4.6-14_all.deb ...
Unpacking libtool (2.4.6-14) ...
Selecting previously unselected package pkg-config.
Preparing to unpack .../69-pkg-config_0.29.1-0ubuntu4_amd64.deb ...
Unpacking pkg-config (0.29.1-0ubuntu4) ...
Selecting previously unselected package python3-lib2to3.
Preparing to unpack .../70-python3-lib2to3_3.8.10-0ubuntu1~20.04_all.deb ...
Unpacking python3-lib2to3 (3.8.10-0ubuntu1~20.04) ...
Selecting previously unselected package python3-distutils.
Preparing to unpack .../71-python3-distutils_3.8.10-0ubuntu1~20.04_all.deb ...
Unpacking python3-distutils (3.8.10-0ubuntu1~20.04) ...
Selecting previously unselected package python3-setuptools.
Preparing to unpack .../72-python3-setuptools_45.2.0-1_all.deb ...
Unpacking python3-setuptools (45.2.0-1) ...
Selecting previously unselected package xorriso.
Preparing to unpack .../73-xorriso_1.5.2-1_amd64.deb ...
Unpacking xorriso (1.5.2-1) ...
Selecting previously unselected package zlib1g-dev:amd64.
Preparing to unpack .../74-zlib1g-dev_1%3a1.2.11.dfsg-2ubuntu1.3_amd64.deb ...
Unpacking zlib1g-dev:amd64 (1:1.2.11.dfsg-2ubuntu1.3) ...
Setting up mime-support (3.64ubuntu1) ...
Setting up libmagic-mgc (1:5.38-4) ...
Setting up libglib2.0-0:amd64 (2.64.6-1~ubuntu20.04.4) ...
No schema files found: doing nothing.
Setting up libjte2:amd64 (1.22-3build1) ...
Setting up ccache (3.7.7-1) ...
Updating symlinks in /usr/lib/ccache ...
Setting up binutils-common:amd64 (2.34-6ubuntu1.3) ...
Setting up libmagic1:amd64 (1:5.38-4) ...
Setting up linux-libc-dev:amd64 (5.4.0-125.141) ...
Setting up libctf-nobfd0:amd64 (2.34-6ubuntu1.3) ...
Setting up file (1:5.38-4) ...
Setting up libgomp1:amd64 (10.3.0-1ubuntu1~20.04) ...
Setting up tzdata (2022c-0ubuntu0.20.04.0) ...

Current default time zone: 'Etc/UTC'
Local time is now:      Fri Sep 16 21:48:58 UTC 2022.
Universal Time is now:  Fri Sep 16 21:48:58 UTC 2022.
Run 'dpkg-reconfigure tzdata' if you wish to change it.

Setting up autotools-dev (20180224.1) ...
Setting up libuv1:amd64 (1.34.2-1ubuntu1.3) ...
Setting up make (4.2.1-1.2) ...
Setting up libmpfr6:amd64 (4.0.2-1) ...
Setting up libsigsegv2:amd64 (2.12-2) ...
Setting up xz-utils (5.2.4-1ubuntu1.1) ...
update-alternatives: using /usr/bin/xz to provide /usr/bin/lzma (lzma) in auto mode
update-alternatives: warning: skip creation of /usr/share/man/man1/lzma.1.gz because associated file /usr/share/man/man1/xz.1.gz (of link group lzma) doesn't exist
update-alternatives: warning: skip creation of /usr/share/man/man1/unlzma.1.gz because associated file /usr/share/man/man1/unxz.1.gz (of link group lzma) doesn't exist
update-alternatives: warning: skip creation of /usr/share/man/man1/lzcat.1.gz because associated file /usr/share/man/man1/xzcat.1.gz (of link group lzma) doesn't exist
update-alternatives: warning: skip creation of /usr/share/man/man1/lzmore.1.gz because associated file /usr/share/man/man1/xzmore.1.gz (of link group lzma) doesn't exist
update-alternatives: warning: skip creation of /usr/share/man/man1/lzless.1.gz because associated file /usr/share/man/man1/xzless.1.gz (of link group lzma) doesn't exist
update-alternatives: warning: skip creation of /usr/share/man/man1/lzdiff.1.gz because associated file /usr/share/man/man1/xzdiff.1.gz (of link group lzma) doesn't exist
update-alternatives: warning: skip creation of /usr/share/man/man1/lzcmp.1.gz because associated file /usr/share/man/man1/xzcmp.1.gz (of link group lzma) doesn't exist
update-alternatives: warning: skip creation of /usr/share/man/man1/lzgrep.1.gz because associated file /usr/share/man/man1/xzgrep.1.gz (of link group lzma) doesn't exist
update-alternatives: warning: skip creation of /usr/share/man/man1/lzegrep.1.gz because associated file /usr/share/man/man1/xzegrep.1.gz (of link group lzma) doesn't exist
update-alternatives: warning: skip creation of /usr/share/man/man1/lzfgrep.1.gz because associated file /usr/share/man/man1/xzfgrep.1.gz (of link group lzma) doesn't exist
Setting up libquadmath0:amd64 (10.3.0-1ubuntu1~20.04) ...
Setting up bsdmainutils (11.1.2ubuntu3) ...
update-alternatives: using /usr/bin/bsd-write to provide /usr/bin/write (write) in auto mode
update-alternatives: warning: skip creation of /usr/share/man/man1/write.1.gz because associated file /usr/share/man/man1/bsd-write.1.gz (of link group write) doesn't exist
update-alternatives: using /usr/bin/bsd-from to provide /usr/bin/from (from) in auto mode
update-alternatives: warning: skip creation of /usr/share/man/man1/from.1.gz because associated file /usr/share/man/man1/bsd-from.1.gz (of link group from) doesn't exist
Setting up libmpc3:amd64 (1.1.0-1) ...
Setting up libatomic1:amd64 (10.3.0-1ubuntu1~20.04) ...
Setting up libdpkg-perl (1.19.7ubuntu3.2) ...
Setting up libubsan1:amd64 (10.3.0-1ubuntu1~20.04) ...
Setting up librhash0:amd64 (1.3.9-1) ...
Setting up libcrypt-dev:amd64 (1:4.4.10-10ubuntu4) ...
Setting up libcurl4:amd64 (7.68.0-1ubuntu2.13) ...
Setting up libisl22:amd64 (0.22.1-1) ...
Setting up cmake-data (3.16.3-1ubuntu1) ...
Setting up curl (7.68.0-1ubuntu2.13) ...
Setting up libmpdec2:amd64 (2.4.2-3) ...
Setting up libburn4:amd64 (1.5.2-1) ...
Setting up libbinutils:amd64 (2.34-6ubuntu1.3) ...
Setting up libc-dev-bin (2.31-0ubuntu9.9) ...
Setting up libtinfo5:amd64 (6.2-0ubuntu2) ...
Setting up readline-common (8.0-4) ...
Setting up libcc1-0:amd64 (10.3.0-1ubuntu1~20.04) ...
Setting up liblsan0:amd64 (10.3.0-1ubuntu1~20.04) ...
Setting up libitm1:amd64 (10.3.0-1ubuntu1~20.04) ...
Setting up libjsoncpp1:amd64 (1.7.4-3.1ubuntu2) ...
Setting up libpopt0:amd64 (1.16-14) ...
Setting up gcc-9-base:amd64 (9.4.0-1ubuntu1~20.04.1) ...
Setting up libtsan0:amd64 (10.3.0-1ubuntu1~20.04) ...
Setting up libctf0:amd64 (2.34-6ubuntu1.3) ...
Setting up libisofs6:amd64 (1.5.2-1) ...
Setting up libicu66:amd64 (66.1-2ubuntu2.1) ...
Setting up libreadline8:amd64 (8.0-4) ...
Setting up m4 (1.4.18-4) ...
Setting up libasan5:amd64 (9.4.0-1ubuntu1~20.04.1) ...
Setting up pkg-config (0.29.1-0ubuntu4) ...
Setting up libisoburn1:amd64 (1.5.2-1) ...
Setting up autoconf (2.69-11.1) ...
Setting up bison (2:3.5.1+dfsg-1) ...
update-alternatives: using /usr/bin/bison.yacc to provide /usr/bin/yacc (yacc) in auto mode
update-alternatives: warning: skip creation of /usr/share/man/man1/yacc.1.gz because associated file /usr/share/man/man1/bison.yacc.1.gz (of link group yacc) doesn't exist
Setting up cpp-9 (9.4.0-1ubuntu1~20.04.1) ...
Setting up libc6-dev:amd64 (2.31-0ubuntu9.9) ...
Setting up libpython3.8-stdlib:amd64 (3.8.10-0ubuntu1~20.04.5) ...
Setting up python3.8 (3.8.10-0ubuntu1~20.04.5) ...
Setting up xorriso (1.5.2-1) ...
Setting up libxml2:amd64 (2.9.10+dfsg-5ubuntu0.20.04.4) ...
Setting up rsync (3.1.3-8ubuntu0.4) ...
invoke-rc.d: could not determine current runlevel
invoke-rc.d: policy-rc.d denied execution of start.
Setting up libpython3-stdlib:amd64 (3.8.2-0ubuntu2) ...
Setting up binutils-x86-64-linux-gnu (2.34-6ubuntu1.3) ...
Setting up automake (1:1.16.1-4ubuntu6) ...
update-alternatives: using /usr/bin/automake-1.16 to provide /usr/bin/automake (automake) in auto mode
update-alternatives: warning: skip creation of /usr/share/man/man1/automake.1.gz because associated file /usr/share/man/man1/automake-1.16.1.gz (of link group automake) doesn't exist
update-alternatives: warning: skip creation of /usr/share/man/man1/aclocal.1.gz because associated file /usr/share/man/man1/aclocal-1.16.1.gz (of link group automake) doesn't exist
Setting up libarchive13:amd64 (3.4.0-2ubuntu1.2) ...
Setting up python3 (3.8.2-0ubuntu2) ...
Setting up binutils (2.34-6ubuntu1.3) ...
Setting up dpkg-dev (1.19.7ubuntu3.2) ...
Setting up libgcc-9-dev:amd64 (9.4.0-1ubuntu1~20.04.1) ...
Setting up zlib1g-dev:amd64 (1:1.2.11.dfsg-2ubuntu1.3) ...
Setting up cpp (4:9.3.0-1ubuntu2) ...
Setting up cmake (3.16.3-1ubuntu1) ...
Setting up python3-lib2to3 (3.8.10-0ubuntu1~20.04) ...
Setting up python3-pkg-resources (45.2.0-1) ...
Setting up python3-distutils (3.8.10-0ubuntu1~20.04) ...
Setting up gcc-9 (9.4.0-1ubuntu1~20.04.1) ...
Setting up python3-setuptools (45.2.0-1) ...
Setting up libstdc++-9-dev:amd64 (9.4.0-1ubuntu1~20.04.1) ...
Setting up libtool (2.4.6-14) ...
Setting up gcc (4:9.3.0-1ubuntu2) ...
Setting up g++-9 (9.4.0-1ubuntu1~20.04.1) ...
Setting up g++ (4:9.3.0-1ubuntu2) ...
update-alternatives: using /usr/bin/g++ to provide /usr/bin/c++ (c++) in auto mode
update-alternatives: warning: skip creation of /usr/share/man/man1/c++.1.gz because associated file /usr/share/man/man1/g++.1.gz (of link group c++) doesn't exist
Setting up build-essential (12.8ubuntu1.1) ...
Processing triggers for libc-bin (2.31-0ubuntu9.9) ...
              total        used        free      shared  buff/cache   available
Mem:          125Gi        23Gi        10Gi       494Mi        92Gi       100Gi
Swap:            0B          0B          0B
Number of CPUs (nproc): 32
Byte Order: Little Endian
Free disk space:
Filesystem      Size  Used Avail Use% Mounted on
overlay         488G  262G  227G  54% /
tmpfs            64M     0   64M   0% /dev
tmpfs            63G     0   63G   0% /sys/fs/cgroup
/dev/sda1       488G  262G  227G  54% /tmp
tmpfs           117G     0  117G   0% /dev/shm
tmpfs            63G     0   63G   0% /proc/acpi
tmpfs            63G     0   63G   0% /proc/scsi
tmpfs            63G     0   63G   0% /sys/firmware
make: Entering directory '/tmp/cirrus-ci-build/depends'
Fetching v1.3.0.tar.gz from https://github.com/dmgbuild/ds_store/archive/
  % Total    % Received % Xferd  Average Speed   Time    Time     Time  Current
                                 Dload  Upload   Total   Spent    Left  Speed
  0     0    0     0    0     0      0      0 --:--:-- --:--:-- --:--:--     0  0     0    0     0    0     0      0      0 --:--:-- --:--:-- --:--:--     0
100 23031    0 23031    0     0  59053      0 --:--:-- --:--:-- --:--:-- 59053
/tmp/cirrus-ci-build/depends/work/download/native_ds_store-1.3.0/v1.3.0.tar.gz.temp: OK
Extracting native_ds_store...
/tmp/cirrus-ci-build/depends/sources/v1.3.0.tar.gz: OK
Preprocessing native_ds_store...
Configuring native_ds_store...
Building native_ds_store...
Staging native_ds_store...
Postprocessing native_ds_store...
Caching native_ds_store...
Fetching v2.2.0.tar.gz from https://github.com/dmgbuild/mac_alias/archive/
  % Total    % Received % Xferd  Average Speed   Time    Time     Time  Current
                                 Dload  Upload   Total   Spent    Left  Speed
  0     0    0     0    0     0      0      0 --:--:-- --:--:-- --:--:--     0  0     0    0     0    0     0      0      0 --:--:-- --:--:-- --:--:--     0
100 30169    0 30169    0     0  83110      0 --:--:-- --:--:-- --:--:-- 83110
/tmp/cirrus-ci-build/depends/work/download/native_mac_alias-2.2.0/v2.2.0.tar.gz.temp: OK
Extracting native_mac_alias...
/tmp/cirrus-ci-build/depends/sources/v2.2.0.tar.gz: OK
Preprocessing native_mac_alias...
Configuring native_mac_alias...
Building native_mac_alias...
Staging native_mac_alias...
Postprocessing native_mac_alias...
Caching native_mac_alias...
Fetching clang+llvm-10.0.1-x86_64-linux-gnu-ubuntu-16.04.tar.xz from https://github.com/llvm/llvm-project/releases/download/llvmorg-10.0.1
  % Total    % Received % Xferd  Average Speed   Time    Time     Time  Current
                                 Dload  Upload   Total   Spent    Left  Speed
  0     0    0     0    0     0      0      0 --:--:-- --:--:-- --:--:--     0  0     0    0     0    0     0      0      0 --:--:-- --:--:-- --:--:--     0
  6  363M    6 25.0M    0     0  34.1M      0  0:00:10 --:--:--  0:00:10 34.1M 27  363M   27  100M    0     0  57.2M      0  0:00:06  0:00:01  0:00:05 73.7M 50  363M   50  184M    0     0  67.4M      0  0:00:05  0:00:02  0:00:03 79.6M 72  363M   72  264M    0     0  70.4M      0  0:00:05  0:00:03  0:00:02 79.2M 92  363M   92  337M    0     0  71.3M      0  0:00:05  0:00:04  0:00:01 78.2M100  363M  100  363M    0     0  70.3M      0  0:00:05  0:00:05 --:--:-- 76.2M
/tmp/cirrus-ci-build/depends/work/download/native_clang-10.0.1/clang+llvm-10.0.1-x86_64-linux-gnu-ubuntu-16.04.tar.xz.temp: OK
Extracting native_clang...
/tmp/cirrus-ci-build/depends/sources/clang+llvm-10.0.1-x86_64-linux-gnu-ubuntu-16.04.tar.xz: OK
Preprocessing native_clang...
Configuring native_clang...
Building native_clang...
Staging native_clang...
Postprocessing native_clang...
Caching native_clang...
Fetching 664b8414f89612f2dfd35a9b679c345aa5389026.tar.gz from https://github.com/tpoechtrager/apple-libtapi/archive
  % Total    % Received % Xferd  Average Speed   Time    Time     Time  Current
                                 Dload  Upload   Total   Spent    Left  Speed
  0     0    0     0    0     0      0      0 --:--:-- --:--:-- --:--:--     0  0     0    0     0    0     0      0      0 --:--:-- --:--:-- --:--:--     0  0     0    0     0    0     0      0      0 --:--:-- --:--:-- --:--:--     0
100 4161k    0 4161k    0     0  3817k      0 --:--:--  0:00:01 --:--:-- 3817k100 9678k    0 9678k    0     0  4624k      0 --:--:--  0:00:02 --:--:-- 5506k100 14.9M    0 14.9M    0     0  4790k      0 --:--:--  0:00:03 --:--:-- 5295k100 20.1M    0 20.1M    0     0  5057k      0 --:--:--  0:00:04 --:--:-- 5507k100 25.3M    0 25.3M    0     0  5096k      0 --:--:--  0:00:05 --:--:-- 5443k100 30.6M    0 30.6M    0     0  5155k      0 --:--:--  0:00:06 --:--:-- 5445k100 30.7M    0 30.7M    0     0  5152k      0 --:--:--  0:00:06 --:--:-- 5427k
/tmp/cirrus-ci-build/depends/work/download/native_libtapi-664b8414f89612f2dfd35a9b679c345aa5389026/664b8414f89612f2dfd35a9b679c345aa5389026.tar.gz.temp: OK
Extracting native_libtapi...
/tmp/cirrus-ci-build/depends/sources/664b8414f89612f2dfd35a9b679c345aa5389026.tar.gz: OK
Preprocessing native_libtapi...
Configuring native_libtapi...
Building native_libtapi...
Staging native_libtapi...
Postprocessing native_libtapi...
Caching native_libtapi...
Fetching 2ef2e931cf641547eb8a68cfebde61003587c9fd.tar.gz from https://github.com/tpoechtrager/cctools-port/archive
  % Total    % Received % Xferd  Average Speed   Time    Time     Time  Current
                                 Dload  Upload   Total   Spent    Left  Speed
  0     0    0     0    0     0      0      0 --:--:-- --:--:-- --:--:--     0  0     0    0     0    0     0      0      0 --:--:-- --:--:-- --:--:--     0
100 2860k    0 2860k    0     0  3634k      0 --:--:-- --:--:-- --:--:-- 3634k
/tmp/cirrus-ci-build/depends/work/download/native_cctools-2ef2e931cf641547eb8a68cfebde61003587c9fd/2ef2e931cf641547eb8a68cfebde61003587c9fd.tar.gz.temp: OK
Extracting native_cctools...
/tmp/cirrus-ci-build/depends/sources/2ef2e931cf641547eb8a68cfebde61003587c9fd.tar.gz: OK
Preprocessing native_cctools...
Configuring native_cctools...
Building native_cctools...
Staging native_cctools...
Postprocessing native_cctools...
Caching native_cctools...
Fetching boost_1_77_0.tar.bz2 from https://boostorg.jfrog.io/artifactory/main/release/1.77.0/source/
  % Total    % Received % Xferd  Average Speed   Time    Time     Time  Current
                                 Dload  Upload   Total   Spent    Left  Speed
  0     0    0     0    0     0      0      0 --:--:-- --:--:-- --:--:--     0  0     0    0     0    0     0      0      0 --:--:-- --:--:-- --:--:--     0
  0     0    0     0    0     0      0      0 --:--:-- --:--:-- --:--:--     0 10  105M   10 11.3M    0     0  7195k      0  0:00:14  0:00:01  0:00:13 12.1M 31  105M   31 33.1M    0     0  12.6M      0  0:00:08  0:00:02  0:00:06 17.0M 70  105M   70 74.2M    0     0  20.1M      0  0:00:05  0:00:03  0:00:02 24.7M 96  105M   96  101M    0     0  21.9M      0  0:00:04  0:00:04 --:--:-- 25.7M100  105M  100  105M    0     0  22.6M      0  0:00:04  0:00:04 --:--:-- 26.5M
/tmp/cirrus-ci-build/depends/work/download/boost-1.77.0/boost_1_77_0.tar.bz2.temp: OK
Extracting boost...
/tmp/cirrus-ci-build/depends/sources/boost_1_77_0.tar.bz2: OK
Preprocessing boost...
Configuring boost...
Building boost...
Staging boost...
Postprocessing boost...
Caching boost...
Fetching libevent-2.1.12-stable.tar.gz from https://github.com/libevent/libevent/releases/download/release-2.1.12-stable/
  % Total    % Received % Xferd  Average Speed   Time    Time     Time  Current
                                 Dload  Upload   Total   Spent    Left  Speed
  0     0    0     0    0     0      0      0 --:--:-- --:--:-- --:--:--     0  0     0    0     0    0     0      0      0 --:--:-- --:--:-- --:--:--     0
100 1075k  100 1075k    0     0  2821k      0 --:--:-- --:--:-- --:--:-- 2821k
/tmp/cirrus-ci-build/depends/work/download/libevent-2.1.12-stable/libevent-2.1.12-stable.tar.gz.temp: OK
Extracting libevent...
/tmp/cirrus-ci-build/depends/sources/libevent-2.1.12-stable.tar.gz: OK
Preprocessing libevent...
Configuring libevent...
Building libevent...
Staging libevent...
Postprocessing libevent...
Caching libevent...
Fetching qtbase-everywhere-opensource-src-5.15.5.tar.xz from https://download.qt.io/official_releases/qt/5.15/5.15.5/submodules
  % Total    % Received % Xferd  Average Speed   Time    Time     Time  Current
                                 Dload  Upload   Total   Spent    Left  Speed
  0     0    0     0    0     0      0      0 --:--:-- --:--:-- --:--:--     0100   295  100   295    0     0    485      0 --:--:-- --:--:-- --:--:--   485
  3 47.9M    3 1759k    0     0  1752k      0  0:00:27  0:00:01  0:00:26 1752k 55 47.9M   55 26.7M    0     0  12.9M      0  0:00:03  0:00:02  0:00:01 23.5M100 47.9M  100 47.9M    0     0  21.1M      0  0:00:02  0:00:02 --:--:-- 36.5M
/tmp/cirrus-ci-build/depends/work/download/qt-5.15.5/qtbase-everywhere-opensource-src-5.15.5.tar.xz.temp: OK
Fetching qttranslations-everywhere-opensource-src-5.15.5.tar.xz from https://download.qt.io/official_releases/qt/5.15/5.15.5/submodules
  % Total    % Received % Xferd  Average Speed   Time    Time     Time  Current
                                 Dload  Upload   Total   Spent    Left  Speed
  0     0    0     0    0     0      0      0 --:--:-- --:--:-- --:--:--     0  0   303    0     0    0     0      0      0 --:--:-- --:--:-- --:--:--     0100   303  100   303    0     0    550      0 --:--:-- --:--:-- --:--:--   549
100 1580k  100 1580k    0     0  1862k      0 --:--:-- --:--:-- --:--:-- 1862k
/tmp/cirrus-ci-build/depends/work/download/qt-5.15.5/qttranslations-everywhere-opensource-src-5.15.5.tar.xz.temp: OK
Fetching qttools-everywhere-opensource-src-5.15.5.tar.xz from https://download.qt.io/official_releases/qt/5.15/5.15.5/submodules
  % Total    % Received % Xferd  Average Speed   Time    Time     Time  Current
                                 Dload  Upload   Total   Spent    Left  Speed
  0     0    0     0    0     0      0      0 --:--:-- --:--:-- --:--:--     0100   296  100   296    0     0    541      0 --:--:-- --:--:-- --:--:--   541
  0     0    0     0    0     0      0      0 --:--:-- --:--:-- --:--:--     0100 8689k  100 8689k    0     0  7076k      0  0:00:01  0:00:01 --:--:-- 13.0M
/tmp/cirrus-ci-build/depends/work/download/qt-5.15.5/qttools-everywhere-opensource-src-5.15.5.tar.xz.temp: OK
Extracting qt...
/tmp/cirrus-ci-build/depends/sources/qtbase-everywhere-opensource-src-5.15.5.tar.xz: OK
/tmp/cirrus-ci-build/depends/sources/qttranslations-everywhere-opensource-src-5.15.5.tar.xz: OK
/tmp/cirrus-ci-build/depends/sources/qttools-everywhere-opensource-src-5.15.5.tar.xz: OK
Preprocessing qt...
Configuring qt...
Building qt...
Staging qt...
Postprocessing qt...
Caching qt...
Fetching qrencode-3.4.4.tar.bz2 from https://fukuchi.org/works/qrencode/
  % Total    % Received % Xferd  Average Speed   Time    Time     Time  Current
                                 Dload  Upload   Total   Spent    Left  Speed
  0     0    0     0    0     0      0      0 --:--:-- --:--:-- --:--:--     0 13  360k   13 49152    0     0   160k      0  0:00:02 --:--:--  0:00:02  159k100  360k  100  360k    0     0   958k      0 --:--:-- --:--:-- --:--:--  956k
/tmp/cirrus-ci-build/depends/work/download/qrencode-3.4.4/qrencode-3.4.4.tar.bz2.temp: OK
Extracting qrencode...
/tmp/cirrus-ci-build/depends/sources/qrencode-3.4.4.tar.bz2: OK
Preprocessing qrencode...
Configuring qrencode...
Building qrencode...
Staging qrencode...
Postprocessing qrencode...
Caching qrencode...
Fetching db-4.8.30.NC.tar.gz from https://download.oracle.com/berkeley-db
  % Total    % Received % Xferd  Average Speed   Time    Time     Time  Current
                                 Dload  Upload   Total   Spent    Left  Speed
  0     0    0     0    0     0      0      0 --:--:-- --:--:-- --:--:--     0100 21.7M  100 21.7M    0     0  56.1M      0 --:--:-- --:--:-- --:--:-- 56.1M
/tmp/cirrus-ci-build/depends/work/download/bdb-4.8.30/db-4.8.30.NC.tar.gz.temp: OK
Extracting bdb...
/tmp/cirrus-ci-build/depends/sources/db-4.8.30.NC.tar.gz: OK
Preprocessing bdb...
Configuring bdb...
Building bdb...
Staging bdb...
Postprocessing bdb...
Caching bdb...
Fetching sqlite-autoconf-3380500.tar.gz from https://sqlite.org/2022/
  % Total    % Received % Xferd  Average Speed   Time    Time     Time  Current
                                 Dload  Upload   Total   Spent    Left  Speed
  0     0    0     0    0     0      0      0 --:--:-- --:--:-- --:--:--     0  0     0    0     0    0     0      0      0 --:--:-- --:--:-- --:--:--     0100 2962k  100 2962k    0     0  4447k      0 --:--:-- --:--:-- --:--:-- 4440k
/tmp/cirrus-ci-build/depends/work/download/sqlite-3380500/sqlite-autoconf-3380500.tar.gz.temp: OK
Extracting sqlite...
/tmp/cirrus-ci-build/depends/sources/sqlite-autoconf-3380500.tar.gz: OK
Preprocessing sqlite...
Configuring sqlite...
Building sqlite...
Staging sqlite...
Postprocessing sqlite...
Caching sqlite...
Fetching miniupnpc-2.2.2.tar.gz from https://miniupnp.tuxfamily.org/files/
  % Total    % Received % Xferd  Average Speed   Time    Time     Time  Current
                                 Dload  Upload   Total   Spent    Left  Speed
  0     0    0     0    0     0      0      0 --:--:-- --:--:-- --:--:--     0 32   97k   32 32512    0     0  31688      0  0:00:03  0:00:01  0:00:02 31688100   97k  100   97k    0     0  79942      0  0:00:01  0:00:01 --:--:-- 79942
/tmp/cirrus-ci-build/depends/work/download/miniupnpc-2.2.2/miniupnpc-2.2.2.tar.gz.temp: OK
Extracting miniupnpc...
/tmp/cirrus-ci-build/depends/sources/miniupnpc-2.2.2.tar.gz: OK
Preprocessing miniupnpc...
Configuring miniupnpc...
Building miniupnpc...
Staging miniupnpc...
Postprocessing miniupnpc...
Caching miniupnpc...
Fetching 4536032ae32268a45c073a4d5e91bbab4534773a.tar.gz from https://github.com/miniupnp/libnatpmp/archive
  % Total    % Received % Xferd  Average Speed   Time    Time     Time  Current
                                 Dload  Upload   Total   Spent    Left  Speed
  0     0    0     0    0     0      0      0 --:--:-- --:--:-- --:--:--     0  0     0    0     0    0     0      0      0 --:--:-- --:--:-- --:--:--     0
100 26730    0 26730    0     0  62746      0 --:--:-- --:--:-- --:--:-- 62746
/tmp/cirrus-ci-build/depends/work/download/libnatpmp-4536032ae32268a45c073a4d5e91bbab4534773a/4536032ae32268a45c073a4d5e91bbab4534773a.tar.gz.temp: OK
Extracting libnatpmp...
/tmp/cirrus-ci-build/depends/sources/4536032ae32268a45c073a4d5e91bbab4534773a.tar.gz: OK
Preprocessing libnatpmp...
Configuring libnatpmp...
Building libnatpmp...
Staging libnatpmp...
Postprocessing libnatpmp...
Caching libnatpmp...
Fetching zeromq-4.3.4.tar.gz from https://github.com/zeromq/libzmq/releases/download/v4.3.4/
  % Total    % Received % Xferd  Average Speed   Time    Time     Time  Current
                                 Dload  Upload   Total   Spent    Left  Speed
  0     0    0     0    0     0      0      0 --:--:-- --:--:-- --:--:--     0  0     0    0     0    0     0      0      0 --:--:-- --:--:-- --:--:--     0
100 2428k  100 2428k    0     0  6307k      0 --:--:-- --:--:-- --:--:-- 6307k
/tmp/cirrus-ci-build/depends/work/download/zeromq-4.3.4/zeromq-4.3.4.tar.gz.temp: OK
Extracting zeromq...
/tmp/cirrus-ci-build/depends/sources/zeromq-4.3.4.tar.gz: OK
Preprocessing zeromq...
Configuring zeromq...
Building zeromq...
Staging zeromq...
Postprocessing zeromq...
Caching zeromq...
copying packages: native_ds_store native_mac_alias native_cctools native_libtapi native_clang boost libevent qt qrencode bdb sqlite miniupnpc libnatpmp zeromq
to: /tmp/cirrus-ci-build/depends/x86_64-apple-darwin
make: Leaving directory '/tmp/cirrus-ci-build/depends'
Statistics zeroed
Set cache size limit to 200.0 MB
libtoolize: putting auxiliary files in AC_CONFIG_AUX_DIR, 'build-aux'.
libtoolize: copying file 'build-aux/ltmain.sh'
libtoolize: putting macros in AC_CONFIG_MACRO_DIRS, 'build-aux/m4'.
libtoolize: copying file 'build-aux/m4/libtool.m4'
libtoolize: copying file 'build-aux/m4/ltoptions.m4'
libtoolize: copying file 'build-aux/m4/ltsugar.m4'
libtoolize: copying file 'build-aux/m4/ltversion.m4'
libtoolize: copying file 'build-aux/m4/lt~obsolete.m4'
configure.ac:40: installing 'build-aux/ar-lib'
configure.ac:35: installing 'build-aux/compile'
configure.ac:24: installing 'build-aux/config.guess'
configure.ac:24: installing 'build-aux/config.sub'
configure.ac:30: installing 'build-aux/install-sh'
configure.ac:30: installing 'build-aux/missing'
Makefile.am: installing 'build-aux/depcomp'
parallel-tests: installing 'build-aux/test-driver'
libtoolize: putting auxiliary files in AC_CONFIG_AUX_DIR, 'build-aux'.
libtoolize: copying file 'build-aux/ltmain.sh'
libtoolize: putting macros in AC_CONFIG_MACRO_DIRS, 'build-aux/m4'.
libtoolize: copying file 'build-aux/m4/libtool.m4'
libtoolize: copying file 'build-aux/m4/ltoptions.m4'
libtoolize: copying file 'build-aux/m4/ltsugar.m4'
libtoolize: copying file 'build-aux/m4/ltversion.m4'
libtoolize: copying file 'build-aux/m4/lt~obsolete.m4'
configure.ac:116: installing 'build-aux/compile'
configure.ac:51: installing 'build-aux/config.guess'
configure.ac:51: installing 'build-aux/config.sub'
configure.ac:58: installing 'build-aux/install-sh'
configure.ac:58: installing 'build-aux/missing'
src/Makefile.am: installing 'build-aux/depcomp'
parallel-tests: installing 'build-aux/test-driver'
configure: loading site script /tmp/cirrus-ci-build/depends/x86_64-apple-darwin/share/config.site
configure: creating cache config.cache
checking for x86_64-apple-darwin-pkg-config... /usr/bin/pkg-config --static
checking pkg-config is at least version 0.9.0... yes
checking build system type... x86_64-pc-linux-gnu
checking host system type... x86_64-apple-darwin
checking for a BSD-compatible install... /usr/bin/install -c
checking whether build environment is sane... yes
checking for x86_64-apple-darwin-strip... /tmp/cirrus-ci-build/depends/x86_64-apple-darwin/native/bin/x86_64-apple-darwin-strip
checking for a thread-safe mkdir -p... /usr/bin/mkdir -p
checking for gawk... no
checking for mawk... mawk
checking whether make sets $(MAKE)... yes
checking whether make supports nested variables... yes
checking whether to enable maintainer-specific portions of Makefiles... yes
checking whether make supports nested variables... (cached) yes
checking whether the C++ compiler works... yes
checking for C++ compiler default output file name... a.out
checking for suffix of executables... 
checking whether we are cross compiling... yes
checking for suffix of object files... o
checking whether we are using the GNU C++ compiler... yes
checking whether env -u C_INCLUDE_PATH -u CPLUS_INCLUDE_PATH -u OBJC_INCLUDE_PATH -u OBJCPLUS_INCLUDE_PATH -u CPATH -u LIBRARY_PATH /tmp/cirrus-ci-build/depends/x86_64-apple-darwin/native/bin/clang++ --target=x86_64-apple-darwin -mmacosx-version-min=10.15 -B/tmp/cirrus-ci-build/depends/x86_64-apple-darwin/native/bin -mlinker-version=609 -isysroot/tmp/cirrus-ci-build/depends/SDKs/Xcode-12.2-12B45b-extracted-SDK-with-libcxx-headers -stdlib=libc++ -stdlib++-isystem/tmp/cirrus-ci-build/depends/SDKs/Xcode-12.2-12B45b-extracted-SDK-with-libcxx-headers/usr/include/c++/v1 -Xclang -internal-externc-isystem/tmp/cirrus-ci-build/depends/x86_64-apple-darwin/native/lib/clang/10.0.1/include -Xclang -internal-externc-isystem/tmp/cirrus-ci-build/depends/SDKs/Xcode-12.2-12B45b-extracted-SDK-with-libcxx-headers/usr/include accepts -g... yes
checking whether make supports the include directive... yes (GNU style)
checking dependency style of env -u C_INCLUDE_PATH -u CPLUS_INCLUDE_PATH -u OBJC_INCLUDE_PATH -u OBJCPLUS_INCLUDE_PATH -u CPATH -u LIBRARY_PATH /tmp/cirrus-ci-build/depends/x86_64-apple-darwin/native/bin/clang++ --target=x86_64-apple-darwin -mmacosx-version-min=10.15 -B/tmp/cirrus-ci-build/depends/x86_64-apple-darwin/native/bin -mlinker-version=609 -isysroot/tmp/cirrus-ci-build/depends/SDKs/Xcode-12.2-12B45b-extracted-SDK-with-libcxx-headers -stdlib=libc++ -stdlib++-isystem/tmp/cirrus-ci-build/depends/SDKs/Xcode-12.2-12B45b-extracted-SDK-with-libcxx-headers/usr/include/c++/v1 -Xclang -internal-externc-isystem/tmp/cirrus-ci-build/depends/x86_64-apple-darwin/native/lib/clang/10.0.1/include -Xclang -internal-externc-isystem/tmp/cirrus-ci-build/depends/SDKs/Xcode-12.2-12B45b-extracted-SDK-with-libcxx-headers/usr/include... none
checking whether env -u C_INCLUDE_PATH -u CPLUS_INCLUDE_PATH -u OBJC_INCLUDE_PATH -u OBJCPLUS_INCLUDE_PATH -u CPATH -u LIBRARY_PATH /tmp/cirrus-ci-build/depends/x86_64-apple-darwin/native/bin/clang++ --target=x86_64-apple-darwin -mmacosx-version-min=10.15 -B/tmp/cirrus-ci-build/depends/x86_64-apple-darwin/native/bin -mlinker-version=609 -isysroot/tmp/cirrus-ci-build/depends/SDKs/Xcode-12.2-12B45b-extracted-SDK-with-libcxx-headers -stdlib=libc++ -stdlib++-isystem/tmp/cirrus-ci-build/depends/SDKs/Xcode-12.2-12B45b-extracted-SDK-with-libcxx-headers/usr/include/c++/v1 -Xclang -internal-externc-isystem/tmp/cirrus-ci-build/depends/x86_64-apple-darwin/native/lib/clang/10.0.1/include -Xclang -internal-externc-isystem/tmp/cirrus-ci-build/depends/SDKs/Xcode-12.2-12B45b-extracted-SDK-with-libcxx-headers/usr/include supports C++17 features with -std=c++17... yes
checking whether std::filesystem can be used without link library... yes
checking for x86_64-apple-darwin-g++... env -u C_INCLUDE_PATH -u CPLUS_INCLUDE_PATH -u OBJC_INCLUDE_PATH -u OBJCPLUS_INCLUDE_PATH -u CPATH -u LIBRARY_PATH /tmp/cirrus-ci-build/depends/x86_64-apple-darwin/native/bin/clang++ --target=x86_64-apple-darwin -mmacosx-version-min=10.15 -B/tmp/cirrus-ci-build/depends/x86_64-apple-darwin/native/bin -mlinker-version=609 -isysroot/tmp/cirrus-ci-build/depends/SDKs/Xcode-12.2-12B45b-extracted-SDK-with-libcxx-headers -stdlib=libc++ -stdlib++-isystem/tmp/cirrus-ci-build/depends/SDKs/Xcode-12.2-12B45b-extracted-SDK-with-libcxx-headers/usr/include/c++/v1 -Xclang -internal-externc-isystem/tmp/cirrus-ci-build/depends/x86_64-apple-darwin/native/lib/clang/10.0.1/include -Xclang -internal-externc-isystem/tmp/cirrus-ci-build/depends/SDKs/Xcode-12.2-12B45b-extracted-SDK-with-libcxx-headers/usr/include -std=c++17
checking whether we are using the GNU Objective C++ compiler... yes
checking whether env -u C_INCLUDE_PATH -u CPLUS_INCLUDE_PATH -u OBJC_INCLUDE_PATH -u OBJCPLUS_INCLUDE_PATH -u CPATH -u LIBRARY_PATH /tmp/cirrus-ci-build/depends/x86_64-apple-darwin/native/bin/clang++ --target=x86_64-apple-darwin -mmacosx-version-min=10.15 -B/tmp/cirrus-ci-build/depends/x86_64-apple-darwin/native/bin -mlinker-version=609 -isysroot/tmp/cirrus-ci-build/depends/SDKs/Xcode-12.2-12B45b-extracted-SDK-with-libcxx-headers -stdlib=libc++ -stdlib++-isystem/tmp/cirrus-ci-build/depends/SDKs/Xcode-12.2-12B45b-extracted-SDK-with-libcxx-headers/usr/include/c++/v1 -Xclang -internal-externc-isystem/tmp/cirrus-ci-build/depends/x86_64-apple-darwin/native/lib/clang/10.0.1/include -Xclang -internal-externc-isystem/tmp/cirrus-ci-build/depends/SDKs/Xcode-12.2-12B45b-extracted-SDK-with-libcxx-headers/usr/include -std=c++17 accepts -g... yes
checking dependency style of env -u C_INCLUDE_PATH -u CPLUS_INCLUDE_PATH -u OBJC_INCLUDE_PATH -u OBJCPLUS_INCLUDE_PATH -u CPATH -u LIBRARY_PATH /tmp/cirrus-ci-build/depends/x86_64-apple-darwin/native/bin/clang++ --target=x86_64-apple-darwin -mmacosx-version-min=10.15 -B/tmp/cirrus-ci-build/depends/x86_64-apple-darwin/native/bin -mlinker-version=609 -isysroot/tmp/cirrus-ci-build/depends/SDKs/Xcode-12.2-12B45b-extracted-SDK-with-libcxx-headers -stdlib=libc++ -stdlib++-isystem/tmp/cirrus-ci-build/depends/SDKs/Xcode-12.2-12B45b-extracted-SDK-with-libcxx-headers/usr/include/c++/v1 -Xclang -internal-externc-isystem/tmp/cirrus-ci-build/depends/x86_64-apple-darwin/native/lib/clang/10.0.1/include -Xclang -internal-externc-isystem/tmp/cirrus-ci-build/depends/SDKs/Xcode-12.2-12B45b-extracted-SDK-with-libcxx-headers/usr/include -std=c++17... none
checking how to print strings... printf
checking for x86_64-apple-darwin-gcc... env -u C_INCLUDE_PATH -u CPLUS_INCLUDE_PATH -u OBJC_INCLUDE_PATH -u OBJCPLUS_INCLUDE_PATH -u CPATH -u LIBRARY_PATH /tmp/cirrus-ci-build/depends/x86_64-apple-darwin/native/bin/clang --target=x86_64-apple-darwin -mmacosx-version-min=10.15 -B/tmp/cirrus-ci-build/depends/x86_64-apple-darwin/native/bin -mlinker-version=609 -isysroot/tmp/cirrus-ci-build/depends/SDKs/Xcode-12.2-12B45b-extracted-SDK-with-libcxx-headers -Xclang -internal-externc-isystem/tmp/cirrus-ci-build/depends/x86_64-apple-darwin/native/lib/clang/10.0.1/include -Xclang -internal-externc-isystem/tmp/cirrus-ci-build/depends/SDKs/Xcode-12.2-12B45b-extracted-SDK-with-libcxx-headers/usr/include
checking whether we are using the GNU C compiler... yes
checking whether env -u C_INCLUDE_PATH -u CPLUS_INCLUDE_PATH -u OBJC_INCLUDE_PATH -u OBJCPLUS_INCLUDE_PATH -u CPATH -u LIBRARY_PATH /tmp/cirrus-ci-build/depends/x86_64-apple-darwin/native/bin/clang --target=x86_64-apple-darwin -mmacosx-version-min=10.15 -B/tmp/cirrus-ci-build/depends/x86_64-apple-darwin/native/bin -mlinker-version=609 -isysroot/tmp/cirrus-ci-build/depends/SDKs/Xcode-12.2-12B45b-extracted-SDK-with-libcxx-headers -Xclang -internal-externc-isystem/tmp/cirrus-ci-build/depends/x86_64-apple-darwin/native/lib/clang/10.0.1/include -Xclang -internal-externc-isystem/tmp/cirrus-ci-build/depends/SDKs/Xcode-12.2-12B45b-extracted-SDK-with-libcxx-headers/usr/include accepts -g... yes
checking for env -u C_INCLUDE_PATH -u CPLUS_INCLUDE_PATH -u OBJC_INCLUDE_PATH -u OBJCPLUS_INCLUDE_PATH -u CPATH -u LIBRARY_PATH /tmp/cirrus-ci-build/depends/x86_64-apple-darwin/native/bin/clang --target=x86_64-apple-darwin -mmacosx-version-min=10.15 -B/tmp/cirrus-ci-build/depends/x86_64-apple-darwin/native/bin -mlinker-version=609 -isysroot/tmp/cirrus-ci-build/depends/SDKs/Xcode-12.2-12B45b-extracted-SDK-with-libcxx-headers -Xclang -internal-externc-isystem/tmp/cirrus-ci-build/depends/x86_64-apple-darwin/native/lib/clang/10.0.1/include -Xclang -internal-externc-isystem/tmp/cirrus-ci-build/depends/SDKs/Xcode-12.2-12B45b-extracted-SDK-with-libcxx-headers/usr/include option to accept ISO C89... none needed
checking whether env -u C_INCLUDE_PATH -u CPLUS_INCLUDE_PATH -u OBJC_INCLUDE_PATH -u OBJCPLUS_INCLUDE_PATH -u CPATH -u LIBRARY_PATH /tmp/cirrus-ci-build/depends/x86_64-apple-darwin/native/bin/clang --target=x86_64-apple-darwin -mmacosx-version-min=10.15 -B/tmp/cirrus-ci-build/depends/x86_64-apple-darwin/native/bin -mlinker-version=609 -isysroot/tmp/cirrus-ci-build/depends/SDKs/Xcode-12.2-12B45b-extracted-SDK-with-libcxx-headers -Xclang -internal-externc-isystem/tmp/cirrus-ci-build/depends/x86_64-apple-darwin/native/lib/clang/10.0.1/include -Xclang -internal-externc-isystem/tmp/cirrus-ci-build/depends/SDKs/Xcode-12.2-12B45b-extracted-SDK-with-libcxx-headers/usr/include understands -c and -o together... yes
checking dependency style of env -u C_INCLUDE_PATH -u CPLUS_INCLUDE_PATH -u OBJC_INCLUDE_PATH -u OBJCPLUS_INCLUDE_PATH -u CPATH -u LIBRARY_PATH /tmp/cirrus-ci-build/depends/x86_64-apple-darwin/native/bin/clang --target=x86_64-apple-darwin -mmacosx-version-min=10.15 -B/tmp/cirrus-ci-build/depends/x86_64-apple-darwin/native/bin -mlinker-version=609 -isysroot/tmp/cirrus-ci-build/depends/SDKs/Xcode-12.2-12B45b-extracted-SDK-with-libcxx-headers -Xclang -internal-externc-isystem/tmp/cirrus-ci-build/depends/x86_64-apple-darwin/native/lib/clang/10.0.1/include -Xclang -internal-externc-isystem/tmp/cirrus-ci-build/depends/SDKs/Xcode-12.2-12B45b-extracted-SDK-with-libcxx-headers/usr/include... none
checking for a sed that does not truncate output... /usr/bin/sed
checking for grep that handles long lines and -e... /usr/bin/grep
checking for egrep... /usr/bin/grep -E
checking for fgrep... /usr/bin/grep -F
checking for ld used by env -u C_INCLUDE_PATH -u CPLUS_INCLUDE_PATH -u OBJC_INCLUDE_PATH -u OBJCPLUS_INCLUDE_PATH -u CPATH -u LIBRARY_PATH /tmp/cirrus-ci-build/depends/x86_64-apple-darwin/native/bin/clang --target=x86_64-apple-darwin -mmacosx-version-min=10.15 -B/tmp/cirrus-ci-build/depends/x86_64-apple-darwin/native/bin -mlinker-version=609 -isysroot/tmp/cirrus-ci-build/depends/SDKs/Xcode-12.2-12B45b-extracted-SDK-with-libcxx-headers -Xclang -internal-externc-isystem/tmp/cirrus-ci-build/depends/x86_64-apple-darwin/native/lib/clang/10.0.1/include -Xclang -internal-externc-isystem/tmp/cirrus-ci-build/depends/SDKs/Xcode-12.2-12B45b-extracted-SDK-with-libcxx-headers/usr/include... /tmp/cirrus-ci-build/depends/x86_64-apple-darwin/native/bin/x86_64-apple-darwin-ld
checking if the linker (/tmp/cirrus-ci-build/depends/x86_64-apple-darwin/native/bin/x86_64-apple-darwin-ld) is GNU ld... no
checking for BSD- or MS-compatible name lister (nm)... /tmp/cirrus-ci-build/depends/x86_64-apple-darwin/native/bin/x86_64-apple-darwin-nm
checking the name lister (/tmp/cirrus-ci-build/depends/x86_64-apple-darwin/native/bin/x86_64-apple-darwin-nm) interface... BSD nm
checking whether ln -s works... yes
checking the maximum length of command line arguments... 1572864
checking how to convert x86_64-pc-linux-gnu file names to x86_64-apple-darwin format... func_convert_file_noop
checking how to convert x86_64-pc-linux-gnu file names to toolchain format... func_convert_file_noop
checking for /tmp/cirrus-ci-build/depends/x86_64-apple-darwin/native/bin/x86_64-apple-darwin-ld option to reload object files... -r
checking for x86_64-apple-darwin-objdump... no
checking for objdump... objdump
configure: WARNING: using cross tools not prefixed with host triplet
checking how to recognize dependent libraries... pass_all
checking for x86_64-apple-darwin-dlltool... no
checking for dlltool... no
checking how to associate runtime and link libraries... printf %s\n
checking for x86_64-apple-darwin-ar... /tmp/cirrus-ci-build/depends/x86_64-apple-darwin/native/bin/x86_64-apple-darwin-ar
checking for archiver @FILE support... no
checking for x86_64-apple-darwin-strip... (cached) /tmp/cirrus-ci-build/depends/x86_64-apple-darwin/native/bin/x86_64-apple-darwin-strip
checking for x86_64-apple-darwin-ranlib... /tmp/cirrus-ci-build/depends/x86_64-apple-darwin/native/bin/x86_64-apple-darwin-ranlib
checking command to parse /tmp/cirrus-ci-build/depends/x86_64-apple-darwin/native/bin/x86_64-apple-darwin-nm output from env -u C_INCLUDE_PATH -u CPLUS_INCLUDE_PATH -u OBJC_INCLUDE_PATH -u OBJCPLUS_INCLUDE_PATH -u CPATH -u LIBRARY_PATH /tmp/cirrus-ci-build/depends/x86_64-apple-darwin/native/bin/clang --target=x86_64-apple-darwin -mmacosx-version-min=10.15 -B/tmp/cirrus-ci-build/depends/x86_64-apple-darwin/native/bin -mlinker-version=609 -isysroot/tmp/cirrus-ci-build/depends/SDKs/Xcode-12.2-12B45b-extracted-SDK-with-libcxx-headers -Xclang -internal-externc-isystem/tmp/cirrus-ci-build/depends/x86_64-apple-darwin/native/lib/clang/10.0.1/include -Xclang -internal-externc-isystem/tmp/cirrus-ci-build/depends/SDKs/Xcode-12.2-12B45b-extracted-SDK-with-libcxx-headers/usr/include object... ok
checking for sysroot... no
checking for a working dd... /usr/bin/dd
checking how to truncate binary pipes... /usr/bin/dd bs=4096 count=1
checking for x86_64-apple-darwin-mt... no
checking for mt... no
checking if : is a manifest tool... no
checking for x86_64-apple-darwin-dsymutil... /tmp/cirrus-ci-build/depends/x86_64-apple-darwin/native/bin/x86_64-apple-darwin-dsymutil
checking for x86_64-apple-darwin-nmedit... no
checking for nmedit... no
checking for x86_64-apple-darwin-lipo... no
checking for lipo... no
checking for x86_64-apple-darwin-otool... /tmp/cirrus-ci-build/depends/x86_64-apple-darwin/native/bin/x86_64-apple-darwin-otool
checking for x86_64-apple-darwin-otool64... no
checking for otool64... no
checking for -single_module linker flag... yes
checking for -exported_symbols_list linker flag... yes
checking for -force_load linker flag... yes
checking how to run the C preprocessor... env -u C_INCLUDE_PATH -u CPLUS_INCLUDE_PATH -u OBJC_INCLUDE_PATH -u OBJCPLUS_INCLUDE_PATH -u CPATH -u LIBRARY_PATH /tmp/cirrus-ci-build/depends/x86_64-apple-darwin/native/bin/clang --target=x86_64-apple-darwin -mmacosx-version-min=10.15 -B/tmp/cirrus-ci-build/depends/x86_64-apple-darwin/native/bin -mlinker-version=609 -isysroot/tmp/cirrus-ci-build/depends/SDKs/Xcode-12.2-12B45b-extracted-SDK-with-libcxx-headers -Xclang -internal-externc-isystem/tmp/cirrus-ci-build/depends/x86_64-apple-darwin/native/lib/clang/10.0.1/include -Xclang -internal-externc-isystem/tmp/cirrus-ci-build/depends/SDKs/Xcode-12.2-12B45b-extracted-SDK-with-libcxx-headers/usr/include -E
checking for ANSI C header files... yes
checking for sys/types.h... yes
checking for sys/stat.h... yes
checking for stdlib.h... yes
checking for string.h... yes
checking for memory.h... yes
checking for strings.h... yes
checking for inttypes.h... yes
checking for stdint.h... yes
checking for unistd.h... yes
checking for dlfcn.h... yes
checking for objdir... .libs
checking if env -u C_INCLUDE_PATH -u CPLUS_INCLUDE_PATH -u OBJC_INCLUDE_PATH -u OBJCPLUS_INCLUDE_PATH -u CPATH -u LIBRARY_PATH /tmp/cirrus-ci-build/depends/x86_64-apple-darwin/native/bin/clang --target=x86_64-apple-darwin -mmacosx-version-min=10.15 -B/tmp/cirrus-ci-build/depends/x86_64-apple-darwin/native/bin -mlinker-version=609 -isysroot/tmp/cirrus-ci-build/depends/SDKs/Xcode-12.2-12B45b-extracted-SDK-with-libcxx-headers -Xclang -internal-externc-isystem/tmp/cirrus-ci-build/depends/x86_64-apple-darwin/native/lib/clang/10.0.1/include -Xclang -internal-externc-isystem/tmp/cirrus-ci-build/depends/SDKs/Xcode-12.2-12B45b-extracted-SDK-with-libcxx-headers/usr/include supports -fno-rtti -fno-exceptions... yes
checking for env -u C_INCLUDE_PATH -u CPLUS_INCLUDE_PATH -u OBJC_INCLUDE_PATH -u OBJCPLUS_INCLUDE_PATH -u CPATH -u LIBRARY_PATH /tmp/cirrus-ci-build/depends/x86_64-apple-darwin/native/bin/clang --target=x86_64-apple-darwin -mmacosx-version-min=10.15 -B/tmp/cirrus-ci-build/depends/x86_64-apple-darwin/native/bin -mlinker-version=609 -isysroot/tmp/cirrus-ci-build/depends/SDKs/Xcode-12.2-12B45b-extracted-SDK-with-libcxx-headers -Xclang -internal-externc-isystem/tmp/cirrus-ci-build/depends/x86_64-apple-darwin/native/lib/clang/10.0.1/include -Xclang -internal-externc-isystem/tmp/cirrus-ci-build/depends/SDKs/Xcode-12.2-12B45b-extracted-SDK-with-libcxx-headers/usr/include option to produce PIC... -fno-common -DPIC
checking if env -u C_INCLUDE_PATH -u CPLUS_INCLUDE_PATH -u OBJC_INCLUDE_PATH -u OBJCPLUS_INCLUDE_PATH -u CPATH -u LIBRARY_PATH /tmp/cirrus-ci-build/depends/x86_64-apple-darwin/native/bin/clang --target=x86_64-apple-darwin -mmacosx-version-min=10.15 -B/tmp/cirrus-ci-build/depends/x86_64-apple-darwin/native/bin -mlinker-version=609 -isysroot/tmp/cirrus-ci-build/depends/SDKs/Xcode-12.2-12B45b-extracted-SDK-with-libcxx-headers -Xclang -internal-externc-isystem/tmp/cirrus-ci-build/depends/x86_64-apple-darwin/native/lib/clang/10.0.1/include -Xclang -internal-externc-isystem/tmp/cirrus-ci-build/depends/SDKs/Xcode-12.2-12B45b-extracted-SDK-with-libcxx-headers/usr/include PIC flag -fno-common -DPIC works... yes
checking if env -u C_INCLUDE_PATH -u CPLUS_INCLUDE_PATH -u OBJC_INCLUDE_PATH -u OBJCPLUS_INCLUDE_PATH -u CPATH -u LIBRARY_PATH /tmp/cirrus-ci-build/depends/x86_64-apple-darwin/native/bin/clang --target=x86_64-apple-darwin -mmacosx-version-min=10.15 -B/tmp/cirrus-ci-build/depends/x86_64-apple-darwin/native/bin -mlinker-version=609 -isysroot/tmp/cirrus-ci-build/depends/SDKs/Xcode-12.2-12B45b-extracted-SDK-with-libcxx-headers -Xclang -internal-externc-isystem/tmp/cirrus-ci-build/depends/x86_64-apple-darwin/native/lib/clang/10.0.1/include -Xclang -internal-externc-isystem/tmp/cirrus-ci-build/depends/SDKs/Xcode-12.2-12B45b-extracted-SDK-with-libcxx-headers/usr/include static flag -static works... no
checking if env -u C_INCLUDE_PATH -u CPLUS_INCLUDE_PATH -u OBJC_INCLUDE_PATH -u OBJCPLUS_INCLUDE_PATH -u CPATH -u LIBRARY_PATH /tmp/cirrus-ci-build/depends/x86_64-apple-darwin/native/bin/clang --target=x86_64-apple-darwin -mmacosx-version-min=10.15 -B/tmp/cirrus-ci-build/depends/x86_64-apple-darwin/native/bin -mlinker-version=609 -isysroot/tmp/cirrus-ci-build/depends/SDKs/Xcode-12.2-12B45b-extracted-SDK-with-libcxx-headers -Xclang -internal-externc-isystem/tmp/cirrus-ci-build/depends/x86_64-apple-darwin/native/lib/clang/10.0.1/include -Xclang -internal-externc-isystem/tmp/cirrus-ci-build/depends/SDKs/Xcode-12.2-12B45b-extracted-SDK-with-libcxx-headers/usr/include supports -c -o file.o... yes
checking if env -u C_INCLUDE_PATH -u CPLUS_INCLUDE_PATH -u OBJC_INCLUDE_PATH -u OBJCPLUS_INCLUDE_PATH -u CPATH -u LIBRARY_PATH /tmp/cirrus-ci-build/depends/x86_64-apple-darwin/native/bin/clang --target=x86_64-apple-darwin -mmacosx-version-min=10.15 -B/tmp/cirrus-ci-build/depends/x86_64-apple-darwin/native/bin -mlinker-version=609 -isysroot/tmp/cirrus-ci-build/depends/SDKs/Xcode-12.2-12B45b-extracted-SDK-with-libcxx-headers -Xclang -internal-externc-isystem/tmp/cirrus-ci-build/depends/x86_64-apple-darwin/native/lib/clang/10.0.1/include -Xclang -internal-externc-isystem/tmp/cirrus-ci-build/depends/SDKs/Xcode-12.2-12B45b-extracted-SDK-with-libcxx-headers/usr/include supports -c -o file.o... (cached) yes
checking whether the env -u C_INCLUDE_PATH -u CPLUS_INCLUDE_PATH -u OBJC_INCLUDE_PATH -u OBJCPLUS_INCLUDE_PATH -u CPATH -u LIBRARY_PATH /tmp/cirrus-ci-build/depends/x86_64-apple-darwin/native/bin/clang --target=x86_64-apple-darwin -mmacosx-version-min=10.15 -B/tmp/cirrus-ci-build/depends/x86_64-apple-darwin/native/bin -mlinker-version=609 -isysroot/tmp/cirrus-ci-build/depends/SDKs/Xcode-12.2-12B45b-extracted-SDK-with-libcxx-headers -Xclang -internal-externc-isystem/tmp/cirrus-ci-build/depends/x86_64-apple-darwin/native/lib/clang/10.0.1/include -Xclang -internal-externc-isystem/tmp/cirrus-ci-build/depends/SDKs/Xcode-12.2-12B45b-extracted-SDK-with-libcxx-headers/usr/include linker (/tmp/cirrus-ci-build/depends/x86_64-apple-darwin/native/bin/x86_64-apple-darwin-ld) supports shared libraries... yes
checking dynamic linker characteristics... darwin dyld
checking how to hardcode library paths into programs... immediate
checking whether stripping libraries is possible... yes
checking if libtool supports shared libraries... yes
checking whether to build shared libraries... yes
checking whether to build static libraries... yes
checking how to run the C++ preprocessor... env -u C_INCLUDE_PATH -u CPLUS_INCLUDE_PATH -u OBJC_INCLUDE_PATH -u OBJCPLUS_INCLUDE_PATH -u CPATH -u LIBRARY_PATH /tmp/cirrus-ci-build/depends/x86_64-apple-darwin/native/bin/clang++ --target=x86_64-apple-darwin -mmacosx-version-min=10.15 -B/tmp/cirrus-ci-build/depends/x86_64-apple-darwin/native/bin -mlinker-version=609 -isysroot/tmp/cirrus-ci-build/depends/SDKs/Xcode-12.2-12B45b-extracted-SDK-with-libcxx-headers -stdlib=libc++ -stdlib++-isystem/tmp/cirrus-ci-build/depends/SDKs/Xcode-12.2-12B45b-extracted-SDK-with-libcxx-headers/usr/include/c++/v1 -Xclang -internal-externc-isystem/tmp/cirrus-ci-build/depends/x86_64-apple-darwin/native/lib/clang/10.0.1/include -Xclang -internal-externc-isystem/tmp/cirrus-ci-build/depends/SDKs/Xcode-12.2-12B45b-extracted-SDK-with-libcxx-headers/usr/include -std=c++17 -E
checking for ld used by env -u C_INCLUDE_PATH -u CPLUS_INCLUDE_PATH -u OBJC_INCLUDE_PATH -u OBJCPLUS_INCLUDE_PATH -u CPATH -u LIBRARY_PATH /tmp/cirrus-ci-build/depends/x86_64-apple-darwin/native/bin/clang++ --target=x86_64-apple-darwin -mmacosx-version-min=10.15 -B/tmp/cirrus-ci-build/depends/x86_64-apple-darwin/native/bin -mlinker-version=609 -isysroot/tmp/cirrus-ci-build/depends/SDKs/Xcode-12.2-12B45b-extracted-SDK-with-libcxx-headers -stdlib=libc++ -stdlib++-isystem/tmp/cirrus-ci-build/depends/SDKs/Xcode-12.2-12B45b-extracted-SDK-with-libcxx-headers/usr/include/c++/v1 -Xclang -internal-externc-isystem/tmp/cirrus-ci-build/depends/x86_64-apple-darwin/native/lib/clang/10.0.1/include -Xclang -internal-externc-isystem/tmp/cirrus-ci-build/depends/SDKs/Xcode-12.2-12B45b-extracted-SDK-with-libcxx-headers/usr/include -std=c++17... /tmp/cirrus-ci-build/depends/x86_64-apple-darwin/native/bin/x86_64-apple-darwin-ld
checking if the linker (/tmp/cirrus-ci-build/depends/x86_64-apple-darwin/native/bin/x86_64-apple-darwin-ld) is GNU ld... no
checking whether the env -u C_INCLUDE_PATH -u CPLUS_INCLUDE_PATH -u OBJC_INCLUDE_PATH -u OBJCPLUS_INCLUDE_PATH -u CPATH -u LIBRARY_PATH /tmp/cirrus-ci-build/depends/x86_64-apple-darwin/native/bin/clang++ --target=x86_64-apple-darwin -mmacosx-version-min=10.15 -B/tmp/cirrus-ci-build/depends/x86_64-apple-darwin/native/bin -mlinker-version=609 -isysroot/tmp/cirrus-ci-build/depends/SDKs/Xcode-12.2-12B45b-extracted-SDK-with-libcxx-headers -stdlib=libc++ -stdlib++-isystem/tmp/cirrus-ci-build/depends/SDKs/Xcode-12.2-12B45b-extracted-SDK-with-libcxx-headers/usr/include/c++/v1 -Xclang -internal-externc-isystem/tmp/cirrus-ci-build/depends/x86_64-apple-darwin/native/lib/clang/10.0.1/include -Xclang -internal-externc-isystem/tmp/cirrus-ci-build/depends/SDKs/Xcode-12.2-12B45b-extracted-SDK-with-libcxx-headers/usr/include -std=c++17 linker (/tmp/cirrus-ci-build/depends/x86_64-apple-darwin/native/bin/x86_64-apple-darwin-ld) supports shared libraries... yes
checking for env -u C_INCLUDE_PATH -u CPLUS_INCLUDE_PATH -u OBJC_INCLUDE_PATH -u OBJCPLUS_INCLUDE_PATH -u CPATH -u LIBRARY_PATH /tmp/cirrus-ci-build/depends/x86_64-apple-darwin/native/bin/clang++ --target=x86_64-apple-darwin -mmacosx-version-min=10.15 -B/tmp/cirrus-ci-build/depends/x86_64-apple-darwin/native/bin -mlinker-version=609 -isysroot/tmp/cirrus-ci-build/depends/SDKs/Xcode-12.2-12B45b-extracted-SDK-with-libcxx-headers -stdlib=libc++ -stdlib++-isystem/tmp/cirrus-ci-build/depends/SDKs/Xcode-12.2-12B45b-extracted-SDK-with-libcxx-headers/usr/include/c++/v1 -Xclang -internal-externc-isystem/tmp/cirrus-ci-build/depends/x86_64-apple-darwin/native/lib/clang/10.0.1/include -Xclang -internal-externc-isystem/tmp/cirrus-ci-build/depends/SDKs/Xcode-12.2-12B45b-extracted-SDK-with-libcxx-headers/usr/include -std=c++17 option to produce PIC... -fno-common -DPIC
checking if env -u C_INCLUDE_PATH -u CPLUS_INCLUDE_PATH -u OBJC_INCLUDE_PATH -u OBJCPLUS_INCLUDE_PATH -u CPATH -u LIBRARY_PATH /tmp/cirrus-ci-build/depends/x86_64-apple-darwin/native/bin/clang++ --target=x86_64-apple-darwin -mmacosx-version-min=10.15 -B/tmp/cirrus-ci-build/depends/x86_64-apple-darwin/native/bin -mlinker-version=609 -isysroot/tmp/cirrus-ci-build/depends/SDKs/Xcode-12.2-12B45b-extracted-SDK-with-libcxx-headers -stdlib=libc++ -stdlib++-isystem/tmp/cirrus-ci-build/depends/SDKs/Xcode-12.2-12B45b-extracted-SDK-with-libcxx-headers/usr/include/c++/v1 -Xclang -internal-externc-isystem/tmp/cirrus-ci-build/depends/x86_64-apple-darwin/native/lib/clang/10.0.1/include -Xclang -internal-externc-isystem/tmp/cirrus-ci-build/depends/SDKs/Xcode-12.2-12B45b-extracted-SDK-with-libcxx-headers/usr/include -std=c++17 PIC flag -fno-common -DPIC works... yes
checking if env -u C_INCLUDE_PATH -u CPLUS_INCLUDE_PATH -u OBJC_INCLUDE_PATH -u OBJCPLUS_INCLUDE_PATH -u CPATH -u LIBRARY_PATH /tmp/cirrus-ci-build/depends/x86_64-apple-darwin/native/bin/clang++ --target=x86_64-apple-darwin -mmacosx-version-min=10.15 -B/tmp/cirrus-ci-build/depends/x86_64-apple-darwin/native/bin -mlinker-version=609 -isysroot/tmp/cirrus-ci-build/depends/SDKs/Xcode-12.2-12B45b-extracted-SDK-with-libcxx-headers -stdlib=libc++ -stdlib++-isystem/tmp/cirrus-ci-build/depends/SDKs/Xcode-12.2-12B45b-extracted-SDK-with-libcxx-headers/usr/include/c++/v1 -Xclang -internal-externc-isystem/tmp/cirrus-ci-build/depends/x86_64-apple-darwin/native/lib/clang/10.0.1/include -Xclang -internal-externc-isystem/tmp/cirrus-ci-build/depends/SDKs/Xcode-12.2-12B45b-extracted-SDK-with-libcxx-headers/usr/include -std=c++17 static flag -static works... no
checking if env -u C_INCLUDE_PATH -u CPLUS_INCLUDE_PATH -u OBJC_INCLUDE_PATH -u OBJCPLUS_INCLUDE_PATH -u CPATH -u LIBRARY_PATH /tmp/cirrus-ci-build/depends/x86_64-apple-darwin/native/bin/clang++ --target=x86_64-apple-darwin -mmacosx-version-min=10.15 -B/tmp/cirrus-ci-build/depends/x86_64-apple-darwin/native/bin -mlinker-version=609 -isysroot/tmp/cirrus-ci-build/depends/SDKs/Xcode-12.2-12B45b-extracted-SDK-with-libcxx-headers -stdlib=libc++ -stdlib++-isystem/tmp/cirrus-ci-build/depends/SDKs/Xcode-12.2-12B45b-extracted-SDK-with-libcxx-headers/usr/include/c++/v1 -Xclang -internal-externc-isystem/tmp/cirrus-ci-build/depends/x86_64-apple-darwin/native/lib/clang/10.0.1/include -Xclang -internal-externc-isystem/tmp/cirrus-ci-build/depends/SDKs/Xcode-12.2-12B45b-extracted-SDK-with-libcxx-headers/usr/include -std=c++17 supports -c -o file.o... yes
checking if env -u C_INCLUDE_PATH -u CPLUS_INCLUDE_PATH -u OBJC_INCLUDE_PATH -u OBJCPLUS_INCLUDE_PATH -u CPATH -u LIBRARY_PATH /tmp/cirrus-ci-build/depends/x86_64-apple-darwin/native/bin/clang++ --target=x86_64-apple-darwin -mmacosx-version-min=10.15 -B/tmp/cirrus-ci-build/depends/x86_64-apple-darwin/native/bin -mlinker-version=609 -isysroot/tmp/cirrus-ci-build/depends/SDKs/Xcode-12.2-12B45b-extracted-SDK-with-libcxx-headers -stdlib=libc++ -stdlib++-isystem/tmp/cirrus-ci-build/depends/SDKs/Xcode-12.2-12B45b-extracted-SDK-with-libcxx-headers/usr/include/c++/v1 -Xclang -internal-externc-isystem/tmp/cirrus-ci-build/depends/x86_64-apple-darwin/native/lib/clang/10.0.1/include -Xclang -internal-externc-isystem/tmp/cirrus-ci-build/depends/SDKs/Xcode-12.2-12B45b-extracted-SDK-with-libcxx-headers/usr/include -std=c++17 supports -c -o file.o... (cached) yes
checking whether the env -u C_INCLUDE_PATH -u CPLUS_INCLUDE_PATH -u OBJC_INCLUDE_PATH -u OBJCPLUS_INCLUDE_PATH -u CPATH -u LIBRARY_PATH /tmp/cirrus-ci-build/depends/x86_64-apple-darwin/native/bin/clang++ --target=x86_64-apple-darwin -mmacosx-version-min=10.15 -B/tmp/cirrus-ci-build/depends/x86_64-apple-darwin/native/bin -mlinker-version=609 -isysroot/tmp/cirrus-ci-build/depends/SDKs/Xcode-12.2-12B45b-extracted-SDK-with-libcxx-headers -stdlib=libc++ -stdlib++-isystem/tmp/cirrus-ci-build/depends/SDKs/Xcode-12.2-12B45b-extracted-SDK-with-libcxx-headers/usr/include/c++/v1 -Xclang -internal-externc-isystem/tmp/cirrus-ci-build/depends/x86_64-apple-darwin/native/lib/clang/10.0.1/include -Xclang -internal-externc-isystem/tmp/cirrus-ci-build/depends/SDKs/Xcode-12.2-12B45b-extracted-SDK-with-libcxx-headers/usr/include -std=c++17 linker (/tmp/cirrus-ci-build/depends/x86_64-apple-darwin/native/bin/x86_64-apple-darwin-ld) supports shared libraries... yes
checking dynamic linker characteristics... darwin dyld
checking how to hardcode library paths into programs... immediate
checking for x86_64-apple-darwin-ar... (cached) /tmp/cirrus-ci-build/depends/x86_64-apple-darwin/native/bin/x86_64-apple-darwin-ar
checking for x86_64-apple-darwin-gcov... no
checking for gcov... /usr/bin/gcov
checking for x86_64-apple-darwin-llvm-cov... no
checking for llvm-cov... no
checking for lcov... no
checking for python3.6... no
checking for python3.7... no
checking for python3.8... /usr/bin/python3.8
checking for genhtml... no
checking for git... /usr/bin/git
checking for ccache... /usr/bin/ccache
checking for xgettext... no
checking for hexdump... /usr/bin/hexdump
checking for x86_64-apple-darwin-objcopy... no
checking for objcopy... /usr/bin/objcopy
checking for doxygen... no
checking whether C++ compiler accepts -Werror... yes
checking whether the linker accepts -Wl,-fatal_warnings... yes
checking whether C++ compiler accepts -Werror=return-type... yes
checking whether C++ compiler accepts -fno-extended-identifiers... no
checking whether C++ compiler accepts -msse4.2... yes
checking whether C++ compiler accepts -msse4.1... yes
checking whether C++ compiler accepts -mavx -mavx2... yes
checking whether C++ compiler accepts -msse4 -msha... yes
checking whether C++ compiler accepts -mpclmul... yes
checking for SSE4.2 intrinsics... yes
checking for SSE4.1 intrinsics... yes
checking for AVX2 intrinsics... yes
checking for x86 SHA-NI intrinsics... yes
checking whether C++ compiler accepts -march=armv8-a+crc+crypto... no
checking whether C++ compiler accepts -march=armv8-a+crc+crypto... (cached) no
checking for ARMv8 CRC32 intrinsics... no
checking for ARMv8 SHA-NI intrinsics... no
checking for x86_64-apple-darwin-dsymutil... (cached) /tmp/cirrus-ci-build/depends/x86_64-apple-darwin/native/bin/x86_64-apple-darwin-dsymutil
checking for x86_64-apple-darwin-install_name_tool... (cached) /tmp/cirrus-ci-build/depends/x86_64-apple-darwin/native/bin/x86_64-apple-darwin-install_name_tool
checking for x86_64-apple-darwin-otool... (cached) /tmp/cirrus-ci-build/depends/x86_64-apple-darwin/native/bin/x86_64-apple-darwin-otool
checking for xorrisofs... /usr/bin/xorrisofs
checking whether the linker accepts -Wl,-headerpad_max_install_names... yes
checking whether byte ordering is bigendian... no
checking whether env -u C_INCLUDE_PATH -u CPLUS_INCLUDE_PATH -u OBJC_INCLUDE_PATH -u OBJCPLUS_INCLUDE_PATH -u CPATH -u LIBRARY_PATH /tmp/cirrus-ci-build/depends/x86_64-apple-darwin/native/bin/clang --target=x86_64-apple-darwin -mmacosx-version-min=10.15 -B/tmp/cirrus-ci-build/depends/x86_64-apple-darwin/native/bin -mlinker-version=609 -isysroot/tmp/cirrus-ci-build/depends/SDKs/Xcode-12.2-12B45b-extracted-SDK-with-libcxx-headers -Xclang -internal-externc-isystem/tmp/cirrus-ci-build/depends/x86_64-apple-darwin/native/lib/clang/10.0.1/include -Xclang -internal-externc-isystem/tmp/cirrus-ci-build/depends/SDKs/Xcode-12.2-12B45b-extracted-SDK-with-libcxx-headers/usr/include is Clang... yes
checking whether pthreads work with "-pthread" and "-lpthread"... yes
checking whether Clang needs flag to prevent "argument unused" warning when linking with -pthread... no
checking for joinable pthread attribute... PTHREAD_CREATE_JOINABLE
checking whether more special flags are required for pthreads... no
checking for PTHREAD_PRIO_INHERIT... yes
checking whether std::atomic can be used without link library... yes
checking for special C compiler options needed for large files... no
checking for _FILE_OFFSET_BITS value needed for large files... no
checking whether strerror_r is declared... yes
checking for strerror_r... yes
checking whether strerror_r returns char *... no
checking for library containing clock_gettime... none required
checking whether C++ compiler accepts -fPIC... yes
checking whether C++ compiler accepts -fstack-reuse=none... no
checking whether C++ compiler accepts -Wstack-protector... yes
checking whether C++ compiler accepts -fstack-protector-all... yes
checking whether C++ compiler accepts -fcf-protection=full... yes
checking whether C++ compiler accepts -fstack-clash-protection... no
checking whether C++ preprocessor accepts -D_FORTIFY_SOURCE=2... yes
checking whether C++ preprocessor accepts -U_FORTIFY_SOURCE... yes
checking whether the linker accepts -Wl,--enable-reloc-section... no
checking whether the linker accepts -Wl,--dynamicbase... no
checking whether the linker accepts -Wl,--nxcompat... no
checking whether the linker accepts -Wl,--high-entropy-va... no
checking whether the linker accepts -Wl,-z,relro... no
checking whether the linker accepts -Wl,-z,now... no
checking whether the linker accepts -Wl,-z,separate-code... no
checking whether the linker accepts -fPIE -pie... no
checking whether the linker accepts -Wl,-dead_strip... yes
checking whether the linker accepts -Wl,-dead_strip_dylibs... yes
checking whether the linker accepts -Wl,-bind_at_load... yes
checking endian.h usability... no
checking endian.h presence... no
checking for endian.h... no
checking sys/endian.h usability... no
checking sys/endian.h presence... no
checking for sys/endian.h... no
checking byteswap.h usability... no
checking byteswap.h presence... no
checking for byteswap.h... no
checking stdio.h usability... yes
checking stdio.h presence... yes
checking for stdio.h... yes
checking for stdlib.h... (cached) yes
checking for unistd.h... (cached) yes
checking for strings.h... (cached) yes
checking for sys/types.h... (cached) yes
checking for sys/stat.h... (cached) yes
checking sys/select.h usability... yes
checking sys/select.h presence... yes
checking for sys/select.h... yes
checking sys/prctl.h usability... no
checking sys/prctl.h presence... no
checking for sys/prctl.h... no
checking sys/sysctl.h usability... yes
checking sys/sysctl.h presence... yes
checking for sys/sysctl.h... yes
checking vm/vm_param.h usability... no
checking vm/vm_param.h presence... no
checking for vm/vm_param.h... no
checking sys/vmmeter.h usability... yes
checking sys/vmmeter.h presence... yes
checking for sys/vmmeter.h... yes
checking sys/resources.h usability... no
checking sys/resources.h presence... no
checking for sys/resources.h... no
checking whether getifaddrs is declared... yes
checking whether ifaddrs funcs can be used without link library... yes
checking whether freeifaddrs is declared... yes
checking whether ifaddrs funcs can be used without link library... yes
checking whether fork is declared... yes
checking whether setsid is declared... yes
checking whether pipe2 is declared... no
checking for timingsafe_bcmp... yes
checking whether le16toh is declared... no
checking whether le32toh is declared... no
checking whether le64toh is declared... no
checking whether htole16 is declared... no
checking whether htole32 is declared... no
checking whether htole64 is declared... no
checking whether be16toh is declared... no
checking whether be32toh is declared... no
checking whether be64toh is declared... no
checking whether htobe16 is declared... no
checking whether htobe32 is declared... no
checking whether htobe64 is declared... no
checking whether bswap_16 is declared... no
checking whether bswap_32 is declared... no
checking whether bswap_64 is declared... no
checking for __builtin_clzl... yes
checking for __builtin_clzll... yes
checking for getmemoryinfo... no
checking for mallopt M_ARENA_MAX... no
checking for posix_fallocate... no
checking for default visibility attribute... yes
checking for dllexport attribute... no
checking for thread_local support... yes
checking for gmtime_r... yes
checking for Linux getrandom syscall... no
checking for getentropy via random.h... yes
checking for sysctl... yes
checking for sysctl KERN_ARND... no
checking for if type char equals int8_t... no
checking for fdatasync... no
checking for F_FULLFSYNC... yes
checking for O_CLOEXEC... yes
checking for __builtin_prefetch... yes
checking for _mm_prefetch... yes
checking for strong getauxval support in the system headers... no
checking for std::system... yes
checking for ::_wsystem... no
checking for QT_CORE... yes
checking for QT_GUI... yes
checking for QT_WIDGETS... yes
checking for QT_NETWORK... yes
checking for QT_TEST... yes
checking for QT_DBUS... no
checking for static Qt... yes
checking for QT_ACCESSIBILITY... yes
checking for QT_DEVICEDISCOVERY... yes
checking for QT_EDID... yes
checking for QT_EVENTDISPATCHER... yes
checking for QT_FB... yes
checking for QT_FONTDATABASE... yes
checking for QT_THEME... yes
checking for QT_CLIPBOARD... yes
checking for QT_GRAPHICS... yes
checking for QT_SERVICE... yes
checking for QMinimalIntegrationPlugin (-lqminimal)... yes
checking whether the linker accepts -framework Carbon... yes
checking whether the linker accepts -framework IOSurface... yes
checking whether the linker accepts -framework Metal... yes
checking whether the linker accepts -framework QuartzCore... yes
checking for QCocoaIntegrationPlugin (-lqcocoa)... yes
checking for QMacStylePlugin (-lqmacstyle)... yes
checking whether -fPIE can be used with this Qt config... yes
checking for moc-qt5... no
checking for moc5... no
checking for moc... /tmp/cirrus-ci-build/depends/x86_64-apple-darwin/native/bin/moc
checking for uic-qt5... no
checking for uic5... no
checking for uic... /tmp/cirrus-ci-build/depends/x86_64-apple-darwin/native/bin/uic
checking for rcc-qt5... no
checking for rcc5... no
checking for rcc... /tmp/cirrus-ci-build/depends/x86_64-apple-darwin/native/bin/rcc
checking for lrelease-qt5... no
checking for lrelease5... no
checking for lrelease... /tmp/cirrus-ci-build/depends/x86_64-apple-darwin/native/bin/lrelease
checking for lupdate-qt5... no
checking for lupdate5... no
checking for lupdate... /tmp/cirrus-ci-build/depends/x86_64-apple-darwin/native/bin/lupdate
checking for lconvert-qt5... no
checking for lconvert5... no
checking for lconvert... /tmp/cirrus-ci-build/depends/x86_64-apple-darwin/native/bin/lconvert
checking whether the linker accepts -framework Foundation -framework AppKit... yes
checking whether to build Bitcoin Core GUI... yes (Qt5)
checking whether main function is needed for fuzz binary... checking whether the linker accepts ... no
yes
checking for __builtin_mul_overflow... yes
checking for Berkeley DB C++ headers... default
checking for main in -ldb_cxx-4.8... yes
checking for SQLITE... yes
checking whether to build wallet with support for sqlite... yes
checking whether Userspace, Statically Defined Tracing tracepoints are supported... no
checking miniupnpc/miniupnpc.h usability... yes
checking miniupnpc/miniupnpc.h presence... yes
checking for miniupnpc/miniupnpc.h... yes
checking for upnpDiscover in -lminiupnpc... yes
checking miniupnpc/upnpcommands.h usability... yes
checking miniupnpc/upnpcommands.h presence... yes
checking for miniupnpc/upnpcommands.h... yes
checking for upnpDiscover in -lminiupnpc... (cached) yes
checking miniupnpc/upnperrors.h usability... yes
checking miniupnpc/upnperrors.h presence... yes
checking for miniupnpc/upnperrors.h... yes
checking for upnpDiscover in -lminiupnpc... (cached) yes
checking whether miniUPnPc API version is supported... yes
checking natpmp.h usability... yes
checking natpmp.h presence... yes
checking for natpmp.h... yes
checking for initnatpmp in -lnatpmp... yes
checking for boostlib >= 1.64.0 (106400) includes in "/tmp/cirrus-ci-build/depends/x86_64-apple-darwin/include"... yes
checking for boostlib >= 1.64.0 (106400) lib path in "/tmp/cirrus-ci-build/depends/x86_64-apple-darwin/lib/x86_64-darwin"... no
checking for boostlib >= 1.64.0 (106400) lib path in "/tmp/cirrus-ci-build/depends/x86_64-apple-darwin/lib64"... no
checking for boostlib >= 1.64.0 (106400) lib path in "/tmp/cirrus-ci-build/depends/x86_64-apple-darwin/libx32"... no
checking for boostlib >= 1.64.0 (106400) lib path in "/tmp/cirrus-ci-build/depends/x86_64-apple-darwin/lib"... yes
checking for boostlib >= 1.64.0 (106400)... yes
checking whether Boost.Process can be used... yes
checking for seccomp-bpf (Linux x86-64)... no
checking whether C++ compiler accepts -fvisibility=hidden... yes
checking whether the linker accepts -Wl,--exclude-libs,ALL... no
checking for EVENT... yes
checking for EVENT_PTHREADS... yes
checking if evhttp_connection_get_peer expects const char**... no
checking for QR... yes
checking for ZMQ... yes
checking for LIBMULTIPROCESS... no
checking whether to build bitcoind... yes
checking whether to build bitcoin-cli... yes
checking whether to build bitcoin-tx... yes
checking whether to build bitcoin-wallet... yes
checking whether to build bitcoin-util... yes
checking whether to build experimental bitcoin-chainstate... no
checking whether to build libraries... yes
checking if ccache should be used... yes
checking whether C compiler accepts -fdebug-prefix-map=A=B... yes
checking whether C preprocessor accepts -fmacro-prefix-map=A=B... yes
checking if wallet should be enabled... yes
checking whether to build with support for UPnP... yes
checking whether to build with UPnP enabled by default... no
checking whether to build with support for NAT-PMP... yes
checking whether to build with NAT-PMP enabled by default... no
checking whether to build GUI with support for D-Bus... no
checking whether to build GUI with support for QR codes... yes
configure: WARNING: xgettext is required to update qt translations
checking whether to build test_bitcoin-qt... yes
checking whether to build test_bitcoin... yes
checking whether to reduce exports... yes
configure: updating cache config.cache
checking that generated files are newer than configure... done
configure: creating ./config.status
config.status: creating libbitcoinconsensus.pc
config.status: creating Makefile
config.status: creating src/Makefile
config.status: creating doc/man/Makefile
config.status: creating share/setup.nsi
config.status: creating share/qt/Info.plist
config.status: creating test/config.ini
config.status: creating contrib/devtools/split-debug.sh
config.status: creating src/config/bitcoin-config.h
config.status: linking /tmp/cirrus-ci-build/contrib/devtools/security-check.py to contrib/devtools/security-check.py
config.status: linking /tmp/cirrus-ci-build/contrib/devtools/symbol-check.py to contrib/devtools/symbol-check.py
config.status: linking /tmp/cirrus-ci-build/contrib/devtools/test-security-check.py to contrib/devtools/test-security-check.py
config.status: linking /tmp/cirrus-ci-build/contrib/devtools/test-symbol-check.py to contrib/devtools/test-symbol-check.py
config.status: linking /tmp/cirrus-ci-build/contrib/devtools/iwyu/bitcoin.core.imp to contrib/devtools/iwyu/bitcoin.core.imp
config.status: linking /tmp/cirrus-ci-build/contrib/filter-lcov.py to contrib/filter-lcov.py
config.status: linking /tmp/cirrus-ci-build/contrib/macdeploy/background.tiff to contrib/macdeploy/background.tiff
config.status: linking /tmp/cirrus-ci-build/src/.bear-tidy-config to src/.bear-tidy-config
config.status: linking /tmp/cirrus-ci-build/src/.clang-tidy to src/.clang-tidy
config.status: linking /tmp/cirrus-ci-build/test/functional/test_runner.py to test/functional/test_runner.py
config.status: linking /tmp/cirrus-ci-build/test/fuzz/test_runner.py to test/fuzz/test_runner.py
config.status: linking /tmp/cirrus-ci-build/test/util/test_runner.py to test/util/test_runner.py
config.status: linking /tmp/cirrus-ci-build/test/util/rpcauth-test.py to test/util/rpcauth-test.py
config.status: linking /tmp/cirrus-ci-build/src/qt/Makefile to src/qt/Makefile
config.status: linking /tmp/cirrus-ci-build/src/qt/test/Makefile to src/qt/test/Makefile
config.status: linking /tmp/cirrus-ci-build/src/test/Makefile to src/test/Makefile
config.status: executing depfiles commands
config.status: executing libtool commands
=== configuring in src/secp256k1 (/tmp/cirrus-ci-build/ci/scratch/build/src/secp256k1)
configure: running /bin/bash /tmp/cirrus-ci-build/src/secp256k1/configure --disable-option-checking '--prefix=/tmp/cirrus-ci-build/depends/x86_64-apple-darwin'  '--enable-suppress-external-warnings' '--disable-dependency-tracking' '--enable-werror' '--enable-external-signer' '--bindir=/tmp/cirrus-ci-build/ci/scratch/out/x86_64-apple-darwin/bin' '--libdir=/tmp/cirrus-ci-build/ci/scratch/out/x86_64-apple-darwin/lib' '--with-gui' '--enable-reduce-exports' '--disable-shared' '--with-pic' '--enable-benchmark=no' '--enable-module-recovery' '--enable-module-schnorrsig' --cache-file=../../config.cache --srcdir=/tmp/cirrus-ci-build/src/secp256k1
configure: loading site script /tmp/cirrus-ci-build/depends/x86_64-apple-darwin/share/config.site
configure: loading cache ../../config.cache
checking build system type... (cached) x86_64-pc-linux-gnu
checking host system type... (cached) x86_64-apple-darwin
checking for a BSD-compatible install... (cached) /usr/bin/install -c
checking whether build environment is sane... yes
checking for x86_64-apple-darwin-strip... (cached) /tmp/cirrus-ci-build/depends/x86_64-apple-darwin/native/bin/x86_64-apple-darwin-strip
checking for a thread-safe mkdir -p... (cached) /usr/bin/mkdir -p
checking for gawk... (cached) mawk
checking whether make sets $(MAKE)... (cached) yes
checking whether make supports nested variables... (cached) yes
checking whether make supports nested variables... (cached) yes
checking for x86_64-apple-darwin-gcc... (cached) env -u C_INCLUDE_PATH -u CPLUS_INCLUDE_PATH -u OBJC_INCLUDE_PATH -u OBJCPLUS_INCLUDE_PATH -u CPATH -u LIBRARY_PATH /tmp/cirrus-ci-build/depends/x86_64-apple-darwin/native/bin/clang --target=x86_64-apple-darwin -mmacosx-version-min=10.15 -B/tmp/cirrus-ci-build/depends/x86_64-apple-darwin/native/bin -mlinker-version=609 -isysroot/tmp/cirrus-ci-build/depends/SDKs/Xcode-12.2-12B45b-extracted-SDK-with-libcxx-headers -Xclang -internal-externc-isystem/tmp/cirrus-ci-build/depends/x86_64-apple-darwin/native/lib/clang/10.0.1/include -Xclang -internal-externc-isystem/tmp/cirrus-ci-build/depends/SDKs/Xcode-12.2-12B45b-extracted-SDK-with-libcxx-headers/usr/include
checking whether the C compiler works... yes
checking for C compiler default output file name... a.out
checking for suffix of executables... 
checking whether we are cross compiling... yes
checking for suffix of object files... (cached) o
checking whether we are using the GNU C compiler... (cached) yes
checking whether env -u C_INCLUDE_PATH -u CPLUS_INCLUDE_PATH -u OBJC_INCLUDE_PATH -u OBJCPLUS_INCLUDE_PATH -u CPATH -u LIBRARY_PATH /tmp/cirrus-ci-build/depends/x86_64-apple-darwin/native/bin/clang --target=x86_64-apple-darwin -mmacosx-version-min=10.15 -B/tmp/cirrus-ci-build/depends/x86_64-apple-darwin/native/bin -mlinker-version=609 -isysroot/tmp/cirrus-ci-build/depends/SDKs/Xcode-12.2-12B45b-extracted-SDK-with-libcxx-headers -Xclang -internal-externc-isystem/tmp/cirrus-ci-build/depends/x86_64-apple-darwin/native/lib/clang/10.0.1/include -Xclang -internal-externc-isystem/tmp/cirrus-ci-build/depends/SDKs/Xcode-12.2-12B45b-extracted-SDK-with-libcxx-headers/usr/include accepts -g... (cached) yes
checking for env -u C_INCLUDE_PATH -u CPLUS_INCLUDE_PATH -u OBJC_INCLUDE_PATH -u OBJCPLUS_INCLUDE_PATH -u CPATH -u LIBRARY_PATH /tmp/cirrus-ci-build/depends/x86_64-apple-darwin/native/bin/clang --target=x86_64-apple-darwin -mmacosx-version-min=10.15 -B/tmp/cirrus-ci-build/depends/x86_64-apple-darwin/native/bin -mlinker-version=609 -isysroot/tmp/cirrus-ci-build/depends/SDKs/Xcode-12.2-12B45b-extracted-SDK-with-libcxx-headers -Xclang -internal-externc-isystem/tmp/cirrus-ci-build/depends/x86_64-apple-darwin/native/lib/clang/10.0.1/include -Xclang -internal-externc-isystem/tmp/cirrus-ci-build/depends/SDKs/Xcode-12.2-12B45b-extracted-SDK-with-libcxx-headers/usr/include option to accept ISO C89... (cached) none needed
checking whether env -u C_INCLUDE_PATH -u CPLUS_INCLUDE_PATH -u OBJC_INCLUDE_PATH -u OBJCPLUS_INCLUDE_PATH -u CPATH -u LIBRARY_PATH /tmp/cirrus-ci-build/depends/x86_64-apple-darwin/native/bin/clang --target=x86_64-apple-darwin -mmacosx-version-min=10.15 -B/tmp/cirrus-ci-build/depends/x86_64-apple-darwin/native/bin -mlinker-version=609 -isysroot/tmp/cirrus-ci-build/depends/SDKs/Xcode-12.2-12B45b-extracted-SDK-with-libcxx-headers -Xclang -internal-externc-isystem/tmp/cirrus-ci-build/depends/x86_64-apple-darwin/native/lib/clang/10.0.1/include -Xclang -internal-externc-isystem/tmp/cirrus-ci-build/depends/SDKs/Xcode-12.2-12B45b-extracted-SDK-with-libcxx-headers/usr/include understands -c and -o together... (cached) yes
checking whether make supports the include directive... yes (GNU style)
checking dependency style of env -u C_INCLUDE_PATH -u CPLUS_INCLUDE_PATH -u OBJC_INCLUDE_PATH -u OBJCPLUS_INCLUDE_PATH -u CPATH -u LIBRARY_PATH /tmp/cirrus-ci-build/depends/x86_64-apple-darwin/native/bin/clang --target=x86_64-apple-darwin -mmacosx-version-min=10.15 -B/tmp/cirrus-ci-build/depends/x86_64-apple-darwin/native/bin -mlinker-version=609 -isysroot/tmp/cirrus-ci-build/depends/SDKs/Xcode-12.2-12B45b-extracted-SDK-with-libcxx-headers -Xclang -internal-externc-isystem/tmp/cirrus-ci-build/depends/x86_64-apple-darwin/native/lib/clang/10.0.1/include -Xclang -internal-externc-isystem/tmp/cirrus-ci-build/depends/SDKs/Xcode-12.2-12B45b-extracted-SDK-with-libcxx-headers/usr/include... (cached) none
checking dependency style of env -u C_INCLUDE_PATH -u CPLUS_INCLUDE_PATH -u OBJC_INCLUDE_PATH -u OBJCPLUS_INCLUDE_PATH -u CPATH -u LIBRARY_PATH /tmp/cirrus-ci-build/depends/x86_64-apple-darwin/native/bin/clang --target=x86_64-apple-darwin -mmacosx-version-min=10.15 -B/tmp/cirrus-ci-build/depends/x86_64-apple-darwin/native/bin -mlinker-version=609 -isysroot/tmp/cirrus-ci-build/depends/SDKs/Xcode-12.2-12B45b-extracted-SDK-with-libcxx-headers -Xclang -internal-externc-isystem/tmp/cirrus-ci-build/depends/x86_64-apple-darwin/native/lib/clang/10.0.1/include -Xclang -internal-externc-isystem/tmp/cirrus-ci-build/depends/SDKs/Xcode-12.2-12B45b-extracted-SDK-with-libcxx-headers/usr/include... none
checking for x86_64-apple-darwin-ar... (cached) /tmp/cirrus-ci-build/depends/x86_64-apple-darwin/native/bin/x86_64-apple-darwin-ar
checking the archiver (/tmp/cirrus-ci-build/depends/x86_64-apple-darwin/native/bin/x86_64-apple-darwin-ar) interface... ar
checking how to print strings... printf
checking for a sed that does not truncate output... (cached) /usr/bin/sed
checking for grep that handles long lines and -e... (cached) /usr/bin/grep
checking for egrep... (cached) /usr/bin/grep -E
checking for fgrep... (cached) /usr/bin/grep -F
checking for ld used by env -u C_INCLUDE_PATH -u CPLUS_INCLUDE_PATH -u OBJC_INCLUDE_PATH -u OBJCPLUS_INCLUDE_PATH -u CPATH -u LIBRARY_PATH /tmp/cirrus-ci-build/depends/x86_64-apple-darwin/native/bin/clang --target=x86_64-apple-darwin -mmacosx-version-min=10.15 -B/tmp/cirrus-ci-build/depends/x86_64-apple-darwin/native/bin -mlinker-version=609 -isysroot/tmp/cirrus-ci-build/depends/SDKs/Xcode-12.2-12B45b-extracted-SDK-with-libcxx-headers -Xclang -internal-externc-isystem/tmp/cirrus-ci-build/depends/x86_64-apple-darwin/native/lib/clang/10.0.1/include -Xclang -internal-externc-isystem/tmp/cirrus-ci-build/depends/SDKs/Xcode-12.2-12B45b-extracted-SDK-with-libcxx-headers/usr/include... (cached) /tmp/cirrus-ci-build/depends/x86_64-apple-darwin/native/bin/x86_64-apple-darwin-ld
checking if the linker (/tmp/cirrus-ci-build/depends/x86_64-apple-darwin/native/bin/x86_64-apple-darwin-ld) is GNU ld... (cached) no
checking for BSD- or MS-compatible name lister (nm)... (cached) /tmp/cirrus-ci-build/depends/x86_64-apple-darwin/native/bin/x86_64-apple-darwin-nm
checking the name lister (/tmp/cirrus-ci-build/depends/x86_64-apple-darwin/native/bin/x86_64-apple-darwin-nm) interface... (cached) BSD nm
checking whether ln -s works... yes
checking the maximum length of command line arguments... (cached) 1572864
checking how to convert x86_64-pc-linux-gnu file names to x86_64-apple-darwin format... (cached) func_convert_file_noop
checking how to convert x86_64-pc-linux-gnu file names to toolchain format... (cached) func_convert_file_noop
checking for /tmp/cirrus-ci-build/depends/x86_64-apple-darwin/native/bin/x86_64-apple-darwin-ld option to reload object files... (cached) -r
checking for x86_64-apple-darwin-objdump... no
checking for objdump... (cached) objdump
configure: WARNING: using cross tools not prefixed with host triplet
checking how to recognize dependent libraries... (cached) pass_all
checking for x86_64-apple-darwin-dlltool... no
checking for dlltool... no
checking how to associate runtime and link libraries... (cached) printf %s\n
checking for x86_64-apple-darwin-ar... (cached) /tmp/cirrus-ci-build/depends/x86_64-apple-darwin/native/bin/x86_64-apple-darwin-ar
checking for archiver @FILE support... (cached) no
checking for x86_64-apple-darwin-strip... (cached) /tmp/cirrus-ci-build/depends/x86_64-apple-darwin/native/bin/x86_64-apple-darwin-strip
checking for x86_64-apple-darwin-ranlib... (cached) /tmp/cirrus-ci-build/depends/x86_64-apple-darwin/native/bin/x86_64-apple-darwin-ranlib
checking command to parse /tmp/cirrus-ci-build/depends/x86_64-apple-darwin/native/bin/x86_64-apple-darwin-nm output from env -u C_INCLUDE_PATH -u CPLUS_INCLUDE_PATH -u OBJC_INCLUDE_PATH -u OBJCPLUS_INCLUDE_PATH -u CPATH -u LIBRARY_PATH /tmp/cirrus-ci-build/depends/x86_64-apple-darwin/native/bin/clang --target=x86_64-apple-darwin -mmacosx-version-min=10.15 -B/tmp/cirrus-ci-build/depends/x86_64-apple-darwin/native/bin -mlinker-version=609 -isysroot/tmp/cirrus-ci-build/depends/SDKs/Xcode-12.2-12B45b-extracted-SDK-with-libcxx-headers -Xclang -internal-externc-isystem/tmp/cirrus-ci-build/depends/x86_64-apple-darwin/native/lib/clang/10.0.1/include -Xclang -internal-externc-isystem/tmp/cirrus-ci-build/depends/SDKs/Xcode-12.2-12B45b-extracted-SDK-with-libcxx-headers/usr/include object... (cached) ok
checking for sysroot... no
checking for a working dd... (cached) /usr/bin/dd
checking how to truncate binary pipes... (cached) /usr/bin/dd bs=4096 count=1
checking for x86_64-apple-darwin-mt... no
checking for mt... no
checking if : is a manifest tool... (cached) no
checking for x86_64-apple-darwin-dsymutil... (cached) /tmp/cirrus-ci-build/depends/x86_64-apple-darwin/native/bin/x86_64-apple-darwin-dsymutil
checking for x86_64-apple-darwin-nmedit... no
checking for nmedit... no
checking for x86_64-apple-darwin-lipo... no
checking for lipo... no
checking for x86_64-apple-darwin-otool... (cached) /tmp/cirrus-ci-build/depends/x86_64-apple-darwin/native/bin/x86_64-apple-darwin-otool
checking for x86_64-apple-darwin-otool64... no
checking for otool64... no
checking for -single_module linker flag... (cached) yes
checking for -exported_symbols_list linker flag... (cached) yes
checking for -force_load linker flag... (cached) yes
checking how to run the C preprocessor... (cached) env -u C_INCLUDE_PATH -u CPLUS_INCLUDE_PATH -u OBJC_INCLUDE_PATH -u OBJCPLUS_INCLUDE_PATH -u CPATH -u LIBRARY_PATH /tmp/cirrus-ci-build/depends/x86_64-apple-darwin/native/bin/clang --target=x86_64-apple-darwin -mmacosx-version-min=10.15 -B/tmp/cirrus-ci-build/depends/x86_64-apple-darwin/native/bin -mlinker-version=609 -isysroot/tmp/cirrus-ci-build/depends/SDKs/Xcode-12.2-12B45b-extracted-SDK-with-libcxx-headers -Xclang -internal-externc-isystem/tmp/cirrus-ci-build/depends/x86_64-apple-darwin/native/lib/clang/10.0.1/include -Xclang -internal-externc-isystem/tmp/cirrus-ci-build/depends/SDKs/Xcode-12.2-12B45b-extracted-SDK-with-libcxx-headers/usr/include -E
checking for ANSI C header files... (cached) yes
checking for sys/types.h... (cached) yes
checking for sys/stat.h... (cached) yes
checking for stdlib.h... (cached) yes
checking for string.h... (cached) yes
checking for memory.h... (cached) yes
checking for strings.h... (cached) yes
checking for inttypes.h... (cached) yes
checking for stdint.h... (cached) yes
checking for unistd.h... (cached) yes
checking for dlfcn.h... (cached) yes
checking for objdir... (cached) .libs
checking if env -u C_INCLUDE_PATH -u CPLUS_INCLUDE_PATH -u OBJC_INCLUDE_PATH -u OBJCPLUS_INCLUDE_PATH -u CPATH -u LIBRARY_PATH /tmp/cirrus-ci-build/depends/x86_64-apple-darwin/native/bin/clang --target=x86_64-apple-darwin -mmacosx-version-min=10.15 -B/tmp/cirrus-ci-build/depends/x86_64-apple-darwin/native/bin -mlinker-version=609 -isysroot/tmp/cirrus-ci-build/depends/SDKs/Xcode-12.2-12B45b-extracted-SDK-with-libcxx-headers -Xclang -internal-externc-isystem/tmp/cirrus-ci-build/depends/x86_64-apple-darwin/native/lib/clang/10.0.1/include -Xclang -internal-externc-isystem/tmp/cirrus-ci-build/depends/SDKs/Xcode-12.2-12B45b-extracted-SDK-with-libcxx-headers/usr/include supports -fno-rtti -fno-exceptions... (cached) yes
checking for env -u C_INCLUDE_PATH -u CPLUS_INCLUDE_PATH -u OBJC_INCLUDE_PATH -u OBJCPLUS_INCLUDE_PATH -u CPATH -u LIBRARY_PATH /tmp/cirrus-ci-build/depends/x86_64-apple-darwin/native/bin/clang --target=x86_64-apple-darwin -mmacosx-version-min=10.15 -B/tmp/cirrus-ci-build/depends/x86_64-apple-darwin/native/bin -mlinker-version=609 -isysroot/tmp/cirrus-ci-build/depends/SDKs/Xcode-12.2-12B45b-extracted-SDK-with-libcxx-headers -Xclang -internal-externc-isystem/tmp/cirrus-ci-build/depends/x86_64-apple-darwin/native/lib/clang/10.0.1/include -Xclang -internal-externc-isystem/tmp/cirrus-ci-build/depends/SDKs/Xcode-12.2-12B45b-extracted-SDK-with-libcxx-headers/usr/include option to produce PIC... (cached) -fno-common -DPIC
checking if env -u C_INCLUDE_PATH -u CPLUS_INCLUDE_PATH -u OBJC_INCLUDE_PATH -u OBJCPLUS_INCLUDE_PATH -u CPATH -u LIBRARY_PATH /tmp/cirrus-ci-build/depends/x86_64-apple-darwin/native/bin/clang --target=x86_64-apple-darwin -mmacosx-version-min=10.15 -B/tmp/cirrus-ci-build/depends/x86_64-apple-darwin/native/bin -mlinker-version=609 -isysroot/tmp/cirrus-ci-build/depends/SDKs/Xcode-12.2-12B45b-extracted-SDK-with-libcxx-headers -Xclang -internal-externc-isystem/tmp/cirrus-ci-build/depends/x86_64-apple-darwin/native/lib/clang/10.0.1/include -Xclang -internal-externc-isystem/tmp/cirrus-ci-build/depends/SDKs/Xcode-12.2-12B45b-extracted-SDK-with-libcxx-headers/usr/include PIC flag -fno-common -DPIC works... (cached) yes
checking if env -u C_INCLUDE_PATH -u CPLUS_INCLUDE_PATH -u OBJC_INCLUDE_PATH -u OBJCPLUS_INCLUDE_PATH -u CPATH -u LIBRARY_PATH /tmp/cirrus-ci-build/depends/x86_64-apple-darwin/native/bin/clang --target=x86_64-apple-darwin -mmacosx-version-min=10.15 -B/tmp/cirrus-ci-build/depends/x86_64-apple-darwin/native/bin -mlinker-version=609 -isysroot/tmp/cirrus-ci-build/depends/SDKs/Xcode-12.2-12B45b-extracted-SDK-with-libcxx-headers -Xclang -internal-externc-isystem/tmp/cirrus-ci-build/depends/x86_64-apple-darwin/native/lib/clang/10.0.1/include -Xclang -internal-externc-isystem/tmp/cirrus-ci-build/depends/SDKs/Xcode-12.2-12B45b-extracted-SDK-with-libcxx-headers/usr/include static flag -static works... (cached) no
checking if env -u C_INCLUDE_PATH -u CPLUS_INCLUDE_PATH -u OBJC_INCLUDE_PATH -u OBJCPLUS_INCLUDE_PATH -u CPATH -u LIBRARY_PATH /tmp/cirrus-ci-build/depends/x86_64-apple-darwin/native/bin/clang --target=x86_64-apple-darwin -mmacosx-version-min=10.15 -B/tmp/cirrus-ci-build/depends/x86_64-apple-darwin/native/bin -mlinker-version=609 -isysroot/tmp/cirrus-ci-build/depends/SDKs/Xcode-12.2-12B45b-extracted-SDK-with-libcxx-headers -Xclang -internal-externc-isystem/tmp/cirrus-ci-build/depends/x86_64-apple-darwin/native/lib/clang/10.0.1/include -Xclang -internal-externc-isystem/tmp/cirrus-ci-build/depends/SDKs/Xcode-12.2-12B45b-extracted-SDK-with-libcxx-headers/usr/include supports -c -o file.o... (cached) yes
checking if env -u C_INCLUDE_PATH -u CPLUS_INCLUDE_PATH -u OBJC_INCLUDE_PATH -u OBJCPLUS_INCLUDE_PATH -u CPATH -u LIBRARY_PATH /tmp/cirrus-ci-build/depends/x86_64-apple-darwin/native/bin/clang --target=x86_64-apple-darwin -mmacosx-version-min=10.15 -B/tmp/cirrus-ci-build/depends/x86_64-apple-darwin/native/bin -mlinker-version=609 -isysroot/tmp/cirrus-ci-build/depends/SDKs/Xcode-12.2-12B45b-extracted-SDK-with-libcxx-headers -Xclang -internal-externc-isystem/tmp/cirrus-ci-build/depends/x86_64-apple-darwin/native/lib/clang/10.0.1/include -Xclang -internal-externc-isystem/tmp/cirrus-ci-build/depends/SDKs/Xcode-12.2-12B45b-extracted-SDK-with-libcxx-headers/usr/include supports -c -o file.o... (cached) yes
checking whether the env -u C_INCLUDE_PATH -u CPLUS_INCLUDE_PATH -u OBJC_INCLUDE_PATH -u OBJCPLUS_INCLUDE_PATH -u CPATH -u LIBRARY_PATH /tmp/cirrus-ci-build/depends/x86_64-apple-darwin/native/bin/clang --target=x86_64-apple-darwin -mmacosx-version-min=10.15 -B/tmp/cirrus-ci-build/depends/x86_64-apple-darwin/native/bin -mlinker-version=609 -isysroot/tmp/cirrus-ci-build/depends/SDKs/Xcode-12.2-12B45b-extracted-SDK-with-libcxx-headers -Xclang -internal-externc-isystem/tmp/cirrus-ci-build/depends/x86_64-apple-darwin/native/lib/clang/10.0.1/include -Xclang -internal-externc-isystem/tmp/cirrus-ci-build/depends/SDKs/Xcode-12.2-12B45b-extracted-SDK-with-libcxx-headers/usr/include linker (/tmp/cirrus-ci-build/depends/x86_64-apple-darwin/native/bin/x86_64-apple-darwin-ld) supports shared libraries... yes
checking dynamic linker characteristics... darwin dyld
checking how to hardcode library paths into programs... immediate
checking whether stripping libraries is possible... yes
checking if libtool supports shared libraries... yes
checking whether to build shared libraries... no
checking whether to build static libraries... yes
checking if env -u C_INCLUDE_PATH -u CPLUS_INCLUDE_PATH -u OBJC_INCLUDE_PATH -u OBJCPLUS_INCLUDE_PATH -u CPATH -u LIBRARY_PATH /tmp/cirrus-ci-build/depends/x86_64-apple-darwin/native/bin/clang --target=x86_64-apple-darwin -mmacosx-version-min=10.15 -B/tmp/cirrus-ci-build/depends/x86_64-apple-darwin/native/bin -mlinker-version=609 -isysroot/tmp/cirrus-ci-build/depends/SDKs/Xcode-12.2-12B45b-extracted-SDK-with-libcxx-headers -Xclang -internal-externc-isystem/tmp/cirrus-ci-build/depends/x86_64-apple-darwin/native/lib/clang/10.0.1/include -Xclang -internal-externc-isystem/tmp/cirrus-ci-build/depends/SDKs/Xcode-12.2-12B45b-extracted-SDK-with-libcxx-headers/usr/include supports -Werror=unknown-warning-option... yes
checking if env -u C_INCLUDE_PATH -u CPLUS_INCLUDE_PATH -u OBJC_INCLUDE_PATH -u OBJCPLUS_INCLUDE_PATH -u CPATH -u LIBRARY_PATH /tmp/cirrus-ci-build/depends/x86_64-apple-darwin/native/bin/clang --target=x86_64-apple-darwin -mmacosx-version-min=10.15 -B/tmp/cirrus-ci-build/depends/x86_64-apple-darwin/native/bin -mlinker-version=609 -isysroot/tmp/cirrus-ci-build/depends/SDKs/Xcode-12.2-12B45b-extracted-SDK-with-libcxx-headers -Xclang -internal-externc-isystem/tmp/cirrus-ci-build/depends/x86_64-apple-darwin/native/lib/clang/10.0.1/include -Xclang -internal-externc-isystem/tmp/cirrus-ci-build/depends/SDKs/Xcode-12.2-12B45b-extracted-SDK-with-libcxx-headers/usr/include supports -std=c89 -pedantic -Wno-long-long -Wnested-externs -Wshadow -Wstrict-prototypes -Wundef... yes
checking if env -u C_INCLUDE_PATH -u CPLUS_INCLUDE_PATH -u OBJC_INCLUDE_PATH -u OBJCPLUS_INCLUDE_PATH -u CPATH -u LIBRARY_PATH /tmp/cirrus-ci-build/depends/x86_64-apple-darwin/native/bin/clang --target=x86_64-apple-darwin -mmacosx-version-min=10.15 -B/tmp/cirrus-ci-build/depends/x86_64-apple-darwin/native/bin -mlinker-version=609 -isysroot/tmp/cirrus-ci-build/depends/SDKs/Xcode-12.2-12B45b-extracted-SDK-with-libcxx-headers -Xclang -internal-externc-isystem/tmp/cirrus-ci-build/depends/x86_64-apple-darwin/native/lib/clang/10.0.1/include -Xclang -internal-externc-isystem/tmp/cirrus-ci-build/depends/SDKs/Xcode-12.2-12B45b-extracted-SDK-with-libcxx-headers/usr/include supports -Wno-overlength-strings... yes
checking if env -u C_INCLUDE_PATH -u CPLUS_INCLUDE_PATH -u OBJC_INCLUDE_PATH -u OBJCPLUS_INCLUDE_PATH -u CPATH -u LIBRARY_PATH /tmp/cirrus-ci-build/depends/x86_64-apple-darwin/native/bin/clang --target=x86_64-apple-darwin -mmacosx-version-min=10.15 -B/tmp/cirrus-ci-build/depends/x86_64-apple-darwin/native/bin -mlinker-version=609 -isysroot/tmp/cirrus-ci-build/depends/SDKs/Xcode-12.2-12B45b-extracted-SDK-with-libcxx-headers -Xclang -internal-externc-isystem/tmp/cirrus-ci-build/depends/x86_64-apple-darwin/native/lib/clang/10.0.1/include -Xclang -internal-externc-isystem/tmp/cirrus-ci-build/depends/SDKs/Xcode-12.2-12B45b-extracted-SDK-with-libcxx-headers/usr/include supports -Wall... yes
checking if env -u C_INCLUDE_PATH -u CPLUS_INCLUDE_PATH -u OBJC_INCLUDE_PATH -u OBJCPLUS_INCLUDE_PATH -u CPATH -u LIBRARY_PATH /tmp/cirrus-ci-build/depends/x86_64-apple-darwin/native/bin/clang --target=x86_64-apple-darwin -mmacosx-version-min=10.15 -B/tmp/cirrus-ci-build/depends/x86_64-apple-darwin/native/bin -mlinker-version=609 -isysroot/tmp/cirrus-ci-build/depends/SDKs/Xcode-12.2-12B45b-extracted-SDK-with-libcxx-headers -Xclang -internal-externc-isystem/tmp/cirrus-ci-build/depends/x86_64-apple-darwin/native/lib/clang/10.0.1/include -Xclang -internal-externc-isystem/tmp/cirrus-ci-build/depends/SDKs/Xcode-12.2-12B45b-extracted-SDK-with-libcxx-headers/usr/include supports -Wno-unused-function... yes
checking if env -u C_INCLUDE_PATH -u CPLUS_INCLUDE_PATH -u OBJC_INCLUDE_PATH -u OBJCPLUS_INCLUDE_PATH -u CPATH -u LIBRARY_PATH /tmp/cirrus-ci-build/depends/x86_64-apple-darwin/native/bin/clang --target=x86_64-apple-darwin -mmacosx-version-min=10.15 -B/tmp/cirrus-ci-build/depends/x86_64-apple-darwin/native/bin -mlinker-version=609 -isysroot/tmp/cirrus-ci-build/depends/SDKs/Xcode-12.2-12B45b-extracted-SDK-with-libcxx-headers -Xclang -internal-externc-isystem/tmp/cirrus-ci-build/depends/x86_64-apple-darwin/native/lib/clang/10.0.1/include -Xclang -internal-externc-isystem/tmp/cirrus-ci-build/depends/SDKs/Xcode-12.2-12B45b-extracted-SDK-with-libcxx-headers/usr/include supports -Wextra... yes
checking if env -u C_INCLUDE_PATH -u CPLUS_INCLUDE_PATH -u OBJC_INCLUDE_PATH -u OBJCPLUS_INCLUDE_PATH -u CPATH -u LIBRARY_PATH /tmp/cirrus-ci-build/depends/x86_64-apple-darwin/native/bin/clang --target=x86_64-apple-darwin -mmacosx-version-min=10.15 -B/tmp/cirrus-ci-build/depends/x86_64-apple-darwin/native/bin -mlinker-version=609 -isysroot/tmp/cirrus-ci-build/depends/SDKs/Xcode-12.2-12B45b-extracted-SDK-with-libcxx-headers -Xclang -internal-externc-isystem/tmp/cirrus-ci-build/depends/x86_64-apple-darwin/native/lib/clang/10.0.1/include -Xclang -internal-externc-isystem/tmp/cirrus-ci-build/depends/SDKs/Xcode-12.2-12B45b-extracted-SDK-with-libcxx-headers/usr/include supports -Wcast-align... yes
checking if env -u C_INCLUDE_PATH -u CPLUS_INCLUDE_PATH -u OBJC_INCLUDE_PATH -u OBJCPLUS_INCLUDE_PATH -u CPATH -u LIBRARY_PATH /tmp/cirrus-ci-build/depends/x86_64-apple-darwin/native/bin/clang --target=x86_64-apple-darwin -mmacosx-version-min=10.15 -B/tmp/cirrus-ci-build/depends/x86_64-apple-darwin/native/bin -mlinker-version=609 -isysroot/tmp/cirrus-ci-build/depends/SDKs/Xcode-12.2-12B45b-extracted-SDK-with-libcxx-headers -Xclang -internal-externc-isystem/tmp/cirrus-ci-build/depends/x86_64-apple-darwin/native/lib/clang/10.0.1/include -Xclang -internal-externc-isystem/tmp/cirrus-ci-build/depends/SDKs/Xcode-12.2-12B45b-extracted-SDK-with-libcxx-headers/usr/include supports -Wcast-align=strict... no
checking if env -u C_INCLUDE_PATH -u CPLUS_INCLUDE_PATH -u OBJC_INCLUDE_PATH -u OBJCPLUS_INCLUDE_PATH -u CPATH -u LIBRARY_PATH /tmp/cirrus-ci-build/depends/x86_64-apple-darwin/native/bin/clang --target=x86_64-apple-darwin -mmacosx-version-min=10.15 -B/tmp/cirrus-ci-build/depends/x86_64-apple-darwin/native/bin -mlinker-version=609 -isysroot/tmp/cirrus-ci-build/depends/SDKs/Xcode-12.2-12B45b-extracted-SDK-with-libcxx-headers -Xclang -internal-externc-isystem/tmp/cirrus-ci-build/depends/x86_64-apple-darwin/native/lib/clang/10.0.1/include -Xclang -internal-externc-isystem/tmp/cirrus-ci-build/depends/SDKs/Xcode-12.2-12B45b-extracted-SDK-with-libcxx-headers/usr/include supports -Wconditional-uninitialized... yes
checking if env -u C_INCLUDE_PATH -u CPLUS_INCLUDE_PATH -u OBJC_INCLUDE_PATH -u OBJCPLUS_INCLUDE_PATH -u CPATH -u LIBRARY_PATH /tmp/cirrus-ci-build/depends/x86_64-apple-darwin/native/bin/clang --target=x86_64-apple-darwin -mmacosx-version-min=10.15 -B/tmp/cirrus-ci-build/depends/x86_64-apple-darwin/native/bin -mlinker-version=609 -isysroot/tmp/cirrus-ci-build/depends/SDKs/Xcode-12.2-12B45b-extracted-SDK-with-libcxx-headers -Xclang -internal-externc-isystem/tmp/cirrus-ci-build/depends/x86_64-apple-darwin/native/lib/clang/10.0.1/include -Xclang -internal-externc-isystem/tmp/cirrus-ci-build/depends/SDKs/Xcode-12.2-12B45b-extracted-SDK-with-libcxx-headers/usr/include supports -fvisibility=hidden... yes
checking for x86_64 assembly availability... yes
configure: updating cache ../../config.cache
checking that generated files are newer than configure... done
configure: creating ./config.status
config.status: creating Makefile
config.status: creating libsecp256k1.pc
config.status: creating src/libsecp256k1-config.h
config.status: executing depfiles commands
config.status: executing libtool commands

Build Options:
  with external callbacks = no
  with benchmarks         = no
  with tests              = yes
  with coverage           = no
  with examples           = no
  module ecdh             = no
  module recovery         = yes
  module extrakeys        = yes
  module schnorrsig       = yes

  asm                     = x86_64
  ecmult window size      = 15
  ecmult gen prec. bits   = 4

  valgrind                = no
  CC                      = env -u C_INCLUDE_PATH -u CPLUS_INCLUDE_PATH -u OBJC_INCLUDE_PATH -u OBJCPLUS_INCLUDE_PATH -u CPATH -u LIBRARY_PATH /tmp/cirrus-ci-build/depends/x86_64-apple-darwin/native/bin/clang --target=x86_64-apple-darwin -mmacosx-version-min=10.15 -B/tmp/cirrus-ci-build/depends/x86_64-apple-darwin/native/bin -mlinker-version=609 -isysroot/tmp/cirrus-ci-build/depends/SDKs/Xcode-12.2-12B45b-extracted-SDK-with-libcxx-headers -Xclang -internal-externc-isystem/tmp/cirrus-ci-build/depends/x86_64-apple-darwin/native/lib/clang/10.0.1/include -Xclang -internal-externc-isystem/tmp/cirrus-ci-build/depends/SDKs/Xcode-12.2-12B45b-extracted-SDK-with-libcxx-headers/usr/include
  CPPFLAGS                =  -I/tmp/cirrus-ci-build/depends/x86_64-apple-darwin/include/ 
  SECP_CFLAGS             = -O2  -std=c89 -pedantic -Wno-long-long -Wnested-externs -Wshadow -Wstrict-prototypes -Wundef -Wno-overlength-strings -Wall -Wno-unused-function -Wextra -Wcast-align -Wconditional-uninitialized -fvisibility=hidden 
  CFLAGS                  = -pipe -std=c11 -O2 
  LDFLAGS                 = -L/tmp/cirrus-ci-build/depends/x86_64-apple-darwin/lib 

Options used to compile and link:
  external signer = yes
  multiprocess    = no
  with experimental syscall sandbox support = no
  with libs       = yes
  with wallet     = yes
    with sqlite   = yes
    with bdb      = yes
  with gui / qt   = yes
    with qr       = yes
  with zmq        = yes
  with test       = yes
  with fuzz binary = yes
  with bench      = yes
  with upnp       = yes
  with natpmp     = yes
  use asm         = yes
  USDT tracing    = no
  sanitizers      = 
  debug enabled   = no
  gprof enabled   = no
  werror          = yes
  LTO             = no

  target os       = darwin
  build os        = linux-gnu

  CC              = /usr/bin/ccache env -u C_INCLUDE_PATH -u CPLUS_INCLUDE_PATH -u OBJC_INCLUDE_PATH -u OBJCPLUS_INCLUDE_PATH -u CPATH -u LIBRARY_PATH /tmp/cirrus-ci-build/depends/x86_64-apple-darwin/native/bin/clang --target=x86_64-apple-darwin -mmacosx-version-min=10.15 -B/tmp/cirrus-ci-build/depends/x86_64-apple-darwin/native/bin -mlinker-version=609 -isysroot/tmp/cirrus-ci-build/depends/SDKs/Xcode-12.2-12B45b-extracted-SDK-with-libcxx-headers -Xclang -internal-externc-isystem/tmp/cirrus-ci-build/depends/x86_64-apple-darwin/native/lib/clang/10.0.1/include -Xclang -internal-externc-isystem/tmp/cirrus-ci-build/depends/SDKs/Xcode-12.2-12B45b-extracted-SDK-with-libcxx-headers/usr/include
  CFLAGS          = -pthread -pipe -std=c11 -O2 
  CPPFLAGS        =  -fmacro-prefix-map=$(abs_top_srcdir)=.  -U_FORTIFY_SOURCE -D_FORTIFY_SOURCE=2  -DHAVE_BUILD_INFO -DMAC_OSX -DOBJC_OLD_DISPATCH_PROTOTYPES=0 -DPROVIDE_FUZZ_MAIN_FUNCTION -I/tmp/cirrus-ci-build/depends/x86_64-apple-darwin/include/ 
  CXX             = /usr/bin/ccache env -u C_INCLUDE_PATH -u CPLUS_INCLUDE_PATH -u OBJC_INCLUDE_PATH -u OBJCPLUS_INCLUDE_PATH -u CPATH -u LIBRARY_PATH /tmp/cirrus-ci-build/depends/x86_64-apple-darwin/native/bin/clang++ --target=x86_64-apple-darwin -mmacosx-version-min=10.15 -B/tmp/cirrus-ci-build/depends/x86_64-apple-darwin/native/bin -mlinker-version=609 -isysroot/tmp/cirrus-ci-build/depends/SDKs/Xcode-12.2-12B45b-extracted-SDK-with-libcxx-headers -stdlib=libc++ -stdlib++-isystem/tmp/cirrus-ci-build/depends/SDKs/Xcode-12.2-12B45b-extracted-SDK-with-libcxx-headers/usr/include/c++/v1 -Xclang -internal-externc-isystem/tmp/cirrus-ci-build/depends/x86_64-apple-darwin/native/lib/clang/10.0.1/include -Xclang -internal-externc-isystem/tmp/cirrus-ci-build/depends/SDKs/Xcode-12.2-12B45b-extracted-SDK-with-libcxx-headers/usr/include -std=c++17
  CXXFLAGS        =   -fdebug-prefix-map=$(abs_top_srcdir)=.  -Wstack-protector -fstack-protector-all -fcf-protection=full   -Werror   -fvisibility=hidden -pipe -std=c++17 -O2 
  LDFLAGS         =  -lpthread  -Wl,-bind_at_load   -Wl,-headerpad_max_install_names -Wl,-dead_strip -Wl,-dead_strip_dylibs -L/tmp/cirrus-ci-build/depends/x86_64-apple-darwin/lib 
  AR              = /tmp/cirrus-ci-build/depends/x86_64-apple-darwin/native/bin/x86_64-apple-darwin-ar
  ARFLAGS         = cr

make  distdir-am
make[1]: Entering directory '/tmp/cirrus-ci-build/ci/scratch/build'
if test -d "bitcoin-x86_64-apple-darwin"; then find "bitcoin-x86_64-apple-darwin" -type d ! -perm -200 -exec chmod u+w {} ';' && rm -rf "bitcoin-x86_64-apple-darwin" || { sleep 5 && rm -rf "bitcoin-x86_64-apple-darwin"; }; else :; fi
test -d "bitcoin-x86_64-apple-darwin" || mkdir "bitcoin-x86_64-apple-darwin"
 (cd src && make  top_distdir=../bitcoin-x86_64-apple-darwin distdir=../bitcoin-x86_64-apple-darwin/src \
     am__remove_distdir=: am__skip_length_check=: am__skip_mode_fix=: distdir)
make[2]: Entering directory '/tmp/cirrus-ci-build/ci/scratch/build/src'
make  distdir-am
make[3]: Entering directory '/tmp/cirrus-ci-build/ci/scratch/build/src'
Generated bench/data/block413567.raw.h
Generated test/data/script_tests.json.h
Generated test/data/bip341_wallet_vectors.json.h
Generated test/data/base58_encode_decode.json.h
Generated test/data/blockfilters.json.h
Generated test/data/key_io_valid.json.h
Generated test/data/key_io_invalid.json.h
Generated test/data/sighash.json.h
Generated test/data/tx_invalid.json.h
Generated test/data/tx_valid.json.h
Generated test/data/asmap.raw.h
 (cd secp256k1 && make  top_distdir=../../bitcoin-x86_64-apple-darwin distdir=../../bitcoin-x86_64-apple-darwin/src/secp256k1 \
     am__remove_distdir=: am__skip_length_check=: am__skip_mode_fix=: distdir)
make[4]: Entering directory '/tmp/cirrus-ci-build/ci/scratch/build/src/secp256k1'
make  distdir-am
make[5]: Entering directory '/tmp/cirrus-ci-build/ci/scratch/build/src/secp256k1'
:
test -d "../../bitcoin-x86_64-apple-darwin/src/secp256k1" || mkdir "../../bitcoin-x86_64-apple-darwin/src/secp256k1"
test -n ":" \
|| find "../../bitcoin-x86_64-apple-darwin/src/secp256k1" -type d ! -perm -755 \
	-exec chmod u+rwx,go+rx {} \; -o \
  ! -type d ! -perm -444 -links 1 -exec chmod a+r {} \; -o \
  ! -type d ! -perm -400 -exec chmod a+r {} \; -o \
  ! -type d ! -perm -444 -exec /bin/bash /tmp/cirrus-ci-build/src/secp256k1/build-aux/install-sh -c -m a+r {} {} \; \
|| chmod -R a+r "../../bitcoin-x86_64-apple-darwin/src/secp256k1"
make[5]: Leaving directory '/tmp/cirrus-ci-build/ci/scratch/build/src/secp256k1'
make[4]: Leaving directory '/tmp/cirrus-ci-build/ci/scratch/build/src/secp256k1'
make[3]: Leaving directory '/tmp/cirrus-ci-build/ci/scratch/build/src'
make[2]: Leaving directory '/tmp/cirrus-ci-build/ci/scratch/build/src'
 (cd doc/man && make  top_distdir=../../bitcoin-x86_64-apple-darwin distdir=../../bitcoin-x86_64-apple-darwin/doc/man \
     am__remove_distdir=: am__skip_length_check=: am__skip_mode_fix=: distdir)
make[2]: Entering directory '/tmp/cirrus-ci-build/ci/scratch/build/doc/man'
make  distdir-am
make[3]: Entering directory '/tmp/cirrus-ci-build/ci/scratch/build/doc/man'
make[3]: Leaving directory '/tmp/cirrus-ci-build/ci/scratch/build/doc/man'
make[2]: Leaving directory '/tmp/cirrus-ci-build/ci/scratch/build/doc/man'
make  \
  top_distdir="bitcoin-x86_64-apple-darwin" distdir="bitcoin-x86_64-apple-darwin" \
  dist-hook
make[2]: Entering directory '/tmp/cirrus-ci-build/ci/scratch/build'
/usr/bin/git archive --format=tar HEAD -- src/clientversion.cpp | ${TAR-tar} -C bitcoin-x86_64-apple-darwin -xf -
fatal: current working directory is untracked
tar: This does not look like a tar archive
tar: Exiting with failure status due to previous errors
make[2]: [Makefile:1255: dist-hook] Error 2 (ignored)
make[2]: Leaving directory '/tmp/cirrus-ci-build/ci/scratch/build'
test -n "" \
|| find "bitcoin-x86_64-apple-darwin" -type d ! -perm -755 \
	-exec chmod u+rwx,go+rx {} \; -o \
  ! -type d ! -perm -444 -links 1 -exec chmod a+r {} \; -o \
  ! -type d ! -perm -400 -exec chmod a+r {} \; -o \
  ! -type d ! -perm -444 -exec /bin/bash /tmp/cirrus-ci-build/build-aux/install-sh -c -m a+r {} {} \; \
|| chmod -R a+r "bitcoin-x86_64-apple-darwin"
make[1]: Leaving directory '/tmp/cirrus-ci-build/ci/scratch/build'
configure: loading site script /tmp/cirrus-ci-build/depends/x86_64-apple-darwin/share/config.site
configure: loading cache ../config.cache
checking for x86_64-apple-darwin-pkg-config... (cached) /usr/bin/pkg-config --static
checking pkg-config is at least version 0.9.0... yes
checking build system type... (cached) x86_64-pc-linux-gnu
checking host system type... (cached) x86_64-apple-darwin
checking for a BSD-compatible install... (cached) /usr/bin/install -c
checking whether build environment is sane... yes
checking for x86_64-apple-darwin-strip... (cached) /tmp/cirrus-ci-build/depends/x86_64-apple-darwin/native/bin/x86_64-apple-darwin-strip
checking for a thread-safe mkdir -p... (cached) /usr/bin/mkdir -p
checking for gawk... (cached) mawk
checking whether make sets $(MAKE)... (cached) yes
checking whether make supports nested variables... (cached) yes
checking whether to enable maintainer-specific portions of Makefiles... yes
checking whether make supports nested variables... (cached) yes
checking whether the C++ compiler works... yes
checking for C++ compiler default output file name... a.out
checking for suffix of executables... 
checking whether we are cross compiling... yes
checking for suffix of object files... (cached) o
checking whether we are using the GNU C++ compiler... (cached) yes
checking whether env -u C_INCLUDE_PATH -u CPLUS_INCLUDE_PATH -u OBJC_INCLUDE_PATH -u OBJCPLUS_INCLUDE_PATH -u CPATH -u LIBRARY_PATH /tmp/cirrus-ci-build/depends/x86_64-apple-darwin/native/bin/clang++ --target=x86_64-apple-darwin -mmacosx-version-min=10.15 -B/tmp/cirrus-ci-build/depends/x86_64-apple-darwin/native/bin -mlinker-version=609 -isysroot/tmp/cirrus-ci-build/depends/SDKs/Xcode-12.2-12B45b-extracted-SDK-with-libcxx-headers -stdlib=libc++ -stdlib++-isystem/tmp/cirrus-ci-build/depends/SDKs/Xcode-12.2-12B45b-extracted-SDK-with-libcxx-headers/usr/include/c++/v1 -Xclang -internal-externc-isystem/tmp/cirrus-ci-build/depends/x86_64-apple-darwin/native/lib/clang/10.0.1/include -Xclang -internal-externc-isystem/tmp/cirrus-ci-build/depends/SDKs/Xcode-12.2-12B45b-extracted-SDK-with-libcxx-headers/usr/include accepts -g... (cached) yes
checking whether make supports the include directive... yes (GNU style)
checking dependency style of env -u C_INCLUDE_PATH -u CPLUS_INCLUDE_PATH -u OBJC_INCLUDE_PATH -u OBJCPLUS_INCLUDE_PATH -u CPATH -u LIBRARY_PATH /tmp/cirrus-ci-build/depends/x86_64-apple-darwin/native/bin/clang++ --target=x86_64-apple-darwin -mmacosx-version-min=10.15 -B/tmp/cirrus-ci-build/depends/x86_64-apple-darwin/native/bin -mlinker-version=609 -isysroot/tmp/cirrus-ci-build/depends/SDKs/Xcode-12.2-12B45b-extracted-SDK-with-libcxx-headers -stdlib=libc++ -stdlib++-isystem/tmp/cirrus-ci-build/depends/SDKs/Xcode-12.2-12B45b-extracted-SDK-with-libcxx-headers/usr/include/c++/v1 -Xclang -internal-externc-isystem/tmp/cirrus-ci-build/depends/x86_64-apple-darwin/native/lib/clang/10.0.1/include -Xclang -internal-externc-isystem/tmp/cirrus-ci-build/depends/SDKs/Xcode-12.2-12B45b-extracted-SDK-with-libcxx-headers/usr/include... (cached) none
checking whether env -u C_INCLUDE_PATH -u CPLUS_INCLUDE_PATH -u OBJC_INCLUDE_PATH -u OBJCPLUS_INCLUDE_PATH -u CPATH -u LIBRARY_PATH /tmp/cirrus-ci-build/depends/x86_64-apple-darwin/native/bin/clang++ --target=x86_64-apple-darwin -mmacosx-version-min=10.15 -B/tmp/cirrus-ci-build/depends/x86_64-apple-darwin/native/bin -mlinker-version=609 -isysroot/tmp/cirrus-ci-build/depends/SDKs/Xcode-12.2-12B45b-extracted-SDK-with-libcxx-headers -stdlib=libc++ -stdlib++-isystem/tmp/cirrus-ci-build/depends/SDKs/Xcode-12.2-12B45b-extracted-SDK-with-libcxx-headers/usr/include/c++/v1 -Xclang -internal-externc-isystem/tmp/cirrus-ci-build/depends/x86_64-apple-darwin/native/lib/clang/10.0.1/include -Xclang -internal-externc-isystem/tmp/cirrus-ci-build/depends/SDKs/Xcode-12.2-12B45b-extracted-SDK-with-libcxx-headers/usr/include supports C++17 features with -std=c++17... (cached) yes
checking whether std::filesystem can be used without link library... yes
checking for x86_64-apple-darwin-g++... (cached) env -u C_INCLUDE_PATH -u CPLUS_INCLUDE_PATH -u OBJC_INCLUDE_PATH -u OBJCPLUS_INCLUDE_PATH -u CPATH -u LIBRARY_PATH /tmp/cirrus-ci-build/depends/x86_64-apple-darwin/native/bin/clang++ --target=x86_64-apple-darwin -mmacosx-version-min=10.15 -B/tmp/cirrus-ci-build/depends/x86_64-apple-darwin/native/bin -mlinker-version=609 -isysroot/tmp/cirrus-ci-build/depends/SDKs/Xcode-12.2-12B45b-extracted-SDK-with-libcxx-headers -stdlib=libc++ -stdlib++-isystem/tmp/cirrus-ci-build/depends/SDKs/Xcode-12.2-12B45b-extracted-SDK-with-libcxx-headers/usr/include/c++/v1 -Xclang -internal-externc-isystem/tmp/cirrus-ci-build/depends/x86_64-apple-darwin/native/lib/clang/10.0.1/include -Xclang -internal-externc-isystem/tmp/cirrus-ci-build/depends/SDKs/Xcode-12.2-12B45b-extracted-SDK-with-libcxx-headers/usr/include -std=c++17
checking whether we are using the GNU Objective C++ compiler... (cached) yes
checking whether env -u C_INCLUDE_PATH -u CPLUS_INCLUDE_PATH -u OBJC_INCLUDE_PATH -u OBJCPLUS_INCLUDE_PATH -u CPATH -u LIBRARY_PATH /tmp/cirrus-ci-build/depends/x86_64-apple-darwin/native/bin/clang++ --target=x86_64-apple-darwin -mmacosx-version-min=10.15 -B/tmp/cirrus-ci-build/depends/x86_64-apple-darwin/native/bin -mlinker-version=609 -isysroot/tmp/cirrus-ci-build/depends/SDKs/Xcode-12.2-12B45b-extracted-SDK-with-libcxx-headers -stdlib=libc++ -stdlib++-isystem/tmp/cirrus-ci-build/depends/SDKs/Xcode-12.2-12B45b-extracted-SDK-with-libcxx-headers/usr/include/c++/v1 -Xclang -internal-externc-isystem/tmp/cirrus-ci-build/depends/x86_64-apple-darwin/native/lib/clang/10.0.1/include -Xclang -internal-externc-isystem/tmp/cirrus-ci-build/depends/SDKs/Xcode-12.2-12B45b-extracted-SDK-with-libcxx-headers/usr/include -std=c++17 accepts -g... (cached) yes
checking dependency style of env -u C_INCLUDE_PATH -u CPLUS_INCLUDE_PATH -u OBJC_INCLUDE_PATH -u OBJCPLUS_INCLUDE_PATH -u CPATH -u LIBRARY_PATH /tmp/cirrus-ci-build/depends/x86_64-apple-darwin/native/bin/clang++ --target=x86_64-apple-darwin -mmacosx-version-min=10.15 -B/tmp/cirrus-ci-build/depends/x86_64-apple-darwin/native/bin -mlinker-version=609 -isysroot/tmp/cirrus-ci-build/depends/SDKs/Xcode-12.2-12B45b-extracted-SDK-with-libcxx-headers -stdlib=libc++ -stdlib++-isystem/tmp/cirrus-ci-build/depends/SDKs/Xcode-12.2-12B45b-extracted-SDK-with-libcxx-headers/usr/include/c++/v1 -Xclang -internal-externc-isystem/tmp/cirrus-ci-build/depends/x86_64-apple-darwin/native/lib/clang/10.0.1/include -Xclang -internal-externc-isystem/tmp/cirrus-ci-build/depends/SDKs/Xcode-12.2-12B45b-extracted-SDK-with-libcxx-headers/usr/include -std=c++17... (cached) none
checking how to print strings... printf
checking for x86_64-apple-darwin-gcc... (cached) env -u C_INCLUDE_PATH -u CPLUS_INCLUDE_PATH -u OBJC_INCLUDE_PATH -u OBJCPLUS_INCLUDE_PATH -u CPATH -u LIBRARY_PATH /tmp/cirrus-ci-build/depends/x86_64-apple-darwin/native/bin/clang --target=x86_64-apple-darwin -mmacosx-version-min=10.15 -B/tmp/cirrus-ci-build/depends/x86_64-apple-darwin/native/bin -mlinker-version=609 -isysroot/tmp/cirrus-ci-build/depends/SDKs/Xcode-12.2-12B45b-extracted-SDK-with-libcxx-headers -Xclang -internal-externc-isystem/tmp/cirrus-ci-build/depends/x86_64-apple-darwin/native/lib/clang/10.0.1/include -Xclang -internal-externc-isystem/tmp/cirrus-ci-build/depends/SDKs/Xcode-12.2-12B45b-extracted-SDK-with-libcxx-headers/usr/include
checking whether we are using the GNU C compiler... (cached) yes
checking whether env -u C_INCLUDE_PATH -u CPLUS_INCLUDE_PATH -u OBJC_INCLUDE_PATH -u OBJCPLUS_INCLUDE_PATH -u CPATH -u LIBRARY_PATH /tmp/cirrus-ci-build/depends/x86_64-apple-darwin/native/bin/clang --target=x86_64-apple-darwin -mmacosx-version-min=10.15 -B/tmp/cirrus-ci-build/depends/x86_64-apple-darwin/native/bin -mlinker-version=609 -isysroot/tmp/cirrus-ci-build/depends/SDKs/Xcode-12.2-12B45b-extracted-SDK-with-libcxx-headers -Xclang -internal-externc-isystem/tmp/cirrus-ci-build/depends/x86_64-apple-darwin/native/lib/clang/10.0.1/include -Xclang -internal-externc-isystem/tmp/cirrus-ci-build/depends/SDKs/Xcode-12.2-12B45b-extracted-SDK-with-libcxx-headers/usr/include accepts -g... (cached) yes
checking for env -u C_INCLUDE_PATH -u CPLUS_INCLUDE_PATH -u OBJC_INCLUDE_PATH -u OBJCPLUS_INCLUDE_PATH -u CPATH -u LIBRARY_PATH /tmp/cirrus-ci-build/depends/x86_64-apple-darwin/native/bin/clang --target=x86_64-apple-darwin -mmacosx-version-min=10.15 -B/tmp/cirrus-ci-build/depends/x86_64-apple-darwin/native/bin -mlinker-version=609 -isysroot/tmp/cirrus-ci-build/depends/SDKs/Xcode-12.2-12B45b-extracted-SDK-with-libcxx-headers -Xclang -internal-externc-isystem/tmp/cirrus-ci-build/depends/x86_64-apple-darwin/native/lib/clang/10.0.1/include -Xclang -internal-externc-isystem/tmp/cirrus-ci-build/depends/SDKs/Xcode-12.2-12B45b-extracted-SDK-with-libcxx-headers/usr/include option to accept ISO C89... (cached) none needed
checking whether env -u C_INCLUDE_PATH -u CPLUS_INCLUDE_PATH -u OBJC_INCLUDE_PATH -u OBJCPLUS_INCLUDE_PATH -u CPATH -u LIBRARY_PATH /tmp/cirrus-ci-build/depends/x86_64-apple-darwin/native/bin/clang --target=x86_64-apple-darwin -mmacosx-version-min=10.15 -B/tmp/cirrus-ci-build/depends/x86_64-apple-darwin/native/bin -mlinker-version=609 -isysroot/tmp/cirrus-ci-build/depends/SDKs/Xcode-12.2-12B45b-extracted-SDK-with-libcxx-headers -Xclang -internal-externc-isystem/tmp/cirrus-ci-build/depends/x86_64-apple-darwin/native/lib/clang/10.0.1/include -Xclang -internal-externc-isystem/tmp/cirrus-ci-build/depends/SDKs/Xcode-12.2-12B45b-extracted-SDK-with-libcxx-headers/usr/include understands -c and -o together... (cached) yes
checking dependency style of env -u C_INCLUDE_PATH -u CPLUS_INCLUDE_PATH -u OBJC_INCLUDE_PATH -u OBJCPLUS_INCLUDE_PATH -u CPATH -u LIBRARY_PATH /tmp/cirrus-ci-build/depends/x86_64-apple-darwin/native/bin/clang --target=x86_64-apple-darwin -mmacosx-version-min=10.15 -B/tmp/cirrus-ci-build/depends/x86_64-apple-darwin/native/bin -mlinker-version=609 -isysroot/tmp/cirrus-ci-build/depends/SDKs/Xcode-12.2-12B45b-extracted-SDK-with-libcxx-headers -Xclang -internal-externc-isystem/tmp/cirrus-ci-build/depends/x86_64-apple-darwin/native/lib/clang/10.0.1/include -Xclang -internal-externc-isystem/tmp/cirrus-ci-build/depends/SDKs/Xcode-12.2-12B45b-extracted-SDK-with-libcxx-headers/usr/include... (cached) none
checking for a sed that does not truncate output... (cached) /usr/bin/sed
checking for grep that handles long lines and -e... (cached) /usr/bin/grep
checking for egrep... (cached) /usr/bin/grep -E
checking for fgrep... (cached) /usr/bin/grep -F
checking for ld used by env -u C_INCLUDE_PATH -u CPLUS_INCLUDE_PATH -u OBJC_INCLUDE_PATH -u OBJCPLUS_INCLUDE_PATH -u CPATH -u LIBRARY_PATH /tmp/cirrus-ci-build/depends/x86_64-apple-darwin/native/bin/clang --target=x86_64-apple-darwin -mmacosx-version-min=10.15 -B/tmp/cirrus-ci-build/depends/x86_64-apple-darwin/native/bin -mlinker-version=609 -isysroot/tmp/cirrus-ci-build/depends/SDKs/Xcode-12.2-12B45b-extracted-SDK-with-libcxx-headers -Xclang -internal-externc-isystem/tmp/cirrus-ci-build/depends/x86_64-apple-darwin/native/lib/clang/10.0.1/include -Xclang -internal-externc-isystem/tmp/cirrus-ci-build/depends/SDKs/Xcode-12.2-12B45b-extracted-SDK-with-libcxx-headers/usr/include... (cached) /tmp/cirrus-ci-build/depends/x86_64-apple-darwin/native/bin/x86_64-apple-darwin-ld
checking if the linker (/tmp/cirrus-ci-build/depends/x86_64-apple-darwin/native/bin/x86_64-apple-darwin-ld) is GNU ld... (cached) no
checking for BSD- or MS-compatible name lister (nm)... (cached) /tmp/cirrus-ci-build/depends/x86_64-apple-darwin/native/bin/x86_64-apple-darwin-nm
checking the name lister (/tmp/cirrus-ci-build/depends/x86_64-apple-darwin/native/bin/x86_64-apple-darwin-nm) interface... (cached) BSD nm
checking whether ln -s works... yes
checking the maximum length of command line arguments... (cached) 1572864
checking how to convert x86_64-pc-linux-gnu file names to x86_64-apple-darwin format... (cached) func_convert_file_noop
checking how to convert x86_64-pc-linux-gnu file names to toolchain format... (cached) func_convert_file_noop
checking for /tmp/cirrus-ci-build/depends/x86_64-apple-darwin/native/bin/x86_64-apple-darwin-ld option to reload object files... (cached) -r
checking for x86_64-apple-darwin-objdump... no
checking for objdump... (cached) objdump
configure: WARNING: using cross tools not prefixed with host triplet
checking how to recognize dependent libraries... (cached) pass_all
checking for x86_64-apple-darwin-dlltool... no
checking for dlltool... no
checking how to associate runtime and link libraries... (cached) printf %s\n
checking for x86_64-apple-darwin-ar... (cached) /tmp/cirrus-ci-build/depends/x86_64-apple-darwin/native/bin/x86_64-apple-darwin-ar
checking for archiver @FILE support... (cached) no
checking for x86_64-apple-darwin-strip... (cached) /tmp/cirrus-ci-build/depends/x86_64-apple-darwin/native/bin/x86_64-apple-darwin-strip
checking for x86_64-apple-darwin-ranlib... (cached) /tmp/cirrus-ci-build/depends/x86_64-apple-darwin/native/bin/x86_64-apple-darwin-ranlib
checking command to parse /tmp/cirrus-ci-build/depends/x86_64-apple-darwin/native/bin/x86_64-apple-darwin-nm output from env -u C_INCLUDE_PATH -u CPLUS_INCLUDE_PATH -u OBJC_INCLUDE_PATH -u OBJCPLUS_INCLUDE_PATH -u CPATH -u LIBRARY_PATH /tmp/cirrus-ci-build/depends/x86_64-apple-darwin/native/bin/clang --target=x86_64-apple-darwin -mmacosx-version-min=10.15 -B/tmp/cirrus-ci-build/depends/x86_64-apple-darwin/native/bin -mlinker-version=609 -isysroot/tmp/cirrus-ci-build/depends/SDKs/Xcode-12.2-12B45b-extracted-SDK-with-libcxx-headers -Xclang -internal-externc-isystem/tmp/cirrus-ci-build/depends/x86_64-apple-darwin/native/lib/clang/10.0.1/include -Xclang -internal-externc-isystem/tmp/cirrus-ci-build/depends/SDKs/Xcode-12.2-12B45b-extracted-SDK-with-libcxx-headers/usr/include object... (cached) ok
checking for sysroot... no
checking for a working dd... (cached) /usr/bin/dd
checking how to truncate binary pipes... (cached) /usr/bin/dd bs=4096 count=1
checking for x86_64-apple-darwin-mt... no
checking for mt... no
checking if : is a manifest tool... (cached) no
checking for x86_64-apple-darwin-dsymutil... (cached) /tmp/cirrus-ci-build/depends/x86_64-apple-darwin/native/bin/x86_64-apple-darwin-dsymutil
checking for x86_64-apple-darwin-nmedit... no
checking for nmedit... no
checking for x86_64-apple-darwin-lipo... no
checking for lipo... no
checking for x86_64-apple-darwin-otool... (cached) /tmp/cirrus-ci-build/depends/x86_64-apple-darwin/native/bin/x86_64-apple-darwin-otool
checking for x86_64-apple-darwin-otool64... no
checking for otool64... no
checking for -single_module linker flag... (cached) yes
checking for -exported_symbols_list linker flag... (cached) yes
checking for -force_load linker flag... (cached) yes
checking how to run the C preprocessor... (cached) env -u C_INCLUDE_PATH -u CPLUS_INCLUDE_PATH -u OBJC_INCLUDE_PATH -u OBJCPLUS_INCLUDE_PATH -u CPATH -u LIBRARY_PATH /tmp/cirrus-ci-build/depends/x86_64-apple-darwin/native/bin/clang --target=x86_64-apple-darwin -mmacosx-version-min=10.15 -B/tmp/cirrus-ci-build/depends/x86_64-apple-darwin/native/bin -mlinker-version=609 -isysroot/tmp/cirrus-ci-build/depends/SDKs/Xcode-12.2-12B45b-extracted-SDK-with-libcxx-headers -Xclang -internal-externc-isystem/tmp/cirrus-ci-build/depends/x86_64-apple-darwin/native/lib/clang/10.0.1/include -Xclang -internal-externc-isystem/tmp/cirrus-ci-build/depends/SDKs/Xcode-12.2-12B45b-extracted-SDK-with-libcxx-headers/usr/include -E
checking for ANSI C header files... (cached) yes
checking for sys/types.h... (cached) yes
checking for sys/stat.h... (cached) yes
checking for stdlib.h... (cached) yes
checking for string.h... (cached) yes
checking for memory.h... (cached) yes
checking for strings.h... (cached) yes
checking for inttypes.h... (cached) yes
checking for stdint.h... (cached) yes
checking for unistd.h... (cached) yes
checking for dlfcn.h... (cached) yes
checking for objdir... (cached) .libs
checking if env -u C_INCLUDE_PATH -u CPLUS_INCLUDE_PATH -u OBJC_INCLUDE_PATH -u OBJCPLUS_INCLUDE_PATH -u CPATH -u LIBRARY_PATH /tmp/cirrus-ci-build/depends/x86_64-apple-darwin/native/bin/clang --target=x86_64-apple-darwin -mmacosx-version-min=10.15 -B/tmp/cirrus-ci-build/depends/x86_64-apple-darwin/native/bin -mlinker-version=609 -isysroot/tmp/cirrus-ci-build/depends/SDKs/Xcode-12.2-12B45b-extracted-SDK-with-libcxx-headers -Xclang -internal-externc-isystem/tmp/cirrus-ci-build/depends/x86_64-apple-darwin/native/lib/clang/10.0.1/include -Xclang -internal-externc-isystem/tmp/cirrus-ci-build/depends/SDKs/Xcode-12.2-12B45b-extracted-SDK-with-libcxx-headers/usr/include supports -fno-rtti -fno-exceptions... (cached) yes
checking for env -u C_INCLUDE_PATH -u CPLUS_INCLUDE_PATH -u OBJC_INCLUDE_PATH -u OBJCPLUS_INCLUDE_PATH -u CPATH -u LIBRARY_PATH /tmp/cirrus-ci-build/depends/x86_64-apple-darwin/native/bin/clang --target=x86_64-apple-darwin -mmacosx-version-min=10.15 -B/tmp/cirrus-ci-build/depends/x86_64-apple-darwin/native/bin -mlinker-version=609 -isysroot/tmp/cirrus-ci-build/depends/SDKs/Xcode-12.2-12B45b-extracted-SDK-with-libcxx-headers -Xclang -internal-externc-isystem/tmp/cirrus-ci-build/depends/x86_64-apple-darwin/native/lib/clang/10.0.1/include -Xclang -internal-externc-isystem/tmp/cirrus-ci-build/depends/SDKs/Xcode-12.2-12B45b-extracted-SDK-with-libcxx-headers/usr/include option to produce PIC... (cached) -fno-common -DPIC
checking if env -u C_INCLUDE_PATH -u CPLUS_INCLUDE_PATH -u OBJC_INCLUDE_PATH -u OBJCPLUS_INCLUDE_PATH -u CPATH -u LIBRARY_PATH /tmp/cirrus-ci-build/depends/x86_64-apple-darwin/native/bin/clang --target=x86_64-apple-darwin -mmacosx-version-min=10.15 -B/tmp/cirrus-ci-build/depends/x86_64-apple-darwin/native/bin -mlinker-version=609 -isysroot/tmp/cirrus-ci-build/depends/SDKs/Xcode-12.2-12B45b-extracted-SDK-with-libcxx-headers -Xclang -internal-externc-isystem/tmp/cirrus-ci-build/depends/x86_64-apple-darwin/native/lib/clang/10.0.1/include -Xclang -internal-externc-isystem/tmp/cirrus-ci-build/depends/SDKs/Xcode-12.2-12B45b-extracted-SDK-with-libcxx-headers/usr/include PIC flag -fno-common -DPIC works... (cached) yes
checking if env -u C_INCLUDE_PATH -u CPLUS_INCLUDE_PATH -u OBJC_INCLUDE_PATH -u OBJCPLUS_INCLUDE_PATH -u CPATH -u LIBRARY_PATH /tmp/cirrus-ci-build/depends/x86_64-apple-darwin/native/bin/clang --target=x86_64-apple-darwin -mmacosx-version-min=10.15 -B/tmp/cirrus-ci-build/depends/x86_64-apple-darwin/native/bin -mlinker-version=609 -isysroot/tmp/cirrus-ci-build/depends/SDKs/Xcode-12.2-12B45b-extracted-SDK-with-libcxx-headers -Xclang -internal-externc-isystem/tmp/cirrus-ci-build/depends/x86_64-apple-darwin/native/lib/clang/10.0.1/include -Xclang -internal-externc-isystem/tmp/cirrus-ci-build/depends/SDKs/Xcode-12.2-12B45b-extracted-SDK-with-libcxx-headers/usr/include static flag -static works... (cached) no
checking if env -u C_INCLUDE_PATH -u CPLUS_INCLUDE_PATH -u OBJC_INCLUDE_PATH -u OBJCPLUS_INCLUDE_PATH -u CPATH -u LIBRARY_PATH /tmp/cirrus-ci-build/depends/x86_64-apple-darwin/native/bin/clang --target=x86_64-apple-darwin -mmacosx-version-min=10.15 -B/tmp/cirrus-ci-build/depends/x86_64-apple-darwin/native/bin -mlinker-version=609 -isysroot/tmp/cirrus-ci-build/depends/SDKs/Xcode-12.2-12B45b-extracted-SDK-with-libcxx-headers -Xclang -internal-externc-isystem/tmp/cirrus-ci-build/depends/x86_64-apple-darwin/native/lib/clang/10.0.1/include -Xclang -internal-externc-isystem/tmp/cirrus-ci-build/depends/SDKs/Xcode-12.2-12B45b-extracted-SDK-with-libcxx-headers/usr/include supports -c -o file.o... (cached) yes
checking if env -u C_INCLUDE_PATH -u CPLUS_INCLUDE_PATH -u OBJC_INCLUDE_PATH -u OBJCPLUS_INCLUDE_PATH -u CPATH -u LIBRARY_PATH /tmp/cirrus-ci-build/depends/x86_64-apple-darwin/native/bin/clang --target=x86_64-apple-darwin -mmacosx-version-min=10.15 -B/tmp/cirrus-ci-build/depends/x86_64-apple-darwin/native/bin -mlinker-version=609 -isysroot/tmp/cirrus-ci-build/depends/SDKs/Xcode-12.2-12B45b-extracted-SDK-with-libcxx-headers -Xclang -internal-externc-isystem/tmp/cirrus-ci-build/depends/x86_64-apple-darwin/native/lib/clang/10.0.1/include -Xclang -internal-externc-isystem/tmp/cirrus-ci-build/depends/SDKs/Xcode-12.2-12B45b-extracted-SDK-with-libcxx-headers/usr/include supports -c -o file.o... (cached) yes
checking whether the env -u C_INCLUDE_PATH -u CPLUS_INCLUDE_PATH -u OBJC_INCLUDE_PATH -u OBJCPLUS_INCLUDE_PATH -u CPATH -u LIBRARY_PATH /tmp/cirrus-ci-build/depends/x86_64-apple-darwin/native/bin/clang --target=x86_64-apple-darwin -mmacosx-version-min=10.15 -B/tmp/cirrus-ci-build/depends/x86_64-apple-darwin/native/bin -mlinker-version=609 -isysroot/tmp/cirrus-ci-build/depends/SDKs/Xcode-12.2-12B45b-extracted-SDK-with-libcxx-headers -Xclang -internal-externc-isystem/tmp/cirrus-ci-build/depends/x86_64-apple-darwin/native/lib/clang/10.0.1/include -Xclang -internal-externc-isystem/tmp/cirrus-ci-build/depends/SDKs/Xcode-12.2-12B45b-extracted-SDK-with-libcxx-headers/usr/include linker (/tmp/cirrus-ci-build/depends/x86_64-apple-darwin/native/bin/x86_64-apple-darwin-ld) supports shared libraries... yes
checking dynamic linker characteristics... darwin dyld
checking how to hardcode library paths into programs... immediate
checking whether stripping libraries is possible... yes
checking if libtool supports shared libraries... yes
checking whether to build shared libraries... yes
checking whether to build static libraries... yes
checking how to run the C++ preprocessor... (cached) env -u C_INCLUDE_PATH -u CPLUS_INCLUDE_PATH -u OBJC_INCLUDE_PATH -u OBJCPLUS_INCLUDE_PATH -u CPATH -u LIBRARY_PATH /tmp/cirrus-ci-build/depends/x86_64-apple-darwin/native/bin/clang++ --target=x86_64-apple-darwin -mmacosx-version-min=10.15 -B/tmp/cirrus-ci-build/depends/x86_64-apple-darwin/native/bin -mlinker-version=609 -isysroot/tmp/cirrus-ci-build/depends/SDKs/Xcode-12.2-12B45b-extracted-SDK-with-libcxx-headers -stdlib=libc++ -stdlib++-isystem/tmp/cirrus-ci-build/depends/SDKs/Xcode-12.2-12B45b-extracted-SDK-with-libcxx-headers/usr/include/c++/v1 -Xclang -internal-externc-isystem/tmp/cirrus-ci-build/depends/x86_64-apple-darwin/native/lib/clang/10.0.1/include -Xclang -internal-externc-isystem/tmp/cirrus-ci-build/depends/SDKs/Xcode-12.2-12B45b-extracted-SDK-with-libcxx-headers/usr/include -std=c++17 -E
checking for ld used by env -u C_INCLUDE_PATH -u CPLUS_INCLUDE_PATH -u OBJC_INCLUDE_PATH -u OBJCPLUS_INCLUDE_PATH -u CPATH -u LIBRARY_PATH /tmp/cirrus-ci-build/depends/x86_64-apple-darwin/native/bin/clang++ --target=x86_64-apple-darwin -mmacosx-version-min=10.15 -B/tmp/cirrus-ci-build/depends/x86_64-apple-darwin/native/bin -mlinker-version=609 -isysroot/tmp/cirrus-ci-build/depends/SDKs/Xcode-12.2-12B45b-extracted-SDK-with-libcxx-headers -stdlib=libc++ -stdlib++-isystem/tmp/cirrus-ci-build/depends/SDKs/Xcode-12.2-12B45b-extracted-SDK-with-libcxx-headers/usr/include/c++/v1 -Xclang -internal-externc-isystem/tmp/cirrus-ci-build/depends/x86_64-apple-darwin/native/lib/clang/10.0.1/include -Xclang -internal-externc-isystem/tmp/cirrus-ci-build/depends/SDKs/Xcode-12.2-12B45b-extracted-SDK-with-libcxx-headers/usr/include -std=c++17... (cached) /tmp/cirrus-ci-build/depends/x86_64-apple-darwin/native/bin/x86_64-apple-darwin-ld
checking if the linker (/tmp/cirrus-ci-build/depends/x86_64-apple-darwin/native/bin/x86_64-apple-darwin-ld) is GNU ld... (cached) no
checking whether the env -u C_INCLUDE_PATH -u CPLUS_INCLUDE_PATH -u OBJC_INCLUDE_PATH -u OBJCPLUS_INCLUDE_PATH -u CPATH -u LIBRARY_PATH /tmp/cirrus-ci-build/depends/x86_64-apple-darwin/native/bin/clang++ --target=x86_64-apple-darwin -mmacosx-version-min=10.15 -B/tmp/cirrus-ci-build/depends/x86_64-apple-darwin/native/bin -mlinker-version=609 -isysroot/tmp/cirrus-ci-build/depends/SDKs/Xcode-12.2-12B45b-extracted-SDK-with-libcxx-headers -stdlib=libc++ -stdlib++-isystem/tmp/cirrus-ci-build/depends/SDKs/Xcode-12.2-12B45b-extracted-SDK-with-libcxx-headers/usr/include/c++/v1 -Xclang -internal-externc-isystem/tmp/cirrus-ci-build/depends/x86_64-apple-darwin/native/lib/clang/10.0.1/include -Xclang -internal-externc-isystem/tmp/cirrus-ci-build/depends/SDKs/Xcode-12.2-12B45b-extracted-SDK-with-libcxx-headers/usr/include -std=c++17 linker (/tmp/cirrus-ci-build/depends/x86_64-apple-darwin/native/bin/x86_64-apple-darwin-ld) supports shared libraries... yes
checking for env -u C_INCLUDE_PATH -u CPLUS_INCLUDE_PATH -u OBJC_INCLUDE_PATH -u OBJCPLUS_INCLUDE_PATH -u CPATH -u LIBRARY_PATH /tmp/cirrus-ci-build/depends/x86_64-apple-darwin/native/bin/clang++ --target=x86_64-apple-darwin -mmacosx-version-min=10.15 -B/tmp/cirrus-ci-build/depends/x86_64-apple-darwin/native/bin -mlinker-version=609 -isysroot/tmp/cirrus-ci-build/depends/SDKs/Xcode-12.2-12B45b-extracted-SDK-with-libcxx-headers -stdlib=libc++ -stdlib++-isystem/tmp/cirrus-ci-build/depends/SDKs/Xcode-12.2-12B45b-extracted-SDK-with-libcxx-headers/usr/include/c++/v1 -Xclang -internal-externc-isystem/tmp/cirrus-ci-build/depends/x86_64-apple-darwin/native/lib/clang/10.0.1/include -Xclang -internal-externc-isystem/tmp/cirrus-ci-build/depends/SDKs/Xcode-12.2-12B45b-extracted-SDK-with-libcxx-headers/usr/include -std=c++17 option to produce PIC... (cached) -fno-common -DPIC
checking if env -u C_INCLUDE_PATH -u CPLUS_INCLUDE_PATH -u OBJC_INCLUDE_PATH -u OBJCPLUS_INCLUDE_PATH -u CPATH -u LIBRARY_PATH /tmp/cirrus-ci-build/depends/x86_64-apple-darwin/native/bin/clang++ --target=x86_64-apple-darwin -mmacosx-version-min=10.15 -B/tmp/cirrus-ci-build/depends/x86_64-apple-darwin/native/bin -mlinker-version=609 -isysroot/tmp/cirrus-ci-build/depends/SDKs/Xcode-12.2-12B45b-extracted-SDK-with-libcxx-headers -stdlib=libc++ -stdlib++-isystem/tmp/cirrus-ci-build/depends/SDKs/Xcode-12.2-12B45b-extracted-SDK-with-libcxx-headers/usr/include/c++/v1 -Xclang -internal-externc-isystem/tmp/cirrus-ci-build/depends/x86_64-apple-darwin/native/lib/clang/10.0.1/include -Xclang -internal-externc-isystem/tmp/cirrus-ci-build/depends/SDKs/Xcode-12.2-12B45b-extracted-SDK-with-libcxx-headers/usr/include -std=c++17 PIC flag -fno-common -DPIC works... (cached) yes
checking if env -u C_INCLUDE_PATH -u CPLUS_INCLUDE_PATH -u OBJC_INCLUDE_PATH -u OBJCPLUS_INCLUDE_PATH -u CPATH -u LIBRARY_PATH /tmp/cirrus-ci-build/depends/x86_64-apple-darwin/native/bin/clang++ --target=x86_64-apple-darwin -mmacosx-version-min=10.15 -B/tmp/cirrus-ci-build/depends/x86_64-apple-darwin/native/bin -mlinker-version=609 -isysroot/tmp/cirrus-ci-build/depends/SDKs/Xcode-12.2-12B45b-extracted-SDK-with-libcxx-headers -stdlib=libc++ -stdlib++-isystem/tmp/cirrus-ci-build/depends/SDKs/Xcode-12.2-12B45b-extracted-SDK-with-libcxx-headers/usr/include/c++/v1 -Xclang -internal-externc-isystem/tmp/cirrus-ci-build/depends/x86_64-apple-darwin/native/lib/clang/10.0.1/include -Xclang -internal-externc-isystem/tmp/cirrus-ci-build/depends/SDKs/Xcode-12.2-12B45b-extracted-SDK-with-libcxx-headers/usr/include -std=c++17 static flag -static works... (cached) no
checking if env -u C_INCLUDE_PATH -u CPLUS_INCLUDE_PATH -u OBJC_INCLUDE_PATH -u OBJCPLUS_INCLUDE_PATH -u CPATH -u LIBRARY_PATH /tmp/cirrus-ci-build/depends/x86_64-apple-darwin/native/bin/clang++ --target=x86_64-apple-darwin -mmacosx-version-min=10.15 -B/tmp/cirrus-ci-build/depends/x86_64-apple-darwin/native/bin -mlinker-version=609 -isysroot/tmp/cirrus-ci-build/depends/SDKs/Xcode-12.2-12B45b-extracted-SDK-with-libcxx-headers -stdlib=libc++ -stdlib++-isystem/tmp/cirrus-ci-build/depends/SDKs/Xcode-12.2-12B45b-extracted-SDK-with-libcxx-headers/usr/include/c++/v1 -Xclang -internal-externc-isystem/tmp/cirrus-ci-build/depends/x86_64-apple-darwin/native/lib/clang/10.0.1/include -Xclang -internal-externc-isystem/tmp/cirrus-ci-build/depends/SDKs/Xcode-12.2-12B45b-extracted-SDK-with-libcxx-headers/usr/include -std=c++17 supports -c -o file.o... (cached) yes
checking if env -u C_INCLUDE_PATH -u CPLUS_INCLUDE_PATH -u OBJC_INCLUDE_PATH -u OBJCPLUS_INCLUDE_PATH -u CPATH -u LIBRARY_PATH /tmp/cirrus-ci-build/depends/x86_64-apple-darwin/native/bin/clang++ --target=x86_64-apple-darwin -mmacosx-version-min=10.15 -B/tmp/cirrus-ci-build/depends/x86_64-apple-darwin/native/bin -mlinker-version=609 -isysroot/tmp/cirrus-ci-build/depends/SDKs/Xcode-12.2-12B45b-extracted-SDK-with-libcxx-headers -stdlib=libc++ -stdlib++-isystem/tmp/cirrus-ci-build/depends/SDKs/Xcode-12.2-12B45b-extracted-SDK-with-libcxx-headers/usr/include/c++/v1 -Xclang -internal-externc-isystem/tmp/cirrus-ci-build/depends/x86_64-apple-darwin/native/lib/clang/10.0.1/include -Xclang -internal-externc-isystem/tmp/cirrus-ci-build/depends/SDKs/Xcode-12.2-12B45b-extracted-SDK-with-libcxx-headers/usr/include -std=c++17 supports -c -o file.o... (cached) yes
checking whether the env -u C_INCLUDE_PATH -u CPLUS_INCLUDE_PATH -u OBJC_INCLUDE_PATH -u OBJCPLUS_INCLUDE_PATH -u CPATH -u LIBRARY_PATH /tmp/cirrus-ci-build/depends/x86_64-apple-darwin/native/bin/clang++ --target=x86_64-apple-darwin -mmacosx-version-min=10.15 -B/tmp/cirrus-ci-build/depends/x86_64-apple-darwin/native/bin -mlinker-version=609 -isysroot/tmp/cirrus-ci-build/depends/SDKs/Xcode-12.2-12B45b-extracted-SDK-with-libcxx-headers -stdlib=libc++ -stdlib++-isystem/tmp/cirrus-ci-build/depends/SDKs/Xcode-12.2-12B45b-extracted-SDK-with-libcxx-headers/usr/include/c++/v1 -Xclang -internal-externc-isystem/tmp/cirrus-ci-build/depends/x86_64-apple-darwin/native/lib/clang/10.0.1/include -Xclang -internal-externc-isystem/tmp/cirrus-ci-build/depends/SDKs/Xcode-12.2-12B45b-extracted-SDK-with-libcxx-headers/usr/include -std=c++17 linker (/tmp/cirrus-ci-build/depends/x86_64-apple-darwin/native/bin/x86_64-apple-darwin-ld) supports shared libraries... yes
checking dynamic linker characteristics... darwin dyld
checking how to hardcode library paths into programs... immediate
checking for x86_64-apple-darwin-ar... (cached) /tmp/cirrus-ci-build/depends/x86_64-apple-darwin/native/bin/x86_64-apple-darwin-ar
checking for x86_64-apple-darwin-gcov... no
checking for gcov... (cached) /usr/bin/gcov
checking for x86_64-apple-darwin-llvm-cov... no
checking for llvm-cov... no
checking for lcov... no
checking for python3.6... (cached) /usr/bin/python3.8
checking for genhtml... no
checking for git... (cached) /usr/bin/git
checking for ccache... (cached) /usr/bin/ccache
checking for xgettext... no
checking for hexdump... (cached) /usr/bin/hexdump
checking for x86_64-apple-darwin-objcopy... no
checking for objcopy... (cached) /usr/bin/objcopy
checking for doxygen... no
checking whether C++ compiler accepts -Werror... (cached) yes
checking whether the linker accepts -Wl,-fatal_warnings... (cached) yes
checking whether C++ compiler accepts -Werror=return-type... (cached) yes
checking whether C++ compiler accepts -fno-extended-identifiers... (cached) no
checking whether C++ compiler accepts -msse4.2... (cached) yes
checking whether C++ compiler accepts -msse4.1... (cached) yes
checking whether C++ compiler accepts -mavx -mavx2... (cached) yes
checking whether C++ compiler accepts -msse4 -msha... (cached) yes
checking whether C++ compiler accepts -mpclmul... (cached) yes
checking for SSE4.2 intrinsics... yes
checking for SSE4.1 intrinsics... yes
checking for AVX2 intrinsics... yes
checking for x86 SHA-NI intrinsics... yes
checking whether C++ compiler accepts -march=armv8-a+crc+crypto... (cached) no
checking whether C++ compiler accepts -march=armv8-a+crc+crypto... (cached) no
checking for ARMv8 CRC32 intrinsics... no
checking for ARMv8 SHA-NI intrinsics... no
checking for x86_64-apple-darwin-dsymutil... (cached) /tmp/cirrus-ci-build/depends/x86_64-apple-darwin/native/bin/x86_64-apple-darwin-dsymutil
checking for x86_64-apple-darwin-install_name_tool... (cached) /tmp/cirrus-ci-build/depends/x86_64-apple-darwin/native/bin/x86_64-apple-darwin-install_name_tool
checking for x86_64-apple-darwin-otool... (cached) /tmp/cirrus-ci-build/depends/x86_64-apple-darwin/native/bin/x86_64-apple-darwin-otool
checking for xorrisofs... (cached) /usr/bin/xorrisofs
checking whether the linker accepts -Wl,-headerpad_max_install_names... (cached) yes
checking whether byte ordering is bigendian... (cached) no
checking whether env -u C_INCLUDE_PATH -u CPLUS_INCLUDE_PATH -u OBJC_INCLUDE_PATH -u OBJCPLUS_INCLUDE_PATH -u CPATH -u LIBRARY_PATH /tmp/cirrus-ci-build/depends/x86_64-apple-darwin/native/bin/clang --target=x86_64-apple-darwin -mmacosx-version-min=10.15 -B/tmp/cirrus-ci-build/depends/x86_64-apple-darwin/native/bin -mlinker-version=609 -isysroot/tmp/cirrus-ci-build/depends/SDKs/Xcode-12.2-12B45b-extracted-SDK-with-libcxx-headers -Xclang -internal-externc-isystem/tmp/cirrus-ci-build/depends/x86_64-apple-darwin/native/lib/clang/10.0.1/include -Xclang -internal-externc-isystem/tmp/cirrus-ci-build/depends/SDKs/Xcode-12.2-12B45b-extracted-SDK-with-libcxx-headers/usr/include is Clang... (cached) yes
checking whether pthreads work with "-pthread" and "-lpthread"... yes
checking whether Clang needs flag to prevent "argument unused" warning when linking with -pthread... (cached) no
checking for joinable pthread attribute... (cached) PTHREAD_CREATE_JOINABLE
checking whether more special flags are required for pthreads... (cached) no
checking for PTHREAD_PRIO_INHERIT... (cached) yes
checking whether std::atomic can be used without link library... yes
checking for special C compiler options needed for large files... (cached) no
checking for _FILE_OFFSET_BITS value needed for large files... (cached) no
checking whether strerror_r is declared... (cached) yes
checking for strerror_r... (cached) yes
checking whether strerror_r returns char *... (cached) no
checking for library containing clock_gettime... (cached) none required
checking whether C++ compiler accepts -fPIC... (cached) yes
checking whether C++ compiler accepts -fstack-reuse=none... (cached) no
checking whether C++ compiler accepts -Wstack-protector... (cached) yes
checking whether C++ compiler accepts -fstack-protector-all... (cached) yes
checking whether C++ compiler accepts -fcf-protection=full... (cached) yes
checking whether C++ compiler accepts -fstack-clash-protection... (cached) no
checking whether C++ preprocessor accepts -D_FORTIFY_SOURCE=2... (cached) yes
checking whether C++ preprocessor accepts -U_FORTIFY_SOURCE... (cached) yes
checking whether the linker accepts -Wl,--enable-reloc-section... (cached) no
checking whether the linker accepts -Wl,--dynamicbase... (cached) no
checking whether the linker accepts -Wl,--nxcompat... (cached) no
checking whether the linker accepts -Wl,--high-entropy-va... (cached) no
checking whether the linker accepts -Wl,-z,relro... (cached) no
checking whether the linker accepts -Wl,-z,now... (cached) no
checking whether the linker accepts -Wl,-z,separate-code... (cached) no
checking whether the linker accepts -fPIE -pie... (cached) no
checking whether the linker accepts -Wl,-dead_strip... (cached) yes
checking whether the linker accepts -Wl,-dead_strip_dylibs... (cached) yes
checking whether the linker accepts -Wl,-bind_at_load... (cached) yes
checking for endian.h... (cached) no
checking for sys/endian.h... (cached) no
checking for byteswap.h... (cached) no
checking for stdio.h... (cached) yes
checking for stdlib.h... (cached) yes
checking for unistd.h... (cached) yes
checking for strings.h... (cached) yes
checking for sys/types.h... (cached) yes
checking for sys/stat.h... (cached) yes
checking for sys/select.h... (cached) yes
checking for sys/prctl.h... (cached) no
checking for sys/sysctl.h... (cached) yes
checking for vm/vm_param.h... (cached) no
checking for sys/vmmeter.h... (cached) yes
checking for sys/resources.h... (cached) no
checking whether getifaddrs is declared... (cached) yes
checking whether ifaddrs funcs can be used without link library... yes
checking whether freeifaddrs is declared... (cached) yes
checking whether ifaddrs funcs can be used without link library... yes
checking whether fork is declared... (cached) yes
checking whether setsid is declared... (cached) yes
checking whether pipe2 is declared... (cached) no
checking for timingsafe_bcmp... (cached) yes
checking whether le16toh is declared... (cached) no
checking whether le32toh is declared... (cached) no
checking whether le64toh is declared... (cached) no
checking whether htole16 is declared... (cached) no
checking whether htole32 is declared... (cached) no
checking whether htole64 is declared... (cached) no
checking whether be16toh is declared... (cached) no
checking whether be32toh is declared... (cached) no
checking whether be64toh is declared... (cached) no
checking whether htobe16 is declared... (cached) no
checking whether htobe32 is declared... (cached) no
checking whether htobe64 is declared... (cached) no
checking whether bswap_16 is declared... (cached) no
checking whether bswap_32 is declared... (cached) no
checking whether bswap_64 is declared... (cached) no
checking for __builtin_clzl... yes
checking for __builtin_clzll... yes
checking for getmemoryinfo... no
checking for mallopt M_ARENA_MAX... no
checking for posix_fallocate... no
checking for default visibility attribute... yes
checking for dllexport attribute... no
checking for thread_local support... yes
checking for gmtime_r... yes
checking for Linux getrandom syscall... no
checking for getentropy via random.h... yes
checking for sysctl... yes
checking for sysctl KERN_ARND... no
checking for if type char equals int8_t... no
checking for fdatasync... no
checking for F_FULLFSYNC... yes
checking for O_CLOEXEC... yes
checking for __builtin_prefetch... yes
checking for _mm_prefetch... yes
checking for strong getauxval support in the system headers... no
checking for std::system... yes
checking for ::_wsystem... no
checking for QT_CORE... yes
checking for QT_GUI... yes
checking for QT_WIDGETS... yes
checking for QT_NETWORK... yes
checking for QT_TEST... yes
checking for QT_DBUS... no
checking for static Qt... (cached) yes
checking for QT_ACCESSIBILITY... yes
checking for QT_DEVICEDISCOVERY... yes
checking for QT_EDID... yes
checking for QT_EVENTDISPATCHER... yes
checking for QT_FB... yes
checking for QT_FONTDATABASE... yes
checking for QT_THEME... yes
checking for QT_CLIPBOARD... yes
checking for QT_GRAPHICS... yes
checking for QT_SERVICE... yes
checking for QMinimalIntegrationPlugin (-lqminimal)... yes
checking whether the linker accepts -framework Carbon... (cached) yes
checking whether the linker accepts -framework IOSurface... (cached) yes
checking whether the linker accepts -framework Metal... (cached) yes
checking whether the linker accepts -framework QuartzCore... (cached) yes
checking for QCocoaIntegrationPlugin (-lqcocoa)... yes
checking for QMacStylePlugin (-lqmacstyle)... yes
checking whether -fPIE can be used with this Qt config... yes
checking for moc-qt5... (cached) /tmp/cirrus-ci-build/depends/x86_64-apple-darwin/native/bin/moc
checking for uic-qt5... (cached) /tmp/cirrus-ci-build/depends/x86_64-apple-darwin/native/bin/uic
checking for rcc-qt5... (cached) /tmp/cirrus-ci-build/depends/x86_64-apple-darwin/native/bin/rcc
checking for lrelease-qt5... (cached) /tmp/cirrus-ci-build/depends/x86_64-apple-darwin/native/bin/lrelease
checking for lupdate-qt5... (cached) /tmp/cirrus-ci-build/depends/x86_64-apple-darwin/native/bin/lupdate
checking for lconvert-qt5... (cached) /tmp/cirrus-ci-build/depends/x86_64-apple-darwin/native/bin/lconvert
checking whether the linker accepts -framework Foundation -framework AppKit... (cached) yes
checking whether to build Bitcoin Core GUI... yes (Qt5)
checking whether main function is needed for fuzz binary... checking whether the linker accepts ... (cached) no
yes
checking for __builtin_mul_overflow... yes
checking for Berkeley DB C++ headers... default
checking for main in -ldb_cxx-4.8... (cached) yes
checking for SQLITE... yes
checking whether to build wallet with support for sqlite... yes
checking whether Userspace, Statically Defined Tracing tracepoints are supported... no
checking for miniupnpc/miniupnpc.h... (cached) yes
checking for upnpDiscover in -lminiupnpc... (cached) yes
checking for miniupnpc/upnpcommands.h... (cached) yes
checking for upnpDiscover in -lminiupnpc... (cached) yes
checking for miniupnpc/upnperrors.h... (cached) yes
checking for upnpDiscover in -lminiupnpc... (cached) yes
checking whether miniUPnPc API version is supported... yes
checking for natpmp.h... (cached) yes
checking for initnatpmp in -lnatpmp... (cached) yes
checking for boostlib >= 1.64.0 (106400) includes in "/tmp/cirrus-ci-build/depends/x86_64-apple-darwin/include"... yes
checking for boostlib >= 1.64.0 (106400) lib path in "/tmp/cirrus-ci-build/depends/x86_64-apple-darwin/lib/x86_64-darwin"... no
checking for boostlib >= 1.64.0 (106400) lib path in "/tmp/cirrus-ci-build/depends/x86_64-apple-darwin/lib64"... no
checking for boostlib >= 1.64.0 (106400) lib path in "/tmp/cirrus-ci-build/depends/x86_64-apple-darwin/libx32"... no
checking for boostlib >= 1.64.0 (106400) lib path in "/tmp/cirrus-ci-build/depends/x86_64-apple-darwin/lib"... yes
checking for boostlib >= 1.64.0 (106400)... yes
checking whether Boost.Process can be used... yes
checking for seccomp-bpf (Linux x86-64)... no
checking whether C++ compiler accepts -fvisibility=hidden... (cached) yes
checking whether the linker accepts -Wl,--exclude-libs,ALL... (cached) no
checking for EVENT... yes
checking for EVENT_PTHREADS... yes
checking if evhttp_connection_get_peer expects const char**... no
checking for QR... yes
checking for ZMQ... yes
checking for LIBMULTIPROCESS... no
checking whether to build bitcoind... yes
checking whether to build bitcoin-cli... yes
checking whether to build bitcoin-tx... yes
checking whether to build bitcoin-wallet... yes
checking whether to build bitcoin-util... yes
checking whether to build experimental bitcoin-chainstate... no
checking whether to build libraries... yes
checking if ccache should be used... yes
checking whether C compiler accepts -fdebug-prefix-map=A=B... (cached) yes
checking whether C preprocessor accepts -fmacro-prefix-map=A=B... (cached) yes
checking if wallet should be enabled... yes
checking whether to build with support for UPnP... yes
checking whether to build with UPnP enabled by default... no
checking whether to build with support for NAT-PMP... yes
checking whether to build with NAT-PMP enabled by default... no
checking whether to build GUI with support for D-Bus... no
checking whether to build GUI with support for QR codes... yes
configure: WARNING: xgettext is required to update qt translations
checking whether to build test_bitcoin-qt... yes
checking whether to build test_bitcoin... yes
checking whether to reduce exports... yes
checking that generated files are newer than configure... done
configure: creating ./config.status
config.status: creating libbitcoinconsensus.pc
config.status: creating Makefile
config.status: creating src/Makefile
config.status: creating doc/man/Makefile
config.status: creating share/setup.nsi
config.status: creating share/qt/Info.plist
config.status: creating test/config.ini
config.status: creating contrib/devtools/split-debug.sh
config.status: creating src/config/bitcoin-config.h
config.status: executing depfiles commands
config.status: executing libtool commands
=== configuring in src/secp256k1 (/tmp/cirrus-ci-build/ci/scratch/build/bitcoin-x86_64-apple-darwin/src/secp256k1)
configure: running /bin/bash ./configure --disable-option-checking '--prefix=/tmp/cirrus-ci-build/depends/x86_64-apple-darwin'  '--enable-suppress-external-warnings' '--disable-dependency-tracking' '--enable-werror' '--enable-external-signer' '--bindir=/tmp/cirrus-ci-build/ci/scratch/out/x86_64-apple-darwin/bin' '--libdir=/tmp/cirrus-ci-build/ci/scratch/out/x86_64-apple-darwin/lib' '--with-gui' '--enable-reduce-exports' '--disable-shared' '--with-pic' '--enable-benchmark=no' '--enable-module-recovery' '--enable-module-schnorrsig' --cache-file=../../../config.cache --srcdir=.
configure: loading site script /tmp/cirrus-ci-build/depends/x86_64-apple-darwin/share/config.site
configure: loading cache ../../../config.cache
checking build system type... (cached) x86_64-pc-linux-gnu
checking host system type... (cached) x86_64-apple-darwin
checking for a BSD-compatible install... (cached) /usr/bin/install -c
checking whether build environment is sane... yes
checking for x86_64-apple-darwin-strip... (cached) /tmp/cirrus-ci-build/depends/x86_64-apple-darwin/native/bin/x86_64-apple-darwin-strip
checking for a thread-safe mkdir -p... (cached) /usr/bin/mkdir -p
checking for gawk... (cached) mawk
checking whether make sets $(MAKE)... (cached) yes
checking whether make supports nested variables... (cached) yes
checking whether make supports nested variables... (cached) yes
checking for x86_64-apple-darwin-gcc... (cached) env -u C_INCLUDE_PATH -u CPLUS_INCLUDE_PATH -u OBJC_INCLUDE_PATH -u OBJCPLUS_INCLUDE_PATH -u CPATH -u LIBRARY_PATH /tmp/cirrus-ci-build/depends/x86_64-apple-darwin/native/bin/clang --target=x86_64-apple-darwin -mmacosx-version-min=10.15 -B/tmp/cirrus-ci-build/depends/x86_64-apple-darwin/native/bin -mlinker-version=609 -isysroot/tmp/cirrus-ci-build/depends/SDKs/Xcode-12.2-12B45b-extracted-SDK-with-libcxx-headers -Xclang -internal-externc-isystem/tmp/cirrus-ci-build/depends/x86_64-apple-darwin/native/lib/clang/10.0.1/include -Xclang -internal-externc-isystem/tmp/cirrus-ci-build/depends/SDKs/Xcode-12.2-12B45b-extracted-SDK-with-libcxx-headers/usr/include
checking whether the C compiler works... yes
checking for C compiler default output file name... a.out
checking for suffix of executables... 
checking whether we are cross compiling... yes
checking for suffix of object files... (cached) o
checking whether we are using the GNU C compiler... (cached) yes
checking whether env -u C_INCLUDE_PATH -u CPLUS_INCLUDE_PATH -u OBJC_INCLUDE_PATH -u OBJCPLUS_INCLUDE_PATH -u CPATH -u LIBRARY_PATH /tmp/cirrus-ci-build/depends/x86_64-apple-darwin/native/bin/clang --target=x86_64-apple-darwin -mmacosx-version-min=10.15 -B/tmp/cirrus-ci-build/depends/x86_64-apple-darwin/native/bin -mlinker-version=609 -isysroot/tmp/cirrus-ci-build/depends/SDKs/Xcode-12.2-12B45b-extracted-SDK-with-libcxx-headers -Xclang -internal-externc-isystem/tmp/cirrus-ci-build/depends/x86_64-apple-darwin/native/lib/clang/10.0.1/include -Xclang -internal-externc-isystem/tmp/cirrus-ci-build/depends/SDKs/Xcode-12.2-12B45b-extracted-SDK-with-libcxx-headers/usr/include accepts -g... (cached) yes
checking for env -u C_INCLUDE_PATH -u CPLUS_INCLUDE_PATH -u OBJC_INCLUDE_PATH -u OBJCPLUS_INCLUDE_PATH -u CPATH -u LIBRARY_PATH /tmp/cirrus-ci-build/depends/x86_64-apple-darwin/native/bin/clang --target=x86_64-apple-darwin -mmacosx-version-min=10.15 -B/tmp/cirrus-ci-build/depends/x86_64-apple-darwin/native/bin -mlinker-version=609 -isysroot/tmp/cirrus-ci-build/depends/SDKs/Xcode-12.2-12B45b-extracted-SDK-with-libcxx-headers -Xclang -internal-externc-isystem/tmp/cirrus-ci-build/depends/x86_64-apple-darwin/native/lib/clang/10.0.1/include -Xclang -internal-externc-isystem/tmp/cirrus-ci-build/depends/SDKs/Xcode-12.2-12B45b-extracted-SDK-with-libcxx-headers/usr/include option to accept ISO C89... (cached) none needed
checking whether env -u C_INCLUDE_PATH -u CPLUS_INCLUDE_PATH -u OBJC_INCLUDE_PATH -u OBJCPLUS_INCLUDE_PATH -u CPATH -u LIBRARY_PATH /tmp/cirrus-ci-build/depends/x86_64-apple-darwin/native/bin/clang --target=x86_64-apple-darwin -mmacosx-version-min=10.15 -B/tmp/cirrus-ci-build/depends/x86_64-apple-darwin/native/bin -mlinker-version=609 -isysroot/tmp/cirrus-ci-build/depends/SDKs/Xcode-12.2-12B45b-extracted-SDK-with-libcxx-headers -Xclang -internal-externc-isystem/tmp/cirrus-ci-build/depends/x86_64-apple-darwin/native/lib/clang/10.0.1/include -Xclang -internal-externc-isystem/tmp/cirrus-ci-build/depends/SDKs/Xcode-12.2-12B45b-extracted-SDK-with-libcxx-headers/usr/include understands -c and -o together... (cached) yes
checking whether make supports the include directive... yes (GNU style)
checking dependency style of env -u C_INCLUDE_PATH -u CPLUS_INCLUDE_PATH -u OBJC_INCLUDE_PATH -u OBJCPLUS_INCLUDE_PATH -u CPATH -u LIBRARY_PATH /tmp/cirrus-ci-build/depends/x86_64-apple-darwin/native/bin/clang --target=x86_64-apple-darwin -mmacosx-version-min=10.15 -B/tmp/cirrus-ci-build/depends/x86_64-apple-darwin/native/bin -mlinker-version=609 -isysroot/tmp/cirrus-ci-build/depends/SDKs/Xcode-12.2-12B45b-extracted-SDK-with-libcxx-headers -Xclang -internal-externc-isystem/tmp/cirrus-ci-build/depends/x86_64-apple-darwin/native/lib/clang/10.0.1/include -Xclang -internal-externc-isystem/tmp/cirrus-ci-build/depends/SDKs/Xcode-12.2-12B45b-extracted-SDK-with-libcxx-headers/usr/include... (cached) none
checking dependency style of env -u C_INCLUDE_PATH -u CPLUS_INCLUDE_PATH -u OBJC_INCLUDE_PATH -u OBJCPLUS_INCLUDE_PATH -u CPATH -u LIBRARY_PATH /tmp/cirrus-ci-build/depends/x86_64-apple-darwin/native/bin/clang --target=x86_64-apple-darwin -mmacosx-version-min=10.15 -B/tmp/cirrus-ci-build/depends/x86_64-apple-darwin/native/bin -mlinker-version=609 -isysroot/tmp/cirrus-ci-build/depends/SDKs/Xcode-12.2-12B45b-extracted-SDK-with-libcxx-headers -Xclang -internal-externc-isystem/tmp/cirrus-ci-build/depends/x86_64-apple-darwin/native/lib/clang/10.0.1/include -Xclang -internal-externc-isystem/tmp/cirrus-ci-build/depends/SDKs/Xcode-12.2-12B45b-extracted-SDK-with-libcxx-headers/usr/include... (cached) none
checking for x86_64-apple-darwin-ar... (cached) /tmp/cirrus-ci-build/depends/x86_64-apple-darwin/native/bin/x86_64-apple-darwin-ar
checking the archiver (/tmp/cirrus-ci-build/depends/x86_64-apple-darwin/native/bin/x86_64-apple-darwin-ar) interface... (cached) ar
checking how to print strings... printf
checking for a sed that does not truncate output... (cached) /usr/bin/sed
checking for grep that handles long lines and -e... (cached) /usr/bin/grep
checking for egrep... (cached) /usr/bin/grep -E
checking for fgrep... (cached) /usr/bin/grep -F
checking for ld used by env -u C_INCLUDE_PATH -u CPLUS_INCLUDE_PATH -u OBJC_INCLUDE_PATH -u OBJCPLUS_INCLUDE_PATH -u CPATH -u LIBRARY_PATH /tmp/cirrus-ci-build/depends/x86_64-apple-darwin/native/bin/clang --target=x86_64-apple-darwin -mmacosx-version-min=10.15 -B/tmp/cirrus-ci-build/depends/x86_64-apple-darwin/native/bin -mlinker-version=609 -isysroot/tmp/cirrus-ci-build/depends/SDKs/Xcode-12.2-12B45b-extracted-SDK-with-libcxx-headers -Xclang -internal-externc-isystem/tmp/cirrus-ci-build/depends/x86_64-apple-darwin/native/lib/clang/10.0.1/include -Xclang -internal-externc-isystem/tmp/cirrus-ci-build/depends/SDKs/Xcode-12.2-12B45b-extracted-SDK-with-libcxx-headers/usr/include... (cached) /tmp/cirrus-ci-build/depends/x86_64-apple-darwin/native/bin/x86_64-apple-darwin-ld
checking if the linker (/tmp/cirrus-ci-build/depends/x86_64-apple-darwin/native/bin/x86_64-apple-darwin-ld) is GNU ld... (cached) no
checking for BSD- or MS-compatible name lister (nm)... (cached) /tmp/cirrus-ci-build/depends/x86_64-apple-darwin/native/bin/x86_64-apple-darwin-nm
checking the name lister (/tmp/cirrus-ci-build/depends/x86_64-apple-darwin/native/bin/x86_64-apple-darwin-nm) interface... (cached) BSD nm
checking whether ln -s works... yes
checking the maximum length of command line arguments... (cached) 1572864
checking how to convert x86_64-pc-linux-gnu file names to x86_64-apple-darwin format... (cached) func_convert_file_noop
checking how to convert x86_64-pc-linux-gnu file names to toolchain format... (cached) func_convert_file_noop
checking for /tmp/cirrus-ci-build/depends/x86_64-apple-darwin/native/bin/x86_64-apple-darwin-ld option to reload object files... (cached) -r
checking for x86_64-apple-darwin-objdump... no
checking for objdump... (cached) objdump
configure: WARNING: using cross tools not prefixed with host triplet
checking how to recognize dependent libraries... (cached) pass_all
checking for x86_64-apple-darwin-dlltool... no
checking for dlltool... no
checking how to associate runtime and link libraries... (cached) printf %s\n
checking for x86_64-apple-darwin-ar... (cached) /tmp/cirrus-ci-build/depends/x86_64-apple-darwin/native/bin/x86_64-apple-darwin-ar
checking for archiver @FILE support... (cached) no
checking for x86_64-apple-darwin-strip... (cached) /tmp/cirrus-ci-build/depends/x86_64-apple-darwin/native/bin/x86_64-apple-darwin-strip
checking for x86_64-apple-darwin-ranlib... (cached) /tmp/cirrus-ci-build/depends/x86_64-apple-darwin/native/bin/x86_64-apple-darwin-ranlib
checking command to parse /tmp/cirrus-ci-build/depends/x86_64-apple-darwin/native/bin/x86_64-apple-darwin-nm output from env -u C_INCLUDE_PATH -u CPLUS_INCLUDE_PATH -u OBJC_INCLUDE_PATH -u OBJCPLUS_INCLUDE_PATH -u CPATH -u LIBRARY_PATH /tmp/cirrus-ci-build/depends/x86_64-apple-darwin/native/bin/clang --target=x86_64-apple-darwin -mmacosx-version-min=10.15 -B/tmp/cirrus-ci-build/depends/x86_64-apple-darwin/native/bin -mlinker-version=609 -isysroot/tmp/cirrus-ci-build/depends/SDKs/Xcode-12.2-12B45b-extracted-SDK-with-libcxx-headers -Xclang -internal-externc-isystem/tmp/cirrus-ci-build/depends/x86_64-apple-darwin/native/lib/clang/10.0.1/include -Xclang -internal-externc-isystem/tmp/cirrus-ci-build/depends/SDKs/Xcode-12.2-12B45b-extracted-SDK-with-libcxx-headers/usr/include object... (cached) ok
checking for sysroot... no
checking for a working dd... (cached) /usr/bin/dd
checking how to truncate binary pipes... (cached) /usr/bin/dd bs=4096 count=1
checking for x86_64-apple-darwin-mt... no
checking for mt... no
checking if : is a manifest tool... (cached) no
checking for x86_64-apple-darwin-dsymutil... (cached) /tmp/cirrus-ci-build/depends/x86_64-apple-darwin/native/bin/x86_64-apple-darwin-dsymutil
checking for x86_64-apple-darwin-nmedit... no
checking for nmedit... no
checking for x86_64-apple-darwin-lipo... no
checking for lipo... no
checking for x86_64-apple-darwin-otool... (cached) /tmp/cirrus-ci-build/depends/x86_64-apple-darwin/native/bin/x86_64-apple-darwin-otool
checking for x86_64-apple-darwin-otool64... no
checking for otool64... no
checking for -single_module linker flag... (cached) yes
checking for -exported_symbols_list linker flag... (cached) yes
checking for -force_load linker flag... (cached) yes
checking how to run the C preprocessor... (cached) env -u C_INCLUDE_PATH -u CPLUS_INCLUDE_PATH -u OBJC_INCLUDE_PATH -u OBJCPLUS_INCLUDE_PATH -u CPATH -u LIBRARY_PATH /tmp/cirrus-ci-build/depends/x86_64-apple-darwin/native/bin/clang --target=x86_64-apple-darwin -mmacosx-version-min=10.15 -B/tmp/cirrus-ci-build/depends/x86_64-apple-darwin/native/bin -mlinker-version=609 -isysroot/tmp/cirrus-ci-build/depends/SDKs/Xcode-12.2-12B45b-extracted-SDK-with-libcxx-headers -Xclang -internal-externc-isystem/tmp/cirrus-ci-build/depends/x86_64-apple-darwin/native/lib/clang/10.0.1/include -Xclang -internal-externc-isystem/tmp/cirrus-ci-build/depends/SDKs/Xcode-12.2-12B45b-extracted-SDK-with-libcxx-headers/usr/include -E
checking for ANSI C header files... (cached) yes
checking for sys/types.h... (cached) yes
checking for sys/stat.h... (cached) yes
checking for stdlib.h... (cached) yes
checking for string.h... (cached) yes
checking for memory.h... (cached) yes
checking for strings.h... (cached) yes
checking for inttypes.h... (cached) yes
checking for stdint.h... (cached) yes
checking for unistd.h... (cached) yes
checking for dlfcn.h... (cached) yes
checking for objdir... (cached) .libs
checking if env -u C_INCLUDE_PATH -u CPLUS_INCLUDE_PATH -u OBJC_INCLUDE_PATH -u OBJCPLUS_INCLUDE_PATH -u CPATH -u LIBRARY_PATH /tmp/cirrus-ci-build/depends/x86_64-apple-darwin/native/bin/clang --target=x86_64-apple-darwin -mmacosx-version-min=10.15 -B/tmp/cirrus-ci-build/depends/x86_64-apple-darwin/native/bin -mlinker-version=609 -isysroot/tmp/cirrus-ci-build/depends/SDKs/Xcode-12.2-12B45b-extracted-SDK-with-libcxx-headers -Xclang -internal-externc-isystem/tmp/cirrus-ci-build/depends/x86_64-apple-darwin/native/lib/clang/10.0.1/include -Xclang -internal-externc-isystem/tmp/cirrus-ci-build/depends/SDKs/Xcode-12.2-12B45b-extracted-SDK-with-libcxx-headers/usr/include supports -fno-rtti -fno-exceptions... (cached) yes
checking for env -u C_INCLUDE_PATH -u CPLUS_INCLUDE_PATH -u OBJC_INCLUDE_PATH -u OBJCPLUS_INCLUDE_PATH -u CPATH -u LIBRARY_PATH /tmp/cirrus-ci-build/depends/x86_64-apple-darwin/native/bin/clang --target=x86_64-apple-darwin -mmacosx-version-min=10.15 -B/tmp/cirrus-ci-build/depends/x86_64-apple-darwin/native/bin -mlinker-version=609 -isysroot/tmp/cirrus-ci-build/depends/SDKs/Xcode-12.2-12B45b-extracted-SDK-with-libcxx-headers -Xclang -internal-externc-isystem/tmp/cirrus-ci-build/depends/x86_64-apple-darwin/native/lib/clang/10.0.1/include -Xclang -internal-externc-isystem/tmp/cirrus-ci-build/depends/SDKs/Xcode-12.2-12B45b-extracted-SDK-with-libcxx-headers/usr/include option to produce PIC... (cached) -fno-common -DPIC
checking if env -u C_INCLUDE_PATH -u CPLUS_INCLUDE_PATH -u OBJC_INCLUDE_PATH -u OBJCPLUS_INCLUDE_PATH -u CPATH -u LIBRARY_PATH /tmp/cirrus-ci-build/depends/x86_64-apple-darwin/native/bin/clang --target=x86_64-apple-darwin -mmacosx-version-min=10.15 -B/tmp/cirrus-ci-build/depends/x86_64-apple-darwin/native/bin -mlinker-version=609 -isysroot/tmp/cirrus-ci-build/depends/SDKs/Xcode-12.2-12B45b-extracted-SDK-with-libcxx-headers -Xclang -internal-externc-isystem/tmp/cirrus-ci-build/depends/x86_64-apple-darwin/native/lib/clang/10.0.1/include -Xclang -internal-externc-isystem/tmp/cirrus-ci-build/depends/SDKs/Xcode-12.2-12B45b-extracted-SDK-with-libcxx-headers/usr/include PIC flag -fno-common -DPIC works... (cached) yes
checking if env -u C_INCLUDE_PATH -u CPLUS_INCLUDE_PATH -u OBJC_INCLUDE_PATH -u OBJCPLUS_INCLUDE_PATH -u CPATH -u LIBRARY_PATH /tmp/cirrus-ci-build/depends/x86_64-apple-darwin/native/bin/clang --target=x86_64-apple-darwin -mmacosx-version-min=10.15 -B/tmp/cirrus-ci-build/depends/x86_64-apple-darwin/native/bin -mlinker-version=609 -isysroot/tmp/cirrus-ci-build/depends/SDKs/Xcode-12.2-12B45b-extracted-SDK-with-libcxx-headers -Xclang -internal-externc-isystem/tmp/cirrus-ci-build/depends/x86_64-apple-darwin/native/lib/clang/10.0.1/include -Xclang -internal-externc-isystem/tmp/cirrus-ci-build/depends/SDKs/Xcode-12.2-12B45b-extracted-SDK-with-libcxx-headers/usr/include static flag -static works... (cached) no
checking if env -u C_INCLUDE_PATH -u CPLUS_INCLUDE_PATH -u OBJC_INCLUDE_PATH -u OBJCPLUS_INCLUDE_PATH -u CPATH -u LIBRARY_PATH /tmp/cirrus-ci-build/depends/x86_64-apple-darwin/native/bin/clang --target=x86_64-apple-darwin -mmacosx-version-min=10.15 -B/tmp/cirrus-ci-build/depends/x86_64-apple-darwin/native/bin -mlinker-version=609 -isysroot/tmp/cirrus-ci-build/depends/SDKs/Xcode-12.2-12B45b-extracted-SDK-with-libcxx-headers -Xclang -internal-externc-isystem/tmp/cirrus-ci-build/depends/x86_64-apple-darwin/native/lib/clang/10.0.1/include -Xclang -internal-externc-isystem/tmp/cirrus-ci-build/depends/SDKs/Xcode-12.2-12B45b-extracted-SDK-with-libcxx-headers/usr/include supports -c -o file.o... (cached) yes
checking if env -u C_INCLUDE_PATH -u CPLUS_INCLUDE_PATH -u OBJC_INCLUDE_PATH -u OBJCPLUS_INCLUDE_PATH -u CPATH -u LIBRARY_PATH /tmp/cirrus-ci-build/depends/x86_64-apple-darwin/native/bin/clang --target=x86_64-apple-darwin -mmacosx-version-min=10.15 -B/tmp/cirrus-ci-build/depends/x86_64-apple-darwin/native/bin -mlinker-version=609 -isysroot/tmp/cirrus-ci-build/depends/SDKs/Xcode-12.2-12B45b-extracted-SDK-with-libcxx-headers -Xclang -internal-externc-isystem/tmp/cirrus-ci-build/depends/x86_64-apple-darwin/native/lib/clang/10.0.1/include -Xclang -internal-externc-isystem/tmp/cirrus-ci-build/depends/SDKs/Xcode-12.2-12B45b-extracted-SDK-with-libcxx-headers/usr/include supports -c -o file.o... (cached) yes
checking whether the env -u C_INCLUDE_PATH -u CPLUS_INCLUDE_PATH -u OBJC_INCLUDE_PATH -u OBJCPLUS_INCLUDE_PATH -u CPATH -u LIBRARY_PATH /tmp/cirrus-ci-build/depends/x86_64-apple-darwin/native/bin/clang --target=x86_64-apple-darwin -mmacosx-version-min=10.15 -B/tmp/cirrus-ci-build/depends/x86_64-apple-darwin/native/bin -mlinker-version=609 -isysroot/tmp/cirrus-ci-build/depends/SDKs/Xcode-12.2-12B45b-extracted-SDK-with-libcxx-headers -Xclang -internal-externc-isystem/tmp/cirrus-ci-build/depends/x86_64-apple-darwin/native/lib/clang/10.0.1/include -Xclang -internal-externc-isystem/tmp/cirrus-ci-build/depends/SDKs/Xcode-12.2-12B45b-extracted-SDK-with-libcxx-headers/usr/include linker (/tmp/cirrus-ci-build/depends/x86_64-apple-darwin/native/bin/x86_64-apple-darwin-ld) supports shared libraries... yes
checking dynamic linker characteristics... darwin dyld
checking how to hardcode library paths into programs... immediate
checking whether stripping libraries is possible... yes
checking if libtool supports shared libraries... yes
checking whether to build shared libraries... no
checking whether to build static libraries... yes
checking if env -u C_INCLUDE_PATH -u CPLUS_INCLUDE_PATH -u OBJC_INCLUDE_PATH -u OBJCPLUS_INCLUDE_PATH -u CPATH -u LIBRARY_PATH /tmp/cirrus-ci-build/depends/x86_64-apple-darwin/native/bin/clang --target=x86_64-apple-darwin -mmacosx-version-min=10.15 -B/tmp/cirrus-ci-build/depends/x86_64-apple-darwin/native/bin -mlinker-version=609 -isysroot/tmp/cirrus-ci-build/depends/SDKs/Xcode-12.2-12B45b-extracted-SDK-with-libcxx-headers -Xclang -internal-externc-isystem/tmp/cirrus-ci-build/depends/x86_64-apple-darwin/native/lib/clang/10.0.1/include -Xclang -internal-externc-isystem/tmp/cirrus-ci-build/depends/SDKs/Xcode-12.2-12B45b-extracted-SDK-with-libcxx-headers/usr/include supports -Werror=unknown-warning-option... yes
checking if env -u C_INCLUDE_PATH -u CPLUS_INCLUDE_PATH -u OBJC_INCLUDE_PATH -u OBJCPLUS_INCLUDE_PATH -u CPATH -u LIBRARY_PATH /tmp/cirrus-ci-build/depends/x86_64-apple-darwin/native/bin/clang --target=x86_64-apple-darwin -mmacosx-version-min=10.15 -B/tmp/cirrus-ci-build/depends/x86_64-apple-darwin/native/bin -mlinker-version=609 -isysroot/tmp/cirrus-ci-build/depends/SDKs/Xcode-12.2-12B45b-extracted-SDK-with-libcxx-headers -Xclang -internal-externc-isystem/tmp/cirrus-ci-build/depends/x86_64-apple-darwin/native/lib/clang/10.0.1/include -Xclang -internal-externc-isystem/tmp/cirrus-ci-build/depends/SDKs/Xcode-12.2-12B45b-extracted-SDK-with-libcxx-headers/usr/include supports -std=c89 -pedantic -Wno-long-long -Wnested-externs -Wshadow -Wstrict-prototypes -Wundef... yes
checking if env -u C_INCLUDE_PATH -u CPLUS_INCLUDE_PATH -u OBJC_INCLUDE_PATH -u OBJCPLUS_INCLUDE_PATH -u CPATH -u LIBRARY_PATH /tmp/cirrus-ci-build/depends/x86_64-apple-darwin/native/bin/clang --target=x86_64-apple-darwin -mmacosx-version-min=10.15 -B/tmp/cirrus-ci-build/depends/x86_64-apple-darwin/native/bin -mlinker-version=609 -isysroot/tmp/cirrus-ci-build/depends/SDKs/Xcode-12.2-12B45b-extracted-SDK-with-libcxx-headers -Xclang -internal-externc-isystem/tmp/cirrus-ci-build/depends/x86_64-apple-darwin/native/lib/clang/10.0.1/include -Xclang -internal-externc-isystem/tmp/cirrus-ci-build/depends/SDKs/Xcode-12.2-12B45b-extracted-SDK-with-libcxx-headers/usr/include supports -Wno-overlength-strings... yes
checking if env -u C_INCLUDE_PATH -u CPLUS_INCLUDE_PATH -u OBJC_INCLUDE_PATH -u OBJCPLUS_INCLUDE_PATH -u CPATH -u LIBRARY_PATH /tmp/cirrus-ci-build/depends/x86_64-apple-darwin/native/bin/clang --target=x86_64-apple-darwin -mmacosx-version-min=10.15 -B/tmp/cirrus-ci-build/depends/x86_64-apple-darwin/native/bin -mlinker-version=609 -isysroot/tmp/cirrus-ci-build/depends/SDKs/Xcode-12.2-12B45b-extracted-SDK-with-libcxx-headers -Xclang -internal-externc-isystem/tmp/cirrus-ci-build/depends/x86_64-apple-darwin/native/lib/clang/10.0.1/include -Xclang -internal-externc-isystem/tmp/cirrus-ci-build/depends/SDKs/Xcode-12.2-12B45b-extracted-SDK-with-libcxx-headers/usr/include supports -Wall... yes
checking if env -u C_INCLUDE_PATH -u CPLUS_INCLUDE_PATH -u OBJC_INCLUDE_PATH -u OBJCPLUS_INCLUDE_PATH -u CPATH -u LIBRARY_PATH /tmp/cirrus-ci-build/depends/x86_64-apple-darwin/native/bin/clang --target=x86_64-apple-darwin -mmacosx-version-min=10.15 -B/tmp/cirrus-ci-build/depends/x86_64-apple-darwin/native/bin -mlinker-version=609 -isysroot/tmp/cirrus-ci-build/depends/SDKs/Xcode-12.2-12B45b-extracted-SDK-with-libcxx-headers -Xclang -internal-externc-isystem/tmp/cirrus-ci-build/depends/x86_64-apple-darwin/native/lib/clang/10.0.1/include -Xclang -internal-externc-isystem/tmp/cirrus-ci-build/depends/SDKs/Xcode-12.2-12B45b-extracted-SDK-with-libcxx-headers/usr/include supports -Wno-unused-function... yes
checking if env -u C_INCLUDE_PATH -u CPLUS_INCLUDE_PATH -u OBJC_INCLUDE_PATH -u OBJCPLUS_INCLUDE_PATH -u CPATH -u LIBRARY_PATH /tmp/cirrus-ci-build/depends/x86_64-apple-darwin/native/bin/clang --target=x86_64-apple-darwin -mmacosx-version-min=10.15 -B/tmp/cirrus-ci-build/depends/x86_64-apple-darwin/native/bin -mlinker-version=609 -isysroot/tmp/cirrus-ci-build/depends/SDKs/Xcode-12.2-12B45b-extracted-SDK-with-libcxx-headers -Xclang -internal-externc-isystem/tmp/cirrus-ci-build/depends/x86_64-apple-darwin/native/lib/clang/10.0.1/include -Xclang -internal-externc-isystem/tmp/cirrus-ci-build/depends/SDKs/Xcode-12.2-12B45b-extracted-SDK-with-libcxx-headers/usr/include supports -Wextra... yes
checking if env -u C_INCLUDE_PATH -u CPLUS_INCLUDE_PATH -u OBJC_INCLUDE_PATH -u OBJCPLUS_INCLUDE_PATH -u CPATH -u LIBRARY_PATH /tmp/cirrus-ci-build/depends/x86_64-apple-darwin/native/bin/clang --target=x86_64-apple-darwin -mmacosx-version-min=10.15 -B/tmp/cirrus-ci-build/depends/x86_64-apple-darwin/native/bin -mlinker-version=609 -isysroot/tmp/cirrus-ci-build/depends/SDKs/Xcode-12.2-12B45b-extracted-SDK-with-libcxx-headers -Xclang -internal-externc-isystem/tmp/cirrus-ci-build/depends/x86_64-apple-darwin/native/lib/clang/10.0.1/include -Xclang -internal-externc-isystem/tmp/cirrus-ci-build/depends/SDKs/Xcode-12.2-12B45b-extracted-SDK-with-libcxx-headers/usr/include supports -Wcast-align... yes
checking if env -u C_INCLUDE_PATH -u CPLUS_INCLUDE_PATH -u OBJC_INCLUDE_PATH -u OBJCPLUS_INCLUDE_PATH -u CPATH -u LIBRARY_PATH /tmp/cirrus-ci-build/depends/x86_64-apple-darwin/native/bin/clang --target=x86_64-apple-darwin -mmacosx-version-min=10.15 -B/tmp/cirrus-ci-build/depends/x86_64-apple-darwin/native/bin -mlinker-version=609 -isysroot/tmp/cirrus-ci-build/depends/SDKs/Xcode-12.2-12B45b-extracted-SDK-with-libcxx-headers -Xclang -internal-externc-isystem/tmp/cirrus-ci-build/depends/x86_64-apple-darwin/native/lib/clang/10.0.1/include -Xclang -internal-externc-isystem/tmp/cirrus-ci-build/depends/SDKs/Xcode-12.2-12B45b-extracted-SDK-with-libcxx-headers/usr/include supports -Wcast-align=strict... no
checking if env -u C_INCLUDE_PATH -u CPLUS_INCLUDE_PATH -u OBJC_INCLUDE_PATH -u OBJCPLUS_INCLUDE_PATH -u CPATH -u LIBRARY_PATH /tmp/cirrus-ci-build/depends/x86_64-apple-darwin/native/bin/clang --target=x86_64-apple-darwin -mmacosx-version-min=10.15 -B/tmp/cirrus-ci-build/depends/x86_64-apple-darwin/native/bin -mlinker-version=609 -isysroot/tmp/cirrus-ci-build/depends/SDKs/Xcode-12.2-12B45b-extracted-SDK-with-libcxx-headers -Xclang -internal-externc-isystem/tmp/cirrus-ci-build/depends/x86_64-apple-darwin/native/lib/clang/10.0.1/include -Xclang -internal-externc-isystem/tmp/cirrus-ci-build/depends/SDKs/Xcode-12.2-12B45b-extracted-SDK-with-libcxx-headers/usr/include supports -Wconditional-uninitialized... yes
checking if env -u C_INCLUDE_PATH -u CPLUS_INCLUDE_PATH -u OBJC_INCLUDE_PATH -u OBJCPLUS_INCLUDE_PATH -u CPATH -u LIBRARY_PATH /tmp/cirrus-ci-build/depends/x86_64-apple-darwin/native/bin/clang --target=x86_64-apple-darwin -mmacosx-version-min=10.15 -B/tmp/cirrus-ci-build/depends/x86_64-apple-darwin/native/bin -mlinker-version=609 -isysroot/tmp/cirrus-ci-build/depends/SDKs/Xcode-12.2-12B45b-extracted-SDK-with-libcxx-headers -Xclang -internal-externc-isystem/tmp/cirrus-ci-build/depends/x86_64-apple-darwin/native/lib/clang/10.0.1/include -Xclang -internal-externc-isystem/tmp/cirrus-ci-build/depends/SDKs/Xcode-12.2-12B45b-extracted-SDK-with-libcxx-headers/usr/include supports -fvisibility=hidden... yes
checking for x86_64 assembly availability... yes
checking that generated files are newer than configure... done
configure: creating ./config.status
config.status: creating Makefile
config.status: creating libsecp256k1.pc
config.status: creating src/libsecp256k1-config.h
config.status: executing depfiles commands
config.status: executing libtool commands

Build Options:
  with external callbacks = no
  with benchmarks         = no
  with tests              = yes
  with coverage           = no
  with examples           = no
  module ecdh             = no
  module recovery         = yes
  module extrakeys        = yes
  module schnorrsig       = yes

  asm                     = x86_64
  ecmult window size      = 15
  ecmult gen prec. bits   = 4

  valgrind                = no
  CC                      = env -u C_INCLUDE_PATH -u CPLUS_INCLUDE_PATH -u OBJC_INCLUDE_PATH -u OBJCPLUS_INCLUDE_PATH -u CPATH -u LIBRARY_PATH /tmp/cirrus-ci-build/depends/x86_64-apple-darwin/native/bin/clang --target=x86_64-apple-darwin -mmacosx-version-min=10.15 -B/tmp/cirrus-ci-build/depends/x86_64-apple-darwin/native/bin -mlinker-version=609 -isysroot/tmp/cirrus-ci-build/depends/SDKs/Xcode-12.2-12B45b-extracted-SDK-with-libcxx-headers -Xclang -internal-externc-isystem/tmp/cirrus-ci-build/depends/x86_64-apple-darwin/native/lib/clang/10.0.1/include -Xclang -internal-externc-isystem/tmp/cirrus-ci-build/depends/SDKs/Xcode-12.2-12B45b-extracted-SDK-with-libcxx-headers/usr/include
  CPPFLAGS                =  -I/tmp/cirrus-ci-build/depends/x86_64-apple-darwin/include/ 
  SECP_CFLAGS             = -O2  -std=c89 -pedantic -Wno-long-long -Wnested-externs -Wshadow -Wstrict-prototypes -Wundef -Wno-overlength-strings -Wall -Wno-unused-function -Wextra -Wcast-align -Wconditional-uninitialized -fvisibility=hidden 
  CFLAGS                  = -pipe -std=c11 -O2 
  LDFLAGS                 = -L/tmp/cirrus-ci-build/depends/x86_64-apple-darwin/lib 

Options used to compile and link:
  external signer = yes
  multiprocess    = no
  with experimental syscall sandbox support = no
  with libs       = yes
  with wallet     = yes
    with sqlite   = yes
    with bdb      = yes
  with gui / qt   = yes
    with qr       = yes
  with zmq        = yes
  with test       = yes
  with fuzz binary = yes
  with bench      = yes
  with upnp       = yes
  with natpmp     = yes
  use asm         = yes
  USDT tracing    = no
  sanitizers      = 
  debug enabled   = no
  gprof enabled   = no
  werror          = yes
  LTO             = no

  target os       = darwin
  build os        = linux-gnu

  CC              = /usr/bin/ccache env -u C_INCLUDE_PATH -u CPLUS_INCLUDE_PATH -u OBJC_INCLUDE_PATH -u OBJCPLUS_INCLUDE_PATH -u CPATH -u LIBRARY_PATH /tmp/cirrus-ci-build/depends/x86_64-apple-darwin/native/bin/clang --target=x86_64-apple-darwin -mmacosx-version-min=10.15 -B/tmp/cirrus-ci-build/depends/x86_64-apple-darwin/native/bin -mlinker-version=609 -isysroot/tmp/cirrus-ci-build/depends/SDKs/Xcode-12.2-12B45b-extracted-SDK-with-libcxx-headers -Xclang -internal-externc-isystem/tmp/cirrus-ci-build/depends/x86_64-apple-darwin/native/lib/clang/10.0.1/include -Xclang -internal-externc-isystem/tmp/cirrus-ci-build/depends/SDKs/Xcode-12.2-12B45b-extracted-SDK-with-libcxx-headers/usr/include
  CFLAGS          = -pthread -pipe -std=c11 -O2 
  CPPFLAGS        =  -fmacro-prefix-map=$(abs_top_srcdir)=.  -U_FORTIFY_SOURCE -D_FORTIFY_SOURCE=2  -DHAVE_BUILD_INFO -DMAC_OSX -DOBJC_OLD_DISPATCH_PROTOTYPES=0 -DPROVIDE_FUZZ_MAIN_FUNCTION -I/tmp/cirrus-ci-build/depends/x86_64-apple-darwin/include/ 
  CXX             = /usr/bin/ccache env -u C_INCLUDE_PATH -u CPLUS_INCLUDE_PATH -u OBJC_INCLUDE_PATH -u OBJCPLUS_INCLUDE_PATH -u CPATH -u LIBRARY_PATH /tmp/cirrus-ci-build/depends/x86_64-apple-darwin/native/bin/clang++ --target=x86_64-apple-darwin -mmacosx-version-min=10.15 -B/tmp/cirrus-ci-build/depends/x86_64-apple-darwin/native/bin -mlinker-version=609 -isysroot/tmp/cirrus-ci-build/depends/SDKs/Xcode-12.2-12B45b-extracted-SDK-with-libcxx-headers -stdlib=libc++ -stdlib++-isystem/tmp/cirrus-ci-build/depends/SDKs/Xcode-12.2-12B45b-extracted-SDK-with-libcxx-headers/usr/include/c++/v1 -Xclang -internal-externc-isystem/tmp/cirrus-ci-build/depends/x86_64-apple-darwin/native/lib/clang/10.0.1/include -Xclang -internal-externc-isystem/tmp/cirrus-ci-build/depends/SDKs/Xcode-12.2-12B45b-extracted-SDK-with-libcxx-headers/usr/include -std=c++17
  CXXFLAGS        =   -fdebug-prefix-map=$(abs_top_srcdir)=.  -Wstack-protector -fstack-protector-all -fcf-protection=full   -Werror   -fvisibility=hidden -pipe -std=c++17 -O2 
  LDFLAGS         =  -lpthread  -Wl,-bind_at_load   -Wl,-headerpad_max_install_names -Wl,-dead_strip -Wl,-dead_strip_dylibs -L/tmp/cirrus-ci-build/depends/x86_64-apple-darwin/lib 
  AR              = /tmp/cirrus-ci-build/depends/x86_64-apple-darwin/native/bin/x86_64-apple-darwin-ar
  ARFLAGS         = cr

/usr/bin/mkdir -p Bitcoin-Qt.app/Contents
/usr/bin/mkdir -p Bitcoin-Qt.app/Contents/Resources
/usr/bin/mkdir -p Bitcoin-Qt.app/Contents/Resources
/usr/bin/mkdir -p Bitcoin-Qt.app/Contents
/usr/bin/mkdir -p Bitcoin-Qt.app/Contents/Resources/Base.lproj
/usr/bin/install -c -m 644 src/qt/res/icons/bitcoin.icns Bitcoin-Qt.app/Contents/Resources/bitcoin.icns
/usr/bin/install -c -m 644 share/qt/Info.plist Bitcoin-Qt.app/Contents/Info.plist
echo '{	CFBundleDisplayName = "Bitcoin Core"; CFBundleName = "Bitcoin Core"; }' > Bitcoin-Qt.app/Contents/Resources/Base.lproj/InfoPlist.strings
Making all in src
make[1]: Entering directory '/tmp/cirrus-ci-build/ci/scratch/build/bitcoin-x86_64-apple-darwin/src'
make[2]: Entering directory '/tmp/cirrus-ci-build/ci/scratch/build/bitcoin-x86_64-apple-darwin/src'
  CXX      bitcoind-bitcoind.o
  CXX      libbitcoin_node_a-addrdb.o
  CXX      libbitcoin_node_a-addrman.o
  CXX      libbitcoin_node_a-banman.o
  CXX      libbitcoin_node_a-blockencodings.o
  CXX      libbitcoin_node_a-blockfilter.o
  CXX      libbitcoin_node_a-chain.o
  CXX      libbitcoin_node_a-dbwrapper.o
  CXX      libbitcoin_node_a-deploymentstatus.o
  CXX      libbitcoin_node_a-flatfile.o
  CXX      libbitcoin_node_a-headerssync.o
  CXX      libbitcoin_node_a-httprpc.o
  CXX      libbitcoin_node_a-httpserver.o
  CXX      libbitcoin_node_a-i2p.o
  CXX      libbitcoin_node_a-init.o
  CXX      libbitcoin_node_a-mapport.o
  CXX      libbitcoin_node_a-net.o
  CXX      libbitcoin_node_a-net_processing.o
  CXX      libbitcoin_node_a-netgroup.o
  CXX      libbitcoin_node_a-noui.o
  CXX      libbitcoin_node_a-pow.o
  CXX      libbitcoin_node_a-rest.o
  CXX      libbitcoin_node_a-shutdown.o
  CXX      libbitcoin_node_a-signet.o
  CXX      libbitcoin_node_a-timedata.o
  CXX      libbitcoin_node_a-torcontrol.o
  CXX      libbitcoin_node_a-txdb.o
  CXX      libbitcoin_node_a-txmempool.o
  CXX      libbitcoin_node_a-txorphanage.o
  CXX      libbitcoin_node_a-txrequest.o
  CXX      libbitcoin_node_a-validation.o
  CXX      libbitcoin_node_a-validationinterface.o
  CXX      libbitcoin_node_a-versionbits.o
  CXX      wallet/libbitcoin_wallet_a-scriptpubkeyman.o
  CXX      wallet/libbitcoin_wallet_a-spend.o
  CXX      wallet/libbitcoin_wallet_a-transaction.o
  CXX      wallet/libbitcoin_wallet_a-wallet.o
  CXX      wallet/libbitcoin_wallet_a-walletdb.o
  CXX      wallet/libbitcoin_wallet_a-walletutil.o
  CXX      wallet/libbitcoin_wallet_a-coinselection.o
  CXX      wallet/libbitcoin_wallet_a-sqlite.o
  CXX      wallet/libbitcoin_wallet_a-bdb.o
  CXX      wallet/libbitcoin_wallet_a-salvage.o
  CXX      libbitcoin_common_a-base58.o
  CXX      libbitcoin_common_a-bech32.o
  CXX      libbitcoin_common_a-chainparams.o
  CXX      libbitcoin_common_a-coins.o
  CXX      libbitcoin_common_a-compressor.o
  CXX      libbitcoin_common_a-core_read.o
  CXX      libbitcoin_common_a-core_write.o
  CXX      libbitcoin_common_a-deploymentinfo.o
  CXX      libbitcoin_common_a-external_signer.o
  CXX      init/libbitcoin_common_a-common.o
  CXX      libbitcoin_common_a-key.o
  CXX      libbitcoin_common_a-key_io.o
  CXX      libbitcoin_common_a-merkleblock.o
  CXX      libbitcoin_common_a-net_types.o
  CXX      libbitcoin_common_a-netaddress.o
  CXX      libbitcoin_common_a-netbase.o
  CXX      libbitcoin_common_a-net_permissions.o
  CXX      libbitcoin_common_a-outputtype.o
  CXX      policy/libbitcoin_common_a-feerate.o
  CXX      policy/libbitcoin_common_a-policy.o
  CXX      libbitcoin_common_a-protocol.o
  CXX      libbitcoin_common_a-psbt.o
  CXX      rpc/libbitcoin_common_a-rawtransaction_util.o
  CXX      rpc/libbitcoin_common_a-external_signer.o
  CXX      rpc/libbitcoin_common_a-util.o
  CXX      libbitcoin_common_a-scheduler.o
  CXX      script/libbitcoin_common_a-descriptor.o
  CXX      script/libbitcoin_common_a-miniscript.o
  CXX      script/libbitcoin_common_a-sign.o
  CXX      script/libbitcoin_common_a-signingprovider.o
  CXX      script/libbitcoin_common_a-standard.o
  CXX      libbitcoin_common_a-warnings.o
  CXX      libbitcoin_util_a-chainparamsbase.o
  CXX      libbitcoin_util_a-fs.o
  CXX      libbitcoin_util_a-logging.o
  CXX      libbitcoin_util_a-random.o
  CXX      libbitcoin_util_a-randomenv.o
  CXX      rpc/libbitcoin_util_a-request.o
  CXX      support/libbitcoin_util_a-cleanse.o
  CXX      libbitcoin_util_a-sync.o
  CXX      libbitcoin_util_a-threadinterrupt.o
  CXX      libbitcoin_consensus_a-arith_uint256.o
  CXX      consensus/libbitcoin_consensus_a-merkle.o
  CXX      consensus/libbitcoin_consensus_a-tx_check.o
  CXX      libbitcoin_consensus_a-hash.o
  CXX      libbitcoin_consensus_a-pubkey.o
  CXX      script/libbitcoin_consensus_a-bitcoinconsensus.o
  CXX      script/libbitcoin_consensus_a-interpreter.o
  CXX      script/libbitcoin_consensus_a-script.o
  CXX      script/libbitcoin_consensus_a-script_error.o
  CXX      libbitcoin_consensus_a-uint256.o
  CXX      util/libbitcoin_consensus_a-strencodings.o
  CXX      bitcoin_cli-bitcoin-cli.o
make[3]: Entering directory '/tmp/cirrus-ci-build/ci/scratch/build/bitcoin-x86_64-apple-darwin/src/secp256k1'
  CC       src/libsecp256k1_la-secp256k1.lo
  CXX      rpc/libbitcoin_cli_a-client.o
  CXX      bitcoin_tx-bitcoin-tx.o
  CXX      bitcoin_wallet-bitcoin-wallet.o
  CXX      init/bitcoin_wallet-bitcoin-wallet.o
  CXX      wallet/libbitcoin_wallet_tool_a-wallettool.o
  CXX      bitcoin_util-bitcoin-util.o
Generated test/data/script_tests.json.h
Generated test/data/bip341_wallet_vectors.json.h
Generated test/data/base58_encode_decode.json.h
Generated test/data/blockfilters.json.h
Generated test/data/key_io_valid.json.h
Generated test/data/key_io_invalid.json.h
Generated test/data/sighash.json.h
Generated test/data/tx_invalid.json.h
Generated test/data/tx_valid.json.h
Generated test/data/asmap.raw.h
  CXX      minisketch/src/fields/libminisketch_clmul_a-clmul_1byte.o
  CXX      minisketch/src/fields/libminisketch_clmul_a-clmul_2bytes.o
  CXX      minisketch/src/fields/libminisketch_clmul_a-clmul_3bytes.o
  CXX      minisketch/src/fields/libminisketch_clmul_a-clmul_4bytes.o
  CXX      minisketch/src/fields/libminisketch_clmul_a-clmul_5bytes.o
  CXX      minisketch/src/fields/libminisketch_clmul_a-clmul_6bytes.o
  CC       src/libsecp256k1_precomputed_la-precomputed_ecmult.lo
  CXX      minisketch/src/fields/libminisketch_clmul_a-clmul_7bytes.o
  CXX      minisketch/src/fields/libminisketch_clmul_a-clmul_8bytes.o
  CXX      bench/bench_bitcoin-descriptors.o
  CXX      bench/bench_bitcoin-duplicate_inputs.o
Generated bench/data/block413567.raw.h
  CXX      bench/bench_bitcoin-examples.o
  CXX      bench/bench_bitcoin-gcs_filter.o
  CXX      bench/bench_bitcoin-hashpadding.o
  CXX      bench/bench_bitcoin-lockedpool.o
  CC       src/libsecp256k1_precomputed_la-precomputed_ecmult_gen.lo
  CCLD     libsecp256k1_precomputed.la
  CXX      bench/bench_bitcoin-logging.o
  CCLD     libsecp256k1.la
  CXX      bench/bench_bitcoin-mempool_eviction.o
  CXX      bench/bench_bitcoin-mempool_stress.o
  CXX      bench/bench_bitcoin-merkle_root.o
make[3]: Leaving directory '/tmp/cirrus-ci-build/ci/scratch/build/bitcoin-x86_64-apple-darwin/src/secp256k1'
  CXX      bench/bench_bitcoin-nanobench.o
  CXX      bench/bench_bitcoin-peer_eviction.o
  CXX      bench/bench_bitcoin-poly1305.o
  CXX      bench/bench_bitcoin-prevector.o
  CXX      bench/bench_bitcoin-rollingbloom.o
  CXX      bench/bench_bitcoin-rpc_blockchain.o
  CXX      bench/bench_bitcoin-rpc_mempool.o
  CXX      bench/bench_bitcoin-strencodings.o
  CXX      bench/bench_bitcoin-util_time.o
  CXX      bench/bench_bitcoin-verify_script.o
  CXX      bench/bench_bitcoin-coin_selection.o
  CXX      bench/bench_bitcoin-wallet_balance.o
  CXX      bench/bench_bitcoin-wallet_loading.o
  GEN      qt/forms/ui_addressbookpage.h
  GEN      qt/forms/ui_askpassphrasedialog.h
  GEN      qt/forms/ui_coincontroldialog.h
  GEN      qt/forms/ui_createwalletdialog.h
  GEN      qt/forms/ui_editaddressdialog.h
  GEN      qt/forms/ui_helpmessagedialog.h
  GEN      qt/forms/ui_intro.h
  GEN      qt/forms/ui_modaloverlay.h
  GEN      qt/forms/ui_openuridialog.h
  GEN      qt/forms/ui_optionsdialog.h
  GEN      qt/forms/ui_overviewpage.h
  GEN      qt/forms/ui_psbtoperationsdialog.h
  GEN      qt/forms/ui_receivecoinsdialog.h
  GEN      qt/forms/ui_receiverequestdialog.h
  GEN      qt/forms/ui_debugwindow.h
  GEN      qt/forms/ui_sendcoinsdialog.h
  GEN      qt/forms/ui_sendcoinsentry.h
  GEN      qt/forms/ui_signverifymessagedialog.h
  GEN      qt/moc_addressbookpage.cpp
  GEN      qt/forms/ui_transactiondescdialog.h
  GEN      qt/moc_addresstablemodel.cpp
  GEN      qt/moc_askpassphrasedialog.cpp
  GEN      qt/moc_createwalletdialog.cpp
  GEN      qt/moc_bantablemodel.cpp
  GEN      qt/moc_bitcoin.cpp
  GEN      qt/moc_bitcoinaddressvalidator.cpp
  GEN      qt/moc_bitcoinamountfield.cpp
  GEN      qt/moc_bitcoingui.cpp
  GEN      qt/moc_bitcoinunits.cpp
  GEN      qt/moc_clientmodel.cpp
  GEN      qt/moc_coincontroldialog.cpp
  GEN      qt/moc_coincontroltreewidget.cpp
  GEN      qt/moc_csvmodelwriter.cpp
  GEN      qt/moc_editaddressdialog.cpp
  GEN      qt/moc_guiutil.cpp
  GEN      qt/moc_initexecutor.cpp
  GEN      qt/moc_intro.cpp
  GEN      qt/moc_macdockiconhandler.cpp
  GEN      qt/moc_macnotificationhandler.cpp
  GEN      qt/moc_modaloverlay.cpp
  GEN      qt/moc_notificator.cpp
  GEN      qt/moc_openuridialog.cpp
  GEN      qt/moc_optionsdialog.cpp
  GEN      qt/moc_optionsmodel.cpp
  GEN      qt/moc_overviewpage.cpp
  GEN      qt/moc_peertablemodel.cpp
  GEN      qt/moc_peertablesortproxy.cpp
  GEN      qt/moc_paymentserver.cpp
  GEN      qt/moc_psbtoperationsdialog.cpp
  GEN      qt/moc_qrimagewidget.cpp
  GEN      qt/moc_qvalidatedlineedit.cpp
  GEN      qt/moc_qvaluecombobox.cpp
  GEN      qt/moc_receivecoinsdialog.cpp
  GEN      qt/moc_receiverequestdialog.cpp
  GEN      qt/moc_recentrequeststablemodel.cpp
  GEN      qt/moc_rpcconsole.cpp
  GEN      qt/moc_sendcoinsdialog.cpp
  GEN      qt/moc_sendcoinsentry.cpp
  GEN      qt/moc_signverifymessagedialog.cpp
  GEN      qt/moc_splashscreen.cpp
  GEN      qt/moc_trafficgraphwidget.cpp
  GEN      qt/moc_transactiondesc.cpp
  GEN      qt/moc_transactiondescdialog.cpp
  GEN      qt/moc_transactionfilterproxy.cpp
  GEN      qt/moc_transactionoverviewwidget.cpp
  GEN      qt/moc_transactiontablemodel.cpp
  GEN      qt/moc_transactionview.cpp
  GEN      qt/moc_utilitydialog.cpp
  GEN      qt/moc_walletcontroller.cpp
  GEN      qt/moc_walletframe.cpp
  GEN      qt/moc_walletmodel.cpp
  GEN      qt/moc_walletview.cpp
  GEN      qt/qrc_bitcoin.cpp
  GEN      qt/locale/bitcoin_am.qm
  GEN      qt/locale/bitcoin_ar.qm
  GEN      qt/locale/bitcoin_az.qm
  GEN      qt/locale/bitcoin_be.qm
  GEN      qt/locale/bitcoin_bg.qm
  GEN      qt/locale/bitcoin_bn.qm
  GEN      qt/locale/bitcoin_bs.qm
  GEN      qt/locale/bitcoin_cs.qm
  GEN      qt/locale/bitcoin_ca.qm
  GEN      qt/locale/bitcoin_cy.qm
  GEN      qt/locale/bitcoin_da.qm
  GEN      qt/locale/bitcoin_de.qm
  GEN      qt/locale/bitcoin_el.qm
  GEN      qt/locale/bitcoin_en.qm
  GEN      qt/locale/bitcoin_eo.qm
  GEN      qt/locale/bitcoin_es_CL.qm
  GEN      qt/locale/bitcoin_es.qm
  GEN      qt/locale/bitcoin_es_CO.qm
  GEN      qt/locale/bitcoin_es_DO.qm
  GEN      qt/locale/bitcoin_es_MX.qm
  GEN      qt/locale/bitcoin_es_VE.qm
  GEN      qt/locale/bitcoin_et.qm
  GEN      qt/locale/bitcoin_eu.qm
  GEN      qt/locale/bitcoin_fa.qm
  GEN      qt/locale/bitcoin_fi.qm
  GEN      qt/locale/bitcoin_fil.qm
  GEN      qt/locale/bitcoin_fr.qm
  GEN      qt/locale/bitcoin_ga.qm
  GEN      qt/locale/bitcoin_gd.qm
  GEN      qt/locale/bitcoin_gl.qm
  GEN      qt/locale/bitcoin_gl_ES.qm
  GEN      qt/locale/bitcoin_gu.qm
  GEN      qt/locale/bitcoin_he.qm
  GEN      qt/locale/bitcoin_hu.qm
  GEN      qt/locale/bitcoin_hr.qm
  GEN      qt/locale/bitcoin_id.qm
  GEN      qt/locale/bitcoin_is.qm
  GEN      qt/locale/bitcoin_it.qm
  GEN      qt/locale/bitcoin_ja.qm
  GEN      qt/locale/bitcoin_ka.qm
  GEN      qt/locale/bitcoin_kk.qm
  GEN      qt/locale/bitcoin_kl.qm
  GEN      qt/locale/bitcoin_km.qm
  GEN      qt/locale/bitcoin_ko.qm
  GEN      qt/locale/bitcoin_ku_IQ.qm
  GEN      qt/locale/bitcoin_ky.qm
  GEN      qt/locale/bitcoin_la.qm
  GEN      qt/locale/bitcoin_lt.qm
  GEN      qt/locale/bitcoin_lv.qm
  GEN      qt/locale/bitcoin_mk.qm
  GEN      qt/locale/bitcoin_ml.qm
  GEN      qt/locale/bitcoin_mn.qm
  GEN      qt/locale/bitcoin_mr_IN.qm
  GEN      qt/locale/bitcoin_ms.qm
  GEN      qt/locale/bitcoin_my.qm
  GEN      qt/locale/bitcoin_nb.qm
  GEN      qt/locale/bitcoin_nl.qm
  GEN      qt/locale/bitcoin_ne.qm
  GEN      qt/locale/bitcoin_no.qm
  GEN      qt/locale/bitcoin_pam.qm
  GEN      qt/locale/bitcoin_pl.qm
  GEN      qt/locale/bitcoin_pt.qm
  GEN      qt/locale/bitcoin_pt_BR.qm
  GEN      qt/locale/bitcoin_ro.qm
  GEN      qt/locale/bitcoin_ru.qm
  GEN      qt/locale/bitcoin_sc.qm
  GEN      qt/locale/bitcoin_si.qm
  GEN      qt/locale/bitcoin_sk.qm
  GEN      qt/locale/bitcoin_sl.qm
  GEN      qt/locale/bitcoin_sn.qm
  GEN      qt/locale/bitcoin_sq.qm
  GEN      qt/locale/bitcoin_sr.qm
  GEN      qt/locale/bitcoin_sr@latin.qm
  GEN      qt/locale/bitcoin_sv.qm
  GEN      qt/locale/bitcoin_sw.qm
  GEN      qt/locale/bitcoin_szl.qm
  GEN      qt/locale/bitcoin_ta.qm
  GEN      qt/locale/bitcoin_te.qm
  GEN      qt/locale/bitcoin_th.qm
  GEN      qt/locale/bitcoin_tr.qm
  GEN      qt/locale/bitcoin_ug.qm
  GEN      qt/locale/bitcoin_uk.qm
  GEN      qt/locale/bitcoin_ur.qm
  GEN      qt/locale/bitcoin_uz@Cyrl.qm
  GEN      qt/locale/bitcoin_uz@Latn.qm
  GEN      qt/locale/bitcoin_vi.qm
  GEN      qt/locale/bitcoin_yo.qm
  GEN      qt/locale/bitcoin_zh-Hans.qm
  GEN      qt/locale/bitcoin_zh.qm
  GEN      qt/locale/bitcoin_zh_HK.qm
  GEN      qt/locale/bitcoin_zh_CN.qm
  GEN      qt/locale/bitcoin_zu.qm
  CXX      init/qt_test_test_bitcoin_qt-bitcoin-qt.o
  GEN      qt/locale/bitcoin_zh_TW.qm
  CXX      wallet/test/qt_test_test_bitcoin_qt-wallet_test_fixture.o
  GEN      qt/test/moc_apptests.cpp
  GEN      qt/test/moc_optiontests.cpp
  GEN      qt/test/moc_rpcnestedtests.cpp
  GEN      qt/test/moc_uritests.cpp
  GEN      qt/test/moc_addressbooktests.cpp
  GEN      qt/test/moc_wallettests.cpp
  CXX      minisketch/src/test-test.o
  CXX      support/libbitcoinconsensus_la-cleanse.lo
  CXX      crypto/libbitcoinconsensus_la-aes.lo
  CXX      crypto/libbitcoinconsensus_la-chacha_poly_aead.lo
  CXX      crypto/libbitcoinconsensus_la-chacha20.lo
  CXX      crypto/libbitcoinconsensus_la-hkdf_sha256_32.lo
  CXX      crypto/libbitcoinconsensus_la-hmac_sha256.lo
  CXX      crypto/libbitcoinconsensus_la-hmac_sha512.lo
  CXX      crypto/libbitcoinconsensus_la-poly1305.lo
  CXX      crypto/libbitcoinconsensus_la-muhash.lo
  CXX      crypto/libbitcoinconsensus_la-ripemd160.lo
  CXX      crypto/libbitcoinconsensus_la-sha1.lo
  CXX      crypto/libbitcoinconsensus_la-sha256.lo
  CXX      crypto/libbitcoinconsensus_la-sha3.lo
  CXX      crypto/libbitcoinconsensus_la-sha512.lo
  CXX      crypto/libbitcoinconsensus_la-siphash.lo
  CXX      crypto/libbitcoinconsensus_la-sha256_sse4.lo
  CXX      libbitcoinconsensus_la-arith_uint256.lo
  CXX      consensus/libbitcoinconsensus_la-merkle.lo
  CXX      consensus/libbitcoinconsensus_la-tx_check.lo
  CXX      libbitcoinconsensus_la-hash.lo
  CXX      primitives/libbitcoinconsensus_la-block.lo
  CXX      primitives/libbitcoinconsensus_la-transaction.lo
  CXX      libbitcoinconsensus_la-pubkey.lo
  CXX      script/libbitcoinconsensus_la-bitcoinconsensus.lo
  CXX      script/libbitcoinconsensus_la-interpreter.lo
  CXX      script/libbitcoinconsensus_la-script.lo
  CXX      script/libbitcoinconsensus_la-script_error.lo
  CXX      libbitcoinconsensus_la-uint256.lo
  CXX      util/libbitcoinconsensus_la-strencodings.lo
  CXX      init/bitcoind-bitcoind.o
  CXX      consensus/libbitcoin_node_a-tx_verify.o
  CXX      index/libbitcoin_node_a-base.o
  CXX      index/libbitcoin_node_a-blockfilterindex.o
  CXX      index/libbitcoin_node_a-coinstatsindex.o
  CXX      index/libbitcoin_node_a-txindex.o
  CXX      kernel/libbitcoin_node_a-chain.o
  CXX      kernel/libbitcoin_node_a-checks.o
  CXX      kernel/libbitcoin_node_a-coinstats.o
  CXX      kernel/libbitcoin_node_a-context.o
  CXX      kernel/libbitcoin_node_a-mempool_persist.o
  CXX      node/libbitcoin_node_a-blockstorage.o
  CXX      node/libbitcoin_node_a-caches.o
  CXX      node/libbitcoin_node_a-chainstate.o
  CXX      node/libbitcoin_node_a-coin.o
  CXX      node/libbitcoin_node_a-connection_types.o
  CXX      node/libbitcoin_node_a-context.o
  CXX      node/libbitcoin_node_a-eviction.o
  CXX      node/libbitcoin_node_a-interface_ui.o
  CXX      node/libbitcoin_node_a-interfaces.o
  CXX      node/libbitcoin_node_a-mempool_args.o
  CXX      node/libbitcoin_node_a-mempool_persist_args.o
  CXX      node/libbitcoin_node_a-miner.o
  CXX      node/libbitcoin_node_a-minisketchwrapper.o
  CXX      node/libbitcoin_node_a-psbt.o
  CXX      node/libbitcoin_node_a-transaction.o
  CXX      node/libbitcoin_node_a-validation_cache_args.o
  CXX      policy/libbitcoin_node_a-fees.o
  CXX      policy/libbitcoin_node_a-fees_args.o
  CXX      policy/libbitcoin_node_a-packages.o
  CXX      policy/libbitcoin_node_a-rbf.o
  CXX      policy/libbitcoin_node_a-settings.o
  CXX      rpc/libbitcoin_node_a-blockchain.o
  CXX      rpc/libbitcoin_node_a-fees.o
  CXX      rpc/libbitcoin_node_a-mempool.o
  CXX      rpc/libbitcoin_node_a-mining.o
  CXX      rpc/libbitcoin_node_a-net.o
  CXX      rpc/libbitcoin_node_a-node.o
  CXX      rpc/libbitcoin_node_a-output_script.o
  CXX      rpc/libbitcoin_node_a-rawtransaction.o
  CXX      rpc/libbitcoin_node_a-server.o
  CXX      rpc/libbitcoin_node_a-server_util.o
  CXX      rpc/libbitcoin_node_a-signmessage.o
  CXX      rpc/libbitcoin_node_a-txoutproof.o
  CXX      script/libbitcoin_node_a-sigcache.o
  CXX      wallet/libbitcoin_node_a-init.o
  CXX      wallet/libbitcoin_wallet_a-coincontrol.o
  CXX      wallet/libbitcoin_wallet_a-context.o
  CXX      wallet/libbitcoin_wallet_a-crypter.o
  CXX      wallet/libbitcoin_wallet_a-db.o
  CXX      wallet/libbitcoin_wallet_a-dump.o
  CXX      wallet/libbitcoin_wallet_a-external_signer_scriptpubkeyman.o
  CXX      wallet/libbitcoin_wallet_a-feebumper.o
  CXX      wallet/libbitcoin_wallet_a-fees.o
  CXX      wallet/libbitcoin_wallet_a-interfaces.o
  CXX      wallet/libbitcoin_wallet_a-load.o
  CXX      wallet/libbitcoin_wallet_a-receive.o
  CXX      wallet/rpc/libbitcoin_wallet_a-addresses.o
wallet/interfaces.cpp:565:20: error: call to implicitly-deleted copy constructor of 'std::__1::unique_ptr<interfaces::Wallet, std::__1::default_delete<interfaces::Wallet> >'
            return wallet;
                   ^~~~~~
/tmp/cirrus-ci-build/depends/SDKs/Xcode-12.2-12B45b-extracted-SDK-with-libcxx-headers/usr/include/c++/v1/memory:2518:3: note: copy constructor is implicitly deleted because 'unique_ptr<interfaces::Wallet, std::__1::default_delete<interfaces::Wallet> >' has a user-declared move constructor
  unique_ptr(unique_ptr&& __u) _NOEXCEPT
  ^
./util/result.h:44:14: note: passing argument to parameter 'obj' here
    Result(T obj) : m_variant{std::in_place_index_t<1>{}, std::move(obj)} {}
             ^
wallet/interfaces.cpp:579:20: error: call to implicitly-deleted copy constructor of 'std::__1::unique_ptr<interfaces::Wallet, std::__1::default_delete<interfaces::Wallet> >'
            return wallet;
                   ^~~~~~
/tmp/cirrus-ci-build/depends/SDKs/Xcode-12.2-12B45b-extracted-SDK-with-libcxx-headers/usr/include/c++/v1/memory:2518:3: note: copy constructor is implicitly deleted because 'unique_ptr<interfaces::Wallet, std::__1::default_delete<interfaces::Wallet> >' has a user-declared move constructor
  unique_ptr(unique_ptr&& __u) _NOEXCEPT
  ^
./util/result.h:44:14: note: passing argument to parameter 'obj' here
    Result(T obj) : m_variant{std::in_place_index_t<1>{}, std::move(obj)} {}
             ^
wallet/interfaces.cpp:590:20: error: call to implicitly-deleted copy constructor of 'std::__1::unique_ptr<interfaces::Wallet, std::__1::default_delete<interfaces::Wallet> >'
            return wallet;
                   ^~~~~~
/tmp/cirrus-ci-build/depends/SDKs/Xcode-12.2-12B45b-extracted-SDK-with-libcxx-headers/usr/include/c++/v1/memory:2518:3: note: copy constructor is implicitly deleted because 'unique_ptr<interfaces::Wallet, std::__1::default_delete<interfaces::Wallet> >' has a user-declared move constructor
  unique_ptr(unique_ptr&& __u) _NOEXCEPT
  ^
./util/result.h:44:14: note: passing argument to parameter 'obj' here
    Result(T obj) : m_variant{std::in_place_index_t<1>{}, std::move(obj)} {}
             ^
  CXX      wallet/rpc/libbitcoin_wallet_a-backup.o
  CXX      wallet/rpc/libbitcoin_wallet_a-coins.o
3 errors generated.
make[2]: *** [Makefile:11121: wallet/libbitcoin_wallet_a-interfaces.o] Error 1
make[2]: *** Waiting for unfinished jobs....
make[2]: Leaving directory '/tmp/cirrus-ci-build/ci/scratch/build/bitcoin-x86_64-apple-darwin/src'
make[1]: *** [Makefile:18946: all-recursive] Error 1
make[1]: Leaving directory '/tmp/cirrus-ci-build/ci/scratch/build/bitcoin-x86_64-apple-darwin/src'
make: *** [Makefile:821: all-recursive] Error 1
Build failure. Verbose build follows.
Making all in src
make[1]: Entering directory '/tmp/cirrus-ci-build/ci/scratch/build/bitcoin-x86_64-apple-darwin/src'
make[2]: Entering directory '/tmp/cirrus-ci-build/ci/scratch/build/bitcoin-x86_64-apple-darwin/src'
rm -f libbitcoin_node.a
/tmp/cirrus-ci-build/depends/x86_64-apple-darwin/native/bin/x86_64-apple-darwin-ar cr libbitcoin_node.a libbitcoin_node_a-addrdb.o libbitcoin_node_a-addrman.o libbitcoin_node_a-banman.o libbitcoin_node_a-blockencodings.o libbitcoin_node_a-blockfilter.o libbitcoin_node_a-chain.o consensus/libbitcoin_node_a-tx_verify.o libbitcoin_node_a-dbwrapper.o libbitcoin_node_a-deploymentstatus.o libbitcoin_node_a-flatfile.o libbitcoin_node_a-headerssync.o libbitcoin_node_a-httprpc.o libbitcoin_node_a-httpserver.o libbitcoin_node_a-i2p.o index/libbitcoin_node_a-base.o index/libbitcoin_node_a-blockfilterindex.o index/libbitcoin_node_a-coinstatsindex.o index/libbitcoin_node_a-txindex.o libbitcoin_node_a-init.o kernel/libbitcoin_node_a-chain.o kernel/libbitcoin_node_a-checks.o kernel/libbitcoin_node_a-coinstats.o kernel/libbitcoin_node_a-context.o kernel/libbitcoin_node_a-mempool_persist.o libbitcoin_node_a-mapport.o libbitcoin_node_a-net.o libbitcoin_node_a-net_processing.o libbitcoin_node_a-netgroup.o node/libbitcoin_node_a-blockstorage.o node/libbitcoin_node_a-caches.o node/libbitcoin_node_a-chainstate.o node/libbitcoin_node_a-coin.o node/libbitcoin_node_a-connection_types.o node/libbitcoin_node_a-context.o node/libbitcoin_node_a-eviction.o node/libbitcoin_node_a-interface_ui.o node/libbitcoin_node_a-interfaces.o node/libbitcoin_node_a-mempool_args.o node/libbitcoin_node_a-mempool_persist_args.o node/libbitcoin_node_a-miner.o node/libbitcoin_node_a-minisketchwrapper.o node/libbitcoin_node_a-psbt.o node/libbitcoin_node_a-transaction.o node/libbitcoin_node_a-validation_cache_args.o libbitcoin_node_a-noui.o policy/libbitcoin_node_a-fees.o policy/libbitcoin_node_a-fees_args.o policy/libbitcoin_node_a-packages.o policy/libbitcoin_node_a-rbf.o policy/libbitcoin_node_a-settings.o libbitcoin_node_a-pow.o libbitcoin_node_a-rest.o rpc/libbitcoin_node_a-blockchain.o rpc/libbitcoin_node_a-fees.o rpc/libbitcoin_node_a-mempool.o rpc/libbitcoin_node_a-mining.o rpc/libbitcoin_node_a-net.o rpc/libbitcoin_node_a-node.o rpc/libbitcoin_node_a-output_script.o rpc/libbitcoin_node_a-rawtransaction.o rpc/libbitcoin_node_a-server.o rpc/libbitcoin_node_a-server_util.o rpc/libbitcoin_node_a-signmessage.o rpc/libbitcoin_node_a-txoutproof.o script/libbitcoin_node_a-sigcache.o libbitcoin_node_a-shutdown.o libbitcoin_node_a-signet.o libbitcoin_node_a-timedata.o libbitcoin_node_a-torcontrol.o libbitcoin_node_a-txdb.o libbitcoin_node_a-txmempool.o libbitcoin_node_a-txorphanage.o libbitcoin_node_a-txrequest.o libbitcoin_node_a-validation.o libbitcoin_node_a-validationinterface.o libbitcoin_node_a-versionbits.o  wallet/libbitcoin_node_a-init.o  
/tmp/cirrus-ci-build/depends/x86_64-apple-darwin/native/bin/x86_64-apple-darwin-ranlib: file: libbitcoin_node.a(libbitcoin_node_a-deploymentstatus.o) has no symbols
/tmp/cirrus-ci-build/depends/x86_64-apple-darwin/native/bin/x86_64-apple-darwin-ranlib libbitcoin_node.a
/tmp/cirrus-ci-build/depends/x86_64-apple-darwin/native/bin/x86_64-apple-darwin-ranlib: file: libbitcoin_node.a(libbitcoin_node_a-deploymentstatus.o) has no symbols
/usr/bin/ccache env -u C_INCLUDE_PATH -u CPLUS_INCLUDE_PATH -u OBJC_INCLUDE_PATH -u OBJCPLUS_INCLUDE_PATH -u CPATH -u LIBRARY_PATH /tmp/cirrus-ci-build/depends/x86_64-apple-darwin/native/bin/clang++ --target=x86_64-apple-darwin -mmacosx-version-min=10.15 -B/tmp/cirrus-ci-build/depends/x86_64-apple-darwin/native/bin -mlinker-version=609 -isysroot/tmp/cirrus-ci-build/depends/SDKs/Xcode-12.2-12B45b-extracted-SDK-with-libcxx-headers -stdlib=libc++ -stdlib++-isystem/tmp/cirrus-ci-build/depends/SDKs/Xcode-12.2-12B45b-extracted-SDK-with-libcxx-headers/usr/include/c++/v1 -Xclang -internal-externc-isystem/tmp/cirrus-ci-build/depends/x86_64-apple-darwin/native/lib/clang/10.0.1/include -Xclang -internal-externc-isystem/tmp/cirrus-ci-build/depends/SDKs/Xcode-12.2-12B45b-extracted-SDK-with-libcxx-headers/usr/include -std=c++17 -DHAVE_CONFIG_H -I. -I../src/config  -fmacro-prefix-map=/tmp/cirrus-ci-build/ci/scratch/build/bitcoin-x86_64-apple-darwin=. -U_FORTIFY_SOURCE -D_FORTIFY_SOURCE=2 -DHAVE_BUILD_INFO -DMAC_OSX -DOBJC_OLD_DISPATCH_PROTOTYPES=0 -DPROVIDE_FUZZ_MAIN_FUNCTION -I. -I./minisketch/include -I./secp256k1/include -I./univalue/include -I./leveldb/include -isystem /tmp/cirrus-ci-build/depends/x86_64-apple-darwin/include -DBOOST_MULTI_INDEX_DISABLE_SERIALIZATION -DBOOST_NO_CXX98_FUNCTION_BASE  -I/tmp/cirrus-ci-build/depends/x86_64-apple-darwin/include -I/tmp/cirrus-ci-build/depends/x86_64-apple-darwin/include/  -fdebug-prefix-map=/tmp/cirrus-ci-build/ci/scratch/build/bitcoin-x86_64-apple-darwin=. -Wstack-protector -fstack-protector-all -fcf-protection=full   -Werror    -fvisibility=hidden  -pipe -std=c++17 -O2  -c -o wallet/libbitcoin_wallet_a-interfaces.o `test -f 'wallet/interfaces.cpp' || echo './'`wallet/interfaces.cpp
wallet/interfaces.cpp:565:20: error: call to implicitly-deleted copy constructor of 'std::__1::unique_ptr<interfaces::Wallet, std::__1::default_delete<interfaces::Wallet> >'
            return wallet;
                   ^~~~~~
/tmp/cirrus-ci-build/depends/SDKs/Xcode-12.2-12B45b-extracted-SDK-with-libcxx-headers/usr/include/c++/v1/memory:2518:3: note: copy constructor is implicitly deleted because 'unique_ptr<interfaces::Wallet, std::__1::default_delete<interfaces::Wallet> >' has a user-declared move constructor
  unique_ptr(unique_ptr&& __u) _NOEXCEPT
  ^
./util/result.h:44:14: note: passing argument to parameter 'obj' here
    Result(T obj) : m_variant{std::in_place_index_t<1>{}, std::move(obj)} {}
             ^
wallet/interfaces.cpp:579:20: error: call to implicitly-deleted copy constructor of 'std::__1::unique_ptr<interfaces::Wallet, std::__1::default_delete<interfaces::Wallet> >'
            return wallet;
                   ^~~~~~
/tmp/cirrus-ci-build/depends/SDKs/Xcode-12.2-12B45b-extracted-SDK-with-libcxx-headers/usr/include/c++/v1/memory:2518:3: note: copy constructor is implicitly deleted because 'unique_ptr<interfaces::Wallet, std::__1::default_delete<interfaces::Wallet> >' has a user-declared move constructor
  unique_ptr(unique_ptr&& __u) _NOEXCEPT
  ^
./util/result.h:44:14: note: passing argument to parameter 'obj' here
    Result(T obj) : m_variant{std::in_place_index_t<1>{}, std::move(obj)} {}
             ^
wallet/interfaces.cpp:590:20: error: call to implicitly-deleted copy constructor of 'std::__1::unique_ptr<interfaces::Wallet, std::__1::default_delete<interfaces::Wallet> >'
            return wallet;
                   ^~~~~~
/tmp/cirrus-ci-build/depends/SDKs/Xcode-12.2-12B45b-extracted-SDK-with-libcxx-headers/usr/include/c++/v1/memory:2518:3: note: copy constructor is implicitly deleted because 'unique_ptr<interfaces::Wallet, std::__1::default_delete<interfaces::Wallet> >' has a user-declared move constructor
  unique_ptr(unique_ptr&& __u) _NOEXCEPT
  ^
./util/result.h:44:14: note: passing argument to parameter 'obj' here
    Result(T obj) : m_variant{std::in_place_index_t<1>{}, std::move(obj)} {}
             ^
3 errors generated.
make[2]: *** [Makefile:11121: wallet/libbitcoin_wallet_a-interfaces.o] Error 1
make[2]: Leaving directory '/tmp/cirrus-ci-build/ci/scratch/build/bitcoin-x86_64-apple-darwin/src'
make[1]: *** [Makefile:18946: all-recursive] Error 1
make[1]: Leaving directory '/tmp/cirrus-ci-build/ci/scratch/build/bitcoin-x86_64-apple-darwin/src'
make: *** [Makefile:821: all-recursive] Error 1
